000 (630106.000.000) 04/24 07:52:02 Job submitted from host: <172.20.3.187:9618?addrs=172.20.3.187-9618&noUDP&sock=2297_2121_3>
...
001 (630106.000.000) 04/24 07:55:12 Job executing on host: <172.20.225.4:9618?addrs=172.20.225.4-9618&noUDP&sock=3366_5fdf_3>
...
006 (630106.000.000) 04/24 07:55:24 Image size of job updated: 118888
	109  -  MemoryUsage of job (MB)
	110936  -  ResidentSetSize of job (KB)
...
006 (630106.000.000) 04/24 08:00:23 Image size of job updated: 687780
	672  -  MemoryUsage of job (MB)
	687216  -  ResidentSetSize of job (KB)
...
006 (630106.000.000) 04/24 08:05:23 Image size of job updated: 955380
	933  -  MemoryUsage of job (MB)
	954780  -  ResidentSetSize of job (KB)
...
006 (630106.000.000) 04/24 08:10:24 Image size of job updated: 1154892
	1127  -  MemoryUsage of job (MB)
	1153576  -  ResidentSetSize of job (KB)
...
006 (630106.000.000) 04/24 08:15:24 Image size of job updated: 1329032
	1298  -  MemoryUsage of job (MB)
	1328256  -  ResidentSetSize of job (KB)
...
006 (630106.000.000) 04/24 08:20:25 Image size of job updated: 1475520
	1441  -  MemoryUsage of job (MB)
	1475232  -  ResidentSetSize of job (KB)
...
006 (630106.000.000) 04/24 08:23:13 Image size of job updated: 1938912
	1441  -  MemoryUsage of job (MB)
	1475232  -  ResidentSetSize of job (KB)
...
005 (630106.000.000) 04/24 08:23:13 Job terminated.
	(1) Normal termination (return value 0)
		Usr 0 00:26:16, Sys 0 00:00:59  -  Run Remote Usage
		Usr 0 00:00:00, Sys 0 00:00:00  -  Run Local Usage
		Usr 0 00:26:16, Sys 0 00:00:59  -  Total Remote Usage
		Usr 0 00:00:00, Sys 0 00:00:00  -  Total Local Usage
	1715231  -  Run Bytes Sent By Job
	8620734  -  Run Bytes Received By Job
	1715231  -  Total Bytes Sent By Job
	8620734  -  Total Bytes Received By Job
	Partitionable Resources :    Usage  Request Allocated 
	   Cpus                 :     1.00        1         1 
	   Disk (KB)            : 10650       10000 479779449 
	   Memory (MB)          :  1441        6144      8033 
...
000 (630165.000.000) 04/24 08:39:27 Job submitted from host: <172.20.3.187:9618?addrs=172.20.3.187-9618&noUDP&sock=2297_2121_3>
...
001 (630165.000.000) 04/24 08:49:33 Job executing on host: <172.20.225.3:9618?addrs=172.20.225.3-9618&noUDP&sock=3391_85bd_3>
...
006 (630165.000.000) 04/24 08:49:42 Image size of job updated: 12332
	13  -  MemoryUsage of job (MB)
	12332  -  ResidentSetSize of job (KB)
...
006 (630165.000.000) 04/24 08:54:42 Image size of job updated: 691552
	672  -  MemoryUsage of job (MB)
	687260  -  ResidentSetSize of job (KB)
...
006 (630165.000.000) 04/24 08:59:43 Image size of job updated: 966796
	944  -  MemoryUsage of job (MB)
	965768  -  ResidentSetSize of job (KB)
...
006 (630165.000.000) 04/24 09:04:44 Image size of job updated: 1154012
	1127  -  MemoryUsage of job (MB)
	1153796  -  ResidentSetSize of job (KB)
...
006 (630165.000.000) 04/24 09:09:46 Image size of job updated: 1323480
	1292  -  MemoryUsage of job (MB)
	1322896  -  ResidentSetSize of job (KB)
...
006 (630165.000.000) 04/24 09:14:45 Image size of job updated: 1460800
	1427  -  MemoryUsage of job (MB)
	1460508  -  ResidentSetSize of job (KB)
...
005 (630165.000.000) 04/24 09:18:51 Job terminated.
	(1) Normal termination (return value 0)
		Usr 0 00:26:49, Sys 0 00:01:04  -  Run Remote Usage
		Usr 0 00:00:00, Sys 0 00:00:00  -  Run Local Usage
		Usr 0 00:26:49, Sys 0 00:01:04  -  Total Remote Usage
		Usr 0 00:00:00, Sys 0 00:00:00  -  Total Local Usage
	1773538  -  Run Bytes Sent By Job
	8620823  -  Run Bytes Received By Job
	1773538  -  Total Bytes Sent By Job
	8620823  -  Total Bytes Received By Job
	Partitionable Resources :    Usage  Request  Allocated 
	   Cpus                 :     0.71        1          1 
	   Disk (KB)            : 10707       10000 2210728621 
	   Memory (MB)          :  1427        6144       8033 
...
