/isilon/condor/hep108.hep.brown.edu/execute/dir_236720
>> Setting macroDir to PWD

Processing compile_step1.C...
>> Running on BRUX, PairVLQ_x53x53_tWtW_narrow_RH_M1200_TuneCP5_13TeV-madgraph-pythia8 stored on BRUX
>> Input file path: /isilon/hadoop/store/group/bruxljm/FWLJMET106XUL_singleLep2017UL_RunIISummer20_X53X53/PairVLQ_x53x53_tWtW_narrow_RH_M1200_TuneCP5_13TeV-madgraph-pythia8/singleLep2017UL/230310_182521/0000
>> Running step1 over list: 16 17 18 19 2 20 21 22 23 24 25 26 27 28 29 3 30 31 32 33 34 35 36 37 38 39 4 40 41 42
>> Adding PairVLQ_x53x53_tWtW_narrow_RH_M1200_TuneCP5_13TeV-madgraph-pythia8_16.root to the list by reading PairVLQ_x53x53_tWtW_narrow_RH_M1200_TuneCP5_13TeV-madgraph-pythia8_16
>> Adding PairVLQ_x53x53_tWtW_narrow_RH_M1200_TuneCP5_13TeV-madgraph-pythia8_17.root to the list by reading PairVLQ_x53x53_tWtW_narrow_RH_M1200_TuneCP5_13TeV-madgraph-pythia8_17
>> Adding PairVLQ_x53x53_tWtW_narrow_RH_M1200_TuneCP5_13TeV-madgraph-pythia8_18.root to the list by reading PairVLQ_x53x53_tWtW_narrow_RH_M1200_TuneCP5_13TeV-madgraph-pythia8_18
>> Adding PairVLQ_x53x53_tWtW_narrow_RH_M1200_TuneCP5_13TeV-madgraph-pythia8_19.root to the list by reading PairVLQ_x53x53_tWtW_narrow_RH_M1200_TuneCP5_13TeV-madgraph-pythia8_19
>> Adding PairVLQ_x53x53_tWtW_narrow_RH_M1200_TuneCP5_13TeV-madgraph-pythia8_2.root to the list by reading PairVLQ_x53x53_tWtW_narrow_RH_M1200_TuneCP5_13TeV-madgraph-pythia8_2
>> Adding PairVLQ_x53x53_tWtW_narrow_RH_M1200_TuneCP5_13TeV-madgraph-pythia8_20.root to the list by reading PairVLQ_x53x53_tWtW_narrow_RH_M1200_TuneCP5_13TeV-madgraph-pythia8_20
>> Adding PairVLQ_x53x53_tWtW_narrow_RH_M1200_TuneCP5_13TeV-madgraph-pythia8_21.root to the list by reading PairVLQ_x53x53_tWtW_narrow_RH_M1200_TuneCP5_13TeV-madgraph-pythia8_21
>> Adding PairVLQ_x53x53_tWtW_narrow_RH_M1200_TuneCP5_13TeV-madgraph-pythia8_22.root to the list by reading PairVLQ_x53x53_tWtW_narrow_RH_M1200_TuneCP5_13TeV-madgraph-pythia8_22
>> Adding PairVLQ_x53x53_tWtW_narrow_RH_M1200_TuneCP5_13TeV-madgraph-pythia8_23.root to the list by reading PairVLQ_x53x53_tWtW_narrow_RH_M1200_TuneCP5_13TeV-madgraph-pythia8_23
>> Adding PairVLQ_x53x53_tWtW_narrow_RH_M1200_TuneCP5_13TeV-madgraph-pythia8_24.root to the list by reading PairVLQ_x53x53_tWtW_narrow_RH_M1200_TuneCP5_13TeV-madgraph-pythia8_24
>> Adding PairVLQ_x53x53_tWtW_narrow_RH_M1200_TuneCP5_13TeV-madgraph-pythia8_25.root to the list by reading PairVLQ_x53x53_tWtW_narrow_RH_M1200_TuneCP5_13TeV-madgraph-pythia8_25
>> Adding PairVLQ_x53x53_tWtW_narrow_RH_M1200_TuneCP5_13TeV-madgraph-pythia8_26.root to the list by reading PairVLQ_x53x53_tWtW_narrow_RH_M1200_TuneCP5_13TeV-madgraph-pythia8_26
>> Adding PairVLQ_x53x53_tWtW_narrow_RH_M1200_TuneCP5_13TeV-madgraph-pythia8_27.root to the list by reading PairVLQ_x53x53_tWtW_narrow_RH_M1200_TuneCP5_13TeV-madgraph-pythia8_27
>> Adding PairVLQ_x53x53_tWtW_narrow_RH_M1200_TuneCP5_13TeV-madgraph-pythia8_28.root to the list by reading PairVLQ_x53x53_tWtW_narrow_RH_M1200_TuneCP5_13TeV-madgraph-pythia8_28
>> Adding PairVLQ_x53x53_tWtW_narrow_RH_M1200_TuneCP5_13TeV-madgraph-pythia8_29.root to the list by reading PairVLQ_x53x53_tWtW_narrow_RH_M1200_TuneCP5_13TeV-madgraph-pythia8_29
>> Adding PairVLQ_x53x53_tWtW_narrow_RH_M1200_TuneCP5_13TeV-madgraph-pythia8_3.root to the list by reading PairVLQ_x53x53_tWtW_narrow_RH_M1200_TuneCP5_13TeV-madgraph-pythia8_3
>> Adding PairVLQ_x53x53_tWtW_narrow_RH_M1200_TuneCP5_13TeV-madgraph-pythia8_30.root to the list by reading PairVLQ_x53x53_tWtW_narrow_RH_M1200_TuneCP5_13TeV-madgraph-pythia8_30
>> Adding PairVLQ_x53x53_tWtW_narrow_RH_M1200_TuneCP5_13TeV-madgraph-pythia8_31.root to the list by reading PairVLQ_x53x53_tWtW_narrow_RH_M1200_TuneCP5_13TeV-madgraph-pythia8_31
>> Adding PairVLQ_x53x53_tWtW_narrow_RH_M1200_TuneCP5_13TeV-madgraph-pythia8_32.root to the list by reading PairVLQ_x53x53_tWtW_narrow_RH_M1200_TuneCP5_13TeV-madgraph-pythia8_32
>> Adding PairVLQ_x53x53_tWtW_narrow_RH_M1200_TuneCP5_13TeV-madgraph-pythia8_33.root to the list by reading PairVLQ_x53x53_tWtW_narrow_RH_M1200_TuneCP5_13TeV-madgraph-pythia8_33
>> Adding PairVLQ_x53x53_tWtW_narrow_RH_M1200_TuneCP5_13TeV-madgraph-pythia8_34.root to the list by reading PairVLQ_x53x53_tWtW_narrow_RH_M1200_TuneCP5_13TeV-madgraph-pythia8_34
>> Adding PairVLQ_x53x53_tWtW_narrow_RH_M1200_TuneCP5_13TeV-madgraph-pythia8_35.root to the list by reading PairVLQ_x53x53_tWtW_narrow_RH_M1200_TuneCP5_13TeV-madgraph-pythia8_35
>> Adding PairVLQ_x53x53_tWtW_narrow_RH_M1200_TuneCP5_13TeV-madgraph-pythia8_36.root to the list by reading PairVLQ_x53x53_tWtW_narrow_RH_M1200_TuneCP5_13TeV-madgraph-pythia8_36
>> Adding PairVLQ_x53x53_tWtW_narrow_RH_M1200_TuneCP5_13TeV-madgraph-pythia8_37.root to the list by reading PairVLQ_x53x53_tWtW_narrow_RH_M1200_TuneCP5_13TeV-madgraph-pythia8_37
>> Adding PairVLQ_x53x53_tWtW_narrow_RH_M1200_TuneCP5_13TeV-madgraph-pythia8_38.root to the list by reading PairVLQ_x53x53_tWtW_narrow_RH_M1200_TuneCP5_13TeV-madgraph-pythia8_38
>> Adding PairVLQ_x53x53_tWtW_narrow_RH_M1200_TuneCP5_13TeV-madgraph-pythia8_39.root to the list by reading PairVLQ_x53x53_tWtW_narrow_RH_M1200_TuneCP5_13TeV-madgraph-pythia8_39
>> Adding PairVLQ_x53x53_tWtW_narrow_RH_M1200_TuneCP5_13TeV-madgraph-pythia8_4.root to the list by reading PairVLQ_x53x53_tWtW_narrow_RH_M1200_TuneCP5_13TeV-madgraph-pythia8_4
>> Adding PairVLQ_x53x53_tWtW_narrow_RH_M1200_TuneCP5_13TeV-madgraph-pythia8_40.root to the list by reading PairVLQ_x53x53_tWtW_narrow_RH_M1200_TuneCP5_13TeV-madgraph-pythia8_40
>> Adding PairVLQ_x53x53_tWtW_narrow_RH_M1200_TuneCP5_13TeV-madgraph-pythia8_41.root to the list by reading PairVLQ_x53x53_tWtW_narrow_RH_M1200_TuneCP5_13TeV-madgraph-pythia8_41
>> Adding PairVLQ_x53x53_tWtW_narrow_RH_M1200_TuneCP5_13TeV-madgraph-pythia8_42.root to the list by reading PairVLQ_x53x53_tWtW_narrow_RH_M1200_TuneCP5_13TeV-madgraph-pythia8_42
[OPT] Using deepCSV reshaping file: reshaping_deepCSV_106XUL17_v4.csv
[OPT] Using deepJet reshaping file: reshaping_deepJet_106XUL17_v4.csv

>> Running /isilon/hadoop/store/group/bruxljm/FWLJMET106XUL_singleLep2017UL_RunIISummer20_X53X53/PairVLQ_x53x53_tWtW_narrow_RH_M1200_TuneCP5_13TeV-madgraph-pythia8/singleLep2017UL/230310_182521/0000/PairVLQ_x53x53_tWtW_narrow_RH_M1200_TuneCP5_13TeV-madgraph-pythia8_16.root for shift: nominal
[step1.h] Opening file: /isilon/hadoop/store/group/bruxljm/FWLJMET106XUL_singleLep2017UL_RunIISummer20_X53X53/PairVLQ_x53x53_tWtW_narrow_RH_M1200_TuneCP5_13TeV-madgraph-pythia8/singleLep2017UL/230310_182521/0000/PairVLQ_x53x53_tWtW_narrow_RH_M1200_TuneCP5_13TeV-madgraph-pythia8_16.root
[step1.h] Finished initializing
RUN CONFIG: YEAR = 2017
Era = 
isMC = 1, isSig = 1, SigMass = 5
isHad =0, isSE =0, isSM =0
isTTTT = 0, isXX = 1, isTpTp = 0, isBpBp = 0
For W's: isTT = 0, isSTt = 0, isSTtW = 0
For jets & PDF: isTOP = 0, isMadgraphBkg = 1
For HOTTagger Efficiencies: isTTV = 0, isTTHbb = 0, isTTHnonbb = 0, isTTTX = 0
isTTVV = 0, isST = 0, isTTToSemiLeptonHT500Njet9 = 0
Pileup sample key: PairVLQ_x53x53_tWtW_narrow_RH_M1200_TuneCP5_13TeV-madgraph-pythia8
b-tagging working points: 0.304(DeepJet)0.4506(DeepCSV)
isTTincMtt0to700: 0
isTTincMtt0to1000: 0
isTTincMtt700to1000: 0
isTTincMtt1000toInf: 0
isTTSemilepIncHT0Njet0: 0
isTTSemilepIncHT500Njet9: 0
outTTLF: 0
outTTCC: 0
outTTBB: 0
outTT1B: 0
outTT2B: 0
>> Completed 0 out of 1100 events
[INFO] Defaulting to central deepJet weight for: nominal
>> Completed 1000 out of 1100 events
Nelectrons      = 517 / 1100
Npassed_ElEta   = 517 / 1100
Nmuons          = 583 / 1100
NrelIsoFail     = 0 / 1100
Npassed_MuEta   = 583 / 1100
Npassed_nAK8Jets= 1100 / 1100
Npassed_Trigger = 1063 / 1100
Npassed_MET     = 958 / 1100
Npassed_lepPt   = 993 / 1100
Npassed_HT      = 1098 / 1100
npass_Njets     = 1097 / 1100
Npassed_ALL     = 861 / 1100

>> Running /isilon/hadoop/store/group/bruxljm/FWLJMET106XUL_singleLep2017UL_RunIISummer20_X53X53/PairVLQ_x53x53_tWtW_narrow_RH_M1200_TuneCP5_13TeV-madgraph-pythia8/singleLep2017UL/230310_182521/0000/PairVLQ_x53x53_tWtW_narrow_RH_M1200_TuneCP5_13TeV-madgraph-pythia8_17.root for shift: nominal
[step1.h] Opening file: /isilon/hadoop/store/group/bruxljm/FWLJMET106XUL_singleLep2017UL_RunIISummer20_X53X53/PairVLQ_x53x53_tWtW_narrow_RH_M1200_TuneCP5_13TeV-madgraph-pythia8/singleLep2017UL/230310_182521/0000/PairVLQ_x53x53_tWtW_narrow_RH_M1200_TuneCP5_13TeV-madgraph-pythia8_17.root
[step1.h] Finished initializing
RUN CONFIG: YEAR = 2017
Era = 
isMC = 1, isSig = 1, SigMass = 5
isHad =0, isSE =0, isSM =0
isTTTT = 0, isXX = 1, isTpTp = 0, isBpBp = 0
For W's: isTT = 0, isSTt = 0, isSTtW = 0
For jets & PDF: isTOP = 0, isMadgraphBkg = 1
For HOTTagger Efficiencies: isTTV = 0, isTTHbb = 0, isTTHnonbb = 0, isTTTX = 0
isTTVV = 0, isST = 0, isTTToSemiLeptonHT500Njet9 = 0
Pileup sample key: PairVLQ_x53x53_tWtW_narrow_RH_M1200_TuneCP5_13TeV-madgraph-pythia8
b-tagging working points: 0.304(DeepJet)0.4506(DeepCSV)
isTTincMtt0to700: 0
isTTincMtt0to1000: 0
isTTincMtt700to1000: 0
isTTincMtt1000toInf: 0
isTTSemilepIncHT0Njet0: 0
isTTSemilepIncHT500Njet9: 0
outTTLF: 0
outTTCC: 0
outTTBB: 0
outTT1B: 0
outTT2B: 0
>> Completed 0 out of 1023 events
[INFO] Defaulting to central deepJet weight for: nominal
>> Completed 1000 out of 1023 events
Nelectrons      = 477 / 1023
Npassed_ElEta   = 477 / 1023
Nmuons          = 546 / 1023
NrelIsoFail     = 0 / 1023
Npassed_MuEta   = 546 / 1023
Npassed_nAK8Jets= 1023 / 1023
Npassed_Trigger = 981 / 1023
Npassed_MET     = 892 / 1023
Npassed_lepPt   = 933 / 1023
Npassed_HT      = 1022 / 1023
npass_Njets     = 1020 / 1023
Npassed_ALL     = 802 / 1023

>> Running /isilon/hadoop/store/group/bruxljm/FWLJMET106XUL_singleLep2017UL_RunIISummer20_X53X53/PairVLQ_x53x53_tWtW_narrow_RH_M1200_TuneCP5_13TeV-madgraph-pythia8/singleLep2017UL/230310_182521/0000/PairVLQ_x53x53_tWtW_narrow_RH_M1200_TuneCP5_13TeV-madgraph-pythia8_18.root for shift: nominal
[step1.h] Opening file: /isilon/hadoop/store/group/bruxljm/FWLJMET106XUL_singleLep2017UL_RunIISummer20_X53X53/PairVLQ_x53x53_tWtW_narrow_RH_M1200_TuneCP5_13TeV-madgraph-pythia8/singleLep2017UL/230310_182521/0000/PairVLQ_x53x53_tWtW_narrow_RH_M1200_TuneCP5_13TeV-madgraph-pythia8_18.root
[step1.h] Finished initializing
RUN CONFIG: YEAR = 2017
Era = 
isMC = 1, isSig = 1, SigMass = 5
isHad =0, isSE =0, isSM =0
isTTTT = 0, isXX = 1, isTpTp = 0, isBpBp = 0
For W's: isTT = 0, isSTt = 0, isSTtW = 0
For jets & PDF: isTOP = 0, isMadgraphBkg = 1
For HOTTagger Efficiencies: isTTV = 0, isTTHbb = 0, isTTHnonbb = 0, isTTTX = 0
isTTVV = 0, isST = 0, isTTToSemiLeptonHT500Njet9 = 0
Pileup sample key: PairVLQ_x53x53_tWtW_narrow_RH_M1200_TuneCP5_13TeV-madgraph-pythia8
b-tagging working points: 0.304(DeepJet)0.4506(DeepCSV)
isTTincMtt0to700: 0
isTTincMtt0to1000: 0
isTTincMtt700to1000: 0
isTTincMtt1000toInf: 0
isTTSemilepIncHT0Njet0: 0
isTTSemilepIncHT500Njet9: 0
outTTLF: 0
outTTCC: 0
outTTBB: 0
outTT1B: 0
outTT2B: 0
>> Completed 0 out of 525 events
[INFO] Defaulting to central deepJet weight for: nominal
Nelectrons      = 233 / 525
Npassed_ElEta   = 233 / 525
Nmuons          = 292 / 525
NrelIsoFail     = 0 / 525
Npassed_MuEta   = 292 / 525
Npassed_nAK8Jets= 525 / 525
Npassed_Trigger = 509 / 525
Npassed_MET     = 449 / 525
Npassed_lepPt   = 491 / 525
Npassed_HT      = 525 / 525
npass_Njets     = 524 / 525
Npassed_ALL     = 418 / 525

>> Running /isilon/hadoop/store/group/bruxljm/FWLJMET106XUL_singleLep2017UL_RunIISummer20_X53X53/PairVLQ_x53x53_tWtW_narrow_RH_M1200_TuneCP5_13TeV-madgraph-pythia8/singleLep2017UL/230310_182521/0000/PairVLQ_x53x53_tWtW_narrow_RH_M1200_TuneCP5_13TeV-madgraph-pythia8_19.root for shift: nominal
[step1.h] Opening file: /isilon/hadoop/store/group/bruxljm/FWLJMET106XUL_singleLep2017UL_RunIISummer20_X53X53/PairVLQ_x53x53_tWtW_narrow_RH_M1200_TuneCP5_13TeV-madgraph-pythia8/singleLep2017UL/230310_182521/0000/PairVLQ_x53x53_tWtW_narrow_RH_M1200_TuneCP5_13TeV-madgraph-pythia8_19.root
[step1.h] Finished initializing
RUN CONFIG: YEAR = 2017
Era = 
isMC = 1, isSig = 1, SigMass = 5
isHad =0, isSE =0, isSM =0
isTTTT = 0, isXX = 1, isTpTp = 0, isBpBp = 0
For W's: isTT = 0, isSTt = 0, isSTtW = 0
For jets & PDF: isTOP = 0, isMadgraphBkg = 1
For HOTTagger Efficiencies: isTTV = 0, isTTHbb = 0, isTTHnonbb = 0, isTTTX = 0
isTTVV = 0, isST = 0, isTTToSemiLeptonHT500Njet9 = 0
Pileup sample key: PairVLQ_x53x53_tWtW_narrow_RH_M1200_TuneCP5_13TeV-madgraph-pythia8
b-tagging working points: 0.304(DeepJet)0.4506(DeepCSV)
isTTincMtt0to700: 0
isTTincMtt0to1000: 0
isTTincMtt700to1000: 0
isTTincMtt1000toInf: 0
isTTSemilepIncHT0Njet0: 0
isTTSemilepIncHT500Njet9: 0
outTTLF: 0
outTTCC: 0
outTTBB: 0
outTT1B: 0
outTT2B: 0
>> Completed 0 out of 1094 events
[INFO] Defaulting to central deepJet weight for: nominal
>> Completed 1000 out of 1094 events
Nelectrons      = 474 / 1094
Npassed_ElEta   = 474 / 1094
Nmuons          = 620 / 1094
NrelIsoFail     = 0 / 1094
Npassed_MuEta   = 620 / 1094
Npassed_nAK8Jets= 1094 / 1094
Npassed_Trigger = 1047 / 1094
Npassed_MET     = 960 / 1094
Npassed_lepPt   = 986 / 1094
Npassed_HT      = 1091 / 1094
npass_Njets     = 1089 / 1094
Npassed_ALL     = 857 / 1094

>> Running /isilon/hadoop/store/group/bruxljm/FWLJMET106XUL_singleLep2017UL_RunIISummer20_X53X53/PairVLQ_x53x53_tWtW_narrow_RH_M1200_TuneCP5_13TeV-madgraph-pythia8/singleLep2017UL/230310_182521/0000/PairVLQ_x53x53_tWtW_narrow_RH_M1200_TuneCP5_13TeV-madgraph-pythia8_2.root for shift: nominal
[step1.h] Opening file: /isilon/hadoop/store/group/bruxljm/FWLJMET106XUL_singleLep2017UL_RunIISummer20_X53X53/PairVLQ_x53x53_tWtW_narrow_RH_M1200_TuneCP5_13TeV-madgraph-pythia8/singleLep2017UL/230310_182521/0000/PairVLQ_x53x53_tWtW_narrow_RH_M1200_TuneCP5_13TeV-madgraph-pythia8_2.root
[step1.h] Finished initializing
RUN CONFIG: YEAR = 2017
Era = 
isMC = 1, isSig = 1, SigMass = 5
isHad =0, isSE =0, isSM =0
isTTTT = 0, isXX = 1, isTpTp = 0, isBpBp = 0
For W's: isTT = 0, isSTt = 0, isSTtW = 0
For jets & PDF: isTOP = 0, isMadgraphBkg = 1
For HOTTagger Efficiencies: isTTV = 0, isTTHbb = 0, isTTHnonbb = 0, isTTTX = 0
isTTVV = 0, isST = 0, isTTToSemiLeptonHT500Njet9 = 0
Pileup sample key: PairVLQ_x53x53_tWtW_narrow_RH_M1200_TuneCP5_13TeV-madgraph-pythia8
b-tagging working points: 0.304(DeepJet)0.4506(DeepCSV)
isTTincMtt0to700: 0
isTTincMtt0to1000: 0
isTTincMtt700to1000: 0
isTTincMtt1000toInf: 0
isTTSemilepIncHT0Njet0: 0
isTTSemilepIncHT500Njet9: 0
outTTLF: 0
outTTCC: 0
outTTBB: 0
outTT1B: 0
outTT2B: 0
>> Completed 0 out of 1030 events
[INFO] Defaulting to central deepJet weight for: nominal
>> Completed 1000 out of 1030 events
Nelectrons      = 478 / 1030
Npassed_ElEta   = 478 / 1030
Nmuons          = 552 / 1030
NrelIsoFail     = 0 / 1030
Npassed_MuEta   = 552 / 1030
Npassed_nAK8Jets= 1030 / 1030
Npassed_Trigger = 992 / 1030
Npassed_MET     = 914 / 1030
Npassed_lepPt   = 941 / 1030
Npassed_HT      = 1029 / 1030
npass_Njets     = 1025 / 1030
Npassed_ALL     = 832 / 1030

>> Running /isilon/hadoop/store/group/bruxljm/FWLJMET106XUL_singleLep2017UL_RunIISummer20_X53X53/PairVLQ_x53x53_tWtW_narrow_RH_M1200_TuneCP5_13TeV-madgraph-pythia8/singleLep2017UL/230310_182521/0000/PairVLQ_x53x53_tWtW_narrow_RH_M1200_TuneCP5_13TeV-madgraph-pythia8_20.root for shift: nominal
[step1.h] Opening file: /isilon/hadoop/store/group/bruxljm/FWLJMET106XUL_singleLep2017UL_RunIISummer20_X53X53/PairVLQ_x53x53_tWtW_narrow_RH_M1200_TuneCP5_13TeV-madgraph-pythia8/singleLep2017UL/230310_182521/0000/PairVLQ_x53x53_tWtW_narrow_RH_M1200_TuneCP5_13TeV-madgraph-pythia8_20.root
[step1.h] Finished initializing
RUN CONFIG: YEAR = 2017
Era = 
isMC = 1, isSig = 1, SigMass = 5
isHad =0, isSE =0, isSM =0
isTTTT = 0, isXX = 1, isTpTp = 0, isBpBp = 0
For W's: isTT = 0, isSTt = 0, isSTtW = 0
For jets & PDF: isTOP = 0, isMadgraphBkg = 1
For HOTTagger Efficiencies: isTTV = 0, isTTHbb = 0, isTTHnonbb = 0, isTTTX = 0
isTTVV = 0, isST = 0, isTTToSemiLeptonHT500Njet9 = 0
Pileup sample key: PairVLQ_x53x53_tWtW_narrow_RH_M1200_TuneCP5_13TeV-madgraph-pythia8
b-tagging working points: 0.304(DeepJet)0.4506(DeepCSV)
isTTincMtt0to700: 0
isTTincMtt0to1000: 0
isTTincMtt700to1000: 0
isTTincMtt1000toInf: 0
isTTSemilepIncHT0Njet0: 0
isTTSemilepIncHT500Njet9: 0
outTTLF: 0
outTTCC: 0
outTTBB: 0
outTT1B: 0
outTT2B: 0
>> Completed 0 out of 1059 events
[INFO] Defaulting to central deepJet weight for: nominal
>> Completed 1000 out of 1059 events
Nelectrons      = 497 / 1059
Npassed_ElEta   = 497 / 1059
Nmuons          = 562 / 1059
NrelIsoFail     = 0 / 1059
Npassed_MuEta   = 562 / 1059
Npassed_nAK8Jets= 1059 / 1059
Npassed_Trigger = 1021 / 1059
Npassed_MET     = 928 / 1059
Npassed_lepPt   = 953 / 1059
Npassed_HT      = 1058 / 1059
npass_Njets     = 1057 / 1059
Npassed_ALL     = 833 / 1059

>> Running /isilon/hadoop/store/group/bruxljm/FWLJMET106XUL_singleLep2017UL_RunIISummer20_X53X53/PairVLQ_x53x53_tWtW_narrow_RH_M1200_TuneCP5_13TeV-madgraph-pythia8/singleLep2017UL/230310_182521/0000/PairVLQ_x53x53_tWtW_narrow_RH_M1200_TuneCP5_13TeV-madgraph-pythia8_21.root for shift: nominal
[step1.h] Opening file: /isilon/hadoop/store/group/bruxljm/FWLJMET106XUL_singleLep2017UL_RunIISummer20_X53X53/PairVLQ_x53x53_tWtW_narrow_RH_M1200_TuneCP5_13TeV-madgraph-pythia8/singleLep2017UL/230310_182521/0000/PairVLQ_x53x53_tWtW_narrow_RH_M1200_TuneCP5_13TeV-madgraph-pythia8_21.root
[step1.h] Finished initializing
RUN CONFIG: YEAR = 2017
Era = 
isMC = 1, isSig = 1, SigMass = 5
isHad =0, isSE =0, isSM =0
isTTTT = 0, isXX = 1, isTpTp = 0, isBpBp = 0
For W's: isTT = 0, isSTt = 0, isSTtW = 0
For jets & PDF: isTOP = 0, isMadgraphBkg = 1
For HOTTagger Efficiencies: isTTV = 0, isTTHbb = 0, isTTHnonbb = 0, isTTTX = 0
isTTVV = 0, isST = 0, isTTToSemiLeptonHT500Njet9 = 0
Pileup sample key: PairVLQ_x53x53_tWtW_narrow_RH_M1200_TuneCP5_13TeV-madgraph-pythia8
b-tagging working points: 0.304(DeepJet)0.4506(DeepCSV)
isTTincMtt0to700: 0
isTTincMtt0to1000: 0
isTTincMtt700to1000: 0
isTTincMtt1000toInf: 0
isTTSemilepIncHT0Njet0: 0
isTTSemilepIncHT500Njet9: 0
outTTLF: 0
outTTCC: 0
outTTBB: 0
outTT1B: 0
outTT2B: 0
>> Completed 0 out of 1049 events
[INFO] Defaulting to central deepJet weight for: nominal
>> Completed 1000 out of 1049 events
Nelectrons      = 474 / 1049
Npassed_ElEta   = 474 / 1049
Nmuons          = 575 / 1049
NrelIsoFail     = 0 / 1049
Npassed_MuEta   = 575 / 1049
Npassed_nAK8Jets= 1049 / 1049
Npassed_Trigger = 1015 / 1049
Npassed_MET     = 921 / 1049
Npassed_lepPt   = 955 / 1049
Npassed_HT      = 1047 / 1049
npass_Njets     = 1046 / 1049
Npassed_ALL     = 839 / 1049

>> Running /isilon/hadoop/store/group/bruxljm/FWLJMET106XUL_singleLep2017UL_RunIISummer20_X53X53/PairVLQ_x53x53_tWtW_narrow_RH_M1200_TuneCP5_13TeV-madgraph-pythia8/singleLep2017UL/230310_182521/0000/PairVLQ_x53x53_tWtW_narrow_RH_M1200_TuneCP5_13TeV-madgraph-pythia8_22.root for shift: nominal
[step1.h] Opening file: /isilon/hadoop/store/group/bruxljm/FWLJMET106XUL_singleLep2017UL_RunIISummer20_X53X53/PairVLQ_x53x53_tWtW_narrow_RH_M1200_TuneCP5_13TeV-madgraph-pythia8/singleLep2017UL/230310_182521/0000/PairVLQ_x53x53_tWtW_narrow_RH_M1200_TuneCP5_13TeV-madgraph-pythia8_22.root
[step1.h] Finished initializing
RUN CONFIG: YEAR = 2017
Era = 
isMC = 1, isSig = 1, SigMass = 5
isHad =0, isSE =0, isSM =0
isTTTT = 0, isXX = 1, isTpTp = 0, isBpBp = 0
For W's: isTT = 0, isSTt = 0, isSTtW = 0
For jets & PDF: isTOP = 0, isMadgraphBkg = 1
For HOTTagger Efficiencies: isTTV = 0, isTTHbb = 0, isTTHnonbb = 0, isTTTX = 0
isTTVV = 0, isST = 0, isTTToSemiLeptonHT500Njet9 = 0
Pileup sample key: PairVLQ_x53x53_tWtW_narrow_RH_M1200_TuneCP5_13TeV-madgraph-pythia8
b-tagging working points: 0.304(DeepJet)0.4506(DeepCSV)
isTTincMtt0to700: 0
isTTincMtt0to1000: 0
isTTincMtt700to1000: 0
isTTincMtt1000toInf: 0
isTTSemilepIncHT0Njet0: 0
isTTSemilepIncHT500Njet9: 0
outTTLF: 0
outTTCC: 0
outTTBB: 0
outTT1B: 0
outTT2B: 0
>> Completed 0 out of 1063 events
[INFO] Defaulting to central deepJet weight for: nominal
>> Completed 1000 out of 1063 events
Nelectrons      = 475 / 1063
Npassed_ElEta   = 475 / 1063
Nmuons          = 588 / 1063
NrelIsoFail     = 0 / 1063
Npassed_MuEta   = 588 / 1063
Npassed_nAK8Jets= 1063 / 1063
Npassed_Trigger = 1023 / 1063
Npassed_MET     = 933 / 1063
Npassed_lepPt   = 959 / 1063
Npassed_HT      = 1059 / 1063
npass_Njets     = 1057 / 1063
Npassed_ALL     = 833 / 1063

>> Running /isilon/hadoop/store/group/bruxljm/FWLJMET106XUL_singleLep2017UL_RunIISummer20_X53X53/PairVLQ_x53x53_tWtW_narrow_RH_M1200_TuneCP5_13TeV-madgraph-pythia8/singleLep2017UL/230310_182521/0000/PairVLQ_x53x53_tWtW_narrow_RH_M1200_TuneCP5_13TeV-madgraph-pythia8_23.root for shift: nominal
[step1.h] Opening file: /isilon/hadoop/store/group/bruxljm/FWLJMET106XUL_singleLep2017UL_RunIISummer20_X53X53/PairVLQ_x53x53_tWtW_narrow_RH_M1200_TuneCP5_13TeV-madgraph-pythia8/singleLep2017UL/230310_182521/0000/PairVLQ_x53x53_tWtW_narrow_RH_M1200_TuneCP5_13TeV-madgraph-pythia8_23.root
[step1.h] Finished initializing
RUN CONFIG: YEAR = 2017
Era = 
isMC = 1, isSig = 1, SigMass = 5
isHad =0, isSE =0, isSM =0
isTTTT = 0, isXX = 1, isTpTp = 0, isBpBp = 0
For W's: isTT = 0, isSTt = 0, isSTtW = 0
For jets & PDF: isTOP = 0, isMadgraphBkg = 1
For HOTTagger Efficiencies: isTTV = 0, isTTHbb = 0, isTTHnonbb = 0, isTTTX = 0
isTTVV = 0, isST = 0, isTTToSemiLeptonHT500Njet9 = 0
Pileup sample key: PairVLQ_x53x53_tWtW_narrow_RH_M1200_TuneCP5_13TeV-madgraph-pythia8
b-tagging working points: 0.304(DeepJet)0.4506(DeepCSV)
isTTincMtt0to700: 0
isTTincMtt0to1000: 0
isTTincMtt700to1000: 0
isTTincMtt1000toInf: 0
isTTSemilepIncHT0Njet0: 0
isTTSemilepIncHT500Njet9: 0
outTTLF: 0
outTTCC: 0
outTTBB: 0
outTT1B: 0
outTT2B: 0
>> Completed 0 out of 1023 events
[INFO] Defaulting to central deepJet weight for: nominal
>> Completed 1000 out of 1023 events
Nelectrons      = 476 / 1023
Npassed_ElEta   = 476 / 1023
Nmuons          = 547 / 1023
NrelIsoFail     = 0 / 1023
Npassed_MuEta   = 547 / 1023
Npassed_nAK8Jets= 1023 / 1023
Npassed_Trigger = 995 / 1023
Npassed_MET     = 898 / 1023
Npassed_lepPt   = 929 / 1023
Npassed_HT      = 1022 / 1023
npass_Njets     = 1019 / 1023
Npassed_ALL     = 810 / 1023

>> Running /isilon/hadoop/store/group/bruxljm/FWLJMET106XUL_singleLep2017UL_RunIISummer20_X53X53/PairVLQ_x53x53_tWtW_narrow_RH_M1200_TuneCP5_13TeV-madgraph-pythia8/singleLep2017UL/230310_182521/0000/PairVLQ_x53x53_tWtW_narrow_RH_M1200_TuneCP5_13TeV-madgraph-pythia8_24.root for shift: nominal
[step1.h] Opening file: /isilon/hadoop/store/group/bruxljm/FWLJMET106XUL_singleLep2017UL_RunIISummer20_X53X53/PairVLQ_x53x53_tWtW_narrow_RH_M1200_TuneCP5_13TeV-madgraph-pythia8/singleLep2017UL/230310_182521/0000/PairVLQ_x53x53_tWtW_narrow_RH_M1200_TuneCP5_13TeV-madgraph-pythia8_24.root
[step1.h] Finished initializing
RUN CONFIG: YEAR = 2017
Era = 
isMC = 1, isSig = 1, SigMass = 5
isHad =0, isSE =0, isSM =0
isTTTT = 0, isXX = 1, isTpTp = 0, isBpBp = 0
For W's: isTT = 0, isSTt = 0, isSTtW = 0
For jets & PDF: isTOP = 0, isMadgraphBkg = 1
For HOTTagger Efficiencies: isTTV = 0, isTTHbb = 0, isTTHnonbb = 0, isTTTX = 0
isTTVV = 0, isST = 0, isTTToSemiLeptonHT500Njet9 = 0
Pileup sample key: PairVLQ_x53x53_tWtW_narrow_RH_M1200_TuneCP5_13TeV-madgraph-pythia8
b-tagging working points: 0.304(DeepJet)0.4506(DeepCSV)
isTTincMtt0to700: 0
isTTincMtt0to1000: 0
isTTincMtt700to1000: 0
isTTincMtt1000toInf: 0
isTTSemilepIncHT0Njet0: 0
isTTSemilepIncHT500Njet9: 0
outTTLF: 0
outTTCC: 0
outTTBB: 0
outTT1B: 0
outTT2B: 0
>> Completed 0 out of 1057 events
[INFO] Defaulting to central deepJet weight for: nominal
>> Completed 1000 out of 1057 events
Nelectrons      = 456 / 1057
Npassed_ElEta   = 456 / 1057
Nmuons          = 601 / 1057
NrelIsoFail     = 0 / 1057
Npassed_MuEta   = 601 / 1057
Npassed_nAK8Jets= 1057 / 1057
Npassed_Trigger = 1018 / 1057
Npassed_MET     = 941 / 1057
Npassed_lepPt   = 951 / 1057
Npassed_HT      = 1054 / 1057
npass_Njets     = 1052 / 1057
Npassed_ALL     = 840 / 1057

>> Running /isilon/hadoop/store/group/bruxljm/FWLJMET106XUL_singleLep2017UL_RunIISummer20_X53X53/PairVLQ_x53x53_tWtW_narrow_RH_M1200_TuneCP5_13TeV-madgraph-pythia8/singleLep2017UL/230310_182521/0000/PairVLQ_x53x53_tWtW_narrow_RH_M1200_TuneCP5_13TeV-madgraph-pythia8_25.root for shift: nominal
[step1.h] Opening file: /isilon/hadoop/store/group/bruxljm/FWLJMET106XUL_singleLep2017UL_RunIISummer20_X53X53/PairVLQ_x53x53_tWtW_narrow_RH_M1200_TuneCP5_13TeV-madgraph-pythia8/singleLep2017UL/230310_182521/0000/PairVLQ_x53x53_tWtW_narrow_RH_M1200_TuneCP5_13TeV-madgraph-pythia8_25.root
[step1.h] Finished initializing
RUN CONFIG: YEAR = 2017
Era = 
isMC = 1, isSig = 1, SigMass = 5
isHad =0, isSE =0, isSM =0
isTTTT = 0, isXX = 1, isTpTp = 0, isBpBp = 0
For W's: isTT = 0, isSTt = 0, isSTtW = 0
For jets & PDF: isTOP = 0, isMadgraphBkg = 1
For HOTTagger Efficiencies: isTTV = 0, isTTHbb = 0, isTTHnonbb = 0, isTTTX = 0
isTTVV = 0, isST = 0, isTTToSemiLeptonHT500Njet9 = 0
Pileup sample key: PairVLQ_x53x53_tWtW_narrow_RH_M1200_TuneCP5_13TeV-madgraph-pythia8
b-tagging working points: 0.304(DeepJet)0.4506(DeepCSV)
isTTincMtt0to700: 0
isTTincMtt0to1000: 0
isTTincMtt700to1000: 0
isTTincMtt1000toInf: 0
isTTSemilepIncHT0Njet0: 0
isTTSemilepIncHT500Njet9: 0
outTTLF: 0
outTTCC: 0
outTTBB: 0
outTT1B: 0
outTT2B: 0
>> Completed 0 out of 1093 events
[INFO] Defaulting to central deepJet weight for: nominal
>> Completed 1000 out of 1093 events
Nelectrons      = 505 / 1093
Npassed_ElEta   = 505 / 1093
Nmuons          = 588 / 1093
NrelIsoFail     = 0 / 1093
Npassed_MuEta   = 588 / 1093
Npassed_nAK8Jets= 1093 / 1093
Npassed_Trigger = 1058 / 1093
Npassed_MET     = 958 / 1093
Npassed_lepPt   = 986 / 1093
Npassed_HT      = 1090 / 1093
npass_Njets     = 1090 / 1093
Npassed_ALL     = 856 / 1093

>> Running /isilon/hadoop/store/group/bruxljm/FWLJMET106XUL_singleLep2017UL_RunIISummer20_X53X53/PairVLQ_x53x53_tWtW_narrow_RH_M1200_TuneCP5_13TeV-madgraph-pythia8/singleLep2017UL/230310_182521/0000/PairVLQ_x53x53_tWtW_narrow_RH_M1200_TuneCP5_13TeV-madgraph-pythia8_26.root for shift: nominal
[step1.h] Opening file: /isilon/hadoop/store/group/bruxljm/FWLJMET106XUL_singleLep2017UL_RunIISummer20_X53X53/PairVLQ_x53x53_tWtW_narrow_RH_M1200_TuneCP5_13TeV-madgraph-pythia8/singleLep2017UL/230310_182521/0000/PairVLQ_x53x53_tWtW_narrow_RH_M1200_TuneCP5_13TeV-madgraph-pythia8_26.root
[step1.h] Finished initializing
RUN CONFIG: YEAR = 2017
Era = 
isMC = 1, isSig = 1, SigMass = 5
isHad =0, isSE =0, isSM =0
isTTTT = 0, isXX = 1, isTpTp = 0, isBpBp = 0
For W's: isTT = 0, isSTt = 0, isSTtW = 0
For jets & PDF: isTOP = 0, isMadgraphBkg = 1
For HOTTagger Efficiencies: isTTV = 0, isTTHbb = 0, isTTHnonbb = 0, isTTTX = 0
isTTVV = 0, isST = 0, isTTToSemiLeptonHT500Njet9 = 0
Pileup sample key: PairVLQ_x53x53_tWtW_narrow_RH_M1200_TuneCP5_13TeV-madgraph-pythia8
b-tagging working points: 0.304(DeepJet)0.4506(DeepCSV)
isTTincMtt0to700: 0
isTTincMtt0to1000: 0
isTTincMtt700to1000: 0
isTTincMtt1000toInf: 0
isTTSemilepIncHT0Njet0: 0
isTTSemilepIncHT500Njet9: 0
outTTLF: 0
outTTCC: 0
outTTBB: 0
outTT1B: 0
outTT2B: 0
>> Completed 0 out of 1017 events
[INFO] Defaulting to central deepJet weight for: nominal
>> Completed 1000 out of 1017 events
Nelectrons      = 491 / 1017
Npassed_ElEta   = 491 / 1017
Nmuons          = 526 / 1017
NrelIsoFail     = 0 / 1017
Npassed_MuEta   = 526 / 1017
Npassed_nAK8Jets= 1017 / 1017
Npassed_Trigger = 990 / 1017
Npassed_MET     = 893 / 1017
Npassed_lepPt   = 913 / 1017
Npassed_HT      = 1015 / 1017
npass_Njets     = 1013 / 1017
Npassed_ALL     = 800 / 1017

>> Running /isilon/hadoop/store/group/bruxljm/FWLJMET106XUL_singleLep2017UL_RunIISummer20_X53X53/PairVLQ_x53x53_tWtW_narrow_RH_M1200_TuneCP5_13TeV-madgraph-pythia8/singleLep2017UL/230310_182521/0000/PairVLQ_x53x53_tWtW_narrow_RH_M1200_TuneCP5_13TeV-madgraph-pythia8_27.root for shift: nominal
[step1.h] Opening file: /isilon/hadoop/store/group/bruxljm/FWLJMET106XUL_singleLep2017UL_RunIISummer20_X53X53/PairVLQ_x53x53_tWtW_narrow_RH_M1200_TuneCP5_13TeV-madgraph-pythia8/singleLep2017UL/230310_182521/0000/PairVLQ_x53x53_tWtW_narrow_RH_M1200_TuneCP5_13TeV-madgraph-pythia8_27.root
[step1.h] Finished initializing
RUN CONFIG: YEAR = 2017
Era = 
isMC = 1, isSig = 1, SigMass = 5
isHad =0, isSE =0, isSM =0
isTTTT = 0, isXX = 1, isTpTp = 0, isBpBp = 0
For W's: isTT = 0, isSTt = 0, isSTtW = 0
For jets & PDF: isTOP = 0, isMadgraphBkg = 1
For HOTTagger Efficiencies: isTTV = 0, isTTHbb = 0, isTTHnonbb = 0, isTTTX = 0
isTTVV = 0, isST = 0, isTTToSemiLeptonHT500Njet9 = 0
Pileup sample key: PairVLQ_x53x53_tWtW_narrow_RH_M1200_TuneCP5_13TeV-madgraph-pythia8
b-tagging working points: 0.304(DeepJet)0.4506(DeepCSV)
isTTincMtt0to700: 0
isTTincMtt0to1000: 0
isTTincMtt700to1000: 0
isTTincMtt1000toInf: 0
isTTSemilepIncHT0Njet0: 0
isTTSemilepIncHT500Njet9: 0
outTTLF: 0
outTTCC: 0
outTTBB: 0
outTT1B: 0
outTT2B: 0
>> Completed 0 out of 1065 events
[INFO] Defaulting to central deepJet weight for: nominal
>> Completed 1000 out of 1065 events
Nelectrons      = 496 / 1065
Npassed_ElEta   = 496 / 1065
Nmuons          = 569 / 1065
NrelIsoFail     = 0 / 1065
Npassed_MuEta   = 569 / 1065
Npassed_nAK8Jets= 1065 / 1065
Npassed_Trigger = 1032 / 1065
Npassed_MET     = 930 / 1065
Npassed_lepPt   = 972 / 1065
Npassed_HT      = 1063 / 1065
npass_Njets     = 1060 / 1065
Npassed_ALL     = 847 / 1065

>> Running /isilon/hadoop/store/group/bruxljm/FWLJMET106XUL_singleLep2017UL_RunIISummer20_X53X53/PairVLQ_x53x53_tWtW_narrow_RH_M1200_TuneCP5_13TeV-madgraph-pythia8/singleLep2017UL/230310_182521/0000/PairVLQ_x53x53_tWtW_narrow_RH_M1200_TuneCP5_13TeV-madgraph-pythia8_28.root for shift: nominal
[step1.h] Opening file: /isilon/hadoop/store/group/bruxljm/FWLJMET106XUL_singleLep2017UL_RunIISummer20_X53X53/PairVLQ_x53x53_tWtW_narrow_RH_M1200_TuneCP5_13TeV-madgraph-pythia8/singleLep2017UL/230310_182521/0000/PairVLQ_x53x53_tWtW_narrow_RH_M1200_TuneCP5_13TeV-madgraph-pythia8_28.root
[step1.h] Finished initializing
RUN CONFIG: YEAR = 2017
Era = 
isMC = 1, isSig = 1, SigMass = 5
isHad =0, isSE =0, isSM =0
isTTTT = 0, isXX = 1, isTpTp = 0, isBpBp = 0
For W's: isTT = 0, isSTt = 0, isSTtW = 0
For jets & PDF: isTOP = 0, isMadgraphBkg = 1
For HOTTagger Efficiencies: isTTV = 0, isTTHbb = 0, isTTHnonbb = 0, isTTTX = 0
isTTVV = 0, isST = 0, isTTToSemiLeptonHT500Njet9 = 0
Pileup sample key: PairVLQ_x53x53_tWtW_narrow_RH_M1200_TuneCP5_13TeV-madgraph-pythia8
b-tagging working points: 0.304(DeepJet)0.4506(DeepCSV)
isTTincMtt0to700: 0
isTTincMtt0to1000: 0
isTTincMtt700to1000: 0
isTTincMtt1000toInf: 0
isTTSemilepIncHT0Njet0: 0
isTTSemilepIncHT500Njet9: 0
outTTLF: 0
outTTCC: 0
outTTBB: 0
outTT1B: 0
outTT2B: 0
>> Completed 0 out of 1040 events
[INFO] Defaulting to central deepJet weight for: nominal
>> Completed 1000 out of 1040 events
Nelectrons      = 492 / 1040
Npassed_ElEta   = 492 / 1040
Nmuons          = 548 / 1040
NrelIsoFail     = 0 / 1040
Npassed_MuEta   = 548 / 1040
Npassed_nAK8Jets= 1040 / 1040
Npassed_Trigger = 1002 / 1040
Npassed_MET     = 917 / 1040
Npassed_lepPt   = 953 / 1040
Npassed_HT      = 1036 / 1040
npass_Njets     = 1036 / 1040
Npassed_ALL     = 833 / 1040

>> Running /isilon/hadoop/store/group/bruxljm/FWLJMET106XUL_singleLep2017UL_RunIISummer20_X53X53/PairVLQ_x53x53_tWtW_narrow_RH_M1200_TuneCP5_13TeV-madgraph-pythia8/singleLep2017UL/230310_182521/0000/PairVLQ_x53x53_tWtW_narrow_RH_M1200_TuneCP5_13TeV-madgraph-pythia8_29.root for shift: nominal
[step1.h] Opening file: /isilon/hadoop/store/group/bruxljm/FWLJMET106XUL_singleLep2017UL_RunIISummer20_X53X53/PairVLQ_x53x53_tWtW_narrow_RH_M1200_TuneCP5_13TeV-madgraph-pythia8/singleLep2017UL/230310_182521/0000/PairVLQ_x53x53_tWtW_narrow_RH_M1200_TuneCP5_13TeV-madgraph-pythia8_29.root
[step1.h] Finished initializing
RUN CONFIG: YEAR = 2017
Era = 
isMC = 1, isSig = 1, SigMass = 5
isHad =0, isSE =0, isSM =0
isTTTT = 0, isXX = 1, isTpTp = 0, isBpBp = 0
For W's: isTT = 0, isSTt = 0, isSTtW = 0
For jets & PDF: isTOP = 0, isMadgraphBkg = 1
For HOTTagger Efficiencies: isTTV = 0, isTTHbb = 0, isTTHnonbb = 0, isTTTX = 0
isTTVV = 0, isST = 0, isTTToSemiLeptonHT500Njet9 = 0
Pileup sample key: PairVLQ_x53x53_tWtW_narrow_RH_M1200_TuneCP5_13TeV-madgraph-pythia8
b-tagging working points: 0.304(DeepJet)0.4506(DeepCSV)
isTTincMtt0to700: 0
isTTincMtt0to1000: 0
isTTincMtt700to1000: 0
isTTincMtt1000toInf: 0
isTTSemilepIncHT0Njet0: 0
isTTSemilepIncHT500Njet9: 0
outTTLF: 0
outTTCC: 0
outTTBB: 0
outTT1B: 0
outTT2B: 0
>> Completed 0 out of 1057 events
[INFO] Defaulting to central deepJet weight for: nominal
>> Completed 1000 out of 1057 events
Nelectrons      = 506 / 1057
Npassed_ElEta   = 506 / 1057
Nmuons          = 551 / 1057
NrelIsoFail     = 0 / 1057
Npassed_MuEta   = 551 / 1057
Npassed_nAK8Jets= 1057 / 1057
Npassed_Trigger = 1015 / 1057
Npassed_MET     = 914 / 1057
Npassed_lepPt   = 950 / 1057
Npassed_HT      = 1056 / 1057
npass_Njets     = 1055 / 1057
Npassed_ALL     = 818 / 1057

>> Running /isilon/hadoop/store/group/bruxljm/FWLJMET106XUL_singleLep2017UL_RunIISummer20_X53X53/PairVLQ_x53x53_tWtW_narrow_RH_M1200_TuneCP5_13TeV-madgraph-pythia8/singleLep2017UL/230310_182521/0000/PairVLQ_x53x53_tWtW_narrow_RH_M1200_TuneCP5_13TeV-madgraph-pythia8_3.root for shift: nominal
[step1.h] Opening file: /isilon/hadoop/store/group/bruxljm/FWLJMET106XUL_singleLep2017UL_RunIISummer20_X53X53/PairVLQ_x53x53_tWtW_narrow_RH_M1200_TuneCP5_13TeV-madgraph-pythia8/singleLep2017UL/230310_182521/0000/PairVLQ_x53x53_tWtW_narrow_RH_M1200_TuneCP5_13TeV-madgraph-pythia8_3.root
[step1.h] Finished initializing
RUN CONFIG: YEAR = 2017
Era = 
isMC = 1, isSig = 1, SigMass = 5
isHad =0, isSE =0, isSM =0
isTTTT = 0, isXX = 1, isTpTp = 0, isBpBp = 0
For W's: isTT = 0, isSTt = 0, isSTtW = 0
For jets & PDF: isTOP = 0, isMadgraphBkg = 1
For HOTTagger Efficiencies: isTTV = 0, isTTHbb = 0, isTTHnonbb = 0, isTTTX = 0
isTTVV = 0, isST = 0, isTTToSemiLeptonHT500Njet9 = 0
Pileup sample key: PairVLQ_x53x53_tWtW_narrow_RH_M1200_TuneCP5_13TeV-madgraph-pythia8
b-tagging working points: 0.304(DeepJet)0.4506(DeepCSV)
isTTincMtt0to700: 0
isTTincMtt0to1000: 0
isTTincMtt700to1000: 0
isTTincMtt1000toInf: 0
isTTSemilepIncHT0Njet0: 0
isTTSemilepIncHT500Njet9: 0
outTTLF: 0
outTTCC: 0
outTTBB: 0
outTT1B: 0
outTT2B: 0
>> Completed 0 out of 1054 events
[INFO] Defaulting to central deepJet weight for: nominal
>> Completed 1000 out of 1054 events
Nelectrons      = 466 / 1054
Npassed_ElEta   = 466 / 1054
Nmuons          = 588 / 1054
NrelIsoFail     = 0 / 1054
Npassed_MuEta   = 588 / 1054
Npassed_nAK8Jets= 1054 / 1054
Npassed_Trigger = 1023 / 1054
Npassed_MET     = 922 / 1054
Npassed_lepPt   = 941 / 1054
Npassed_HT      = 1053 / 1054
npass_Njets     = 1052 / 1054
Npassed_ALL     = 816 / 1054

>> Running /isilon/hadoop/store/group/bruxljm/FWLJMET106XUL_singleLep2017UL_RunIISummer20_X53X53/PairVLQ_x53x53_tWtW_narrow_RH_M1200_TuneCP5_13TeV-madgraph-pythia8/singleLep2017UL/230310_182521/0000/PairVLQ_x53x53_tWtW_narrow_RH_M1200_TuneCP5_13TeV-madgraph-pythia8_30.root for shift: nominal
[step1.h] Opening file: /isilon/hadoop/store/group/bruxljm/FWLJMET106XUL_singleLep2017UL_RunIISummer20_X53X53/PairVLQ_x53x53_tWtW_narrow_RH_M1200_TuneCP5_13TeV-madgraph-pythia8/singleLep2017UL/230310_182521/0000/PairVLQ_x53x53_tWtW_narrow_RH_M1200_TuneCP5_13TeV-madgraph-pythia8_30.root
[step1.h] Finished initializing
RUN CONFIG: YEAR = 2017
Era = 
isMC = 1, isSig = 1, SigMass = 5
isHad =0, isSE =0, isSM =0
isTTTT = 0, isXX = 1, isTpTp = 0, isBpBp = 0
For W's: isTT = 0, isSTt = 0, isSTtW = 0
For jets & PDF: isTOP = 0, isMadgraphBkg = 1
For HOTTagger Efficiencies: isTTV = 0, isTTHbb = 0, isTTHnonbb = 0, isTTTX = 0
isTTVV = 0, isST = 0, isTTToSemiLeptonHT500Njet9 = 0
Pileup sample key: PairVLQ_x53x53_tWtW_narrow_RH_M1200_TuneCP5_13TeV-madgraph-pythia8
b-tagging working points: 0.304(DeepJet)0.4506(DeepCSV)
isTTincMtt0to700: 0
isTTincMtt0to1000: 0
isTTincMtt700to1000: 0
isTTincMtt1000toInf: 0
isTTSemilepIncHT0Njet0: 0
isTTSemilepIncHT500Njet9: 0
outTTLF: 0
outTTCC: 0
outTTBB: 0
outTT1B: 0
outTT2B: 0
>> Completed 0 out of 501 events
[INFO] Defaulting to central deepJet weight for: nominal
Nelectrons      = 241 / 501
Npassed_ElEta   = 241 / 501
Nmuons          = 260 / 501
NrelIsoFail     = 0 / 501
Npassed_MuEta   = 260 / 501
Npassed_nAK8Jets= 501 / 501
Npassed_Trigger = 489 / 501
Npassed_MET     = 444 / 501
Npassed_lepPt   = 465 / 501
Npassed_HT      = 501 / 501
npass_Njets     = 499 / 501
Npassed_ALL     = 411 / 501

>> Running /isilon/hadoop/store/group/bruxljm/FWLJMET106XUL_singleLep2017UL_RunIISummer20_X53X53/PairVLQ_x53x53_tWtW_narrow_RH_M1200_TuneCP5_13TeV-madgraph-pythia8/singleLep2017UL/230310_182521/0000/PairVLQ_x53x53_tWtW_narrow_RH_M1200_TuneCP5_13TeV-madgraph-pythia8_31.root for shift: nominal
[step1.h] Opening file: /isilon/hadoop/store/group/bruxljm/FWLJMET106XUL_singleLep2017UL_RunIISummer20_X53X53/PairVLQ_x53x53_tWtW_narrow_RH_M1200_TuneCP5_13TeV-madgraph-pythia8/singleLep2017UL/230310_182521/0000/PairVLQ_x53x53_tWtW_narrow_RH_M1200_TuneCP5_13TeV-madgraph-pythia8_31.root
[step1.h] Finished initializing
RUN CONFIG: YEAR = 2017
Era = 
isMC = 1, isSig = 1, SigMass = 5
isHad =0, isSE =0, isSM =0
isTTTT = 0, isXX = 1, isTpTp = 0, isBpBp = 0
For W's: isTT = 0, isSTt = 0, isSTtW = 0
For jets & PDF: isTOP = 0, isMadgraphBkg = 1
For HOTTagger Efficiencies: isTTV = 0, isTTHbb = 0, isTTHnonbb = 0, isTTTX = 0
isTTVV = 0, isST = 0, isTTToSemiLeptonHT500Njet9 = 0
Pileup sample key: PairVLQ_x53x53_tWtW_narrow_RH_M1200_TuneCP5_13TeV-madgraph-pythia8
b-tagging working points: 0.304(DeepJet)0.4506(DeepCSV)
isTTincMtt0to700: 0
isTTincMtt0to1000: 0
isTTincMtt700to1000: 0
isTTincMtt1000toInf: 0
isTTSemilepIncHT0Njet0: 0
isTTSemilepIncHT500Njet9: 0
outTTLF: 0
outTTCC: 0
outTTBB: 0
outTT1B: 0
outTT2B: 0
>> Completed 0 out of 1077 events
[INFO] Defaulting to central deepJet weight for: nominal
>> Completed 1000 out of 1077 events
Nelectrons      = 495 / 1077
Npassed_ElEta   = 495 / 1077
Nmuons          = 582 / 1077
NrelIsoFail     = 0 / 1077
Npassed_MuEta   = 582 / 1077
Npassed_nAK8Jets= 1077 / 1077
Npassed_Trigger = 1038 / 1077
Npassed_MET     = 952 / 1077
Npassed_lepPt   = 980 / 1077
Npassed_HT      = 1074 / 1077
npass_Njets     = 1069 / 1077
Npassed_ALL     = 854 / 1077

>> Running /isilon/hadoop/store/group/bruxljm/FWLJMET106XUL_singleLep2017UL_RunIISummer20_X53X53/PairVLQ_x53x53_tWtW_narrow_RH_M1200_TuneCP5_13TeV-madgraph-pythia8/singleLep2017UL/230310_182521/0000/PairVLQ_x53x53_tWtW_narrow_RH_M1200_TuneCP5_13TeV-madgraph-pythia8_32.root for shift: nominal
[step1.h] Opening file: /isilon/hadoop/store/group/bruxljm/FWLJMET106XUL_singleLep2017UL_RunIISummer20_X53X53/PairVLQ_x53x53_tWtW_narrow_RH_M1200_TuneCP5_13TeV-madgraph-pythia8/singleLep2017UL/230310_182521/0000/PairVLQ_x53x53_tWtW_narrow_RH_M1200_TuneCP5_13TeV-madgraph-pythia8_32.root
[step1.h] Finished initializing
RUN CONFIG: YEAR = 2017
Era = 
isMC = 1, isSig = 1, SigMass = 5
isHad =0, isSE =0, isSM =0
isTTTT = 0, isXX = 1, isTpTp = 0, isBpBp = 0
For W's: isTT = 0, isSTt = 0, isSTtW = 0
For jets & PDF: isTOP = 0, isMadgraphBkg = 1
For HOTTagger Efficiencies: isTTV = 0, isTTHbb = 0, isTTHnonbb = 0, isTTTX = 0
isTTVV = 0, isST = 0, isTTToSemiLeptonHT500Njet9 = 0
Pileup sample key: PairVLQ_x53x53_tWtW_narrow_RH_M1200_TuneCP5_13TeV-madgraph-pythia8
b-tagging working points: 0.304(DeepJet)0.4506(DeepCSV)
isTTincMtt0to700: 0
isTTincMtt0to1000: 0
isTTincMtt700to1000: 0
isTTincMtt1000toInf: 0
isTTSemilepIncHT0Njet0: 0
isTTSemilepIncHT500Njet9: 0
outTTLF: 0
outTTCC: 0
outTTBB: 0
outTT1B: 0
outTT2B: 0
>> Completed 0 out of 1047 events
[INFO] Defaulting to central deepJet weight for: nominal
>> Completed 1000 out of 1047 events
Nelectrons      = 504 / 1047
Npassed_ElEta   = 504 / 1047
Nmuons          = 543 / 1047
NrelIsoFail     = 0 / 1047
Npassed_MuEta   = 543 / 1047
Npassed_nAK8Jets= 1047 / 1047
Npassed_Trigger = 1007 / 1047
Npassed_MET     = 937 / 1047
Npassed_lepPt   = 949 / 1047
Npassed_HT      = 1046 / 1047
npass_Njets     = 1042 / 1047
Npassed_ALL     = 843 / 1047

>> Running /isilon/hadoop/store/group/bruxljm/FWLJMET106XUL_singleLep2017UL_RunIISummer20_X53X53/PairVLQ_x53x53_tWtW_narrow_RH_M1200_TuneCP5_13TeV-madgraph-pythia8/singleLep2017UL/230310_182521/0000/PairVLQ_x53x53_tWtW_narrow_RH_M1200_TuneCP5_13TeV-madgraph-pythia8_33.root for shift: nominal
[step1.h] Opening file: /isilon/hadoop/store/group/bruxljm/FWLJMET106XUL_singleLep2017UL_RunIISummer20_X53X53/PairVLQ_x53x53_tWtW_narrow_RH_M1200_TuneCP5_13TeV-madgraph-pythia8/singleLep2017UL/230310_182521/0000/PairVLQ_x53x53_tWtW_narrow_RH_M1200_TuneCP5_13TeV-madgraph-pythia8_33.root
[step1.h] Finished initializing
RUN CONFIG: YEAR = 2017
Era = 
isMC = 1, isSig = 1, SigMass = 5
isHad =0, isSE =0, isSM =0
isTTTT = 0, isXX = 1, isTpTp = 0, isBpBp = 0
For W's: isTT = 0, isSTt = 0, isSTtW = 0
For jets & PDF: isTOP = 0, isMadgraphBkg = 1
For HOTTagger Efficiencies: isTTV = 0, isTTHbb = 0, isTTHnonbb = 0, isTTTX = 0
isTTVV = 0, isST = 0, isTTToSemiLeptonHT500Njet9 = 0
Pileup sample key: PairVLQ_x53x53_tWtW_narrow_RH_M1200_TuneCP5_13TeV-madgraph-pythia8
b-tagging working points: 0.304(DeepJet)0.4506(DeepCSV)
isTTincMtt0to700: 0
isTTincMtt0to1000: 0
isTTincMtt700to1000: 0
isTTincMtt1000toInf: 0
isTTSemilepIncHT0Njet0: 0
isTTSemilepIncHT500Njet9: 0
outTTLF: 0
outTTCC: 0
outTTBB: 0
outTT1B: 0
outTT2B: 0
>> Completed 0 out of 1035 events
[INFO] Defaulting to central deepJet weight for: nominal
>> Completed 1000 out of 1035 events
Nelectrons      = 482 / 1035
Npassed_ElEta   = 482 / 1035
Nmuons          = 553 / 1035
NrelIsoFail     = 0 / 1035
Npassed_MuEta   = 553 / 1035
Npassed_nAK8Jets= 1035 / 1035
Npassed_Trigger = 991 / 1035
Npassed_MET     = 907 / 1035
Npassed_lepPt   = 930 / 1035
Npassed_HT      = 1033 / 1035
npass_Njets     = 1033 / 1035
Npassed_ALL     = 816 / 1035

>> Running /isilon/hadoop/store/group/bruxljm/FWLJMET106XUL_singleLep2017UL_RunIISummer20_X53X53/PairVLQ_x53x53_tWtW_narrow_RH_M1200_TuneCP5_13TeV-madgraph-pythia8/singleLep2017UL/230310_182521/0000/PairVLQ_x53x53_tWtW_narrow_RH_M1200_TuneCP5_13TeV-madgraph-pythia8_34.root for shift: nominal
[step1.h] Opening file: /isilon/hadoop/store/group/bruxljm/FWLJMET106XUL_singleLep2017UL_RunIISummer20_X53X53/PairVLQ_x53x53_tWtW_narrow_RH_M1200_TuneCP5_13TeV-madgraph-pythia8/singleLep2017UL/230310_182521/0000/PairVLQ_x53x53_tWtW_narrow_RH_M1200_TuneCP5_13TeV-madgraph-pythia8_34.root
[step1.h] Finished initializing
RUN CONFIG: YEAR = 2017
Era = 
isMC = 1, isSig = 1, SigMass = 5
isHad =0, isSE =0, isSM =0
isTTTT = 0, isXX = 1, isTpTp = 0, isBpBp = 0
For W's: isTT = 0, isSTt = 0, isSTtW = 0
For jets & PDF: isTOP = 0, isMadgraphBkg = 1
For HOTTagger Efficiencies: isTTV = 0, isTTHbb = 0, isTTHnonbb = 0, isTTTX = 0
isTTVV = 0, isST = 0, isTTToSemiLeptonHT500Njet9 = 0
Pileup sample key: PairVLQ_x53x53_tWtW_narrow_RH_M1200_TuneCP5_13TeV-madgraph-pythia8
b-tagging working points: 0.304(DeepJet)0.4506(DeepCSV)
isTTincMtt0to700: 0
isTTincMtt0to1000: 0
isTTincMtt700to1000: 0
isTTincMtt1000toInf: 0
isTTSemilepIncHT0Njet0: 0
isTTSemilepIncHT500Njet9: 0
outTTLF: 0
outTTCC: 0
outTTBB: 0
outTT1B: 0
outTT2B: 0
>> Completed 0 out of 1065 events
[INFO] Defaulting to central deepJet weight for: nominal
>> Completed 1000 out of 1065 events
Nelectrons      = 496 / 1065
Npassed_ElEta   = 496 / 1065
Nmuons          = 569 / 1065
NrelIsoFail     = 0 / 1065
Npassed_MuEta   = 569 / 1065
Npassed_nAK8Jets= 1065 / 1065
Npassed_Trigger = 1025 / 1065
Npassed_MET     = 943 / 1065
Npassed_lepPt   = 960 / 1065
Npassed_HT      = 1065 / 1065
npass_Njets     = 1062 / 1065
Npassed_ALL     = 847 / 1065

>> Running /isilon/hadoop/store/group/bruxljm/FWLJMET106XUL_singleLep2017UL_RunIISummer20_X53X53/PairVLQ_x53x53_tWtW_narrow_RH_M1200_TuneCP5_13TeV-madgraph-pythia8/singleLep2017UL/230310_182521/0000/PairVLQ_x53x53_tWtW_narrow_RH_M1200_TuneCP5_13TeV-madgraph-pythia8_35.root for shift: nominal
[step1.h] Opening file: /isilon/hadoop/store/group/bruxljm/FWLJMET106XUL_singleLep2017UL_RunIISummer20_X53X53/PairVLQ_x53x53_tWtW_narrow_RH_M1200_TuneCP5_13TeV-madgraph-pythia8/singleLep2017UL/230310_182521/0000/PairVLQ_x53x53_tWtW_narrow_RH_M1200_TuneCP5_13TeV-madgraph-pythia8_35.root
[step1.h] Finished initializing
RUN CONFIG: YEAR = 2017
Era = 
isMC = 1, isSig = 1, SigMass = 5
isHad =0, isSE =0, isSM =0
isTTTT = 0, isXX = 1, isTpTp = 0, isBpBp = 0
For W's: isTT = 0, isSTt = 0, isSTtW = 0
For jets & PDF: isTOP = 0, isMadgraphBkg = 1
For HOTTagger Efficiencies: isTTV = 0, isTTHbb = 0, isTTHnonbb = 0, isTTTX = 0
isTTVV = 0, isST = 0, isTTToSemiLeptonHT500Njet9 = 0
Pileup sample key: PairVLQ_x53x53_tWtW_narrow_RH_M1200_TuneCP5_13TeV-madgraph-pythia8
b-tagging working points: 0.304(DeepJet)0.4506(DeepCSV)
isTTincMtt0to700: 0
isTTincMtt0to1000: 0
isTTincMtt700to1000: 0
isTTincMtt1000toInf: 0
isTTSemilepIncHT0Njet0: 0
isTTSemilepIncHT500Njet9: 0
outTTLF: 0
outTTCC: 0
outTTBB: 0
outTT1B: 0
outTT2B: 0
>> Completed 0 out of 1070 events
[INFO] Defaulting to central deepJet weight for: nominal
>> Completed 1000 out of 1070 events
Nelectrons      = 503 / 1070
Npassed_ElEta   = 503 / 1070
Nmuons          = 567 / 1070
NrelIsoFail     = 0 / 1070
Npassed_MuEta   = 567 / 1070
Npassed_nAK8Jets= 1070 / 1070
Npassed_Trigger = 1030 / 1070
Npassed_MET     = 952 / 1070
Npassed_lepPt   = 992 / 1070
Npassed_HT      = 1069 / 1070
npass_Njets     = 1066 / 1070
Npassed_ALL     = 878 / 1070

>> Running /isilon/hadoop/store/group/bruxljm/FWLJMET106XUL_singleLep2017UL_RunIISummer20_X53X53/PairVLQ_x53x53_tWtW_narrow_RH_M1200_TuneCP5_13TeV-madgraph-pythia8/singleLep2017UL/230310_182521/0000/PairVLQ_x53x53_tWtW_narrow_RH_M1200_TuneCP5_13TeV-madgraph-pythia8_36.root for shift: nominal
[step1.h] Opening file: /isilon/hadoop/store/group/bruxljm/FWLJMET106XUL_singleLep2017UL_RunIISummer20_X53X53/PairVLQ_x53x53_tWtW_narrow_RH_M1200_TuneCP5_13TeV-madgraph-pythia8/singleLep2017UL/230310_182521/0000/PairVLQ_x53x53_tWtW_narrow_RH_M1200_TuneCP5_13TeV-madgraph-pythia8_36.root
[step1.h] Finished initializing
RUN CONFIG: YEAR = 2017
Era = 
isMC = 1, isSig = 1, SigMass = 5
isHad =0, isSE =0, isSM =0
isTTTT = 0, isXX = 1, isTpTp = 0, isBpBp = 0
For W's: isTT = 0, isSTt = 0, isSTtW = 0
For jets & PDF: isTOP = 0, isMadgraphBkg = 1
For HOTTagger Efficiencies: isTTV = 0, isTTHbb = 0, isTTHnonbb = 0, isTTTX = 0
isTTVV = 0, isST = 0, isTTToSemiLeptonHT500Njet9 = 0
Pileup sample key: PairVLQ_x53x53_tWtW_narrow_RH_M1200_TuneCP5_13TeV-madgraph-pythia8
b-tagging working points: 0.304(DeepJet)0.4506(DeepCSV)
isTTincMtt0to700: 0
isTTincMtt0to1000: 0
isTTincMtt700to1000: 0
isTTincMtt1000toInf: 0
isTTSemilepIncHT0Njet0: 0
isTTSemilepIncHT500Njet9: 0
outTTLF: 0
outTTCC: 0
outTTBB: 0
outTT1B: 0
outTT2B: 0
>> Completed 0 out of 1073 events
[INFO] Defaulting to central deepJet weight for: nominal
>> Completed 1000 out of 1073 events
Nelectrons      = 501 / 1073
Npassed_ElEta   = 501 / 1073
Nmuons          = 572 / 1073
NrelIsoFail     = 0 / 1073
Npassed_MuEta   = 572 / 1073
Npassed_nAK8Jets= 1073 / 1073
Npassed_Trigger = 1033 / 1073
Npassed_MET     = 933 / 1073
Npassed_lepPt   = 984 / 1073
Npassed_HT      = 1070 / 1073
npass_Njets     = 1071 / 1073
Npassed_ALL     = 852 / 1073

>> Running /isilon/hadoop/store/group/bruxljm/FWLJMET106XUL_singleLep2017UL_RunIISummer20_X53X53/PairVLQ_x53x53_tWtW_narrow_RH_M1200_TuneCP5_13TeV-madgraph-pythia8/singleLep2017UL/230310_182521/0000/PairVLQ_x53x53_tWtW_narrow_RH_M1200_TuneCP5_13TeV-madgraph-pythia8_37.root for shift: nominal
[step1.h] Opening file: /isilon/hadoop/store/group/bruxljm/FWLJMET106XUL_singleLep2017UL_RunIISummer20_X53X53/PairVLQ_x53x53_tWtW_narrow_RH_M1200_TuneCP5_13TeV-madgraph-pythia8/singleLep2017UL/230310_182521/0000/PairVLQ_x53x53_tWtW_narrow_RH_M1200_TuneCP5_13TeV-madgraph-pythia8_37.root
[step1.h] Finished initializing
RUN CONFIG: YEAR = 2017
Era = 
isMC = 1, isSig = 1, SigMass = 5
isHad =0, isSE =0, isSM =0
isTTTT = 0, isXX = 1, isTpTp = 0, isBpBp = 0
For W's: isTT = 0, isSTt = 0, isSTtW = 0
For jets & PDF: isTOP = 0, isMadgraphBkg = 1
For HOTTagger Efficiencies: isTTV = 0, isTTHbb = 0, isTTHnonbb = 0, isTTTX = 0
isTTVV = 0, isST = 0, isTTToSemiLeptonHT500Njet9 = 0
Pileup sample key: PairVLQ_x53x53_tWtW_narrow_RH_M1200_TuneCP5_13TeV-madgraph-pythia8
b-tagging working points: 0.304(DeepJet)0.4506(DeepCSV)
isTTincMtt0to700: 0
isTTincMtt0to1000: 0
isTTincMtt700to1000: 0
isTTincMtt1000toInf: 0
isTTSemilepIncHT0Njet0: 0
isTTSemilepIncHT500Njet9: 0
outTTLF: 0
outTTCC: 0
outTTBB: 0
outTT1B: 0
outTT2B: 0
>> Completed 0 out of 1052 events
[INFO] Defaulting to central deepJet weight for: nominal
>> Completed 1000 out of 1052 events
Nelectrons      = 501 / 1052
Npassed_ElEta   = 501 / 1052
Nmuons          = 551 / 1052
NrelIsoFail     = 0 / 1052
Npassed_MuEta   = 551 / 1052
Npassed_nAK8Jets= 1052 / 1052
Npassed_Trigger = 1029 / 1052
Npassed_MET     = 933 / 1052
Npassed_lepPt   = 960 / 1052
Npassed_HT      = 1051 / 1052
npass_Njets     = 1049 / 1052
Npassed_ALL     = 846 / 1052

>> Running /isilon/hadoop/store/group/bruxljm/FWLJMET106XUL_singleLep2017UL_RunIISummer20_X53X53/PairVLQ_x53x53_tWtW_narrow_RH_M1200_TuneCP5_13TeV-madgraph-pythia8/singleLep2017UL/230310_182521/0000/PairVLQ_x53x53_tWtW_narrow_RH_M1200_TuneCP5_13TeV-madgraph-pythia8_38.root for shift: nominal
[step1.h] Opening file: /isilon/hadoop/store/group/bruxljm/FWLJMET106XUL_singleLep2017UL_RunIISummer20_X53X53/PairVLQ_x53x53_tWtW_narrow_RH_M1200_TuneCP5_13TeV-madgraph-pythia8/singleLep2017UL/230310_182521/0000/PairVLQ_x53x53_tWtW_narrow_RH_M1200_TuneCP5_13TeV-madgraph-pythia8_38.root
[step1.h] Finished initializing
RUN CONFIG: YEAR = 2017
Era = 
isMC = 1, isSig = 1, SigMass = 5
isHad =0, isSE =0, isSM =0
isTTTT = 0, isXX = 1, isTpTp = 0, isBpBp = 0
For W's: isTT = 0, isSTt = 0, isSTtW = 0
For jets & PDF: isTOP = 0, isMadgraphBkg = 1
For HOTTagger Efficiencies: isTTV = 0, isTTHbb = 0, isTTHnonbb = 0, isTTTX = 0
isTTVV = 0, isST = 0, isTTToSemiLeptonHT500Njet9 = 0
Pileup sample key: PairVLQ_x53x53_tWtW_narrow_RH_M1200_TuneCP5_13TeV-madgraph-pythia8
b-tagging working points: 0.304(DeepJet)0.4506(DeepCSV)
isTTincMtt0to700: 0
isTTincMtt0to1000: 0
isTTincMtt700to1000: 0
isTTincMtt1000toInf: 0
isTTSemilepIncHT0Njet0: 0
isTTSemilepIncHT500Njet9: 0
outTTLF: 0
outTTCC: 0
outTTBB: 0
outTT1B: 0
outTT2B: 0
>> Completed 0 out of 1074 events
[INFO] Defaulting to central deepJet weight for: nominal
>> Completed 1000 out of 1074 events
Nelectrons      = 507 / 1074
Npassed_ElEta   = 507 / 1074
Nmuons          = 567 / 1074
NrelIsoFail     = 0 / 1074
Npassed_MuEta   = 567 / 1074
Npassed_nAK8Jets= 1074 / 1074
Npassed_Trigger = 1041 / 1074
Npassed_MET     = 944 / 1074
Npassed_lepPt   = 979 / 1074
Npassed_HT      = 1070 / 1074
npass_Njets     = 1068 / 1074
Npassed_ALL     = 852 / 1074

>> Running /isilon/hadoop/store/group/bruxljm/FWLJMET106XUL_singleLep2017UL_RunIISummer20_X53X53/PairVLQ_x53x53_tWtW_narrow_RH_M1200_TuneCP5_13TeV-madgraph-pythia8/singleLep2017UL/230310_182521/0000/PairVLQ_x53x53_tWtW_narrow_RH_M1200_TuneCP5_13TeV-madgraph-pythia8_39.root for shift: nominal
[step1.h] Opening file: /isilon/hadoop/store/group/bruxljm/FWLJMET106XUL_singleLep2017UL_RunIISummer20_X53X53/PairVLQ_x53x53_tWtW_narrow_RH_M1200_TuneCP5_13TeV-madgraph-pythia8/singleLep2017UL/230310_182521/0000/PairVLQ_x53x53_tWtW_narrow_RH_M1200_TuneCP5_13TeV-madgraph-pythia8_39.root
[step1.h] Finished initializing
RUN CONFIG: YEAR = 2017
Era = 
isMC = 1, isSig = 1, SigMass = 5
isHad =0, isSE =0, isSM =0
isTTTT = 0, isXX = 1, isTpTp = 0, isBpBp = 0
For W's: isTT = 0, isSTt = 0, isSTtW = 0
For jets & PDF: isTOP = 0, isMadgraphBkg = 1
For HOTTagger Efficiencies: isTTV = 0, isTTHbb = 0, isTTHnonbb = 0, isTTTX = 0
isTTVV = 0, isST = 0, isTTToSemiLeptonHT500Njet9 = 0
Pileup sample key: PairVLQ_x53x53_tWtW_narrow_RH_M1200_TuneCP5_13TeV-madgraph-pythia8
b-tagging working points: 0.304(DeepJet)0.4506(DeepCSV)
isTTincMtt0to700: 0
isTTincMtt0to1000: 0
isTTincMtt700to1000: 0
isTTincMtt1000toInf: 0
isTTSemilepIncHT0Njet0: 0
isTTSemilepIncHT500Njet9: 0
outTTLF: 0
outTTCC: 0
outTTBB: 0
outTT1B: 0
outTT2B: 0
>> Completed 0 out of 1111 events
[INFO] Defaulting to central deepJet weight for: nominal
>> Completed 1000 out of 1111 events
Nelectrons      = 520 / 1111
Npassed_ElEta   = 520 / 1111
Nmuons          = 591 / 1111
NrelIsoFail     = 0 / 1111
Npassed_MuEta   = 591 / 1111
Npassed_nAK8Jets= 1111 / 1111
Npassed_Trigger = 1081 / 1111
Npassed_MET     = 974 / 1111
Npassed_lepPt   = 1013 / 1111
Npassed_HT      = 1111 / 1111
npass_Njets     = 1108 / 1111
Npassed_ALL     = 880 / 1111

>> Running /isilon/hadoop/store/group/bruxljm/FWLJMET106XUL_singleLep2017UL_RunIISummer20_X53X53/PairVLQ_x53x53_tWtW_narrow_RH_M1200_TuneCP5_13TeV-madgraph-pythia8/singleLep2017UL/230310_182521/0000/PairVLQ_x53x53_tWtW_narrow_RH_M1200_TuneCP5_13TeV-madgraph-pythia8_4.root for shift: nominal
[step1.h] Opening file: /isilon/hadoop/store/group/bruxljm/FWLJMET106XUL_singleLep2017UL_RunIISummer20_X53X53/PairVLQ_x53x53_tWtW_narrow_RH_M1200_TuneCP5_13TeV-madgraph-pythia8/singleLep2017UL/230310_182521/0000/PairVLQ_x53x53_tWtW_narrow_RH_M1200_TuneCP5_13TeV-madgraph-pythia8_4.root
[step1.h] Finished initializing
RUN CONFIG: YEAR = 2017
Era = 
isMC = 1, isSig = 1, SigMass = 5
isHad =0, isSE =0, isSM =0
isTTTT = 0, isXX = 1, isTpTp = 0, isBpBp = 0
For W's: isTT = 0, isSTt = 0, isSTtW = 0
For jets & PDF: isTOP = 0, isMadgraphBkg = 1
For HOTTagger Efficiencies: isTTV = 0, isTTHbb = 0, isTTHnonbb = 0, isTTTX = 0
isTTVV = 0, isST = 0, isTTToSemiLeptonHT500Njet9 = 0
Pileup sample key: PairVLQ_x53x53_tWtW_narrow_RH_M1200_TuneCP5_13TeV-madgraph-pythia8
b-tagging working points: 0.304(DeepJet)0.4506(DeepCSV)
isTTincMtt0to700: 0
isTTincMtt0to1000: 0
isTTincMtt700to1000: 0
isTTincMtt1000toInf: 0
isTTSemilepIncHT0Njet0: 0
isTTSemilepIncHT500Njet9: 0
outTTLF: 0
outTTCC: 0
outTTBB: 0
outTT1B: 0
outTT2B: 0
>> Completed 0 out of 1046 events
[INFO] Defaulting to central deepJet weight for: nominal
>> Completed 1000 out of 1046 events
Nelectrons      = 477 / 1046
Npassed_ElEta   = 477 / 1046
Nmuons          = 569 / 1046
NrelIsoFail     = 0 / 1046
Npassed_MuEta   = 569 / 1046
Npassed_nAK8Jets= 1046 / 1046
Npassed_Trigger = 1018 / 1046
Npassed_MET     = 909 / 1046
Npassed_lepPt   = 971 / 1046
Npassed_HT      = 1044 / 1046
npass_Njets     = 1040 / 1046
Npassed_ALL     = 837 / 1046

>> Running /isilon/hadoop/store/group/bruxljm/FWLJMET106XUL_singleLep2017UL_RunIISummer20_X53X53/PairVLQ_x53x53_tWtW_narrow_RH_M1200_TuneCP5_13TeV-madgraph-pythia8/singleLep2017UL/230310_182521/0000/PairVLQ_x53x53_tWtW_narrow_RH_M1200_TuneCP5_13TeV-madgraph-pythia8_40.root for shift: nominal
[step1.h] Opening file: /isilon/hadoop/store/group/bruxljm/FWLJMET106XUL_singleLep2017UL_RunIISummer20_X53X53/PairVLQ_x53x53_tWtW_narrow_RH_M1200_TuneCP5_13TeV-madgraph-pythia8/singleLep2017UL/230310_182521/0000/PairVLQ_x53x53_tWtW_narrow_RH_M1200_TuneCP5_13TeV-madgraph-pythia8_40.root
[step1.h] Finished initializing
RUN CONFIG: YEAR = 2017
Era = 
isMC = 1, isSig = 1, SigMass = 5
isHad =0, isSE =0, isSM =0
isTTTT = 0, isXX = 1, isTpTp = 0, isBpBp = 0
For W's: isTT = 0, isSTt = 0, isSTtW = 0
For jets & PDF: isTOP = 0, isMadgraphBkg = 1
For HOTTagger Efficiencies: isTTV = 0, isTTHbb = 0, isTTHnonbb = 0, isTTTX = 0
isTTVV = 0, isST = 0, isTTToSemiLeptonHT500Njet9 = 0
Pileup sample key: PairVLQ_x53x53_tWtW_narrow_RH_M1200_TuneCP5_13TeV-madgraph-pythia8
b-tagging working points: 0.304(DeepJet)0.4506(DeepCSV)
isTTincMtt0to700: 0
isTTincMtt0to1000: 0
isTTincMtt700to1000: 0
isTTincMtt1000toInf: 0
isTTSemilepIncHT0Njet0: 0
isTTSemilepIncHT500Njet9: 0
outTTLF: 0
outTTCC: 0
outTTBB: 0
outTT1B: 0
outTT2B: 0
>> Completed 0 out of 1092 events
[INFO] Defaulting to central deepJet weight for: nominal
>> Completed 1000 out of 1092 events
Nelectrons      = 497 / 1092
Npassed_ElEta   = 497 / 1092
Nmuons          = 595 / 1092
NrelIsoFail     = 0 / 1092
Npassed_MuEta   = 595 / 1092
Npassed_nAK8Jets= 1092 / 1092
Npassed_Trigger = 1050 / 1092
Npassed_MET     = 951 / 1092
Npassed_lepPt   = 985 / 1092
Npassed_HT      = 1090 / 1092
npass_Njets     = 1091 / 1092
Npassed_ALL     = 851 / 1092

>> Running /isilon/hadoop/store/group/bruxljm/FWLJMET106XUL_singleLep2017UL_RunIISummer20_X53X53/PairVLQ_x53x53_tWtW_narrow_RH_M1200_TuneCP5_13TeV-madgraph-pythia8/singleLep2017UL/230310_182521/0000/PairVLQ_x53x53_tWtW_narrow_RH_M1200_TuneCP5_13TeV-madgraph-pythia8_41.root for shift: nominal
[step1.h] Opening file: /isilon/hadoop/store/group/bruxljm/FWLJMET106XUL_singleLep2017UL_RunIISummer20_X53X53/PairVLQ_x53x53_tWtW_narrow_RH_M1200_TuneCP5_13TeV-madgraph-pythia8/singleLep2017UL/230310_182521/0000/PairVLQ_x53x53_tWtW_narrow_RH_M1200_TuneCP5_13TeV-madgraph-pythia8_41.root
[step1.h] Finished initializing
RUN CONFIG: YEAR = 2017
Era = 
isMC = 1, isSig = 1, SigMass = 5
isHad =0, isSE =0, isSM =0
isTTTT = 0, isXX = 1, isTpTp = 0, isBpBp = 0
For W's: isTT = 0, isSTt = 0, isSTtW = 0
For jets & PDF: isTOP = 0, isMadgraphBkg = 1
For HOTTagger Efficiencies: isTTV = 0, isTTHbb = 0, isTTHnonbb = 0, isTTTX = 0
isTTVV = 0, isST = 0, isTTToSemiLeptonHT500Njet9 = 0
Pileup sample key: PairVLQ_x53x53_tWtW_narrow_RH_M1200_TuneCP5_13TeV-madgraph-pythia8
b-tagging working points: 0.304(DeepJet)0.4506(DeepCSV)
isTTincMtt0to700: 0
isTTincMtt0to1000: 0
isTTincMtt700to1000: 0
isTTincMtt1000toInf: 0
isTTSemilepIncHT0Njet0: 0
isTTSemilepIncHT500Njet9: 0
outTTLF: 0
outTTCC: 0
outTTBB: 0
outTT1B: 0
outTT2B: 0
>> Completed 0 out of 1045 events
[INFO] Defaulting to central deepJet weight for: nominal
>> Completed 1000 out of 1045 events
Nelectrons      = 482 / 1045
Npassed_ElEta   = 482 / 1045
Nmuons          = 563 / 1045
NrelIsoFail     = 0 / 1045
Npassed_MuEta   = 563 / 1045
Npassed_nAK8Jets= 1045 / 1045
Npassed_Trigger = 1007 / 1045
Npassed_MET     = 932 / 1045
Npassed_lepPt   = 949 / 1045
Npassed_HT      = 1041 / 1045
npass_Njets     = 1041 / 1045
Npassed_ALL     = 842 / 1045

>> Running /isilon/hadoop/store/group/bruxljm/FWLJMET106XUL_singleLep2017UL_RunIISummer20_X53X53/PairVLQ_x53x53_tWtW_narrow_RH_M1200_TuneCP5_13TeV-madgraph-pythia8/singleLep2017UL/230310_182521/0000/PairVLQ_x53x53_tWtW_narrow_RH_M1200_TuneCP5_13TeV-madgraph-pythia8_42.root for shift: nominal
[step1.h] Opening file: /isilon/hadoop/store/group/bruxljm/FWLJMET106XUL_singleLep2017UL_RunIISummer20_X53X53/PairVLQ_x53x53_tWtW_narrow_RH_M1200_TuneCP5_13TeV-madgraph-pythia8/singleLep2017UL/230310_182521/0000/PairVLQ_x53x53_tWtW_narrow_RH_M1200_TuneCP5_13TeV-madgraph-pythia8_42.root
[step1.h] Finished initializing
RUN CONFIG: YEAR = 2017
Era = 
isMC = 1, isSig = 1, SigMass = 5
isHad =0, isSE =0, isSM =0
isTTTT = 0, isXX = 1, isTpTp = 0, isBpBp = 0
For W's: isTT = 0, isSTt = 0, isSTtW = 0
For jets & PDF: isTOP = 0, isMadgraphBkg = 1
For HOTTagger Efficiencies: isTTV = 0, isTTHbb = 0, isTTHnonbb = 0, isTTTX = 0
isTTVV = 0, isST = 0, isTTToSemiLeptonHT500Njet9 = 0
Pileup sample key: PairVLQ_x53x53_tWtW_narrow_RH_M1200_TuneCP5_13TeV-madgraph-pythia8
b-tagging working points: 0.304(DeepJet)0.4506(DeepCSV)
isTTincMtt0to700: 0
isTTincMtt0to1000: 0
isTTincMtt700to1000: 0
isTTincMtt1000toInf: 0
isTTSemilepIncHT0Njet0: 0
isTTSemilepIncHT500Njet9: 0
outTTLF: 0
outTTCC: 0
outTTBB: 0
outTT1B: 0
outTT2B: 0
>> Completed 0 out of 1069 events
[INFO] Defaulting to central deepJet weight for: nominal
>> Completed 1000 out of 1069 events
Nelectrons      = 504 / 1069
Npassed_ElEta   = 504 / 1069
Nmuons          = 565 / 1069
NrelIsoFail     = 0 / 1069
Npassed_MuEta   = 565 / 1069
Npassed_nAK8Jets= 1069 / 1069
Npassed_Trigger = 1031 / 1069
Npassed_MET     = 935 / 1069
Npassed_lepPt   = 973 / 1069
Npassed_HT      = 1064 / 1069
npass_Njets     = 1066 / 1069
Npassed_ALL     = 840 / 1069
>> Available ROOT Files:
-rw-r--r-- 1 fsimpson gridusers 3009816 Apr 24 09:12 PairVLQ_x53x53_tWtW_narrow_RH_M1200_TuneCP5_13TeV-madgraph-pythia8_16nominal.root
-rw-r--r-- 1 fsimpson gridusers 2847591 Apr 24 09:12 PairVLQ_x53x53_tWtW_narrow_RH_M1200_TuneCP5_13TeV-madgraph-pythia8_17nominal.root
-rw-r--r-- 1 fsimpson gridusers 1511371 Apr 24 09:12 PairVLQ_x53x53_tWtW_narrow_RH_M1200_TuneCP5_13TeV-madgraph-pythia8_18nominal.root
-rw-r--r-- 1 fsimpson gridusers 3039881 Apr 24 09:12 PairVLQ_x53x53_tWtW_narrow_RH_M1200_TuneCP5_13TeV-madgraph-pythia8_19nominal.root
-rw-r--r-- 1 fsimpson gridusers 2930908 Apr 24 09:12 PairVLQ_x53x53_tWtW_narrow_RH_M1200_TuneCP5_13TeV-madgraph-pythia8_20nominal.root
-rw-r--r-- 1 fsimpson gridusers 2974902 Apr 24 09:12 PairVLQ_x53x53_tWtW_narrow_RH_M1200_TuneCP5_13TeV-madgraph-pythia8_21nominal.root
-rw-r--r-- 1 fsimpson gridusers 2954211 Apr 24 09:12 PairVLQ_x53x53_tWtW_narrow_RH_M1200_TuneCP5_13TeV-madgraph-pythia8_22nominal.root
-rw-r--r-- 1 fsimpson gridusers 2846191 Apr 24 09:12 PairVLQ_x53x53_tWtW_narrow_RH_M1200_TuneCP5_13TeV-madgraph-pythia8_23nominal.root
-rw-r--r-- 1 fsimpson gridusers 2946072 Apr 24 09:12 PairVLQ_x53x53_tWtW_narrow_RH_M1200_TuneCP5_13TeV-madgraph-pythia8_24nominal.root
-rw-r--r-- 1 fsimpson gridusers 3027710 Apr 24 09:12 PairVLQ_x53x53_tWtW_narrow_RH_M1200_TuneCP5_13TeV-madgraph-pythia8_25nominal.root
-rw-r--r-- 1 fsimpson gridusers 2832959 Apr 24 09:12 PairVLQ_x53x53_tWtW_narrow_RH_M1200_TuneCP5_13TeV-madgraph-pythia8_26nominal.root
-rw-r--r-- 1 fsimpson gridusers 3001432 Apr 24 09:12 PairVLQ_x53x53_tWtW_narrow_RH_M1200_TuneCP5_13TeV-madgraph-pythia8_27nominal.root
-rw-r--r-- 1 fsimpson gridusers 3007769 Apr 24 09:12 PairVLQ_x53x53_tWtW_narrow_RH_M1200_TuneCP5_13TeV-madgraph-pythia8_28nominal.root
-rw-r--r-- 1 fsimpson gridusers 2948150 Apr 24 09:12 PairVLQ_x53x53_tWtW_narrow_RH_M1200_TuneCP5_13TeV-madgraph-pythia8_29nominal.root
-rw-r--r-- 1 fsimpson gridusers 2961642 Apr 24 09:12 PairVLQ_x53x53_tWtW_narrow_RH_M1200_TuneCP5_13TeV-madgraph-pythia8_2nominal.root
-rw-r--r-- 1 fsimpson gridusers 1467495 Apr 24 09:12 PairVLQ_x53x53_tWtW_narrow_RH_M1200_TuneCP5_13TeV-madgraph-pythia8_30nominal.root
-rw-r--r-- 1 fsimpson gridusers 3062213 Apr 24 09:12 PairVLQ_x53x53_tWtW_narrow_RH_M1200_TuneCP5_13TeV-madgraph-pythia8_31nominal.root
-rw-r--r-- 1 fsimpson gridusers 2997621 Apr 24 09:12 PairVLQ_x53x53_tWtW_narrow_RH_M1200_TuneCP5_13TeV-madgraph-pythia8_32nominal.root
-rw-r--r-- 1 fsimpson gridusers 2859300 Apr 24 09:12 PairVLQ_x53x53_tWtW_narrow_RH_M1200_TuneCP5_13TeV-madgraph-pythia8_33nominal.root
-rw-r--r-- 1 fsimpson gridusers 2923527 Apr 24 09:12 PairVLQ_x53x53_tWtW_narrow_RH_M1200_TuneCP5_13TeV-madgraph-pythia8_34nominal.root
-rw-r--r-- 1 fsimpson gridusers 3161457 Apr 24 09:12 PairVLQ_x53x53_tWtW_narrow_RH_M1200_TuneCP5_13TeV-madgraph-pythia8_35nominal.root
-rw-r--r-- 1 fsimpson gridusers 3006634 Apr 24 09:12 PairVLQ_x53x53_tWtW_narrow_RH_M1200_TuneCP5_13TeV-madgraph-pythia8_36nominal.root
-rw-r--r-- 1 fsimpson gridusers 2999944 Apr 24 09:12 PairVLQ_x53x53_tWtW_narrow_RH_M1200_TuneCP5_13TeV-madgraph-pythia8_37nominal.root
-rw-r--r-- 1 fsimpson gridusers 3037326 Apr 24 09:12 PairVLQ_x53x53_tWtW_narrow_RH_M1200_TuneCP5_13TeV-madgraph-pythia8_38nominal.root
-rw-r--r-- 1 fsimpson gridusers 3089211 Apr 24 09:12 PairVLQ_x53x53_tWtW_narrow_RH_M1200_TuneCP5_13TeV-madgraph-pythia8_39nominal.root
-rw-r--r-- 1 fsimpson gridusers 2872133 Apr 24 09:12 PairVLQ_x53x53_tWtW_narrow_RH_M1200_TuneCP5_13TeV-madgraph-pythia8_3nominal.root
-rw-r--r-- 1 fsimpson gridusers 3008542 Apr 24 09:12 PairVLQ_x53x53_tWtW_narrow_RH_M1200_TuneCP5_13TeV-madgraph-pythia8_40nominal.root
-rw-r--r-- 1 fsimpson gridusers 2997744 Apr 24 09:12 PairVLQ_x53x53_tWtW_narrow_RH_M1200_TuneCP5_13TeV-madgraph-pythia8_41nominal.root
-rw-r--r-- 1 fsimpson gridusers 2972149 Apr 24 09:12 PairVLQ_x53x53_tWtW_narrow_RH_M1200_TuneCP5_13TeV-madgraph-pythia8_42nominal.root
-rw-r--r-- 1 fsimpson gridusers 2941860 Apr 24 09:12 PairVLQ_x53x53_tWtW_narrow_RH_M1200_TuneCP5_13TeV-madgraph-pythia8_4nominal.root
>> xrdcp output for condor
hadd Target file: PairVLQ_x53x53_tWtW_narrow_RH_M1200_TuneCP5_13TeV-madgraph-pythia8_3nominal_hadd.root
hadd compression setting for all ouput: 1
hadd Source file 1: PairVLQ_x53x53_tWtW_narrow_RH_M1200_TuneCP5_13TeV-madgraph-pythia8_16nominal.root
hadd Source file 2: PairVLQ_x53x53_tWtW_narrow_RH_M1200_TuneCP5_13TeV-madgraph-pythia8_17nominal.root
hadd Source file 3: PairVLQ_x53x53_tWtW_narrow_RH_M1200_TuneCP5_13TeV-madgraph-pythia8_18nominal.root
hadd Source file 4: PairVLQ_x53x53_tWtW_narrow_RH_M1200_TuneCP5_13TeV-madgraph-pythia8_19nominal.root
hadd Source file 5: PairVLQ_x53x53_tWtW_narrow_RH_M1200_TuneCP5_13TeV-madgraph-pythia8_20nominal.root
hadd Source file 6: PairVLQ_x53x53_tWtW_narrow_RH_M1200_TuneCP5_13TeV-madgraph-pythia8_21nominal.root
hadd Source file 7: PairVLQ_x53x53_tWtW_narrow_RH_M1200_TuneCP5_13TeV-madgraph-pythia8_22nominal.root
hadd Source file 8: PairVLQ_x53x53_tWtW_narrow_RH_M1200_TuneCP5_13TeV-madgraph-pythia8_23nominal.root
hadd Source file 9: PairVLQ_x53x53_tWtW_narrow_RH_M1200_TuneCP5_13TeV-madgraph-pythia8_24nominal.root
hadd Source file 10: PairVLQ_x53x53_tWtW_narrow_RH_M1200_TuneCP5_13TeV-madgraph-pythia8_25nominal.root
hadd Source file 11: PairVLQ_x53x53_tWtW_narrow_RH_M1200_TuneCP5_13TeV-madgraph-pythia8_26nominal.root
hadd Source file 12: PairVLQ_x53x53_tWtW_narrow_RH_M1200_TuneCP5_13TeV-madgraph-pythia8_27nominal.root
hadd Source file 13: PairVLQ_x53x53_tWtW_narrow_RH_M1200_TuneCP5_13TeV-madgraph-pythia8_28nominal.root
hadd Source file 14: PairVLQ_x53x53_tWtW_narrow_RH_M1200_TuneCP5_13TeV-madgraph-pythia8_29nominal.root
hadd Source file 15: PairVLQ_x53x53_tWtW_narrow_RH_M1200_TuneCP5_13TeV-madgraph-pythia8_2nominal.root
hadd Source file 16: PairVLQ_x53x53_tWtW_narrow_RH_M1200_TuneCP5_13TeV-madgraph-pythia8_30nominal.root
hadd Source file 17: PairVLQ_x53x53_tWtW_narrow_RH_M1200_TuneCP5_13TeV-madgraph-pythia8_31nominal.root
hadd Source file 18: PairVLQ_x53x53_tWtW_narrow_RH_M1200_TuneCP5_13TeV-madgraph-pythia8_32nominal.root
hadd Source file 19: PairVLQ_x53x53_tWtW_narrow_RH_M1200_TuneCP5_13TeV-madgraph-pythia8_33nominal.root
hadd Source file 20: PairVLQ_x53x53_tWtW_narrow_RH_M1200_TuneCP5_13TeV-madgraph-pythia8_34nominal.root
hadd Source file 21: PairVLQ_x53x53_tWtW_narrow_RH_M1200_TuneCP5_13TeV-madgraph-pythia8_35nominal.root
hadd Source file 22: PairVLQ_x53x53_tWtW_narrow_RH_M1200_TuneCP5_13TeV-madgraph-pythia8_36nominal.root
hadd Source file 23: PairVLQ_x53x53_tWtW_narrow_RH_M1200_TuneCP5_13TeV-madgraph-pythia8_37nominal.root
hadd Source file 24: PairVLQ_x53x53_tWtW_narrow_RH_M1200_TuneCP5_13TeV-madgraph-pythia8_38nominal.root
hadd Source file 25: PairVLQ_x53x53_tWtW_narrow_RH_M1200_TuneCP5_13TeV-madgraph-pythia8_39nominal.root
hadd Source file 26: PairVLQ_x53x53_tWtW_narrow_RH_M1200_TuneCP5_13TeV-madgraph-pythia8_3nominal.root
hadd Source file 27: PairVLQ_x53x53_tWtW_narrow_RH_M1200_TuneCP5_13TeV-madgraph-pythia8_40nominal.root
hadd Source file 28: PairVLQ_x53x53_tWtW_narrow_RH_M1200_TuneCP5_13TeV-madgraph-pythia8_41nominal.root
hadd Source file 29: PairVLQ_x53x53_tWtW_narrow_RH_M1200_TuneCP5_13TeV-madgraph-pythia8_42nominal.root
hadd Source file 30: PairVLQ_x53x53_tWtW_narrow_RH_M1200_TuneCP5_13TeV-madgraph-pythia8_4nominal.root
hadd Target path: PairVLQ_x53x53_tWtW_narrow_RH_M1200_TuneCP5_13TeV-madgraph-pythia8_3nominal_hadd.root:/
>> mv PairVLQ_x53x53_tWtW_narrow_RH_M1200_TuneCP5_13TeV-madgraph-pythia8_3nominal_hadd.root /isilon/hadoop/store/group/bruxljm/FWLJMET106XUL_singleLep2017UL_RunIISummer20_X53X53_step1/nominal/PairVLQ_x53x53_tWtW_narrow_RH_M1200_TuneCP5_13TeV-madgraph-pythia8/PairVLQ_x53x53_tWtW_narrow_RH_M1200_TuneCP5_13TeV-madgraph-pythia8_3.root
[DONE]
