/isilon/condor/hep107.hep.brown.edu/execute/dir_245009
>> Setting macroDir to PWD

Processing compile_step1.C...
>> Running on BRUX, PairVLQ_x53x53_tWtW_narrow_RH_M1500_TuneCP5_13TeV-madgraph-pythia8 stored on BRUX
>> Input file path: /isilon/hadoop/store/group/bruxljm/FWLJMET106XUL_singleLep2017UL_RunIISummer20_X53X53/PairVLQ_x53x53_tWtW_narrow_RH_M1500_TuneCP5_13TeV-madgraph-pythia8/singleLep2017UL/230310_180718/0000
>> Running step1 over list: 126 127 128 129 13 130 131 132 133 134 135 136 137 138 139 14 140 141 142 143 144 145 146 147 148 149 15 150 16 17
>> Adding PairVLQ_x53x53_tWtW_narrow_RH_M1500_TuneCP5_13TeV-madgraph-pythia8_126.root to the list by reading PairVLQ_x53x53_tWtW_narrow_RH_M1500_TuneCP5_13TeV-madgraph-pythia8_126
>> Adding PairVLQ_x53x53_tWtW_narrow_RH_M1500_TuneCP5_13TeV-madgraph-pythia8_127.root to the list by reading PairVLQ_x53x53_tWtW_narrow_RH_M1500_TuneCP5_13TeV-madgraph-pythia8_127
>> Adding PairVLQ_x53x53_tWtW_narrow_RH_M1500_TuneCP5_13TeV-madgraph-pythia8_128.root to the list by reading PairVLQ_x53x53_tWtW_narrow_RH_M1500_TuneCP5_13TeV-madgraph-pythia8_128
>> Adding PairVLQ_x53x53_tWtW_narrow_RH_M1500_TuneCP5_13TeV-madgraph-pythia8_129.root to the list by reading PairVLQ_x53x53_tWtW_narrow_RH_M1500_TuneCP5_13TeV-madgraph-pythia8_129
>> Adding PairVLQ_x53x53_tWtW_narrow_RH_M1500_TuneCP5_13TeV-madgraph-pythia8_13.root to the list by reading PairVLQ_x53x53_tWtW_narrow_RH_M1500_TuneCP5_13TeV-madgraph-pythia8_13
>> Adding PairVLQ_x53x53_tWtW_narrow_RH_M1500_TuneCP5_13TeV-madgraph-pythia8_130.root to the list by reading PairVLQ_x53x53_tWtW_narrow_RH_M1500_TuneCP5_13TeV-madgraph-pythia8_130
>> Adding PairVLQ_x53x53_tWtW_narrow_RH_M1500_TuneCP5_13TeV-madgraph-pythia8_131.root to the list by reading PairVLQ_x53x53_tWtW_narrow_RH_M1500_TuneCP5_13TeV-madgraph-pythia8_131
>> Adding PairVLQ_x53x53_tWtW_narrow_RH_M1500_TuneCP5_13TeV-madgraph-pythia8_132.root to the list by reading PairVLQ_x53x53_tWtW_narrow_RH_M1500_TuneCP5_13TeV-madgraph-pythia8_132
>> Adding PairVLQ_x53x53_tWtW_narrow_RH_M1500_TuneCP5_13TeV-madgraph-pythia8_133.root to the list by reading PairVLQ_x53x53_tWtW_narrow_RH_M1500_TuneCP5_13TeV-madgraph-pythia8_133
>> Adding PairVLQ_x53x53_tWtW_narrow_RH_M1500_TuneCP5_13TeV-madgraph-pythia8_134.root to the list by reading PairVLQ_x53x53_tWtW_narrow_RH_M1500_TuneCP5_13TeV-madgraph-pythia8_134
>> Adding PairVLQ_x53x53_tWtW_narrow_RH_M1500_TuneCP5_13TeV-madgraph-pythia8_135.root to the list by reading PairVLQ_x53x53_tWtW_narrow_RH_M1500_TuneCP5_13TeV-madgraph-pythia8_135
>> Adding PairVLQ_x53x53_tWtW_narrow_RH_M1500_TuneCP5_13TeV-madgraph-pythia8_136.root to the list by reading PairVLQ_x53x53_tWtW_narrow_RH_M1500_TuneCP5_13TeV-madgraph-pythia8_136
>> Adding PairVLQ_x53x53_tWtW_narrow_RH_M1500_TuneCP5_13TeV-madgraph-pythia8_137.root to the list by reading PairVLQ_x53x53_tWtW_narrow_RH_M1500_TuneCP5_13TeV-madgraph-pythia8_137
>> Adding PairVLQ_x53x53_tWtW_narrow_RH_M1500_TuneCP5_13TeV-madgraph-pythia8_138.root to the list by reading PairVLQ_x53x53_tWtW_narrow_RH_M1500_TuneCP5_13TeV-madgraph-pythia8_138
>> Adding PairVLQ_x53x53_tWtW_narrow_RH_M1500_TuneCP5_13TeV-madgraph-pythia8_139.root to the list by reading PairVLQ_x53x53_tWtW_narrow_RH_M1500_TuneCP5_13TeV-madgraph-pythia8_139
>> Adding PairVLQ_x53x53_tWtW_narrow_RH_M1500_TuneCP5_13TeV-madgraph-pythia8_14.root to the list by reading PairVLQ_x53x53_tWtW_narrow_RH_M1500_TuneCP5_13TeV-madgraph-pythia8_14
>> Adding PairVLQ_x53x53_tWtW_narrow_RH_M1500_TuneCP5_13TeV-madgraph-pythia8_140.root to the list by reading PairVLQ_x53x53_tWtW_narrow_RH_M1500_TuneCP5_13TeV-madgraph-pythia8_140
>> Adding PairVLQ_x53x53_tWtW_narrow_RH_M1500_TuneCP5_13TeV-madgraph-pythia8_141.root to the list by reading PairVLQ_x53x53_tWtW_narrow_RH_M1500_TuneCP5_13TeV-madgraph-pythia8_141
>> Adding PairVLQ_x53x53_tWtW_narrow_RH_M1500_TuneCP5_13TeV-madgraph-pythia8_142.root to the list by reading PairVLQ_x53x53_tWtW_narrow_RH_M1500_TuneCP5_13TeV-madgraph-pythia8_142
>> Adding PairVLQ_x53x53_tWtW_narrow_RH_M1500_TuneCP5_13TeV-madgraph-pythia8_143.root to the list by reading PairVLQ_x53x53_tWtW_narrow_RH_M1500_TuneCP5_13TeV-madgraph-pythia8_143
>> Adding PairVLQ_x53x53_tWtW_narrow_RH_M1500_TuneCP5_13TeV-madgraph-pythia8_144.root to the list by reading PairVLQ_x53x53_tWtW_narrow_RH_M1500_TuneCP5_13TeV-madgraph-pythia8_144
>> Adding PairVLQ_x53x53_tWtW_narrow_RH_M1500_TuneCP5_13TeV-madgraph-pythia8_145.root to the list by reading PairVLQ_x53x53_tWtW_narrow_RH_M1500_TuneCP5_13TeV-madgraph-pythia8_145
>> Adding PairVLQ_x53x53_tWtW_narrow_RH_M1500_TuneCP5_13TeV-madgraph-pythia8_146.root to the list by reading PairVLQ_x53x53_tWtW_narrow_RH_M1500_TuneCP5_13TeV-madgraph-pythia8_146
>> Adding PairVLQ_x53x53_tWtW_narrow_RH_M1500_TuneCP5_13TeV-madgraph-pythia8_147.root to the list by reading PairVLQ_x53x53_tWtW_narrow_RH_M1500_TuneCP5_13TeV-madgraph-pythia8_147
>> Adding PairVLQ_x53x53_tWtW_narrow_RH_M1500_TuneCP5_13TeV-madgraph-pythia8_148.root to the list by reading PairVLQ_x53x53_tWtW_narrow_RH_M1500_TuneCP5_13TeV-madgraph-pythia8_148
>> Adding PairVLQ_x53x53_tWtW_narrow_RH_M1500_TuneCP5_13TeV-madgraph-pythia8_149.root to the list by reading PairVLQ_x53x53_tWtW_narrow_RH_M1500_TuneCP5_13TeV-madgraph-pythia8_149
>> Adding PairVLQ_x53x53_tWtW_narrow_RH_M1500_TuneCP5_13TeV-madgraph-pythia8_15.root to the list by reading PairVLQ_x53x53_tWtW_narrow_RH_M1500_TuneCP5_13TeV-madgraph-pythia8_15
>> Adding PairVLQ_x53x53_tWtW_narrow_RH_M1500_TuneCP5_13TeV-madgraph-pythia8_150.root to the list by reading PairVLQ_x53x53_tWtW_narrow_RH_M1500_TuneCP5_13TeV-madgraph-pythia8_150
>> Adding PairVLQ_x53x53_tWtW_narrow_RH_M1500_TuneCP5_13TeV-madgraph-pythia8_16.root to the list by reading PairVLQ_x53x53_tWtW_narrow_RH_M1500_TuneCP5_13TeV-madgraph-pythia8_16
>> Adding PairVLQ_x53x53_tWtW_narrow_RH_M1500_TuneCP5_13TeV-madgraph-pythia8_17.root to the list by reading PairVLQ_x53x53_tWtW_narrow_RH_M1500_TuneCP5_13TeV-madgraph-pythia8_17
[OPT] Using deepCSV reshaping file: reshaping_deepCSV_106XUL17_v4.csv
[OPT] Using deepJet reshaping file: reshaping_deepJet_106XUL17_v4.csv

>> Running /isilon/hadoop/store/group/bruxljm/FWLJMET106XUL_singleLep2017UL_RunIISummer20_X53X53/PairVLQ_x53x53_tWtW_narrow_RH_M1500_TuneCP5_13TeV-madgraph-pythia8/singleLep2017UL/230310_180718/0000/PairVLQ_x53x53_tWtW_narrow_RH_M1500_TuneCP5_13TeV-madgraph-pythia8_126.root for shift: nominal
[step1.h] Opening file: /isilon/hadoop/store/group/bruxljm/FWLJMET106XUL_singleLep2017UL_RunIISummer20_X53X53/PairVLQ_x53x53_tWtW_narrow_RH_M1500_TuneCP5_13TeV-madgraph-pythia8/singleLep2017UL/230310_180718/0000/PairVLQ_x53x53_tWtW_narrow_RH_M1500_TuneCP5_13TeV-madgraph-pythia8_126.root
[step1.h] Finished initializing
RUN CONFIG: YEAR = 2017
Era = 
isMC = 1, isSig = 1, SigMass = 8
isHad =0, isSE =0, isSM =0
isTTTT = 0, isXX = 1, isTpTp = 0, isBpBp = 0
For W's: isTT = 0, isSTt = 0, isSTtW = 0
For jets & PDF: isTOP = 0, isMadgraphBkg = 1
For HOTTagger Efficiencies: isTTV = 0, isTTHbb = 0, isTTHnonbb = 0, isTTTX = 0
isTTVV = 0, isST = 0, isTTToSemiLeptonHT500Njet9 = 0
Pileup sample key: PairVLQ_x53x53_tWtW_narrow_RH_M1500_TuneCP5_13TeV-madgraph-pythia8
b-tagging working points: 0.304(DeepJet)0.4506(DeepCSV)
isTTincMtt0to700: 0
isTTincMtt0to1000: 0
isTTincMtt700to1000: 0
isTTincMtt1000toInf: 0
isTTSemilepIncHT0Njet0: 0
isTTSemilepIncHT500Njet9: 0
outTTLF: 0
outTTCC: 0
outTTBB: 0
outTT1B: 0
outTT2B: 0
>> Completed 0 out of 1069 events
[INFO] Defaulting to central deepJet weight for: nominal
>> Completed 1000 out of 1069 events
Nelectrons      = 488 / 1069
Npassed_ElEta   = 488 / 1069
Nmuons          = 581 / 1069
NrelIsoFail     = 0 / 1069
Npassed_MuEta   = 581 / 1069
Npassed_nAK8Jets= 1069 / 1069
Npassed_Trigger = 1037 / 1069
Npassed_MET     = 961 / 1069
Npassed_lepPt   = 1001 / 1069
Npassed_HT      = 1068 / 1069
npass_Njets     = 1064 / 1069
Npassed_ALL     = 893 / 1069

>> Running /isilon/hadoop/store/group/bruxljm/FWLJMET106XUL_singleLep2017UL_RunIISummer20_X53X53/PairVLQ_x53x53_tWtW_narrow_RH_M1500_TuneCP5_13TeV-madgraph-pythia8/singleLep2017UL/230310_180718/0000/PairVLQ_x53x53_tWtW_narrow_RH_M1500_TuneCP5_13TeV-madgraph-pythia8_127.root for shift: nominal
[step1.h] Opening file: /isilon/hadoop/store/group/bruxljm/FWLJMET106XUL_singleLep2017UL_RunIISummer20_X53X53/PairVLQ_x53x53_tWtW_narrow_RH_M1500_TuneCP5_13TeV-madgraph-pythia8/singleLep2017UL/230310_180718/0000/PairVLQ_x53x53_tWtW_narrow_RH_M1500_TuneCP5_13TeV-madgraph-pythia8_127.root
[step1.h] Finished initializing
RUN CONFIG: YEAR = 2017
Era = 
isMC = 1, isSig = 1, SigMass = 8
isHad =0, isSE =0, isSM =0
isTTTT = 0, isXX = 1, isTpTp = 0, isBpBp = 0
For W's: isTT = 0, isSTt = 0, isSTtW = 0
For jets & PDF: isTOP = 0, isMadgraphBkg = 1
For HOTTagger Efficiencies: isTTV = 0, isTTHbb = 0, isTTHnonbb = 0, isTTTX = 0
isTTVV = 0, isST = 0, isTTToSemiLeptonHT500Njet9 = 0
Pileup sample key: PairVLQ_x53x53_tWtW_narrow_RH_M1500_TuneCP5_13TeV-madgraph-pythia8
b-tagging working points: 0.304(DeepJet)0.4506(DeepCSV)
isTTincMtt0to700: 0
isTTincMtt0to1000: 0
isTTincMtt700to1000: 0
isTTincMtt1000toInf: 0
isTTSemilepIncHT0Njet0: 0
isTTSemilepIncHT500Njet9: 0
outTTLF: 0
outTTCC: 0
outTTBB: 0
outTT1B: 0
outTT2B: 0
>> Completed 0 out of 1071 events
[INFO] Defaulting to central deepJet weight for: nominal
>> Completed 1000 out of 1071 events
Nelectrons      = 484 / 1071
Npassed_ElEta   = 484 / 1071
Nmuons          = 587 / 1071
NrelIsoFail     = 0 / 1071
Npassed_MuEta   = 587 / 1071
Npassed_nAK8Jets= 1071 / 1071
Npassed_Trigger = 1032 / 1071
Npassed_MET     = 974 / 1071
Npassed_lepPt   = 1007 / 1071
Npassed_HT      = 1071 / 1071
npass_Njets     = 1066 / 1071
Npassed_ALL     = 912 / 1071

>> Running /isilon/hadoop/store/group/bruxljm/FWLJMET106XUL_singleLep2017UL_RunIISummer20_X53X53/PairVLQ_x53x53_tWtW_narrow_RH_M1500_TuneCP5_13TeV-madgraph-pythia8/singleLep2017UL/230310_180718/0000/PairVLQ_x53x53_tWtW_narrow_RH_M1500_TuneCP5_13TeV-madgraph-pythia8_128.root for shift: nominal
[step1.h] Opening file: /isilon/hadoop/store/group/bruxljm/FWLJMET106XUL_singleLep2017UL_RunIISummer20_X53X53/PairVLQ_x53x53_tWtW_narrow_RH_M1500_TuneCP5_13TeV-madgraph-pythia8/singleLep2017UL/230310_180718/0000/PairVLQ_x53x53_tWtW_narrow_RH_M1500_TuneCP5_13TeV-madgraph-pythia8_128.root
[step1.h] Finished initializing
RUN CONFIG: YEAR = 2017
Era = 
isMC = 1, isSig = 1, SigMass = 8
isHad =0, isSE =0, isSM =0
isTTTT = 0, isXX = 1, isTpTp = 0, isBpBp = 0
For W's: isTT = 0, isSTt = 0, isSTtW = 0
For jets & PDF: isTOP = 0, isMadgraphBkg = 1
For HOTTagger Efficiencies: isTTV = 0, isTTHbb = 0, isTTHnonbb = 0, isTTTX = 0
isTTVV = 0, isST = 0, isTTToSemiLeptonHT500Njet9 = 0
Pileup sample key: PairVLQ_x53x53_tWtW_narrow_RH_M1500_TuneCP5_13TeV-madgraph-pythia8
b-tagging working points: 0.304(DeepJet)0.4506(DeepCSV)
isTTincMtt0to700: 0
isTTincMtt0to1000: 0
isTTincMtt700to1000: 0
isTTincMtt1000toInf: 0
isTTSemilepIncHT0Njet0: 0
isTTSemilepIncHT500Njet9: 0
outTTLF: 0
outTTCC: 0
outTTBB: 0
outTT1B: 0
outTT2B: 0
>> Completed 0 out of 1057 events
[INFO] Defaulting to central deepJet weight for: nominal
>> Completed 1000 out of 1057 events
Nelectrons      = 483 / 1057
Npassed_ElEta   = 483 / 1057
Nmuons          = 574 / 1057
NrelIsoFail     = 0 / 1057
Npassed_MuEta   = 574 / 1057
Npassed_nAK8Jets= 1057 / 1057
Npassed_Trigger = 1016 / 1057
Npassed_MET     = 953 / 1057
Npassed_lepPt   = 989 / 1057
Npassed_HT      = 1053 / 1057
npass_Njets     = 1053 / 1057
Npassed_ALL     = 887 / 1057

>> Running /isilon/hadoop/store/group/bruxljm/FWLJMET106XUL_singleLep2017UL_RunIISummer20_X53X53/PairVLQ_x53x53_tWtW_narrow_RH_M1500_TuneCP5_13TeV-madgraph-pythia8/singleLep2017UL/230310_180718/0000/PairVLQ_x53x53_tWtW_narrow_RH_M1500_TuneCP5_13TeV-madgraph-pythia8_129.root for shift: nominal
[step1.h] Opening file: /isilon/hadoop/store/group/bruxljm/FWLJMET106XUL_singleLep2017UL_RunIISummer20_X53X53/PairVLQ_x53x53_tWtW_narrow_RH_M1500_TuneCP5_13TeV-madgraph-pythia8/singleLep2017UL/230310_180718/0000/PairVLQ_x53x53_tWtW_narrow_RH_M1500_TuneCP5_13TeV-madgraph-pythia8_129.root
[step1.h] Finished initializing
RUN CONFIG: YEAR = 2017
Era = 
isMC = 1, isSig = 1, SigMass = 8
isHad =0, isSE =0, isSM =0
isTTTT = 0, isXX = 1, isTpTp = 0, isBpBp = 0
For W's: isTT = 0, isSTt = 0, isSTtW = 0
For jets & PDF: isTOP = 0, isMadgraphBkg = 1
For HOTTagger Efficiencies: isTTV = 0, isTTHbb = 0, isTTHnonbb = 0, isTTTX = 0
isTTVV = 0, isST = 0, isTTToSemiLeptonHT500Njet9 = 0
Pileup sample key: PairVLQ_x53x53_tWtW_narrow_RH_M1500_TuneCP5_13TeV-madgraph-pythia8
b-tagging working points: 0.304(DeepJet)0.4506(DeepCSV)
isTTincMtt0to700: 0
isTTincMtt0to1000: 0
isTTincMtt700to1000: 0
isTTincMtt1000toInf: 0
isTTSemilepIncHT0Njet0: 0
isTTSemilepIncHT500Njet9: 0
outTTLF: 0
outTTCC: 0
outTTBB: 0
outTT1B: 0
outTT2B: 0
>> Completed 0 out of 1051 events
[INFO] Defaulting to central deepJet weight for: nominal
>> Completed 1000 out of 1051 events
Nelectrons      = 484 / 1051
Npassed_ElEta   = 484 / 1051
Nmuons          = 567 / 1051
NrelIsoFail     = 0 / 1051
Npassed_MuEta   = 567 / 1051
Npassed_nAK8Jets= 1051 / 1051
Npassed_Trigger = 1019 / 1051
Npassed_MET     = 955 / 1051
Npassed_lepPt   = 966 / 1051
Npassed_HT      = 1051 / 1051
npass_Njets     = 1048 / 1051
Npassed_ALL     = 872 / 1051

>> Running /isilon/hadoop/store/group/bruxljm/FWLJMET106XUL_singleLep2017UL_RunIISummer20_X53X53/PairVLQ_x53x53_tWtW_narrow_RH_M1500_TuneCP5_13TeV-madgraph-pythia8/singleLep2017UL/230310_180718/0000/PairVLQ_x53x53_tWtW_narrow_RH_M1500_TuneCP5_13TeV-madgraph-pythia8_13.root for shift: nominal
[step1.h] Opening file: /isilon/hadoop/store/group/bruxljm/FWLJMET106XUL_singleLep2017UL_RunIISummer20_X53X53/PairVLQ_x53x53_tWtW_narrow_RH_M1500_TuneCP5_13TeV-madgraph-pythia8/singleLep2017UL/230310_180718/0000/PairVLQ_x53x53_tWtW_narrow_RH_M1500_TuneCP5_13TeV-madgraph-pythia8_13.root
[step1.h] Finished initializing
RUN CONFIG: YEAR = 2017
Era = 
isMC = 1, isSig = 1, SigMass = 8
isHad =0, isSE =0, isSM =0
isTTTT = 0, isXX = 1, isTpTp = 0, isBpBp = 0
For W's: isTT = 0, isSTt = 0, isSTtW = 0
For jets & PDF: isTOP = 0, isMadgraphBkg = 1
For HOTTagger Efficiencies: isTTV = 0, isTTHbb = 0, isTTHnonbb = 0, isTTTX = 0
isTTVV = 0, isST = 0, isTTToSemiLeptonHT500Njet9 = 0
Pileup sample key: PairVLQ_x53x53_tWtW_narrow_RH_M1500_TuneCP5_13TeV-madgraph-pythia8
b-tagging working points: 0.304(DeepJet)0.4506(DeepCSV)
isTTincMtt0to700: 0
isTTincMtt0to1000: 0
isTTincMtt700to1000: 0
isTTincMtt1000toInf: 0
isTTSemilepIncHT0Njet0: 0
isTTSemilepIncHT500Njet9: 0
outTTLF: 0
outTTCC: 0
outTTBB: 0
outTT1B: 0
outTT2B: 0
>> Completed 0 out of 1086 events
[INFO] Defaulting to central deepJet weight for: nominal
>> Completed 1000 out of 1086 events
Nelectrons      = 512 / 1086
Npassed_ElEta   = 512 / 1086
Nmuons          = 574 / 1086
NrelIsoFail     = 0 / 1086
Npassed_MuEta   = 574 / 1086
Npassed_nAK8Jets= 1086 / 1086
Npassed_Trigger = 1039 / 1086
Npassed_MET     = 974 / 1086
Npassed_lepPt   = 1008 / 1086
Npassed_HT      = 1086 / 1086
npass_Njets     = 1084 / 1086
Npassed_ALL     = 904 / 1086

>> Running /isilon/hadoop/store/group/bruxljm/FWLJMET106XUL_singleLep2017UL_RunIISummer20_X53X53/PairVLQ_x53x53_tWtW_narrow_RH_M1500_TuneCP5_13TeV-madgraph-pythia8/singleLep2017UL/230310_180718/0000/PairVLQ_x53x53_tWtW_narrow_RH_M1500_TuneCP5_13TeV-madgraph-pythia8_130.root for shift: nominal
[step1.h] Opening file: /isilon/hadoop/store/group/bruxljm/FWLJMET106XUL_singleLep2017UL_RunIISummer20_X53X53/PairVLQ_x53x53_tWtW_narrow_RH_M1500_TuneCP5_13TeV-madgraph-pythia8/singleLep2017UL/230310_180718/0000/PairVLQ_x53x53_tWtW_narrow_RH_M1500_TuneCP5_13TeV-madgraph-pythia8_130.root
[step1.h] Finished initializing
RUN CONFIG: YEAR = 2017
Era = 
isMC = 1, isSig = 1, SigMass = 8
isHad =0, isSE =0, isSM =0
isTTTT = 0, isXX = 1, isTpTp = 0, isBpBp = 0
For W's: isTT = 0, isSTt = 0, isSTtW = 0
For jets & PDF: isTOP = 0, isMadgraphBkg = 1
For HOTTagger Efficiencies: isTTV = 0, isTTHbb = 0, isTTHnonbb = 0, isTTTX = 0
isTTVV = 0, isST = 0, isTTToSemiLeptonHT500Njet9 = 0
Pileup sample key: PairVLQ_x53x53_tWtW_narrow_RH_M1500_TuneCP5_13TeV-madgraph-pythia8
b-tagging working points: 0.304(DeepJet)0.4506(DeepCSV)
isTTincMtt0to700: 0
isTTincMtt0to1000: 0
isTTincMtt700to1000: 0
isTTincMtt1000toInf: 0
isTTSemilepIncHT0Njet0: 0
isTTSemilepIncHT500Njet9: 0
outTTLF: 0
outTTCC: 0
outTTBB: 0
outTT1B: 0
outTT2B: 0
>> Completed 0 out of 1073 events
[INFO] Defaulting to central deepJet weight for: nominal
>> Completed 1000 out of 1073 events
Nelectrons      = 494 / 1073
Npassed_ElEta   = 494 / 1073
Nmuons          = 579 / 1073
NrelIsoFail     = 0 / 1073
Npassed_MuEta   = 579 / 1073
Npassed_nAK8Jets= 1073 / 1073
Npassed_Trigger = 1030 / 1073
Npassed_MET     = 948 / 1073
Npassed_lepPt   = 989 / 1073
Npassed_HT      = 1073 / 1073
npass_Njets     = 1067 / 1073
Npassed_ALL     = 865 / 1073

>> Running /isilon/hadoop/store/group/bruxljm/FWLJMET106XUL_singleLep2017UL_RunIISummer20_X53X53/PairVLQ_x53x53_tWtW_narrow_RH_M1500_TuneCP5_13TeV-madgraph-pythia8/singleLep2017UL/230310_180718/0000/PairVLQ_x53x53_tWtW_narrow_RH_M1500_TuneCP5_13TeV-madgraph-pythia8_131.root for shift: nominal
[step1.h] Opening file: /isilon/hadoop/store/group/bruxljm/FWLJMET106XUL_singleLep2017UL_RunIISummer20_X53X53/PairVLQ_x53x53_tWtW_narrow_RH_M1500_TuneCP5_13TeV-madgraph-pythia8/singleLep2017UL/230310_180718/0000/PairVLQ_x53x53_tWtW_narrow_RH_M1500_TuneCP5_13TeV-madgraph-pythia8_131.root
[step1.h] Finished initializing
RUN CONFIG: YEAR = 2017
Era = 
isMC = 1, isSig = 1, SigMass = 8
isHad =0, isSE =0, isSM =0
isTTTT = 0, isXX = 1, isTpTp = 0, isBpBp = 0
For W's: isTT = 0, isSTt = 0, isSTtW = 0
For jets & PDF: isTOP = 0, isMadgraphBkg = 1
For HOTTagger Efficiencies: isTTV = 0, isTTHbb = 0, isTTHnonbb = 0, isTTTX = 0
isTTVV = 0, isST = 0, isTTToSemiLeptonHT500Njet9 = 0
Pileup sample key: PairVLQ_x53x53_tWtW_narrow_RH_M1500_TuneCP5_13TeV-madgraph-pythia8
b-tagging working points: 0.304(DeepJet)0.4506(DeepCSV)
isTTincMtt0to700: 0
isTTincMtt0to1000: 0
isTTincMtt700to1000: 0
isTTincMtt1000toInf: 0
isTTSemilepIncHT0Njet0: 0
isTTSemilepIncHT500Njet9: 0
outTTLF: 0
outTTCC: 0
outTTBB: 0
outTT1B: 0
outTT2B: 0
>> Completed 0 out of 1068 events
[INFO] Defaulting to central deepJet weight for: nominal
>> Completed 1000 out of 1068 events
Nelectrons      = 477 / 1068
Npassed_ElEta   = 477 / 1068
Nmuons          = 591 / 1068
NrelIsoFail     = 0 / 1068
Npassed_MuEta   = 591 / 1068
Npassed_nAK8Jets= 1068 / 1068
Npassed_Trigger = 1036 / 1068
Npassed_MET     = 979 / 1068
Npassed_lepPt   = 1008 / 1068
Npassed_HT      = 1068 / 1068
npass_Njets     = 1066 / 1068
Npassed_ALL     = 922 / 1068

>> Running /isilon/hadoop/store/group/bruxljm/FWLJMET106XUL_singleLep2017UL_RunIISummer20_X53X53/PairVLQ_x53x53_tWtW_narrow_RH_M1500_TuneCP5_13TeV-madgraph-pythia8/singleLep2017UL/230310_180718/0000/PairVLQ_x53x53_tWtW_narrow_RH_M1500_TuneCP5_13TeV-madgraph-pythia8_132.root for shift: nominal
[step1.h] Opening file: /isilon/hadoop/store/group/bruxljm/FWLJMET106XUL_singleLep2017UL_RunIISummer20_X53X53/PairVLQ_x53x53_tWtW_narrow_RH_M1500_TuneCP5_13TeV-madgraph-pythia8/singleLep2017UL/230310_180718/0000/PairVLQ_x53x53_tWtW_narrow_RH_M1500_TuneCP5_13TeV-madgraph-pythia8_132.root
[step1.h] Finished initializing
RUN CONFIG: YEAR = 2017
Era = 
isMC = 1, isSig = 1, SigMass = 8
isHad =0, isSE =0, isSM =0
isTTTT = 0, isXX = 1, isTpTp = 0, isBpBp = 0
For W's: isTT = 0, isSTt = 0, isSTtW = 0
For jets & PDF: isTOP = 0, isMadgraphBkg = 1
For HOTTagger Efficiencies: isTTV = 0, isTTHbb = 0, isTTHnonbb = 0, isTTTX = 0
isTTVV = 0, isST = 0, isTTToSemiLeptonHT500Njet9 = 0
Pileup sample key: PairVLQ_x53x53_tWtW_narrow_RH_M1500_TuneCP5_13TeV-madgraph-pythia8
b-tagging working points: 0.304(DeepJet)0.4506(DeepCSV)
isTTincMtt0to700: 0
isTTincMtt0to1000: 0
isTTincMtt700to1000: 0
isTTincMtt1000toInf: 0
isTTSemilepIncHT0Njet0: 0
isTTSemilepIncHT500Njet9: 0
outTTLF: 0
outTTCC: 0
outTTBB: 0
outTT1B: 0
outTT2B: 0
>> Completed 0 out of 1099 events
[INFO] Defaulting to central deepJet weight for: nominal
>> Completed 1000 out of 1099 events
Nelectrons      = 484 / 1099
Npassed_ElEta   = 484 / 1099
Nmuons          = 615 / 1099
NrelIsoFail     = 0 / 1099
Npassed_MuEta   = 615 / 1099
Npassed_nAK8Jets= 1099 / 1099
Npassed_Trigger = 1063 / 1099
Npassed_MET     = 979 / 1099
Npassed_lepPt   = 1018 / 1099
Npassed_HT      = 1099 / 1099
npass_Njets     = 1093 / 1099
Npassed_ALL     = 898 / 1099

>> Running /isilon/hadoop/store/group/bruxljm/FWLJMET106XUL_singleLep2017UL_RunIISummer20_X53X53/PairVLQ_x53x53_tWtW_narrow_RH_M1500_TuneCP5_13TeV-madgraph-pythia8/singleLep2017UL/230310_180718/0000/PairVLQ_x53x53_tWtW_narrow_RH_M1500_TuneCP5_13TeV-madgraph-pythia8_133.root for shift: nominal
[step1.h] Opening file: /isilon/hadoop/store/group/bruxljm/FWLJMET106XUL_singleLep2017UL_RunIISummer20_X53X53/PairVLQ_x53x53_tWtW_narrow_RH_M1500_TuneCP5_13TeV-madgraph-pythia8/singleLep2017UL/230310_180718/0000/PairVLQ_x53x53_tWtW_narrow_RH_M1500_TuneCP5_13TeV-madgraph-pythia8_133.root
[step1.h] Finished initializing
RUN CONFIG: YEAR = 2017
Era = 
isMC = 1, isSig = 1, SigMass = 8
isHad =0, isSE =0, isSM =0
isTTTT = 0, isXX = 1, isTpTp = 0, isBpBp = 0
For W's: isTT = 0, isSTt = 0, isSTtW = 0
For jets & PDF: isTOP = 0, isMadgraphBkg = 1
For HOTTagger Efficiencies: isTTV = 0, isTTHbb = 0, isTTHnonbb = 0, isTTTX = 0
isTTVV = 0, isST = 0, isTTToSemiLeptonHT500Njet9 = 0
Pileup sample key: PairVLQ_x53x53_tWtW_narrow_RH_M1500_TuneCP5_13TeV-madgraph-pythia8
b-tagging working points: 0.304(DeepJet)0.4506(DeepCSV)
isTTincMtt0to700: 0
isTTincMtt0to1000: 0
isTTincMtt700to1000: 0
isTTincMtt1000toInf: 0
isTTSemilepIncHT0Njet0: 0
isTTSemilepIncHT500Njet9: 0
outTTLF: 0
outTTCC: 0
outTTBB: 0
outTT1B: 0
outTT2B: 0
>> Completed 0 out of 1051 events
[INFO] Defaulting to central deepJet weight for: nominal
>> Completed 1000 out of 1051 events
Nelectrons      = 493 / 1051
Npassed_ElEta   = 493 / 1051
Nmuons          = 558 / 1051
NrelIsoFail     = 0 / 1051
Npassed_MuEta   = 558 / 1051
Npassed_nAK8Jets= 1051 / 1051
Npassed_Trigger = 1014 / 1051
Npassed_MET     = 941 / 1051
Npassed_lepPt   = 958 / 1051
Npassed_HT      = 1049 / 1051
npass_Njets     = 1043 / 1051
Npassed_ALL     = 847 / 1051

>> Running /isilon/hadoop/store/group/bruxljm/FWLJMET106XUL_singleLep2017UL_RunIISummer20_X53X53/PairVLQ_x53x53_tWtW_narrow_RH_M1500_TuneCP5_13TeV-madgraph-pythia8/singleLep2017UL/230310_180718/0000/PairVLQ_x53x53_tWtW_narrow_RH_M1500_TuneCP5_13TeV-madgraph-pythia8_134.root for shift: nominal
[step1.h] Opening file: /isilon/hadoop/store/group/bruxljm/FWLJMET106XUL_singleLep2017UL_RunIISummer20_X53X53/PairVLQ_x53x53_tWtW_narrow_RH_M1500_TuneCP5_13TeV-madgraph-pythia8/singleLep2017UL/230310_180718/0000/PairVLQ_x53x53_tWtW_narrow_RH_M1500_TuneCP5_13TeV-madgraph-pythia8_134.root
[step1.h] Finished initializing
RUN CONFIG: YEAR = 2017
Era = 
isMC = 1, isSig = 1, SigMass = 8
isHad =0, isSE =0, isSM =0
isTTTT = 0, isXX = 1, isTpTp = 0, isBpBp = 0
For W's: isTT = 0, isSTt = 0, isSTtW = 0
For jets & PDF: isTOP = 0, isMadgraphBkg = 1
For HOTTagger Efficiencies: isTTV = 0, isTTHbb = 0, isTTHnonbb = 0, isTTTX = 0
isTTVV = 0, isST = 0, isTTToSemiLeptonHT500Njet9 = 0
Pileup sample key: PairVLQ_x53x53_tWtW_narrow_RH_M1500_TuneCP5_13TeV-madgraph-pythia8
b-tagging working points: 0.304(DeepJet)0.4506(DeepCSV)
isTTincMtt0to700: 0
isTTincMtt0to1000: 0
isTTincMtt700to1000: 0
isTTincMtt1000toInf: 0
isTTSemilepIncHT0Njet0: 0
isTTSemilepIncHT500Njet9: 0
outTTLF: 0
outTTCC: 0
outTTBB: 0
outTT1B: 0
outTT2B: 0
>> Completed 0 out of 1061 events
[INFO] Defaulting to central deepJet weight for: nominal
>> Completed 1000 out of 1061 events
Nelectrons      = 498 / 1061
Npassed_ElEta   = 498 / 1061
Nmuons          = 563 / 1061
NrelIsoFail     = 0 / 1061
Npassed_MuEta   = 563 / 1061
Npassed_nAK8Jets= 1061 / 1061
Npassed_Trigger = 1022 / 1061
Npassed_MET     = 947 / 1061
Npassed_lepPt   = 995 / 1061
Npassed_HT      = 1061 / 1061
npass_Njets     = 1056 / 1061
Npassed_ALL     = 883 / 1061

>> Running /isilon/hadoop/store/group/bruxljm/FWLJMET106XUL_singleLep2017UL_RunIISummer20_X53X53/PairVLQ_x53x53_tWtW_narrow_RH_M1500_TuneCP5_13TeV-madgraph-pythia8/singleLep2017UL/230310_180718/0000/PairVLQ_x53x53_tWtW_narrow_RH_M1500_TuneCP5_13TeV-madgraph-pythia8_135.root for shift: nominal
[step1.h] Opening file: /isilon/hadoop/store/group/bruxljm/FWLJMET106XUL_singleLep2017UL_RunIISummer20_X53X53/PairVLQ_x53x53_tWtW_narrow_RH_M1500_TuneCP5_13TeV-madgraph-pythia8/singleLep2017UL/230310_180718/0000/PairVLQ_x53x53_tWtW_narrow_RH_M1500_TuneCP5_13TeV-madgraph-pythia8_135.root
[step1.h] Finished initializing
RUN CONFIG: YEAR = 2017
Era = 
isMC = 1, isSig = 1, SigMass = 8
isHad =0, isSE =0, isSM =0
isTTTT = 0, isXX = 1, isTpTp = 0, isBpBp = 0
For W's: isTT = 0, isSTt = 0, isSTtW = 0
For jets & PDF: isTOP = 0, isMadgraphBkg = 1
For HOTTagger Efficiencies: isTTV = 0, isTTHbb = 0, isTTHnonbb = 0, isTTTX = 0
isTTVV = 0, isST = 0, isTTToSemiLeptonHT500Njet9 = 0
Pileup sample key: PairVLQ_x53x53_tWtW_narrow_RH_M1500_TuneCP5_13TeV-madgraph-pythia8
b-tagging working points: 0.304(DeepJet)0.4506(DeepCSV)
isTTincMtt0to700: 0
isTTincMtt0to1000: 0
isTTincMtt700to1000: 0
isTTincMtt1000toInf: 0
isTTSemilepIncHT0Njet0: 0
isTTSemilepIncHT500Njet9: 0
outTTLF: 0
outTTCC: 0
outTTBB: 0
outTT1B: 0
outTT2B: 0
>> Completed 0 out of 1019 events
[INFO] Defaulting to central deepJet weight for: nominal
>> Completed 1000 out of 1019 events
Nelectrons      = 457 / 1019
Npassed_ElEta   = 457 / 1019
Nmuons          = 562 / 1019
NrelIsoFail     = 0 / 1019
Npassed_MuEta   = 562 / 1019
Npassed_nAK8Jets= 1019 / 1019
Npassed_Trigger = 984 / 1019
Npassed_MET     = 922 / 1019
Npassed_lepPt   = 940 / 1019
Npassed_HT      = 1019 / 1019
npass_Njets     = 1014 / 1019
Npassed_ALL     = 843 / 1019

>> Running /isilon/hadoop/store/group/bruxljm/FWLJMET106XUL_singleLep2017UL_RunIISummer20_X53X53/PairVLQ_x53x53_tWtW_narrow_RH_M1500_TuneCP5_13TeV-madgraph-pythia8/singleLep2017UL/230310_180718/0000/PairVLQ_x53x53_tWtW_narrow_RH_M1500_TuneCP5_13TeV-madgraph-pythia8_136.root for shift: nominal
[step1.h] Opening file: /isilon/hadoop/store/group/bruxljm/FWLJMET106XUL_singleLep2017UL_RunIISummer20_X53X53/PairVLQ_x53x53_tWtW_narrow_RH_M1500_TuneCP5_13TeV-madgraph-pythia8/singleLep2017UL/230310_180718/0000/PairVLQ_x53x53_tWtW_narrow_RH_M1500_TuneCP5_13TeV-madgraph-pythia8_136.root
[step1.h] Finished initializing
RUN CONFIG: YEAR = 2017
Era = 
isMC = 1, isSig = 1, SigMass = 8
isHad =0, isSE =0, isSM =0
isTTTT = 0, isXX = 1, isTpTp = 0, isBpBp = 0
For W's: isTT = 0, isSTt = 0, isSTtW = 0
For jets & PDF: isTOP = 0, isMadgraphBkg = 1
For HOTTagger Efficiencies: isTTV = 0, isTTHbb = 0, isTTHnonbb = 0, isTTTX = 0
isTTVV = 0, isST = 0, isTTToSemiLeptonHT500Njet9 = 0
Pileup sample key: PairVLQ_x53x53_tWtW_narrow_RH_M1500_TuneCP5_13TeV-madgraph-pythia8
b-tagging working points: 0.304(DeepJet)0.4506(DeepCSV)
isTTincMtt0to700: 0
isTTincMtt0to1000: 0
isTTincMtt700to1000: 0
isTTincMtt1000toInf: 0
isTTSemilepIncHT0Njet0: 0
isTTSemilepIncHT500Njet9: 0
outTTLF: 0
outTTCC: 0
outTTBB: 0
outTT1B: 0
outTT2B: 0
>> Completed 0 out of 518 events
[INFO] Defaulting to central deepJet weight for: nominal
Nelectrons      = 249 / 518
Npassed_ElEta   = 249 / 518
Nmuons          = 269 / 518
NrelIsoFail     = 0 / 518
Npassed_MuEta   = 269 / 518
Npassed_nAK8Jets= 518 / 518
Npassed_Trigger = 495 / 518
Npassed_MET     = 466 / 518
Npassed_lepPt   = 489 / 518
Npassed_HT      = 517 / 518
npass_Njets     = 517 / 518
Npassed_ALL     = 440 / 518

>> Running /isilon/hadoop/store/group/bruxljm/FWLJMET106XUL_singleLep2017UL_RunIISummer20_X53X53/PairVLQ_x53x53_tWtW_narrow_RH_M1500_TuneCP5_13TeV-madgraph-pythia8/singleLep2017UL/230310_180718/0000/PairVLQ_x53x53_tWtW_narrow_RH_M1500_TuneCP5_13TeV-madgraph-pythia8_137.root for shift: nominal
[step1.h] Opening file: /isilon/hadoop/store/group/bruxljm/FWLJMET106XUL_singleLep2017UL_RunIISummer20_X53X53/PairVLQ_x53x53_tWtW_narrow_RH_M1500_TuneCP5_13TeV-madgraph-pythia8/singleLep2017UL/230310_180718/0000/PairVLQ_x53x53_tWtW_narrow_RH_M1500_TuneCP5_13TeV-madgraph-pythia8_137.root
[step1.h] Finished initializing
RUN CONFIG: YEAR = 2017
Era = 
isMC = 1, isSig = 1, SigMass = 8
isHad =0, isSE =0, isSM =0
isTTTT = 0, isXX = 1, isTpTp = 0, isBpBp = 0
For W's: isTT = 0, isSTt = 0, isSTtW = 0
For jets & PDF: isTOP = 0, isMadgraphBkg = 1
For HOTTagger Efficiencies: isTTV = 0, isTTHbb = 0, isTTHnonbb = 0, isTTTX = 0
isTTVV = 0, isST = 0, isTTToSemiLeptonHT500Njet9 = 0
Pileup sample key: PairVLQ_x53x53_tWtW_narrow_RH_M1500_TuneCP5_13TeV-madgraph-pythia8
b-tagging working points: 0.304(DeepJet)0.4506(DeepCSV)
isTTincMtt0to700: 0
isTTincMtt0to1000: 0
isTTincMtt700to1000: 0
isTTincMtt1000toInf: 0
isTTSemilepIncHT0Njet0: 0
isTTSemilepIncHT500Njet9: 0
outTTLF: 0
outTTCC: 0
outTTBB: 0
outTT1B: 0
outTT2B: 0
>> Completed 0 out of 1035 events
[INFO] Defaulting to central deepJet weight for: nominal
>> Completed 1000 out of 1035 events
Nelectrons      = 494 / 1035
Npassed_ElEta   = 494 / 1035
Nmuons          = 541 / 1035
NrelIsoFail     = 0 / 1035
Npassed_MuEta   = 541 / 1035
Npassed_nAK8Jets= 1035 / 1035
Npassed_Trigger = 1001 / 1035
Npassed_MET     = 933 / 1035
Npassed_lepPt   = 964 / 1035
Npassed_HT      = 1032 / 1035
npass_Njets     = 1029 / 1035
Npassed_ALL     = 866 / 1035

>> Running /isilon/hadoop/store/group/bruxljm/FWLJMET106XUL_singleLep2017UL_RunIISummer20_X53X53/PairVLQ_x53x53_tWtW_narrow_RH_M1500_TuneCP5_13TeV-madgraph-pythia8/singleLep2017UL/230310_180718/0000/PairVLQ_x53x53_tWtW_narrow_RH_M1500_TuneCP5_13TeV-madgraph-pythia8_138.root for shift: nominal
[step1.h] Opening file: /isilon/hadoop/store/group/bruxljm/FWLJMET106XUL_singleLep2017UL_RunIISummer20_X53X53/PairVLQ_x53x53_tWtW_narrow_RH_M1500_TuneCP5_13TeV-madgraph-pythia8/singleLep2017UL/230310_180718/0000/PairVLQ_x53x53_tWtW_narrow_RH_M1500_TuneCP5_13TeV-madgraph-pythia8_138.root
[step1.h] Finished initializing
RUN CONFIG: YEAR = 2017
Era = 
isMC = 1, isSig = 1, SigMass = 8
isHad =0, isSE =0, isSM =0
isTTTT = 0, isXX = 1, isTpTp = 0, isBpBp = 0
For W's: isTT = 0, isSTt = 0, isSTtW = 0
For jets & PDF: isTOP = 0, isMadgraphBkg = 1
For HOTTagger Efficiencies: isTTV = 0, isTTHbb = 0, isTTHnonbb = 0, isTTTX = 0
isTTVV = 0, isST = 0, isTTToSemiLeptonHT500Njet9 = 0
Pileup sample key: PairVLQ_x53x53_tWtW_narrow_RH_M1500_TuneCP5_13TeV-madgraph-pythia8
b-tagging working points: 0.304(DeepJet)0.4506(DeepCSV)
isTTincMtt0to700: 0
isTTincMtt0to1000: 0
isTTincMtt700to1000: 0
isTTincMtt1000toInf: 0
isTTSemilepIncHT0Njet0: 0
isTTSemilepIncHT500Njet9: 0
outTTLF: 0
outTTCC: 0
outTTBB: 0
outTT1B: 0
outTT2B: 0
>> Completed 0 out of 1074 events
[INFO] Defaulting to central deepJet weight for: nominal
>> Completed 1000 out of 1074 events
Nelectrons      = 484 / 1074
Npassed_ElEta   = 484 / 1074
Nmuons          = 590 / 1074
NrelIsoFail     = 0 / 1074
Npassed_MuEta   = 590 / 1074
Npassed_nAK8Jets= 1074 / 1074
Npassed_Trigger = 1047 / 1074
Npassed_MET     = 976 / 1074
Npassed_lepPt   = 1001 / 1074
Npassed_HT      = 1073 / 1074
npass_Njets     = 1070 / 1074
Npassed_ALL     = 905 / 1074

>> Running /isilon/hadoop/store/group/bruxljm/FWLJMET106XUL_singleLep2017UL_RunIISummer20_X53X53/PairVLQ_x53x53_tWtW_narrow_RH_M1500_TuneCP5_13TeV-madgraph-pythia8/singleLep2017UL/230310_180718/0000/PairVLQ_x53x53_tWtW_narrow_RH_M1500_TuneCP5_13TeV-madgraph-pythia8_139.root for shift: nominal
[step1.h] Opening file: /isilon/hadoop/store/group/bruxljm/FWLJMET106XUL_singleLep2017UL_RunIISummer20_X53X53/PairVLQ_x53x53_tWtW_narrow_RH_M1500_TuneCP5_13TeV-madgraph-pythia8/singleLep2017UL/230310_180718/0000/PairVLQ_x53x53_tWtW_narrow_RH_M1500_TuneCP5_13TeV-madgraph-pythia8_139.root
[step1.h] Finished initializing
RUN CONFIG: YEAR = 2017
Era = 
isMC = 1, isSig = 1, SigMass = 8
isHad =0, isSE =0, isSM =0
isTTTT = 0, isXX = 1, isTpTp = 0, isBpBp = 0
For W's: isTT = 0, isSTt = 0, isSTtW = 0
For jets & PDF: isTOP = 0, isMadgraphBkg = 1
For HOTTagger Efficiencies: isTTV = 0, isTTHbb = 0, isTTHnonbb = 0, isTTTX = 0
isTTVV = 0, isST = 0, isTTToSemiLeptonHT500Njet9 = 0
Pileup sample key: PairVLQ_x53x53_tWtW_narrow_RH_M1500_TuneCP5_13TeV-madgraph-pythia8
b-tagging working points: 0.304(DeepJet)0.4506(DeepCSV)
isTTincMtt0to700: 0
isTTincMtt0to1000: 0
isTTincMtt700to1000: 0
isTTincMtt1000toInf: 0
isTTSemilepIncHT0Njet0: 0
isTTSemilepIncHT500Njet9: 0
outTTLF: 0
outTTCC: 0
outTTBB: 0
outTT1B: 0
outTT2B: 0
>> Completed 0 out of 1051 events
[INFO] Defaulting to central deepJet weight for: nominal
>> Completed 1000 out of 1051 events
Nelectrons      = 484 / 1051
Npassed_ElEta   = 484 / 1051
Nmuons          = 567 / 1051
NrelIsoFail     = 0 / 1051
Npassed_MuEta   = 567 / 1051
Npassed_nAK8Jets= 1051 / 1051
Npassed_Trigger = 1023 / 1051
Npassed_MET     = 956 / 1051
Npassed_lepPt   = 970 / 1051
Npassed_HT      = 1050 / 1051
npass_Njets     = 1045 / 1051
Npassed_ALL     = 878 / 1051

>> Running /isilon/hadoop/store/group/bruxljm/FWLJMET106XUL_singleLep2017UL_RunIISummer20_X53X53/PairVLQ_x53x53_tWtW_narrow_RH_M1500_TuneCP5_13TeV-madgraph-pythia8/singleLep2017UL/230310_180718/0000/PairVLQ_x53x53_tWtW_narrow_RH_M1500_TuneCP5_13TeV-madgraph-pythia8_14.root for shift: nominal
[step1.h] Opening file: /isilon/hadoop/store/group/bruxljm/FWLJMET106XUL_singleLep2017UL_RunIISummer20_X53X53/PairVLQ_x53x53_tWtW_narrow_RH_M1500_TuneCP5_13TeV-madgraph-pythia8/singleLep2017UL/230310_180718/0000/PairVLQ_x53x53_tWtW_narrow_RH_M1500_TuneCP5_13TeV-madgraph-pythia8_14.root
[step1.h] Finished initializing
RUN CONFIG: YEAR = 2017
Era = 
isMC = 1, isSig = 1, SigMass = 8
isHad =0, isSE =0, isSM =0
isTTTT = 0, isXX = 1, isTpTp = 0, isBpBp = 0
For W's: isTT = 0, isSTt = 0, isSTtW = 0
For jets & PDF: isTOP = 0, isMadgraphBkg = 1
For HOTTagger Efficiencies: isTTV = 0, isTTHbb = 0, isTTHnonbb = 0, isTTTX = 0
isTTVV = 0, isST = 0, isTTToSemiLeptonHT500Njet9 = 0
Pileup sample key: PairVLQ_x53x53_tWtW_narrow_RH_M1500_TuneCP5_13TeV-madgraph-pythia8
b-tagging working points: 0.304(DeepJet)0.4506(DeepCSV)
isTTincMtt0to700: 0
isTTincMtt0to1000: 0
isTTincMtt700to1000: 0
isTTincMtt1000toInf: 0
isTTSemilepIncHT0Njet0: 0
isTTSemilepIncHT500Njet9: 0
outTTLF: 0
outTTCC: 0
outTTBB: 0
outTT1B: 0
outTT2B: 0
>> Completed 0 out of 1047 events
[INFO] Defaulting to central deepJet weight for: nominal
>> Completed 1000 out of 1047 events
Nelectrons      = 456 / 1047
Npassed_ElEta   = 456 / 1047
Nmuons          = 591 / 1047
NrelIsoFail     = 0 / 1047
Npassed_MuEta   = 591 / 1047
Npassed_nAK8Jets= 1047 / 1047
Npassed_Trigger = 1015 / 1047
Npassed_MET     = 947 / 1047
Npassed_lepPt   = 964 / 1047
Npassed_HT      = 1047 / 1047
npass_Njets     = 1045 / 1047
Npassed_ALL     = 870 / 1047

>> Running /isilon/hadoop/store/group/bruxljm/FWLJMET106XUL_singleLep2017UL_RunIISummer20_X53X53/PairVLQ_x53x53_tWtW_narrow_RH_M1500_TuneCP5_13TeV-madgraph-pythia8/singleLep2017UL/230310_180718/0000/PairVLQ_x53x53_tWtW_narrow_RH_M1500_TuneCP5_13TeV-madgraph-pythia8_140.root for shift: nominal
[step1.h] Opening file: /isilon/hadoop/store/group/bruxljm/FWLJMET106XUL_singleLep2017UL_RunIISummer20_X53X53/PairVLQ_x53x53_tWtW_narrow_RH_M1500_TuneCP5_13TeV-madgraph-pythia8/singleLep2017UL/230310_180718/0000/PairVLQ_x53x53_tWtW_narrow_RH_M1500_TuneCP5_13TeV-madgraph-pythia8_140.root
[step1.h] Finished initializing
RUN CONFIG: YEAR = 2017
Era = 
isMC = 1, isSig = 1, SigMass = 8
isHad =0, isSE =0, isSM =0
isTTTT = 0, isXX = 1, isTpTp = 0, isBpBp = 0
For W's: isTT = 0, isSTt = 0, isSTtW = 0
For jets & PDF: isTOP = 0, isMadgraphBkg = 1
For HOTTagger Efficiencies: isTTV = 0, isTTHbb = 0, isTTHnonbb = 0, isTTTX = 0
isTTVV = 0, isST = 0, isTTToSemiLeptonHT500Njet9 = 0
Pileup sample key: PairVLQ_x53x53_tWtW_narrow_RH_M1500_TuneCP5_13TeV-madgraph-pythia8
b-tagging working points: 0.304(DeepJet)0.4506(DeepCSV)
isTTincMtt0to700: 0
isTTincMtt0to1000: 0
isTTincMtt700to1000: 0
isTTincMtt1000toInf: 0
isTTSemilepIncHT0Njet0: 0
isTTSemilepIncHT500Njet9: 0
outTTLF: 0
outTTCC: 0
outTTBB: 0
outTT1B: 0
outTT2B: 0
>> Completed 0 out of 1076 events
[INFO] Defaulting to central deepJet weight for: nominal
>> Completed 1000 out of 1076 events
Nelectrons      = 485 / 1076
Npassed_ElEta   = 485 / 1076
Nmuons          = 591 / 1076
NrelIsoFail     = 0 / 1076
Npassed_MuEta   = 591 / 1076
Npassed_nAK8Jets= 1076 / 1076
Npassed_Trigger = 1032 / 1076
Npassed_MET     = 975 / 1076
Npassed_lepPt   = 998 / 1076
Npassed_HT      = 1075 / 1076
npass_Njets     = 1074 / 1076
Npassed_ALL     = 900 / 1076

>> Running /isilon/hadoop/store/group/bruxljm/FWLJMET106XUL_singleLep2017UL_RunIISummer20_X53X53/PairVLQ_x53x53_tWtW_narrow_RH_M1500_TuneCP5_13TeV-madgraph-pythia8/singleLep2017UL/230310_180718/0000/PairVLQ_x53x53_tWtW_narrow_RH_M1500_TuneCP5_13TeV-madgraph-pythia8_141.root for shift: nominal
[step1.h] Opening file: /isilon/hadoop/store/group/bruxljm/FWLJMET106XUL_singleLep2017UL_RunIISummer20_X53X53/PairVLQ_x53x53_tWtW_narrow_RH_M1500_TuneCP5_13TeV-madgraph-pythia8/singleLep2017UL/230310_180718/0000/PairVLQ_x53x53_tWtW_narrow_RH_M1500_TuneCP5_13TeV-madgraph-pythia8_141.root
[step1.h] Finished initializing
RUN CONFIG: YEAR = 2017
Era = 
isMC = 1, isSig = 1, SigMass = 8
isHad =0, isSE =0, isSM =0
isTTTT = 0, isXX = 1, isTpTp = 0, isBpBp = 0
For W's: isTT = 0, isSTt = 0, isSTtW = 0
For jets & PDF: isTOP = 0, isMadgraphBkg = 1
For HOTTagger Efficiencies: isTTV = 0, isTTHbb = 0, isTTHnonbb = 0, isTTTX = 0
isTTVV = 0, isST = 0, isTTToSemiLeptonHT500Njet9 = 0
Pileup sample key: PairVLQ_x53x53_tWtW_narrow_RH_M1500_TuneCP5_13TeV-madgraph-pythia8
b-tagging working points: 0.304(DeepJet)0.4506(DeepCSV)
isTTincMtt0to700: 0
isTTincMtt0to1000: 0
isTTincMtt700to1000: 0
isTTincMtt1000toInf: 0
isTTSemilepIncHT0Njet0: 0
isTTSemilepIncHT500Njet9: 0
outTTLF: 0
outTTCC: 0
outTTBB: 0
outTT1B: 0
outTT2B: 0
>> Completed 0 out of 513 events
[INFO] Defaulting to central deepJet weight for: nominal
Nelectrons      = 234 / 513
Npassed_ElEta   = 234 / 513
Nmuons          = 279 / 513
NrelIsoFail     = 0 / 513
Npassed_MuEta   = 279 / 513
Npassed_nAK8Jets= 513 / 513
Npassed_Trigger = 494 / 513
Npassed_MET     = 475 / 513
Npassed_lepPt   = 475 / 513
Npassed_HT      = 513 / 513
npass_Njets     = 509 / 513
Npassed_ALL     = 435 / 513

>> Running /isilon/hadoop/store/group/bruxljm/FWLJMET106XUL_singleLep2017UL_RunIISummer20_X53X53/PairVLQ_x53x53_tWtW_narrow_RH_M1500_TuneCP5_13TeV-madgraph-pythia8/singleLep2017UL/230310_180718/0000/PairVLQ_x53x53_tWtW_narrow_RH_M1500_TuneCP5_13TeV-madgraph-pythia8_142.root for shift: nominal
[step1.h] Opening file: /isilon/hadoop/store/group/bruxljm/FWLJMET106XUL_singleLep2017UL_RunIISummer20_X53X53/PairVLQ_x53x53_tWtW_narrow_RH_M1500_TuneCP5_13TeV-madgraph-pythia8/singleLep2017UL/230310_180718/0000/PairVLQ_x53x53_tWtW_narrow_RH_M1500_TuneCP5_13TeV-madgraph-pythia8_142.root
[step1.h] Finished initializing
RUN CONFIG: YEAR = 2017
Era = 
isMC = 1, isSig = 1, SigMass = 8
isHad =0, isSE =0, isSM =0
isTTTT = 0, isXX = 1, isTpTp = 0, isBpBp = 0
For W's: isTT = 0, isSTt = 0, isSTtW = 0
For jets & PDF: isTOP = 0, isMadgraphBkg = 1
For HOTTagger Efficiencies: isTTV = 0, isTTHbb = 0, isTTHnonbb = 0, isTTTX = 0
isTTVV = 0, isST = 0, isTTToSemiLeptonHT500Njet9 = 0
Pileup sample key: PairVLQ_x53x53_tWtW_narrow_RH_M1500_TuneCP5_13TeV-madgraph-pythia8
b-tagging working points: 0.304(DeepJet)0.4506(DeepCSV)
isTTincMtt0to700: 0
isTTincMtt0to1000: 0
isTTincMtt700to1000: 0
isTTincMtt1000toInf: 0
isTTSemilepIncHT0Njet0: 0
isTTSemilepIncHT500Njet9: 0
outTTLF: 0
outTTCC: 0
outTTBB: 0
outTT1B: 0
outTT2B: 0
>> Completed 0 out of 1051 events
[INFO] Defaulting to central deepJet weight for: nominal
>> Completed 1000 out of 1051 events
Nelectrons      = 473 / 1051
Npassed_ElEta   = 473 / 1051
Nmuons          = 578 / 1051
NrelIsoFail     = 0 / 1051
Npassed_MuEta   = 578 / 1051
Npassed_nAK8Jets= 1051 / 1051
Npassed_Trigger = 1025 / 1051
Npassed_MET     = 954 / 1051
Npassed_lepPt   = 978 / 1051
Npassed_HT      = 1051 / 1051
npass_Njets     = 1048 / 1051
Npassed_ALL     = 886 / 1051

>> Running /isilon/hadoop/store/group/bruxljm/FWLJMET106XUL_singleLep2017UL_RunIISummer20_X53X53/PairVLQ_x53x53_tWtW_narrow_RH_M1500_TuneCP5_13TeV-madgraph-pythia8/singleLep2017UL/230310_180718/0000/PairVLQ_x53x53_tWtW_narrow_RH_M1500_TuneCP5_13TeV-madgraph-pythia8_143.root for shift: nominal
[step1.h] Opening file: /isilon/hadoop/store/group/bruxljm/FWLJMET106XUL_singleLep2017UL_RunIISummer20_X53X53/PairVLQ_x53x53_tWtW_narrow_RH_M1500_TuneCP5_13TeV-madgraph-pythia8/singleLep2017UL/230310_180718/0000/PairVLQ_x53x53_tWtW_narrow_RH_M1500_TuneCP5_13TeV-madgraph-pythia8_143.root
[step1.h] Finished initializing
RUN CONFIG: YEAR = 2017
Era = 
isMC = 1, isSig = 1, SigMass = 8
isHad =0, isSE =0, isSM =0
isTTTT = 0, isXX = 1, isTpTp = 0, isBpBp = 0
For W's: isTT = 0, isSTt = 0, isSTtW = 0
For jets & PDF: isTOP = 0, isMadgraphBkg = 1
For HOTTagger Efficiencies: isTTV = 0, isTTHbb = 0, isTTHnonbb = 0, isTTTX = 0
isTTVV = 0, isST = 0, isTTToSemiLeptonHT500Njet9 = 0
Pileup sample key: PairVLQ_x53x53_tWtW_narrow_RH_M1500_TuneCP5_13TeV-madgraph-pythia8
b-tagging working points: 0.304(DeepJet)0.4506(DeepCSV)
isTTincMtt0to700: 0
isTTincMtt0to1000: 0
isTTincMtt700to1000: 0
isTTincMtt1000toInf: 0
isTTSemilepIncHT0Njet0: 0
isTTSemilepIncHT500Njet9: 0
outTTLF: 0
outTTCC: 0
outTTBB: 0
outTT1B: 0
outTT2B: 0
>> Completed 0 out of 1050 events
[INFO] Defaulting to central deepJet weight for: nominal
>> Completed 1000 out of 1050 events
Nelectrons      = 473 / 1050
Npassed_ElEta   = 473 / 1050
Nmuons          = 577 / 1050
NrelIsoFail     = 0 / 1050
Npassed_MuEta   = 577 / 1050
Npassed_nAK8Jets= 1050 / 1050
Npassed_Trigger = 1017 / 1050
Npassed_MET     = 933 / 1050
Npassed_lepPt   = 984 / 1050
Npassed_HT      = 1050 / 1050
npass_Njets     = 1046 / 1050
Npassed_ALL     = 869 / 1050

>> Running /isilon/hadoop/store/group/bruxljm/FWLJMET106XUL_singleLep2017UL_RunIISummer20_X53X53/PairVLQ_x53x53_tWtW_narrow_RH_M1500_TuneCP5_13TeV-madgraph-pythia8/singleLep2017UL/230310_180718/0000/PairVLQ_x53x53_tWtW_narrow_RH_M1500_TuneCP5_13TeV-madgraph-pythia8_144.root for shift: nominal
[step1.h] Opening file: /isilon/hadoop/store/group/bruxljm/FWLJMET106XUL_singleLep2017UL_RunIISummer20_X53X53/PairVLQ_x53x53_tWtW_narrow_RH_M1500_TuneCP5_13TeV-madgraph-pythia8/singleLep2017UL/230310_180718/0000/PairVLQ_x53x53_tWtW_narrow_RH_M1500_TuneCP5_13TeV-madgraph-pythia8_144.root
[step1.h] Finished initializing
RUN CONFIG: YEAR = 2017
Era = 
isMC = 1, isSig = 1, SigMass = 8
isHad =0, isSE =0, isSM =0
isTTTT = 0, isXX = 1, isTpTp = 0, isBpBp = 0
For W's: isTT = 0, isSTt = 0, isSTtW = 0
For jets & PDF: isTOP = 0, isMadgraphBkg = 1
For HOTTagger Efficiencies: isTTV = 0, isTTHbb = 0, isTTHnonbb = 0, isTTTX = 0
isTTVV = 0, isST = 0, isTTToSemiLeptonHT500Njet9 = 0
Pileup sample key: PairVLQ_x53x53_tWtW_narrow_RH_M1500_TuneCP5_13TeV-madgraph-pythia8
b-tagging working points: 0.304(DeepJet)0.4506(DeepCSV)
isTTincMtt0to700: 0
isTTincMtt0to1000: 0
isTTincMtt700to1000: 0
isTTincMtt1000toInf: 0
isTTSemilepIncHT0Njet0: 0
isTTSemilepIncHT500Njet9: 0
outTTLF: 0
outTTCC: 0
outTTBB: 0
outTT1B: 0
outTT2B: 0
>> Completed 0 out of 1041 events
[INFO] Defaulting to central deepJet weight for: nominal
>> Completed 1000 out of 1041 events
Nelectrons      = 463 / 1041
Npassed_ElEta   = 463 / 1041
Nmuons          = 578 / 1041
NrelIsoFail     = 0 / 1041
Npassed_MuEta   = 578 / 1041
Npassed_nAK8Jets= 1041 / 1041
Npassed_Trigger = 1008 / 1041
Npassed_MET     = 943 / 1041
Npassed_lepPt   = 965 / 1041
Npassed_HT      = 1041 / 1041
npass_Njets     = 1039 / 1041
Npassed_ALL     = 873 / 1041

>> Running /isilon/hadoop/store/group/bruxljm/FWLJMET106XUL_singleLep2017UL_RunIISummer20_X53X53/PairVLQ_x53x53_tWtW_narrow_RH_M1500_TuneCP5_13TeV-madgraph-pythia8/singleLep2017UL/230310_180718/0000/PairVLQ_x53x53_tWtW_narrow_RH_M1500_TuneCP5_13TeV-madgraph-pythia8_145.root for shift: nominal
[step1.h] Opening file: /isilon/hadoop/store/group/bruxljm/FWLJMET106XUL_singleLep2017UL_RunIISummer20_X53X53/PairVLQ_x53x53_tWtW_narrow_RH_M1500_TuneCP5_13TeV-madgraph-pythia8/singleLep2017UL/230310_180718/0000/PairVLQ_x53x53_tWtW_narrow_RH_M1500_TuneCP5_13TeV-madgraph-pythia8_145.root
[step1.h] Finished initializing
RUN CONFIG: YEAR = 2017
Era = 
isMC = 1, isSig = 1, SigMass = 8
isHad =0, isSE =0, isSM =0
isTTTT = 0, isXX = 1, isTpTp = 0, isBpBp = 0
For W's: isTT = 0, isSTt = 0, isSTtW = 0
For jets & PDF: isTOP = 0, isMadgraphBkg = 1
For HOTTagger Efficiencies: isTTV = 0, isTTHbb = 0, isTTHnonbb = 0, isTTTX = 0
isTTVV = 0, isST = 0, isTTToSemiLeptonHT500Njet9 = 0
Pileup sample key: PairVLQ_x53x53_tWtW_narrow_RH_M1500_TuneCP5_13TeV-madgraph-pythia8
b-tagging working points: 0.304(DeepJet)0.4506(DeepCSV)
isTTincMtt0to700: 0
isTTincMtt0to1000: 0
isTTincMtt700to1000: 0
isTTincMtt1000toInf: 0
isTTSemilepIncHT0Njet0: 0
isTTSemilepIncHT500Njet9: 0
outTTLF: 0
outTTCC: 0
outTTBB: 0
outTT1B: 0
outTT2B: 0
>> Completed 0 out of 1039 events
[INFO] Defaulting to central deepJet weight for: nominal
>> Completed 1000 out of 1039 events
Nelectrons      = 475 / 1039
Npassed_ElEta   = 475 / 1039
Nmuons          = 564 / 1039
NrelIsoFail     = 0 / 1039
Npassed_MuEta   = 564 / 1039
Npassed_nAK8Jets= 1039 / 1039
Npassed_Trigger = 1008 / 1039
Npassed_MET     = 959 / 1039
Npassed_lepPt   = 954 / 1039
Npassed_HT      = 1038 / 1039
npass_Njets     = 1034 / 1039
Npassed_ALL     = 876 / 1039

>> Running /isilon/hadoop/store/group/bruxljm/FWLJMET106XUL_singleLep2017UL_RunIISummer20_X53X53/PairVLQ_x53x53_tWtW_narrow_RH_M1500_TuneCP5_13TeV-madgraph-pythia8/singleLep2017UL/230310_180718/0000/PairVLQ_x53x53_tWtW_narrow_RH_M1500_TuneCP5_13TeV-madgraph-pythia8_146.root for shift: nominal
[step1.h] Opening file: /isilon/hadoop/store/group/bruxljm/FWLJMET106XUL_singleLep2017UL_RunIISummer20_X53X53/PairVLQ_x53x53_tWtW_narrow_RH_M1500_TuneCP5_13TeV-madgraph-pythia8/singleLep2017UL/230310_180718/0000/PairVLQ_x53x53_tWtW_narrow_RH_M1500_TuneCP5_13TeV-madgraph-pythia8_146.root
[step1.h] Finished initializing
RUN CONFIG: YEAR = 2017
Era = 
isMC = 1, isSig = 1, SigMass = 8
isHad =0, isSE =0, isSM =0
isTTTT = 0, isXX = 1, isTpTp = 0, isBpBp = 0
For W's: isTT = 0, isSTt = 0, isSTtW = 0
For jets & PDF: isTOP = 0, isMadgraphBkg = 1
For HOTTagger Efficiencies: isTTV = 0, isTTHbb = 0, isTTHnonbb = 0, isTTTX = 0
isTTVV = 0, isST = 0, isTTToSemiLeptonHT500Njet9 = 0
Pileup sample key: PairVLQ_x53x53_tWtW_narrow_RH_M1500_TuneCP5_13TeV-madgraph-pythia8
b-tagging working points: 0.304(DeepJet)0.4506(DeepCSV)
isTTincMtt0to700: 0
isTTincMtt0to1000: 0
isTTincMtt700to1000: 0
isTTincMtt1000toInf: 0
isTTSemilepIncHT0Njet0: 0
isTTSemilepIncHT500Njet9: 0
outTTLF: 0
outTTCC: 0
outTTBB: 0
outTT1B: 0
outTT2B: 0
>> Completed 0 out of 1072 events
[INFO] Defaulting to central deepJet weight for: nominal
>> Completed 1000 out of 1072 events
Nelectrons      = 465 / 1072
Npassed_ElEta   = 465 / 1072
Nmuons          = 607 / 1072
NrelIsoFail     = 0 / 1072
Npassed_MuEta   = 607 / 1072
Npassed_nAK8Jets= 1072 / 1072
Npassed_Trigger = 1041 / 1072
Npassed_MET     = 974 / 1072
Npassed_lepPt   = 971 / 1072
Npassed_HT      = 1071 / 1072
npass_Njets     = 1064 / 1072
Npassed_ALL     = 878 / 1072

>> Running /isilon/hadoop/store/group/bruxljm/FWLJMET106XUL_singleLep2017UL_RunIISummer20_X53X53/PairVLQ_x53x53_tWtW_narrow_RH_M1500_TuneCP5_13TeV-madgraph-pythia8/singleLep2017UL/230310_180718/0000/PairVLQ_x53x53_tWtW_narrow_RH_M1500_TuneCP5_13TeV-madgraph-pythia8_147.root for shift: nominal
[step1.h] Opening file: /isilon/hadoop/store/group/bruxljm/FWLJMET106XUL_singleLep2017UL_RunIISummer20_X53X53/PairVLQ_x53x53_tWtW_narrow_RH_M1500_TuneCP5_13TeV-madgraph-pythia8/singleLep2017UL/230310_180718/0000/PairVLQ_x53x53_tWtW_narrow_RH_M1500_TuneCP5_13TeV-madgraph-pythia8_147.root
[step1.h] Finished initializing
RUN CONFIG: YEAR = 2017
Era = 
isMC = 1, isSig = 1, SigMass = 8
isHad =0, isSE =0, isSM =0
isTTTT = 0, isXX = 1, isTpTp = 0, isBpBp = 0
For W's: isTT = 0, isSTt = 0, isSTtW = 0
For jets & PDF: isTOP = 0, isMadgraphBkg = 1
For HOTTagger Efficiencies: isTTV = 0, isTTHbb = 0, isTTHnonbb = 0, isTTTX = 0
isTTVV = 0, isST = 0, isTTToSemiLeptonHT500Njet9 = 0
Pileup sample key: PairVLQ_x53x53_tWtW_narrow_RH_M1500_TuneCP5_13TeV-madgraph-pythia8
b-tagging working points: 0.304(DeepJet)0.4506(DeepCSV)
isTTincMtt0to700: 0
isTTincMtt0to1000: 0
isTTincMtt700to1000: 0
isTTincMtt1000toInf: 0
isTTSemilepIncHT0Njet0: 0
isTTSemilepIncHT500Njet9: 0
outTTLF: 0
outTTCC: 0
outTTBB: 0
outTT1B: 0
outTT2B: 0
>> Completed 0 out of 1032 events
[INFO] Defaulting to central deepJet weight for: nominal
>> Completed 1000 out of 1032 events
Nelectrons      = 474 / 1032
Npassed_ElEta   = 474 / 1032
Nmuons          = 558 / 1032
NrelIsoFail     = 0 / 1032
Npassed_MuEta   = 558 / 1032
Npassed_nAK8Jets= 1032 / 1032
Npassed_Trigger = 1001 / 1032
Npassed_MET     = 940 / 1032
Npassed_lepPt   = 971 / 1032
Npassed_HT      = 1032 / 1032
npass_Njets     = 1027 / 1032
Npassed_ALL     = 882 / 1032

>> Running /isilon/hadoop/store/group/bruxljm/FWLJMET106XUL_singleLep2017UL_RunIISummer20_X53X53/PairVLQ_x53x53_tWtW_narrow_RH_M1500_TuneCP5_13TeV-madgraph-pythia8/singleLep2017UL/230310_180718/0000/PairVLQ_x53x53_tWtW_narrow_RH_M1500_TuneCP5_13TeV-madgraph-pythia8_148.root for shift: nominal
[step1.h] Opening file: /isilon/hadoop/store/group/bruxljm/FWLJMET106XUL_singleLep2017UL_RunIISummer20_X53X53/PairVLQ_x53x53_tWtW_narrow_RH_M1500_TuneCP5_13TeV-madgraph-pythia8/singleLep2017UL/230310_180718/0000/PairVLQ_x53x53_tWtW_narrow_RH_M1500_TuneCP5_13TeV-madgraph-pythia8_148.root
[step1.h] Finished initializing
RUN CONFIG: YEAR = 2017
Era = 
isMC = 1, isSig = 1, SigMass = 8
isHad =0, isSE =0, isSM =0
isTTTT = 0, isXX = 1, isTpTp = 0, isBpBp = 0
For W's: isTT = 0, isSTt = 0, isSTtW = 0
For jets & PDF: isTOP = 0, isMadgraphBkg = 1
For HOTTagger Efficiencies: isTTV = 0, isTTHbb = 0, isTTHnonbb = 0, isTTTX = 0
isTTVV = 0, isST = 0, isTTToSemiLeptonHT500Njet9 = 0
Pileup sample key: PairVLQ_x53x53_tWtW_narrow_RH_M1500_TuneCP5_13TeV-madgraph-pythia8
b-tagging working points: 0.304(DeepJet)0.4506(DeepCSV)
isTTincMtt0to700: 0
isTTincMtt0to1000: 0
isTTincMtt700to1000: 0
isTTincMtt1000toInf: 0
isTTSemilepIncHT0Njet0: 0
isTTSemilepIncHT500Njet9: 0
outTTLF: 0
outTTCC: 0
outTTBB: 0
outTT1B: 0
outTT2B: 0
>> Completed 0 out of 1054 events
[INFO] Defaulting to central deepJet weight for: nominal
>> Completed 1000 out of 1054 events
Nelectrons      = 470 / 1054
Npassed_ElEta   = 470 / 1054
Nmuons          = 584 / 1054
NrelIsoFail     = 0 / 1054
Npassed_MuEta   = 584 / 1054
Npassed_nAK8Jets= 1054 / 1054
Npassed_Trigger = 1011 / 1054
Npassed_MET     = 955 / 1054
Npassed_lepPt   = 974 / 1054
Npassed_HT      = 1054 / 1054
npass_Njets     = 1046 / 1054
Npassed_ALL     = 878 / 1054

>> Running /isilon/hadoop/store/group/bruxljm/FWLJMET106XUL_singleLep2017UL_RunIISummer20_X53X53/PairVLQ_x53x53_tWtW_narrow_RH_M1500_TuneCP5_13TeV-madgraph-pythia8/singleLep2017UL/230310_180718/0000/PairVLQ_x53x53_tWtW_narrow_RH_M1500_TuneCP5_13TeV-madgraph-pythia8_149.root for shift: nominal
[step1.h] Opening file: /isilon/hadoop/store/group/bruxljm/FWLJMET106XUL_singleLep2017UL_RunIISummer20_X53X53/PairVLQ_x53x53_tWtW_narrow_RH_M1500_TuneCP5_13TeV-madgraph-pythia8/singleLep2017UL/230310_180718/0000/PairVLQ_x53x53_tWtW_narrow_RH_M1500_TuneCP5_13TeV-madgraph-pythia8_149.root
[step1.h] Finished initializing
RUN CONFIG: YEAR = 2017
Era = 
isMC = 1, isSig = 1, SigMass = 8
isHad =0, isSE =0, isSM =0
isTTTT = 0, isXX = 1, isTpTp = 0, isBpBp = 0
For W's: isTT = 0, isSTt = 0, isSTtW = 0
For jets & PDF: isTOP = 0, isMadgraphBkg = 1
For HOTTagger Efficiencies: isTTV = 0, isTTHbb = 0, isTTHnonbb = 0, isTTTX = 0
isTTVV = 0, isST = 0, isTTToSemiLeptonHT500Njet9 = 0
Pileup sample key: PairVLQ_x53x53_tWtW_narrow_RH_M1500_TuneCP5_13TeV-madgraph-pythia8
b-tagging working points: 0.304(DeepJet)0.4506(DeepCSV)
isTTincMtt0to700: 0
isTTincMtt0to1000: 0
isTTincMtt700to1000: 0
isTTincMtt1000toInf: 0
isTTSemilepIncHT0Njet0: 0
isTTSemilepIncHT500Njet9: 0
outTTLF: 0
outTTCC: 0
outTTBB: 0
outTT1B: 0
outTT2B: 0
>> Completed 0 out of 1069 events
[INFO] Defaulting to central deepJet weight for: nominal
>> Completed 1000 out of 1069 events
Nelectrons      = 513 / 1069
Npassed_ElEta   = 513 / 1069
Nmuons          = 556 / 1069
NrelIsoFail     = 0 / 1069
Npassed_MuEta   = 556 / 1069
Npassed_nAK8Jets= 1069 / 1069
Npassed_Trigger = 1027 / 1069
Npassed_MET     = 970 / 1069
Npassed_lepPt   = 998 / 1069
Npassed_HT      = 1067 / 1069
npass_Njets     = 1066 / 1069
Npassed_ALL     = 901 / 1069

>> Running /isilon/hadoop/store/group/bruxljm/FWLJMET106XUL_singleLep2017UL_RunIISummer20_X53X53/PairVLQ_x53x53_tWtW_narrow_RH_M1500_TuneCP5_13TeV-madgraph-pythia8/singleLep2017UL/230310_180718/0000/PairVLQ_x53x53_tWtW_narrow_RH_M1500_TuneCP5_13TeV-madgraph-pythia8_15.root for shift: nominal
[step1.h] Opening file: /isilon/hadoop/store/group/bruxljm/FWLJMET106XUL_singleLep2017UL_RunIISummer20_X53X53/PairVLQ_x53x53_tWtW_narrow_RH_M1500_TuneCP5_13TeV-madgraph-pythia8/singleLep2017UL/230310_180718/0000/PairVLQ_x53x53_tWtW_narrow_RH_M1500_TuneCP5_13TeV-madgraph-pythia8_15.root
[step1.h] Finished initializing
RUN CONFIG: YEAR = 2017
Era = 
isMC = 1, isSig = 1, SigMass = 8
isHad =0, isSE =0, isSM =0
isTTTT = 0, isXX = 1, isTpTp = 0, isBpBp = 0
For W's: isTT = 0, isSTt = 0, isSTtW = 0
For jets & PDF: isTOP = 0, isMadgraphBkg = 1
For HOTTagger Efficiencies: isTTV = 0, isTTHbb = 0, isTTHnonbb = 0, isTTTX = 0
isTTVV = 0, isST = 0, isTTToSemiLeptonHT500Njet9 = 0
Pileup sample key: PairVLQ_x53x53_tWtW_narrow_RH_M1500_TuneCP5_13TeV-madgraph-pythia8
b-tagging working points: 0.304(DeepJet)0.4506(DeepCSV)
isTTincMtt0to700: 0
isTTincMtt0to1000: 0
isTTincMtt700to1000: 0
isTTincMtt1000toInf: 0
isTTSemilepIncHT0Njet0: 0
isTTSemilepIncHT500Njet9: 0
outTTLF: 0
outTTCC: 0
outTTBB: 0
outTT1B: 0
outTT2B: 0
>> Completed 0 out of 1028 events
[INFO] Defaulting to central deepJet weight for: nominal
>> Completed 1000 out of 1028 events
Nelectrons      = 488 / 1028
Npassed_ElEta   = 488 / 1028
Nmuons          = 540 / 1028
NrelIsoFail     = 0 / 1028
Npassed_MuEta   = 540 / 1028
Npassed_nAK8Jets= 1028 / 1028
Npassed_Trigger = 991 / 1028
Npassed_MET     = 930 / 1028
Npassed_lepPt   = 969 / 1028
Npassed_HT      = 1026 / 1028
npass_Njets     = 1024 / 1028
Npassed_ALL     = 868 / 1028

>> Running /isilon/hadoop/store/group/bruxljm/FWLJMET106XUL_singleLep2017UL_RunIISummer20_X53X53/PairVLQ_x53x53_tWtW_narrow_RH_M1500_TuneCP5_13TeV-madgraph-pythia8/singleLep2017UL/230310_180718/0000/PairVLQ_x53x53_tWtW_narrow_RH_M1500_TuneCP5_13TeV-madgraph-pythia8_150.root for shift: nominal
[step1.h] Opening file: /isilon/hadoop/store/group/bruxljm/FWLJMET106XUL_singleLep2017UL_RunIISummer20_X53X53/PairVLQ_x53x53_tWtW_narrow_RH_M1500_TuneCP5_13TeV-madgraph-pythia8/singleLep2017UL/230310_180718/0000/PairVLQ_x53x53_tWtW_narrow_RH_M1500_TuneCP5_13TeV-madgraph-pythia8_150.root
[step1.h] Finished initializing
RUN CONFIG: YEAR = 2017
Era = 
isMC = 1, isSig = 1, SigMass = 8
isHad =0, isSE =0, isSM =0
isTTTT = 0, isXX = 1, isTpTp = 0, isBpBp = 0
For W's: isTT = 0, isSTt = 0, isSTtW = 0
For jets & PDF: isTOP = 0, isMadgraphBkg = 1
For HOTTagger Efficiencies: isTTV = 0, isTTHbb = 0, isTTHnonbb = 0, isTTTX = 0
isTTVV = 0, isST = 0, isTTToSemiLeptonHT500Njet9 = 0
Pileup sample key: PairVLQ_x53x53_tWtW_narrow_RH_M1500_TuneCP5_13TeV-madgraph-pythia8
b-tagging working points: 0.304(DeepJet)0.4506(DeepCSV)
isTTincMtt0to700: 0
isTTincMtt0to1000: 0
isTTincMtt700to1000: 0
isTTincMtt1000toInf: 0
isTTSemilepIncHT0Njet0: 0
isTTSemilepIncHT500Njet9: 0
outTTLF: 0
outTTCC: 0
outTTBB: 0
outTT1B: 0
outTT2B: 0
>> Completed 0 out of 1078 events
[INFO] Defaulting to central deepJet weight for: nominal
>> Completed 1000 out of 1078 events
Nelectrons      = 499 / 1078
Npassed_ElEta   = 499 / 1078
Nmuons          = 579 / 1078
NrelIsoFail     = 0 / 1078
Npassed_MuEta   = 579 / 1078
Npassed_nAK8Jets= 1078 / 1078
Npassed_Trigger = 1050 / 1078
Npassed_MET     = 985 / 1078
Npassed_lepPt   = 1002 / 1078
Npassed_HT      = 1076 / 1078
npass_Njets     = 1074 / 1078
Npassed_ALL     = 906 / 1078

>> Running /isilon/hadoop/store/group/bruxljm/FWLJMET106XUL_singleLep2017UL_RunIISummer20_X53X53/PairVLQ_x53x53_tWtW_narrow_RH_M1500_TuneCP5_13TeV-madgraph-pythia8/singleLep2017UL/230310_180718/0000/PairVLQ_x53x53_tWtW_narrow_RH_M1500_TuneCP5_13TeV-madgraph-pythia8_16.root for shift: nominal
[step1.h] Opening file: /isilon/hadoop/store/group/bruxljm/FWLJMET106XUL_singleLep2017UL_RunIISummer20_X53X53/PairVLQ_x53x53_tWtW_narrow_RH_M1500_TuneCP5_13TeV-madgraph-pythia8/singleLep2017UL/230310_180718/0000/PairVLQ_x53x53_tWtW_narrow_RH_M1500_TuneCP5_13TeV-madgraph-pythia8_16.root
[step1.h] Finished initializing
RUN CONFIG: YEAR = 2017
Era = 
isMC = 1, isSig = 1, SigMass = 8
isHad =0, isSE =0, isSM =0
isTTTT = 0, isXX = 1, isTpTp = 0, isBpBp = 0
For W's: isTT = 0, isSTt = 0, isSTtW = 0
For jets & PDF: isTOP = 0, isMadgraphBkg = 1
For HOTTagger Efficiencies: isTTV = 0, isTTHbb = 0, isTTHnonbb = 0, isTTTX = 0
isTTVV = 0, isST = 0, isTTToSemiLeptonHT500Njet9 = 0
Pileup sample key: PairVLQ_x53x53_tWtW_narrow_RH_M1500_TuneCP5_13TeV-madgraph-pythia8
b-tagging working points: 0.304(DeepJet)0.4506(DeepCSV)
isTTincMtt0to700: 0
isTTincMtt0to1000: 0
isTTincMtt700to1000: 0
isTTincMtt1000toInf: 0
isTTSemilepIncHT0Njet0: 0
isTTSemilepIncHT500Njet9: 0
outTTLF: 0
outTTCC: 0
outTTBB: 0
outTT1B: 0
outTT2B: 0
>> Completed 0 out of 1009 events
[INFO] Defaulting to central deepJet weight for: nominal
>> Completed 1000 out of 1009 events
Nelectrons      = 487 / 1009
Npassed_ElEta   = 487 / 1009
Nmuons          = 522 / 1009
NrelIsoFail     = 0 / 1009
Npassed_MuEta   = 522 / 1009
Npassed_nAK8Jets= 1009 / 1009
Npassed_Trigger = 958 / 1009
Npassed_MET     = 917 / 1009
Npassed_lepPt   = 949 / 1009
Npassed_HT      = 1009 / 1009
npass_Njets     = 1004 / 1009
Npassed_ALL     = 857 / 1009

>> Running /isilon/hadoop/store/group/bruxljm/FWLJMET106XUL_singleLep2017UL_RunIISummer20_X53X53/PairVLQ_x53x53_tWtW_narrow_RH_M1500_TuneCP5_13TeV-madgraph-pythia8/singleLep2017UL/230310_180718/0000/PairVLQ_x53x53_tWtW_narrow_RH_M1500_TuneCP5_13TeV-madgraph-pythia8_17.root for shift: nominal
[step1.h] Opening file: /isilon/hadoop/store/group/bruxljm/FWLJMET106XUL_singleLep2017UL_RunIISummer20_X53X53/PairVLQ_x53x53_tWtW_narrow_RH_M1500_TuneCP5_13TeV-madgraph-pythia8/singleLep2017UL/230310_180718/0000/PairVLQ_x53x53_tWtW_narrow_RH_M1500_TuneCP5_13TeV-madgraph-pythia8_17.root
[step1.h] Finished initializing
RUN CONFIG: YEAR = 2017
Era = 
isMC = 1, isSig = 1, SigMass = 8
isHad =0, isSE =0, isSM =0
isTTTT = 0, isXX = 1, isTpTp = 0, isBpBp = 0
For W's: isTT = 0, isSTt = 0, isSTtW = 0
For jets & PDF: isTOP = 0, isMadgraphBkg = 1
For HOTTagger Efficiencies: isTTV = 0, isTTHbb = 0, isTTHnonbb = 0, isTTTX = 0
isTTVV = 0, isST = 0, isTTToSemiLeptonHT500Njet9 = 0
Pileup sample key: PairVLQ_x53x53_tWtW_narrow_RH_M1500_TuneCP5_13TeV-madgraph-pythia8
b-tagging working points: 0.304(DeepJet)0.4506(DeepCSV)
isTTincMtt0to700: 0
isTTincMtt0to1000: 0
isTTincMtt700to1000: 0
isTTincMtt1000toInf: 0
isTTSemilepIncHT0Njet0: 0
isTTSemilepIncHT500Njet9: 0
outTTLF: 0
outTTCC: 0
outTTBB: 0
outTT1B: 0
outTT2B: 0
>> Completed 0 out of 529 events
[INFO] Defaulting to central deepJet weight for: nominal
Nelectrons      = 257 / 529
Npassed_ElEta   = 257 / 529
Nmuons          = 272 / 529
NrelIsoFail     = 0 / 529
Npassed_MuEta   = 272 / 529
Npassed_nAK8Jets= 529 / 529
Npassed_Trigger = 512 / 529
Npassed_MET     = 484 / 529
Npassed_lepPt   = 495 / 529
Npassed_HT      = 528 / 529
npass_Njets     = 525 / 529
Npassed_ALL     = 446 / 529
>> Available ROOT Files:
-rw-r--r-- 1 fsimpson gridusers 3136810 Apr 24 09:16 PairVLQ_x53x53_tWtW_narrow_RH_M1500_TuneCP5_13TeV-madgraph-pythia8_126nominal.root
-rw-r--r-- 1 fsimpson gridusers 3149830 Apr 24 09:16 PairVLQ_x53x53_tWtW_narrow_RH_M1500_TuneCP5_13TeV-madgraph-pythia8_127nominal.root
-rw-r--r-- 1 fsimpson gridusers 3142611 Apr 24 09:16 PairVLQ_x53x53_tWtW_narrow_RH_M1500_TuneCP5_13TeV-madgraph-pythia8_128nominal.root
-rw-r--r-- 1 fsimpson gridusers 3091490 Apr 24 09:16 PairVLQ_x53x53_tWtW_narrow_RH_M1500_TuneCP5_13TeV-madgraph-pythia8_129nominal.root
-rw-r--r-- 1 fsimpson gridusers 3060114 Apr 24 09:16 PairVLQ_x53x53_tWtW_narrow_RH_M1500_TuneCP5_13TeV-madgraph-pythia8_130nominal.root
-rw-r--r-- 1 fsimpson gridusers 3241142 Apr 24 09:16 PairVLQ_x53x53_tWtW_narrow_RH_M1500_TuneCP5_13TeV-madgraph-pythia8_131nominal.root
-rw-r--r-- 1 fsimpson gridusers 3139309 Apr 24 09:16 PairVLQ_x53x53_tWtW_narrow_RH_M1500_TuneCP5_13TeV-madgraph-pythia8_132nominal.root
-rw-r--r-- 1 fsimpson gridusers 2975188 Apr 24 09:16 PairVLQ_x53x53_tWtW_narrow_RH_M1500_TuneCP5_13TeV-madgraph-pythia8_133nominal.root
-rw-r--r-- 1 fsimpson gridusers 3117357 Apr 24 09:16 PairVLQ_x53x53_tWtW_narrow_RH_M1500_TuneCP5_13TeV-madgraph-pythia8_134nominal.root
-rw-r--r-- 1 fsimpson gridusers 2961776 Apr 24 09:16 PairVLQ_x53x53_tWtW_narrow_RH_M1500_TuneCP5_13TeV-madgraph-pythia8_135nominal.root
-rw-r--r-- 1 fsimpson gridusers 1588439 Apr 24 09:16 PairVLQ_x53x53_tWtW_narrow_RH_M1500_TuneCP5_13TeV-madgraph-pythia8_136nominal.root
-rw-r--r-- 1 fsimpson gridusers 3033450 Apr 24 09:16 PairVLQ_x53x53_tWtW_narrow_RH_M1500_TuneCP5_13TeV-madgraph-pythia8_137nominal.root
-rw-r--r-- 1 fsimpson gridusers 3133759 Apr 24 09:16 PairVLQ_x53x53_tWtW_narrow_RH_M1500_TuneCP5_13TeV-madgraph-pythia8_138nominal.root
-rw-r--r-- 1 fsimpson gridusers 3158653 Apr 24 09:16 PairVLQ_x53x53_tWtW_narrow_RH_M1500_TuneCP5_13TeV-madgraph-pythia8_139nominal.root
-rw-r--r-- 1 fsimpson gridusers 3208971 Apr 24 09:16 PairVLQ_x53x53_tWtW_narrow_RH_M1500_TuneCP5_13TeV-madgraph-pythia8_13nominal.root
-rw-r--r-- 1 fsimpson gridusers 3169833 Apr 24 09:16 PairVLQ_x53x53_tWtW_narrow_RH_M1500_TuneCP5_13TeV-madgraph-pythia8_140nominal.root
-rw-r--r-- 1 fsimpson gridusers 1514459 Apr 24 09:16 PairVLQ_x53x53_tWtW_narrow_RH_M1500_TuneCP5_13TeV-madgraph-pythia8_141nominal.root
-rw-r--r-- 1 fsimpson gridusers 3075810 Apr 24 09:16 PairVLQ_x53x53_tWtW_narrow_RH_M1500_TuneCP5_13TeV-madgraph-pythia8_142nominal.root
-rw-r--r-- 1 fsimpson gridusers 2999197 Apr 24 09:16 PairVLQ_x53x53_tWtW_narrow_RH_M1500_TuneCP5_13TeV-madgraph-pythia8_143nominal.root
-rw-r--r-- 1 fsimpson gridusers 3076770 Apr 24 09:16 PairVLQ_x53x53_tWtW_narrow_RH_M1500_TuneCP5_13TeV-madgraph-pythia8_144nominal.root
-rw-r--r-- 1 fsimpson gridusers 3078665 Apr 24 09:16 PairVLQ_x53x53_tWtW_narrow_RH_M1500_TuneCP5_13TeV-madgraph-pythia8_145nominal.root
-rw-r--r-- 1 fsimpson gridusers 3097873 Apr 24 09:16 PairVLQ_x53x53_tWtW_narrow_RH_M1500_TuneCP5_13TeV-madgraph-pythia8_146nominal.root
-rw-r--r-- 1 fsimpson gridusers 3052551 Apr 24 09:16 PairVLQ_x53x53_tWtW_narrow_RH_M1500_TuneCP5_13TeV-madgraph-pythia8_147nominal.root
-rw-r--r-- 1 fsimpson gridusers 3018692 Apr 24 09:16 PairVLQ_x53x53_tWtW_narrow_RH_M1500_TuneCP5_13TeV-madgraph-pythia8_148nominal.root
-rw-r--r-- 1 fsimpson gridusers 3158046 Apr 24 09:16 PairVLQ_x53x53_tWtW_narrow_RH_M1500_TuneCP5_13TeV-madgraph-pythia8_149nominal.root
-rw-r--r-- 1 fsimpson gridusers 3030263 Apr 24 09:16 PairVLQ_x53x53_tWtW_narrow_RH_M1500_TuneCP5_13TeV-madgraph-pythia8_14nominal.root
-rw-r--r-- 1 fsimpson gridusers 3162139 Apr 24 09:16 PairVLQ_x53x53_tWtW_narrow_RH_M1500_TuneCP5_13TeV-madgraph-pythia8_150nominal.root
-rw-r--r-- 1 fsimpson gridusers 3082684 Apr 24 09:16 PairVLQ_x53x53_tWtW_narrow_RH_M1500_TuneCP5_13TeV-madgraph-pythia8_15nominal.root
-rw-r--r-- 1 fsimpson gridusers 2993105 Apr 24 09:16 PairVLQ_x53x53_tWtW_narrow_RH_M1500_TuneCP5_13TeV-madgraph-pythia8_16nominal.root
-rw-r--r-- 1 fsimpson gridusers 1612038 Apr 24 09:16 PairVLQ_x53x53_tWtW_narrow_RH_M1500_TuneCP5_13TeV-madgraph-pythia8_17nominal.root
>> xrdcp output for condor
hadd Target file: PairVLQ_x53x53_tWtW_narrow_RH_M1500_TuneCP5_13TeV-madgraph-pythia8_2nominal_hadd.root
hadd compression setting for all ouput: 1
hadd Source file 1: PairVLQ_x53x53_tWtW_narrow_RH_M1500_TuneCP5_13TeV-madgraph-pythia8_126nominal.root
hadd Source file 2: PairVLQ_x53x53_tWtW_narrow_RH_M1500_TuneCP5_13TeV-madgraph-pythia8_127nominal.root
hadd Source file 3: PairVLQ_x53x53_tWtW_narrow_RH_M1500_TuneCP5_13TeV-madgraph-pythia8_128nominal.root
hadd Source file 4: PairVLQ_x53x53_tWtW_narrow_RH_M1500_TuneCP5_13TeV-madgraph-pythia8_129nominal.root
hadd Source file 5: PairVLQ_x53x53_tWtW_narrow_RH_M1500_TuneCP5_13TeV-madgraph-pythia8_130nominal.root
hadd Source file 6: PairVLQ_x53x53_tWtW_narrow_RH_M1500_TuneCP5_13TeV-madgraph-pythia8_131nominal.root
hadd Source file 7: PairVLQ_x53x53_tWtW_narrow_RH_M1500_TuneCP5_13TeV-madgraph-pythia8_132nominal.root
hadd Source file 8: PairVLQ_x53x53_tWtW_narrow_RH_M1500_TuneCP5_13TeV-madgraph-pythia8_133nominal.root
hadd Source file 9: PairVLQ_x53x53_tWtW_narrow_RH_M1500_TuneCP5_13TeV-madgraph-pythia8_134nominal.root
hadd Source file 10: PairVLQ_x53x53_tWtW_narrow_RH_M1500_TuneCP5_13TeV-madgraph-pythia8_135nominal.root
hadd Source file 11: PairVLQ_x53x53_tWtW_narrow_RH_M1500_TuneCP5_13TeV-madgraph-pythia8_136nominal.root
hadd Source file 12: PairVLQ_x53x53_tWtW_narrow_RH_M1500_TuneCP5_13TeV-madgraph-pythia8_137nominal.root
hadd Source file 13: PairVLQ_x53x53_tWtW_narrow_RH_M1500_TuneCP5_13TeV-madgraph-pythia8_138nominal.root
hadd Source file 14: PairVLQ_x53x53_tWtW_narrow_RH_M1500_TuneCP5_13TeV-madgraph-pythia8_139nominal.root
hadd Source file 15: PairVLQ_x53x53_tWtW_narrow_RH_M1500_TuneCP5_13TeV-madgraph-pythia8_13nominal.root
hadd Source file 16: PairVLQ_x53x53_tWtW_narrow_RH_M1500_TuneCP5_13TeV-madgraph-pythia8_140nominal.root
hadd Source file 17: PairVLQ_x53x53_tWtW_narrow_RH_M1500_TuneCP5_13TeV-madgraph-pythia8_141nominal.root
hadd Source file 18: PairVLQ_x53x53_tWtW_narrow_RH_M1500_TuneCP5_13TeV-madgraph-pythia8_142nominal.root
hadd Source file 19: PairVLQ_x53x53_tWtW_narrow_RH_M1500_TuneCP5_13TeV-madgraph-pythia8_143nominal.root
hadd Source file 20: PairVLQ_x53x53_tWtW_narrow_RH_M1500_TuneCP5_13TeV-madgraph-pythia8_144nominal.root
hadd Source file 21: PairVLQ_x53x53_tWtW_narrow_RH_M1500_TuneCP5_13TeV-madgraph-pythia8_145nominal.root
hadd Source file 22: PairVLQ_x53x53_tWtW_narrow_RH_M1500_TuneCP5_13TeV-madgraph-pythia8_146nominal.root
hadd Source file 23: PairVLQ_x53x53_tWtW_narrow_RH_M1500_TuneCP5_13TeV-madgraph-pythia8_147nominal.root
hadd Source file 24: PairVLQ_x53x53_tWtW_narrow_RH_M1500_TuneCP5_13TeV-madgraph-pythia8_148nominal.root
hadd Source file 25: PairVLQ_x53x53_tWtW_narrow_RH_M1500_TuneCP5_13TeV-madgraph-pythia8_149nominal.root
hadd Source file 26: PairVLQ_x53x53_tWtW_narrow_RH_M1500_TuneCP5_13TeV-madgraph-pythia8_14nominal.root
hadd Source file 27: PairVLQ_x53x53_tWtW_narrow_RH_M1500_TuneCP5_13TeV-madgraph-pythia8_150nominal.root
hadd Source file 28: PairVLQ_x53x53_tWtW_narrow_RH_M1500_TuneCP5_13TeV-madgraph-pythia8_15nominal.root
hadd Source file 29: PairVLQ_x53x53_tWtW_narrow_RH_M1500_TuneCP5_13TeV-madgraph-pythia8_16nominal.root
hadd Source file 30: PairVLQ_x53x53_tWtW_narrow_RH_M1500_TuneCP5_13TeV-madgraph-pythia8_17nominal.root
hadd Target path: PairVLQ_x53x53_tWtW_narrow_RH_M1500_TuneCP5_13TeV-madgraph-pythia8_2nominal_hadd.root:/
>> mv PairVLQ_x53x53_tWtW_narrow_RH_M1500_TuneCP5_13TeV-madgraph-pythia8_2nominal_hadd.root /isilon/hadoop/store/group/bruxljm/FWLJMET106XUL_singleLep2017UL_RunIISummer20_X53X53_step1/nominal/PairVLQ_x53x53_tWtW_narrow_RH_M1500_TuneCP5_13TeV-madgraph-pythia8/PairVLQ_x53x53_tWtW_narrow_RH_M1500_TuneCP5_13TeV-madgraph-pythia8_2.root
[DONE]
