000 (630118.000.000) 04/24 07:52:03 Job submitted from host: <172.20.3.187:9618?addrs=172.20.3.187-9618&noUDP&sock=2297_2121_3>
...
001 (630118.000.000) 04/24 07:56:12 Job executing on host: <172.20.225.4:9618?addrs=172.20.225.4-9618&noUDP&sock=3366_5fdf_3>
...
006 (630118.000.000) 04/24 07:56:21 Image size of job updated: 99912
	95  -  MemoryUsage of job (MB)
	96780  -  ResidentSetSize of job (KB)
...
006 (630118.000.000) 04/24 08:01:23 Image size of job updated: 684156
	668  -  MemoryUsage of job (MB)
	683604  -  ResidentSetSize of job (KB)
...
006 (630118.000.000) 04/24 08:06:23 Image size of job updated: 944840
	923  -  MemoryUsage of job (MB)
	944580  -  ResidentSetSize of job (KB)
...
006 (630118.000.000) 04/24 08:11:24 Image size of job updated: 1141776
	1115  -  MemoryUsage of job (MB)
	1141516  -  ResidentSetSize of job (KB)
...
006 (630118.000.000) 04/24 08:16:25 Image size of job updated: 1311444
	1281  -  MemoryUsage of job (MB)
	1311080  -  ResidentSetSize of job (KB)
...
006 (630118.000.000) 04/24 08:21:25 Image size of job updated: 1454720
	1421  -  MemoryUsage of job (MB)
	1454232  -  ResidentSetSize of job (KB)
...
005 (630118.000.000) 04/24 08:25:04 Job terminated.
	(1) Normal termination (return value 0)
		Usr 0 00:26:55, Sys 0 00:01:09  -  Run Remote Usage
		Usr 0 00:00:00, Sys 0 00:00:00  -  Run Local Usage
		Usr 0 00:26:55, Sys 0 00:01:09  -  Total Remote Usage
		Usr 0 00:00:00, Sys 0 00:00:00  -  Total Local Usage
	1715063  -  Run Bytes Sent By Job
	8620734  -  Run Bytes Received By Job
	1715063  -  Total Bytes Sent By Job
	8620734  -  Total Bytes Received By Job
	Partitionable Resources :    Usage  Request Allocated 
	   Cpus                 :     0.99        1         1 
	   Disk (KB)            : 10649       10000 479779449 
	   Memory (MB)          :  1421        6144      8033 
...
000 (630177.000.000) 04/24 08:39:28 Job submitted from host: <172.20.3.187:9618?addrs=172.20.3.187-9618&noUDP&sock=2297_2121_3>
...
001 (630177.000.000) 04/24 08:50:32 Job executing on host: <172.20.225.1:9618?addrs=172.20.225.1-9618&noUDP&sock=3382_5963_3>
...
006 (630177.000.000) 04/24 08:50:41 Image size of job updated: 12332
	13  -  MemoryUsage of job (MB)
	12332  -  ResidentSetSize of job (KB)
...
006 (630177.000.000) 04/24 08:55:42 Image size of job updated: 702492
	684  -  MemoryUsage of job (MB)
	700392  -  ResidentSetSize of job (KB)
...
006 (630177.000.000) 04/24 09:00:42 Image size of job updated: 976216
	953  -  MemoryUsage of job (MB)
	975492  -  ResidentSetSize of job (KB)
...
006 (630177.000.000) 04/24 09:05:43 Image size of job updated: 1176872
	1149  -  MemoryUsage of job (MB)
	1176512  -  ResidentSetSize of job (KB)
...
006 (630177.000.000) 04/24 09:10:44 Image size of job updated: 1351028
	1320  -  MemoryUsage of job (MB)
	1350748  -  ResidentSetSize of job (KB)
...
006 (630177.000.000) 04/24 09:15:45 Image size of job updated: 1492352
	1458  -  MemoryUsage of job (MB)
	1492200  -  ResidentSetSize of job (KB)
...
006 (630177.000.000) 04/24 09:18:31 Image size of job updated: 1639784
	1458  -  MemoryUsage of job (MB)
	1492248  -  ResidentSetSize of job (KB)
...
005 (630177.000.000) 04/24 09:18:31 Job terminated.
	(1) Normal termination (return value 0)
		Usr 0 00:25:35, Sys 0 00:00:40  -  Run Remote Usage
		Usr 0 00:00:00, Sys 0 00:00:00  -  Run Local Usage
		Usr 0 00:25:35, Sys 0 00:00:40  -  Total Remote Usage
		Usr 0 00:00:00, Sys 0 00:00:00  -  Total Local Usage
	1772724  -  Run Bytes Sent By Job
	8620823  -  Run Bytes Received By Job
	1772724  -  Total Bytes Sent By Job
	8620823  -  Total Bytes Received By Job
	Partitionable Resources :    Usage  Request Allocated 
	   Cpus                 :     0.99        1         1 
	   Disk (KB)            : 10706       10000 479786105 
	   Memory (MB)          :  1458        6144      8033 
...
