/isilon/condor/hep108.hep.brown.edu/execute/dir_236726
>> Setting macroDir to PWD

Processing compile_step1.C...
>> Running on BRUX, PairVLQ_x53x53_tWtW_narrow_RH_M1200_TuneCP5_13TeV-madgraph-pythia8 stored on BRUX
>> Input file path: /isilon/hadoop/store/group/bruxljm/FWLJMET106XUL_singleLep2017UL_RunIISummer20_X53X53/PairVLQ_x53x53_tWtW_narrow_RH_M1200_TuneCP5_13TeV-madgraph-pythia8/singleLep2017UL/230310_182521/0000
>> Running step1 over list: 43 44 45 46 47 48 49 5 50 51 52 53 54 55 56 57 58 59 6 60 61 62 63 64 65 66 67 68 69 7
>> Adding PairVLQ_x53x53_tWtW_narrow_RH_M1200_TuneCP5_13TeV-madgraph-pythia8_43.root to the list by reading PairVLQ_x53x53_tWtW_narrow_RH_M1200_TuneCP5_13TeV-madgraph-pythia8_43
>> Adding PairVLQ_x53x53_tWtW_narrow_RH_M1200_TuneCP5_13TeV-madgraph-pythia8_44.root to the list by reading PairVLQ_x53x53_tWtW_narrow_RH_M1200_TuneCP5_13TeV-madgraph-pythia8_44
>> Adding PairVLQ_x53x53_tWtW_narrow_RH_M1200_TuneCP5_13TeV-madgraph-pythia8_45.root to the list by reading PairVLQ_x53x53_tWtW_narrow_RH_M1200_TuneCP5_13TeV-madgraph-pythia8_45
>> Adding PairVLQ_x53x53_tWtW_narrow_RH_M1200_TuneCP5_13TeV-madgraph-pythia8_46.root to the list by reading PairVLQ_x53x53_tWtW_narrow_RH_M1200_TuneCP5_13TeV-madgraph-pythia8_46
>> Adding PairVLQ_x53x53_tWtW_narrow_RH_M1200_TuneCP5_13TeV-madgraph-pythia8_47.root to the list by reading PairVLQ_x53x53_tWtW_narrow_RH_M1200_TuneCP5_13TeV-madgraph-pythia8_47
>> Adding PairVLQ_x53x53_tWtW_narrow_RH_M1200_TuneCP5_13TeV-madgraph-pythia8_48.root to the list by reading PairVLQ_x53x53_tWtW_narrow_RH_M1200_TuneCP5_13TeV-madgraph-pythia8_48
>> Adding PairVLQ_x53x53_tWtW_narrow_RH_M1200_TuneCP5_13TeV-madgraph-pythia8_49.root to the list by reading PairVLQ_x53x53_tWtW_narrow_RH_M1200_TuneCP5_13TeV-madgraph-pythia8_49
>> Adding PairVLQ_x53x53_tWtW_narrow_RH_M1200_TuneCP5_13TeV-madgraph-pythia8_5.root to the list by reading PairVLQ_x53x53_tWtW_narrow_RH_M1200_TuneCP5_13TeV-madgraph-pythia8_5
>> Adding PairVLQ_x53x53_tWtW_narrow_RH_M1200_TuneCP5_13TeV-madgraph-pythia8_50.root to the list by reading PairVLQ_x53x53_tWtW_narrow_RH_M1200_TuneCP5_13TeV-madgraph-pythia8_50
>> Adding PairVLQ_x53x53_tWtW_narrow_RH_M1200_TuneCP5_13TeV-madgraph-pythia8_51.root to the list by reading PairVLQ_x53x53_tWtW_narrow_RH_M1200_TuneCP5_13TeV-madgraph-pythia8_51
>> Adding PairVLQ_x53x53_tWtW_narrow_RH_M1200_TuneCP5_13TeV-madgraph-pythia8_52.root to the list by reading PairVLQ_x53x53_tWtW_narrow_RH_M1200_TuneCP5_13TeV-madgraph-pythia8_52
>> Adding PairVLQ_x53x53_tWtW_narrow_RH_M1200_TuneCP5_13TeV-madgraph-pythia8_53.root to the list by reading PairVLQ_x53x53_tWtW_narrow_RH_M1200_TuneCP5_13TeV-madgraph-pythia8_53
>> Adding PairVLQ_x53x53_tWtW_narrow_RH_M1200_TuneCP5_13TeV-madgraph-pythia8_54.root to the list by reading PairVLQ_x53x53_tWtW_narrow_RH_M1200_TuneCP5_13TeV-madgraph-pythia8_54
>> Adding PairVLQ_x53x53_tWtW_narrow_RH_M1200_TuneCP5_13TeV-madgraph-pythia8_55.root to the list by reading PairVLQ_x53x53_tWtW_narrow_RH_M1200_TuneCP5_13TeV-madgraph-pythia8_55
>> Adding PairVLQ_x53x53_tWtW_narrow_RH_M1200_TuneCP5_13TeV-madgraph-pythia8_56.root to the list by reading PairVLQ_x53x53_tWtW_narrow_RH_M1200_TuneCP5_13TeV-madgraph-pythia8_56
>> Adding PairVLQ_x53x53_tWtW_narrow_RH_M1200_TuneCP5_13TeV-madgraph-pythia8_57.root to the list by reading PairVLQ_x53x53_tWtW_narrow_RH_M1200_TuneCP5_13TeV-madgraph-pythia8_57
>> Adding PairVLQ_x53x53_tWtW_narrow_RH_M1200_TuneCP5_13TeV-madgraph-pythia8_58.root to the list by reading PairVLQ_x53x53_tWtW_narrow_RH_M1200_TuneCP5_13TeV-madgraph-pythia8_58
>> Adding PairVLQ_x53x53_tWtW_narrow_RH_M1200_TuneCP5_13TeV-madgraph-pythia8_59.root to the list by reading PairVLQ_x53x53_tWtW_narrow_RH_M1200_TuneCP5_13TeV-madgraph-pythia8_59
>> Adding PairVLQ_x53x53_tWtW_narrow_RH_M1200_TuneCP5_13TeV-madgraph-pythia8_6.root to the list by reading PairVLQ_x53x53_tWtW_narrow_RH_M1200_TuneCP5_13TeV-madgraph-pythia8_6
>> Adding PairVLQ_x53x53_tWtW_narrow_RH_M1200_TuneCP5_13TeV-madgraph-pythia8_60.root to the list by reading PairVLQ_x53x53_tWtW_narrow_RH_M1200_TuneCP5_13TeV-madgraph-pythia8_60
>> Adding PairVLQ_x53x53_tWtW_narrow_RH_M1200_TuneCP5_13TeV-madgraph-pythia8_61.root to the list by reading PairVLQ_x53x53_tWtW_narrow_RH_M1200_TuneCP5_13TeV-madgraph-pythia8_61
>> Adding PairVLQ_x53x53_tWtW_narrow_RH_M1200_TuneCP5_13TeV-madgraph-pythia8_62.root to the list by reading PairVLQ_x53x53_tWtW_narrow_RH_M1200_TuneCP5_13TeV-madgraph-pythia8_62
>> Adding PairVLQ_x53x53_tWtW_narrow_RH_M1200_TuneCP5_13TeV-madgraph-pythia8_63.root to the list by reading PairVLQ_x53x53_tWtW_narrow_RH_M1200_TuneCP5_13TeV-madgraph-pythia8_63
>> Adding PairVLQ_x53x53_tWtW_narrow_RH_M1200_TuneCP5_13TeV-madgraph-pythia8_64.root to the list by reading PairVLQ_x53x53_tWtW_narrow_RH_M1200_TuneCP5_13TeV-madgraph-pythia8_64
>> Adding PairVLQ_x53x53_tWtW_narrow_RH_M1200_TuneCP5_13TeV-madgraph-pythia8_65.root to the list by reading PairVLQ_x53x53_tWtW_narrow_RH_M1200_TuneCP5_13TeV-madgraph-pythia8_65
>> Adding PairVLQ_x53x53_tWtW_narrow_RH_M1200_TuneCP5_13TeV-madgraph-pythia8_66.root to the list by reading PairVLQ_x53x53_tWtW_narrow_RH_M1200_TuneCP5_13TeV-madgraph-pythia8_66
>> Adding PairVLQ_x53x53_tWtW_narrow_RH_M1200_TuneCP5_13TeV-madgraph-pythia8_67.root to the list by reading PairVLQ_x53x53_tWtW_narrow_RH_M1200_TuneCP5_13TeV-madgraph-pythia8_67
>> Adding PairVLQ_x53x53_tWtW_narrow_RH_M1200_TuneCP5_13TeV-madgraph-pythia8_68.root to the list by reading PairVLQ_x53x53_tWtW_narrow_RH_M1200_TuneCP5_13TeV-madgraph-pythia8_68
>> Adding PairVLQ_x53x53_tWtW_narrow_RH_M1200_TuneCP5_13TeV-madgraph-pythia8_69.root to the list by reading PairVLQ_x53x53_tWtW_narrow_RH_M1200_TuneCP5_13TeV-madgraph-pythia8_69
>> Adding PairVLQ_x53x53_tWtW_narrow_RH_M1200_TuneCP5_13TeV-madgraph-pythia8_7.root to the list by reading PairVLQ_x53x53_tWtW_narrow_RH_M1200_TuneCP5_13TeV-madgraph-pythia8_7
[OPT] Using deepCSV reshaping file: reshaping_deepCSV_106XUL17_v4.csv
[OPT] Using deepJet reshaping file: reshaping_deepJet_106XUL17_v4.csv

>> Running /isilon/hadoop/store/group/bruxljm/FWLJMET106XUL_singleLep2017UL_RunIISummer20_X53X53/PairVLQ_x53x53_tWtW_narrow_RH_M1200_TuneCP5_13TeV-madgraph-pythia8/singleLep2017UL/230310_182521/0000/PairVLQ_x53x53_tWtW_narrow_RH_M1200_TuneCP5_13TeV-madgraph-pythia8_43.root for shift: nominal
[step1.h] Opening file: /isilon/hadoop/store/group/bruxljm/FWLJMET106XUL_singleLep2017UL_RunIISummer20_X53X53/PairVLQ_x53x53_tWtW_narrow_RH_M1200_TuneCP5_13TeV-madgraph-pythia8/singleLep2017UL/230310_182521/0000/PairVLQ_x53x53_tWtW_narrow_RH_M1200_TuneCP5_13TeV-madgraph-pythia8_43.root
[step1.h] Finished initializing
RUN CONFIG: YEAR = 2017
Era = 
isMC = 1, isSig = 1, SigMass = 5
isHad =0, isSE =0, isSM =0
isTTTT = 0, isXX = 1, isTpTp = 0, isBpBp = 0
For W's: isTT = 0, isSTt = 0, isSTtW = 0
For jets & PDF: isTOP = 0, isMadgraphBkg = 1
For HOTTagger Efficiencies: isTTV = 0, isTTHbb = 0, isTTHnonbb = 0, isTTTX = 0
isTTVV = 0, isST = 0, isTTToSemiLeptonHT500Njet9 = 0
Pileup sample key: PairVLQ_x53x53_tWtW_narrow_RH_M1200_TuneCP5_13TeV-madgraph-pythia8
b-tagging working points: 0.304(DeepJet)0.4506(DeepCSV)
isTTincMtt0to700: 0
isTTincMtt0to1000: 0
isTTincMtt700to1000: 0
isTTincMtt1000toInf: 0
isTTSemilepIncHT0Njet0: 0
isTTSemilepIncHT500Njet9: 0
outTTLF: 0
outTTCC: 0
outTTBB: 0
outTT1B: 0
outTT2B: 0
>> Completed 0 out of 1029 events
[INFO] Defaulting to central deepJet weight for: nominal
>> Completed 1000 out of 1029 events
Nelectrons      = 476 / 1029
Npassed_ElEta   = 476 / 1029
Nmuons          = 553 / 1029
NrelIsoFail     = 0 / 1029
Npassed_MuEta   = 553 / 1029
Npassed_nAK8Jets= 1029 / 1029
Npassed_Trigger = 981 / 1029
Npassed_MET     = 895 / 1029
Npassed_lepPt   = 925 / 1029
Npassed_HT      = 1027 / 1029
npass_Njets     = 1022 / 1029
Npassed_ALL     = 796 / 1029

>> Running /isilon/hadoop/store/group/bruxljm/FWLJMET106XUL_singleLep2017UL_RunIISummer20_X53X53/PairVLQ_x53x53_tWtW_narrow_RH_M1200_TuneCP5_13TeV-madgraph-pythia8/singleLep2017UL/230310_182521/0000/PairVLQ_x53x53_tWtW_narrow_RH_M1200_TuneCP5_13TeV-madgraph-pythia8_44.root for shift: nominal
[step1.h] Opening file: /isilon/hadoop/store/group/bruxljm/FWLJMET106XUL_singleLep2017UL_RunIISummer20_X53X53/PairVLQ_x53x53_tWtW_narrow_RH_M1200_TuneCP5_13TeV-madgraph-pythia8/singleLep2017UL/230310_182521/0000/PairVLQ_x53x53_tWtW_narrow_RH_M1200_TuneCP5_13TeV-madgraph-pythia8_44.root
[step1.h] Finished initializing
RUN CONFIG: YEAR = 2017
Era = 
isMC = 1, isSig = 1, SigMass = 5
isHad =0, isSE =0, isSM =0
isTTTT = 0, isXX = 1, isTpTp = 0, isBpBp = 0
For W's: isTT = 0, isSTt = 0, isSTtW = 0
For jets & PDF: isTOP = 0, isMadgraphBkg = 1
For HOTTagger Efficiencies: isTTV = 0, isTTHbb = 0, isTTHnonbb = 0, isTTTX = 0
isTTVV = 0, isST = 0, isTTToSemiLeptonHT500Njet9 = 0
Pileup sample key: PairVLQ_x53x53_tWtW_narrow_RH_M1200_TuneCP5_13TeV-madgraph-pythia8
b-tagging working points: 0.304(DeepJet)0.4506(DeepCSV)
isTTincMtt0to700: 0
isTTincMtt0to1000: 0
isTTincMtt700to1000: 0
isTTincMtt1000toInf: 0
isTTSemilepIncHT0Njet0: 0
isTTSemilepIncHT500Njet9: 0
outTTLF: 0
outTTCC: 0
outTTBB: 0
outTT1B: 0
outTT2B: 0
>> Completed 0 out of 1089 events
[INFO] Defaulting to central deepJet weight for: nominal
>> Completed 1000 out of 1089 events
Nelectrons      = 489 / 1089
Npassed_ElEta   = 489 / 1089
Nmuons          = 600 / 1089
NrelIsoFail     = 0 / 1089
Npassed_MuEta   = 600 / 1089
Npassed_nAK8Jets= 1089 / 1089
Npassed_Trigger = 1047 / 1089
Npassed_MET     = 956 / 1089
Npassed_lepPt   = 979 / 1089
Npassed_HT      = 1084 / 1089
npass_Njets     = 1085 / 1089
Npassed_ALL     = 850 / 1089

>> Running /isilon/hadoop/store/group/bruxljm/FWLJMET106XUL_singleLep2017UL_RunIISummer20_X53X53/PairVLQ_x53x53_tWtW_narrow_RH_M1200_TuneCP5_13TeV-madgraph-pythia8/singleLep2017UL/230310_182521/0000/PairVLQ_x53x53_tWtW_narrow_RH_M1200_TuneCP5_13TeV-madgraph-pythia8_45.root for shift: nominal
[step1.h] Opening file: /isilon/hadoop/store/group/bruxljm/FWLJMET106XUL_singleLep2017UL_RunIISummer20_X53X53/PairVLQ_x53x53_tWtW_narrow_RH_M1200_TuneCP5_13TeV-madgraph-pythia8/singleLep2017UL/230310_182521/0000/PairVLQ_x53x53_tWtW_narrow_RH_M1200_TuneCP5_13TeV-madgraph-pythia8_45.root
[step1.h] Finished initializing
RUN CONFIG: YEAR = 2017
Era = 
isMC = 1, isSig = 1, SigMass = 5
isHad =0, isSE =0, isSM =0
isTTTT = 0, isXX = 1, isTpTp = 0, isBpBp = 0
For W's: isTT = 0, isSTt = 0, isSTtW = 0
For jets & PDF: isTOP = 0, isMadgraphBkg = 1
For HOTTagger Efficiencies: isTTV = 0, isTTHbb = 0, isTTHnonbb = 0, isTTTX = 0
isTTVV = 0, isST = 0, isTTToSemiLeptonHT500Njet9 = 0
Pileup sample key: PairVLQ_x53x53_tWtW_narrow_RH_M1200_TuneCP5_13TeV-madgraph-pythia8
b-tagging working points: 0.304(DeepJet)0.4506(DeepCSV)
isTTincMtt0to700: 0
isTTincMtt0to1000: 0
isTTincMtt700to1000: 0
isTTincMtt1000toInf: 0
isTTSemilepIncHT0Njet0: 0
isTTSemilepIncHT500Njet9: 0
outTTLF: 0
outTTCC: 0
outTTBB: 0
outTT1B: 0
outTT2B: 0
>> Completed 0 out of 1087 events
[INFO] Defaulting to central deepJet weight for: nominal
>> Completed 1000 out of 1087 events
Nelectrons      = 506 / 1087
Npassed_ElEta   = 506 / 1087
Nmuons          = 581 / 1087
NrelIsoFail     = 0 / 1087
Npassed_MuEta   = 581 / 1087
Npassed_nAK8Jets= 1087 / 1087
Npassed_Trigger = 1059 / 1087
Npassed_MET     = 951 / 1087
Npassed_lepPt   = 1000 / 1087
Npassed_HT      = 1085 / 1087
npass_Njets     = 1083 / 1087
Npassed_ALL     = 870 / 1087

>> Running /isilon/hadoop/store/group/bruxljm/FWLJMET106XUL_singleLep2017UL_RunIISummer20_X53X53/PairVLQ_x53x53_tWtW_narrow_RH_M1200_TuneCP5_13TeV-madgraph-pythia8/singleLep2017UL/230310_182521/0000/PairVLQ_x53x53_tWtW_narrow_RH_M1200_TuneCP5_13TeV-madgraph-pythia8_46.root for shift: nominal
[step1.h] Opening file: /isilon/hadoop/store/group/bruxljm/FWLJMET106XUL_singleLep2017UL_RunIISummer20_X53X53/PairVLQ_x53x53_tWtW_narrow_RH_M1200_TuneCP5_13TeV-madgraph-pythia8/singleLep2017UL/230310_182521/0000/PairVLQ_x53x53_tWtW_narrow_RH_M1200_TuneCP5_13TeV-madgraph-pythia8_46.root
[step1.h] Finished initializing
RUN CONFIG: YEAR = 2017
Era = 
isMC = 1, isSig = 1, SigMass = 5
isHad =0, isSE =0, isSM =0
isTTTT = 0, isXX = 1, isTpTp = 0, isBpBp = 0
For W's: isTT = 0, isSTt = 0, isSTtW = 0
For jets & PDF: isTOP = 0, isMadgraphBkg = 1
For HOTTagger Efficiencies: isTTV = 0, isTTHbb = 0, isTTHnonbb = 0, isTTTX = 0
isTTVV = 0, isST = 0, isTTToSemiLeptonHT500Njet9 = 0
Pileup sample key: PairVLQ_x53x53_tWtW_narrow_RH_M1200_TuneCP5_13TeV-madgraph-pythia8
b-tagging working points: 0.304(DeepJet)0.4506(DeepCSV)
isTTincMtt0to700: 0
isTTincMtt0to1000: 0
isTTincMtt700to1000: 0
isTTincMtt1000toInf: 0
isTTSemilepIncHT0Njet0: 0
isTTSemilepIncHT500Njet9: 0
outTTLF: 0
outTTCC: 0
outTTBB: 0
outTT1B: 0
outTT2B: 0
>> Completed 0 out of 1059 events
[INFO] Defaulting to central deepJet weight for: nominal
>> Completed 1000 out of 1059 events
Nelectrons      = 491 / 1059
Npassed_ElEta   = 491 / 1059
Nmuons          = 568 / 1059
NrelIsoFail     = 0 / 1059
Npassed_MuEta   = 568 / 1059
Npassed_nAK8Jets= 1059 / 1059
Npassed_Trigger = 1012 / 1059
Npassed_MET     = 913 / 1059
Npassed_lepPt   = 962 / 1059
Npassed_HT      = 1059 / 1059
npass_Njets     = 1059 / 1059
Npassed_ALL     = 824 / 1059

>> Running /isilon/hadoop/store/group/bruxljm/FWLJMET106XUL_singleLep2017UL_RunIISummer20_X53X53/PairVLQ_x53x53_tWtW_narrow_RH_M1200_TuneCP5_13TeV-madgraph-pythia8/singleLep2017UL/230310_182521/0000/PairVLQ_x53x53_tWtW_narrow_RH_M1200_TuneCP5_13TeV-madgraph-pythia8_47.root for shift: nominal
[step1.h] Opening file: /isilon/hadoop/store/group/bruxljm/FWLJMET106XUL_singleLep2017UL_RunIISummer20_X53X53/PairVLQ_x53x53_tWtW_narrow_RH_M1200_TuneCP5_13TeV-madgraph-pythia8/singleLep2017UL/230310_182521/0000/PairVLQ_x53x53_tWtW_narrow_RH_M1200_TuneCP5_13TeV-madgraph-pythia8_47.root
[step1.h] Finished initializing
RUN CONFIG: YEAR = 2017
Era = 
isMC = 1, isSig = 1, SigMass = 5
isHad =0, isSE =0, isSM =0
isTTTT = 0, isXX = 1, isTpTp = 0, isBpBp = 0
For W's: isTT = 0, isSTt = 0, isSTtW = 0
For jets & PDF: isTOP = 0, isMadgraphBkg = 1
For HOTTagger Efficiencies: isTTV = 0, isTTHbb = 0, isTTHnonbb = 0, isTTTX = 0
isTTVV = 0, isST = 0, isTTToSemiLeptonHT500Njet9 = 0
Pileup sample key: PairVLQ_x53x53_tWtW_narrow_RH_M1200_TuneCP5_13TeV-madgraph-pythia8
b-tagging working points: 0.304(DeepJet)0.4506(DeepCSV)
isTTincMtt0to700: 0
isTTincMtt0to1000: 0
isTTincMtt700to1000: 0
isTTincMtt1000toInf: 0
isTTSemilepIncHT0Njet0: 0
isTTSemilepIncHT500Njet9: 0
outTTLF: 0
outTTCC: 0
outTTBB: 0
outTT1B: 0
outTT2B: 0
>> Completed 0 out of 1081 events
[INFO] Defaulting to central deepJet weight for: nominal
>> Completed 1000 out of 1081 events
Nelectrons      = 540 / 1081
Npassed_ElEta   = 540 / 1081
Nmuons          = 541 / 1081
NrelIsoFail     = 0 / 1081
Npassed_MuEta   = 541 / 1081
Npassed_nAK8Jets= 1081 / 1081
Npassed_Trigger = 1033 / 1081
Npassed_MET     = 957 / 1081
Npassed_lepPt   = 983 / 1081
Npassed_HT      = 1081 / 1081
npass_Njets     = 1077 / 1081
Npassed_ALL     = 866 / 1081

>> Running /isilon/hadoop/store/group/bruxljm/FWLJMET106XUL_singleLep2017UL_RunIISummer20_X53X53/PairVLQ_x53x53_tWtW_narrow_RH_M1200_TuneCP5_13TeV-madgraph-pythia8/singleLep2017UL/230310_182521/0000/PairVLQ_x53x53_tWtW_narrow_RH_M1200_TuneCP5_13TeV-madgraph-pythia8_48.root for shift: nominal
[step1.h] Opening file: /isilon/hadoop/store/group/bruxljm/FWLJMET106XUL_singleLep2017UL_RunIISummer20_X53X53/PairVLQ_x53x53_tWtW_narrow_RH_M1200_TuneCP5_13TeV-madgraph-pythia8/singleLep2017UL/230310_182521/0000/PairVLQ_x53x53_tWtW_narrow_RH_M1200_TuneCP5_13TeV-madgraph-pythia8_48.root
[step1.h] Finished initializing
RUN CONFIG: YEAR = 2017
Era = 
isMC = 1, isSig = 1, SigMass = 5
isHad =0, isSE =0, isSM =0
isTTTT = 0, isXX = 1, isTpTp = 0, isBpBp = 0
For W's: isTT = 0, isSTt = 0, isSTtW = 0
For jets & PDF: isTOP = 0, isMadgraphBkg = 1
For HOTTagger Efficiencies: isTTV = 0, isTTHbb = 0, isTTHnonbb = 0, isTTTX = 0
isTTVV = 0, isST = 0, isTTToSemiLeptonHT500Njet9 = 0
Pileup sample key: PairVLQ_x53x53_tWtW_narrow_RH_M1200_TuneCP5_13TeV-madgraph-pythia8
b-tagging working points: 0.304(DeepJet)0.4506(DeepCSV)
isTTincMtt0to700: 0
isTTincMtt0to1000: 0
isTTincMtt700to1000: 0
isTTincMtt1000toInf: 0
isTTSemilepIncHT0Njet0: 0
isTTSemilepIncHT500Njet9: 0
outTTLF: 0
outTTCC: 0
outTTBB: 0
outTT1B: 0
outTT2B: 0
>> Completed 0 out of 1090 events
[INFO] Defaulting to central deepJet weight for: nominal
>> Completed 1000 out of 1090 events
Nelectrons      = 503 / 1090
Npassed_ElEta   = 503 / 1090
Nmuons          = 587 / 1090
NrelIsoFail     = 0 / 1090
Npassed_MuEta   = 587 / 1090
Npassed_nAK8Jets= 1090 / 1090
Npassed_Trigger = 1055 / 1090
Npassed_MET     = 974 / 1090
Npassed_lepPt   = 985 / 1090
Npassed_HT      = 1088 / 1090
npass_Njets     = 1088 / 1090
Npassed_ALL     = 876 / 1090

>> Running /isilon/hadoop/store/group/bruxljm/FWLJMET106XUL_singleLep2017UL_RunIISummer20_X53X53/PairVLQ_x53x53_tWtW_narrow_RH_M1200_TuneCP5_13TeV-madgraph-pythia8/singleLep2017UL/230310_182521/0000/PairVLQ_x53x53_tWtW_narrow_RH_M1200_TuneCP5_13TeV-madgraph-pythia8_49.root for shift: nominal
[step1.h] Opening file: /isilon/hadoop/store/group/bruxljm/FWLJMET106XUL_singleLep2017UL_RunIISummer20_X53X53/PairVLQ_x53x53_tWtW_narrow_RH_M1200_TuneCP5_13TeV-madgraph-pythia8/singleLep2017UL/230310_182521/0000/PairVLQ_x53x53_tWtW_narrow_RH_M1200_TuneCP5_13TeV-madgraph-pythia8_49.root
[step1.h] Finished initializing
RUN CONFIG: YEAR = 2017
Era = 
isMC = 1, isSig = 1, SigMass = 5
isHad =0, isSE =0, isSM =0
isTTTT = 0, isXX = 1, isTpTp = 0, isBpBp = 0
For W's: isTT = 0, isSTt = 0, isSTtW = 0
For jets & PDF: isTOP = 0, isMadgraphBkg = 1
For HOTTagger Efficiencies: isTTV = 0, isTTHbb = 0, isTTHnonbb = 0, isTTTX = 0
isTTVV = 0, isST = 0, isTTToSemiLeptonHT500Njet9 = 0
Pileup sample key: PairVLQ_x53x53_tWtW_narrow_RH_M1200_TuneCP5_13TeV-madgraph-pythia8
b-tagging working points: 0.304(DeepJet)0.4506(DeepCSV)
isTTincMtt0to700: 0
isTTincMtt0to1000: 0
isTTincMtt700to1000: 0
isTTincMtt1000toInf: 0
isTTSemilepIncHT0Njet0: 0
isTTSemilepIncHT500Njet9: 0
outTTLF: 0
outTTCC: 0
outTTBB: 0
outTT1B: 0
outTT2B: 0
>> Completed 0 out of 1048 events
[INFO] Defaulting to central deepJet weight for: nominal
>> Completed 1000 out of 1048 events
Nelectrons      = 505 / 1048
Npassed_ElEta   = 505 / 1048
Nmuons          = 543 / 1048
NrelIsoFail     = 0 / 1048
Npassed_MuEta   = 543 / 1048
Npassed_nAK8Jets= 1048 / 1048
Npassed_Trigger = 1001 / 1048
Npassed_MET     = 918 / 1048
Npassed_lepPt   = 944 / 1048
Npassed_HT      = 1045 / 1048
npass_Njets     = 1041 / 1048
Npassed_ALL     = 819 / 1048

>> Running /isilon/hadoop/store/group/bruxljm/FWLJMET106XUL_singleLep2017UL_RunIISummer20_X53X53/PairVLQ_x53x53_tWtW_narrow_RH_M1200_TuneCP5_13TeV-madgraph-pythia8/singleLep2017UL/230310_182521/0000/PairVLQ_x53x53_tWtW_narrow_RH_M1200_TuneCP5_13TeV-madgraph-pythia8_5.root for shift: nominal
[step1.h] Opening file: /isilon/hadoop/store/group/bruxljm/FWLJMET106XUL_singleLep2017UL_RunIISummer20_X53X53/PairVLQ_x53x53_tWtW_narrow_RH_M1200_TuneCP5_13TeV-madgraph-pythia8/singleLep2017UL/230310_182521/0000/PairVLQ_x53x53_tWtW_narrow_RH_M1200_TuneCP5_13TeV-madgraph-pythia8_5.root
[step1.h] Finished initializing
RUN CONFIG: YEAR = 2017
Era = 
isMC = 1, isSig = 1, SigMass = 5
isHad =0, isSE =0, isSM =0
isTTTT = 0, isXX = 1, isTpTp = 0, isBpBp = 0
For W's: isTT = 0, isSTt = 0, isSTtW = 0
For jets & PDF: isTOP = 0, isMadgraphBkg = 1
For HOTTagger Efficiencies: isTTV = 0, isTTHbb = 0, isTTHnonbb = 0, isTTTX = 0
isTTVV = 0, isST = 0, isTTToSemiLeptonHT500Njet9 = 0
Pileup sample key: PairVLQ_x53x53_tWtW_narrow_RH_M1200_TuneCP5_13TeV-madgraph-pythia8
b-tagging working points: 0.304(DeepJet)0.4506(DeepCSV)
isTTincMtt0to700: 0
isTTincMtt0to1000: 0
isTTincMtt700to1000: 0
isTTincMtt1000toInf: 0
isTTSemilepIncHT0Njet0: 0
isTTSemilepIncHT500Njet9: 0
outTTLF: 0
outTTCC: 0
outTTBB: 0
outTT1B: 0
outTT2B: 0
>> Completed 0 out of 1054 events
[INFO] Defaulting to central deepJet weight for: nominal
>> Completed 1000 out of 1054 events
Nelectrons      = 486 / 1054
Npassed_ElEta   = 486 / 1054
Nmuons          = 568 / 1054
NrelIsoFail     = 0 / 1054
Npassed_MuEta   = 568 / 1054
Npassed_nAK8Jets= 1054 / 1054
Npassed_Trigger = 1018 / 1054
Npassed_MET     = 940 / 1054
Npassed_lepPt   = 953 / 1054
Npassed_HT      = 1053 / 1054
npass_Njets     = 1046 / 1054
Npassed_ALL     = 839 / 1054

>> Running /isilon/hadoop/store/group/bruxljm/FWLJMET106XUL_singleLep2017UL_RunIISummer20_X53X53/PairVLQ_x53x53_tWtW_narrow_RH_M1200_TuneCP5_13TeV-madgraph-pythia8/singleLep2017UL/230310_182521/0000/PairVLQ_x53x53_tWtW_narrow_RH_M1200_TuneCP5_13TeV-madgraph-pythia8_50.root for shift: nominal
[step1.h] Opening file: /isilon/hadoop/store/group/bruxljm/FWLJMET106XUL_singleLep2017UL_RunIISummer20_X53X53/PairVLQ_x53x53_tWtW_narrow_RH_M1200_TuneCP5_13TeV-madgraph-pythia8/singleLep2017UL/230310_182521/0000/PairVLQ_x53x53_tWtW_narrow_RH_M1200_TuneCP5_13TeV-madgraph-pythia8_50.root
[step1.h] Finished initializing
RUN CONFIG: YEAR = 2017
Era = 
isMC = 1, isSig = 1, SigMass = 5
isHad =0, isSE =0, isSM =0
isTTTT = 0, isXX = 1, isTpTp = 0, isBpBp = 0
For W's: isTT = 0, isSTt = 0, isSTtW = 0
For jets & PDF: isTOP = 0, isMadgraphBkg = 1
For HOTTagger Efficiencies: isTTV = 0, isTTHbb = 0, isTTHnonbb = 0, isTTTX = 0
isTTVV = 0, isST = 0, isTTToSemiLeptonHT500Njet9 = 0
Pileup sample key: PairVLQ_x53x53_tWtW_narrow_RH_M1200_TuneCP5_13TeV-madgraph-pythia8
b-tagging working points: 0.304(DeepJet)0.4506(DeepCSV)
isTTincMtt0to700: 0
isTTincMtt0to1000: 0
isTTincMtt700to1000: 0
isTTincMtt1000toInf: 0
isTTSemilepIncHT0Njet0: 0
isTTSemilepIncHT500Njet9: 0
outTTLF: 0
outTTCC: 0
outTTBB: 0
outTT1B: 0
outTT2B: 0
>> Completed 0 out of 1068 events
[INFO] Defaulting to central deepJet weight for: nominal
>> Completed 1000 out of 1068 events
Nelectrons      = 486 / 1068
Npassed_ElEta   = 486 / 1068
Nmuons          = 582 / 1068
NrelIsoFail     = 0 / 1068
Npassed_MuEta   = 582 / 1068
Npassed_nAK8Jets= 1068 / 1068
Npassed_Trigger = 1027 / 1068
Npassed_MET     = 950 / 1068
Npassed_lepPt   = 972 / 1068
Npassed_HT      = 1066 / 1068
npass_Njets     = 1063 / 1068
Npassed_ALL     = 860 / 1068

>> Running /isilon/hadoop/store/group/bruxljm/FWLJMET106XUL_singleLep2017UL_RunIISummer20_X53X53/PairVLQ_x53x53_tWtW_narrow_RH_M1200_TuneCP5_13TeV-madgraph-pythia8/singleLep2017UL/230310_182521/0000/PairVLQ_x53x53_tWtW_narrow_RH_M1200_TuneCP5_13TeV-madgraph-pythia8_51.root for shift: nominal
[step1.h] Opening file: /isilon/hadoop/store/group/bruxljm/FWLJMET106XUL_singleLep2017UL_RunIISummer20_X53X53/PairVLQ_x53x53_tWtW_narrow_RH_M1200_TuneCP5_13TeV-madgraph-pythia8/singleLep2017UL/230310_182521/0000/PairVLQ_x53x53_tWtW_narrow_RH_M1200_TuneCP5_13TeV-madgraph-pythia8_51.root
[step1.h] Finished initializing
RUN CONFIG: YEAR = 2017
Era = 
isMC = 1, isSig = 1, SigMass = 5
isHad =0, isSE =0, isSM =0
isTTTT = 0, isXX = 1, isTpTp = 0, isBpBp = 0
For W's: isTT = 0, isSTt = 0, isSTtW = 0
For jets & PDF: isTOP = 0, isMadgraphBkg = 1
For HOTTagger Efficiencies: isTTV = 0, isTTHbb = 0, isTTHnonbb = 0, isTTTX = 0
isTTVV = 0, isST = 0, isTTToSemiLeptonHT500Njet9 = 0
Pileup sample key: PairVLQ_x53x53_tWtW_narrow_RH_M1200_TuneCP5_13TeV-madgraph-pythia8
b-tagging working points: 0.304(DeepJet)0.4506(DeepCSV)
isTTincMtt0to700: 0
isTTincMtt0to1000: 0
isTTincMtt700to1000: 0
isTTincMtt1000toInf: 0
isTTSemilepIncHT0Njet0: 0
isTTSemilepIncHT500Njet9: 0
outTTLF: 0
outTTCC: 0
outTTBB: 0
outTT1B: 0
outTT2B: 0
>> Completed 0 out of 1048 events
[INFO] Defaulting to central deepJet weight for: nominal
>> Completed 1000 out of 1048 events
Nelectrons      = 473 / 1048
Npassed_ElEta   = 473 / 1048
Nmuons          = 575 / 1048
NrelIsoFail     = 0 / 1048
Npassed_MuEta   = 575 / 1048
Npassed_nAK8Jets= 1048 / 1048
Npassed_Trigger = 1005 / 1048
Npassed_MET     = 913 / 1048
Npassed_lepPt   = 960 / 1048
Npassed_HT      = 1046 / 1048
npass_Njets     = 1042 / 1048
Npassed_ALL     = 830 / 1048

>> Running /isilon/hadoop/store/group/bruxljm/FWLJMET106XUL_singleLep2017UL_RunIISummer20_X53X53/PairVLQ_x53x53_tWtW_narrow_RH_M1200_TuneCP5_13TeV-madgraph-pythia8/singleLep2017UL/230310_182521/0000/PairVLQ_x53x53_tWtW_narrow_RH_M1200_TuneCP5_13TeV-madgraph-pythia8_52.root for shift: nominal
[step1.h] Opening file: /isilon/hadoop/store/group/bruxljm/FWLJMET106XUL_singleLep2017UL_RunIISummer20_X53X53/PairVLQ_x53x53_tWtW_narrow_RH_M1200_TuneCP5_13TeV-madgraph-pythia8/singleLep2017UL/230310_182521/0000/PairVLQ_x53x53_tWtW_narrow_RH_M1200_TuneCP5_13TeV-madgraph-pythia8_52.root
[step1.h] Finished initializing
RUN CONFIG: YEAR = 2017
Era = 
isMC = 1, isSig = 1, SigMass = 5
isHad =0, isSE =0, isSM =0
isTTTT = 0, isXX = 1, isTpTp = 0, isBpBp = 0
For W's: isTT = 0, isSTt = 0, isSTtW = 0
For jets & PDF: isTOP = 0, isMadgraphBkg = 1
For HOTTagger Efficiencies: isTTV = 0, isTTHbb = 0, isTTHnonbb = 0, isTTTX = 0
isTTVV = 0, isST = 0, isTTToSemiLeptonHT500Njet9 = 0
Pileup sample key: PairVLQ_x53x53_tWtW_narrow_RH_M1200_TuneCP5_13TeV-madgraph-pythia8
b-tagging working points: 0.304(DeepJet)0.4506(DeepCSV)
isTTincMtt0to700: 0
isTTincMtt0to1000: 0
isTTincMtt700to1000: 0
isTTincMtt1000toInf: 0
isTTSemilepIncHT0Njet0: 0
isTTSemilepIncHT500Njet9: 0
outTTLF: 0
outTTCC: 0
outTTBB: 0
outTT1B: 0
outTT2B: 0
>> Completed 0 out of 1056 events
[INFO] Defaulting to central deepJet weight for: nominal
>> Completed 1000 out of 1056 events
Nelectrons      = 475 / 1056
Npassed_ElEta   = 475 / 1056
Nmuons          = 581 / 1056
NrelIsoFail     = 0 / 1056
Npassed_MuEta   = 581 / 1056
Npassed_nAK8Jets= 1056 / 1056
Npassed_Trigger = 1015 / 1056
Npassed_MET     = 912 / 1056
Npassed_lepPt   = 951 / 1056
Npassed_HT      = 1055 / 1056
npass_Njets     = 1052 / 1056
Npassed_ALL     = 813 / 1056

>> Running /isilon/hadoop/store/group/bruxljm/FWLJMET106XUL_singleLep2017UL_RunIISummer20_X53X53/PairVLQ_x53x53_tWtW_narrow_RH_M1200_TuneCP5_13TeV-madgraph-pythia8/singleLep2017UL/230310_182521/0000/PairVLQ_x53x53_tWtW_narrow_RH_M1200_TuneCP5_13TeV-madgraph-pythia8_53.root for shift: nominal
[step1.h] Opening file: /isilon/hadoop/store/group/bruxljm/FWLJMET106XUL_singleLep2017UL_RunIISummer20_X53X53/PairVLQ_x53x53_tWtW_narrow_RH_M1200_TuneCP5_13TeV-madgraph-pythia8/singleLep2017UL/230310_182521/0000/PairVLQ_x53x53_tWtW_narrow_RH_M1200_TuneCP5_13TeV-madgraph-pythia8_53.root
[step1.h] Finished initializing
RUN CONFIG: YEAR = 2017
Era = 
isMC = 1, isSig = 1, SigMass = 5
isHad =0, isSE =0, isSM =0
isTTTT = 0, isXX = 1, isTpTp = 0, isBpBp = 0
For W's: isTT = 0, isSTt = 0, isSTtW = 0
For jets & PDF: isTOP = 0, isMadgraphBkg = 1
For HOTTagger Efficiencies: isTTV = 0, isTTHbb = 0, isTTHnonbb = 0, isTTTX = 0
isTTVV = 0, isST = 0, isTTToSemiLeptonHT500Njet9 = 0
Pileup sample key: PairVLQ_x53x53_tWtW_narrow_RH_M1200_TuneCP5_13TeV-madgraph-pythia8
b-tagging working points: 0.304(DeepJet)0.4506(DeepCSV)
isTTincMtt0to700: 0
isTTincMtt0to1000: 0
isTTincMtt700to1000: 0
isTTincMtt1000toInf: 0
isTTSemilepIncHT0Njet0: 0
isTTSemilepIncHT500Njet9: 0
outTTLF: 0
outTTCC: 0
outTTBB: 0
outTT1B: 0
outTT2B: 0
>> Completed 0 out of 1040 events
[INFO] Defaulting to central deepJet weight for: nominal
>> Completed 1000 out of 1040 events
Nelectrons      = 496 / 1040
Npassed_ElEta   = 496 / 1040
Nmuons          = 544 / 1040
NrelIsoFail     = 0 / 1040
Npassed_MuEta   = 544 / 1040
Npassed_nAK8Jets= 1040 / 1040
Npassed_Trigger = 1005 / 1040
Npassed_MET     = 903 / 1040
Npassed_lepPt   = 939 / 1040
Npassed_HT      = 1038 / 1040
npass_Njets     = 1035 / 1040
Npassed_ALL     = 807 / 1040

>> Running /isilon/hadoop/store/group/bruxljm/FWLJMET106XUL_singleLep2017UL_RunIISummer20_X53X53/PairVLQ_x53x53_tWtW_narrow_RH_M1200_TuneCP5_13TeV-madgraph-pythia8/singleLep2017UL/230310_182521/0000/PairVLQ_x53x53_tWtW_narrow_RH_M1200_TuneCP5_13TeV-madgraph-pythia8_54.root for shift: nominal
[step1.h] Opening file: /isilon/hadoop/store/group/bruxljm/FWLJMET106XUL_singleLep2017UL_RunIISummer20_X53X53/PairVLQ_x53x53_tWtW_narrow_RH_M1200_TuneCP5_13TeV-madgraph-pythia8/singleLep2017UL/230310_182521/0000/PairVLQ_x53x53_tWtW_narrow_RH_M1200_TuneCP5_13TeV-madgraph-pythia8_54.root
[step1.h] Finished initializing
RUN CONFIG: YEAR = 2017
Era = 
isMC = 1, isSig = 1, SigMass = 5
isHad =0, isSE =0, isSM =0
isTTTT = 0, isXX = 1, isTpTp = 0, isBpBp = 0
For W's: isTT = 0, isSTt = 0, isSTtW = 0
For jets & PDF: isTOP = 0, isMadgraphBkg = 1
For HOTTagger Efficiencies: isTTV = 0, isTTHbb = 0, isTTHnonbb = 0, isTTTX = 0
isTTVV = 0, isST = 0, isTTToSemiLeptonHT500Njet9 = 0
Pileup sample key: PairVLQ_x53x53_tWtW_narrow_RH_M1200_TuneCP5_13TeV-madgraph-pythia8
b-tagging working points: 0.304(DeepJet)0.4506(DeepCSV)
isTTincMtt0to700: 0
isTTincMtt0to1000: 0
isTTincMtt700to1000: 0
isTTincMtt1000toInf: 0
isTTSemilepIncHT0Njet0: 0
isTTSemilepIncHT500Njet9: 0
outTTLF: 0
outTTCC: 0
outTTBB: 0
outTT1B: 0
outTT2B: 0
>> Completed 0 out of 1029 events
[INFO] Defaulting to central deepJet weight for: nominal
>> Completed 1000 out of 1029 events
Nelectrons      = 486 / 1029
Npassed_ElEta   = 486 / 1029
Nmuons          = 543 / 1029
NrelIsoFail     = 0 / 1029
Npassed_MuEta   = 543 / 1029
Npassed_nAK8Jets= 1029 / 1029
Npassed_Trigger = 990 / 1029
Npassed_MET     = 891 / 1029
Npassed_lepPt   = 934 / 1029
Npassed_HT      = 1026 / 1029
npass_Njets     = 1028 / 1029
Npassed_ALL     = 799 / 1029

>> Running /isilon/hadoop/store/group/bruxljm/FWLJMET106XUL_singleLep2017UL_RunIISummer20_X53X53/PairVLQ_x53x53_tWtW_narrow_RH_M1200_TuneCP5_13TeV-madgraph-pythia8/singleLep2017UL/230310_182521/0000/PairVLQ_x53x53_tWtW_narrow_RH_M1200_TuneCP5_13TeV-madgraph-pythia8_55.root for shift: nominal
[step1.h] Opening file: /isilon/hadoop/store/group/bruxljm/FWLJMET106XUL_singleLep2017UL_RunIISummer20_X53X53/PairVLQ_x53x53_tWtW_narrow_RH_M1200_TuneCP5_13TeV-madgraph-pythia8/singleLep2017UL/230310_182521/0000/PairVLQ_x53x53_tWtW_narrow_RH_M1200_TuneCP5_13TeV-madgraph-pythia8_55.root
[step1.h] Finished initializing
RUN CONFIG: YEAR = 2017
Era = 
isMC = 1, isSig = 1, SigMass = 5
isHad =0, isSE =0, isSM =0
isTTTT = 0, isXX = 1, isTpTp = 0, isBpBp = 0
For W's: isTT = 0, isSTt = 0, isSTtW = 0
For jets & PDF: isTOP = 0, isMadgraphBkg = 1
For HOTTagger Efficiencies: isTTV = 0, isTTHbb = 0, isTTHnonbb = 0, isTTTX = 0
isTTVV = 0, isST = 0, isTTToSemiLeptonHT500Njet9 = 0
Pileup sample key: PairVLQ_x53x53_tWtW_narrow_RH_M1200_TuneCP5_13TeV-madgraph-pythia8
b-tagging working points: 0.304(DeepJet)0.4506(DeepCSV)
isTTincMtt0to700: 0
isTTincMtt0to1000: 0
isTTincMtt700to1000: 0
isTTincMtt1000toInf: 0
isTTSemilepIncHT0Njet0: 0
isTTSemilepIncHT500Njet9: 0
outTTLF: 0
outTTCC: 0
outTTBB: 0
outTT1B: 0
outTT2B: 0
>> Completed 0 out of 1038 events
[INFO] Defaulting to central deepJet weight for: nominal
>> Completed 1000 out of 1038 events
Nelectrons      = 492 / 1038
Npassed_ElEta   = 492 / 1038
Nmuons          = 546 / 1038
NrelIsoFail     = 0 / 1038
Npassed_MuEta   = 546 / 1038
Npassed_nAK8Jets= 1038 / 1038
Npassed_Trigger = 1006 / 1038
Npassed_MET     = 911 / 1038
Npassed_lepPt   = 942 / 1038
Npassed_HT      = 1037 / 1038
npass_Njets     = 1036 / 1038
Npassed_ALL     = 820 / 1038

>> Running /isilon/hadoop/store/group/bruxljm/FWLJMET106XUL_singleLep2017UL_RunIISummer20_X53X53/PairVLQ_x53x53_tWtW_narrow_RH_M1200_TuneCP5_13TeV-madgraph-pythia8/singleLep2017UL/230310_182521/0000/PairVLQ_x53x53_tWtW_narrow_RH_M1200_TuneCP5_13TeV-madgraph-pythia8_56.root for shift: nominal
[step1.h] Opening file: /isilon/hadoop/store/group/bruxljm/FWLJMET106XUL_singleLep2017UL_RunIISummer20_X53X53/PairVLQ_x53x53_tWtW_narrow_RH_M1200_TuneCP5_13TeV-madgraph-pythia8/singleLep2017UL/230310_182521/0000/PairVLQ_x53x53_tWtW_narrow_RH_M1200_TuneCP5_13TeV-madgraph-pythia8_56.root
[step1.h] Finished initializing
RUN CONFIG: YEAR = 2017
Era = 
isMC = 1, isSig = 1, SigMass = 5
isHad =0, isSE =0, isSM =0
isTTTT = 0, isXX = 1, isTpTp = 0, isBpBp = 0
For W's: isTT = 0, isSTt = 0, isSTtW = 0
For jets & PDF: isTOP = 0, isMadgraphBkg = 1
For HOTTagger Efficiencies: isTTV = 0, isTTHbb = 0, isTTHnonbb = 0, isTTTX = 0
isTTVV = 0, isST = 0, isTTToSemiLeptonHT500Njet9 = 0
Pileup sample key: PairVLQ_x53x53_tWtW_narrow_RH_M1200_TuneCP5_13TeV-madgraph-pythia8
b-tagging working points: 0.304(DeepJet)0.4506(DeepCSV)
isTTincMtt0to700: 0
isTTincMtt0to1000: 0
isTTincMtt700to1000: 0
isTTincMtt1000toInf: 0
isTTSemilepIncHT0Njet0: 0
isTTSemilepIncHT500Njet9: 0
outTTLF: 0
outTTCC: 0
outTTBB: 0
outTT1B: 0
outTT2B: 0
>> Completed 0 out of 1095 events
[INFO] Defaulting to central deepJet weight for: nominal
>> Completed 1000 out of 1095 events
Nelectrons      = 488 / 1095
Npassed_ElEta   = 488 / 1095
Nmuons          = 607 / 1095
NrelIsoFail     = 0 / 1095
Npassed_MuEta   = 607 / 1095
Npassed_nAK8Jets= 1095 / 1095
Npassed_Trigger = 1062 / 1095
Npassed_MET     = 957 / 1095
Npassed_lepPt   = 1003 / 1095
Npassed_HT      = 1094 / 1095
npass_Njets     = 1088 / 1095
Npassed_ALL     = 871 / 1095

>> Running /isilon/hadoop/store/group/bruxljm/FWLJMET106XUL_singleLep2017UL_RunIISummer20_X53X53/PairVLQ_x53x53_tWtW_narrow_RH_M1200_TuneCP5_13TeV-madgraph-pythia8/singleLep2017UL/230310_182521/0000/PairVLQ_x53x53_tWtW_narrow_RH_M1200_TuneCP5_13TeV-madgraph-pythia8_57.root for shift: nominal
[step1.h] Opening file: /isilon/hadoop/store/group/bruxljm/FWLJMET106XUL_singleLep2017UL_RunIISummer20_X53X53/PairVLQ_x53x53_tWtW_narrow_RH_M1200_TuneCP5_13TeV-madgraph-pythia8/singleLep2017UL/230310_182521/0000/PairVLQ_x53x53_tWtW_narrow_RH_M1200_TuneCP5_13TeV-madgraph-pythia8_57.root
[step1.h] Finished initializing
RUN CONFIG: YEAR = 2017
Era = 
isMC = 1, isSig = 1, SigMass = 5
isHad =0, isSE =0, isSM =0
isTTTT = 0, isXX = 1, isTpTp = 0, isBpBp = 0
For W's: isTT = 0, isSTt = 0, isSTtW = 0
For jets & PDF: isTOP = 0, isMadgraphBkg = 1
For HOTTagger Efficiencies: isTTV = 0, isTTHbb = 0, isTTHnonbb = 0, isTTTX = 0
isTTVV = 0, isST = 0, isTTToSemiLeptonHT500Njet9 = 0
Pileup sample key: PairVLQ_x53x53_tWtW_narrow_RH_M1200_TuneCP5_13TeV-madgraph-pythia8
b-tagging working points: 0.304(DeepJet)0.4506(DeepCSV)
isTTincMtt0to700: 0
isTTincMtt0to1000: 0
isTTincMtt700to1000: 0
isTTincMtt1000toInf: 0
isTTSemilepIncHT0Njet0: 0
isTTSemilepIncHT500Njet9: 0
outTTLF: 0
outTTCC: 0
outTTBB: 0
outTT1B: 0
outTT2B: 0
>> Completed 0 out of 539 events
[INFO] Defaulting to central deepJet weight for: nominal
Nelectrons      = 251 / 539
Npassed_ElEta   = 251 / 539
Nmuons          = 288 / 539
NrelIsoFail     = 0 / 539
Npassed_MuEta   = 288 / 539
Npassed_nAK8Jets= 539 / 539
Npassed_Trigger = 516 / 539
Npassed_MET     = 469 / 539
Npassed_lepPt   = 484 / 539
Npassed_HT      = 539 / 539
npass_Njets     = 539 / 539
Npassed_ALL     = 422 / 539

>> Running /isilon/hadoop/store/group/bruxljm/FWLJMET106XUL_singleLep2017UL_RunIISummer20_X53X53/PairVLQ_x53x53_tWtW_narrow_RH_M1200_TuneCP5_13TeV-madgraph-pythia8/singleLep2017UL/230310_182521/0000/PairVLQ_x53x53_tWtW_narrow_RH_M1200_TuneCP5_13TeV-madgraph-pythia8_58.root for shift: nominal
[step1.h] Opening file: /isilon/hadoop/store/group/bruxljm/FWLJMET106XUL_singleLep2017UL_RunIISummer20_X53X53/PairVLQ_x53x53_tWtW_narrow_RH_M1200_TuneCP5_13TeV-madgraph-pythia8/singleLep2017UL/230310_182521/0000/PairVLQ_x53x53_tWtW_narrow_RH_M1200_TuneCP5_13TeV-madgraph-pythia8_58.root
[step1.h] Finished initializing
RUN CONFIG: YEAR = 2017
Era = 
isMC = 1, isSig = 1, SigMass = 5
isHad =0, isSE =0, isSM =0
isTTTT = 0, isXX = 1, isTpTp = 0, isBpBp = 0
For W's: isTT = 0, isSTt = 0, isSTtW = 0
For jets & PDF: isTOP = 0, isMadgraphBkg = 1
For HOTTagger Efficiencies: isTTV = 0, isTTHbb = 0, isTTHnonbb = 0, isTTTX = 0
isTTVV = 0, isST = 0, isTTToSemiLeptonHT500Njet9 = 0
Pileup sample key: PairVLQ_x53x53_tWtW_narrow_RH_M1200_TuneCP5_13TeV-madgraph-pythia8
b-tagging working points: 0.304(DeepJet)0.4506(DeepCSV)
isTTincMtt0to700: 0
isTTincMtt0to1000: 0
isTTincMtt700to1000: 0
isTTincMtt1000toInf: 0
isTTSemilepIncHT0Njet0: 0
isTTSemilepIncHT500Njet9: 0
outTTLF: 0
outTTCC: 0
outTTBB: 0
outTT1B: 0
outTT2B: 0
>> Completed 0 out of 1037 events
[INFO] Defaulting to central deepJet weight for: nominal
>> Completed 1000 out of 1037 events
Nelectrons      = 472 / 1037
Npassed_ElEta   = 472 / 1037
Nmuons          = 565 / 1037
NrelIsoFail     = 0 / 1037
Npassed_MuEta   = 565 / 1037
Npassed_nAK8Jets= 1037 / 1037
Npassed_Trigger = 999 / 1037
Npassed_MET     = 913 / 1037
Npassed_lepPt   = 936 / 1037
Npassed_HT      = 1037 / 1037
npass_Njets     = 1034 / 1037
Npassed_ALL     = 824 / 1037

>> Running /isilon/hadoop/store/group/bruxljm/FWLJMET106XUL_singleLep2017UL_RunIISummer20_X53X53/PairVLQ_x53x53_tWtW_narrow_RH_M1200_TuneCP5_13TeV-madgraph-pythia8/singleLep2017UL/230310_182521/0000/PairVLQ_x53x53_tWtW_narrow_RH_M1200_TuneCP5_13TeV-madgraph-pythia8_59.root for shift: nominal
[step1.h] Opening file: /isilon/hadoop/store/group/bruxljm/FWLJMET106XUL_singleLep2017UL_RunIISummer20_X53X53/PairVLQ_x53x53_tWtW_narrow_RH_M1200_TuneCP5_13TeV-madgraph-pythia8/singleLep2017UL/230310_182521/0000/PairVLQ_x53x53_tWtW_narrow_RH_M1200_TuneCP5_13TeV-madgraph-pythia8_59.root
[step1.h] Finished initializing
RUN CONFIG: YEAR = 2017
Era = 
isMC = 1, isSig = 1, SigMass = 5
isHad =0, isSE =0, isSM =0
isTTTT = 0, isXX = 1, isTpTp = 0, isBpBp = 0
For W's: isTT = 0, isSTt = 0, isSTtW = 0
For jets & PDF: isTOP = 0, isMadgraphBkg = 1
For HOTTagger Efficiencies: isTTV = 0, isTTHbb = 0, isTTHnonbb = 0, isTTTX = 0
isTTVV = 0, isST = 0, isTTToSemiLeptonHT500Njet9 = 0
Pileup sample key: PairVLQ_x53x53_tWtW_narrow_RH_M1200_TuneCP5_13TeV-madgraph-pythia8
b-tagging working points: 0.304(DeepJet)0.4506(DeepCSV)
isTTincMtt0to700: 0
isTTincMtt0to1000: 0
isTTincMtt700to1000: 0
isTTincMtt1000toInf: 0
isTTSemilepIncHT0Njet0: 0
isTTSemilepIncHT500Njet9: 0
outTTLF: 0
outTTCC: 0
outTTBB: 0
outTT1B: 0
outTT2B: 0
>> Completed 0 out of 1056 events
[INFO] Defaulting to central deepJet weight for: nominal
>> Completed 1000 out of 1056 events
Nelectrons      = 459 / 1056
Npassed_ElEta   = 459 / 1056
Nmuons          = 597 / 1056
NrelIsoFail     = 0 / 1056
Npassed_MuEta   = 597 / 1056
Npassed_nAK8Jets= 1056 / 1056
Npassed_Trigger = 1023 / 1056
Npassed_MET     = 904 / 1056
Npassed_lepPt   = 965 / 1056
Npassed_HT      = 1055 / 1056
npass_Njets     = 1052 / 1056
Npassed_ALL     = 822 / 1056

>> Running /isilon/hadoop/store/group/bruxljm/FWLJMET106XUL_singleLep2017UL_RunIISummer20_X53X53/PairVLQ_x53x53_tWtW_narrow_RH_M1200_TuneCP5_13TeV-madgraph-pythia8/singleLep2017UL/230310_182521/0000/PairVLQ_x53x53_tWtW_narrow_RH_M1200_TuneCP5_13TeV-madgraph-pythia8_6.root for shift: nominal
[step1.h] Opening file: /isilon/hadoop/store/group/bruxljm/FWLJMET106XUL_singleLep2017UL_RunIISummer20_X53X53/PairVLQ_x53x53_tWtW_narrow_RH_M1200_TuneCP5_13TeV-madgraph-pythia8/singleLep2017UL/230310_182521/0000/PairVLQ_x53x53_tWtW_narrow_RH_M1200_TuneCP5_13TeV-madgraph-pythia8_6.root
[step1.h] Finished initializing
RUN CONFIG: YEAR = 2017
Era = 
isMC = 1, isSig = 1, SigMass = 5
isHad =0, isSE =0, isSM =0
isTTTT = 0, isXX = 1, isTpTp = 0, isBpBp = 0
For W's: isTT = 0, isSTt = 0, isSTtW = 0
For jets & PDF: isTOP = 0, isMadgraphBkg = 1
For HOTTagger Efficiencies: isTTV = 0, isTTHbb = 0, isTTHnonbb = 0, isTTTX = 0
isTTVV = 0, isST = 0, isTTToSemiLeptonHT500Njet9 = 0
Pileup sample key: PairVLQ_x53x53_tWtW_narrow_RH_M1200_TuneCP5_13TeV-madgraph-pythia8
b-tagging working points: 0.304(DeepJet)0.4506(DeepCSV)
isTTincMtt0to700: 0
isTTincMtt0to1000: 0
isTTincMtt700to1000: 0
isTTincMtt1000toInf: 0
isTTSemilepIncHT0Njet0: 0
isTTSemilepIncHT500Njet9: 0
outTTLF: 0
outTTCC: 0
outTTBB: 0
outTT1B: 0
outTT2B: 0
>> Completed 0 out of 1057 events
[INFO] Defaulting to central deepJet weight for: nominal
>> Completed 1000 out of 1057 events
Nelectrons      = 503 / 1057
Npassed_ElEta   = 503 / 1057
Nmuons          = 554 / 1057
NrelIsoFail     = 0 / 1057
Npassed_MuEta   = 554 / 1057
Npassed_nAK8Jets= 1057 / 1057
Npassed_Trigger = 1023 / 1057
Npassed_MET     = 928 / 1057
Npassed_lepPt   = 951 / 1057
Npassed_HT      = 1056 / 1057
npass_Njets     = 1048 / 1057
Npassed_ALL     = 827 / 1057

>> Running /isilon/hadoop/store/group/bruxljm/FWLJMET106XUL_singleLep2017UL_RunIISummer20_X53X53/PairVLQ_x53x53_tWtW_narrow_RH_M1200_TuneCP5_13TeV-madgraph-pythia8/singleLep2017UL/230310_182521/0000/PairVLQ_x53x53_tWtW_narrow_RH_M1200_TuneCP5_13TeV-madgraph-pythia8_60.root for shift: nominal
[step1.h] Opening file: /isilon/hadoop/store/group/bruxljm/FWLJMET106XUL_singleLep2017UL_RunIISummer20_X53X53/PairVLQ_x53x53_tWtW_narrow_RH_M1200_TuneCP5_13TeV-madgraph-pythia8/singleLep2017UL/230310_182521/0000/PairVLQ_x53x53_tWtW_narrow_RH_M1200_TuneCP5_13TeV-madgraph-pythia8_60.root
[step1.h] Finished initializing
RUN CONFIG: YEAR = 2017
Era = 
isMC = 1, isSig = 1, SigMass = 5
isHad =0, isSE =0, isSM =0
isTTTT = 0, isXX = 1, isTpTp = 0, isBpBp = 0
For W's: isTT = 0, isSTt = 0, isSTtW = 0
For jets & PDF: isTOP = 0, isMadgraphBkg = 1
For HOTTagger Efficiencies: isTTV = 0, isTTHbb = 0, isTTHnonbb = 0, isTTTX = 0
isTTVV = 0, isST = 0, isTTToSemiLeptonHT500Njet9 = 0
Pileup sample key: PairVLQ_x53x53_tWtW_narrow_RH_M1200_TuneCP5_13TeV-madgraph-pythia8
b-tagging working points: 0.304(DeepJet)0.4506(DeepCSV)
isTTincMtt0to700: 0
isTTincMtt0to1000: 0
isTTincMtt700to1000: 0
isTTincMtt1000toInf: 0
isTTSemilepIncHT0Njet0: 0
isTTSemilepIncHT500Njet9: 0
outTTLF: 0
outTTCC: 0
outTTBB: 0
outTT1B: 0
outTT2B: 0
>> Completed 0 out of 1093 events
[INFO] Defaulting to central deepJet weight for: nominal
>> Completed 1000 out of 1093 events
Nelectrons      = 490 / 1093
Npassed_ElEta   = 490 / 1093
Nmuons          = 603 / 1093
NrelIsoFail     = 0 / 1093
Npassed_MuEta   = 603 / 1093
Npassed_nAK8Jets= 1093 / 1093
Npassed_Trigger = 1054 / 1093
Npassed_MET     = 960 / 1093
Npassed_lepPt   = 993 / 1093
Npassed_HT      = 1092 / 1093
npass_Njets     = 1088 / 1093
Npassed_ALL     = 869 / 1093

>> Running /isilon/hadoop/store/group/bruxljm/FWLJMET106XUL_singleLep2017UL_RunIISummer20_X53X53/PairVLQ_x53x53_tWtW_narrow_RH_M1200_TuneCP5_13TeV-madgraph-pythia8/singleLep2017UL/230310_182521/0000/PairVLQ_x53x53_tWtW_narrow_RH_M1200_TuneCP5_13TeV-madgraph-pythia8_61.root for shift: nominal
[step1.h] Opening file: /isilon/hadoop/store/group/bruxljm/FWLJMET106XUL_singleLep2017UL_RunIISummer20_X53X53/PairVLQ_x53x53_tWtW_narrow_RH_M1200_TuneCP5_13TeV-madgraph-pythia8/singleLep2017UL/230310_182521/0000/PairVLQ_x53x53_tWtW_narrow_RH_M1200_TuneCP5_13TeV-madgraph-pythia8_61.root
[step1.h] Finished initializing
RUN CONFIG: YEAR = 2017
Era = 
isMC = 1, isSig = 1, SigMass = 5
isHad =0, isSE =0, isSM =0
isTTTT = 0, isXX = 1, isTpTp = 0, isBpBp = 0
For W's: isTT = 0, isSTt = 0, isSTtW = 0
For jets & PDF: isTOP = 0, isMadgraphBkg = 1
For HOTTagger Efficiencies: isTTV = 0, isTTHbb = 0, isTTHnonbb = 0, isTTTX = 0
isTTVV = 0, isST = 0, isTTToSemiLeptonHT500Njet9 = 0
Pileup sample key: PairVLQ_x53x53_tWtW_narrow_RH_M1200_TuneCP5_13TeV-madgraph-pythia8
b-tagging working points: 0.304(DeepJet)0.4506(DeepCSV)
isTTincMtt0to700: 0
isTTincMtt0to1000: 0
isTTincMtt700to1000: 0
isTTincMtt1000toInf: 0
isTTSemilepIncHT0Njet0: 0
isTTSemilepIncHT500Njet9: 0
outTTLF: 0
outTTCC: 0
outTTBB: 0
outTT1B: 0
outTT2B: 0
>> Completed 0 out of 1047 events
[INFO] Defaulting to central deepJet weight for: nominal
>> Completed 1000 out of 1047 events
Nelectrons      = 478 / 1047
Npassed_ElEta   = 478 / 1047
Nmuons          = 569 / 1047
NrelIsoFail     = 0 / 1047
Npassed_MuEta   = 569 / 1047
Npassed_nAK8Jets= 1047 / 1047
Npassed_Trigger = 1015 / 1047
Npassed_MET     = 930 / 1047
Npassed_lepPt   = 948 / 1047
Npassed_HT      = 1044 / 1047
npass_Njets     = 1043 / 1047
Npassed_ALL     = 831 / 1047

>> Running /isilon/hadoop/store/group/bruxljm/FWLJMET106XUL_singleLep2017UL_RunIISummer20_X53X53/PairVLQ_x53x53_tWtW_narrow_RH_M1200_TuneCP5_13TeV-madgraph-pythia8/singleLep2017UL/230310_182521/0000/PairVLQ_x53x53_tWtW_narrow_RH_M1200_TuneCP5_13TeV-madgraph-pythia8_62.root for shift: nominal
[step1.h] Opening file: /isilon/hadoop/store/group/bruxljm/FWLJMET106XUL_singleLep2017UL_RunIISummer20_X53X53/PairVLQ_x53x53_tWtW_narrow_RH_M1200_TuneCP5_13TeV-madgraph-pythia8/singleLep2017UL/230310_182521/0000/PairVLQ_x53x53_tWtW_narrow_RH_M1200_TuneCP5_13TeV-madgraph-pythia8_62.root
[step1.h] Finished initializing
RUN CONFIG: YEAR = 2017
Era = 
isMC = 1, isSig = 1, SigMass = 5
isHad =0, isSE =0, isSM =0
isTTTT = 0, isXX = 1, isTpTp = 0, isBpBp = 0
For W's: isTT = 0, isSTt = 0, isSTtW = 0
For jets & PDF: isTOP = 0, isMadgraphBkg = 1
For HOTTagger Efficiencies: isTTV = 0, isTTHbb = 0, isTTHnonbb = 0, isTTTX = 0
isTTVV = 0, isST = 0, isTTToSemiLeptonHT500Njet9 = 0
Pileup sample key: PairVLQ_x53x53_tWtW_narrow_RH_M1200_TuneCP5_13TeV-madgraph-pythia8
b-tagging working points: 0.304(DeepJet)0.4506(DeepCSV)
isTTincMtt0to700: 0
isTTincMtt0to1000: 0
isTTincMtt700to1000: 0
isTTincMtt1000toInf: 0
isTTSemilepIncHT0Njet0: 0
isTTSemilepIncHT500Njet9: 0
outTTLF: 0
outTTCC: 0
outTTBB: 0
outTT1B: 0
outTT2B: 0
>> Completed 0 out of 1011 events
[INFO] Defaulting to central deepJet weight for: nominal
>> Completed 1000 out of 1011 events
Nelectrons      = 459 / 1011
Npassed_ElEta   = 459 / 1011
Nmuons          = 552 / 1011
NrelIsoFail     = 0 / 1011
Npassed_MuEta   = 552 / 1011
Npassed_nAK8Jets= 1011 / 1011
Npassed_Trigger = 981 / 1011
Npassed_MET     = 882 / 1011
Npassed_lepPt   = 912 / 1011
Npassed_HT      = 1010 / 1011
npass_Njets     = 1007 / 1011
Npassed_ALL     = 790 / 1011

>> Running /isilon/hadoop/store/group/bruxljm/FWLJMET106XUL_singleLep2017UL_RunIISummer20_X53X53/PairVLQ_x53x53_tWtW_narrow_RH_M1200_TuneCP5_13TeV-madgraph-pythia8/singleLep2017UL/230310_182521/0000/PairVLQ_x53x53_tWtW_narrow_RH_M1200_TuneCP5_13TeV-madgraph-pythia8_63.root for shift: nominal
[step1.h] Opening file: /isilon/hadoop/store/group/bruxljm/FWLJMET106XUL_singleLep2017UL_RunIISummer20_X53X53/PairVLQ_x53x53_tWtW_narrow_RH_M1200_TuneCP5_13TeV-madgraph-pythia8/singleLep2017UL/230310_182521/0000/PairVLQ_x53x53_tWtW_narrow_RH_M1200_TuneCP5_13TeV-madgraph-pythia8_63.root
[step1.h] Finished initializing
RUN CONFIG: YEAR = 2017
Era = 
isMC = 1, isSig = 1, SigMass = 5
isHad =0, isSE =0, isSM =0
isTTTT = 0, isXX = 1, isTpTp = 0, isBpBp = 0
For W's: isTT = 0, isSTt = 0, isSTtW = 0
For jets & PDF: isTOP = 0, isMadgraphBkg = 1
For HOTTagger Efficiencies: isTTV = 0, isTTHbb = 0, isTTHnonbb = 0, isTTTX = 0
isTTVV = 0, isST = 0, isTTToSemiLeptonHT500Njet9 = 0
Pileup sample key: PairVLQ_x53x53_tWtW_narrow_RH_M1200_TuneCP5_13TeV-madgraph-pythia8
b-tagging working points: 0.304(DeepJet)0.4506(DeepCSV)
isTTincMtt0to700: 0
isTTincMtt0to1000: 0
isTTincMtt700to1000: 0
isTTincMtt1000toInf: 0
isTTSemilepIncHT0Njet0: 0
isTTSemilepIncHT500Njet9: 0
outTTLF: 0
outTTCC: 0
outTTBB: 0
outTT1B: 0
outTT2B: 0
>> Completed 0 out of 1049 events
[INFO] Defaulting to central deepJet weight for: nominal
>> Completed 1000 out of 1049 events
Nelectrons      = 509 / 1049
Npassed_ElEta   = 509 / 1049
Nmuons          = 540 / 1049
NrelIsoFail     = 0 / 1049
Npassed_MuEta   = 540 / 1049
Npassed_nAK8Jets= 1049 / 1049
Npassed_Trigger = 1012 / 1049
Npassed_MET     = 918 / 1049
Npassed_lepPt   = 944 / 1049
Npassed_HT      = 1045 / 1049
npass_Njets     = 1046 / 1049
Npassed_ALL     = 822 / 1049

>> Running /isilon/hadoop/store/group/bruxljm/FWLJMET106XUL_singleLep2017UL_RunIISummer20_X53X53/PairVLQ_x53x53_tWtW_narrow_RH_M1200_TuneCP5_13TeV-madgraph-pythia8/singleLep2017UL/230310_182521/0000/PairVLQ_x53x53_tWtW_narrow_RH_M1200_TuneCP5_13TeV-madgraph-pythia8_64.root for shift: nominal
[step1.h] Opening file: /isilon/hadoop/store/group/bruxljm/FWLJMET106XUL_singleLep2017UL_RunIISummer20_X53X53/PairVLQ_x53x53_tWtW_narrow_RH_M1200_TuneCP5_13TeV-madgraph-pythia8/singleLep2017UL/230310_182521/0000/PairVLQ_x53x53_tWtW_narrow_RH_M1200_TuneCP5_13TeV-madgraph-pythia8_64.root
[step1.h] Finished initializing
RUN CONFIG: YEAR = 2017
Era = 
isMC = 1, isSig = 1, SigMass = 5
isHad =0, isSE =0, isSM =0
isTTTT = 0, isXX = 1, isTpTp = 0, isBpBp = 0
For W's: isTT = 0, isSTt = 0, isSTtW = 0
For jets & PDF: isTOP = 0, isMadgraphBkg = 1
For HOTTagger Efficiencies: isTTV = 0, isTTHbb = 0, isTTHnonbb = 0, isTTTX = 0
isTTVV = 0, isST = 0, isTTToSemiLeptonHT500Njet9 = 0
Pileup sample key: PairVLQ_x53x53_tWtW_narrow_RH_M1200_TuneCP5_13TeV-madgraph-pythia8
b-tagging working points: 0.304(DeepJet)0.4506(DeepCSV)
isTTincMtt0to700: 0
isTTincMtt0to1000: 0
isTTincMtt700to1000: 0
isTTincMtt1000toInf: 0
isTTSemilepIncHT0Njet0: 0
isTTSemilepIncHT500Njet9: 0
outTTLF: 0
outTTCC: 0
outTTBB: 0
outTT1B: 0
outTT2B: 0
>> Completed 0 out of 1019 events
[INFO] Defaulting to central deepJet weight for: nominal
>> Completed 1000 out of 1019 events
Nelectrons      = 454 / 1019
Npassed_ElEta   = 454 / 1019
Nmuons          = 565 / 1019
NrelIsoFail     = 0 / 1019
Npassed_MuEta   = 565 / 1019
Npassed_nAK8Jets= 1019 / 1019
Npassed_Trigger = 981 / 1019
Npassed_MET     = 876 / 1019
Npassed_lepPt   = 919 / 1019
Npassed_HT      = 1018 / 1019
npass_Njets     = 1017 / 1019
Npassed_ALL     = 785 / 1019

>> Running /isilon/hadoop/store/group/bruxljm/FWLJMET106XUL_singleLep2017UL_RunIISummer20_X53X53/PairVLQ_x53x53_tWtW_narrow_RH_M1200_TuneCP5_13TeV-madgraph-pythia8/singleLep2017UL/230310_182521/0000/PairVLQ_x53x53_tWtW_narrow_RH_M1200_TuneCP5_13TeV-madgraph-pythia8_65.root for shift: nominal
[step1.h] Opening file: /isilon/hadoop/store/group/bruxljm/FWLJMET106XUL_singleLep2017UL_RunIISummer20_X53X53/PairVLQ_x53x53_tWtW_narrow_RH_M1200_TuneCP5_13TeV-madgraph-pythia8/singleLep2017UL/230310_182521/0000/PairVLQ_x53x53_tWtW_narrow_RH_M1200_TuneCP5_13TeV-madgraph-pythia8_65.root
[step1.h] Finished initializing
RUN CONFIG: YEAR = 2017
Era = 
isMC = 1, isSig = 1, SigMass = 5
isHad =0, isSE =0, isSM =0
isTTTT = 0, isXX = 1, isTpTp = 0, isBpBp = 0
For W's: isTT = 0, isSTt = 0, isSTtW = 0
For jets & PDF: isTOP = 0, isMadgraphBkg = 1
For HOTTagger Efficiencies: isTTV = 0, isTTHbb = 0, isTTHnonbb = 0, isTTTX = 0
isTTVV = 0, isST = 0, isTTToSemiLeptonHT500Njet9 = 0
Pileup sample key: PairVLQ_x53x53_tWtW_narrow_RH_M1200_TuneCP5_13TeV-madgraph-pythia8
b-tagging working points: 0.304(DeepJet)0.4506(DeepCSV)
isTTincMtt0to700: 0
isTTincMtt0to1000: 0
isTTincMtt700to1000: 0
isTTincMtt1000toInf: 0
isTTSemilepIncHT0Njet0: 0
isTTSemilepIncHT500Njet9: 0
outTTLF: 0
outTTCC: 0
outTTBB: 0
outTT1B: 0
outTT2B: 0
>> Completed 0 out of 1058 events
[INFO] Defaulting to central deepJet weight for: nominal
>> Completed 1000 out of 1058 events
Nelectrons      = 520 / 1058
Npassed_ElEta   = 520 / 1058
Nmuons          = 538 / 1058
NrelIsoFail     = 0 / 1058
Npassed_MuEta   = 538 / 1058
Npassed_nAK8Jets= 1058 / 1058
Npassed_Trigger = 1027 / 1058
Npassed_MET     = 937 / 1058
Npassed_lepPt   = 946 / 1058
Npassed_HT      = 1057 / 1058
npass_Njets     = 1055 / 1058
Npassed_ALL     = 836 / 1058

>> Running /isilon/hadoop/store/group/bruxljm/FWLJMET106XUL_singleLep2017UL_RunIISummer20_X53X53/PairVLQ_x53x53_tWtW_narrow_RH_M1200_TuneCP5_13TeV-madgraph-pythia8/singleLep2017UL/230310_182521/0000/PairVLQ_x53x53_tWtW_narrow_RH_M1200_TuneCP5_13TeV-madgraph-pythia8_66.root for shift: nominal
[step1.h] Opening file: /isilon/hadoop/store/group/bruxljm/FWLJMET106XUL_singleLep2017UL_RunIISummer20_X53X53/PairVLQ_x53x53_tWtW_narrow_RH_M1200_TuneCP5_13TeV-madgraph-pythia8/singleLep2017UL/230310_182521/0000/PairVLQ_x53x53_tWtW_narrow_RH_M1200_TuneCP5_13TeV-madgraph-pythia8_66.root
[step1.h] Finished initializing
RUN CONFIG: YEAR = 2017
Era = 
isMC = 1, isSig = 1, SigMass = 5
isHad =0, isSE =0, isSM =0
isTTTT = 0, isXX = 1, isTpTp = 0, isBpBp = 0
For W's: isTT = 0, isSTt = 0, isSTtW = 0
For jets & PDF: isTOP = 0, isMadgraphBkg = 1
For HOTTagger Efficiencies: isTTV = 0, isTTHbb = 0, isTTHnonbb = 0, isTTTX = 0
isTTVV = 0, isST = 0, isTTToSemiLeptonHT500Njet9 = 0
Pileup sample key: PairVLQ_x53x53_tWtW_narrow_RH_M1200_TuneCP5_13TeV-madgraph-pythia8
b-tagging working points: 0.304(DeepJet)0.4506(DeepCSV)
isTTincMtt0to700: 0
isTTincMtt0to1000: 0
isTTincMtt700to1000: 0
isTTincMtt1000toInf: 0
isTTSemilepIncHT0Njet0: 0
isTTSemilepIncHT500Njet9: 0
outTTLF: 0
outTTCC: 0
outTTBB: 0
outTT1B: 0
outTT2B: 0
>> Completed 0 out of 526 events
[INFO] Defaulting to central deepJet weight for: nominal
Nelectrons      = 220 / 526
Npassed_ElEta   = 220 / 526
Nmuons          = 306 / 526
NrelIsoFail     = 0 / 526
Npassed_MuEta   = 306 / 526
Npassed_nAK8Jets= 526 / 526
Npassed_Trigger = 509 / 526
Npassed_MET     = 471 / 526
Npassed_lepPt   = 482 / 526
Npassed_HT      = 525 / 526
npass_Njets     = 523 / 526
Npassed_ALL     = 427 / 526

>> Running /isilon/hadoop/store/group/bruxljm/FWLJMET106XUL_singleLep2017UL_RunIISummer20_X53X53/PairVLQ_x53x53_tWtW_narrow_RH_M1200_TuneCP5_13TeV-madgraph-pythia8/singleLep2017UL/230310_182521/0000/PairVLQ_x53x53_tWtW_narrow_RH_M1200_TuneCP5_13TeV-madgraph-pythia8_67.root for shift: nominal
[step1.h] Opening file: /isilon/hadoop/store/group/bruxljm/FWLJMET106XUL_singleLep2017UL_RunIISummer20_X53X53/PairVLQ_x53x53_tWtW_narrow_RH_M1200_TuneCP5_13TeV-madgraph-pythia8/singleLep2017UL/230310_182521/0000/PairVLQ_x53x53_tWtW_narrow_RH_M1200_TuneCP5_13TeV-madgraph-pythia8_67.root
[step1.h] Finished initializing
RUN CONFIG: YEAR = 2017
Era = 
isMC = 1, isSig = 1, SigMass = 5
isHad =0, isSE =0, isSM =0
isTTTT = 0, isXX = 1, isTpTp = 0, isBpBp = 0
For W's: isTT = 0, isSTt = 0, isSTtW = 0
For jets & PDF: isTOP = 0, isMadgraphBkg = 1
For HOTTagger Efficiencies: isTTV = 0, isTTHbb = 0, isTTHnonbb = 0, isTTTX = 0
isTTVV = 0, isST = 0, isTTToSemiLeptonHT500Njet9 = 0
Pileup sample key: PairVLQ_x53x53_tWtW_narrow_RH_M1200_TuneCP5_13TeV-madgraph-pythia8
b-tagging working points: 0.304(DeepJet)0.4506(DeepCSV)
isTTincMtt0to700: 0
isTTincMtt0to1000: 0
isTTincMtt700to1000: 0
isTTincMtt1000toInf: 0
isTTSemilepIncHT0Njet0: 0
isTTSemilepIncHT500Njet9: 0
outTTLF: 0
outTTCC: 0
outTTBB: 0
outTT1B: 0
outTT2B: 0
>> Completed 0 out of 1065 events
[INFO] Defaulting to central deepJet weight for: nominal
>> Completed 1000 out of 1065 events
Nelectrons      = 465 / 1065
Npassed_ElEta   = 465 / 1065
Nmuons          = 600 / 1065
NrelIsoFail     = 0 / 1065
Npassed_MuEta   = 600 / 1065
Npassed_nAK8Jets= 1065 / 1065
Npassed_Trigger = 1029 / 1065
Npassed_MET     = 922 / 1065
Npassed_lepPt   = 964 / 1065
Npassed_HT      = 1064 / 1065
npass_Njets     = 1064 / 1065
Npassed_ALL     = 838 / 1065

>> Running /isilon/hadoop/store/group/bruxljm/FWLJMET106XUL_singleLep2017UL_RunIISummer20_X53X53/PairVLQ_x53x53_tWtW_narrow_RH_M1200_TuneCP5_13TeV-madgraph-pythia8/singleLep2017UL/230310_182521/0000/PairVLQ_x53x53_tWtW_narrow_RH_M1200_TuneCP5_13TeV-madgraph-pythia8_68.root for shift: nominal
[step1.h] Opening file: /isilon/hadoop/store/group/bruxljm/FWLJMET106XUL_singleLep2017UL_RunIISummer20_X53X53/PairVLQ_x53x53_tWtW_narrow_RH_M1200_TuneCP5_13TeV-madgraph-pythia8/singleLep2017UL/230310_182521/0000/PairVLQ_x53x53_tWtW_narrow_RH_M1200_TuneCP5_13TeV-madgraph-pythia8_68.root
[step1.h] Finished initializing
RUN CONFIG: YEAR = 2017
Era = 
isMC = 1, isSig = 1, SigMass = 5
isHad =0, isSE =0, isSM =0
isTTTT = 0, isXX = 1, isTpTp = 0, isBpBp = 0
For W's: isTT = 0, isSTt = 0, isSTtW = 0
For jets & PDF: isTOP = 0, isMadgraphBkg = 1
For HOTTagger Efficiencies: isTTV = 0, isTTHbb = 0, isTTHnonbb = 0, isTTTX = 0
isTTVV = 0, isST = 0, isTTToSemiLeptonHT500Njet9 = 0
Pileup sample key: PairVLQ_x53x53_tWtW_narrow_RH_M1200_TuneCP5_13TeV-madgraph-pythia8
b-tagging working points: 0.304(DeepJet)0.4506(DeepCSV)
isTTincMtt0to700: 0
isTTincMtt0to1000: 0
isTTincMtt700to1000: 0
isTTincMtt1000toInf: 0
isTTSemilepIncHT0Njet0: 0
isTTSemilepIncHT500Njet9: 0
outTTLF: 0
outTTCC: 0
outTTBB: 0
outTT1B: 0
outTT2B: 0
>> Completed 0 out of 1027 events
[INFO] Defaulting to central deepJet weight for: nominal
>> Completed 1000 out of 1027 events
Nelectrons      = 497 / 1027
Npassed_ElEta   = 497 / 1027
Nmuons          = 530 / 1027
NrelIsoFail     = 0 / 1027
Npassed_MuEta   = 530 / 1027
Npassed_nAK8Jets= 1027 / 1027
Npassed_Trigger = 977 / 1027
Npassed_MET     = 905 / 1027
Npassed_lepPt   = 934 / 1027
Npassed_HT      = 1027 / 1027
npass_Njets     = 1025 / 1027
Npassed_ALL     = 818 / 1027

>> Running /isilon/hadoop/store/group/bruxljm/FWLJMET106XUL_singleLep2017UL_RunIISummer20_X53X53/PairVLQ_x53x53_tWtW_narrow_RH_M1200_TuneCP5_13TeV-madgraph-pythia8/singleLep2017UL/230310_182521/0000/PairVLQ_x53x53_tWtW_narrow_RH_M1200_TuneCP5_13TeV-madgraph-pythia8_69.root for shift: nominal
[step1.h] Opening file: /isilon/hadoop/store/group/bruxljm/FWLJMET106XUL_singleLep2017UL_RunIISummer20_X53X53/PairVLQ_x53x53_tWtW_narrow_RH_M1200_TuneCP5_13TeV-madgraph-pythia8/singleLep2017UL/230310_182521/0000/PairVLQ_x53x53_tWtW_narrow_RH_M1200_TuneCP5_13TeV-madgraph-pythia8_69.root
[step1.h] Finished initializing
RUN CONFIG: YEAR = 2017
Era = 
isMC = 1, isSig = 1, SigMass = 5
isHad =0, isSE =0, isSM =0
isTTTT = 0, isXX = 1, isTpTp = 0, isBpBp = 0
For W's: isTT = 0, isSTt = 0, isSTtW = 0
For jets & PDF: isTOP = 0, isMadgraphBkg = 1
For HOTTagger Efficiencies: isTTV = 0, isTTHbb = 0, isTTHnonbb = 0, isTTTX = 0
isTTVV = 0, isST = 0, isTTToSemiLeptonHT500Njet9 = 0
Pileup sample key: PairVLQ_x53x53_tWtW_narrow_RH_M1200_TuneCP5_13TeV-madgraph-pythia8
b-tagging working points: 0.304(DeepJet)0.4506(DeepCSV)
isTTincMtt0to700: 0
isTTincMtt0to1000: 0
isTTincMtt700to1000: 0
isTTincMtt1000toInf: 0
isTTSemilepIncHT0Njet0: 0
isTTSemilepIncHT500Njet9: 0
outTTLF: 0
outTTCC: 0
outTTBB: 0
outTT1B: 0
outTT2B: 0
>> Completed 0 out of 1058 events
[INFO] Defaulting to central deepJet weight for: nominal
>> Completed 1000 out of 1058 events
Nelectrons      = 497 / 1058
Npassed_ElEta   = 497 / 1058
Nmuons          = 561 / 1058
NrelIsoFail     = 0 / 1058
Npassed_MuEta   = 561 / 1058
Npassed_nAK8Jets= 1058 / 1058
Npassed_Trigger = 1025 / 1058
Npassed_MET     = 927 / 1058
Npassed_lepPt   = 969 / 1058
Npassed_HT      = 1057 / 1058
npass_Njets     = 1049 / 1058
Npassed_ALL     = 844 / 1058

>> Running /isilon/hadoop/store/group/bruxljm/FWLJMET106XUL_singleLep2017UL_RunIISummer20_X53X53/PairVLQ_x53x53_tWtW_narrow_RH_M1200_TuneCP5_13TeV-madgraph-pythia8/singleLep2017UL/230310_182521/0000/PairVLQ_x53x53_tWtW_narrow_RH_M1200_TuneCP5_13TeV-madgraph-pythia8_7.root for shift: nominal
[step1.h] Opening file: /isilon/hadoop/store/group/bruxljm/FWLJMET106XUL_singleLep2017UL_RunIISummer20_X53X53/PairVLQ_x53x53_tWtW_narrow_RH_M1200_TuneCP5_13TeV-madgraph-pythia8/singleLep2017UL/230310_182521/0000/PairVLQ_x53x53_tWtW_narrow_RH_M1200_TuneCP5_13TeV-madgraph-pythia8_7.root
[step1.h] Finished initializing
RUN CONFIG: YEAR = 2017
Era = 
isMC = 1, isSig = 1, SigMass = 5
isHad =0, isSE =0, isSM =0
isTTTT = 0, isXX = 1, isTpTp = 0, isBpBp = 0
For W's: isTT = 0, isSTt = 0, isSTtW = 0
For jets & PDF: isTOP = 0, isMadgraphBkg = 1
For HOTTagger Efficiencies: isTTV = 0, isTTHbb = 0, isTTHnonbb = 0, isTTTX = 0
isTTVV = 0, isST = 0, isTTToSemiLeptonHT500Njet9 = 0
Pileup sample key: PairVLQ_x53x53_tWtW_narrow_RH_M1200_TuneCP5_13TeV-madgraph-pythia8
b-tagging working points: 0.304(DeepJet)0.4506(DeepCSV)
isTTincMtt0to700: 0
isTTincMtt0to1000: 0
isTTincMtt700to1000: 0
isTTincMtt1000toInf: 0
isTTSemilepIncHT0Njet0: 0
isTTSemilepIncHT500Njet9: 0
outTTLF: 0
outTTCC: 0
outTTBB: 0
outTT1B: 0
outTT2B: 0
>> Completed 0 out of 1074 events
[INFO] Defaulting to central deepJet weight for: nominal
>> Completed 1000 out of 1074 events
Nelectrons      = 508 / 1074
Npassed_ElEta   = 508 / 1074
Nmuons          = 566 / 1074
NrelIsoFail     = 0 / 1074
Npassed_MuEta   = 566 / 1074
Npassed_nAK8Jets= 1074 / 1074
Npassed_Trigger = 1045 / 1074
Npassed_MET     = 952 / 1074
Npassed_lepPt   = 984 / 1074
Npassed_HT      = 1071 / 1074
npass_Njets     = 1072 / 1074
Npassed_ALL     = 871 / 1074
>> Available ROOT Files:
-rw-r--r-- 1 fsimpson gridusers 2755242 Apr 24 09:13 PairVLQ_x53x53_tWtW_narrow_RH_M1200_TuneCP5_13TeV-madgraph-pythia8_43nominal.root
-rw-r--r-- 1 fsimpson gridusers 3025899 Apr 24 09:13 PairVLQ_x53x53_tWtW_narrow_RH_M1200_TuneCP5_13TeV-madgraph-pythia8_44nominal.root
-rw-r--r-- 1 fsimpson gridusers 3083081 Apr 24 09:13 PairVLQ_x53x53_tWtW_narrow_RH_M1200_TuneCP5_13TeV-madgraph-pythia8_45nominal.root
-rw-r--r-- 1 fsimpson gridusers 2924920 Apr 24 09:13 PairVLQ_x53x53_tWtW_narrow_RH_M1200_TuneCP5_13TeV-madgraph-pythia8_46nominal.root
-rw-r--r-- 1 fsimpson gridusers 3104208 Apr 24 09:13 PairVLQ_x53x53_tWtW_narrow_RH_M1200_TuneCP5_13TeV-madgraph-pythia8_47nominal.root
-rw-r--r-- 1 fsimpson gridusers 3106000 Apr 24 09:13 PairVLQ_x53x53_tWtW_narrow_RH_M1200_TuneCP5_13TeV-madgraph-pythia8_48nominal.root
-rw-r--r-- 1 fsimpson gridusers 2909066 Apr 24 09:13 PairVLQ_x53x53_tWtW_narrow_RH_M1200_TuneCP5_13TeV-madgraph-pythia8_49nominal.root
-rw-r--r-- 1 fsimpson gridusers 3091787 Apr 24 09:13 PairVLQ_x53x53_tWtW_narrow_RH_M1200_TuneCP5_13TeV-madgraph-pythia8_50nominal.root
-rw-r--r-- 1 fsimpson gridusers 2891270 Apr 24 09:13 PairVLQ_x53x53_tWtW_narrow_RH_M1200_TuneCP5_13TeV-madgraph-pythia8_51nominal.root
-rw-r--r-- 1 fsimpson gridusers 2880893 Apr 24 09:13 PairVLQ_x53x53_tWtW_narrow_RH_M1200_TuneCP5_13TeV-madgraph-pythia8_52nominal.root
-rw-r--r-- 1 fsimpson gridusers 2852763 Apr 24 09:13 PairVLQ_x53x53_tWtW_narrow_RH_M1200_TuneCP5_13TeV-madgraph-pythia8_53nominal.root
-rw-r--r-- 1 fsimpson gridusers 2811078 Apr 24 09:13 PairVLQ_x53x53_tWtW_narrow_RH_M1200_TuneCP5_13TeV-madgraph-pythia8_54nominal.root
-rw-r--r-- 1 fsimpson gridusers 2867138 Apr 24 09:13 PairVLQ_x53x53_tWtW_narrow_RH_M1200_TuneCP5_13TeV-madgraph-pythia8_55nominal.root
-rw-r--r-- 1 fsimpson gridusers 3090883 Apr 24 09:13 PairVLQ_x53x53_tWtW_narrow_RH_M1200_TuneCP5_13TeV-madgraph-pythia8_56nominal.root
-rw-r--r-- 1 fsimpson gridusers 1510611 Apr 24 09:13 PairVLQ_x53x53_tWtW_narrow_RH_M1200_TuneCP5_13TeV-madgraph-pythia8_57nominal.root
-rw-r--r-- 1 fsimpson gridusers 2944517 Apr 24 09:13 PairVLQ_x53x53_tWtW_narrow_RH_M1200_TuneCP5_13TeV-madgraph-pythia8_58nominal.root
-rw-r--r-- 1 fsimpson gridusers 2908190 Apr 24 09:13 PairVLQ_x53x53_tWtW_narrow_RH_M1200_TuneCP5_13TeV-madgraph-pythia8_59nominal.root
-rw-r--r-- 1 fsimpson gridusers 2990392 Apr 24 09:13 PairVLQ_x53x53_tWtW_narrow_RH_M1200_TuneCP5_13TeV-madgraph-pythia8_5nominal.root
-rw-r--r-- 1 fsimpson gridusers 3103297 Apr 24 09:13 PairVLQ_x53x53_tWtW_narrow_RH_M1200_TuneCP5_13TeV-madgraph-pythia8_60nominal.root
-rw-r--r-- 1 fsimpson gridusers 2957271 Apr 24 09:13 PairVLQ_x53x53_tWtW_narrow_RH_M1200_TuneCP5_13TeV-madgraph-pythia8_61nominal.root
-rw-r--r-- 1 fsimpson gridusers 2832003 Apr 24 09:13 PairVLQ_x53x53_tWtW_narrow_RH_M1200_TuneCP5_13TeV-madgraph-pythia8_62nominal.root
-rw-r--r-- 1 fsimpson gridusers 2903632 Apr 24 09:13 PairVLQ_x53x53_tWtW_narrow_RH_M1200_TuneCP5_13TeV-madgraph-pythia8_63nominal.root
-rw-r--r-- 1 fsimpson gridusers 2766455 Apr 24 09:13 PairVLQ_x53x53_tWtW_narrow_RH_M1200_TuneCP5_13TeV-madgraph-pythia8_64nominal.root
-rw-r--r-- 1 fsimpson gridusers 2949750 Apr 24 09:13 PairVLQ_x53x53_tWtW_narrow_RH_M1200_TuneCP5_13TeV-madgraph-pythia8_65nominal.root
-rw-r--r-- 1 fsimpson gridusers 1502615 Apr 24 09:13 PairVLQ_x53x53_tWtW_narrow_RH_M1200_TuneCP5_13TeV-madgraph-pythia8_66nominal.root
-rw-r--r-- 1 fsimpson gridusers 2993501 Apr 24 09:13 PairVLQ_x53x53_tWtW_narrow_RH_M1200_TuneCP5_13TeV-madgraph-pythia8_67nominal.root
-rw-r--r-- 1 fsimpson gridusers 2931616 Apr 24 09:13 PairVLQ_x53x53_tWtW_narrow_RH_M1200_TuneCP5_13TeV-madgraph-pythia8_68nominal.root
-rw-r--r-- 1 fsimpson gridusers 2976791 Apr 24 09:13 PairVLQ_x53x53_tWtW_narrow_RH_M1200_TuneCP5_13TeV-madgraph-pythia8_69nominal.root
-rw-r--r-- 1 fsimpson gridusers 2975615 Apr 24 09:13 PairVLQ_x53x53_tWtW_narrow_RH_M1200_TuneCP5_13TeV-madgraph-pythia8_6nominal.root
-rw-r--r-- 1 fsimpson gridusers 3091465 Apr 24 09:13 PairVLQ_x53x53_tWtW_narrow_RH_M1200_TuneCP5_13TeV-madgraph-pythia8_7nominal.root
>> xrdcp output for condor
hadd Target file: PairVLQ_x53x53_tWtW_narrow_RH_M1200_TuneCP5_13TeV-madgraph-pythia8_4nominal_hadd.root
hadd compression setting for all ouput: 1
hadd Source file 1: PairVLQ_x53x53_tWtW_narrow_RH_M1200_TuneCP5_13TeV-madgraph-pythia8_43nominal.root
hadd Source file 2: PairVLQ_x53x53_tWtW_narrow_RH_M1200_TuneCP5_13TeV-madgraph-pythia8_44nominal.root
hadd Source file 3: PairVLQ_x53x53_tWtW_narrow_RH_M1200_TuneCP5_13TeV-madgraph-pythia8_45nominal.root
hadd Source file 4: PairVLQ_x53x53_tWtW_narrow_RH_M1200_TuneCP5_13TeV-madgraph-pythia8_46nominal.root
hadd Source file 5: PairVLQ_x53x53_tWtW_narrow_RH_M1200_TuneCP5_13TeV-madgraph-pythia8_47nominal.root
hadd Source file 6: PairVLQ_x53x53_tWtW_narrow_RH_M1200_TuneCP5_13TeV-madgraph-pythia8_48nominal.root
hadd Source file 7: PairVLQ_x53x53_tWtW_narrow_RH_M1200_TuneCP5_13TeV-madgraph-pythia8_49nominal.root
hadd Source file 8: PairVLQ_x53x53_tWtW_narrow_RH_M1200_TuneCP5_13TeV-madgraph-pythia8_50nominal.root
hadd Source file 9: PairVLQ_x53x53_tWtW_narrow_RH_M1200_TuneCP5_13TeV-madgraph-pythia8_51nominal.root
hadd Source file 10: PairVLQ_x53x53_tWtW_narrow_RH_M1200_TuneCP5_13TeV-madgraph-pythia8_52nominal.root
hadd Source file 11: PairVLQ_x53x53_tWtW_narrow_RH_M1200_TuneCP5_13TeV-madgraph-pythia8_53nominal.root
hadd Source file 12: PairVLQ_x53x53_tWtW_narrow_RH_M1200_TuneCP5_13TeV-madgraph-pythia8_54nominal.root
hadd Source file 13: PairVLQ_x53x53_tWtW_narrow_RH_M1200_TuneCP5_13TeV-madgraph-pythia8_55nominal.root
hadd Source file 14: PairVLQ_x53x53_tWtW_narrow_RH_M1200_TuneCP5_13TeV-madgraph-pythia8_56nominal.root
hadd Source file 15: PairVLQ_x53x53_tWtW_narrow_RH_M1200_TuneCP5_13TeV-madgraph-pythia8_57nominal.root
hadd Source file 16: PairVLQ_x53x53_tWtW_narrow_RH_M1200_TuneCP5_13TeV-madgraph-pythia8_58nominal.root
hadd Source file 17: PairVLQ_x53x53_tWtW_narrow_RH_M1200_TuneCP5_13TeV-madgraph-pythia8_59nominal.root
hadd Source file 18: PairVLQ_x53x53_tWtW_narrow_RH_M1200_TuneCP5_13TeV-madgraph-pythia8_5nominal.root
hadd Source file 19: PairVLQ_x53x53_tWtW_narrow_RH_M1200_TuneCP5_13TeV-madgraph-pythia8_60nominal.root
hadd Source file 20: PairVLQ_x53x53_tWtW_narrow_RH_M1200_TuneCP5_13TeV-madgraph-pythia8_61nominal.root
hadd Source file 21: PairVLQ_x53x53_tWtW_narrow_RH_M1200_TuneCP5_13TeV-madgraph-pythia8_62nominal.root
hadd Source file 22: PairVLQ_x53x53_tWtW_narrow_RH_M1200_TuneCP5_13TeV-madgraph-pythia8_63nominal.root
hadd Source file 23: PairVLQ_x53x53_tWtW_narrow_RH_M1200_TuneCP5_13TeV-madgraph-pythia8_64nominal.root
hadd Source file 24: PairVLQ_x53x53_tWtW_narrow_RH_M1200_TuneCP5_13TeV-madgraph-pythia8_65nominal.root
hadd Source file 25: PairVLQ_x53x53_tWtW_narrow_RH_M1200_TuneCP5_13TeV-madgraph-pythia8_66nominal.root
hadd Source file 26: PairVLQ_x53x53_tWtW_narrow_RH_M1200_TuneCP5_13TeV-madgraph-pythia8_67nominal.root
hadd Source file 27: PairVLQ_x53x53_tWtW_narrow_RH_M1200_TuneCP5_13TeV-madgraph-pythia8_68nominal.root
hadd Source file 28: PairVLQ_x53x53_tWtW_narrow_RH_M1200_TuneCP5_13TeV-madgraph-pythia8_69nominal.root
hadd Source file 29: PairVLQ_x53x53_tWtW_narrow_RH_M1200_TuneCP5_13TeV-madgraph-pythia8_6nominal.root
hadd Source file 30: PairVLQ_x53x53_tWtW_narrow_RH_M1200_TuneCP5_13TeV-madgraph-pythia8_7nominal.root
hadd Target path: PairVLQ_x53x53_tWtW_narrow_RH_M1200_TuneCP5_13TeV-madgraph-pythia8_4nominal_hadd.root:/
>> mv PairVLQ_x53x53_tWtW_narrow_RH_M1200_TuneCP5_13TeV-madgraph-pythia8_4nominal_hadd.root /isilon/hadoop/store/group/bruxljm/FWLJMET106XUL_singleLep2017UL_RunIISummer20_X53X53_step1/nominal/PairVLQ_x53x53_tWtW_narrow_RH_M1200_TuneCP5_13TeV-madgraph-pythia8/PairVLQ_x53x53_tWtW_narrow_RH_M1200_TuneCP5_13TeV-madgraph-pythia8_4.root
[DONE]
