000 (630068.000.000) 04/24 07:51:59 Job submitted from host: <172.20.3.187:9618?addrs=172.20.3.187-9618&noUDP&sock=2297_2121_3>
...
001 (630068.000.000) 04/24 07:52:15 Job executing on host: <172.20.225.3:9618?addrs=172.20.225.3-9618&noUDP&sock=3391_85bd_3>
...
006 (630068.000.000) 04/24 07:52:24 Image size of job updated: 72636
	61  -  MemoryUsage of job (MB)
	61804  -  ResidentSetSize of job (KB)
...
006 (630068.000.000) 04/24 07:57:26 Image size of job updated: 679616
	664  -  MemoryUsage of job (MB)
	679224  -  ResidentSetSize of job (KB)
...
006 (630068.000.000) 04/24 08:02:26 Image size of job updated: 960984
	939  -  MemoryUsage of job (MB)
	960584  -  ResidentSetSize of job (KB)
...
006 (630068.000.000) 04/24 08:07:27 Image size of job updated: 1163280
	1136  -  MemoryUsage of job (MB)
	1162836  -  ResidentSetSize of job (KB)
...
006 (630068.000.000) 04/24 08:12:28 Image size of job updated: 1346328
	1315  -  MemoryUsage of job (MB)
	1345880  -  ResidentSetSize of job (KB)
...
006 (630068.000.000) 04/24 08:17:28 Image size of job updated: 1497732
	1462  -  MemoryUsage of job (MB)
	1496900  -  ResidentSetSize of job (KB)
...
005 (630068.000.000) 04/24 08:19:21 Job terminated.
	(1) Normal termination (return value 0)
		Usr 0 00:25:32, Sys 0 00:00:33  -  Run Remote Usage
		Usr 0 00:00:00, Sys 0 00:00:00  -  Run Local Usage
		Usr 0 00:25:32, Sys 0 00:00:33  -  Total Remote Usage
		Usr 0 00:00:00, Sys 0 00:00:00  -  Total Local Usage
	1715383  -  Run Bytes Sent By Job
	8620734  -  Run Bytes Received By Job
	1715383  -  Total Bytes Sent By Job
	8620734  -  Total Bytes Received By Job
	Partitionable Resources :    Usage  Request  Allocated 
	   Cpus                 :     0.99        1          1 
	   Disk (KB)            : 10650       10000 2210728621 
	   Memory (MB)          :  1462        6144       8033 
...
000 (630127.000.000) 04/24 08:39:24 Job submitted from host: <172.20.3.187:9618?addrs=172.20.3.187-9618&noUDP&sock=2297_2121_3>
...
001 (630127.000.000) 04/24 08:39:33 Job executing on host: <172.20.225.6:9618?addrs=172.20.225.6-9618&noUDP&sock=3382_5963_3>
...
006 (630127.000.000) 04/24 08:39:42 Image size of job updated: 12340
	13  -  MemoryUsage of job (MB)
	12340  -  ResidentSetSize of job (KB)
...
006 (630127.000.000) 04/24 08:44:43 Image size of job updated: 717480
	700  -  MemoryUsage of job (MB)
	715848  -  ResidentSetSize of job (KB)
...
006 (630127.000.000) 04/24 08:49:45 Image size of job updated: 986416
	963  -  MemoryUsage of job (MB)
	985964  -  ResidentSetSize of job (KB)
...
006 (630127.000.000) 04/24 08:54:44 Image size of job updated: 1185368
	1158  -  MemoryUsage of job (MB)
	1185048  -  ResidentSetSize of job (KB)
...
006 (630127.000.000) 04/24 08:59:45 Image size of job updated: 1361768
	1330  -  MemoryUsage of job (MB)
	1361340  -  ResidentSetSize of job (KB)
...
006 (630127.000.000) 04/24 09:04:45 Image size of job updated: 1507576
	1473  -  MemoryUsage of job (MB)
	1507368  -  ResidentSetSize of job (KB)
...
005 (630127.000.000) 04/24 09:07:05 Job terminated.
	(1) Normal termination (return value 0)
		Usr 0 00:25:25, Sys 0 00:00:34  -  Run Remote Usage
		Usr 0 00:00:00, Sys 0 00:00:00  -  Run Local Usage
		Usr 0 00:25:25, Sys 0 00:00:34  -  Total Remote Usage
		Usr 0 00:00:00, Sys 0 00:00:00  -  Total Local Usage
	1773848  -  Run Bytes Sent By Job
	8620823  -  Run Bytes Received By Job
	1773848  -  Total Bytes Sent By Job
	8620823  -  Total Bytes Received By Job
	Partitionable Resources :    Usage  Request Allocated 
	   Cpus                 :     0.78        1         1 
	   Disk (KB)            : 10707       10000 479749220 
	   Memory (MB)          :  1473        6144      8033 
...
