000 (630117.000.000) 04/24 07:52:03 Job submitted from host: <172.20.3.187:9618?addrs=172.20.3.187-9618&noUDP&sock=2297_2121_3>
...
001 (630117.000.000) 04/24 07:56:11 Job executing on host: <172.20.225.4:9618?addrs=172.20.225.4-9618&noUDP&sock=3366_5fdf_3>
...
006 (630117.000.000) 04/24 07:56:21 Image size of job updated: 99144
	94  -  MemoryUsage of job (MB)
	95884  -  ResidentSetSize of job (KB)
...
006 (630117.000.000) 04/24 08:01:21 Image size of job updated: 698180
	682  -  MemoryUsage of job (MB)
	697704  -  ResidentSetSize of job (KB)
...
006 (630117.000.000) 04/24 08:06:22 Image size of job updated: 963604
	941  -  MemoryUsage of job (MB)
	963352  -  ResidentSetSize of job (KB)
...
006 (630117.000.000) 04/24 08:11:22 Image size of job updated: 1157072
	1130  -  MemoryUsage of job (MB)
	1156724  -  ResidentSetSize of job (KB)
...
006 (630117.000.000) 04/24 08:16:23 Image size of job updated: 1329648
	1299  -  MemoryUsage of job (MB)
	1329320  -  ResidentSetSize of job (KB)
...
006 (630117.000.000) 04/24 08:21:24 Image size of job updated: 1474308
	1440  -  MemoryUsage of job (MB)
	1474008  -  ResidentSetSize of job (KB)
...
005 (630117.000.000) 04/24 08:24:21 Job terminated.
	(1) Normal termination (return value 0)
		Usr 0 00:26:28, Sys 0 00:00:51  -  Run Remote Usage
		Usr 0 00:00:00, Sys 0 00:00:00  -  Run Local Usage
		Usr 0 00:26:28, Sys 0 00:00:51  -  Total Remote Usage
		Usr 0 00:00:00, Sys 0 00:00:00  -  Total Local Usage
	1715062  -  Run Bytes Sent By Job
	8620734  -  Run Bytes Received By Job
	1715062  -  Total Bytes Sent By Job
	8620734  -  Total Bytes Received By Job
	Partitionable Resources :    Usage  Request Allocated 
	   Cpus                 :     0.99        1         1 
	   Disk (KB)            : 10649       10000 479779449 
	   Memory (MB)          :  1440        6144      8033 
...
000 (630176.000.000) 04/24 08:39:28 Job submitted from host: <172.20.3.187:9618?addrs=172.20.3.187-9618&noUDP&sock=2297_2121_3>
...
001 (630176.000.000) 04/24 08:50:32 Job executing on host: <172.20.225.6:9618?addrs=172.20.225.6-9618&noUDP&sock=3382_5963_3>
...
006 (630176.000.000) 04/24 08:50:40 Image size of job updated: 12336
	13  -  MemoryUsage of job (MB)
	12336  -  ResidentSetSize of job (KB)
...
006 (630176.000.000) 04/24 08:55:40 Image size of job updated: 704440
	687  -  MemoryUsage of job (MB)
	702892  -  ResidentSetSize of job (KB)
...
006 (630176.000.000) 04/24 09:00:41 Image size of job updated: 974860
	952  -  MemoryUsage of job (MB)
	974684  -  ResidentSetSize of job (KB)
...
006 (630176.000.000) 04/24 09:05:42 Image size of job updated: 1172920
	1146  -  MemoryUsage of job (MB)
	1172616  -  ResidentSetSize of job (KB)
...
006 (630176.000.000) 04/24 09:10:42 Image size of job updated: 1348608
	1317  -  MemoryUsage of job (MB)
	1348296  -  ResidentSetSize of job (KB)
...
006 (630176.000.000) 04/24 09:15:42 Image size of job updated: 1489044
	1454  -  MemoryUsage of job (MB)
	1488592  -  ResidentSetSize of job (KB)
...
005 (630176.000.000) 04/24 09:18:55 Job terminated.
	(1) Normal termination (return value 0)
		Usr 0 00:26:01, Sys 0 00:00:47  -  Run Remote Usage
		Usr 0 00:00:00, Sys 0 00:00:00  -  Run Local Usage
		Usr 0 00:26:01, Sys 0 00:00:47  -  Total Remote Usage
		Usr 0 00:00:00, Sys 0 00:00:00  -  Total Local Usage
	1773099  -  Run Bytes Sent By Job
	8620823  -  Run Bytes Received By Job
	1773099  -  Total Bytes Sent By Job
	8620823  -  Total Bytes Received By Job
	Partitionable Resources :    Usage  Request Allocated 
	   Cpus                 :     0.98        1         1 
	   Disk (KB)            : 10706       10000 479749220 
	   Memory (MB)          :  1454        6144      8033 
...
