000 (630088.000.000) 04/24 07:52:01 Job submitted from host: <172.20.3.187:9618?addrs=172.20.3.187-9618&noUDP&sock=2297_2121_3>
...
001 (630088.000.000) 04/24 07:54:12 Job executing on host: <172.20.225.4:9618?addrs=172.20.225.4-9618&noUDP&sock=3366_5fdf_3>
...
006 (630088.000.000) 04/24 07:54:21 Image size of job updated: 110612
	102  -  MemoryUsage of job (MB)
	104080  -  ResidentSetSize of job (KB)
...
006 (630088.000.000) 04/24 07:59:23 Image size of job updated: 676732
	661  -  MemoryUsage of job (MB)
	676344  -  ResidentSetSize of job (KB)
...
006 (630088.000.000) 04/24 08:04:23 Image size of job updated: 946448
	925  -  MemoryUsage of job (MB)
	946248  -  ResidentSetSize of job (KB)
...
006 (630088.000.000) 04/24 08:09:24 Image size of job updated: 1146532
	1119  -  MemoryUsage of job (MB)
	1145296  -  ResidentSetSize of job (KB)
...
006 (630088.000.000) 04/24 08:14:24 Image size of job updated: 1318456
	1288  -  MemoryUsage of job (MB)
	1318196  -  ResidentSetSize of job (KB)
...
006 (630088.000.000) 04/24 08:19:25 Image size of job updated: 1460616
	1427  -  MemoryUsage of job (MB)
	1460432  -  ResidentSetSize of job (KB)
...
006 (630088.000.000) 04/24 08:22:53 Image size of job updated: 1937224
	1427  -  MemoryUsage of job (MB)
	1460432  -  ResidentSetSize of job (KB)
...
005 (630088.000.000) 04/24 08:22:53 Job terminated.
	(1) Normal termination (return value 0)
		Usr 0 00:26:45, Sys 0 00:01:09  -  Run Remote Usage
		Usr 0 00:00:00, Sys 0 00:00:00  -  Run Local Usage
		Usr 0 00:26:45, Sys 0 00:01:09  -  Total Remote Usage
		Usr 0 00:00:00, Sys 0 00:00:00  -  Total Local Usage
	1715235  -  Run Bytes Sent By Job
	8620734  -  Run Bytes Received By Job
	1715235  -  Total Bytes Sent By Job
	8620734  -  Total Bytes Received By Job
	Partitionable Resources :    Usage  Request Allocated 
	   Cpus                 :     0.99        1         1 
	   Disk (KB)            : 10650       10000 479779449 
	   Memory (MB)          :  1427        6144      8033 
...
000 (630147.000.000) 04/24 08:39:26 Job submitted from host: <172.20.3.187:9618?addrs=172.20.3.187-9618&noUDP&sock=2297_2121_3>
...
001 (630147.000.000) 04/24 08:46:31 Job executing on host: <172.20.225.7:9618?addrs=172.20.225.7-9618&noUDP&sock=3394_9486_3>
...
006 (630147.000.000) 04/24 08:46:40 Image size of job updated: 12340
	13  -  MemoryUsage of job (MB)
	12340  -  ResidentSetSize of job (KB)
...
006 (630147.000.000) 04/24 08:51:40 Image size of job updated: 690700
	675  -  MemoryUsage of job (MB)
	690508  -  ResidentSetSize of job (KB)
...
006 (630147.000.000) 04/24 08:56:41 Image size of job updated: 963888
	942  -  MemoryUsage of job (MB)
	963628  -  ResidentSetSize of job (KB)
...
006 (630147.000.000) 04/24 09:01:41 Image size of job updated: 1167212
	1140  -  MemoryUsage of job (MB)
	1166812  -  ResidentSetSize of job (KB)
...
006 (630147.000.000) 04/24 09:06:42 Image size of job updated: 1343060
	1312  -  MemoryUsage of job (MB)
	1342572  -  ResidentSetSize of job (KB)
...
006 (630147.000.000) 04/24 09:11:42 Image size of job updated: 1488512
	1454  -  MemoryUsage of job (MB)
	1487900  -  ResidentSetSize of job (KB)
...
006 (630147.000.000) 04/24 09:14:37 Image size of job updated: 1977976
	1454  -  MemoryUsage of job (MB)
	1487900  -  ResidentSetSize of job (KB)
...
005 (630147.000.000) 04/24 09:14:37 Job terminated.
	(1) Normal termination (return value 0)
		Usr 0 00:25:57, Sys 0 00:00:41  -  Run Remote Usage
		Usr 0 00:00:00, Sys 0 00:00:00  -  Run Local Usage
		Usr 0 00:25:57, Sys 0 00:00:41  -  Total Remote Usage
		Usr 0 00:00:00, Sys 0 00:00:00  -  Total Local Usage
	1773436  -  Run Bytes Sent By Job
	8620823  -  Run Bytes Received By Job
	1773436  -  Total Bytes Sent By Job
	8620823  -  Total Bytes Received By Job
	Partitionable Resources :    Usage  Request Allocated 
	   Cpus                 :     0.80        1         1 
	   Disk (KB)            : 10706       10000 479738639 
	   Memory (MB)          :  1454        6144      8033 
...
