/isilon/condor/hep101.hep.brown.edu/execute/dir_110423
>> Setting macroDir to PWD

Processing compile_step1.C...
>> Running on BRUX, PairVLQ_x53x53_tWtW_narrow_RH_M800_TuneCP5_13TeV-madgraph-pythia8 stored on BRUX
>> Input file path: /isilon/hadoop/store/group/bruxljm/FWLJMET106XUL_singleLep2017UL_RunIISummer20_X53X53/PairVLQ_x53x53_tWtW_narrow_RH_M800_TuneCP5_13TeV-madgraph-pythia8/singleLep2017UL/230310_181414/0000
>> Running step1 over list: 66 67 68 69 7 70 71 72 73 74 75 76 77 78 79 8 80 81 82 83 84 85 86 87 88 89 9 90 91 92
>> Adding PairVLQ_x53x53_tWtW_narrow_RH_M800_TuneCP5_13TeV-madgraph-pythia8_66.root to the list by reading PairVLQ_x53x53_tWtW_narrow_RH_M800_TuneCP5_13TeV-madgraph-pythia8_66
>> Adding PairVLQ_x53x53_tWtW_narrow_RH_M800_TuneCP5_13TeV-madgraph-pythia8_67.root to the list by reading PairVLQ_x53x53_tWtW_narrow_RH_M800_TuneCP5_13TeV-madgraph-pythia8_67
>> Adding PairVLQ_x53x53_tWtW_narrow_RH_M800_TuneCP5_13TeV-madgraph-pythia8_68.root to the list by reading PairVLQ_x53x53_tWtW_narrow_RH_M800_TuneCP5_13TeV-madgraph-pythia8_68
>> Adding PairVLQ_x53x53_tWtW_narrow_RH_M800_TuneCP5_13TeV-madgraph-pythia8_69.root to the list by reading PairVLQ_x53x53_tWtW_narrow_RH_M800_TuneCP5_13TeV-madgraph-pythia8_69
>> Adding PairVLQ_x53x53_tWtW_narrow_RH_M800_TuneCP5_13TeV-madgraph-pythia8_7.root to the list by reading PairVLQ_x53x53_tWtW_narrow_RH_M800_TuneCP5_13TeV-madgraph-pythia8_7
>> Adding PairVLQ_x53x53_tWtW_narrow_RH_M800_TuneCP5_13TeV-madgraph-pythia8_70.root to the list by reading PairVLQ_x53x53_tWtW_narrow_RH_M800_TuneCP5_13TeV-madgraph-pythia8_70
>> Adding PairVLQ_x53x53_tWtW_narrow_RH_M800_TuneCP5_13TeV-madgraph-pythia8_71.root to the list by reading PairVLQ_x53x53_tWtW_narrow_RH_M800_TuneCP5_13TeV-madgraph-pythia8_71
>> Adding PairVLQ_x53x53_tWtW_narrow_RH_M800_TuneCP5_13TeV-madgraph-pythia8_72.root to the list by reading PairVLQ_x53x53_tWtW_narrow_RH_M800_TuneCP5_13TeV-madgraph-pythia8_72
>> Adding PairVLQ_x53x53_tWtW_narrow_RH_M800_TuneCP5_13TeV-madgraph-pythia8_73.root to the list by reading PairVLQ_x53x53_tWtW_narrow_RH_M800_TuneCP5_13TeV-madgraph-pythia8_73
>> Adding PairVLQ_x53x53_tWtW_narrow_RH_M800_TuneCP5_13TeV-madgraph-pythia8_74.root to the list by reading PairVLQ_x53x53_tWtW_narrow_RH_M800_TuneCP5_13TeV-madgraph-pythia8_74
>> Adding PairVLQ_x53x53_tWtW_narrow_RH_M800_TuneCP5_13TeV-madgraph-pythia8_75.root to the list by reading PairVLQ_x53x53_tWtW_narrow_RH_M800_TuneCP5_13TeV-madgraph-pythia8_75
>> Adding PairVLQ_x53x53_tWtW_narrow_RH_M800_TuneCP5_13TeV-madgraph-pythia8_76.root to the list by reading PairVLQ_x53x53_tWtW_narrow_RH_M800_TuneCP5_13TeV-madgraph-pythia8_76
>> Adding PairVLQ_x53x53_tWtW_narrow_RH_M800_TuneCP5_13TeV-madgraph-pythia8_77.root to the list by reading PairVLQ_x53x53_tWtW_narrow_RH_M800_TuneCP5_13TeV-madgraph-pythia8_77
>> Adding PairVLQ_x53x53_tWtW_narrow_RH_M800_TuneCP5_13TeV-madgraph-pythia8_78.root to the list by reading PairVLQ_x53x53_tWtW_narrow_RH_M800_TuneCP5_13TeV-madgraph-pythia8_78
>> Adding PairVLQ_x53x53_tWtW_narrow_RH_M800_TuneCP5_13TeV-madgraph-pythia8_79.root to the list by reading PairVLQ_x53x53_tWtW_narrow_RH_M800_TuneCP5_13TeV-madgraph-pythia8_79
>> Adding PairVLQ_x53x53_tWtW_narrow_RH_M800_TuneCP5_13TeV-madgraph-pythia8_8.root to the list by reading PairVLQ_x53x53_tWtW_narrow_RH_M800_TuneCP5_13TeV-madgraph-pythia8_8
>> Adding PairVLQ_x53x53_tWtW_narrow_RH_M800_TuneCP5_13TeV-madgraph-pythia8_80.root to the list by reading PairVLQ_x53x53_tWtW_narrow_RH_M800_TuneCP5_13TeV-madgraph-pythia8_80
>> Adding PairVLQ_x53x53_tWtW_narrow_RH_M800_TuneCP5_13TeV-madgraph-pythia8_81.root to the list by reading PairVLQ_x53x53_tWtW_narrow_RH_M800_TuneCP5_13TeV-madgraph-pythia8_81
>> Adding PairVLQ_x53x53_tWtW_narrow_RH_M800_TuneCP5_13TeV-madgraph-pythia8_82.root to the list by reading PairVLQ_x53x53_tWtW_narrow_RH_M800_TuneCP5_13TeV-madgraph-pythia8_82
>> Adding PairVLQ_x53x53_tWtW_narrow_RH_M800_TuneCP5_13TeV-madgraph-pythia8_83.root to the list by reading PairVLQ_x53x53_tWtW_narrow_RH_M800_TuneCP5_13TeV-madgraph-pythia8_83
>> Adding PairVLQ_x53x53_tWtW_narrow_RH_M800_TuneCP5_13TeV-madgraph-pythia8_84.root to the list by reading PairVLQ_x53x53_tWtW_narrow_RH_M800_TuneCP5_13TeV-madgraph-pythia8_84
>> Adding PairVLQ_x53x53_tWtW_narrow_RH_M800_TuneCP5_13TeV-madgraph-pythia8_85.root to the list by reading PairVLQ_x53x53_tWtW_narrow_RH_M800_TuneCP5_13TeV-madgraph-pythia8_85
>> Adding PairVLQ_x53x53_tWtW_narrow_RH_M800_TuneCP5_13TeV-madgraph-pythia8_86.root to the list by reading PairVLQ_x53x53_tWtW_narrow_RH_M800_TuneCP5_13TeV-madgraph-pythia8_86
>> Adding PairVLQ_x53x53_tWtW_narrow_RH_M800_TuneCP5_13TeV-madgraph-pythia8_87.root to the list by reading PairVLQ_x53x53_tWtW_narrow_RH_M800_TuneCP5_13TeV-madgraph-pythia8_87
>> Adding PairVLQ_x53x53_tWtW_narrow_RH_M800_TuneCP5_13TeV-madgraph-pythia8_88.root to the list by reading PairVLQ_x53x53_tWtW_narrow_RH_M800_TuneCP5_13TeV-madgraph-pythia8_88
>> Adding PairVLQ_x53x53_tWtW_narrow_RH_M800_TuneCP5_13TeV-madgraph-pythia8_89.root to the list by reading PairVLQ_x53x53_tWtW_narrow_RH_M800_TuneCP5_13TeV-madgraph-pythia8_89
>> Adding PairVLQ_x53x53_tWtW_narrow_RH_M800_TuneCP5_13TeV-madgraph-pythia8_9.root to the list by reading PairVLQ_x53x53_tWtW_narrow_RH_M800_TuneCP5_13TeV-madgraph-pythia8_9
>> Adding PairVLQ_x53x53_tWtW_narrow_RH_M800_TuneCP5_13TeV-madgraph-pythia8_90.root to the list by reading PairVLQ_x53x53_tWtW_narrow_RH_M800_TuneCP5_13TeV-madgraph-pythia8_90
>> Adding PairVLQ_x53x53_tWtW_narrow_RH_M800_TuneCP5_13TeV-madgraph-pythia8_91.root to the list by reading PairVLQ_x53x53_tWtW_narrow_RH_M800_TuneCP5_13TeV-madgraph-pythia8_91
>> Adding PairVLQ_x53x53_tWtW_narrow_RH_M800_TuneCP5_13TeV-madgraph-pythia8_92.root to the list by reading PairVLQ_x53x53_tWtW_narrow_RH_M800_TuneCP5_13TeV-madgraph-pythia8_92
[OPT] Using deepCSV reshaping file: reshaping_deepCSV_106XUL17_v4.csv
[OPT] Using deepJet reshaping file: reshaping_deepJet_106XUL17_v4.csv

>> Running /isilon/hadoop/store/group/bruxljm/FWLJMET106XUL_singleLep2017UL_RunIISummer20_X53X53/PairVLQ_x53x53_tWtW_narrow_RH_M800_TuneCP5_13TeV-madgraph-pythia8/singleLep2017UL/230310_181414/0000/PairVLQ_x53x53_tWtW_narrow_RH_M800_TuneCP5_13TeV-madgraph-pythia8_66.root for shift: nominal
[step1.h] Opening file: /isilon/hadoop/store/group/bruxljm/FWLJMET106XUL_singleLep2017UL_RunIISummer20_X53X53/PairVLQ_x53x53_tWtW_narrow_RH_M800_TuneCP5_13TeV-madgraph-pythia8/singleLep2017UL/230310_181414/0000/PairVLQ_x53x53_tWtW_narrow_RH_M800_TuneCP5_13TeV-madgraph-pythia8_66.root
[step1.h] Finished initializing
RUN CONFIG: YEAR = 2017
Era = 
isMC = 1, isSig = 1, SigMass = 1
isHad =0, isSE =0, isSM =0
isTTTT = 0, isXX = 1, isTpTp = 0, isBpBp = 0
For W's: isTT = 0, isSTt = 0, isSTtW = 0
For jets & PDF: isTOP = 0, isMadgraphBkg = 1
For HOTTagger Efficiencies: isTTV = 0, isTTHbb = 0, isTTHnonbb = 0, isTTTX = 0
isTTVV = 0, isST = 0, isTTToSemiLeptonHT500Njet9 = 0
Pileup sample key: PairVLQ_x53x53_tWtW_narrow_RH_M800_TuneCP5_13TeV-madgraph-pythia8
b-tagging working points: 0.304(DeepJet)0.4506(DeepCSV)
isTTincMtt0to700: 0
isTTincMtt0to1000: 0
isTTincMtt700to1000: 0
isTTincMtt1000toInf: 0
isTTSemilepIncHT0Njet0: 0
isTTSemilepIncHT500Njet9: 0
outTTLF: 0
outTTCC: 0
outTTBB: 0
outTT1B: 0
outTT2B: 0
>> Completed 0 out of 1051 events
[INFO] Defaulting to central deepJet weight for: nominal
>> Completed 1000 out of 1051 events
Nelectrons      = 449 / 1051
Npassed_ElEta   = 449 / 1051
Nmuons          = 602 / 1051
NrelIsoFail     = 0 / 1051
Npassed_MuEta   = 602 / 1051
Npassed_nAK8Jets= 1051 / 1051
Npassed_Trigger = 1008 / 1051
Npassed_MET     = 851 / 1051
Npassed_lepPt   = 894 / 1051
Npassed_HT      = 1035 / 1051
npass_Njets     = 1049 / 1051
Npassed_ALL     = 712 / 1051

>> Running /isilon/hadoop/store/group/bruxljm/FWLJMET106XUL_singleLep2017UL_RunIISummer20_X53X53/PairVLQ_x53x53_tWtW_narrow_RH_M800_TuneCP5_13TeV-madgraph-pythia8/singleLep2017UL/230310_181414/0000/PairVLQ_x53x53_tWtW_narrow_RH_M800_TuneCP5_13TeV-madgraph-pythia8_67.root for shift: nominal
[step1.h] Opening file: /isilon/hadoop/store/group/bruxljm/FWLJMET106XUL_singleLep2017UL_RunIISummer20_X53X53/PairVLQ_x53x53_tWtW_narrow_RH_M800_TuneCP5_13TeV-madgraph-pythia8/singleLep2017UL/230310_181414/0000/PairVLQ_x53x53_tWtW_narrow_RH_M800_TuneCP5_13TeV-madgraph-pythia8_67.root
[step1.h] Finished initializing
RUN CONFIG: YEAR = 2017
Era = 
isMC = 1, isSig = 1, SigMass = 1
isHad =0, isSE =0, isSM =0
isTTTT = 0, isXX = 1, isTpTp = 0, isBpBp = 0
For W's: isTT = 0, isSTt = 0, isSTtW = 0
For jets & PDF: isTOP = 0, isMadgraphBkg = 1
For HOTTagger Efficiencies: isTTV = 0, isTTHbb = 0, isTTHnonbb = 0, isTTTX = 0
isTTVV = 0, isST = 0, isTTToSemiLeptonHT500Njet9 = 0
Pileup sample key: PairVLQ_x53x53_tWtW_narrow_RH_M800_TuneCP5_13TeV-madgraph-pythia8
b-tagging working points: 0.304(DeepJet)0.4506(DeepCSV)
isTTincMtt0to700: 0
isTTincMtt0to1000: 0
isTTincMtt700to1000: 0
isTTincMtt1000toInf: 0
isTTSemilepIncHT0Njet0: 0
isTTSemilepIncHT500Njet9: 0
outTTLF: 0
outTTCC: 0
outTTBB: 0
outTT1B: 0
outTT2B: 0
>> Completed 0 out of 994 events
[INFO] Defaulting to central deepJet weight for: nominal
Nelectrons      = 485 / 994
Npassed_ElEta   = 485 / 994
Nmuons          = 509 / 994
NrelIsoFail     = 0 / 994
Npassed_MuEta   = 509 / 994
Npassed_nAK8Jets= 994 / 994
Npassed_Trigger = 958 / 994
Npassed_MET     = 794 / 994
Npassed_lepPt   = 828 / 994
Npassed_HT      = 981 / 994
npass_Njets     = 990 / 994
Npassed_ALL     = 654 / 994

>> Running /isilon/hadoop/store/group/bruxljm/FWLJMET106XUL_singleLep2017UL_RunIISummer20_X53X53/PairVLQ_x53x53_tWtW_narrow_RH_M800_TuneCP5_13TeV-madgraph-pythia8/singleLep2017UL/230310_181414/0000/PairVLQ_x53x53_tWtW_narrow_RH_M800_TuneCP5_13TeV-madgraph-pythia8_68.root for shift: nominal
[step1.h] Opening file: /isilon/hadoop/store/group/bruxljm/FWLJMET106XUL_singleLep2017UL_RunIISummer20_X53X53/PairVLQ_x53x53_tWtW_narrow_RH_M800_TuneCP5_13TeV-madgraph-pythia8/singleLep2017UL/230310_181414/0000/PairVLQ_x53x53_tWtW_narrow_RH_M800_TuneCP5_13TeV-madgraph-pythia8_68.root
[step1.h] Finished initializing
RUN CONFIG: YEAR = 2017
Era = 
isMC = 1, isSig = 1, SigMass = 1
isHad =0, isSE =0, isSM =0
isTTTT = 0, isXX = 1, isTpTp = 0, isBpBp = 0
For W's: isTT = 0, isSTt = 0, isSTtW = 0
For jets & PDF: isTOP = 0, isMadgraphBkg = 1
For HOTTagger Efficiencies: isTTV = 0, isTTHbb = 0, isTTHnonbb = 0, isTTTX = 0
isTTVV = 0, isST = 0, isTTToSemiLeptonHT500Njet9 = 0
Pileup sample key: PairVLQ_x53x53_tWtW_narrow_RH_M800_TuneCP5_13TeV-madgraph-pythia8
b-tagging working points: 0.304(DeepJet)0.4506(DeepCSV)
isTTincMtt0to700: 0
isTTincMtt0to1000: 0
isTTincMtt700to1000: 0
isTTincMtt1000toInf: 0
isTTSemilepIncHT0Njet0: 0
isTTSemilepIncHT500Njet9: 0
outTTLF: 0
outTTCC: 0
outTTBB: 0
outTT1B: 0
outTT2B: 0
>> Completed 0 out of 1063 events
[INFO] Defaulting to central deepJet weight for: nominal
>> Completed 1000 out of 1063 events
Nelectrons      = 528 / 1063
Npassed_ElEta   = 528 / 1063
Nmuons          = 535 / 1063
NrelIsoFail     = 0 / 1063
Npassed_MuEta   = 535 / 1063
Npassed_nAK8Jets= 1063 / 1063
Npassed_Trigger = 1018 / 1063
Npassed_MET     = 832 / 1063
Npassed_lepPt   = 916 / 1063
Npassed_HT      = 1045 / 1063
npass_Njets     = 1059 / 1063
Npassed_ALL     = 704 / 1063

>> Running /isilon/hadoop/store/group/bruxljm/FWLJMET106XUL_singleLep2017UL_RunIISummer20_X53X53/PairVLQ_x53x53_tWtW_narrow_RH_M800_TuneCP5_13TeV-madgraph-pythia8/singleLep2017UL/230310_181414/0000/PairVLQ_x53x53_tWtW_narrow_RH_M800_TuneCP5_13TeV-madgraph-pythia8_69.root for shift: nominal
[step1.h] Opening file: /isilon/hadoop/store/group/bruxljm/FWLJMET106XUL_singleLep2017UL_RunIISummer20_X53X53/PairVLQ_x53x53_tWtW_narrow_RH_M800_TuneCP5_13TeV-madgraph-pythia8/singleLep2017UL/230310_181414/0000/PairVLQ_x53x53_tWtW_narrow_RH_M800_TuneCP5_13TeV-madgraph-pythia8_69.root
[step1.h] Finished initializing
RUN CONFIG: YEAR = 2017
Era = 
isMC = 1, isSig = 1, SigMass = 1
isHad =0, isSE =0, isSM =0
isTTTT = 0, isXX = 1, isTpTp = 0, isBpBp = 0
For W's: isTT = 0, isSTt = 0, isSTtW = 0
For jets & PDF: isTOP = 0, isMadgraphBkg = 1
For HOTTagger Efficiencies: isTTV = 0, isTTHbb = 0, isTTHnonbb = 0, isTTTX = 0
isTTVV = 0, isST = 0, isTTToSemiLeptonHT500Njet9 = 0
Pileup sample key: PairVLQ_x53x53_tWtW_narrow_RH_M800_TuneCP5_13TeV-madgraph-pythia8
b-tagging working points: 0.304(DeepJet)0.4506(DeepCSV)
isTTincMtt0to700: 0
isTTincMtt0to1000: 0
isTTincMtt700to1000: 0
isTTincMtt1000toInf: 0
isTTSemilepIncHT0Njet0: 0
isTTSemilepIncHT500Njet9: 0
outTTLF: 0
outTTCC: 0
outTTBB: 0
outTT1B: 0
outTT2B: 0
>> Completed 0 out of 1009 events
[INFO] Defaulting to central deepJet weight for: nominal
>> Completed 1000 out of 1009 events
Nelectrons      = 470 / 1009
Npassed_ElEta   = 470 / 1009
Nmuons          = 539 / 1009
NrelIsoFail     = 0 / 1009
Npassed_MuEta   = 539 / 1009
Npassed_nAK8Jets= 1009 / 1009
Npassed_Trigger = 970 / 1009
Npassed_MET     = 812 / 1009
Npassed_lepPt   = 849 / 1009
Npassed_HT      = 992 / 1009
npass_Njets     = 1005 / 1009
Npassed_ALL     = 669 / 1009

>> Running /isilon/hadoop/store/group/bruxljm/FWLJMET106XUL_singleLep2017UL_RunIISummer20_X53X53/PairVLQ_x53x53_tWtW_narrow_RH_M800_TuneCP5_13TeV-madgraph-pythia8/singleLep2017UL/230310_181414/0000/PairVLQ_x53x53_tWtW_narrow_RH_M800_TuneCP5_13TeV-madgraph-pythia8_7.root for shift: nominal
[step1.h] Opening file: /isilon/hadoop/store/group/bruxljm/FWLJMET106XUL_singleLep2017UL_RunIISummer20_X53X53/PairVLQ_x53x53_tWtW_narrow_RH_M800_TuneCP5_13TeV-madgraph-pythia8/singleLep2017UL/230310_181414/0000/PairVLQ_x53x53_tWtW_narrow_RH_M800_TuneCP5_13TeV-madgraph-pythia8_7.root
[step1.h] Finished initializing
RUN CONFIG: YEAR = 2017
Era = 
isMC = 1, isSig = 1, SigMass = 1
isHad =0, isSE =0, isSM =0
isTTTT = 0, isXX = 1, isTpTp = 0, isBpBp = 0
For W's: isTT = 0, isSTt = 0, isSTtW = 0
For jets & PDF: isTOP = 0, isMadgraphBkg = 1
For HOTTagger Efficiencies: isTTV = 0, isTTHbb = 0, isTTHnonbb = 0, isTTTX = 0
isTTVV = 0, isST = 0, isTTToSemiLeptonHT500Njet9 = 0
Pileup sample key: PairVLQ_x53x53_tWtW_narrow_RH_M800_TuneCP5_13TeV-madgraph-pythia8
b-tagging working points: 0.304(DeepJet)0.4506(DeepCSV)
isTTincMtt0to700: 0
isTTincMtt0to1000: 0
isTTincMtt700to1000: 0
isTTincMtt1000toInf: 0
isTTSemilepIncHT0Njet0: 0
isTTSemilepIncHT500Njet9: 0
outTTLF: 0
outTTCC: 0
outTTBB: 0
outTT1B: 0
outTT2B: 0
>> Completed 0 out of 1054 events
[INFO] Defaulting to central deepJet weight for: nominal
>> Completed 1000 out of 1054 events
Nelectrons      = 469 / 1054
Npassed_ElEta   = 469 / 1054
Nmuons          = 585 / 1054
NrelIsoFail     = 0 / 1054
Npassed_MuEta   = 585 / 1054
Npassed_nAK8Jets= 1054 / 1054
Npassed_Trigger = 1009 / 1054
Npassed_MET     = 866 / 1054
Npassed_lepPt   = 882 / 1054
Npassed_HT      = 1042 / 1054
npass_Njets     = 1053 / 1054
Npassed_ALL     = 709 / 1054

>> Running /isilon/hadoop/store/group/bruxljm/FWLJMET106XUL_singleLep2017UL_RunIISummer20_X53X53/PairVLQ_x53x53_tWtW_narrow_RH_M800_TuneCP5_13TeV-madgraph-pythia8/singleLep2017UL/230310_181414/0000/PairVLQ_x53x53_tWtW_narrow_RH_M800_TuneCP5_13TeV-madgraph-pythia8_70.root for shift: nominal
[step1.h] Opening file: /isilon/hadoop/store/group/bruxljm/FWLJMET106XUL_singleLep2017UL_RunIISummer20_X53X53/PairVLQ_x53x53_tWtW_narrow_RH_M800_TuneCP5_13TeV-madgraph-pythia8/singleLep2017UL/230310_181414/0000/PairVLQ_x53x53_tWtW_narrow_RH_M800_TuneCP5_13TeV-madgraph-pythia8_70.root
[step1.h] Finished initializing
RUN CONFIG: YEAR = 2017
Era = 
isMC = 1, isSig = 1, SigMass = 1
isHad =0, isSE =0, isSM =0
isTTTT = 0, isXX = 1, isTpTp = 0, isBpBp = 0
For W's: isTT = 0, isSTt = 0, isSTtW = 0
For jets & PDF: isTOP = 0, isMadgraphBkg = 1
For HOTTagger Efficiencies: isTTV = 0, isTTHbb = 0, isTTHnonbb = 0, isTTTX = 0
isTTVV = 0, isST = 0, isTTToSemiLeptonHT500Njet9 = 0
Pileup sample key: PairVLQ_x53x53_tWtW_narrow_RH_M800_TuneCP5_13TeV-madgraph-pythia8
b-tagging working points: 0.304(DeepJet)0.4506(DeepCSV)
isTTincMtt0to700: 0
isTTincMtt0to1000: 0
isTTincMtt700to1000: 0
isTTincMtt1000toInf: 0
isTTSemilepIncHT0Njet0: 0
isTTSemilepIncHT500Njet9: 0
outTTLF: 0
outTTCC: 0
outTTBB: 0
outTT1B: 0
outTT2B: 0
>> Completed 0 out of 525 events
[INFO] Defaulting to central deepJet weight for: nominal
Nelectrons      = 254 / 525
Npassed_ElEta   = 254 / 525
Nmuons          = 271 / 525
NrelIsoFail     = 0 / 525
Npassed_MuEta   = 271 / 525
Npassed_nAK8Jets= 525 / 525
Npassed_Trigger = 505 / 525
Npassed_MET     = 425 / 525
Npassed_lepPt   = 433 / 525
Npassed_HT      = 522 / 525
npass_Njets     = 525 / 525
Npassed_ALL     = 349 / 525

>> Running /isilon/hadoop/store/group/bruxljm/FWLJMET106XUL_singleLep2017UL_RunIISummer20_X53X53/PairVLQ_x53x53_tWtW_narrow_RH_M800_TuneCP5_13TeV-madgraph-pythia8/singleLep2017UL/230310_181414/0000/PairVLQ_x53x53_tWtW_narrow_RH_M800_TuneCP5_13TeV-madgraph-pythia8_71.root for shift: nominal
[step1.h] Opening file: /isilon/hadoop/store/group/bruxljm/FWLJMET106XUL_singleLep2017UL_RunIISummer20_X53X53/PairVLQ_x53x53_tWtW_narrow_RH_M800_TuneCP5_13TeV-madgraph-pythia8/singleLep2017UL/230310_181414/0000/PairVLQ_x53x53_tWtW_narrow_RH_M800_TuneCP5_13TeV-madgraph-pythia8_71.root
[step1.h] Finished initializing
RUN CONFIG: YEAR = 2017
Era = 
isMC = 1, isSig = 1, SigMass = 1
isHad =0, isSE =0, isSM =0
isTTTT = 0, isXX = 1, isTpTp = 0, isBpBp = 0
For W's: isTT = 0, isSTt = 0, isSTtW = 0
For jets & PDF: isTOP = 0, isMadgraphBkg = 1
For HOTTagger Efficiencies: isTTV = 0, isTTHbb = 0, isTTHnonbb = 0, isTTTX = 0
isTTVV = 0, isST = 0, isTTToSemiLeptonHT500Njet9 = 0
Pileup sample key: PairVLQ_x53x53_tWtW_narrow_RH_M800_TuneCP5_13TeV-madgraph-pythia8
b-tagging working points: 0.304(DeepJet)0.4506(DeepCSV)
isTTincMtt0to700: 0
isTTincMtt0to1000: 0
isTTincMtt700to1000: 0
isTTincMtt1000toInf: 0
isTTSemilepIncHT0Njet0: 0
isTTSemilepIncHT500Njet9: 0
outTTLF: 0
outTTCC: 0
outTTBB: 0
outTT1B: 0
outTT2B: 0
>> Completed 0 out of 1042 events
[INFO] Defaulting to central deepJet weight for: nominal
>> Completed 1000 out of 1042 events
Nelectrons      = 488 / 1042
Npassed_ElEta   = 488 / 1042
Nmuons          = 554 / 1042
NrelIsoFail     = 0 / 1042
Npassed_MuEta   = 554 / 1042
Npassed_nAK8Jets= 1042 / 1042
Npassed_Trigger = 1008 / 1042
Npassed_MET     = 813 / 1042
Npassed_lepPt   = 861 / 1042
Npassed_HT      = 1030 / 1042
npass_Njets     = 1042 / 1042
Npassed_ALL     = 652 / 1042

>> Running /isilon/hadoop/store/group/bruxljm/FWLJMET106XUL_singleLep2017UL_RunIISummer20_X53X53/PairVLQ_x53x53_tWtW_narrow_RH_M800_TuneCP5_13TeV-madgraph-pythia8/singleLep2017UL/230310_181414/0000/PairVLQ_x53x53_tWtW_narrow_RH_M800_TuneCP5_13TeV-madgraph-pythia8_72.root for shift: nominal
[step1.h] Opening file: /isilon/hadoop/store/group/bruxljm/FWLJMET106XUL_singleLep2017UL_RunIISummer20_X53X53/PairVLQ_x53x53_tWtW_narrow_RH_M800_TuneCP5_13TeV-madgraph-pythia8/singleLep2017UL/230310_181414/0000/PairVLQ_x53x53_tWtW_narrow_RH_M800_TuneCP5_13TeV-madgraph-pythia8_72.root
[step1.h] Finished initializing
RUN CONFIG: YEAR = 2017
Era = 
isMC = 1, isSig = 1, SigMass = 1
isHad =0, isSE =0, isSM =0
isTTTT = 0, isXX = 1, isTpTp = 0, isBpBp = 0
For W's: isTT = 0, isSTt = 0, isSTtW = 0
For jets & PDF: isTOP = 0, isMadgraphBkg = 1
For HOTTagger Efficiencies: isTTV = 0, isTTHbb = 0, isTTHnonbb = 0, isTTTX = 0
isTTVV = 0, isST = 0, isTTToSemiLeptonHT500Njet9 = 0
Pileup sample key: PairVLQ_x53x53_tWtW_narrow_RH_M800_TuneCP5_13TeV-madgraph-pythia8
b-tagging working points: 0.304(DeepJet)0.4506(DeepCSV)
isTTincMtt0to700: 0
isTTincMtt0to1000: 0
isTTincMtt700to1000: 0
isTTincMtt1000toInf: 0
isTTSemilepIncHT0Njet0: 0
isTTSemilepIncHT500Njet9: 0
outTTLF: 0
outTTCC: 0
outTTBB: 0
outTT1B: 0
outTT2B: 0
>> Completed 0 out of 1020 events
[INFO] Defaulting to central deepJet weight for: nominal
>> Completed 1000 out of 1020 events
Nelectrons      = 481 / 1020
Npassed_ElEta   = 481 / 1020
Nmuons          = 539 / 1020
NrelIsoFail     = 0 / 1020
Npassed_MuEta   = 539 / 1020
Npassed_nAK8Jets= 1020 / 1020
Npassed_Trigger = 979 / 1020
Npassed_MET     = 803 / 1020
Npassed_lepPt   = 848 / 1020
Npassed_HT      = 1007 / 1020
npass_Njets     = 1016 / 1020
Npassed_ALL     = 652 / 1020

>> Running /isilon/hadoop/store/group/bruxljm/FWLJMET106XUL_singleLep2017UL_RunIISummer20_X53X53/PairVLQ_x53x53_tWtW_narrow_RH_M800_TuneCP5_13TeV-madgraph-pythia8/singleLep2017UL/230310_181414/0000/PairVLQ_x53x53_tWtW_narrow_RH_M800_TuneCP5_13TeV-madgraph-pythia8_73.root for shift: nominal
[step1.h] Opening file: /isilon/hadoop/store/group/bruxljm/FWLJMET106XUL_singleLep2017UL_RunIISummer20_X53X53/PairVLQ_x53x53_tWtW_narrow_RH_M800_TuneCP5_13TeV-madgraph-pythia8/singleLep2017UL/230310_181414/0000/PairVLQ_x53x53_tWtW_narrow_RH_M800_TuneCP5_13TeV-madgraph-pythia8_73.root
[step1.h] Finished initializing
RUN CONFIG: YEAR = 2017
Era = 
isMC = 1, isSig = 1, SigMass = 1
isHad =0, isSE =0, isSM =0
isTTTT = 0, isXX = 1, isTpTp = 0, isBpBp = 0
For W's: isTT = 0, isSTt = 0, isSTtW = 0
For jets & PDF: isTOP = 0, isMadgraphBkg = 1
For HOTTagger Efficiencies: isTTV = 0, isTTHbb = 0, isTTHnonbb = 0, isTTTX = 0
isTTVV = 0, isST = 0, isTTToSemiLeptonHT500Njet9 = 0
Pileup sample key: PairVLQ_x53x53_tWtW_narrow_RH_M800_TuneCP5_13TeV-madgraph-pythia8
b-tagging working points: 0.304(DeepJet)0.4506(DeepCSV)
isTTincMtt0to700: 0
isTTincMtt0to1000: 0
isTTincMtt700to1000: 0
isTTincMtt1000toInf: 0
isTTSemilepIncHT0Njet0: 0
isTTSemilepIncHT500Njet9: 0
outTTLF: 0
outTTCC: 0
outTTBB: 0
outTT1B: 0
outTT2B: 0
>> Completed 0 out of 1072 events
[INFO] Defaulting to central deepJet weight for: nominal
>> Completed 1000 out of 1072 events
Nelectrons      = 528 / 1072
Npassed_ElEta   = 528 / 1072
Nmuons          = 544 / 1072
NrelIsoFail     = 0 / 1072
Npassed_MuEta   = 544 / 1072
Npassed_nAK8Jets= 1072 / 1072
Npassed_Trigger = 1037 / 1072
Npassed_MET     = 870 / 1072
Npassed_lepPt   = 906 / 1072
Npassed_HT      = 1060 / 1072
npass_Njets     = 1070 / 1072
Npassed_ALL     = 727 / 1072

>> Running /isilon/hadoop/store/group/bruxljm/FWLJMET106XUL_singleLep2017UL_RunIISummer20_X53X53/PairVLQ_x53x53_tWtW_narrow_RH_M800_TuneCP5_13TeV-madgraph-pythia8/singleLep2017UL/230310_181414/0000/PairVLQ_x53x53_tWtW_narrow_RH_M800_TuneCP5_13TeV-madgraph-pythia8_74.root for shift: nominal
[step1.h] Opening file: /isilon/hadoop/store/group/bruxljm/FWLJMET106XUL_singleLep2017UL_RunIISummer20_X53X53/PairVLQ_x53x53_tWtW_narrow_RH_M800_TuneCP5_13TeV-madgraph-pythia8/singleLep2017UL/230310_181414/0000/PairVLQ_x53x53_tWtW_narrow_RH_M800_TuneCP5_13TeV-madgraph-pythia8_74.root
[step1.h] Finished initializing
RUN CONFIG: YEAR = 2017
Era = 
isMC = 1, isSig = 1, SigMass = 1
isHad =0, isSE =0, isSM =0
isTTTT = 0, isXX = 1, isTpTp = 0, isBpBp = 0
For W's: isTT = 0, isSTt = 0, isSTtW = 0
For jets & PDF: isTOP = 0, isMadgraphBkg = 1
For HOTTagger Efficiencies: isTTV = 0, isTTHbb = 0, isTTHnonbb = 0, isTTTX = 0
isTTVV = 0, isST = 0, isTTToSemiLeptonHT500Njet9 = 0
Pileup sample key: PairVLQ_x53x53_tWtW_narrow_RH_M800_TuneCP5_13TeV-madgraph-pythia8
b-tagging working points: 0.304(DeepJet)0.4506(DeepCSV)
isTTincMtt0to700: 0
isTTincMtt0to1000: 0
isTTincMtt700to1000: 0
isTTincMtt1000toInf: 0
isTTSemilepIncHT0Njet0: 0
isTTSemilepIncHT500Njet9: 0
outTTLF: 0
outTTCC: 0
outTTBB: 0
outTT1B: 0
outTT2B: 0
>> Completed 0 out of 509 events
[INFO] Defaulting to central deepJet weight for: nominal
Nelectrons      = 245 / 509
Npassed_ElEta   = 245 / 509
Nmuons          = 264 / 509
NrelIsoFail     = 0 / 509
Npassed_MuEta   = 264 / 509
Npassed_nAK8Jets= 509 / 509
Npassed_Trigger = 484 / 509
Npassed_MET     = 397 / 509
Npassed_lepPt   = 426 / 509
Npassed_HT      = 500 / 509
npass_Njets     = 507 / 509
Npassed_ALL     = 325 / 509

>> Running /isilon/hadoop/store/group/bruxljm/FWLJMET106XUL_singleLep2017UL_RunIISummer20_X53X53/PairVLQ_x53x53_tWtW_narrow_RH_M800_TuneCP5_13TeV-madgraph-pythia8/singleLep2017UL/230310_181414/0000/PairVLQ_x53x53_tWtW_narrow_RH_M800_TuneCP5_13TeV-madgraph-pythia8_75.root for shift: nominal
[step1.h] Opening file: /isilon/hadoop/store/group/bruxljm/FWLJMET106XUL_singleLep2017UL_RunIISummer20_X53X53/PairVLQ_x53x53_tWtW_narrow_RH_M800_TuneCP5_13TeV-madgraph-pythia8/singleLep2017UL/230310_181414/0000/PairVLQ_x53x53_tWtW_narrow_RH_M800_TuneCP5_13TeV-madgraph-pythia8_75.root
[step1.h] Finished initializing
RUN CONFIG: YEAR = 2017
Era = 
isMC = 1, isSig = 1, SigMass = 1
isHad =0, isSE =0, isSM =0
isTTTT = 0, isXX = 1, isTpTp = 0, isBpBp = 0
For W's: isTT = 0, isSTt = 0, isSTtW = 0
For jets & PDF: isTOP = 0, isMadgraphBkg = 1
For HOTTagger Efficiencies: isTTV = 0, isTTHbb = 0, isTTHnonbb = 0, isTTTX = 0
isTTVV = 0, isST = 0, isTTToSemiLeptonHT500Njet9 = 0
Pileup sample key: PairVLQ_x53x53_tWtW_narrow_RH_M800_TuneCP5_13TeV-madgraph-pythia8
b-tagging working points: 0.304(DeepJet)0.4506(DeepCSV)
isTTincMtt0to700: 0
isTTincMtt0to1000: 0
isTTincMtt700to1000: 0
isTTincMtt1000toInf: 0
isTTSemilepIncHT0Njet0: 0
isTTSemilepIncHT500Njet9: 0
outTTLF: 0
outTTCC: 0
outTTBB: 0
outTT1B: 0
outTT2B: 0
>> Completed 0 out of 998 events
[INFO] Defaulting to central deepJet weight for: nominal
Nelectrons      = 464 / 998
Npassed_ElEta   = 464 / 998
Nmuons          = 534 / 998
NrelIsoFail     = 0 / 998
Npassed_MuEta   = 534 / 998
Npassed_nAK8Jets= 998 / 998
Npassed_Trigger = 966 / 998
Npassed_MET     = 806 / 998
Npassed_lepPt   = 834 / 998
Npassed_HT      = 981 / 998
npass_Njets     = 993 / 998
Npassed_ALL     = 657 / 998

>> Running /isilon/hadoop/store/group/bruxljm/FWLJMET106XUL_singleLep2017UL_RunIISummer20_X53X53/PairVLQ_x53x53_tWtW_narrow_RH_M800_TuneCP5_13TeV-madgraph-pythia8/singleLep2017UL/230310_181414/0000/PairVLQ_x53x53_tWtW_narrow_RH_M800_TuneCP5_13TeV-madgraph-pythia8_76.root for shift: nominal
[step1.h] Opening file: /isilon/hadoop/store/group/bruxljm/FWLJMET106XUL_singleLep2017UL_RunIISummer20_X53X53/PairVLQ_x53x53_tWtW_narrow_RH_M800_TuneCP5_13TeV-madgraph-pythia8/singleLep2017UL/230310_181414/0000/PairVLQ_x53x53_tWtW_narrow_RH_M800_TuneCP5_13TeV-madgraph-pythia8_76.root
[step1.h] Finished initializing
RUN CONFIG: YEAR = 2017
Era = 
isMC = 1, isSig = 1, SigMass = 1
isHad =0, isSE =0, isSM =0
isTTTT = 0, isXX = 1, isTpTp = 0, isBpBp = 0
For W's: isTT = 0, isSTt = 0, isSTtW = 0
For jets & PDF: isTOP = 0, isMadgraphBkg = 1
For HOTTagger Efficiencies: isTTV = 0, isTTHbb = 0, isTTHnonbb = 0, isTTTX = 0
isTTVV = 0, isST = 0, isTTToSemiLeptonHT500Njet9 = 0
Pileup sample key: PairVLQ_x53x53_tWtW_narrow_RH_M800_TuneCP5_13TeV-madgraph-pythia8
b-tagging working points: 0.304(DeepJet)0.4506(DeepCSV)
isTTincMtt0to700: 0
isTTincMtt0to1000: 0
isTTincMtt700to1000: 0
isTTincMtt1000toInf: 0
isTTSemilepIncHT0Njet0: 0
isTTSemilepIncHT500Njet9: 0
outTTLF: 0
outTTCC: 0
outTTBB: 0
outTT1B: 0
outTT2B: 0
>> Completed 0 out of 1047 events
[INFO] Defaulting to central deepJet weight for: nominal
>> Completed 1000 out of 1047 events
Nelectrons      = 485 / 1047
Npassed_ElEta   = 485 / 1047
Nmuons          = 562 / 1047
NrelIsoFail     = 0 / 1047
Npassed_MuEta   = 562 / 1047
Npassed_nAK8Jets= 1047 / 1047
Npassed_Trigger = 1004 / 1047
Npassed_MET     = 837 / 1047
Npassed_lepPt   = 878 / 1047
Npassed_HT      = 1036 / 1047
npass_Njets     = 1043 / 1047
Npassed_ALL     = 685 / 1047

>> Running /isilon/hadoop/store/group/bruxljm/FWLJMET106XUL_singleLep2017UL_RunIISummer20_X53X53/PairVLQ_x53x53_tWtW_narrow_RH_M800_TuneCP5_13TeV-madgraph-pythia8/singleLep2017UL/230310_181414/0000/PairVLQ_x53x53_tWtW_narrow_RH_M800_TuneCP5_13TeV-madgraph-pythia8_77.root for shift: nominal
[step1.h] Opening file: /isilon/hadoop/store/group/bruxljm/FWLJMET106XUL_singleLep2017UL_RunIISummer20_X53X53/PairVLQ_x53x53_tWtW_narrow_RH_M800_TuneCP5_13TeV-madgraph-pythia8/singleLep2017UL/230310_181414/0000/PairVLQ_x53x53_tWtW_narrow_RH_M800_TuneCP5_13TeV-madgraph-pythia8_77.root
[step1.h] Finished initializing
RUN CONFIG: YEAR = 2017
Era = 
isMC = 1, isSig = 1, SigMass = 1
isHad =0, isSE =0, isSM =0
isTTTT = 0, isXX = 1, isTpTp = 0, isBpBp = 0
For W's: isTT = 0, isSTt = 0, isSTtW = 0
For jets & PDF: isTOP = 0, isMadgraphBkg = 1
For HOTTagger Efficiencies: isTTV = 0, isTTHbb = 0, isTTHnonbb = 0, isTTTX = 0
isTTVV = 0, isST = 0, isTTToSemiLeptonHT500Njet9 = 0
Pileup sample key: PairVLQ_x53x53_tWtW_narrow_RH_M800_TuneCP5_13TeV-madgraph-pythia8
b-tagging working points: 0.304(DeepJet)0.4506(DeepCSV)
isTTincMtt0to700: 0
isTTincMtt0to1000: 0
isTTincMtt700to1000: 0
isTTincMtt1000toInf: 0
isTTSemilepIncHT0Njet0: 0
isTTSemilepIncHT500Njet9: 0
outTTLF: 0
outTTCC: 0
outTTBB: 0
outTT1B: 0
outTT2B: 0
>> Completed 0 out of 1034 events
[INFO] Defaulting to central deepJet weight for: nominal
>> Completed 1000 out of 1034 events
Nelectrons      = 498 / 1034
Npassed_ElEta   = 498 / 1034
Nmuons          = 536 / 1034
NrelIsoFail     = 0 / 1034
Npassed_MuEta   = 536 / 1034
Npassed_nAK8Jets= 1034 / 1034
Npassed_Trigger = 992 / 1034
Npassed_MET     = 844 / 1034
Npassed_lepPt   = 872 / 1034
Npassed_HT      = 1020 / 1034
npass_Njets     = 1032 / 1034
Npassed_ALL     = 701 / 1034

>> Running /isilon/hadoop/store/group/bruxljm/FWLJMET106XUL_singleLep2017UL_RunIISummer20_X53X53/PairVLQ_x53x53_tWtW_narrow_RH_M800_TuneCP5_13TeV-madgraph-pythia8/singleLep2017UL/230310_181414/0000/PairVLQ_x53x53_tWtW_narrow_RH_M800_TuneCP5_13TeV-madgraph-pythia8_78.root for shift: nominal
[step1.h] Opening file: /isilon/hadoop/store/group/bruxljm/FWLJMET106XUL_singleLep2017UL_RunIISummer20_X53X53/PairVLQ_x53x53_tWtW_narrow_RH_M800_TuneCP5_13TeV-madgraph-pythia8/singleLep2017UL/230310_181414/0000/PairVLQ_x53x53_tWtW_narrow_RH_M800_TuneCP5_13TeV-madgraph-pythia8_78.root
[step1.h] Finished initializing
RUN CONFIG: YEAR = 2017
Era = 
isMC = 1, isSig = 1, SigMass = 1
isHad =0, isSE =0, isSM =0
isTTTT = 0, isXX = 1, isTpTp = 0, isBpBp = 0
For W's: isTT = 0, isSTt = 0, isSTtW = 0
For jets & PDF: isTOP = 0, isMadgraphBkg = 1
For HOTTagger Efficiencies: isTTV = 0, isTTHbb = 0, isTTHnonbb = 0, isTTTX = 0
isTTVV = 0, isST = 0, isTTToSemiLeptonHT500Njet9 = 0
Pileup sample key: PairVLQ_x53x53_tWtW_narrow_RH_M800_TuneCP5_13TeV-madgraph-pythia8
b-tagging working points: 0.304(DeepJet)0.4506(DeepCSV)
isTTincMtt0to700: 0
isTTincMtt0to1000: 0
isTTincMtt700to1000: 0
isTTincMtt1000toInf: 0
isTTSemilepIncHT0Njet0: 0
isTTSemilepIncHT500Njet9: 0
outTTLF: 0
outTTCC: 0
outTTBB: 0
outTT1B: 0
outTT2B: 0
>> Completed 0 out of 533 events
[INFO] Defaulting to central deepJet weight for: nominal
Nelectrons      = 256 / 533
Npassed_ElEta   = 256 / 533
Nmuons          = 277 / 533
NrelIsoFail     = 0 / 533
Npassed_MuEta   = 277 / 533
Npassed_nAK8Jets= 533 / 533
Npassed_Trigger = 516 / 533
Npassed_MET     = 429 / 533
Npassed_lepPt   = 454 / 533
Npassed_HT      = 525 / 533
npass_Njets     = 532 / 533
Npassed_ALL     = 360 / 533

>> Running /isilon/hadoop/store/group/bruxljm/FWLJMET106XUL_singleLep2017UL_RunIISummer20_X53X53/PairVLQ_x53x53_tWtW_narrow_RH_M800_TuneCP5_13TeV-madgraph-pythia8/singleLep2017UL/230310_181414/0000/PairVLQ_x53x53_tWtW_narrow_RH_M800_TuneCP5_13TeV-madgraph-pythia8_79.root for shift: nominal
[step1.h] Opening file: /isilon/hadoop/store/group/bruxljm/FWLJMET106XUL_singleLep2017UL_RunIISummer20_X53X53/PairVLQ_x53x53_tWtW_narrow_RH_M800_TuneCP5_13TeV-madgraph-pythia8/singleLep2017UL/230310_181414/0000/PairVLQ_x53x53_tWtW_narrow_RH_M800_TuneCP5_13TeV-madgraph-pythia8_79.root
[step1.h] Finished initializing
RUN CONFIG: YEAR = 2017
Era = 
isMC = 1, isSig = 1, SigMass = 1
isHad =0, isSE =0, isSM =0
isTTTT = 0, isXX = 1, isTpTp = 0, isBpBp = 0
For W's: isTT = 0, isSTt = 0, isSTtW = 0
For jets & PDF: isTOP = 0, isMadgraphBkg = 1
For HOTTagger Efficiencies: isTTV = 0, isTTHbb = 0, isTTHnonbb = 0, isTTTX = 0
isTTVV = 0, isST = 0, isTTToSemiLeptonHT500Njet9 = 0
Pileup sample key: PairVLQ_x53x53_tWtW_narrow_RH_M800_TuneCP5_13TeV-madgraph-pythia8
b-tagging working points: 0.304(DeepJet)0.4506(DeepCSV)
isTTincMtt0to700: 0
isTTincMtt0to1000: 0
isTTincMtt700to1000: 0
isTTincMtt1000toInf: 0
isTTSemilepIncHT0Njet0: 0
isTTSemilepIncHT500Njet9: 0
outTTLF: 0
outTTCC: 0
outTTBB: 0
outTT1B: 0
outTT2B: 0
>> Completed 0 out of 1025 events
[INFO] Defaulting to central deepJet weight for: nominal
>> Completed 1000 out of 1025 events
Nelectrons      = 476 / 1025
Npassed_ElEta   = 476 / 1025
Nmuons          = 549 / 1025
NrelIsoFail     = 0 / 1025
Npassed_MuEta   = 549 / 1025
Npassed_nAK8Jets= 1025 / 1025
Npassed_Trigger = 998 / 1025
Npassed_MET     = 855 / 1025
Npassed_lepPt   = 831 / 1025
Npassed_HT      = 1015 / 1025
npass_Njets     = 1023 / 1025
Npassed_ALL     = 680 / 1025

>> Running /isilon/hadoop/store/group/bruxljm/FWLJMET106XUL_singleLep2017UL_RunIISummer20_X53X53/PairVLQ_x53x53_tWtW_narrow_RH_M800_TuneCP5_13TeV-madgraph-pythia8/singleLep2017UL/230310_181414/0000/PairVLQ_x53x53_tWtW_narrow_RH_M800_TuneCP5_13TeV-madgraph-pythia8_8.root for shift: nominal
[step1.h] Opening file: /isilon/hadoop/store/group/bruxljm/FWLJMET106XUL_singleLep2017UL_RunIISummer20_X53X53/PairVLQ_x53x53_tWtW_narrow_RH_M800_TuneCP5_13TeV-madgraph-pythia8/singleLep2017UL/230310_181414/0000/PairVLQ_x53x53_tWtW_narrow_RH_M800_TuneCP5_13TeV-madgraph-pythia8_8.root
[step1.h] Finished initializing
RUN CONFIG: YEAR = 2017
Era = 
isMC = 1, isSig = 1, SigMass = 1
isHad =0, isSE =0, isSM =0
isTTTT = 0, isXX = 1, isTpTp = 0, isBpBp = 0
For W's: isTT = 0, isSTt = 0, isSTtW = 0
For jets & PDF: isTOP = 0, isMadgraphBkg = 1
For HOTTagger Efficiencies: isTTV = 0, isTTHbb = 0, isTTHnonbb = 0, isTTTX = 0
isTTVV = 0, isST = 0, isTTToSemiLeptonHT500Njet9 = 0
Pileup sample key: PairVLQ_x53x53_tWtW_narrow_RH_M800_TuneCP5_13TeV-madgraph-pythia8
b-tagging working points: 0.304(DeepJet)0.4506(DeepCSV)
isTTincMtt0to700: 0
isTTincMtt0to1000: 0
isTTincMtt700to1000: 0
isTTincMtt1000toInf: 0
isTTSemilepIncHT0Njet0: 0
isTTSemilepIncHT500Njet9: 0
outTTLF: 0
outTTCC: 0
outTTBB: 0
outTT1B: 0
outTT2B: 0
>> Completed 0 out of 1027 events
[INFO] Defaulting to central deepJet weight for: nominal
>> Completed 1000 out of 1027 events
Nelectrons      = 473 / 1027
Npassed_ElEta   = 473 / 1027
Nmuons          = 554 / 1027
NrelIsoFail     = 0 / 1027
Npassed_MuEta   = 554 / 1027
Npassed_nAK8Jets= 1027 / 1027
Npassed_Trigger = 984 / 1027
Npassed_MET     = 816 / 1027
Npassed_lepPt   = 869 / 1027
Npassed_HT      = 1017 / 1027
npass_Njets     = 1023 / 1027
Npassed_ALL     = 677 / 1027

>> Running /isilon/hadoop/store/group/bruxljm/FWLJMET106XUL_singleLep2017UL_RunIISummer20_X53X53/PairVLQ_x53x53_tWtW_narrow_RH_M800_TuneCP5_13TeV-madgraph-pythia8/singleLep2017UL/230310_181414/0000/PairVLQ_x53x53_tWtW_narrow_RH_M800_TuneCP5_13TeV-madgraph-pythia8_80.root for shift: nominal
[step1.h] Opening file: /isilon/hadoop/store/group/bruxljm/FWLJMET106XUL_singleLep2017UL_RunIISummer20_X53X53/PairVLQ_x53x53_tWtW_narrow_RH_M800_TuneCP5_13TeV-madgraph-pythia8/singleLep2017UL/230310_181414/0000/PairVLQ_x53x53_tWtW_narrow_RH_M800_TuneCP5_13TeV-madgraph-pythia8_80.root
[step1.h] Finished initializing
RUN CONFIG: YEAR = 2017
Era = 
isMC = 1, isSig = 1, SigMass = 1
isHad =0, isSE =0, isSM =0
isTTTT = 0, isXX = 1, isTpTp = 0, isBpBp = 0
For W's: isTT = 0, isSTt = 0, isSTtW = 0
For jets & PDF: isTOP = 0, isMadgraphBkg = 1
For HOTTagger Efficiencies: isTTV = 0, isTTHbb = 0, isTTHnonbb = 0, isTTTX = 0
isTTVV = 0, isST = 0, isTTToSemiLeptonHT500Njet9 = 0
Pileup sample key: PairVLQ_x53x53_tWtW_narrow_RH_M800_TuneCP5_13TeV-madgraph-pythia8
b-tagging working points: 0.304(DeepJet)0.4506(DeepCSV)
isTTincMtt0to700: 0
isTTincMtt0to1000: 0
isTTincMtt700to1000: 0
isTTincMtt1000toInf: 0
isTTSemilepIncHT0Njet0: 0
isTTSemilepIncHT500Njet9: 0
outTTLF: 0
outTTCC: 0
outTTBB: 0
outTT1B: 0
outTT2B: 0
>> Completed 0 out of 518 events
[INFO] Defaulting to central deepJet weight for: nominal
Nelectrons      = 242 / 518
Npassed_ElEta   = 242 / 518
Nmuons          = 276 / 518
NrelIsoFail     = 0 / 518
Npassed_MuEta   = 276 / 518
Npassed_nAK8Jets= 518 / 518
Npassed_Trigger = 504 / 518
Npassed_MET     = 405 / 518
Npassed_lepPt   = 427 / 518
Npassed_HT      = 514 / 518
npass_Njets     = 518 / 518
Npassed_ALL     = 334 / 518

>> Running /isilon/hadoop/store/group/bruxljm/FWLJMET106XUL_singleLep2017UL_RunIISummer20_X53X53/PairVLQ_x53x53_tWtW_narrow_RH_M800_TuneCP5_13TeV-madgraph-pythia8/singleLep2017UL/230310_181414/0000/PairVLQ_x53x53_tWtW_narrow_RH_M800_TuneCP5_13TeV-madgraph-pythia8_81.root for shift: nominal
[step1.h] Opening file: /isilon/hadoop/store/group/bruxljm/FWLJMET106XUL_singleLep2017UL_RunIISummer20_X53X53/PairVLQ_x53x53_tWtW_narrow_RH_M800_TuneCP5_13TeV-madgraph-pythia8/singleLep2017UL/230310_181414/0000/PairVLQ_x53x53_tWtW_narrow_RH_M800_TuneCP5_13TeV-madgraph-pythia8_81.root
[step1.h] Finished initializing
RUN CONFIG: YEAR = 2017
Era = 
isMC = 1, isSig = 1, SigMass = 1
isHad =0, isSE =0, isSM =0
isTTTT = 0, isXX = 1, isTpTp = 0, isBpBp = 0
For W's: isTT = 0, isSTt = 0, isSTtW = 0
For jets & PDF: isTOP = 0, isMadgraphBkg = 1
For HOTTagger Efficiencies: isTTV = 0, isTTHbb = 0, isTTHnonbb = 0, isTTTX = 0
isTTVV = 0, isST = 0, isTTToSemiLeptonHT500Njet9 = 0
Pileup sample key: PairVLQ_x53x53_tWtW_narrow_RH_M800_TuneCP5_13TeV-madgraph-pythia8
b-tagging working points: 0.304(DeepJet)0.4506(DeepCSV)
isTTincMtt0to700: 0
isTTincMtt0to1000: 0
isTTincMtt700to1000: 0
isTTincMtt1000toInf: 0
isTTSemilepIncHT0Njet0: 0
isTTSemilepIncHT500Njet9: 0
outTTLF: 0
outTTCC: 0
outTTBB: 0
outTT1B: 0
outTT2B: 0
>> Completed 0 out of 1065 events
[INFO] Defaulting to central deepJet weight for: nominal
>> Completed 1000 out of 1065 events
Nelectrons      = 511 / 1065
Npassed_ElEta   = 511 / 1065
Nmuons          = 554 / 1065
NrelIsoFail     = 0 / 1065
Npassed_MuEta   = 554 / 1065
Npassed_nAK8Jets= 1065 / 1065
Npassed_Trigger = 1027 / 1065
Npassed_MET     = 859 / 1065
Npassed_lepPt   = 900 / 1065
Npassed_HT      = 1047 / 1065
npass_Njets     = 1060 / 1065
Npassed_ALL     = 711 / 1065

>> Running /isilon/hadoop/store/group/bruxljm/FWLJMET106XUL_singleLep2017UL_RunIISummer20_X53X53/PairVLQ_x53x53_tWtW_narrow_RH_M800_TuneCP5_13TeV-madgraph-pythia8/singleLep2017UL/230310_181414/0000/PairVLQ_x53x53_tWtW_narrow_RH_M800_TuneCP5_13TeV-madgraph-pythia8_82.root for shift: nominal
[step1.h] Opening file: /isilon/hadoop/store/group/bruxljm/FWLJMET106XUL_singleLep2017UL_RunIISummer20_X53X53/PairVLQ_x53x53_tWtW_narrow_RH_M800_TuneCP5_13TeV-madgraph-pythia8/singleLep2017UL/230310_181414/0000/PairVLQ_x53x53_tWtW_narrow_RH_M800_TuneCP5_13TeV-madgraph-pythia8_82.root
[step1.h] Finished initializing
RUN CONFIG: YEAR = 2017
Era = 
isMC = 1, isSig = 1, SigMass = 1
isHad =0, isSE =0, isSM =0
isTTTT = 0, isXX = 1, isTpTp = 0, isBpBp = 0
For W's: isTT = 0, isSTt = 0, isSTtW = 0
For jets & PDF: isTOP = 0, isMadgraphBkg = 1
For HOTTagger Efficiencies: isTTV = 0, isTTHbb = 0, isTTHnonbb = 0, isTTTX = 0
isTTVV = 0, isST = 0, isTTToSemiLeptonHT500Njet9 = 0
Pileup sample key: PairVLQ_x53x53_tWtW_narrow_RH_M800_TuneCP5_13TeV-madgraph-pythia8
b-tagging working points: 0.304(DeepJet)0.4506(DeepCSV)
isTTincMtt0to700: 0
isTTincMtt0to1000: 0
isTTincMtt700to1000: 0
isTTincMtt1000toInf: 0
isTTSemilepIncHT0Njet0: 0
isTTSemilepIncHT500Njet9: 0
outTTLF: 0
outTTCC: 0
outTTBB: 0
outTT1B: 0
outTT2B: 0
>> Completed 0 out of 1034 events
[INFO] Defaulting to central deepJet weight for: nominal
>> Completed 1000 out of 1034 events
Nelectrons      = 474 / 1034
Npassed_ElEta   = 474 / 1034
Nmuons          = 560 / 1034
NrelIsoFail     = 0 / 1034
Npassed_MuEta   = 560 / 1034
Npassed_nAK8Jets= 1034 / 1034
Npassed_Trigger = 1002 / 1034
Npassed_MET     = 834 / 1034
Npassed_lepPt   = 866 / 1034
Npassed_HT      = 1019 / 1034
npass_Njets     = 1030 / 1034
Npassed_ALL     = 691 / 1034

>> Running /isilon/hadoop/store/group/bruxljm/FWLJMET106XUL_singleLep2017UL_RunIISummer20_X53X53/PairVLQ_x53x53_tWtW_narrow_RH_M800_TuneCP5_13TeV-madgraph-pythia8/singleLep2017UL/230310_181414/0000/PairVLQ_x53x53_tWtW_narrow_RH_M800_TuneCP5_13TeV-madgraph-pythia8_83.root for shift: nominal
[step1.h] Opening file: /isilon/hadoop/store/group/bruxljm/FWLJMET106XUL_singleLep2017UL_RunIISummer20_X53X53/PairVLQ_x53x53_tWtW_narrow_RH_M800_TuneCP5_13TeV-madgraph-pythia8/singleLep2017UL/230310_181414/0000/PairVLQ_x53x53_tWtW_narrow_RH_M800_TuneCP5_13TeV-madgraph-pythia8_83.root
[step1.h] Finished initializing
RUN CONFIG: YEAR = 2017
Era = 
isMC = 1, isSig = 1, SigMass = 1
isHad =0, isSE =0, isSM =0
isTTTT = 0, isXX = 1, isTpTp = 0, isBpBp = 0
For W's: isTT = 0, isSTt = 0, isSTtW = 0
For jets & PDF: isTOP = 0, isMadgraphBkg = 1
For HOTTagger Efficiencies: isTTV = 0, isTTHbb = 0, isTTHnonbb = 0, isTTTX = 0
isTTVV = 0, isST = 0, isTTToSemiLeptonHT500Njet9 = 0
Pileup sample key: PairVLQ_x53x53_tWtW_narrow_RH_M800_TuneCP5_13TeV-madgraph-pythia8
b-tagging working points: 0.304(DeepJet)0.4506(DeepCSV)
isTTincMtt0to700: 0
isTTincMtt0to1000: 0
isTTincMtt700to1000: 0
isTTincMtt1000toInf: 0
isTTSemilepIncHT0Njet0: 0
isTTSemilepIncHT500Njet9: 0
outTTLF: 0
outTTCC: 0
outTTBB: 0
outTT1B: 0
outTT2B: 0
>> Completed 0 out of 1025 events
[INFO] Defaulting to central deepJet weight for: nominal
>> Completed 1000 out of 1025 events
Nelectrons      = 506 / 1025
Npassed_ElEta   = 506 / 1025
Nmuons          = 519 / 1025
NrelIsoFail     = 0 / 1025
Npassed_MuEta   = 519 / 1025
Npassed_nAK8Jets= 1025 / 1025
Npassed_Trigger = 997 / 1025
Npassed_MET     = 801 / 1025
Npassed_lepPt   = 860 / 1025
Npassed_HT      = 1012 / 1025
npass_Njets     = 1020 / 1025
Npassed_ALL     = 661 / 1025

>> Running /isilon/hadoop/store/group/bruxljm/FWLJMET106XUL_singleLep2017UL_RunIISummer20_X53X53/PairVLQ_x53x53_tWtW_narrow_RH_M800_TuneCP5_13TeV-madgraph-pythia8/singleLep2017UL/230310_181414/0000/PairVLQ_x53x53_tWtW_narrow_RH_M800_TuneCP5_13TeV-madgraph-pythia8_84.root for shift: nominal
[step1.h] Opening file: /isilon/hadoop/store/group/bruxljm/FWLJMET106XUL_singleLep2017UL_RunIISummer20_X53X53/PairVLQ_x53x53_tWtW_narrow_RH_M800_TuneCP5_13TeV-madgraph-pythia8/singleLep2017UL/230310_181414/0000/PairVLQ_x53x53_tWtW_narrow_RH_M800_TuneCP5_13TeV-madgraph-pythia8_84.root
[step1.h] Finished initializing
RUN CONFIG: YEAR = 2017
Era = 
isMC = 1, isSig = 1, SigMass = 1
isHad =0, isSE =0, isSM =0
isTTTT = 0, isXX = 1, isTpTp = 0, isBpBp = 0
For W's: isTT = 0, isSTt = 0, isSTtW = 0
For jets & PDF: isTOP = 0, isMadgraphBkg = 1
For HOTTagger Efficiencies: isTTV = 0, isTTHbb = 0, isTTHnonbb = 0, isTTTX = 0
isTTVV = 0, isST = 0, isTTToSemiLeptonHT500Njet9 = 0
Pileup sample key: PairVLQ_x53x53_tWtW_narrow_RH_M800_TuneCP5_13TeV-madgraph-pythia8
b-tagging working points: 0.304(DeepJet)0.4506(DeepCSV)
isTTincMtt0to700: 0
isTTincMtt0to1000: 0
isTTincMtt700to1000: 0
isTTincMtt1000toInf: 0
isTTSemilepIncHT0Njet0: 0
isTTSemilepIncHT500Njet9: 0
outTTLF: 0
outTTCC: 0
outTTBB: 0
outTT1B: 0
outTT2B: 0
>> Completed 0 out of 524 events
[INFO] Defaulting to central deepJet weight for: nominal
Nelectrons      = 236 / 524
Npassed_ElEta   = 236 / 524
Nmuons          = 288 / 524
NrelIsoFail     = 0 / 524
Npassed_MuEta   = 288 / 524
Npassed_nAK8Jets= 524 / 524
Npassed_Trigger = 499 / 524
Npassed_MET     = 419 / 524
Npassed_lepPt   = 444 / 524
Npassed_HT      = 516 / 524
npass_Njets     = 523 / 524
Npassed_ALL     = 352 / 524

>> Running /isilon/hadoop/store/group/bruxljm/FWLJMET106XUL_singleLep2017UL_RunIISummer20_X53X53/PairVLQ_x53x53_tWtW_narrow_RH_M800_TuneCP5_13TeV-madgraph-pythia8/singleLep2017UL/230310_181414/0000/PairVLQ_x53x53_tWtW_narrow_RH_M800_TuneCP5_13TeV-madgraph-pythia8_85.root for shift: nominal
[step1.h] Opening file: /isilon/hadoop/store/group/bruxljm/FWLJMET106XUL_singleLep2017UL_RunIISummer20_X53X53/PairVLQ_x53x53_tWtW_narrow_RH_M800_TuneCP5_13TeV-madgraph-pythia8/singleLep2017UL/230310_181414/0000/PairVLQ_x53x53_tWtW_narrow_RH_M800_TuneCP5_13TeV-madgraph-pythia8_85.root
[step1.h] Finished initializing
RUN CONFIG: YEAR = 2017
Era = 
isMC = 1, isSig = 1, SigMass = 1
isHad =0, isSE =0, isSM =0
isTTTT = 0, isXX = 1, isTpTp = 0, isBpBp = 0
For W's: isTT = 0, isSTt = 0, isSTtW = 0
For jets & PDF: isTOP = 0, isMadgraphBkg = 1
For HOTTagger Efficiencies: isTTV = 0, isTTHbb = 0, isTTHnonbb = 0, isTTTX = 0
isTTVV = 0, isST = 0, isTTToSemiLeptonHT500Njet9 = 0
Pileup sample key: PairVLQ_x53x53_tWtW_narrow_RH_M800_TuneCP5_13TeV-madgraph-pythia8
b-tagging working points: 0.304(DeepJet)0.4506(DeepCSV)
isTTincMtt0to700: 0
isTTincMtt0to1000: 0
isTTincMtt700to1000: 0
isTTincMtt1000toInf: 0
isTTSemilepIncHT0Njet0: 0
isTTSemilepIncHT500Njet9: 0
outTTLF: 0
outTTCC: 0
outTTBB: 0
outTT1B: 0
outTT2B: 0
>> Completed 0 out of 536 events
[INFO] Defaulting to central deepJet weight for: nominal
Nelectrons      = 231 / 536
Npassed_ElEta   = 231 / 536
Nmuons          = 305 / 536
NrelIsoFail     = 0 / 536
Npassed_MuEta   = 305 / 536
Npassed_nAK8Jets= 536 / 536
Npassed_Trigger = 515 / 536
Npassed_MET     = 435 / 536
Npassed_lepPt   = 453 / 536
Npassed_HT      = 532 / 536
npass_Njets     = 536 / 536
Npassed_ALL     = 367 / 536

>> Running /isilon/hadoop/store/group/bruxljm/FWLJMET106XUL_singleLep2017UL_RunIISummer20_X53X53/PairVLQ_x53x53_tWtW_narrow_RH_M800_TuneCP5_13TeV-madgraph-pythia8/singleLep2017UL/230310_181414/0000/PairVLQ_x53x53_tWtW_narrow_RH_M800_TuneCP5_13TeV-madgraph-pythia8_86.root for shift: nominal
[step1.h] Opening file: /isilon/hadoop/store/group/bruxljm/FWLJMET106XUL_singleLep2017UL_RunIISummer20_X53X53/PairVLQ_x53x53_tWtW_narrow_RH_M800_TuneCP5_13TeV-madgraph-pythia8/singleLep2017UL/230310_181414/0000/PairVLQ_x53x53_tWtW_narrow_RH_M800_TuneCP5_13TeV-madgraph-pythia8_86.root
[step1.h] Finished initializing
RUN CONFIG: YEAR = 2017
Era = 
isMC = 1, isSig = 1, SigMass = 1
isHad =0, isSE =0, isSM =0
isTTTT = 0, isXX = 1, isTpTp = 0, isBpBp = 0
For W's: isTT = 0, isSTt = 0, isSTtW = 0
For jets & PDF: isTOP = 0, isMadgraphBkg = 1
For HOTTagger Efficiencies: isTTV = 0, isTTHbb = 0, isTTHnonbb = 0, isTTTX = 0
isTTVV = 0, isST = 0, isTTToSemiLeptonHT500Njet9 = 0
Pileup sample key: PairVLQ_x53x53_tWtW_narrow_RH_M800_TuneCP5_13TeV-madgraph-pythia8
b-tagging working points: 0.304(DeepJet)0.4506(DeepCSV)
isTTincMtt0to700: 0
isTTincMtt0to1000: 0
isTTincMtt700to1000: 0
isTTincMtt1000toInf: 0
isTTSemilepIncHT0Njet0: 0
isTTSemilepIncHT500Njet9: 0
outTTLF: 0
outTTCC: 0
outTTBB: 0
outTT1B: 0
outTT2B: 0
>> Completed 0 out of 1064 events
[INFO] Defaulting to central deepJet weight for: nominal
>> Completed 1000 out of 1064 events
Nelectrons      = 524 / 1064
Npassed_ElEta   = 524 / 1064
Nmuons          = 540 / 1064
NrelIsoFail     = 0 / 1064
Npassed_MuEta   = 540 / 1064
Npassed_nAK8Jets= 1064 / 1064
Npassed_Trigger = 1032 / 1064
Npassed_MET     = 835 / 1064
Npassed_lepPt   = 899 / 1064
Npassed_HT      = 1049 / 1064
npass_Njets     = 1060 / 1064
Npassed_ALL     = 690 / 1064

>> Running /isilon/hadoop/store/group/bruxljm/FWLJMET106XUL_singleLep2017UL_RunIISummer20_X53X53/PairVLQ_x53x53_tWtW_narrow_RH_M800_TuneCP5_13TeV-madgraph-pythia8/singleLep2017UL/230310_181414/0000/PairVLQ_x53x53_tWtW_narrow_RH_M800_TuneCP5_13TeV-madgraph-pythia8_87.root for shift: nominal
[step1.h] Opening file: /isilon/hadoop/store/group/bruxljm/FWLJMET106XUL_singleLep2017UL_RunIISummer20_X53X53/PairVLQ_x53x53_tWtW_narrow_RH_M800_TuneCP5_13TeV-madgraph-pythia8/singleLep2017UL/230310_181414/0000/PairVLQ_x53x53_tWtW_narrow_RH_M800_TuneCP5_13TeV-madgraph-pythia8_87.root
[step1.h] Finished initializing
RUN CONFIG: YEAR = 2017
Era = 
isMC = 1, isSig = 1, SigMass = 1
isHad =0, isSE =0, isSM =0
isTTTT = 0, isXX = 1, isTpTp = 0, isBpBp = 0
For W's: isTT = 0, isSTt = 0, isSTtW = 0
For jets & PDF: isTOP = 0, isMadgraphBkg = 1
For HOTTagger Efficiencies: isTTV = 0, isTTHbb = 0, isTTHnonbb = 0, isTTTX = 0
isTTVV = 0, isST = 0, isTTToSemiLeptonHT500Njet9 = 0
Pileup sample key: PairVLQ_x53x53_tWtW_narrow_RH_M800_TuneCP5_13TeV-madgraph-pythia8
b-tagging working points: 0.304(DeepJet)0.4506(DeepCSV)
isTTincMtt0to700: 0
isTTincMtt0to1000: 0
isTTincMtt700to1000: 0
isTTincMtt1000toInf: 0
isTTSemilepIncHT0Njet0: 0
isTTSemilepIncHT500Njet9: 0
outTTLF: 0
outTTCC: 0
outTTBB: 0
outTT1B: 0
outTT2B: 0
>> Completed 0 out of 1021 events
>> Completed 1000 out of 1021 events
Nelectrons      = 478 / 1021
Npassed_ElEta   = 478 / 1021
Nmuons          = 543 / 1021
NrelIsoFail     = 0 / 1021
Npassed_MuEta   = 543 / 1021
Npassed_nAK8Jets= 1021 / 1021
Npassed_Trigger = 970 / 1021
Npassed_MET     = 800 / 1021
Npassed_lepPt   = 868 / 1021
Npassed_HT      = 1012 / 1021
npass_Njets     = 1016 / 1021
Npassed_ALL     = 666 / 1021

>> Running /isilon/hadoop/store/group/bruxljm/FWLJMET106XUL_singleLep2017UL_RunIISummer20_X53X53/PairVLQ_x53x53_tWtW_narrow_RH_M800_TuneCP5_13TeV-madgraph-pythia8/singleLep2017UL/230310_181414/0000/PairVLQ_x53x53_tWtW_narrow_RH_M800_TuneCP5_13TeV-madgraph-pythia8_88.root for shift: nominal
[step1.h] Opening file: /isilon/hadoop/store/group/bruxljm/FWLJMET106XUL_singleLep2017UL_RunIISummer20_X53X53/PairVLQ_x53x53_tWtW_narrow_RH_M800_TuneCP5_13TeV-madgraph-pythia8/singleLep2017UL/230310_181414/0000/PairVLQ_x53x53_tWtW_narrow_RH_M800_TuneCP5_13TeV-madgraph-pythia8_88.root
[step1.h] Finished initializing
RUN CONFIG: YEAR = 2017
Era = 
isMC = 1, isSig = 1, SigMass = 1
isHad =0, isSE =0, isSM =0
isTTTT = 0, isXX = 1, isTpTp = 0, isBpBp = 0
For W's: isTT = 0, isSTt = 0, isSTtW = 0
For jets & PDF: isTOP = 0, isMadgraphBkg = 1
For HOTTagger Efficiencies: isTTV = 0, isTTHbb = 0, isTTHnonbb = 0, isTTTX = 0
isTTVV = 0, isST = 0, isTTToSemiLeptonHT500Njet9 = 0
Pileup sample key: PairVLQ_x53x53_tWtW_narrow_RH_M800_TuneCP5_13TeV-madgraph-pythia8
b-tagging working points: 0.304(DeepJet)0.4506(DeepCSV)
isTTincMtt0to700: 0
isTTincMtt0to1000: 0
isTTincMtt700to1000: 0
isTTincMtt1000toInf: 0
isTTSemilepIncHT0Njet0: 0
isTTSemilepIncHT500Njet9: 0
outTTLF: 0
outTTCC: 0
outTTBB: 0
outTT1B: 0
outTT2B: 0
>> Completed 0 out of 1006 events
[INFO] Defaulting to central deepJet weight for: nominal
>> Completed 1000 out of 1006 events
Nelectrons      = 460 / 1006
Npassed_ElEta   = 460 / 1006
Nmuons          = 546 / 1006
NrelIsoFail     = 0 / 1006
Npassed_MuEta   = 546 / 1006
Npassed_nAK8Jets= 1006 / 1006
Npassed_Trigger = 978 / 1006
Npassed_MET     = 803 / 1006
Npassed_lepPt   = 851 / 1006
Npassed_HT      = 994 / 1006
npass_Njets     = 1005 / 1006
Npassed_ALL     = 672 / 1006

>> Running /isilon/hadoop/store/group/bruxljm/FWLJMET106XUL_singleLep2017UL_RunIISummer20_X53X53/PairVLQ_x53x53_tWtW_narrow_RH_M800_TuneCP5_13TeV-madgraph-pythia8/singleLep2017UL/230310_181414/0000/PairVLQ_x53x53_tWtW_narrow_RH_M800_TuneCP5_13TeV-madgraph-pythia8_89.root for shift: nominal
[step1.h] Opening file: /isilon/hadoop/store/group/bruxljm/FWLJMET106XUL_singleLep2017UL_RunIISummer20_X53X53/PairVLQ_x53x53_tWtW_narrow_RH_M800_TuneCP5_13TeV-madgraph-pythia8/singleLep2017UL/230310_181414/0000/PairVLQ_x53x53_tWtW_narrow_RH_M800_TuneCP5_13TeV-madgraph-pythia8_89.root
[step1.h] Finished initializing
RUN CONFIG: YEAR = 2017
Era = 
isMC = 1, isSig = 1, SigMass = 1
isHad =0, isSE =0, isSM =0
isTTTT = 0, isXX = 1, isTpTp = 0, isBpBp = 0
For W's: isTT = 0, isSTt = 0, isSTtW = 0
For jets & PDF: isTOP = 0, isMadgraphBkg = 1
For HOTTagger Efficiencies: isTTV = 0, isTTHbb = 0, isTTHnonbb = 0, isTTTX = 0
isTTVV = 0, isST = 0, isTTToSemiLeptonHT500Njet9 = 0
Pileup sample key: PairVLQ_x53x53_tWtW_narrow_RH_M800_TuneCP5_13TeV-madgraph-pythia8
b-tagging working points: 0.304(DeepJet)0.4506(DeepCSV)
isTTincMtt0to700: 0
isTTincMtt0to1000: 0
isTTincMtt700to1000: 0
isTTincMtt1000toInf: 0
isTTSemilepIncHT0Njet0: 0
isTTSemilepIncHT500Njet9: 0
outTTLF: 0
outTTCC: 0
outTTBB: 0
outTT1B: 0
outTT2B: 0
>> Completed 0 out of 1048 events
[INFO] Defaulting to central deepJet weight for: nominal
>> Completed 1000 out of 1048 events
Nelectrons      = 491 / 1048
Npassed_ElEta   = 491 / 1048
Nmuons          = 557 / 1048
NrelIsoFail     = 0 / 1048
Npassed_MuEta   = 557 / 1048
Npassed_nAK8Jets= 1048 / 1048
Npassed_Trigger = 1005 / 1048
Npassed_MET     = 828 / 1048
Npassed_lepPt   = 868 / 1048
Npassed_HT      = 1035 / 1048
npass_Njets     = 1045 / 1048
Npassed_ALL     = 677 / 1048

>> Running /isilon/hadoop/store/group/bruxljm/FWLJMET106XUL_singleLep2017UL_RunIISummer20_X53X53/PairVLQ_x53x53_tWtW_narrow_RH_M800_TuneCP5_13TeV-madgraph-pythia8/singleLep2017UL/230310_181414/0000/PairVLQ_x53x53_tWtW_narrow_RH_M800_TuneCP5_13TeV-madgraph-pythia8_9.root for shift: nominal
[step1.h] Opening file: /isilon/hadoop/store/group/bruxljm/FWLJMET106XUL_singleLep2017UL_RunIISummer20_X53X53/PairVLQ_x53x53_tWtW_narrow_RH_M800_TuneCP5_13TeV-madgraph-pythia8/singleLep2017UL/230310_181414/0000/PairVLQ_x53x53_tWtW_narrow_RH_M800_TuneCP5_13TeV-madgraph-pythia8_9.root
[step1.h] Finished initializing
RUN CONFIG: YEAR = 2017
Era = 
isMC = 1, isSig = 1, SigMass = 1
isHad =0, isSE =0, isSM =0
isTTTT = 0, isXX = 1, isTpTp = 0, isBpBp = 0
For W's: isTT = 0, isSTt = 0, isSTtW = 0
For jets & PDF: isTOP = 0, isMadgraphBkg = 1
For HOTTagger Efficiencies: isTTV = 0, isTTHbb = 0, isTTHnonbb = 0, isTTTX = 0
isTTVV = 0, isST = 0, isTTToSemiLeptonHT500Njet9 = 0
Pileup sample key: PairVLQ_x53x53_tWtW_narrow_RH_M800_TuneCP5_13TeV-madgraph-pythia8
b-tagging working points: 0.304(DeepJet)0.4506(DeepCSV)
isTTincMtt0to700: 0
isTTincMtt0to1000: 0
isTTincMtt700to1000: 0
isTTincMtt1000toInf: 0
isTTSemilepIncHT0Njet0: 0
isTTSemilepIncHT500Njet9: 0
outTTLF: 0
outTTCC: 0
outTTBB: 0
outTT1B: 0
outTT2B: 0
>> Completed 0 out of 1042 events
[INFO] Defaulting to central deepJet weight for: nominal
>> Completed 1000 out of 1042 events
Nelectrons      = 481 / 1042
Npassed_ElEta   = 481 / 1042
Nmuons          = 561 / 1042
NrelIsoFail     = 0 / 1042
Npassed_MuEta   = 561 / 1042
Npassed_nAK8Jets= 1042 / 1042
Npassed_Trigger = 1011 / 1042
Npassed_MET     = 831 / 1042
Npassed_lepPt   = 877 / 1042
Npassed_HT      = 1028 / 1042
npass_Njets     = 1036 / 1042
Npassed_ALL     = 678 / 1042

>> Running /isilon/hadoop/store/group/bruxljm/FWLJMET106XUL_singleLep2017UL_RunIISummer20_X53X53/PairVLQ_x53x53_tWtW_narrow_RH_M800_TuneCP5_13TeV-madgraph-pythia8/singleLep2017UL/230310_181414/0000/PairVLQ_x53x53_tWtW_narrow_RH_M800_TuneCP5_13TeV-madgraph-pythia8_90.root for shift: nominal
[step1.h] Opening file: /isilon/hadoop/store/group/bruxljm/FWLJMET106XUL_singleLep2017UL_RunIISummer20_X53X53/PairVLQ_x53x53_tWtW_narrow_RH_M800_TuneCP5_13TeV-madgraph-pythia8/singleLep2017UL/230310_181414/0000/PairVLQ_x53x53_tWtW_narrow_RH_M800_TuneCP5_13TeV-madgraph-pythia8_90.root
[step1.h] Finished initializing
RUN CONFIG: YEAR = 2017
Era = 
isMC = 1, isSig = 1, SigMass = 1
isHad =0, isSE =0, isSM =0
isTTTT = 0, isXX = 1, isTpTp = 0, isBpBp = 0
For W's: isTT = 0, isSTt = 0, isSTtW = 0
For jets & PDF: isTOP = 0, isMadgraphBkg = 1
For HOTTagger Efficiencies: isTTV = 0, isTTHbb = 0, isTTHnonbb = 0, isTTTX = 0
isTTVV = 0, isST = 0, isTTToSemiLeptonHT500Njet9 = 0
Pileup sample key: PairVLQ_x53x53_tWtW_narrow_RH_M800_TuneCP5_13TeV-madgraph-pythia8
b-tagging working points: 0.304(DeepJet)0.4506(DeepCSV)
isTTincMtt0to700: 0
isTTincMtt0to1000: 0
isTTincMtt700to1000: 0
isTTincMtt1000toInf: 0
isTTSemilepIncHT0Njet0: 0
isTTSemilepIncHT500Njet9: 0
outTTLF: 0
outTTCC: 0
outTTBB: 0
outTT1B: 0
outTT2B: 0
>> Completed 0 out of 1034 events
[INFO] Defaulting to central deepJet weight for: nominal
>> Completed 1000 out of 1034 events
Nelectrons      = 479 / 1034
Npassed_ElEta   = 479 / 1034
Nmuons          = 555 / 1034
NrelIsoFail     = 0 / 1034
Npassed_MuEta   = 555 / 1034
Npassed_nAK8Jets= 1034 / 1034
Npassed_Trigger = 996 / 1034
Npassed_MET     = 821 / 1034
Npassed_lepPt   = 853 / 1034
Npassed_HT      = 1020 / 1034
npass_Njets     = 1031 / 1034
Npassed_ALL     = 658 / 1034

>> Running /isilon/hadoop/store/group/bruxljm/FWLJMET106XUL_singleLep2017UL_RunIISummer20_X53X53/PairVLQ_x53x53_tWtW_narrow_RH_M800_TuneCP5_13TeV-madgraph-pythia8/singleLep2017UL/230310_181414/0000/PairVLQ_x53x53_tWtW_narrow_RH_M800_TuneCP5_13TeV-madgraph-pythia8_91.root for shift: nominal
[step1.h] Opening file: /isilon/hadoop/store/group/bruxljm/FWLJMET106XUL_singleLep2017UL_RunIISummer20_X53X53/PairVLQ_x53x53_tWtW_narrow_RH_M800_TuneCP5_13TeV-madgraph-pythia8/singleLep2017UL/230310_181414/0000/PairVLQ_x53x53_tWtW_narrow_RH_M800_TuneCP5_13TeV-madgraph-pythia8_91.root
[step1.h] Finished initializing
RUN CONFIG: YEAR = 2017
Era = 
isMC = 1, isSig = 1, SigMass = 1
isHad =0, isSE =0, isSM =0
isTTTT = 0, isXX = 1, isTpTp = 0, isBpBp = 0
For W's: isTT = 0, isSTt = 0, isSTtW = 0
For jets & PDF: isTOP = 0, isMadgraphBkg = 1
For HOTTagger Efficiencies: isTTV = 0, isTTHbb = 0, isTTHnonbb = 0, isTTTX = 0
isTTVV = 0, isST = 0, isTTToSemiLeptonHT500Njet9 = 0
Pileup sample key: PairVLQ_x53x53_tWtW_narrow_RH_M800_TuneCP5_13TeV-madgraph-pythia8
b-tagging working points: 0.304(DeepJet)0.4506(DeepCSV)
isTTincMtt0to700: 0
isTTincMtt0to1000: 0
isTTincMtt700to1000: 0
isTTincMtt1000toInf: 0
isTTSemilepIncHT0Njet0: 0
isTTSemilepIncHT500Njet9: 0
outTTLF: 0
outTTCC: 0
outTTBB: 0
outTT1B: 0
outTT2B: 0
>> Completed 0 out of 1015 events
[INFO] Defaulting to central deepJet weight for: nominal
>> Completed 1000 out of 1015 events
Nelectrons      = 464 / 1015
Npassed_ElEta   = 464 / 1015
Nmuons          = 551 / 1015
NrelIsoFail     = 0 / 1015
Npassed_MuEta   = 551 / 1015
Npassed_nAK8Jets= 1015 / 1015
Npassed_Trigger = 975 / 1015
Npassed_MET     = 795 / 1015
Npassed_lepPt   = 843 / 1015
Npassed_HT      = 1003 / 1015
npass_Njets     = 1013 / 1015
Npassed_ALL     = 650 / 1015

>> Running /isilon/hadoop/store/group/bruxljm/FWLJMET106XUL_singleLep2017UL_RunIISummer20_X53X53/PairVLQ_x53x53_tWtW_narrow_RH_M800_TuneCP5_13TeV-madgraph-pythia8/singleLep2017UL/230310_181414/0000/PairVLQ_x53x53_tWtW_narrow_RH_M800_TuneCP5_13TeV-madgraph-pythia8_92.root for shift: nominal
[step1.h] Opening file: /isilon/hadoop/store/group/bruxljm/FWLJMET106XUL_singleLep2017UL_RunIISummer20_X53X53/PairVLQ_x53x53_tWtW_narrow_RH_M800_TuneCP5_13TeV-madgraph-pythia8/singleLep2017UL/230310_181414/0000/PairVLQ_x53x53_tWtW_narrow_RH_M800_TuneCP5_13TeV-madgraph-pythia8_92.root
[step1.h] Finished initializing
RUN CONFIG: YEAR = 2017
Era = 
isMC = 1, isSig = 1, SigMass = 1
isHad =0, isSE =0, isSM =0
isTTTT = 0, isXX = 1, isTpTp = 0, isBpBp = 0
For W's: isTT = 0, isSTt = 0, isSTtW = 0
For jets & PDF: isTOP = 0, isMadgraphBkg = 1
For HOTTagger Efficiencies: isTTV = 0, isTTHbb = 0, isTTHnonbb = 0, isTTTX = 0
isTTVV = 0, isST = 0, isTTToSemiLeptonHT500Njet9 = 0
Pileup sample key: PairVLQ_x53x53_tWtW_narrow_RH_M800_TuneCP5_13TeV-madgraph-pythia8
b-tagging working points: 0.304(DeepJet)0.4506(DeepCSV)
isTTincMtt0to700: 0
isTTincMtt0to1000: 0
isTTincMtt700to1000: 0
isTTincMtt1000toInf: 0
isTTSemilepIncHT0Njet0: 0
isTTSemilepIncHT500Njet9: 0
outTTLF: 0
outTTCC: 0
outTTBB: 0
outTT1B: 0
outTT2B: 0
>> Completed 0 out of 493 events
[INFO] Defaulting to central deepJet weight for: nominal
Nelectrons      = 232 / 493
Npassed_ElEta   = 232 / 493
Nmuons          = 261 / 493
NrelIsoFail     = 0 / 493
Npassed_MuEta   = 261 / 493
Npassed_nAK8Jets= 493 / 493
Npassed_Trigger = 473 / 493
Npassed_MET     = 401 / 493
Npassed_lepPt   = 416 / 493
Npassed_HT      = 488 / 493
npass_Njets     = 493 / 493
Npassed_ALL     = 334 / 493
>> Available ROOT Files:
-rw-r--r-- 1 fsimpson gridusers 2486459 Apr 24 09:18 PairVLQ_x53x53_tWtW_narrow_RH_M800_TuneCP5_13TeV-madgraph-pythia8_66nominal.root
-rw-r--r-- 1 fsimpson gridusers 2288208 Apr 24 09:18 PairVLQ_x53x53_tWtW_narrow_RH_M800_TuneCP5_13TeV-madgraph-pythia8_67nominal.root
-rw-r--r-- 1 fsimpson gridusers 2434594 Apr 24 09:18 PairVLQ_x53x53_tWtW_narrow_RH_M800_TuneCP5_13TeV-madgraph-pythia8_68nominal.root
-rw-r--r-- 1 fsimpson gridusers 2350499 Apr 24 09:18 PairVLQ_x53x53_tWtW_narrow_RH_M800_TuneCP5_13TeV-madgraph-pythia8_69nominal.root
-rw-r--r-- 1 fsimpson gridusers 1261910 Apr 24 09:18 PairVLQ_x53x53_tWtW_narrow_RH_M800_TuneCP5_13TeV-madgraph-pythia8_70nominal.root
-rw-r--r-- 1 fsimpson gridusers 2276928 Apr 24 09:18 PairVLQ_x53x53_tWtW_narrow_RH_M800_TuneCP5_13TeV-madgraph-pythia8_71nominal.root
-rw-r--r-- 1 fsimpson gridusers 2262040 Apr 24 09:18 PairVLQ_x53x53_tWtW_narrow_RH_M800_TuneCP5_13TeV-madgraph-pythia8_72nominal.root
-rw-r--r-- 1 fsimpson gridusers 2615504 Apr 24 09:18 PairVLQ_x53x53_tWtW_narrow_RH_M800_TuneCP5_13TeV-madgraph-pythia8_73nominal.root
-rw-r--r-- 1 fsimpson gridusers 1179238 Apr 24 09:18 PairVLQ_x53x53_tWtW_narrow_RH_M800_TuneCP5_13TeV-madgraph-pythia8_74nominal.root
-rw-r--r-- 1 fsimpson gridusers 2314019 Apr 24 09:18 PairVLQ_x53x53_tWtW_narrow_RH_M800_TuneCP5_13TeV-madgraph-pythia8_75nominal.root
-rw-r--r-- 1 fsimpson gridusers 2366000 Apr 24 09:18 PairVLQ_x53x53_tWtW_narrow_RH_M800_TuneCP5_13TeV-madgraph-pythia8_76nominal.root
-rw-r--r-- 1 fsimpson gridusers 2483780 Apr 24 09:18 PairVLQ_x53x53_tWtW_narrow_RH_M800_TuneCP5_13TeV-madgraph-pythia8_77nominal.root
-rw-r--r-- 1 fsimpson gridusers 1296596 Apr 24 09:18 PairVLQ_x53x53_tWtW_narrow_RH_M800_TuneCP5_13TeV-madgraph-pythia8_78nominal.root
-rw-r--r-- 1 fsimpson gridusers 2333882 Apr 24 09:18 PairVLQ_x53x53_tWtW_narrow_RH_M800_TuneCP5_13TeV-madgraph-pythia8_79nominal.root
-rw-r--r-- 1 fsimpson gridusers 2466195 Apr 24 09:18 PairVLQ_x53x53_tWtW_narrow_RH_M800_TuneCP5_13TeV-madgraph-pythia8_7nominal.root
-rw-r--r-- 1 fsimpson gridusers 1173139 Apr 24 09:18 PairVLQ_x53x53_tWtW_narrow_RH_M800_TuneCP5_13TeV-madgraph-pythia8_80nominal.root
-rw-r--r-- 1 fsimpson gridusers 2481323 Apr 24 09:18 PairVLQ_x53x53_tWtW_narrow_RH_M800_TuneCP5_13TeV-madgraph-pythia8_81nominal.root
-rw-r--r-- 1 fsimpson gridusers 2412471 Apr 24 09:18 PairVLQ_x53x53_tWtW_narrow_RH_M800_TuneCP5_13TeV-madgraph-pythia8_82nominal.root
-rw-r--r-- 1 fsimpson gridusers 2308613 Apr 24 09:18 PairVLQ_x53x53_tWtW_narrow_RH_M800_TuneCP5_13TeV-madgraph-pythia8_83nominal.root
-rw-r--r-- 1 fsimpson gridusers 1274212 Apr 24 09:18 PairVLQ_x53x53_tWtW_narrow_RH_M800_TuneCP5_13TeV-madgraph-pythia8_84nominal.root
-rw-r--r-- 1 fsimpson gridusers 1322760 Apr 24 09:18 PairVLQ_x53x53_tWtW_narrow_RH_M800_TuneCP5_13TeV-madgraph-pythia8_85nominal.root
-rw-r--r-- 1 fsimpson gridusers 2423794 Apr 24 09:18 PairVLQ_x53x53_tWtW_narrow_RH_M800_TuneCP5_13TeV-madgraph-pythia8_86nominal.root
-rw-r--r-- 1 fsimpson gridusers 2401600 Apr 24 09:18 PairVLQ_x53x53_tWtW_narrow_RH_M800_TuneCP5_13TeV-madgraph-pythia8_87nominal.root
-rw-r--r-- 1 fsimpson gridusers 2388710 Apr 24 09:18 PairVLQ_x53x53_tWtW_narrow_RH_M800_TuneCP5_13TeV-madgraph-pythia8_88nominal.root
-rw-r--r-- 1 fsimpson gridusers 2323240 Apr 24 09:18 PairVLQ_x53x53_tWtW_narrow_RH_M800_TuneCP5_13TeV-madgraph-pythia8_89nominal.root
-rw-r--r-- 1 fsimpson gridusers 2359508 Apr 24 09:18 PairVLQ_x53x53_tWtW_narrow_RH_M800_TuneCP5_13TeV-madgraph-pythia8_8nominal.root
-rw-r--r-- 1 fsimpson gridusers 2291022 Apr 24 09:18 PairVLQ_x53x53_tWtW_narrow_RH_M800_TuneCP5_13TeV-madgraph-pythia8_90nominal.root
-rw-r--r-- 1 fsimpson gridusers 2257910 Apr 24 09:18 PairVLQ_x53x53_tWtW_narrow_RH_M800_TuneCP5_13TeV-madgraph-pythia8_91nominal.root
-rw-r--r-- 1 fsimpson gridusers 1198865 Apr 24 09:18 PairVLQ_x53x53_tWtW_narrow_RH_M800_TuneCP5_13TeV-madgraph-pythia8_92nominal.root
-rw-r--r-- 1 fsimpson gridusers 2354117 Apr 24 09:18 PairVLQ_x53x53_tWtW_narrow_RH_M800_TuneCP5_13TeV-madgraph-pythia8_9nominal.root
>> xrdcp output for condor
hadd Target file: PairVLQ_x53x53_tWtW_narrow_RH_M800_TuneCP5_13TeV-madgraph-pythia8_5nominal_hadd.root
hadd compression setting for all ouput: 1
hadd Source file 1: PairVLQ_x53x53_tWtW_narrow_RH_M800_TuneCP5_13TeV-madgraph-pythia8_66nominal.root
hadd Source file 2: PairVLQ_x53x53_tWtW_narrow_RH_M800_TuneCP5_13TeV-madgraph-pythia8_67nominal.root
hadd Source file 3: PairVLQ_x53x53_tWtW_narrow_RH_M800_TuneCP5_13TeV-madgraph-pythia8_68nominal.root
hadd Source file 4: PairVLQ_x53x53_tWtW_narrow_RH_M800_TuneCP5_13TeV-madgraph-pythia8_69nominal.root
hadd Source file 5: PairVLQ_x53x53_tWtW_narrow_RH_M800_TuneCP5_13TeV-madgraph-pythia8_70nominal.root
hadd Source file 6: PairVLQ_x53x53_tWtW_narrow_RH_M800_TuneCP5_13TeV-madgraph-pythia8_71nominal.root
hadd Source file 7: PairVLQ_x53x53_tWtW_narrow_RH_M800_TuneCP5_13TeV-madgraph-pythia8_72nominal.root
hadd Source file 8: PairVLQ_x53x53_tWtW_narrow_RH_M800_TuneCP5_13TeV-madgraph-pythia8_73nominal.root
hadd Source file 9: PairVLQ_x53x53_tWtW_narrow_RH_M800_TuneCP5_13TeV-madgraph-pythia8_74nominal.root
hadd Source file 10: PairVLQ_x53x53_tWtW_narrow_RH_M800_TuneCP5_13TeV-madgraph-pythia8_75nominal.root
hadd Source file 11: PairVLQ_x53x53_tWtW_narrow_RH_M800_TuneCP5_13TeV-madgraph-pythia8_76nominal.root
hadd Source file 12: PairVLQ_x53x53_tWtW_narrow_RH_M800_TuneCP5_13TeV-madgraph-pythia8_77nominal.root
hadd Source file 13: PairVLQ_x53x53_tWtW_narrow_RH_M800_TuneCP5_13TeV-madgraph-pythia8_78nominal.root
hadd Source file 14: PairVLQ_x53x53_tWtW_narrow_RH_M800_TuneCP5_13TeV-madgraph-pythia8_79nominal.root
hadd Source file 15: PairVLQ_x53x53_tWtW_narrow_RH_M800_TuneCP5_13TeV-madgraph-pythia8_7nominal.root
hadd Source file 16: PairVLQ_x53x53_tWtW_narrow_RH_M800_TuneCP5_13TeV-madgraph-pythia8_80nominal.root
hadd Source file 17: PairVLQ_x53x53_tWtW_narrow_RH_M800_TuneCP5_13TeV-madgraph-pythia8_81nominal.root
hadd Source file 18: PairVLQ_x53x53_tWtW_narrow_RH_M800_TuneCP5_13TeV-madgraph-pythia8_82nominal.root
hadd Source file 19: PairVLQ_x53x53_tWtW_narrow_RH_M800_TuneCP5_13TeV-madgraph-pythia8_83nominal.root
hadd Source file 20: PairVLQ_x53x53_tWtW_narrow_RH_M800_TuneCP5_13TeV-madgraph-pythia8_84nominal.root
hadd Source file 21: PairVLQ_x53x53_tWtW_narrow_RH_M800_TuneCP5_13TeV-madgraph-pythia8_85nominal.root
hadd Source file 22: PairVLQ_x53x53_tWtW_narrow_RH_M800_TuneCP5_13TeV-madgraph-pythia8_86nominal.root
hadd Source file 23: PairVLQ_x53x53_tWtW_narrow_RH_M800_TuneCP5_13TeV-madgraph-pythia8_87nominal.root
hadd Source file 24: PairVLQ_x53x53_tWtW_narrow_RH_M800_TuneCP5_13TeV-madgraph-pythia8_88nominal.root
hadd Source file 25: PairVLQ_x53x53_tWtW_narrow_RH_M800_TuneCP5_13TeV-madgraph-pythia8_89nominal.root
hadd Source file 26: PairVLQ_x53x53_tWtW_narrow_RH_M800_TuneCP5_13TeV-madgraph-pythia8_8nominal.root
hadd Source file 27: PairVLQ_x53x53_tWtW_narrow_RH_M800_TuneCP5_13TeV-madgraph-pythia8_90nominal.root
hadd Source file 28: PairVLQ_x53x53_tWtW_narrow_RH_M800_TuneCP5_13TeV-madgraph-pythia8_91nominal.root
hadd Source file 29: PairVLQ_x53x53_tWtW_narrow_RH_M800_TuneCP5_13TeV-madgraph-pythia8_92nominal.root
hadd Source file 30: PairVLQ_x53x53_tWtW_narrow_RH_M800_TuneCP5_13TeV-madgraph-pythia8_9nominal.root
hadd Target path: PairVLQ_x53x53_tWtW_narrow_RH_M800_TuneCP5_13TeV-madgraph-pythia8_5nominal_hadd.root:/
>> mv PairVLQ_x53x53_tWtW_narrow_RH_M800_TuneCP5_13TeV-madgraph-pythia8_5nominal_hadd.root /isilon/hadoop/store/group/bruxljm/FWLJMET106XUL_singleLep2017UL_RunIISummer20_X53X53_step1/nominal/PairVLQ_x53x53_tWtW_narrow_RH_M800_TuneCP5_13TeV-madgraph-pythia8/PairVLQ_x53x53_tWtW_narrow_RH_M800_TuneCP5_13TeV-madgraph-pythia8_5.root
[DONE]
