/isilon/condor/hep107.hep.brown.edu/execute/dir_246075
>> Setting macroDir to PWD

Processing compile_step1.C...
>> Running on BRUX, PairVLQ_x53x53_tWtW_narrow_RH_M700_TuneCP5_13TeV-madgraph-pythia8 stored on BRUX
>> Input file path: /isilon/hadoop/store/group/bruxljm/FWLJMET106XUL_singleLep2017UL_RunIISummer20_X53X53/PairVLQ_x53x53_tWtW_narrow_RH_M700_TuneCP5_13TeV-madgraph-pythia8/singleLep2017UL/230310_182013/0000
>> Running step1 over list: 40 41 42 43 44 45 46 47 48 49 5 50 51 52 53 54 55 56 57 58 59 6 60 61 62 63 64 65 66 67
>> Adding PairVLQ_x53x53_tWtW_narrow_RH_M700_TuneCP5_13TeV-madgraph-pythia8_40.root to the list by reading PairVLQ_x53x53_tWtW_narrow_RH_M700_TuneCP5_13TeV-madgraph-pythia8_40
>> Adding PairVLQ_x53x53_tWtW_narrow_RH_M700_TuneCP5_13TeV-madgraph-pythia8_41.root to the list by reading PairVLQ_x53x53_tWtW_narrow_RH_M700_TuneCP5_13TeV-madgraph-pythia8_41
>> Adding PairVLQ_x53x53_tWtW_narrow_RH_M700_TuneCP5_13TeV-madgraph-pythia8_42.root to the list by reading PairVLQ_x53x53_tWtW_narrow_RH_M700_TuneCP5_13TeV-madgraph-pythia8_42
>> Adding PairVLQ_x53x53_tWtW_narrow_RH_M700_TuneCP5_13TeV-madgraph-pythia8_43.root to the list by reading PairVLQ_x53x53_tWtW_narrow_RH_M700_TuneCP5_13TeV-madgraph-pythia8_43
>> Adding PairVLQ_x53x53_tWtW_narrow_RH_M700_TuneCP5_13TeV-madgraph-pythia8_44.root to the list by reading PairVLQ_x53x53_tWtW_narrow_RH_M700_TuneCP5_13TeV-madgraph-pythia8_44
>> Adding PairVLQ_x53x53_tWtW_narrow_RH_M700_TuneCP5_13TeV-madgraph-pythia8_45.root to the list by reading PairVLQ_x53x53_tWtW_narrow_RH_M700_TuneCP5_13TeV-madgraph-pythia8_45
>> Adding PairVLQ_x53x53_tWtW_narrow_RH_M700_TuneCP5_13TeV-madgraph-pythia8_46.root to the list by reading PairVLQ_x53x53_tWtW_narrow_RH_M700_TuneCP5_13TeV-madgraph-pythia8_46
>> Adding PairVLQ_x53x53_tWtW_narrow_RH_M700_TuneCP5_13TeV-madgraph-pythia8_47.root to the list by reading PairVLQ_x53x53_tWtW_narrow_RH_M700_TuneCP5_13TeV-madgraph-pythia8_47
>> Adding PairVLQ_x53x53_tWtW_narrow_RH_M700_TuneCP5_13TeV-madgraph-pythia8_48.root to the list by reading PairVLQ_x53x53_tWtW_narrow_RH_M700_TuneCP5_13TeV-madgraph-pythia8_48
>> Adding PairVLQ_x53x53_tWtW_narrow_RH_M700_TuneCP5_13TeV-madgraph-pythia8_49.root to the list by reading PairVLQ_x53x53_tWtW_narrow_RH_M700_TuneCP5_13TeV-madgraph-pythia8_49
>> Adding PairVLQ_x53x53_tWtW_narrow_RH_M700_TuneCP5_13TeV-madgraph-pythia8_5.root to the list by reading PairVLQ_x53x53_tWtW_narrow_RH_M700_TuneCP5_13TeV-madgraph-pythia8_5
>> Adding PairVLQ_x53x53_tWtW_narrow_RH_M700_TuneCP5_13TeV-madgraph-pythia8_50.root to the list by reading PairVLQ_x53x53_tWtW_narrow_RH_M700_TuneCP5_13TeV-madgraph-pythia8_50
>> Adding PairVLQ_x53x53_tWtW_narrow_RH_M700_TuneCP5_13TeV-madgraph-pythia8_51.root to the list by reading PairVLQ_x53x53_tWtW_narrow_RH_M700_TuneCP5_13TeV-madgraph-pythia8_51
>> Adding PairVLQ_x53x53_tWtW_narrow_RH_M700_TuneCP5_13TeV-madgraph-pythia8_52.root to the list by reading PairVLQ_x53x53_tWtW_narrow_RH_M700_TuneCP5_13TeV-madgraph-pythia8_52
>> Adding PairVLQ_x53x53_tWtW_narrow_RH_M700_TuneCP5_13TeV-madgraph-pythia8_53.root to the list by reading PairVLQ_x53x53_tWtW_narrow_RH_M700_TuneCP5_13TeV-madgraph-pythia8_53
>> Adding PairVLQ_x53x53_tWtW_narrow_RH_M700_TuneCP5_13TeV-madgraph-pythia8_54.root to the list by reading PairVLQ_x53x53_tWtW_narrow_RH_M700_TuneCP5_13TeV-madgraph-pythia8_54
>> Adding PairVLQ_x53x53_tWtW_narrow_RH_M700_TuneCP5_13TeV-madgraph-pythia8_55.root to the list by reading PairVLQ_x53x53_tWtW_narrow_RH_M700_TuneCP5_13TeV-madgraph-pythia8_55
>> Adding PairVLQ_x53x53_tWtW_narrow_RH_M700_TuneCP5_13TeV-madgraph-pythia8_56.root to the list by reading PairVLQ_x53x53_tWtW_narrow_RH_M700_TuneCP5_13TeV-madgraph-pythia8_56
>> Adding PairVLQ_x53x53_tWtW_narrow_RH_M700_TuneCP5_13TeV-madgraph-pythia8_57.root to the list by reading PairVLQ_x53x53_tWtW_narrow_RH_M700_TuneCP5_13TeV-madgraph-pythia8_57
>> Adding PairVLQ_x53x53_tWtW_narrow_RH_M700_TuneCP5_13TeV-madgraph-pythia8_58.root to the list by reading PairVLQ_x53x53_tWtW_narrow_RH_M700_TuneCP5_13TeV-madgraph-pythia8_58
>> Adding PairVLQ_x53x53_tWtW_narrow_RH_M700_TuneCP5_13TeV-madgraph-pythia8_59.root to the list by reading PairVLQ_x53x53_tWtW_narrow_RH_M700_TuneCP5_13TeV-madgraph-pythia8_59
>> Adding PairVLQ_x53x53_tWtW_narrow_RH_M700_TuneCP5_13TeV-madgraph-pythia8_6.root to the list by reading PairVLQ_x53x53_tWtW_narrow_RH_M700_TuneCP5_13TeV-madgraph-pythia8_6
>> Adding PairVLQ_x53x53_tWtW_narrow_RH_M700_TuneCP5_13TeV-madgraph-pythia8_60.root to the list by reading PairVLQ_x53x53_tWtW_narrow_RH_M700_TuneCP5_13TeV-madgraph-pythia8_60
>> Adding PairVLQ_x53x53_tWtW_narrow_RH_M700_TuneCP5_13TeV-madgraph-pythia8_61.root to the list by reading PairVLQ_x53x53_tWtW_narrow_RH_M700_TuneCP5_13TeV-madgraph-pythia8_61
>> Adding PairVLQ_x53x53_tWtW_narrow_RH_M700_TuneCP5_13TeV-madgraph-pythia8_62.root to the list by reading PairVLQ_x53x53_tWtW_narrow_RH_M700_TuneCP5_13TeV-madgraph-pythia8_62
>> Adding PairVLQ_x53x53_tWtW_narrow_RH_M700_TuneCP5_13TeV-madgraph-pythia8_63.root to the list by reading PairVLQ_x53x53_tWtW_narrow_RH_M700_TuneCP5_13TeV-madgraph-pythia8_63
>> Adding PairVLQ_x53x53_tWtW_narrow_RH_M700_TuneCP5_13TeV-madgraph-pythia8_64.root to the list by reading PairVLQ_x53x53_tWtW_narrow_RH_M700_TuneCP5_13TeV-madgraph-pythia8_64
>> Adding PairVLQ_x53x53_tWtW_narrow_RH_M700_TuneCP5_13TeV-madgraph-pythia8_65.root to the list by reading PairVLQ_x53x53_tWtW_narrow_RH_M700_TuneCP5_13TeV-madgraph-pythia8_65
>> Adding PairVLQ_x53x53_tWtW_narrow_RH_M700_TuneCP5_13TeV-madgraph-pythia8_66.root to the list by reading PairVLQ_x53x53_tWtW_narrow_RH_M700_TuneCP5_13TeV-madgraph-pythia8_66
>> Adding PairVLQ_x53x53_tWtW_narrow_RH_M700_TuneCP5_13TeV-madgraph-pythia8_67.root to the list by reading PairVLQ_x53x53_tWtW_narrow_RH_M700_TuneCP5_13TeV-madgraph-pythia8_67
[OPT] Using deepCSV reshaping file: reshaping_deepCSV_106XUL17_v4.csv
[OPT] Using deepJet reshaping file: reshaping_deepJet_106XUL17_v4.csv

>> Running /isilon/hadoop/store/group/bruxljm/FWLJMET106XUL_singleLep2017UL_RunIISummer20_X53X53/PairVLQ_x53x53_tWtW_narrow_RH_M700_TuneCP5_13TeV-madgraph-pythia8/singleLep2017UL/230310_182013/0000/PairVLQ_x53x53_tWtW_narrow_RH_M700_TuneCP5_13TeV-madgraph-pythia8_40.root for shift: nominal
[step1.h] Opening file: /isilon/hadoop/store/group/bruxljm/FWLJMET106XUL_singleLep2017UL_RunIISummer20_X53X53/PairVLQ_x53x53_tWtW_narrow_RH_M700_TuneCP5_13TeV-madgraph-pythia8/singleLep2017UL/230310_182013/0000/PairVLQ_x53x53_tWtW_narrow_RH_M700_TuneCP5_13TeV-madgraph-pythia8_40.root
[step1.h] Finished initializing
RUN CONFIG: YEAR = 2017
Era = 
isMC = 1, isSig = 1, SigMass = 0
isHad =0, isSE =0, isSM =0
isTTTT = 0, isXX = 1, isTpTp = 0, isBpBp = 0
For W's: isTT = 0, isSTt = 0, isSTtW = 0
For jets & PDF: isTOP = 0, isMadgraphBkg = 1
For HOTTagger Efficiencies: isTTV = 0, isTTHbb = 0, isTTHnonbb = 0, isTTTX = 0
isTTVV = 0, isST = 0, isTTToSemiLeptonHT500Njet9 = 0
Pileup sample key: PairVLQ_x53x53_tWtW_narrow_RH_M700_TuneCP5_13TeV-madgraph-pythia8
b-tagging working points: 0.304(DeepJet)0.4506(DeepCSV)
isTTincMtt0to700: 0
isTTincMtt0to1000: 0
isTTincMtt700to1000: 0
isTTincMtt1000toInf: 0
isTTSemilepIncHT0Njet0: 0
isTTSemilepIncHT500Njet9: 0
outTTLF: 0
outTTCC: 0
outTTBB: 0
outTT1B: 0
outTT2B: 0
>> Completed 0 out of 1010 events
[INFO] Defaulting to central deepJet weight for: nominal
>> Completed 1000 out of 1010 events
Nelectrons      = 481 / 1010
Npassed_ElEta   = 481 / 1010
Nmuons          = 529 / 1010
NrelIsoFail     = 0 / 1010
Npassed_MuEta   = 529 / 1010
Npassed_nAK8Jets= 1010 / 1010
Npassed_Trigger = 972 / 1010
Npassed_MET     = 757 / 1010
Npassed_lepPt   = 821 / 1010
Npassed_HT      = 990 / 1010
npass_Njets     = 1006 / 1010
Npassed_ALL     = 592 / 1010

>> Running /isilon/hadoop/store/group/bruxljm/FWLJMET106XUL_singleLep2017UL_RunIISummer20_X53X53/PairVLQ_x53x53_tWtW_narrow_RH_M700_TuneCP5_13TeV-madgraph-pythia8/singleLep2017UL/230310_182013/0000/PairVLQ_x53x53_tWtW_narrow_RH_M700_TuneCP5_13TeV-madgraph-pythia8_41.root for shift: nominal
[step1.h] Opening file: /isilon/hadoop/store/group/bruxljm/FWLJMET106XUL_singleLep2017UL_RunIISummer20_X53X53/PairVLQ_x53x53_tWtW_narrow_RH_M700_TuneCP5_13TeV-madgraph-pythia8/singleLep2017UL/230310_182013/0000/PairVLQ_x53x53_tWtW_narrow_RH_M700_TuneCP5_13TeV-madgraph-pythia8_41.root
[step1.h] Finished initializing
RUN CONFIG: YEAR = 2017
Era = 
isMC = 1, isSig = 1, SigMass = 0
isHad =0, isSE =0, isSM =0
isTTTT = 0, isXX = 1, isTpTp = 0, isBpBp = 0
For W's: isTT = 0, isSTt = 0, isSTtW = 0
For jets & PDF: isTOP = 0, isMadgraphBkg = 1
For HOTTagger Efficiencies: isTTV = 0, isTTHbb = 0, isTTHnonbb = 0, isTTTX = 0
isTTVV = 0, isST = 0, isTTToSemiLeptonHT500Njet9 = 0
Pileup sample key: PairVLQ_x53x53_tWtW_narrow_RH_M700_TuneCP5_13TeV-madgraph-pythia8
b-tagging working points: 0.304(DeepJet)0.4506(DeepCSV)
isTTincMtt0to700: 0
isTTincMtt0to1000: 0
isTTincMtt700to1000: 0
isTTincMtt1000toInf: 0
isTTSemilepIncHT0Njet0: 0
isTTSemilepIncHT500Njet9: 0
outTTLF: 0
outTTCC: 0
outTTBB: 0
outTT1B: 0
outTT2B: 0
>> Completed 0 out of 987 events
[INFO] Defaulting to central deepJet weight for: nominal
Nelectrons      = 446 / 987
Npassed_ElEta   = 446 / 987
Nmuons          = 541 / 987
NrelIsoFail     = 0 / 987
Npassed_MuEta   = 541 / 987
Npassed_nAK8Jets= 987 / 987
Npassed_Trigger = 967 / 987
Npassed_MET     = 761 / 987
Npassed_lepPt   = 799 / 987
Npassed_HT      = 960 / 987
npass_Njets     = 981 / 987
Npassed_ALL     = 590 / 987

>> Running /isilon/hadoop/store/group/bruxljm/FWLJMET106XUL_singleLep2017UL_RunIISummer20_X53X53/PairVLQ_x53x53_tWtW_narrow_RH_M700_TuneCP5_13TeV-madgraph-pythia8/singleLep2017UL/230310_182013/0000/PairVLQ_x53x53_tWtW_narrow_RH_M700_TuneCP5_13TeV-madgraph-pythia8_42.root for shift: nominal
[step1.h] Opening file: /isilon/hadoop/store/group/bruxljm/FWLJMET106XUL_singleLep2017UL_RunIISummer20_X53X53/PairVLQ_x53x53_tWtW_narrow_RH_M700_TuneCP5_13TeV-madgraph-pythia8/singleLep2017UL/230310_182013/0000/PairVLQ_x53x53_tWtW_narrow_RH_M700_TuneCP5_13TeV-madgraph-pythia8_42.root
[step1.h] Finished initializing
RUN CONFIG: YEAR = 2017
Era = 
isMC = 1, isSig = 1, SigMass = 0
isHad =0, isSE =0, isSM =0
isTTTT = 0, isXX = 1, isTpTp = 0, isBpBp = 0
For W's: isTT = 0, isSTt = 0, isSTtW = 0
For jets & PDF: isTOP = 0, isMadgraphBkg = 1
For HOTTagger Efficiencies: isTTV = 0, isTTHbb = 0, isTTHnonbb = 0, isTTTX = 0
isTTVV = 0, isST = 0, isTTToSemiLeptonHT500Njet9 = 0
Pileup sample key: PairVLQ_x53x53_tWtW_narrow_RH_M700_TuneCP5_13TeV-madgraph-pythia8
b-tagging working points: 0.304(DeepJet)0.4506(DeepCSV)
isTTincMtt0to700: 0
isTTincMtt0to1000: 0
isTTincMtt700to1000: 0
isTTincMtt1000toInf: 0
isTTSemilepIncHT0Njet0: 0
isTTSemilepIncHT500Njet9: 0
outTTLF: 0
outTTCC: 0
outTTBB: 0
outTT1B: 0
outTT2B: 0
>> Completed 0 out of 1008 events
[INFO] Defaulting to central deepJet weight for: nominal
>> Completed 1000 out of 1008 events
Nelectrons      = 474 / 1008
Npassed_ElEta   = 474 / 1008
Nmuons          = 534 / 1008
NrelIsoFail     = 0 / 1008
Npassed_MuEta   = 534 / 1008
Npassed_nAK8Jets= 1008 / 1008
Npassed_Trigger = 973 / 1008
Npassed_MET     = 762 / 1008
Npassed_lepPt   = 834 / 1008
Npassed_HT      = 979 / 1008
npass_Njets     = 1004 / 1008
Npassed_ALL     = 602 / 1008

>> Running /isilon/hadoop/store/group/bruxljm/FWLJMET106XUL_singleLep2017UL_RunIISummer20_X53X53/PairVLQ_x53x53_tWtW_narrow_RH_M700_TuneCP5_13TeV-madgraph-pythia8/singleLep2017UL/230310_182013/0000/PairVLQ_x53x53_tWtW_narrow_RH_M700_TuneCP5_13TeV-madgraph-pythia8_43.root for shift: nominal
[step1.h] Opening file: /isilon/hadoop/store/group/bruxljm/FWLJMET106XUL_singleLep2017UL_RunIISummer20_X53X53/PairVLQ_x53x53_tWtW_narrow_RH_M700_TuneCP5_13TeV-madgraph-pythia8/singleLep2017UL/230310_182013/0000/PairVLQ_x53x53_tWtW_narrow_RH_M700_TuneCP5_13TeV-madgraph-pythia8_43.root
[step1.h] Finished initializing
RUN CONFIG: YEAR = 2017
Era = 
isMC = 1, isSig = 1, SigMass = 0
isHad =0, isSE =0, isSM =0
isTTTT = 0, isXX = 1, isTpTp = 0, isBpBp = 0
For W's: isTT = 0, isSTt = 0, isSTtW = 0
For jets & PDF: isTOP = 0, isMadgraphBkg = 1
For HOTTagger Efficiencies: isTTV = 0, isTTHbb = 0, isTTHnonbb = 0, isTTTX = 0
isTTVV = 0, isST = 0, isTTToSemiLeptonHT500Njet9 = 0
Pileup sample key: PairVLQ_x53x53_tWtW_narrow_RH_M700_TuneCP5_13TeV-madgraph-pythia8
b-tagging working points: 0.304(DeepJet)0.4506(DeepCSV)
isTTincMtt0to700: 0
isTTincMtt0to1000: 0
isTTincMtt700to1000: 0
isTTincMtt1000toInf: 0
isTTSemilepIncHT0Njet0: 0
isTTSemilepIncHT500Njet9: 0
outTTLF: 0
outTTCC: 0
outTTBB: 0
outTT1B: 0
outTT2B: 0
>> Completed 0 out of 1020 events
[INFO] Defaulting to central deepJet weight for: nominal
>> Completed 1000 out of 1020 events
Nelectrons      = 447 / 1020
Npassed_ElEta   = 447 / 1020
Nmuons          = 573 / 1020
NrelIsoFail     = 0 / 1020
Npassed_MuEta   = 573 / 1020
Npassed_nAK8Jets= 1020 / 1020
Npassed_Trigger = 991 / 1020
Npassed_MET     = 775 / 1020
Npassed_lepPt   = 820 / 1020
Npassed_HT      = 1007 / 1020
npass_Njets     = 1014 / 1020
Npassed_ALL     = 615 / 1020

>> Running /isilon/hadoop/store/group/bruxljm/FWLJMET106XUL_singleLep2017UL_RunIISummer20_X53X53/PairVLQ_x53x53_tWtW_narrow_RH_M700_TuneCP5_13TeV-madgraph-pythia8/singleLep2017UL/230310_182013/0000/PairVLQ_x53x53_tWtW_narrow_RH_M700_TuneCP5_13TeV-madgraph-pythia8_44.root for shift: nominal
[step1.h] Opening file: /isilon/hadoop/store/group/bruxljm/FWLJMET106XUL_singleLep2017UL_RunIISummer20_X53X53/PairVLQ_x53x53_tWtW_narrow_RH_M700_TuneCP5_13TeV-madgraph-pythia8/singleLep2017UL/230310_182013/0000/PairVLQ_x53x53_tWtW_narrow_RH_M700_TuneCP5_13TeV-madgraph-pythia8_44.root
[step1.h] Finished initializing
RUN CONFIG: YEAR = 2017
Era = 
isMC = 1, isSig = 1, SigMass = 0
isHad =0, isSE =0, isSM =0
isTTTT = 0, isXX = 1, isTpTp = 0, isBpBp = 0
For W's: isTT = 0, isSTt = 0, isSTtW = 0
For jets & PDF: isTOP = 0, isMadgraphBkg = 1
For HOTTagger Efficiencies: isTTV = 0, isTTHbb = 0, isTTHnonbb = 0, isTTTX = 0
isTTVV = 0, isST = 0, isTTToSemiLeptonHT500Njet9 = 0
Pileup sample key: PairVLQ_x53x53_tWtW_narrow_RH_M700_TuneCP5_13TeV-madgraph-pythia8
b-tagging working points: 0.304(DeepJet)0.4506(DeepCSV)
isTTincMtt0to700: 0
isTTincMtt0to1000: 0
isTTincMtt700to1000: 0
isTTincMtt1000toInf: 0
isTTSemilepIncHT0Njet0: 0
isTTSemilepIncHT500Njet9: 0
outTTLF: 0
outTTCC: 0
outTTBB: 0
outTT1B: 0
outTT2B: 0
>> Completed 0 out of 1037 events
[INFO] Defaulting to central deepJet weight for: nominal
>> Completed 1000 out of 1037 events
Nelectrons      = 467 / 1037
Npassed_ElEta   = 467 / 1037
Nmuons          = 570 / 1037
NrelIsoFail     = 0 / 1037
Npassed_MuEta   = 570 / 1037
Npassed_nAK8Jets= 1037 / 1037
Npassed_Trigger = 1001 / 1037
Npassed_MET     = 786 / 1037
Npassed_lepPt   = 843 / 1037
Npassed_HT      = 1011 / 1037
npass_Njets     = 1035 / 1037
Npassed_ALL     = 621 / 1037

>> Running /isilon/hadoop/store/group/bruxljm/FWLJMET106XUL_singleLep2017UL_RunIISummer20_X53X53/PairVLQ_x53x53_tWtW_narrow_RH_M700_TuneCP5_13TeV-madgraph-pythia8/singleLep2017UL/230310_182013/0000/PairVLQ_x53x53_tWtW_narrow_RH_M700_TuneCP5_13TeV-madgraph-pythia8_45.root for shift: nominal
[step1.h] Opening file: /isilon/hadoop/store/group/bruxljm/FWLJMET106XUL_singleLep2017UL_RunIISummer20_X53X53/PairVLQ_x53x53_tWtW_narrow_RH_M700_TuneCP5_13TeV-madgraph-pythia8/singleLep2017UL/230310_182013/0000/PairVLQ_x53x53_tWtW_narrow_RH_M700_TuneCP5_13TeV-madgraph-pythia8_45.root
[step1.h] Finished initializing
RUN CONFIG: YEAR = 2017
Era = 
isMC = 1, isSig = 1, SigMass = 0
isHad =0, isSE =0, isSM =0
isTTTT = 0, isXX = 1, isTpTp = 0, isBpBp = 0
For W's: isTT = 0, isSTt = 0, isSTtW = 0
For jets & PDF: isTOP = 0, isMadgraphBkg = 1
For HOTTagger Efficiencies: isTTV = 0, isTTHbb = 0, isTTHnonbb = 0, isTTTX = 0
isTTVV = 0, isST = 0, isTTToSemiLeptonHT500Njet9 = 0
Pileup sample key: PairVLQ_x53x53_tWtW_narrow_RH_M700_TuneCP5_13TeV-madgraph-pythia8
b-tagging working points: 0.304(DeepJet)0.4506(DeepCSV)
isTTincMtt0to700: 0
isTTincMtt0to1000: 0
isTTincMtt700to1000: 0
isTTincMtt1000toInf: 0
isTTSemilepIncHT0Njet0: 0
isTTSemilepIncHT500Njet9: 0
outTTLF: 0
outTTCC: 0
outTTBB: 0
outTT1B: 0
outTT2B: 0
>> Completed 0 out of 1029 events
[INFO] Defaulting to central deepJet weight for: nominal
>> Completed 1000 out of 1029 events
Nelectrons      = 463 / 1029
Npassed_ElEta   = 463 / 1029
Nmuons          = 566 / 1029
NrelIsoFail     = 0 / 1029
Npassed_MuEta   = 566 / 1029
Npassed_nAK8Jets= 1029 / 1029
Npassed_Trigger = 991 / 1029
Npassed_MET     = 788 / 1029
Npassed_lepPt   = 856 / 1029
Npassed_HT      = 999 / 1029
npass_Njets     = 1025 / 1029
Npassed_ALL     = 642 / 1029

>> Running /isilon/hadoop/store/group/bruxljm/FWLJMET106XUL_singleLep2017UL_RunIISummer20_X53X53/PairVLQ_x53x53_tWtW_narrow_RH_M700_TuneCP5_13TeV-madgraph-pythia8/singleLep2017UL/230310_182013/0000/PairVLQ_x53x53_tWtW_narrow_RH_M700_TuneCP5_13TeV-madgraph-pythia8_46.root for shift: nominal
[step1.h] Opening file: /isilon/hadoop/store/group/bruxljm/FWLJMET106XUL_singleLep2017UL_RunIISummer20_X53X53/PairVLQ_x53x53_tWtW_narrow_RH_M700_TuneCP5_13TeV-madgraph-pythia8/singleLep2017UL/230310_182013/0000/PairVLQ_x53x53_tWtW_narrow_RH_M700_TuneCP5_13TeV-madgraph-pythia8_46.root
[step1.h] Finished initializing
RUN CONFIG: YEAR = 2017
Era = 
isMC = 1, isSig = 1, SigMass = 0
isHad =0, isSE =0, isSM =0
isTTTT = 0, isXX = 1, isTpTp = 0, isBpBp = 0
For W's: isTT = 0, isSTt = 0, isSTtW = 0
For jets & PDF: isTOP = 0, isMadgraphBkg = 1
For HOTTagger Efficiencies: isTTV = 0, isTTHbb = 0, isTTHnonbb = 0, isTTTX = 0
isTTVV = 0, isST = 0, isTTToSemiLeptonHT500Njet9 = 0
Pileup sample key: PairVLQ_x53x53_tWtW_narrow_RH_M700_TuneCP5_13TeV-madgraph-pythia8
b-tagging working points: 0.304(DeepJet)0.4506(DeepCSV)
isTTincMtt0to700: 0
isTTincMtt0to1000: 0
isTTincMtt700to1000: 0
isTTincMtt1000toInf: 0
isTTSemilepIncHT0Njet0: 0
isTTSemilepIncHT500Njet9: 0
outTTLF: 0
outTTCC: 0
outTTBB: 0
outTT1B: 0
outTT2B: 0
>> Completed 0 out of 1022 events
[INFO] Defaulting to central deepJet weight for: nominal
>> Completed 1000 out of 1022 events
Nelectrons      = 479 / 1022
Npassed_ElEta   = 479 / 1022
Nmuons          = 543 / 1022
NrelIsoFail     = 0 / 1022
Npassed_MuEta   = 543 / 1022
Npassed_nAK8Jets= 1022 / 1022
Npassed_Trigger = 977 / 1022
Npassed_MET     = 777 / 1022
Npassed_lepPt   = 827 / 1022
Npassed_HT      = 998 / 1022
npass_Njets     = 1015 / 1022
Npassed_ALL     = 607 / 1022

>> Running /isilon/hadoop/store/group/bruxljm/FWLJMET106XUL_singleLep2017UL_RunIISummer20_X53X53/PairVLQ_x53x53_tWtW_narrow_RH_M700_TuneCP5_13TeV-madgraph-pythia8/singleLep2017UL/230310_182013/0000/PairVLQ_x53x53_tWtW_narrow_RH_M700_TuneCP5_13TeV-madgraph-pythia8_47.root for shift: nominal
[step1.h] Opening file: /isilon/hadoop/store/group/bruxljm/FWLJMET106XUL_singleLep2017UL_RunIISummer20_X53X53/PairVLQ_x53x53_tWtW_narrow_RH_M700_TuneCP5_13TeV-madgraph-pythia8/singleLep2017UL/230310_182013/0000/PairVLQ_x53x53_tWtW_narrow_RH_M700_TuneCP5_13TeV-madgraph-pythia8_47.root
[step1.h] Finished initializing
RUN CONFIG: YEAR = 2017
Era = 
isMC = 1, isSig = 1, SigMass = 0
isHad =0, isSE =0, isSM =0
isTTTT = 0, isXX = 1, isTpTp = 0, isBpBp = 0
For W's: isTT = 0, isSTt = 0, isSTtW = 0
For jets & PDF: isTOP = 0, isMadgraphBkg = 1
For HOTTagger Efficiencies: isTTV = 0, isTTHbb = 0, isTTHnonbb = 0, isTTTX = 0
isTTVV = 0, isST = 0, isTTToSemiLeptonHT500Njet9 = 0
Pileup sample key: PairVLQ_x53x53_tWtW_narrow_RH_M700_TuneCP5_13TeV-madgraph-pythia8
b-tagging working points: 0.304(DeepJet)0.4506(DeepCSV)
isTTincMtt0to700: 0
isTTincMtt0to1000: 0
isTTincMtt700to1000: 0
isTTincMtt1000toInf: 0
isTTSemilepIncHT0Njet0: 0
isTTSemilepIncHT500Njet9: 0
outTTLF: 0
outTTCC: 0
outTTBB: 0
outTT1B: 0
outTT2B: 0
>> Completed 0 out of 1018 events
[INFO] Defaulting to central deepJet weight for: nominal
>> Completed 1000 out of 1018 events
Nelectrons      = 469 / 1018
Npassed_ElEta   = 469 / 1018
Nmuons          = 549 / 1018
NrelIsoFail     = 0 / 1018
Npassed_MuEta   = 549 / 1018
Npassed_nAK8Jets= 1018 / 1018
Npassed_Trigger = 970 / 1018
Npassed_MET     = 765 / 1018
Npassed_lepPt   = 833 / 1018
Npassed_HT      = 996 / 1018
npass_Njets     = 1010 / 1018
Npassed_ALL     = 608 / 1018

>> Running /isilon/hadoop/store/group/bruxljm/FWLJMET106XUL_singleLep2017UL_RunIISummer20_X53X53/PairVLQ_x53x53_tWtW_narrow_RH_M700_TuneCP5_13TeV-madgraph-pythia8/singleLep2017UL/230310_182013/0000/PairVLQ_x53x53_tWtW_narrow_RH_M700_TuneCP5_13TeV-madgraph-pythia8_48.root for shift: nominal
[step1.h] Opening file: /isilon/hadoop/store/group/bruxljm/FWLJMET106XUL_singleLep2017UL_RunIISummer20_X53X53/PairVLQ_x53x53_tWtW_narrow_RH_M700_TuneCP5_13TeV-madgraph-pythia8/singleLep2017UL/230310_182013/0000/PairVLQ_x53x53_tWtW_narrow_RH_M700_TuneCP5_13TeV-madgraph-pythia8_48.root
[step1.h] Finished initializing
RUN CONFIG: YEAR = 2017
Era = 
isMC = 1, isSig = 1, SigMass = 0
isHad =0, isSE =0, isSM =0
isTTTT = 0, isXX = 1, isTpTp = 0, isBpBp = 0
For W's: isTT = 0, isSTt = 0, isSTtW = 0
For jets & PDF: isTOP = 0, isMadgraphBkg = 1
For HOTTagger Efficiencies: isTTV = 0, isTTHbb = 0, isTTHnonbb = 0, isTTTX = 0
isTTVV = 0, isST = 0, isTTToSemiLeptonHT500Njet9 = 0
Pileup sample key: PairVLQ_x53x53_tWtW_narrow_RH_M700_TuneCP5_13TeV-madgraph-pythia8
b-tagging working points: 0.304(DeepJet)0.4506(DeepCSV)
isTTincMtt0to700: 0
isTTincMtt0to1000: 0
isTTincMtt700to1000: 0
isTTincMtt1000toInf: 0
isTTSemilepIncHT0Njet0: 0
isTTSemilepIncHT500Njet9: 0
outTTLF: 0
outTTCC: 0
outTTBB: 0
outTT1B: 0
outTT2B: 0
>> Completed 0 out of 1061 events
[INFO] Defaulting to central deepJet weight for: nominal
>> Completed 1000 out of 1061 events
Nelectrons      = 499 / 1061
Npassed_ElEta   = 499 / 1061
Nmuons          = 562 / 1061
NrelIsoFail     = 0 / 1061
Npassed_MuEta   = 562 / 1061
Npassed_nAK8Jets= 1061 / 1061
Npassed_Trigger = 1018 / 1061
Npassed_MET     = 806 / 1061
Npassed_lepPt   = 872 / 1061
Npassed_HT      = 1037 / 1061
npass_Njets     = 1058 / 1061
Npassed_ALL     = 642 / 1061

>> Running /isilon/hadoop/store/group/bruxljm/FWLJMET106XUL_singleLep2017UL_RunIISummer20_X53X53/PairVLQ_x53x53_tWtW_narrow_RH_M700_TuneCP5_13TeV-madgraph-pythia8/singleLep2017UL/230310_182013/0000/PairVLQ_x53x53_tWtW_narrow_RH_M700_TuneCP5_13TeV-madgraph-pythia8_49.root for shift: nominal
[step1.h] Opening file: /isilon/hadoop/store/group/bruxljm/FWLJMET106XUL_singleLep2017UL_RunIISummer20_X53X53/PairVLQ_x53x53_tWtW_narrow_RH_M700_TuneCP5_13TeV-madgraph-pythia8/singleLep2017UL/230310_182013/0000/PairVLQ_x53x53_tWtW_narrow_RH_M700_TuneCP5_13TeV-madgraph-pythia8_49.root
[step1.h] Finished initializing
RUN CONFIG: YEAR = 2017
Era = 
isMC = 1, isSig = 1, SigMass = 0
isHad =0, isSE =0, isSM =0
isTTTT = 0, isXX = 1, isTpTp = 0, isBpBp = 0
For W's: isTT = 0, isSTt = 0, isSTtW = 0
For jets & PDF: isTOP = 0, isMadgraphBkg = 1
For HOTTagger Efficiencies: isTTV = 0, isTTHbb = 0, isTTHnonbb = 0, isTTTX = 0
isTTVV = 0, isST = 0, isTTToSemiLeptonHT500Njet9 = 0
Pileup sample key: PairVLQ_x53x53_tWtW_narrow_RH_M700_TuneCP5_13TeV-madgraph-pythia8
b-tagging working points: 0.304(DeepJet)0.4506(DeepCSV)
isTTincMtt0to700: 0
isTTincMtt0to1000: 0
isTTincMtt700to1000: 0
isTTincMtt1000toInf: 0
isTTSemilepIncHT0Njet0: 0
isTTSemilepIncHT500Njet9: 0
outTTLF: 0
outTTCC: 0
outTTBB: 0
outTT1B: 0
outTT2B: 0
>> Completed 0 out of 992 events
[INFO] Defaulting to central deepJet weight for: nominal
Nelectrons      = 454 / 992
Npassed_ElEta   = 454 / 992
Nmuons          = 538 / 992
NrelIsoFail     = 0 / 992
Npassed_MuEta   = 538 / 992
Npassed_nAK8Jets= 992 / 992
Npassed_Trigger = 959 / 992
Npassed_MET     = 743 / 992
Npassed_lepPt   = 782 / 992
Npassed_HT      = 968 / 992
npass_Njets     = 986 / 992
Npassed_ALL     = 567 / 992

>> Running /isilon/hadoop/store/group/bruxljm/FWLJMET106XUL_singleLep2017UL_RunIISummer20_X53X53/PairVLQ_x53x53_tWtW_narrow_RH_M700_TuneCP5_13TeV-madgraph-pythia8/singleLep2017UL/230310_182013/0000/PairVLQ_x53x53_tWtW_narrow_RH_M700_TuneCP5_13TeV-madgraph-pythia8_5.root for shift: nominal
[step1.h] Opening file: /isilon/hadoop/store/group/bruxljm/FWLJMET106XUL_singleLep2017UL_RunIISummer20_X53X53/PairVLQ_x53x53_tWtW_narrow_RH_M700_TuneCP5_13TeV-madgraph-pythia8/singleLep2017UL/230310_182013/0000/PairVLQ_x53x53_tWtW_narrow_RH_M700_TuneCP5_13TeV-madgraph-pythia8_5.root
[step1.h] Finished initializing
RUN CONFIG: YEAR = 2017
Era = 
isMC = 1, isSig = 1, SigMass = 0
isHad =0, isSE =0, isSM =0
isTTTT = 0, isXX = 1, isTpTp = 0, isBpBp = 0
For W's: isTT = 0, isSTt = 0, isSTtW = 0
For jets & PDF: isTOP = 0, isMadgraphBkg = 1
For HOTTagger Efficiencies: isTTV = 0, isTTHbb = 0, isTTHnonbb = 0, isTTTX = 0
isTTVV = 0, isST = 0, isTTToSemiLeptonHT500Njet9 = 0
Pileup sample key: PairVLQ_x53x53_tWtW_narrow_RH_M700_TuneCP5_13TeV-madgraph-pythia8
b-tagging working points: 0.304(DeepJet)0.4506(DeepCSV)
isTTincMtt0to700: 0
isTTincMtt0to1000: 0
isTTincMtt700to1000: 0
isTTincMtt1000toInf: 0
isTTSemilepIncHT0Njet0: 0
isTTSemilepIncHT500Njet9: 0
outTTLF: 0
outTTCC: 0
outTTBB: 0
outTT1B: 0
outTT2B: 0
>> Completed 0 out of 528 events
[INFO] Defaulting to central deepJet weight for: nominal
Nelectrons      = 281 / 528
Npassed_ElEta   = 281 / 528
Nmuons          = 247 / 528
NrelIsoFail     = 0 / 528
Npassed_MuEta   = 247 / 528
Npassed_nAK8Jets= 528 / 528
Npassed_Trigger = 509 / 528
Npassed_MET     = 396 / 528
Npassed_lepPt   = 417 / 528
Npassed_HT      = 521 / 528
npass_Njets     = 526 / 528
Npassed_ALL     = 311 / 528

>> Running /isilon/hadoop/store/group/bruxljm/FWLJMET106XUL_singleLep2017UL_RunIISummer20_X53X53/PairVLQ_x53x53_tWtW_narrow_RH_M700_TuneCP5_13TeV-madgraph-pythia8/singleLep2017UL/230310_182013/0000/PairVLQ_x53x53_tWtW_narrow_RH_M700_TuneCP5_13TeV-madgraph-pythia8_50.root for shift: nominal
[step1.h] Opening file: /isilon/hadoop/store/group/bruxljm/FWLJMET106XUL_singleLep2017UL_RunIISummer20_X53X53/PairVLQ_x53x53_tWtW_narrow_RH_M700_TuneCP5_13TeV-madgraph-pythia8/singleLep2017UL/230310_182013/0000/PairVLQ_x53x53_tWtW_narrow_RH_M700_TuneCP5_13TeV-madgraph-pythia8_50.root
[step1.h] Finished initializing
RUN CONFIG: YEAR = 2017
Era = 
isMC = 1, isSig = 1, SigMass = 0
isHad =0, isSE =0, isSM =0
isTTTT = 0, isXX = 1, isTpTp = 0, isBpBp = 0
For W's: isTT = 0, isSTt = 0, isSTtW = 0
For jets & PDF: isTOP = 0, isMadgraphBkg = 1
For HOTTagger Efficiencies: isTTV = 0, isTTHbb = 0, isTTHnonbb = 0, isTTTX = 0
isTTVV = 0, isST = 0, isTTToSemiLeptonHT500Njet9 = 0
Pileup sample key: PairVLQ_x53x53_tWtW_narrow_RH_M700_TuneCP5_13TeV-madgraph-pythia8
b-tagging working points: 0.304(DeepJet)0.4506(DeepCSV)
isTTincMtt0to700: 0
isTTincMtt0to1000: 0
isTTincMtt700to1000: 0
isTTincMtt1000toInf: 0
isTTSemilepIncHT0Njet0: 0
isTTSemilepIncHT500Njet9: 0
outTTLF: 0
outTTCC: 0
outTTBB: 0
outTT1B: 0
outTT2B: 0
>> Completed 0 out of 1048 events
[INFO] Defaulting to central deepJet weight for: nominal
>> Completed 1000 out of 1048 events
Nelectrons      = 503 / 1048
Npassed_ElEta   = 503 / 1048
Nmuons          = 545 / 1048
NrelIsoFail     = 0 / 1048
Npassed_MuEta   = 545 / 1048
Npassed_nAK8Jets= 1048 / 1048
Npassed_Trigger = 1013 / 1048
Npassed_MET     = 804 / 1048
Npassed_lepPt   = 857 / 1048
Npassed_HT      = 1021 / 1048
npass_Njets     = 1040 / 1048
Npassed_ALL     = 625 / 1048

>> Running /isilon/hadoop/store/group/bruxljm/FWLJMET106XUL_singleLep2017UL_RunIISummer20_X53X53/PairVLQ_x53x53_tWtW_narrow_RH_M700_TuneCP5_13TeV-madgraph-pythia8/singleLep2017UL/230310_182013/0000/PairVLQ_x53x53_tWtW_narrow_RH_M700_TuneCP5_13TeV-madgraph-pythia8_51.root for shift: nominal
[step1.h] Opening file: /isilon/hadoop/store/group/bruxljm/FWLJMET106XUL_singleLep2017UL_RunIISummer20_X53X53/PairVLQ_x53x53_tWtW_narrow_RH_M700_TuneCP5_13TeV-madgraph-pythia8/singleLep2017UL/230310_182013/0000/PairVLQ_x53x53_tWtW_narrow_RH_M700_TuneCP5_13TeV-madgraph-pythia8_51.root
[step1.h] Finished initializing
RUN CONFIG: YEAR = 2017
Era = 
isMC = 1, isSig = 1, SigMass = 0
isHad =0, isSE =0, isSM =0
isTTTT = 0, isXX = 1, isTpTp = 0, isBpBp = 0
For W's: isTT = 0, isSTt = 0, isSTtW = 0
For jets & PDF: isTOP = 0, isMadgraphBkg = 1
For HOTTagger Efficiencies: isTTV = 0, isTTHbb = 0, isTTHnonbb = 0, isTTTX = 0
isTTVV = 0, isST = 0, isTTToSemiLeptonHT500Njet9 = 0
Pileup sample key: PairVLQ_x53x53_tWtW_narrow_RH_M700_TuneCP5_13TeV-madgraph-pythia8
b-tagging working points: 0.304(DeepJet)0.4506(DeepCSV)
isTTincMtt0to700: 0
isTTincMtt0to1000: 0
isTTincMtt700to1000: 0
isTTincMtt1000toInf: 0
isTTSemilepIncHT0Njet0: 0
isTTSemilepIncHT500Njet9: 0
outTTLF: 0
outTTCC: 0
outTTBB: 0
outTT1B: 0
outTT2B: 0
>> Completed 0 out of 1015 events
[INFO] Defaulting to central deepJet weight for: nominal
>> Completed 1000 out of 1015 events
Nelectrons      = 474 / 1015
Npassed_ElEta   = 474 / 1015
Nmuons          = 541 / 1015
NrelIsoFail     = 0 / 1015
Npassed_MuEta   = 541 / 1015
Npassed_nAK8Jets= 1015 / 1015
Npassed_Trigger = 981 / 1015
Npassed_MET     = 770 / 1015
Npassed_lepPt   = 834 / 1015
Npassed_HT      = 987 / 1015
npass_Njets     = 1013 / 1015
Npassed_ALL     = 613 / 1015

>> Running /isilon/hadoop/store/group/bruxljm/FWLJMET106XUL_singleLep2017UL_RunIISummer20_X53X53/PairVLQ_x53x53_tWtW_narrow_RH_M700_TuneCP5_13TeV-madgraph-pythia8/singleLep2017UL/230310_182013/0000/PairVLQ_x53x53_tWtW_narrow_RH_M700_TuneCP5_13TeV-madgraph-pythia8_52.root for shift: nominal
[step1.h] Opening file: /isilon/hadoop/store/group/bruxljm/FWLJMET106XUL_singleLep2017UL_RunIISummer20_X53X53/PairVLQ_x53x53_tWtW_narrow_RH_M700_TuneCP5_13TeV-madgraph-pythia8/singleLep2017UL/230310_182013/0000/PairVLQ_x53x53_tWtW_narrow_RH_M700_TuneCP5_13TeV-madgraph-pythia8_52.root
[step1.h] Finished initializing
RUN CONFIG: YEAR = 2017
Era = 
isMC = 1, isSig = 1, SigMass = 0
isHad =0, isSE =0, isSM =0
isTTTT = 0, isXX = 1, isTpTp = 0, isBpBp = 0
For W's: isTT = 0, isSTt = 0, isSTtW = 0
For jets & PDF: isTOP = 0, isMadgraphBkg = 1
For HOTTagger Efficiencies: isTTV = 0, isTTHbb = 0, isTTHnonbb = 0, isTTTX = 0
isTTVV = 0, isST = 0, isTTToSemiLeptonHT500Njet9 = 0
Pileup sample key: PairVLQ_x53x53_tWtW_narrow_RH_M700_TuneCP5_13TeV-madgraph-pythia8
b-tagging working points: 0.304(DeepJet)0.4506(DeepCSV)
isTTincMtt0to700: 0
isTTincMtt0to1000: 0
isTTincMtt700to1000: 0
isTTincMtt1000toInf: 0
isTTSemilepIncHT0Njet0: 0
isTTSemilepIncHT500Njet9: 0
outTTLF: 0
outTTCC: 0
outTTBB: 0
outTT1B: 0
outTT2B: 0
>> Completed 0 out of 1002 events
[INFO] Defaulting to central deepJet weight for: nominal
>> Completed 1000 out of 1002 events
Nelectrons      = 494 / 1002
Npassed_ElEta   = 494 / 1002
Nmuons          = 508 / 1002
NrelIsoFail     = 0 / 1002
Npassed_MuEta   = 508 / 1002
Npassed_nAK8Jets= 1002 / 1002
Npassed_Trigger = 970 / 1002
Npassed_MET     = 779 / 1002
Npassed_lepPt   = 811 / 1002
Npassed_HT      = 975 / 1002
npass_Njets     = 999 / 1002
Npassed_ALL     = 597 / 1002

>> Running /isilon/hadoop/store/group/bruxljm/FWLJMET106XUL_singleLep2017UL_RunIISummer20_X53X53/PairVLQ_x53x53_tWtW_narrow_RH_M700_TuneCP5_13TeV-madgraph-pythia8/singleLep2017UL/230310_182013/0000/PairVLQ_x53x53_tWtW_narrow_RH_M700_TuneCP5_13TeV-madgraph-pythia8_53.root for shift: nominal
[step1.h] Opening file: /isilon/hadoop/store/group/bruxljm/FWLJMET106XUL_singleLep2017UL_RunIISummer20_X53X53/PairVLQ_x53x53_tWtW_narrow_RH_M700_TuneCP5_13TeV-madgraph-pythia8/singleLep2017UL/230310_182013/0000/PairVLQ_x53x53_tWtW_narrow_RH_M700_TuneCP5_13TeV-madgraph-pythia8_53.root
[step1.h] Finished initializing
RUN CONFIG: YEAR = 2017
Era = 
isMC = 1, isSig = 1, SigMass = 0
isHad =0, isSE =0, isSM =0
isTTTT = 0, isXX = 1, isTpTp = 0, isBpBp = 0
For W's: isTT = 0, isSTt = 0, isSTtW = 0
For jets & PDF: isTOP = 0, isMadgraphBkg = 1
For HOTTagger Efficiencies: isTTV = 0, isTTHbb = 0, isTTHnonbb = 0, isTTTX = 0
isTTVV = 0, isST = 0, isTTToSemiLeptonHT500Njet9 = 0
Pileup sample key: PairVLQ_x53x53_tWtW_narrow_RH_M700_TuneCP5_13TeV-madgraph-pythia8
b-tagging working points: 0.304(DeepJet)0.4506(DeepCSV)
isTTincMtt0to700: 0
isTTincMtt0to1000: 0
isTTincMtt700to1000: 0
isTTincMtt1000toInf: 0
isTTSemilepIncHT0Njet0: 0
isTTSemilepIncHT500Njet9: 0
outTTLF: 0
outTTCC: 0
outTTBB: 0
outTT1B: 0
outTT2B: 0
>> Completed 0 out of 994 events
[INFO] Defaulting to central deepJet weight for: nominal
Nelectrons      = 453 / 994
Npassed_ElEta   = 453 / 994
Nmuons          = 541 / 994
NrelIsoFail     = 0 / 994
Npassed_MuEta   = 541 / 994
Npassed_nAK8Jets= 994 / 994
Npassed_Trigger = 947 / 994
Npassed_MET     = 801 / 994
Npassed_lepPt   = 810 / 994
Npassed_HT      = 966 / 994
npass_Njets     = 986 / 994
Npassed_ALL     = 635 / 994

>> Running /isilon/hadoop/store/group/bruxljm/FWLJMET106XUL_singleLep2017UL_RunIISummer20_X53X53/PairVLQ_x53x53_tWtW_narrow_RH_M700_TuneCP5_13TeV-madgraph-pythia8/singleLep2017UL/230310_182013/0000/PairVLQ_x53x53_tWtW_narrow_RH_M700_TuneCP5_13TeV-madgraph-pythia8_54.root for shift: nominal
[step1.h] Opening file: /isilon/hadoop/store/group/bruxljm/FWLJMET106XUL_singleLep2017UL_RunIISummer20_X53X53/PairVLQ_x53x53_tWtW_narrow_RH_M700_TuneCP5_13TeV-madgraph-pythia8/singleLep2017UL/230310_182013/0000/PairVLQ_x53x53_tWtW_narrow_RH_M700_TuneCP5_13TeV-madgraph-pythia8_54.root
[step1.h] Finished initializing
RUN CONFIG: YEAR = 2017
Era = 
isMC = 1, isSig = 1, SigMass = 0
isHad =0, isSE =0, isSM =0
isTTTT = 0, isXX = 1, isTpTp = 0, isBpBp = 0
For W's: isTT = 0, isSTt = 0, isSTtW = 0
For jets & PDF: isTOP = 0, isMadgraphBkg = 1
For HOTTagger Efficiencies: isTTV = 0, isTTHbb = 0, isTTHnonbb = 0, isTTTX = 0
isTTVV = 0, isST = 0, isTTToSemiLeptonHT500Njet9 = 0
Pileup sample key: PairVLQ_x53x53_tWtW_narrow_RH_M700_TuneCP5_13TeV-madgraph-pythia8
b-tagging working points: 0.304(DeepJet)0.4506(DeepCSV)
isTTincMtt0to700: 0
isTTincMtt0to1000: 0
isTTincMtt700to1000: 0
isTTincMtt1000toInf: 0
isTTSemilepIncHT0Njet0: 0
isTTSemilepIncHT500Njet9: 0
outTTLF: 0
outTTCC: 0
outTTBB: 0
outTT1B: 0
outTT2B: 0
>> Completed 0 out of 1000 events
[INFO] Defaulting to central deepJet weight for: nominal
Nelectrons      = 480 / 1000
Npassed_ElEta   = 480 / 1000
Nmuons          = 520 / 1000
NrelIsoFail     = 0 / 1000
Npassed_MuEta   = 520 / 1000
Npassed_nAK8Jets= 1000 / 1000
Npassed_Trigger = 952 / 1000
Npassed_MET     = 745 / 1000
Npassed_lepPt   = 800 / 1000
Npassed_HT      = 976 / 1000
npass_Njets     = 996 / 1000
Npassed_ALL     = 571 / 1000

>> Running /isilon/hadoop/store/group/bruxljm/FWLJMET106XUL_singleLep2017UL_RunIISummer20_X53X53/PairVLQ_x53x53_tWtW_narrow_RH_M700_TuneCP5_13TeV-madgraph-pythia8/singleLep2017UL/230310_182013/0000/PairVLQ_x53x53_tWtW_narrow_RH_M700_TuneCP5_13TeV-madgraph-pythia8_55.root for shift: nominal
[step1.h] Opening file: /isilon/hadoop/store/group/bruxljm/FWLJMET106XUL_singleLep2017UL_RunIISummer20_X53X53/PairVLQ_x53x53_tWtW_narrow_RH_M700_TuneCP5_13TeV-madgraph-pythia8/singleLep2017UL/230310_182013/0000/PairVLQ_x53x53_tWtW_narrow_RH_M700_TuneCP5_13TeV-madgraph-pythia8_55.root
[step1.h] Finished initializing
RUN CONFIG: YEAR = 2017
Era = 
isMC = 1, isSig = 1, SigMass = 0
isHad =0, isSE =0, isSM =0
isTTTT = 0, isXX = 1, isTpTp = 0, isBpBp = 0
For W's: isTT = 0, isSTt = 0, isSTtW = 0
For jets & PDF: isTOP = 0, isMadgraphBkg = 1
For HOTTagger Efficiencies: isTTV = 0, isTTHbb = 0, isTTHnonbb = 0, isTTTX = 0
isTTVV = 0, isST = 0, isTTToSemiLeptonHT500Njet9 = 0
Pileup sample key: PairVLQ_x53x53_tWtW_narrow_RH_M700_TuneCP5_13TeV-madgraph-pythia8
b-tagging working points: 0.304(DeepJet)0.4506(DeepCSV)
isTTincMtt0to700: 0
isTTincMtt0to1000: 0
isTTincMtt700to1000: 0
isTTincMtt1000toInf: 0
isTTSemilepIncHT0Njet0: 0
isTTSemilepIncHT500Njet9: 0
outTTLF: 0
outTTCC: 0
outTTBB: 0
outTT1B: 0
outTT2B: 0
>> Completed 0 out of 1007 events
[INFO] Defaulting to central deepJet weight for: nominal
>> Completed 1000 out of 1007 events
Nelectrons      = 466 / 1007
Npassed_ElEta   = 466 / 1007
Nmuons          = 541 / 1007
NrelIsoFail     = 0 / 1007
Npassed_MuEta   = 541 / 1007
Npassed_nAK8Jets= 1007 / 1007
Npassed_Trigger = 969 / 1007
Npassed_MET     = 796 / 1007
Npassed_lepPt   = 796 / 1007
Npassed_HT      = 981 / 1007
npass_Njets     = 1005 / 1007
Npassed_ALL     = 607 / 1007

>> Running /isilon/hadoop/store/group/bruxljm/FWLJMET106XUL_singleLep2017UL_RunIISummer20_X53X53/PairVLQ_x53x53_tWtW_narrow_RH_M700_TuneCP5_13TeV-madgraph-pythia8/singleLep2017UL/230310_182013/0000/PairVLQ_x53x53_tWtW_narrow_RH_M700_TuneCP5_13TeV-madgraph-pythia8_56.root for shift: nominal
[step1.h] Opening file: /isilon/hadoop/store/group/bruxljm/FWLJMET106XUL_singleLep2017UL_RunIISummer20_X53X53/PairVLQ_x53x53_tWtW_narrow_RH_M700_TuneCP5_13TeV-madgraph-pythia8/singleLep2017UL/230310_182013/0000/PairVLQ_x53x53_tWtW_narrow_RH_M700_TuneCP5_13TeV-madgraph-pythia8_56.root
[step1.h] Finished initializing
RUN CONFIG: YEAR = 2017
Era = 
isMC = 1, isSig = 1, SigMass = 0
isHad =0, isSE =0, isSM =0
isTTTT = 0, isXX = 1, isTpTp = 0, isBpBp = 0
For W's: isTT = 0, isSTt = 0, isSTtW = 0
For jets & PDF: isTOP = 0, isMadgraphBkg = 1
For HOTTagger Efficiencies: isTTV = 0, isTTHbb = 0, isTTHnonbb = 0, isTTTX = 0
isTTVV = 0, isST = 0, isTTToSemiLeptonHT500Njet9 = 0
Pileup sample key: PairVLQ_x53x53_tWtW_narrow_RH_M700_TuneCP5_13TeV-madgraph-pythia8
b-tagging working points: 0.304(DeepJet)0.4506(DeepCSV)
isTTincMtt0to700: 0
isTTincMtt0to1000: 0
isTTincMtt700to1000: 0
isTTincMtt1000toInf: 0
isTTSemilepIncHT0Njet0: 0
isTTSemilepIncHT500Njet9: 0
outTTLF: 0
outTTCC: 0
outTTBB: 0
outTT1B: 0
outTT2B: 0
>> Completed 0 out of 1035 events
[INFO] Defaulting to central deepJet weight for: nominal
>> Completed 1000 out of 1035 events
Nelectrons      = 456 / 1035
Npassed_ElEta   = 456 / 1035
Nmuons          = 579 / 1035
NrelIsoFail     = 0 / 1035
Npassed_MuEta   = 579 / 1035
Npassed_nAK8Jets= 1035 / 1035
Npassed_Trigger = 1000 / 1035
Npassed_MET     = 834 / 1035
Npassed_lepPt   = 833 / 1035
Npassed_HT      = 1006 / 1035
npass_Njets     = 1029 / 1035
Npassed_ALL     = 640 / 1035

>> Running /isilon/hadoop/store/group/bruxljm/FWLJMET106XUL_singleLep2017UL_RunIISummer20_X53X53/PairVLQ_x53x53_tWtW_narrow_RH_M700_TuneCP5_13TeV-madgraph-pythia8/singleLep2017UL/230310_182013/0000/PairVLQ_x53x53_tWtW_narrow_RH_M700_TuneCP5_13TeV-madgraph-pythia8_57.root for shift: nominal
[step1.h] Opening file: /isilon/hadoop/store/group/bruxljm/FWLJMET106XUL_singleLep2017UL_RunIISummer20_X53X53/PairVLQ_x53x53_tWtW_narrow_RH_M700_TuneCP5_13TeV-madgraph-pythia8/singleLep2017UL/230310_182013/0000/PairVLQ_x53x53_tWtW_narrow_RH_M700_TuneCP5_13TeV-madgraph-pythia8_57.root
[step1.h] Finished initializing
RUN CONFIG: YEAR = 2017
Era = 
isMC = 1, isSig = 1, SigMass = 0
isHad =0, isSE =0, isSM =0
isTTTT = 0, isXX = 1, isTpTp = 0, isBpBp = 0
For W's: isTT = 0, isSTt = 0, isSTtW = 0
For jets & PDF: isTOP = 0, isMadgraphBkg = 1
For HOTTagger Efficiencies: isTTV = 0, isTTHbb = 0, isTTHnonbb = 0, isTTTX = 0
isTTVV = 0, isST = 0, isTTToSemiLeptonHT500Njet9 = 0
Pileup sample key: PairVLQ_x53x53_tWtW_narrow_RH_M700_TuneCP5_13TeV-madgraph-pythia8
b-tagging working points: 0.304(DeepJet)0.4506(DeepCSV)
isTTincMtt0to700: 0
isTTincMtt0to1000: 0
isTTincMtt700to1000: 0
isTTincMtt1000toInf: 0
isTTSemilepIncHT0Njet0: 0
isTTSemilepIncHT500Njet9: 0
outTTLF: 0
outTTCC: 0
outTTBB: 0
outTT1B: 0
outTT2B: 0
>> Completed 0 out of 1060 events
[INFO] Defaulting to central deepJet weight for: nominal
>> Completed 1000 out of 1060 events
Nelectrons      = 511 / 1060
Npassed_ElEta   = 511 / 1060
Nmuons          = 549 / 1060
NrelIsoFail     = 0 / 1060
Npassed_MuEta   = 549 / 1060
Npassed_nAK8Jets= 1060 / 1060
Npassed_Trigger = 1016 / 1060
Npassed_MET     = 800 / 1060
Npassed_lepPt   = 871 / 1060
Npassed_HT      = 1022 / 1060
npass_Njets     = 1049 / 1060
Npassed_ALL     = 630 / 1060

>> Running /isilon/hadoop/store/group/bruxljm/FWLJMET106XUL_singleLep2017UL_RunIISummer20_X53X53/PairVLQ_x53x53_tWtW_narrow_RH_M700_TuneCP5_13TeV-madgraph-pythia8/singleLep2017UL/230310_182013/0000/PairVLQ_x53x53_tWtW_narrow_RH_M700_TuneCP5_13TeV-madgraph-pythia8_58.root for shift: nominal
[step1.h] Opening file: /isilon/hadoop/store/group/bruxljm/FWLJMET106XUL_singleLep2017UL_RunIISummer20_X53X53/PairVLQ_x53x53_tWtW_narrow_RH_M700_TuneCP5_13TeV-madgraph-pythia8/singleLep2017UL/230310_182013/0000/PairVLQ_x53x53_tWtW_narrow_RH_M700_TuneCP5_13TeV-madgraph-pythia8_58.root
[step1.h] Finished initializing
RUN CONFIG: YEAR = 2017
Era = 
isMC = 1, isSig = 1, SigMass = 0
isHad =0, isSE =0, isSM =0
isTTTT = 0, isXX = 1, isTpTp = 0, isBpBp = 0
For W's: isTT = 0, isSTt = 0, isSTtW = 0
For jets & PDF: isTOP = 0, isMadgraphBkg = 1
For HOTTagger Efficiencies: isTTV = 0, isTTHbb = 0, isTTHnonbb = 0, isTTTX = 0
isTTVV = 0, isST = 0, isTTToSemiLeptonHT500Njet9 = 0
Pileup sample key: PairVLQ_x53x53_tWtW_narrow_RH_M700_TuneCP5_13TeV-madgraph-pythia8
b-tagging working points: 0.304(DeepJet)0.4506(DeepCSV)
isTTincMtt0to700: 0
isTTincMtt0to1000: 0
isTTincMtt700to1000: 0
isTTincMtt1000toInf: 0
isTTSemilepIncHT0Njet0: 0
isTTSemilepIncHT500Njet9: 0
outTTLF: 0
outTTCC: 0
outTTBB: 0
outTT1B: 0
outTT2B: 0
>> Completed 0 out of 963 events
[INFO] Defaulting to central deepJet weight for: nominal
Nelectrons      = 446 / 963
Npassed_ElEta   = 446 / 963
Nmuons          = 517 / 963
NrelIsoFail     = 0 / 963
Npassed_MuEta   = 517 / 963
Npassed_nAK8Jets= 963 / 963
Npassed_Trigger = 928 / 963
Npassed_MET     = 729 / 963
Npassed_lepPt   = 773 / 963
Npassed_HT      = 934 / 963
npass_Njets     = 959 / 963
Npassed_ALL     = 563 / 963

>> Running /isilon/hadoop/store/group/bruxljm/FWLJMET106XUL_singleLep2017UL_RunIISummer20_X53X53/PairVLQ_x53x53_tWtW_narrow_RH_M700_TuneCP5_13TeV-madgraph-pythia8/singleLep2017UL/230310_182013/0000/PairVLQ_x53x53_tWtW_narrow_RH_M700_TuneCP5_13TeV-madgraph-pythia8_59.root for shift: nominal
[step1.h] Opening file: /isilon/hadoop/store/group/bruxljm/FWLJMET106XUL_singleLep2017UL_RunIISummer20_X53X53/PairVLQ_x53x53_tWtW_narrow_RH_M700_TuneCP5_13TeV-madgraph-pythia8/singleLep2017UL/230310_182013/0000/PairVLQ_x53x53_tWtW_narrow_RH_M700_TuneCP5_13TeV-madgraph-pythia8_59.root
[step1.h] Finished initializing
RUN CONFIG: YEAR = 2017
Era = 
isMC = 1, isSig = 1, SigMass = 0
isHad =0, isSE =0, isSM =0
isTTTT = 0, isXX = 1, isTpTp = 0, isBpBp = 0
For W's: isTT = 0, isSTt = 0, isSTtW = 0
For jets & PDF: isTOP = 0, isMadgraphBkg = 1
For HOTTagger Efficiencies: isTTV = 0, isTTHbb = 0, isTTHnonbb = 0, isTTTX = 0
isTTVV = 0, isST = 0, isTTToSemiLeptonHT500Njet9 = 0
Pileup sample key: PairVLQ_x53x53_tWtW_narrow_RH_M700_TuneCP5_13TeV-madgraph-pythia8
b-tagging working points: 0.304(DeepJet)0.4506(DeepCSV)
isTTincMtt0to700: 0
isTTincMtt0to1000: 0
isTTincMtt700to1000: 0
isTTincMtt1000toInf: 0
isTTSemilepIncHT0Njet0: 0
isTTSemilepIncHT500Njet9: 0
outTTLF: 0
outTTCC: 0
outTTBB: 0
outTT1B: 0
outTT2B: 0
>> Completed 0 out of 1006 events
[INFO] Defaulting to central deepJet weight for: nominal
>> Completed 1000 out of 1006 events
Nelectrons      = 461 / 1006
Npassed_ElEta   = 461 / 1006
Nmuons          = 545 / 1006
NrelIsoFail     = 0 / 1006
Npassed_MuEta   = 545 / 1006
Npassed_nAK8Jets= 1006 / 1006
Npassed_Trigger = 970 / 1006
Npassed_MET     = 777 / 1006
Npassed_lepPt   = 810 / 1006
Npassed_HT      = 983 / 1006
npass_Njets     = 1002 / 1006
Npassed_ALL     = 606 / 1006

>> Running /isilon/hadoop/store/group/bruxljm/FWLJMET106XUL_singleLep2017UL_RunIISummer20_X53X53/PairVLQ_x53x53_tWtW_narrow_RH_M700_TuneCP5_13TeV-madgraph-pythia8/singleLep2017UL/230310_182013/0000/PairVLQ_x53x53_tWtW_narrow_RH_M700_TuneCP5_13TeV-madgraph-pythia8_6.root for shift: nominal
[step1.h] Opening file: /isilon/hadoop/store/group/bruxljm/FWLJMET106XUL_singleLep2017UL_RunIISummer20_X53X53/PairVLQ_x53x53_tWtW_narrow_RH_M700_TuneCP5_13TeV-madgraph-pythia8/singleLep2017UL/230310_182013/0000/PairVLQ_x53x53_tWtW_narrow_RH_M700_TuneCP5_13TeV-madgraph-pythia8_6.root
[step1.h] Finished initializing
RUN CONFIG: YEAR = 2017
Era = 
isMC = 1, isSig = 1, SigMass = 0
isHad =0, isSE =0, isSM =0
isTTTT = 0, isXX = 1, isTpTp = 0, isBpBp = 0
For W's: isTT = 0, isSTt = 0, isSTtW = 0
For jets & PDF: isTOP = 0, isMadgraphBkg = 1
For HOTTagger Efficiencies: isTTV = 0, isTTHbb = 0, isTTHnonbb = 0, isTTTX = 0
isTTVV = 0, isST = 0, isTTToSemiLeptonHT500Njet9 = 0
Pileup sample key: PairVLQ_x53x53_tWtW_narrow_RH_M700_TuneCP5_13TeV-madgraph-pythia8
b-tagging working points: 0.304(DeepJet)0.4506(DeepCSV)
isTTincMtt0to700: 0
isTTincMtt0to1000: 0
isTTincMtt700to1000: 0
isTTincMtt1000toInf: 0
isTTSemilepIncHT0Njet0: 0
isTTSemilepIncHT500Njet9: 0
outTTLF: 0
outTTCC: 0
outTTBB: 0
outTT1B: 0
outTT2B: 0
>> Completed 0 out of 510 events
[INFO] Defaulting to central deepJet weight for: nominal
Nelectrons      = 236 / 510
Npassed_ElEta   = 236 / 510
Nmuons          = 274 / 510
NrelIsoFail     = 0 / 510
Npassed_MuEta   = 274 / 510
Npassed_nAK8Jets= 510 / 510
Npassed_Trigger = 494 / 510
Npassed_MET     = 392 / 510
Npassed_lepPt   = 407 / 510
Npassed_HT      = 498 / 510
npass_Njets     = 510 / 510
Npassed_ALL     = 311 / 510

>> Running /isilon/hadoop/store/group/bruxljm/FWLJMET106XUL_singleLep2017UL_RunIISummer20_X53X53/PairVLQ_x53x53_tWtW_narrow_RH_M700_TuneCP5_13TeV-madgraph-pythia8/singleLep2017UL/230310_182013/0000/PairVLQ_x53x53_tWtW_narrow_RH_M700_TuneCP5_13TeV-madgraph-pythia8_60.root for shift: nominal
[step1.h] Opening file: /isilon/hadoop/store/group/bruxljm/FWLJMET106XUL_singleLep2017UL_RunIISummer20_X53X53/PairVLQ_x53x53_tWtW_narrow_RH_M700_TuneCP5_13TeV-madgraph-pythia8/singleLep2017UL/230310_182013/0000/PairVLQ_x53x53_tWtW_narrow_RH_M700_TuneCP5_13TeV-madgraph-pythia8_60.root
[step1.h] Finished initializing
RUN CONFIG: YEAR = 2017
Era = 
isMC = 1, isSig = 1, SigMass = 0
isHad =0, isSE =0, isSM =0
isTTTT = 0, isXX = 1, isTpTp = 0, isBpBp = 0
For W's: isTT = 0, isSTt = 0, isSTtW = 0
For jets & PDF: isTOP = 0, isMadgraphBkg = 1
For HOTTagger Efficiencies: isTTV = 0, isTTHbb = 0, isTTHnonbb = 0, isTTTX = 0
isTTVV = 0, isST = 0, isTTToSemiLeptonHT500Njet9 = 0
Pileup sample key: PairVLQ_x53x53_tWtW_narrow_RH_M700_TuneCP5_13TeV-madgraph-pythia8
b-tagging working points: 0.304(DeepJet)0.4506(DeepCSV)
isTTincMtt0to700: 0
isTTincMtt0to1000: 0
isTTincMtt700to1000: 0
isTTincMtt1000toInf: 0
isTTSemilepIncHT0Njet0: 0
isTTSemilepIncHT500Njet9: 0
outTTLF: 0
outTTCC: 0
outTTBB: 0
outTT1B: 0
outTT2B: 0
>> Completed 0 out of 1019 events
[INFO] Defaulting to central deepJet weight for: nominal
>> Completed 1000 out of 1019 events
Nelectrons      = 472 / 1019
Npassed_ElEta   = 472 / 1019
Nmuons          = 547 / 1019
NrelIsoFail     = 0 / 1019
Npassed_MuEta   = 547 / 1019
Npassed_nAK8Jets= 1019 / 1019
Npassed_Trigger = 985 / 1019
Npassed_MET     = 776 / 1019
Npassed_lepPt   = 839 / 1019
Npassed_HT      = 996 / 1019
npass_Njets     = 1015 / 1019
Npassed_ALL     = 616 / 1019

>> Running /isilon/hadoop/store/group/bruxljm/FWLJMET106XUL_singleLep2017UL_RunIISummer20_X53X53/PairVLQ_x53x53_tWtW_narrow_RH_M700_TuneCP5_13TeV-madgraph-pythia8/singleLep2017UL/230310_182013/0000/PairVLQ_x53x53_tWtW_narrow_RH_M700_TuneCP5_13TeV-madgraph-pythia8_61.root for shift: nominal
[step1.h] Opening file: /isilon/hadoop/store/group/bruxljm/FWLJMET106XUL_singleLep2017UL_RunIISummer20_X53X53/PairVLQ_x53x53_tWtW_narrow_RH_M700_TuneCP5_13TeV-madgraph-pythia8/singleLep2017UL/230310_182013/0000/PairVLQ_x53x53_tWtW_narrow_RH_M700_TuneCP5_13TeV-madgraph-pythia8_61.root
[step1.h] Finished initializing
RUN CONFIG: YEAR = 2017
Era = 
isMC = 1, isSig = 1, SigMass = 0
isHad =0, isSE =0, isSM =0
isTTTT = 0, isXX = 1, isTpTp = 0, isBpBp = 0
For W's: isTT = 0, isSTt = 0, isSTtW = 0
For jets & PDF: isTOP = 0, isMadgraphBkg = 1
For HOTTagger Efficiencies: isTTV = 0, isTTHbb = 0, isTTHnonbb = 0, isTTTX = 0
isTTVV = 0, isST = 0, isTTToSemiLeptonHT500Njet9 = 0
Pileup sample key: PairVLQ_x53x53_tWtW_narrow_RH_M700_TuneCP5_13TeV-madgraph-pythia8
b-tagging working points: 0.304(DeepJet)0.4506(DeepCSV)
isTTincMtt0to700: 0
isTTincMtt0to1000: 0
isTTincMtt700to1000: 0
isTTincMtt1000toInf: 0
isTTSemilepIncHT0Njet0: 0
isTTSemilepIncHT500Njet9: 0
outTTLF: 0
outTTCC: 0
outTTBB: 0
outTT1B: 0
outTT2B: 0
>> Completed 0 out of 1044 events
[INFO] Defaulting to central deepJet weight for: nominal
>> Completed 1000 out of 1044 events
Nelectrons      = 510 / 1044
Npassed_ElEta   = 510 / 1044
Nmuons          = 534 / 1044
NrelIsoFail     = 0 / 1044
Npassed_MuEta   = 534 / 1044
Npassed_nAK8Jets= 1044 / 1044
Npassed_Trigger = 1009 / 1044
Npassed_MET     = 792 / 1044
Npassed_lepPt   = 845 / 1044
Npassed_HT      = 1026 / 1044
npass_Njets     = 1039 / 1044
Npassed_ALL     = 623 / 1044

>> Running /isilon/hadoop/store/group/bruxljm/FWLJMET106XUL_singleLep2017UL_RunIISummer20_X53X53/PairVLQ_x53x53_tWtW_narrow_RH_M700_TuneCP5_13TeV-madgraph-pythia8/singleLep2017UL/230310_182013/0000/PairVLQ_x53x53_tWtW_narrow_RH_M700_TuneCP5_13TeV-madgraph-pythia8_62.root for shift: nominal
[step1.h] Opening file: /isilon/hadoop/store/group/bruxljm/FWLJMET106XUL_singleLep2017UL_RunIISummer20_X53X53/PairVLQ_x53x53_tWtW_narrow_RH_M700_TuneCP5_13TeV-madgraph-pythia8/singleLep2017UL/230310_182013/0000/PairVLQ_x53x53_tWtW_narrow_RH_M700_TuneCP5_13TeV-madgraph-pythia8_62.root
[step1.h] Finished initializing
RUN CONFIG: YEAR = 2017
Era = 
isMC = 1, isSig = 1, SigMass = 0
isHad =0, isSE =0, isSM =0
isTTTT = 0, isXX = 1, isTpTp = 0, isBpBp = 0
For W's: isTT = 0, isSTt = 0, isSTtW = 0
For jets & PDF: isTOP = 0, isMadgraphBkg = 1
For HOTTagger Efficiencies: isTTV = 0, isTTHbb = 0, isTTHnonbb = 0, isTTTX = 0
isTTVV = 0, isST = 0, isTTToSemiLeptonHT500Njet9 = 0
Pileup sample key: PairVLQ_x53x53_tWtW_narrow_RH_M700_TuneCP5_13TeV-madgraph-pythia8
b-tagging working points: 0.304(DeepJet)0.4506(DeepCSV)
isTTincMtt0to700: 0
isTTincMtt0to1000: 0
isTTincMtt700to1000: 0
isTTincMtt1000toInf: 0
isTTSemilepIncHT0Njet0: 0
isTTSemilepIncHT500Njet9: 0
outTTLF: 0
outTTCC: 0
outTTBB: 0
outTT1B: 0
outTT2B: 0
>> Completed 0 out of 969 events
[INFO] Defaulting to central deepJet weight for: nominal
Nelectrons      = 466 / 969
Npassed_ElEta   = 466 / 969
Nmuons          = 503 / 969
NrelIsoFail     = 0 / 969
Npassed_MuEta   = 503 / 969
Npassed_nAK8Jets= 969 / 969
Npassed_Trigger = 933 / 969
Npassed_MET     = 741 / 969
Npassed_lepPt   = 788 / 969
Npassed_HT      = 950 / 969
npass_Njets     = 968 / 969
Npassed_ALL     = 583 / 969

>> Running /isilon/hadoop/store/group/bruxljm/FWLJMET106XUL_singleLep2017UL_RunIISummer20_X53X53/PairVLQ_x53x53_tWtW_narrow_RH_M700_TuneCP5_13TeV-madgraph-pythia8/singleLep2017UL/230310_182013/0000/PairVLQ_x53x53_tWtW_narrow_RH_M700_TuneCP5_13TeV-madgraph-pythia8_63.root for shift: nominal
[step1.h] Opening file: /isilon/hadoop/store/group/bruxljm/FWLJMET106XUL_singleLep2017UL_RunIISummer20_X53X53/PairVLQ_x53x53_tWtW_narrow_RH_M700_TuneCP5_13TeV-madgraph-pythia8/singleLep2017UL/230310_182013/0000/PairVLQ_x53x53_tWtW_narrow_RH_M700_TuneCP5_13TeV-madgraph-pythia8_63.root
[step1.h] Finished initializing
RUN CONFIG: YEAR = 2017
Era = 
isMC = 1, isSig = 1, SigMass = 0
isHad =0, isSE =0, isSM =0
isTTTT = 0, isXX = 1, isTpTp = 0, isBpBp = 0
For W's: isTT = 0, isSTt = 0, isSTtW = 0
For jets & PDF: isTOP = 0, isMadgraphBkg = 1
For HOTTagger Efficiencies: isTTV = 0, isTTHbb = 0, isTTHnonbb = 0, isTTTX = 0
isTTVV = 0, isST = 0, isTTToSemiLeptonHT500Njet9 = 0
Pileup sample key: PairVLQ_x53x53_tWtW_narrow_RH_M700_TuneCP5_13TeV-madgraph-pythia8
b-tagging working points: 0.304(DeepJet)0.4506(DeepCSV)
isTTincMtt0to700: 0
isTTincMtt0to1000: 0
isTTincMtt700to1000: 0
isTTincMtt1000toInf: 0
isTTSemilepIncHT0Njet0: 0
isTTSemilepIncHT500Njet9: 0
outTTLF: 0
outTTCC: 0
outTTBB: 0
outTT1B: 0
outTT2B: 0
>> Completed 0 out of 1014 events
[INFO] Defaulting to central deepJet weight for: nominal
>> Completed 1000 out of 1014 events
Nelectrons      = 481 / 1014
Npassed_ElEta   = 481 / 1014
Nmuons          = 533 / 1014
NrelIsoFail     = 0 / 1014
Npassed_MuEta   = 533 / 1014
Npassed_nAK8Jets= 1014 / 1014
Npassed_Trigger = 976 / 1014
Npassed_MET     = 789 / 1014
Npassed_lepPt   = 833 / 1014
Npassed_HT      = 995 / 1014
npass_Njets     = 1010 / 1014
Npassed_ALL     = 631 / 1014

>> Running /isilon/hadoop/store/group/bruxljm/FWLJMET106XUL_singleLep2017UL_RunIISummer20_X53X53/PairVLQ_x53x53_tWtW_narrow_RH_M700_TuneCP5_13TeV-madgraph-pythia8/singleLep2017UL/230310_182013/0000/PairVLQ_x53x53_tWtW_narrow_RH_M700_TuneCP5_13TeV-madgraph-pythia8_64.root for shift: nominal
[step1.h] Opening file: /isilon/hadoop/store/group/bruxljm/FWLJMET106XUL_singleLep2017UL_RunIISummer20_X53X53/PairVLQ_x53x53_tWtW_narrow_RH_M700_TuneCP5_13TeV-madgraph-pythia8/singleLep2017UL/230310_182013/0000/PairVLQ_x53x53_tWtW_narrow_RH_M700_TuneCP5_13TeV-madgraph-pythia8_64.root
[step1.h] Finished initializing
RUN CONFIG: YEAR = 2017
Era = 
isMC = 1, isSig = 1, SigMass = 0
isHad =0, isSE =0, isSM =0
isTTTT = 0, isXX = 1, isTpTp = 0, isBpBp = 0
For W's: isTT = 0, isSTt = 0, isSTtW = 0
For jets & PDF: isTOP = 0, isMadgraphBkg = 1
For HOTTagger Efficiencies: isTTV = 0, isTTHbb = 0, isTTHnonbb = 0, isTTTX = 0
isTTVV = 0, isST = 0, isTTToSemiLeptonHT500Njet9 = 0
Pileup sample key: PairVLQ_x53x53_tWtW_narrow_RH_M700_TuneCP5_13TeV-madgraph-pythia8
b-tagging working points: 0.304(DeepJet)0.4506(DeepCSV)
isTTincMtt0to700: 0
isTTincMtt0to1000: 0
isTTincMtt700to1000: 0
isTTincMtt1000toInf: 0
isTTSemilepIncHT0Njet0: 0
isTTSemilepIncHT500Njet9: 0
outTTLF: 0
outTTCC: 0
outTTBB: 0
outTT1B: 0
outTT2B: 0
>> Completed 0 out of 1013 events
[INFO] Defaulting to central deepJet weight for: nominal
>> Completed 1000 out of 1013 events
Nelectrons      = 436 / 1013
Npassed_ElEta   = 436 / 1013
Nmuons          = 577 / 1013
NrelIsoFail     = 0 / 1013
Npassed_MuEta   = 577 / 1013
Npassed_nAK8Jets= 1013 / 1013
Npassed_Trigger = 981 / 1013
Npassed_MET     = 764 / 1013
Npassed_lepPt   = 816 / 1013
Npassed_HT      = 982 / 1013
npass_Njets     = 1011 / 1013
Npassed_ALL     = 587 / 1013

>> Running /isilon/hadoop/store/group/bruxljm/FWLJMET106XUL_singleLep2017UL_RunIISummer20_X53X53/PairVLQ_x53x53_tWtW_narrow_RH_M700_TuneCP5_13TeV-madgraph-pythia8/singleLep2017UL/230310_182013/0000/PairVLQ_x53x53_tWtW_narrow_RH_M700_TuneCP5_13TeV-madgraph-pythia8_65.root for shift: nominal
[step1.h] Opening file: /isilon/hadoop/store/group/bruxljm/FWLJMET106XUL_singleLep2017UL_RunIISummer20_X53X53/PairVLQ_x53x53_tWtW_narrow_RH_M700_TuneCP5_13TeV-madgraph-pythia8/singleLep2017UL/230310_182013/0000/PairVLQ_x53x53_tWtW_narrow_RH_M700_TuneCP5_13TeV-madgraph-pythia8_65.root
[step1.h] Finished initializing
RUN CONFIG: YEAR = 2017
Era = 
isMC = 1, isSig = 1, SigMass = 0
isHad =0, isSE =0, isSM =0
isTTTT = 0, isXX = 1, isTpTp = 0, isBpBp = 0
For W's: isTT = 0, isSTt = 0, isSTtW = 0
For jets & PDF: isTOP = 0, isMadgraphBkg = 1
For HOTTagger Efficiencies: isTTV = 0, isTTHbb = 0, isTTHnonbb = 0, isTTTX = 0
isTTVV = 0, isST = 0, isTTToSemiLeptonHT500Njet9 = 0
Pileup sample key: PairVLQ_x53x53_tWtW_narrow_RH_M700_TuneCP5_13TeV-madgraph-pythia8
b-tagging working points: 0.304(DeepJet)0.4506(DeepCSV)
isTTincMtt0to700: 0
isTTincMtt0to1000: 0
isTTincMtt700to1000: 0
isTTincMtt1000toInf: 0
isTTSemilepIncHT0Njet0: 0
isTTSemilepIncHT500Njet9: 0
outTTLF: 0
outTTCC: 0
outTTBB: 0
outTT1B: 0
outTT2B: 0
>> Completed 0 out of 1004 events
[INFO] Defaulting to central deepJet weight for: nominal
>> Completed 1000 out of 1004 events
Nelectrons      = 472 / 1004
Npassed_ElEta   = 472 / 1004
Nmuons          = 532 / 1004
NrelIsoFail     = 0 / 1004
Npassed_MuEta   = 532 / 1004
Npassed_nAK8Jets= 1004 / 1004
Npassed_Trigger = 966 / 1004
Npassed_MET     = 780 / 1004
Npassed_lepPt   = 804 / 1004
Npassed_HT      = 976 / 1004
npass_Njets     = 997 / 1004
Npassed_ALL     = 606 / 1004

>> Running /isilon/hadoop/store/group/bruxljm/FWLJMET106XUL_singleLep2017UL_RunIISummer20_X53X53/PairVLQ_x53x53_tWtW_narrow_RH_M700_TuneCP5_13TeV-madgraph-pythia8/singleLep2017UL/230310_182013/0000/PairVLQ_x53x53_tWtW_narrow_RH_M700_TuneCP5_13TeV-madgraph-pythia8_66.root for shift: nominal
[step1.h] Opening file: /isilon/hadoop/store/group/bruxljm/FWLJMET106XUL_singleLep2017UL_RunIISummer20_X53X53/PairVLQ_x53x53_tWtW_narrow_RH_M700_TuneCP5_13TeV-madgraph-pythia8/singleLep2017UL/230310_182013/0000/PairVLQ_x53x53_tWtW_narrow_RH_M700_TuneCP5_13TeV-madgraph-pythia8_66.root
[step1.h] Finished initializing
RUN CONFIG: YEAR = 2017
Era = 
isMC = 1, isSig = 1, SigMass = 0
isHad =0, isSE =0, isSM =0
isTTTT = 0, isXX = 1, isTpTp = 0, isBpBp = 0
For W's: isTT = 0, isSTt = 0, isSTtW = 0
For jets & PDF: isTOP = 0, isMadgraphBkg = 1
For HOTTagger Efficiencies: isTTV = 0, isTTHbb = 0, isTTHnonbb = 0, isTTTX = 0
isTTVV = 0, isST = 0, isTTToSemiLeptonHT500Njet9 = 0
Pileup sample key: PairVLQ_x53x53_tWtW_narrow_RH_M700_TuneCP5_13TeV-madgraph-pythia8
b-tagging working points: 0.304(DeepJet)0.4506(DeepCSV)
isTTincMtt0to700: 0
isTTincMtt0to1000: 0
isTTincMtt700to1000: 0
isTTincMtt1000toInf: 0
isTTSemilepIncHT0Njet0: 0
isTTSemilepIncHT500Njet9: 0
outTTLF: 0
outTTCC: 0
outTTBB: 0
outTT1B: 0
outTT2B: 0
>> Completed 0 out of 990 events
[INFO] Defaulting to central deepJet weight for: nominal
Nelectrons      = 457 / 990
Npassed_ElEta   = 457 / 990
Nmuons          = 533 / 990
NrelIsoFail     = 0 / 990
Npassed_MuEta   = 533 / 990
Npassed_nAK8Jets= 990 / 990
Npassed_Trigger = 952 / 990
Npassed_MET     = 754 / 990
Npassed_lepPt   = 841 / 990
Npassed_HT      = 961 / 990
npass_Njets     = 983 / 990
Npassed_ALL     = 610 / 990

>> Running /isilon/hadoop/store/group/bruxljm/FWLJMET106XUL_singleLep2017UL_RunIISummer20_X53X53/PairVLQ_x53x53_tWtW_narrow_RH_M700_TuneCP5_13TeV-madgraph-pythia8/singleLep2017UL/230310_182013/0000/PairVLQ_x53x53_tWtW_narrow_RH_M700_TuneCP5_13TeV-madgraph-pythia8_67.root for shift: nominal
[step1.h] Opening file: /isilon/hadoop/store/group/bruxljm/FWLJMET106XUL_singleLep2017UL_RunIISummer20_X53X53/PairVLQ_x53x53_tWtW_narrow_RH_M700_TuneCP5_13TeV-madgraph-pythia8/singleLep2017UL/230310_182013/0000/PairVLQ_x53x53_tWtW_narrow_RH_M700_TuneCP5_13TeV-madgraph-pythia8_67.root
[step1.h] Finished initializing
RUN CONFIG: YEAR = 2017
Era = 
isMC = 1, isSig = 1, SigMass = 0
isHad =0, isSE =0, isSM =0
isTTTT = 0, isXX = 1, isTpTp = 0, isBpBp = 0
For W's: isTT = 0, isSTt = 0, isSTtW = 0
For jets & PDF: isTOP = 0, isMadgraphBkg = 1
For HOTTagger Efficiencies: isTTV = 0, isTTHbb = 0, isTTHnonbb = 0, isTTTX = 0
isTTVV = 0, isST = 0, isTTToSemiLeptonHT500Njet9 = 0
Pileup sample key: PairVLQ_x53x53_tWtW_narrow_RH_M700_TuneCP5_13TeV-madgraph-pythia8
b-tagging working points: 0.304(DeepJet)0.4506(DeepCSV)
isTTincMtt0to700: 0
isTTincMtt0to1000: 0
isTTincMtt700to1000: 0
isTTincMtt1000toInf: 0
isTTSemilepIncHT0Njet0: 0
isTTSemilepIncHT500Njet9: 0
outTTLF: 0
outTTCC: 0
outTTBB: 0
outTT1B: 0
outTT2B: 0
>> Completed 0 out of 1021 events
[INFO] Defaulting to central deepJet weight for: nominal
>> Completed 1000 out of 1021 events
Nelectrons      = 475 / 1021
Npassed_ElEta   = 475 / 1021
Nmuons          = 546 / 1021
NrelIsoFail     = 0 / 1021
Npassed_MuEta   = 546 / 1021
Npassed_nAK8Jets= 1021 / 1021
Npassed_Trigger = 989 / 1021
Npassed_MET     = 774 / 1021
Npassed_lepPt   = 834 / 1021
Npassed_HT      = 999 / 1021
npass_Njets     = 1014 / 1021
Npassed_ALL     = 609 / 1021
>> Available ROOT Files:
-rw-r--r-- 1 fsimpson gridusers 2038017 Apr 24 09:17 PairVLQ_x53x53_tWtW_narrow_RH_M700_TuneCP5_13TeV-madgraph-pythia8_40nominal.root
-rw-r--r-- 1 fsimpson gridusers 2045124 Apr 24 09:17 PairVLQ_x53x53_tWtW_narrow_RH_M700_TuneCP5_13TeV-madgraph-pythia8_41nominal.root
-rw-r--r-- 1 fsimpson gridusers 2134181 Apr 24 09:17 PairVLQ_x53x53_tWtW_narrow_RH_M700_TuneCP5_13TeV-madgraph-pythia8_42nominal.root
-rw-r--r-- 1 fsimpson gridusers 2088953 Apr 24 09:17 PairVLQ_x53x53_tWtW_narrow_RH_M700_TuneCP5_13TeV-madgraph-pythia8_43nominal.root
-rw-r--r-- 1 fsimpson gridusers 2129155 Apr 24 09:17 PairVLQ_x53x53_tWtW_narrow_RH_M700_TuneCP5_13TeV-madgraph-pythia8_44nominal.root
-rw-r--r-- 1 fsimpson gridusers 2250224 Apr 24 09:17 PairVLQ_x53x53_tWtW_narrow_RH_M700_TuneCP5_13TeV-madgraph-pythia8_45nominal.root
-rw-r--r-- 1 fsimpson gridusers 2088101 Apr 24 09:17 PairVLQ_x53x53_tWtW_narrow_RH_M700_TuneCP5_13TeV-madgraph-pythia8_46nominal.root
-rw-r--r-- 1 fsimpson gridusers 2104712 Apr 24 09:17 PairVLQ_x53x53_tWtW_narrow_RH_M700_TuneCP5_13TeV-madgraph-pythia8_47nominal.root
-rw-r--r-- 1 fsimpson gridusers 2195525 Apr 24 09:17 PairVLQ_x53x53_tWtW_narrow_RH_M700_TuneCP5_13TeV-madgraph-pythia8_48nominal.root
-rw-r--r-- 1 fsimpson gridusers 1978369 Apr 24 09:17 PairVLQ_x53x53_tWtW_narrow_RH_M700_TuneCP5_13TeV-madgraph-pythia8_49nominal.root
-rw-r--r-- 1 fsimpson gridusers 2130199 Apr 24 09:17 PairVLQ_x53x53_tWtW_narrow_RH_M700_TuneCP5_13TeV-madgraph-pythia8_50nominal.root
-rw-r--r-- 1 fsimpson gridusers 2100645 Apr 24 09:17 PairVLQ_x53x53_tWtW_narrow_RH_M700_TuneCP5_13TeV-madgraph-pythia8_51nominal.root
-rw-r--r-- 1 fsimpson gridusers 2093699 Apr 24 09:17 PairVLQ_x53x53_tWtW_narrow_RH_M700_TuneCP5_13TeV-madgraph-pythia8_52nominal.root
-rw-r--r-- 1 fsimpson gridusers 2149494 Apr 24 09:17 PairVLQ_x53x53_tWtW_narrow_RH_M700_TuneCP5_13TeV-madgraph-pythia8_53nominal.root
-rw-r--r-- 1 fsimpson gridusers 2003087 Apr 24 09:17 PairVLQ_x53x53_tWtW_narrow_RH_M700_TuneCP5_13TeV-madgraph-pythia8_54nominal.root
-rw-r--r-- 1 fsimpson gridusers 2112787 Apr 24 09:17 PairVLQ_x53x53_tWtW_narrow_RH_M700_TuneCP5_13TeV-madgraph-pythia8_55nominal.root
-rw-r--r-- 1 fsimpson gridusers 2177991 Apr 24 09:17 PairVLQ_x53x53_tWtW_narrow_RH_M700_TuneCP5_13TeV-madgraph-pythia8_56nominal.root
-rw-r--r-- 1 fsimpson gridusers 2214836 Apr 24 09:17 PairVLQ_x53x53_tWtW_narrow_RH_M700_TuneCP5_13TeV-madgraph-pythia8_57nominal.root
-rw-r--r-- 1 fsimpson gridusers 1943841 Apr 24 09:17 PairVLQ_x53x53_tWtW_narrow_RH_M700_TuneCP5_13TeV-madgraph-pythia8_58nominal.root
-rw-r--r-- 1 fsimpson gridusers 2141978 Apr 24 09:17 PairVLQ_x53x53_tWtW_narrow_RH_M700_TuneCP5_13TeV-madgraph-pythia8_59nominal.root
-rw-r--r-- 1 fsimpson gridusers 1065329 Apr 24 09:17 PairVLQ_x53x53_tWtW_narrow_RH_M700_TuneCP5_13TeV-madgraph-pythia8_5nominal.root
-rw-r--r-- 1 fsimpson gridusers 2114567 Apr 24 09:17 PairVLQ_x53x53_tWtW_narrow_RH_M700_TuneCP5_13TeV-madgraph-pythia8_60nominal.root
-rw-r--r-- 1 fsimpson gridusers 2144643 Apr 24 09:17 PairVLQ_x53x53_tWtW_narrow_RH_M700_TuneCP5_13TeV-madgraph-pythia8_61nominal.root
-rw-r--r-- 1 fsimpson gridusers 1973511 Apr 24 09:17 PairVLQ_x53x53_tWtW_narrow_RH_M700_TuneCP5_13TeV-madgraph-pythia8_62nominal.root
-rw-r--r-- 1 fsimpson gridusers 2180536 Apr 24 09:17 PairVLQ_x53x53_tWtW_narrow_RH_M700_TuneCP5_13TeV-madgraph-pythia8_63nominal.root
-rw-r--r-- 1 fsimpson gridusers 2038360 Apr 24 09:17 PairVLQ_x53x53_tWtW_narrow_RH_M700_TuneCP5_13TeV-madgraph-pythia8_64nominal.root
-rw-r--r-- 1 fsimpson gridusers 2096700 Apr 24 09:17 PairVLQ_x53x53_tWtW_narrow_RH_M700_TuneCP5_13TeV-madgraph-pythia8_65nominal.root
-rw-r--r-- 1 fsimpson gridusers 2068625 Apr 24 09:17 PairVLQ_x53x53_tWtW_narrow_RH_M700_TuneCP5_13TeV-madgraph-pythia8_66nominal.root
-rw-r--r-- 1 fsimpson gridusers 2102119 Apr 24 09:17 PairVLQ_x53x53_tWtW_narrow_RH_M700_TuneCP5_13TeV-madgraph-pythia8_67nominal.root
-rw-r--r-- 1 fsimpson gridusers 1088366 Apr 24 09:17 PairVLQ_x53x53_tWtW_narrow_RH_M700_TuneCP5_13TeV-madgraph-pythia8_6nominal.root
>> xrdcp output for condor
hadd Target file: PairVLQ_x53x53_tWtW_narrow_RH_M700_TuneCP5_13TeV-madgraph-pythia8_4nominal_hadd.root
hadd compression setting for all ouput: 1
hadd Source file 1: PairVLQ_x53x53_tWtW_narrow_RH_M700_TuneCP5_13TeV-madgraph-pythia8_40nominal.root
hadd Source file 2: PairVLQ_x53x53_tWtW_narrow_RH_M700_TuneCP5_13TeV-madgraph-pythia8_41nominal.root
hadd Source file 3: PairVLQ_x53x53_tWtW_narrow_RH_M700_TuneCP5_13TeV-madgraph-pythia8_42nominal.root
hadd Source file 4: PairVLQ_x53x53_tWtW_narrow_RH_M700_TuneCP5_13TeV-madgraph-pythia8_43nominal.root
hadd Source file 5: PairVLQ_x53x53_tWtW_narrow_RH_M700_TuneCP5_13TeV-madgraph-pythia8_44nominal.root
hadd Source file 6: PairVLQ_x53x53_tWtW_narrow_RH_M700_TuneCP5_13TeV-madgraph-pythia8_45nominal.root
hadd Source file 7: PairVLQ_x53x53_tWtW_narrow_RH_M700_TuneCP5_13TeV-madgraph-pythia8_46nominal.root
hadd Source file 8: PairVLQ_x53x53_tWtW_narrow_RH_M700_TuneCP5_13TeV-madgraph-pythia8_47nominal.root
hadd Source file 9: PairVLQ_x53x53_tWtW_narrow_RH_M700_TuneCP5_13TeV-madgraph-pythia8_48nominal.root
hadd Source file 10: PairVLQ_x53x53_tWtW_narrow_RH_M700_TuneCP5_13TeV-madgraph-pythia8_49nominal.root
hadd Source file 11: PairVLQ_x53x53_tWtW_narrow_RH_M700_TuneCP5_13TeV-madgraph-pythia8_50nominal.root
hadd Source file 12: PairVLQ_x53x53_tWtW_narrow_RH_M700_TuneCP5_13TeV-madgraph-pythia8_51nominal.root
hadd Source file 13: PairVLQ_x53x53_tWtW_narrow_RH_M700_TuneCP5_13TeV-madgraph-pythia8_52nominal.root
hadd Source file 14: PairVLQ_x53x53_tWtW_narrow_RH_M700_TuneCP5_13TeV-madgraph-pythia8_53nominal.root
hadd Source file 15: PairVLQ_x53x53_tWtW_narrow_RH_M700_TuneCP5_13TeV-madgraph-pythia8_54nominal.root
hadd Source file 16: PairVLQ_x53x53_tWtW_narrow_RH_M700_TuneCP5_13TeV-madgraph-pythia8_55nominal.root
hadd Source file 17: PairVLQ_x53x53_tWtW_narrow_RH_M700_TuneCP5_13TeV-madgraph-pythia8_56nominal.root
hadd Source file 18: PairVLQ_x53x53_tWtW_narrow_RH_M700_TuneCP5_13TeV-madgraph-pythia8_57nominal.root
hadd Source file 19: PairVLQ_x53x53_tWtW_narrow_RH_M700_TuneCP5_13TeV-madgraph-pythia8_58nominal.root
hadd Source file 20: PairVLQ_x53x53_tWtW_narrow_RH_M700_TuneCP5_13TeV-madgraph-pythia8_59nominal.root
hadd Source file 21: PairVLQ_x53x53_tWtW_narrow_RH_M700_TuneCP5_13TeV-madgraph-pythia8_5nominal.root
hadd Source file 22: PairVLQ_x53x53_tWtW_narrow_RH_M700_TuneCP5_13TeV-madgraph-pythia8_60nominal.root
hadd Source file 23: PairVLQ_x53x53_tWtW_narrow_RH_M700_TuneCP5_13TeV-madgraph-pythia8_61nominal.root
hadd Source file 24: PairVLQ_x53x53_tWtW_narrow_RH_M700_TuneCP5_13TeV-madgraph-pythia8_62nominal.root
hadd Source file 25: PairVLQ_x53x53_tWtW_narrow_RH_M700_TuneCP5_13TeV-madgraph-pythia8_63nominal.root
hadd Source file 26: PairVLQ_x53x53_tWtW_narrow_RH_M700_TuneCP5_13TeV-madgraph-pythia8_64nominal.root
hadd Source file 27: PairVLQ_x53x53_tWtW_narrow_RH_M700_TuneCP5_13TeV-madgraph-pythia8_65nominal.root
hadd Source file 28: PairVLQ_x53x53_tWtW_narrow_RH_M700_TuneCP5_13TeV-madgraph-pythia8_66nominal.root
hadd Source file 29: PairVLQ_x53x53_tWtW_narrow_RH_M700_TuneCP5_13TeV-madgraph-pythia8_67nominal.root
hadd Source file 30: PairVLQ_x53x53_tWtW_narrow_RH_M700_TuneCP5_13TeV-madgraph-pythia8_6nominal.root
hadd Target path: PairVLQ_x53x53_tWtW_narrow_RH_M700_TuneCP5_13TeV-madgraph-pythia8_4nominal_hadd.root:/
>> mv PairVLQ_x53x53_tWtW_narrow_RH_M700_TuneCP5_13TeV-madgraph-pythia8_4nominal_hadd.root /isilon/hadoop/store/group/bruxljm/FWLJMET106XUL_singleLep2017UL_RunIISummer20_X53X53_step1/nominal/PairVLQ_x53x53_tWtW_narrow_RH_M700_TuneCP5_13TeV-madgraph-pythia8/PairVLQ_x53x53_tWtW_narrow_RH_M700_TuneCP5_13TeV-madgraph-pythia8_4.root
[DONE]
