000 (630096.000.000) 04/24 07:52:01 Job submitted from host: <172.20.3.187:9618?addrs=172.20.3.187-9618&noUDP&sock=2297_2121_3>
...
001 (630096.000.000) 04/24 07:54:13 Job executing on host: <172.20.225.7:9618?addrs=172.20.225.7-9618&noUDP&sock=3394_9486_3>
...
006 (630096.000.000) 04/24 07:54:22 Image size of job updated: 130544
	103  -  MemoryUsage of job (MB)
	104612  -  ResidentSetSize of job (KB)
...
006 (630096.000.000) 04/24 07:59:24 Image size of job updated: 720816
	704  -  MemoryUsage of job (MB)
	720236  -  ResidentSetSize of job (KB)
...
006 (630096.000.000) 04/24 08:04:24 Image size of job updated: 988440
	965  -  MemoryUsage of job (MB)
	987960  -  ResidentSetSize of job (KB)
...
006 (630096.000.000) 04/24 08:09:25 Image size of job updated: 1188396
	1161  -  MemoryUsage of job (MB)
	1188064  -  ResidentSetSize of job (KB)
...
006 (630096.000.000) 04/24 08:14:25 Image size of job updated: 1363608
	1332  -  MemoryUsage of job (MB)
	1363276  -  ResidentSetSize of job (KB)
...
006 (630096.000.000) 04/24 08:19:25 Image size of job updated: 1511008
	1476  -  MemoryUsage of job (MB)
	1510832  -  ResidentSetSize of job (KB)
...
006 (630096.000.000) 04/24 08:20:49 Image size of job updated: 1511008
	1476  -  MemoryUsage of job (MB)
	1510864  -  ResidentSetSize of job (KB)
...
005 (630096.000.000) 04/24 08:20:49 Job terminated.
	(1) Normal termination (return value 0)
		Usr 0 00:25:05, Sys 0 00:00:29  -  Run Remote Usage
		Usr 0 00:00:00, Sys 0 00:00:00  -  Run Local Usage
		Usr 0 00:25:05, Sys 0 00:00:29  -  Total Remote Usage
		Usr 0 00:00:00, Sys 0 00:00:00  -  Total Local Usage
	1703864  -  Run Bytes Sent By Job
	8620734  -  Run Bytes Received By Job
	1703864  -  Total Bytes Sent By Job
	8620734  -  Total Bytes Received By Job
	Partitionable Resources :    Usage  Request Allocated 
	   Cpus                 :     0.99        1         1 
	   Disk (KB)            : 10638       10000 479738639 
	   Memory (MB)          :  1476        6144      8033 
...
000 (630155.000.000) 04/24 08:39:26 Job submitted from host: <172.20.3.187:9618?addrs=172.20.3.187-9618&noUDP&sock=2297_2121_3>
...
001 (630155.000.000) 04/24 08:48:32 Job executing on host: <172.20.225.7:9618?addrs=172.20.225.7-9618&noUDP&sock=3394_9486_3>
...
006 (630155.000.000) 04/24 08:48:42 Image size of job updated: 100720
	91  -  MemoryUsage of job (MB)
	93028  -  ResidentSetSize of job (KB)
...
006 (630155.000.000) 04/24 08:53:42 Image size of job updated: 680036
	664  -  MemoryUsage of job (MB)
	679052  -  ResidentSetSize of job (KB)
...
006 (630155.000.000) 04/24 08:58:43 Image size of job updated: 960268
	937  -  MemoryUsage of job (MB)
	959452  -  ResidentSetSize of job (KB)
...
006 (630155.000.000) 04/24 09:03:43 Image size of job updated: 1163140
	1135  -  MemoryUsage of job (MB)
	1162172  -  ResidentSetSize of job (KB)
...
006 (630155.000.000) 04/24 09:08:44 Image size of job updated: 1335112
	1304  -  MemoryUsage of job (MB)
	1334664  -  ResidentSetSize of job (KB)
...
006 (630155.000.000) 04/24 09:13:44 Image size of job updated: 1483380
	1449  -  MemoryUsage of job (MB)
	1482976  -  ResidentSetSize of job (KB)
...
006 (630155.000.000) 04/24 09:16:20 Image size of job updated: 1483380
	1449  -  MemoryUsage of job (MB)
	1483016  -  ResidentSetSize of job (KB)
...
005 (630155.000.000) 04/24 09:16:20 Job terminated.
	(1) Normal termination (return value 0)
		Usr 0 00:25:54, Sys 0 00:00:38  -  Run Remote Usage
		Usr 0 00:00:00, Sys 0 00:00:00  -  Run Local Usage
		Usr 0 00:25:54, Sys 0 00:00:38  -  Total Remote Usage
		Usr 0 00:00:00, Sys 0 00:00:00  -  Total Local Usage
	1717631  -  Run Bytes Sent By Job
	8620823  -  Run Bytes Received By Job
	1717631  -  Total Bytes Sent By Job
	8620823  -  Total Bytes Received By Job
	Partitionable Resources :    Usage  Request Allocated 
	   Cpus                 :     0.99        1         1 
	   Disk (KB)            : 10652       10000 479738639 
	   Memory (MB)          :  1449        6144      8033 
...
