000 (630077.000.000) 04/24 07:52:00 Job submitted from host: <172.20.3.187:9618?addrs=172.20.3.187-9618&noUDP&sock=2297_2121_3>
...
001 (630077.000.000) 04/24 07:53:11 Job executing on host: <172.20.225.4:9618?addrs=172.20.225.4-9618&noUDP&sock=3366_5fdf_3>
...
006 (630077.000.000) 04/24 07:53:24 Image size of job updated: 141324
	123  -  MemoryUsage of job (MB)
	125560  -  ResidentSetSize of job (KB)
...
006 (630077.000.000) 04/24 07:58:25 Image size of job updated: 683508
	668  -  MemoryUsage of job (MB)
	683168  -  ResidentSetSize of job (KB)
...
006 (630077.000.000) 04/24 08:03:26 Image size of job updated: 950724
	929  -  MemoryUsage of job (MB)
	950544  -  ResidentSetSize of job (KB)
...
006 (630077.000.000) 04/24 08:08:26 Image size of job updated: 1147600
	1121  -  MemoryUsage of job (MB)
	1147092  -  ResidentSetSize of job (KB)
...
006 (630077.000.000) 04/24 08:13:27 Image size of job updated: 1320980
	1290  -  MemoryUsage of job (MB)
	1320472  -  ResidentSetSize of job (KB)
...
006 (630077.000.000) 04/24 08:18:28 Image size of job updated: 1464700
	1430  -  MemoryUsage of job (MB)
	1464128  -  ResidentSetSize of job (KB)
...
006 (630077.000.000) 04/24 08:21:40 Image size of job updated: 1552884
	1430  -  MemoryUsage of job (MB)
	1464136  -  ResidentSetSize of job (KB)
...
005 (630077.000.000) 04/24 08:21:40 Job terminated.
	(1) Normal termination (return value 0)
		Usr 0 00:26:39, Sys 0 00:01:01  -  Run Remote Usage
		Usr 0 00:00:00, Sys 0 00:00:00  -  Run Local Usage
		Usr 0 00:26:39, Sys 0 00:01:01  -  Total Remote Usage
		Usr 0 00:00:00, Sys 0 00:00:00  -  Total Local Usage
	1715231  -  Run Bytes Sent By Job
	8620734  -  Run Bytes Received By Job
	1715231  -  Total Bytes Sent By Job
	8620734  -  Total Bytes Received By Job
	Partitionable Resources :    Usage  Request Allocated 
	   Cpus                 :     0.99        1         1 
	   Disk (KB)            : 10650       10000 479779449 
	   Memory (MB)          :  1430        6144      8033 
...
000 (630136.000.000) 04/24 08:39:25 Job submitted from host: <172.20.3.187:9618?addrs=172.20.3.187-9618&noUDP&sock=2297_2121_3>
...
001 (630136.000.000) 04/24 08:43:32 Job executing on host: <172.20.225.2:9618?addrs=172.20.225.2-9618&noUDP&sock=3424_285d_3>
...
006 (630136.000.000) 04/24 08:43:41 Image size of job updated: 12324
	13  -  MemoryUsage of job (MB)
	12324  -  ResidentSetSize of job (KB)
...
006 (630136.000.000) 04/24 08:48:42 Image size of job updated: 703288
	685  -  MemoryUsage of job (MB)
	701116  -  ResidentSetSize of job (KB)
...
006 (630136.000.000) 04/24 08:53:42 Image size of job updated: 973348
	950  -  MemoryUsage of job (MB)
	972388  -  ResidentSetSize of job (KB)
...
006 (630136.000.000) 04/24 08:58:43 Image size of job updated: 1178960
	1151  -  MemoryUsage of job (MB)
	1178584  -  ResidentSetSize of job (KB)
...
006 (630136.000.000) 04/24 09:03:44 Image size of job updated: 1353080
	1322  -  MemoryUsage of job (MB)
	1352732  -  ResidentSetSize of job (KB)
...
006 (630136.000.000) 04/24 09:08:44 Image size of job updated: 1498576
	1464  -  MemoryUsage of job (MB)
	1498424  -  ResidentSetSize of job (KB)
...
005 (630136.000.000) 04/24 09:11:32 Job terminated.
	(1) Normal termination (return value 0)
		Usr 0 00:25:47, Sys 0 00:00:39  -  Run Remote Usage
		Usr 0 00:00:00, Sys 0 00:00:00  -  Run Local Usage
		Usr 0 00:25:47, Sys 0 00:00:39  -  Total Remote Usage
		Usr 0 00:00:00, Sys 0 00:00:00  -  Total Local Usage
	1773495  -  Run Bytes Sent By Job
	8620823  -  Run Bytes Received By Job
	1773495  -  Total Bytes Sent By Job
	8620823  -  Total Bytes Received By Job
	Partitionable Resources :    Usage  Request Allocated 
	   Cpus                 :     0.81        1         1 
	   Disk (KB)            : 10707       10000 479786084 
	   Memory (MB)          :  1464        6144      8033 
...
