/isilon/condor/hep103.hep.brown.edu/execute/dir_115528
>> Setting macroDir to PWD

Processing compile_step1.C...
>> Running on BRUX, PairVLQ_x53x53_tWtW_narrow_RH_M1600_TuneCP5_13TeV-madgraph-pythia8 stored on BRUX
>> Input file path: /isilon/hadoop/store/group/bruxljm/FWLJMET106XUL_singleLep2017UL_RunIISummer20_X53X53/PairVLQ_x53x53_tWtW_narrow_RH_M1600_TuneCP5_13TeV-madgraph-pythia8/singleLep2017UL/230310_182613/0000
>> Running step1 over list: 95 96 97 98 99
>> Adding PairVLQ_x53x53_tWtW_narrow_RH_M1600_TuneCP5_13TeV-madgraph-pythia8_95.root to the list by reading PairVLQ_x53x53_tWtW_narrow_RH_M1600_TuneCP5_13TeV-madgraph-pythia8_95
>> Adding PairVLQ_x53x53_tWtW_narrow_RH_M1600_TuneCP5_13TeV-madgraph-pythia8_96.root to the list by reading PairVLQ_x53x53_tWtW_narrow_RH_M1600_TuneCP5_13TeV-madgraph-pythia8_96
>> Adding PairVLQ_x53x53_tWtW_narrow_RH_M1600_TuneCP5_13TeV-madgraph-pythia8_97.root to the list by reading PairVLQ_x53x53_tWtW_narrow_RH_M1600_TuneCP5_13TeV-madgraph-pythia8_97
>> Adding PairVLQ_x53x53_tWtW_narrow_RH_M1600_TuneCP5_13TeV-madgraph-pythia8_98.root to the list by reading PairVLQ_x53x53_tWtW_narrow_RH_M1600_TuneCP5_13TeV-madgraph-pythia8_98
>> Adding PairVLQ_x53x53_tWtW_narrow_RH_M1600_TuneCP5_13TeV-madgraph-pythia8_99.root to the list by reading PairVLQ_x53x53_tWtW_narrow_RH_M1600_TuneCP5_13TeV-madgraph-pythia8_99
[OPT] Using deepCSV reshaping file: reshaping_deepCSV_106XUL17_v4.csv
[OPT] Using deepJet reshaping file: reshaping_deepJet_106XUL17_v4.csv

>> Running /isilon/hadoop/store/group/bruxljm/FWLJMET106XUL_singleLep2017UL_RunIISummer20_X53X53/PairVLQ_x53x53_tWtW_narrow_RH_M1600_TuneCP5_13TeV-madgraph-pythia8/singleLep2017UL/230310_182613/0000/PairVLQ_x53x53_tWtW_narrow_RH_M1600_TuneCP5_13TeV-madgraph-pythia8_95.root for shift: nominal
[step1.h] Opening file: /isilon/hadoop/store/group/bruxljm/FWLJMET106XUL_singleLep2017UL_RunIISummer20_X53X53/PairVLQ_x53x53_tWtW_narrow_RH_M1600_TuneCP5_13TeV-madgraph-pythia8/singleLep2017UL/230310_182613/0000/PairVLQ_x53x53_tWtW_narrow_RH_M1600_TuneCP5_13TeV-madgraph-pythia8_95.root
[step1.h] Finished initializing
RUN CONFIG: YEAR = 2017
Era = 
isMC = 1, isSig = 1, SigMass = 9
isHad =0, isSE =0, isSM =0
isTTTT = 0, isXX = 1, isTpTp = 0, isBpBp = 0
For W's: isTT = 0, isSTt = 0, isSTtW = 0
For jets & PDF: isTOP = 0, isMadgraphBkg = 1
For HOTTagger Efficiencies: isTTV = 0, isTTHbb = 0, isTTHnonbb = 0, isTTTX = 0
isTTVV = 0, isST = 0, isTTToSemiLeptonHT500Njet9 = 0
Pileup sample key: PairVLQ_x53x53_tWtW_narrow_RH_M1600_TuneCP5_13TeV-madgraph-pythia8
b-tagging working points: 0.304(DeepJet)0.4506(DeepCSV)
isTTincMtt0to700: 0
isTTincMtt0to1000: 0
isTTincMtt700to1000: 0
isTTincMtt1000toInf: 0
isTTSemilepIncHT0Njet0: 0
isTTSemilepIncHT500Njet9: 0
outTTLF: 0
outTTCC: 0
outTTBB: 0
outTT1B: 0
outTT2B: 0
>> Completed 0 out of 1065 events
[INFO] Defaulting to central deepJet weight for: nominal
>> Completed 1000 out of 1065 events
Nelectrons      = 497 / 1065
Npassed_ElEta   = 497 / 1065
Nmuons          = 568 / 1065
NrelIsoFail     = 0 / 1065
Npassed_MuEta   = 568 / 1065
Npassed_nAK8Jets= 1065 / 1065
Npassed_Trigger = 1019 / 1065
Npassed_MET     = 963 / 1065
Npassed_lepPt   = 983 / 1065
Npassed_HT      = 1064 / 1065
npass_Njets     = 1060 / 1065
Npassed_ALL     = 884 / 1065

>> Running /isilon/hadoop/store/group/bruxljm/FWLJMET106XUL_singleLep2017UL_RunIISummer20_X53X53/PairVLQ_x53x53_tWtW_narrow_RH_M1600_TuneCP5_13TeV-madgraph-pythia8/singleLep2017UL/230310_182613/0000/PairVLQ_x53x53_tWtW_narrow_RH_M1600_TuneCP5_13TeV-madgraph-pythia8_96.root for shift: nominal
[step1.h] Opening file: /isilon/hadoop/store/group/bruxljm/FWLJMET106XUL_singleLep2017UL_RunIISummer20_X53X53/PairVLQ_x53x53_tWtW_narrow_RH_M1600_TuneCP5_13TeV-madgraph-pythia8/singleLep2017UL/230310_182613/0000/PairVLQ_x53x53_tWtW_narrow_RH_M1600_TuneCP5_13TeV-madgraph-pythia8_96.root
[step1.h] Finished initializing
RUN CONFIG: YEAR = 2017
Era = 
isMC = 1, isSig = 1, SigMass = 9
isHad =0, isSE =0, isSM =0
isTTTT = 0, isXX = 1, isTpTp = 0, isBpBp = 0
For W's: isTT = 0, isSTt = 0, isSTtW = 0
For jets & PDF: isTOP = 0, isMadgraphBkg = 1
For HOTTagger Efficiencies: isTTV = 0, isTTHbb = 0, isTTHnonbb = 0, isTTTX = 0
isTTVV = 0, isST = 0, isTTToSemiLeptonHT500Njet9 = 0
Pileup sample key: PairVLQ_x53x53_tWtW_narrow_RH_M1600_TuneCP5_13TeV-madgraph-pythia8
b-tagging working points: 0.304(DeepJet)0.4506(DeepCSV)
isTTincMtt0to700: 0
isTTincMtt0to1000: 0
isTTincMtt700to1000: 0
isTTincMtt1000toInf: 0
isTTSemilepIncHT0Njet0: 0
isTTSemilepIncHT500Njet9: 0
outTTLF: 0
outTTCC: 0
outTTBB: 0
outTT1B: 0
outTT2B: 0
>> Completed 0 out of 1060 events
[INFO] Defaulting to central deepJet weight for: nominal
>> Completed 1000 out of 1060 events
Nelectrons      = 477 / 1060
Npassed_ElEta   = 477 / 1060
Nmuons          = 583 / 1060
NrelIsoFail     = 0 / 1060
Npassed_MuEta   = 583 / 1060
Npassed_nAK8Jets= 1060 / 1060
Npassed_Trigger = 1026 / 1060
Npassed_MET     = 972 / 1060
Npassed_lepPt   = 978 / 1060
Npassed_HT      = 1059 / 1060
npass_Njets     = 1055 / 1060
Npassed_ALL     = 890 / 1060

>> Running /isilon/hadoop/store/group/bruxljm/FWLJMET106XUL_singleLep2017UL_RunIISummer20_X53X53/PairVLQ_x53x53_tWtW_narrow_RH_M1600_TuneCP5_13TeV-madgraph-pythia8/singleLep2017UL/230310_182613/0000/PairVLQ_x53x53_tWtW_narrow_RH_M1600_TuneCP5_13TeV-madgraph-pythia8_97.root for shift: nominal
[step1.h] Opening file: /isilon/hadoop/store/group/bruxljm/FWLJMET106XUL_singleLep2017UL_RunIISummer20_X53X53/PairVLQ_x53x53_tWtW_narrow_RH_M1600_TuneCP5_13TeV-madgraph-pythia8/singleLep2017UL/230310_182613/0000/PairVLQ_x53x53_tWtW_narrow_RH_M1600_TuneCP5_13TeV-madgraph-pythia8_97.root
[step1.h] Finished initializing
RUN CONFIG: YEAR = 2017
Era = 
isMC = 1, isSig = 1, SigMass = 9
isHad =0, isSE =0, isSM =0
isTTTT = 0, isXX = 1, isTpTp = 0, isBpBp = 0
For W's: isTT = 0, isSTt = 0, isSTtW = 0
For jets & PDF: isTOP = 0, isMadgraphBkg = 1
For HOTTagger Efficiencies: isTTV = 0, isTTHbb = 0, isTTHnonbb = 0, isTTTX = 0
isTTVV = 0, isST = 0, isTTToSemiLeptonHT500Njet9 = 0
Pileup sample key: PairVLQ_x53x53_tWtW_narrow_RH_M1600_TuneCP5_13TeV-madgraph-pythia8
b-tagging working points: 0.304(DeepJet)0.4506(DeepCSV)
isTTincMtt0to700: 0
isTTincMtt0to1000: 0
isTTincMtt700to1000: 0
isTTincMtt1000toInf: 0
isTTSemilepIncHT0Njet0: 0
isTTSemilepIncHT500Njet9: 0
outTTLF: 0
outTTCC: 0
outTTBB: 0
outTT1B: 0
outTT2B: 0
>> Completed 0 out of 1054 events
[INFO] Defaulting to central deepJet weight for: nominal
>> Completed 1000 out of 1054 events
Nelectrons      = 500 / 1054
Npassed_ElEta   = 500 / 1054
Nmuons          = 554 / 1054
NrelIsoFail     = 0 / 1054
Npassed_MuEta   = 554 / 1054
Npassed_nAK8Jets= 1054 / 1054
Npassed_Trigger = 1013 / 1054
Npassed_MET     = 955 / 1054
Npassed_lepPt   = 984 / 1054
Npassed_HT      = 1054 / 1054
npass_Njets     = 1052 / 1054
Npassed_ALL     = 888 / 1054

>> Running /isilon/hadoop/store/group/bruxljm/FWLJMET106XUL_singleLep2017UL_RunIISummer20_X53X53/PairVLQ_x53x53_tWtW_narrow_RH_M1600_TuneCP5_13TeV-madgraph-pythia8/singleLep2017UL/230310_182613/0000/PairVLQ_x53x53_tWtW_narrow_RH_M1600_TuneCP5_13TeV-madgraph-pythia8_98.root for shift: nominal
[step1.h] Opening file: /isilon/hadoop/store/group/bruxljm/FWLJMET106XUL_singleLep2017UL_RunIISummer20_X53X53/PairVLQ_x53x53_tWtW_narrow_RH_M1600_TuneCP5_13TeV-madgraph-pythia8/singleLep2017UL/230310_182613/0000/PairVLQ_x53x53_tWtW_narrow_RH_M1600_TuneCP5_13TeV-madgraph-pythia8_98.root
[step1.h] Finished initializing
RUN CONFIG: YEAR = 2017
Era = 
isMC = 1, isSig = 1, SigMass = 9
isHad =0, isSE =0, isSM =0
isTTTT = 0, isXX = 1, isTpTp = 0, isBpBp = 0
For W's: isTT = 0, isSTt = 0, isSTtW = 0
For jets & PDF: isTOP = 0, isMadgraphBkg = 1
For HOTTagger Efficiencies: isTTV = 0, isTTHbb = 0, isTTHnonbb = 0, isTTTX = 0
isTTVV = 0, isST = 0, isTTToSemiLeptonHT500Njet9 = 0
Pileup sample key: PairVLQ_x53x53_tWtW_narrow_RH_M1600_TuneCP5_13TeV-madgraph-pythia8
b-tagging working points: 0.304(DeepJet)0.4506(DeepCSV)
isTTincMtt0to700: 0
isTTincMtt0to1000: 0
isTTincMtt700to1000: 0
isTTincMtt1000toInf: 0
isTTSemilepIncHT0Njet0: 0
isTTSemilepIncHT500Njet9: 0
outTTLF: 0
outTTCC: 0
outTTBB: 0
outTT1B: 0
outTT2B: 0
>> Completed 0 out of 1048 events
[INFO] Defaulting to central deepJet weight for: nominal
>> Completed 1000 out of 1048 events
Nelectrons      = 487 / 1048
Npassed_ElEta   = 487 / 1048
Nmuons          = 561 / 1048
NrelIsoFail     = 0 / 1048
Npassed_MuEta   = 561 / 1048
Npassed_nAK8Jets= 1048 / 1048
Npassed_Trigger = 1007 / 1048
Npassed_MET     = 958 / 1048
Npassed_lepPt   = 981 / 1048
Npassed_HT      = 1046 / 1048
npass_Njets     = 1046 / 1048
Npassed_ALL     = 894 / 1048

>> Running /isilon/hadoop/store/group/bruxljm/FWLJMET106XUL_singleLep2017UL_RunIISummer20_X53X53/PairVLQ_x53x53_tWtW_narrow_RH_M1600_TuneCP5_13TeV-madgraph-pythia8/singleLep2017UL/230310_182613/0000/PairVLQ_x53x53_tWtW_narrow_RH_M1600_TuneCP5_13TeV-madgraph-pythia8_99.root for shift: nominal
[step1.h] Opening file: /isilon/hadoop/store/group/bruxljm/FWLJMET106XUL_singleLep2017UL_RunIISummer20_X53X53/PairVLQ_x53x53_tWtW_narrow_RH_M1600_TuneCP5_13TeV-madgraph-pythia8/singleLep2017UL/230310_182613/0000/PairVLQ_x53x53_tWtW_narrow_RH_M1600_TuneCP5_13TeV-madgraph-pythia8_99.root
[step1.h] Finished initializing
RUN CONFIG: YEAR = 2017
Era = 
isMC = 1, isSig = 1, SigMass = 9
isHad =0, isSE =0, isSM =0
isTTTT = 0, isXX = 1, isTpTp = 0, isBpBp = 0
For W's: isTT = 0, isSTt = 0, isSTtW = 0
For jets & PDF: isTOP = 0, isMadgraphBkg = 1
For HOTTagger Efficiencies: isTTV = 0, isTTHbb = 0, isTTHnonbb = 0, isTTTX = 0
isTTVV = 0, isST = 0, isTTToSemiLeptonHT500Njet9 = 0
Pileup sample key: PairVLQ_x53x53_tWtW_narrow_RH_M1600_TuneCP5_13TeV-madgraph-pythia8
b-tagging working points: 0.304(DeepJet)0.4506(DeepCSV)
isTTincMtt0to700: 0
isTTincMtt0to1000: 0
isTTincMtt700to1000: 0
isTTincMtt1000toInf: 0
isTTSemilepIncHT0Njet0: 0
isTTSemilepIncHT500Njet9: 0
outTTLF: 0
outTTCC: 0
outTTBB: 0
outTT1B: 0
outTT2B: 0
>> Completed 0 out of 535 events
[INFO] Defaulting to central deepJet weight for: nominal
Nelectrons      = 231 / 535
Npassed_ElEta   = 231 / 535
Nmuons          = 304 / 535
NrelIsoFail     = 0 / 535
Npassed_MuEta   = 304 / 535
Npassed_nAK8Jets= 535 / 535
Npassed_Trigger = 521 / 535
Npassed_MET     = 484 / 535
Npassed_lepPt   = 493 / 535
Npassed_HT      = 534 / 535
npass_Njets     = 531 / 535
Npassed_ALL     = 443 / 535
>> Available ROOT Files:
-rw-r--r-- 1 fsimpson gridusers 3071408 Apr 24 09:17 PairVLQ_x53x53_tWtW_narrow_RH_M1600_TuneCP5_13TeV-madgraph-pythia8_95nominal.root
-rw-r--r-- 1 fsimpson gridusers 3122958 Apr 24 09:17 PairVLQ_x53x53_tWtW_narrow_RH_M1600_TuneCP5_13TeV-madgraph-pythia8_96nominal.root
-rw-r--r-- 1 fsimpson gridusers 3115920 Apr 24 09:17 PairVLQ_x53x53_tWtW_narrow_RH_M1600_TuneCP5_13TeV-madgraph-pythia8_97nominal.root
-rw-r--r-- 1 fsimpson gridusers 3152120 Apr 24 09:17 PairVLQ_x53x53_tWtW_narrow_RH_M1600_TuneCP5_13TeV-madgraph-pythia8_98nominal.root
-rw-r--r-- 1 fsimpson gridusers 1533882 Apr 24 09:17 PairVLQ_x53x53_tWtW_narrow_RH_M1600_TuneCP5_13TeV-madgraph-pythia8_99nominal.root
>> xrdcp output for condor
hadd Target file: PairVLQ_x53x53_tWtW_narrow_RH_M1600_TuneCP5_13TeV-madgraph-pythia8_6nominal_hadd.root
hadd compression setting for all ouput: 1
hadd Source file 1: PairVLQ_x53x53_tWtW_narrow_RH_M1600_TuneCP5_13TeV-madgraph-pythia8_95nominal.root
hadd Source file 2: PairVLQ_x53x53_tWtW_narrow_RH_M1600_TuneCP5_13TeV-madgraph-pythia8_96nominal.root
hadd Source file 3: PairVLQ_x53x53_tWtW_narrow_RH_M1600_TuneCP5_13TeV-madgraph-pythia8_97nominal.root
hadd Source file 4: PairVLQ_x53x53_tWtW_narrow_RH_M1600_TuneCP5_13TeV-madgraph-pythia8_98nominal.root
hadd Source file 5: PairVLQ_x53x53_tWtW_narrow_RH_M1600_TuneCP5_13TeV-madgraph-pythia8_99nominal.root
hadd Target path: PairVLQ_x53x53_tWtW_narrow_RH_M1600_TuneCP5_13TeV-madgraph-pythia8_6nominal_hadd.root:/
>> mv PairVLQ_x53x53_tWtW_narrow_RH_M1600_TuneCP5_13TeV-madgraph-pythia8_6nominal_hadd.root /isilon/hadoop/store/group/bruxljm/FWLJMET106XUL_singleLep2017UL_RunIISummer20_X53X53_step1/nominal/PairVLQ_x53x53_tWtW_narrow_RH_M1600_TuneCP5_13TeV-madgraph-pythia8/PairVLQ_x53x53_tWtW_narrow_RH_M1600_TuneCP5_13TeV-madgraph-pythia8_6.root
[DONE]
