/isilon/condor/hep107.hep.brown.edu/execute/dir_246951
>> Setting macroDir to PWD

Processing compile_step1.C...
>> Running on BRUX, PairVLQ_x53x53_tWtW_narrow_RH_M800_TuneCP5_13TeV-madgraph-pythia8 stored on BRUX
>> Input file path: /isilon/hadoop/store/group/bruxljm/FWLJMET106XUL_singleLep2017UL_RunIISummer20_X53X53/PairVLQ_x53x53_tWtW_narrow_RH_M800_TuneCP5_13TeV-madgraph-pythia8/singleLep2017UL/230310_181414/0000
>> Running step1 over list: 153 154 155 156 157 16 17 18 19 2 20 21 22 23 24 25 26 27 28 29 3 30 31 32 33 34 35 36 37 38
>> Adding PairVLQ_x53x53_tWtW_narrow_RH_M800_TuneCP5_13TeV-madgraph-pythia8_153.root to the list by reading PairVLQ_x53x53_tWtW_narrow_RH_M800_TuneCP5_13TeV-madgraph-pythia8_153
>> Adding PairVLQ_x53x53_tWtW_narrow_RH_M800_TuneCP5_13TeV-madgraph-pythia8_154.root to the list by reading PairVLQ_x53x53_tWtW_narrow_RH_M800_TuneCP5_13TeV-madgraph-pythia8_154
>> Adding PairVLQ_x53x53_tWtW_narrow_RH_M800_TuneCP5_13TeV-madgraph-pythia8_155.root to the list by reading PairVLQ_x53x53_tWtW_narrow_RH_M800_TuneCP5_13TeV-madgraph-pythia8_155
>> Adding PairVLQ_x53x53_tWtW_narrow_RH_M800_TuneCP5_13TeV-madgraph-pythia8_156.root to the list by reading PairVLQ_x53x53_tWtW_narrow_RH_M800_TuneCP5_13TeV-madgraph-pythia8_156
>> Adding PairVLQ_x53x53_tWtW_narrow_RH_M800_TuneCP5_13TeV-madgraph-pythia8_157.root to the list by reading PairVLQ_x53x53_tWtW_narrow_RH_M800_TuneCP5_13TeV-madgraph-pythia8_157
>> Adding PairVLQ_x53x53_tWtW_narrow_RH_M800_TuneCP5_13TeV-madgraph-pythia8_16.root to the list by reading PairVLQ_x53x53_tWtW_narrow_RH_M800_TuneCP5_13TeV-madgraph-pythia8_16
>> Adding PairVLQ_x53x53_tWtW_narrow_RH_M800_TuneCP5_13TeV-madgraph-pythia8_17.root to the list by reading PairVLQ_x53x53_tWtW_narrow_RH_M800_TuneCP5_13TeV-madgraph-pythia8_17
>> Adding PairVLQ_x53x53_tWtW_narrow_RH_M800_TuneCP5_13TeV-madgraph-pythia8_18.root to the list by reading PairVLQ_x53x53_tWtW_narrow_RH_M800_TuneCP5_13TeV-madgraph-pythia8_18
>> Adding PairVLQ_x53x53_tWtW_narrow_RH_M800_TuneCP5_13TeV-madgraph-pythia8_19.root to the list by reading PairVLQ_x53x53_tWtW_narrow_RH_M800_TuneCP5_13TeV-madgraph-pythia8_19
>> Adding PairVLQ_x53x53_tWtW_narrow_RH_M800_TuneCP5_13TeV-madgraph-pythia8_2.root to the list by reading PairVLQ_x53x53_tWtW_narrow_RH_M800_TuneCP5_13TeV-madgraph-pythia8_2
>> Adding PairVLQ_x53x53_tWtW_narrow_RH_M800_TuneCP5_13TeV-madgraph-pythia8_20.root to the list by reading PairVLQ_x53x53_tWtW_narrow_RH_M800_TuneCP5_13TeV-madgraph-pythia8_20
>> Adding PairVLQ_x53x53_tWtW_narrow_RH_M800_TuneCP5_13TeV-madgraph-pythia8_21.root to the list by reading PairVLQ_x53x53_tWtW_narrow_RH_M800_TuneCP5_13TeV-madgraph-pythia8_21
>> Adding PairVLQ_x53x53_tWtW_narrow_RH_M800_TuneCP5_13TeV-madgraph-pythia8_22.root to the list by reading PairVLQ_x53x53_tWtW_narrow_RH_M800_TuneCP5_13TeV-madgraph-pythia8_22
>> Adding PairVLQ_x53x53_tWtW_narrow_RH_M800_TuneCP5_13TeV-madgraph-pythia8_23.root to the list by reading PairVLQ_x53x53_tWtW_narrow_RH_M800_TuneCP5_13TeV-madgraph-pythia8_23
>> Adding PairVLQ_x53x53_tWtW_narrow_RH_M800_TuneCP5_13TeV-madgraph-pythia8_24.root to the list by reading PairVLQ_x53x53_tWtW_narrow_RH_M800_TuneCP5_13TeV-madgraph-pythia8_24
>> Adding PairVLQ_x53x53_tWtW_narrow_RH_M800_TuneCP5_13TeV-madgraph-pythia8_25.root to the list by reading PairVLQ_x53x53_tWtW_narrow_RH_M800_TuneCP5_13TeV-madgraph-pythia8_25
>> Adding PairVLQ_x53x53_tWtW_narrow_RH_M800_TuneCP5_13TeV-madgraph-pythia8_26.root to the list by reading PairVLQ_x53x53_tWtW_narrow_RH_M800_TuneCP5_13TeV-madgraph-pythia8_26
>> Adding PairVLQ_x53x53_tWtW_narrow_RH_M800_TuneCP5_13TeV-madgraph-pythia8_27.root to the list by reading PairVLQ_x53x53_tWtW_narrow_RH_M800_TuneCP5_13TeV-madgraph-pythia8_27
>> Adding PairVLQ_x53x53_tWtW_narrow_RH_M800_TuneCP5_13TeV-madgraph-pythia8_28.root to the list by reading PairVLQ_x53x53_tWtW_narrow_RH_M800_TuneCP5_13TeV-madgraph-pythia8_28
>> Adding PairVLQ_x53x53_tWtW_narrow_RH_M800_TuneCP5_13TeV-madgraph-pythia8_29.root to the list by reading PairVLQ_x53x53_tWtW_narrow_RH_M800_TuneCP5_13TeV-madgraph-pythia8_29
>> Adding PairVLQ_x53x53_tWtW_narrow_RH_M800_TuneCP5_13TeV-madgraph-pythia8_3.root to the list by reading PairVLQ_x53x53_tWtW_narrow_RH_M800_TuneCP5_13TeV-madgraph-pythia8_3
>> Adding PairVLQ_x53x53_tWtW_narrow_RH_M800_TuneCP5_13TeV-madgraph-pythia8_30.root to the list by reading PairVLQ_x53x53_tWtW_narrow_RH_M800_TuneCP5_13TeV-madgraph-pythia8_30
>> Adding PairVLQ_x53x53_tWtW_narrow_RH_M800_TuneCP5_13TeV-madgraph-pythia8_31.root to the list by reading PairVLQ_x53x53_tWtW_narrow_RH_M800_TuneCP5_13TeV-madgraph-pythia8_31
>> Adding PairVLQ_x53x53_tWtW_narrow_RH_M800_TuneCP5_13TeV-madgraph-pythia8_32.root to the list by reading PairVLQ_x53x53_tWtW_narrow_RH_M800_TuneCP5_13TeV-madgraph-pythia8_32
>> Adding PairVLQ_x53x53_tWtW_narrow_RH_M800_TuneCP5_13TeV-madgraph-pythia8_33.root to the list by reading PairVLQ_x53x53_tWtW_narrow_RH_M800_TuneCP5_13TeV-madgraph-pythia8_33
>> Adding PairVLQ_x53x53_tWtW_narrow_RH_M800_TuneCP5_13TeV-madgraph-pythia8_34.root to the list by reading PairVLQ_x53x53_tWtW_narrow_RH_M800_TuneCP5_13TeV-madgraph-pythia8_34
>> Adding PairVLQ_x53x53_tWtW_narrow_RH_M800_TuneCP5_13TeV-madgraph-pythia8_35.root to the list by reading PairVLQ_x53x53_tWtW_narrow_RH_M800_TuneCP5_13TeV-madgraph-pythia8_35
>> Adding PairVLQ_x53x53_tWtW_narrow_RH_M800_TuneCP5_13TeV-madgraph-pythia8_36.root to the list by reading PairVLQ_x53x53_tWtW_narrow_RH_M800_TuneCP5_13TeV-madgraph-pythia8_36
>> Adding PairVLQ_x53x53_tWtW_narrow_RH_M800_TuneCP5_13TeV-madgraph-pythia8_37.root to the list by reading PairVLQ_x53x53_tWtW_narrow_RH_M800_TuneCP5_13TeV-madgraph-pythia8_37
>> Adding PairVLQ_x53x53_tWtW_narrow_RH_M800_TuneCP5_13TeV-madgraph-pythia8_38.root to the list by reading PairVLQ_x53x53_tWtW_narrow_RH_M800_TuneCP5_13TeV-madgraph-pythia8_38
[OPT] Using deepCSV reshaping file: reshaping_deepCSV_106XUL17_v4.csv
[OPT] Using deepJet reshaping file: reshaping_deepJet_106XUL17_v4.csv

>> Running /isilon/hadoop/store/group/bruxljm/FWLJMET106XUL_singleLep2017UL_RunIISummer20_X53X53/PairVLQ_x53x53_tWtW_narrow_RH_M800_TuneCP5_13TeV-madgraph-pythia8/singleLep2017UL/230310_181414/0000/PairVLQ_x53x53_tWtW_narrow_RH_M800_TuneCP5_13TeV-madgraph-pythia8_153.root for shift: nominal
[step1.h] Opening file: /isilon/hadoop/store/group/bruxljm/FWLJMET106XUL_singleLep2017UL_RunIISummer20_X53X53/PairVLQ_x53x53_tWtW_narrow_RH_M800_TuneCP5_13TeV-madgraph-pythia8/singleLep2017UL/230310_181414/0000/PairVLQ_x53x53_tWtW_narrow_RH_M800_TuneCP5_13TeV-madgraph-pythia8_153.root
[step1.h] Finished initializing
RUN CONFIG: YEAR = 2017
Era = 
isMC = 1, isSig = 1, SigMass = 1
isHad =0, isSE =0, isSM =0
isTTTT = 0, isXX = 1, isTpTp = 0, isBpBp = 0
For W's: isTT = 0, isSTt = 0, isSTtW = 0
For jets & PDF: isTOP = 0, isMadgraphBkg = 1
For HOTTagger Efficiencies: isTTV = 0, isTTHbb = 0, isTTHnonbb = 0, isTTTX = 0
isTTVV = 0, isST = 0, isTTToSemiLeptonHT500Njet9 = 0
Pileup sample key: PairVLQ_x53x53_tWtW_narrow_RH_M800_TuneCP5_13TeV-madgraph-pythia8
b-tagging working points: 0.304(DeepJet)0.4506(DeepCSV)
isTTincMtt0to700: 0
isTTincMtt0to1000: 0
isTTincMtt700to1000: 0
isTTincMtt1000toInf: 0
isTTSemilepIncHT0Njet0: 0
isTTSemilepIncHT500Njet9: 0
outTTLF: 0
outTTCC: 0
outTTBB: 0
outTT1B: 0
outTT2B: 0
>> Completed 0 out of 1039 events
[INFO] Defaulting to central deepJet weight for: nominal
>> Completed 1000 out of 1039 events
Nelectrons      = 508 / 1039
Npassed_ElEta   = 508 / 1039
Nmuons          = 531 / 1039
NrelIsoFail     = 0 / 1039
Npassed_MuEta   = 531 / 1039
Npassed_nAK8Jets= 1039 / 1039
Npassed_Trigger = 997 / 1039
Npassed_MET     = 850 / 1039
Npassed_lepPt   = 881 / 1039
Npassed_HT      = 1023 / 1039
npass_Njets     = 1035 / 1039
Npassed_ALL     = 702 / 1039

>> Running /isilon/hadoop/store/group/bruxljm/FWLJMET106XUL_singleLep2017UL_RunIISummer20_X53X53/PairVLQ_x53x53_tWtW_narrow_RH_M800_TuneCP5_13TeV-madgraph-pythia8/singleLep2017UL/230310_181414/0000/PairVLQ_x53x53_tWtW_narrow_RH_M800_TuneCP5_13TeV-madgraph-pythia8_154.root for shift: nominal
[step1.h] Opening file: /isilon/hadoop/store/group/bruxljm/FWLJMET106XUL_singleLep2017UL_RunIISummer20_X53X53/PairVLQ_x53x53_tWtW_narrow_RH_M800_TuneCP5_13TeV-madgraph-pythia8/singleLep2017UL/230310_181414/0000/PairVLQ_x53x53_tWtW_narrow_RH_M800_TuneCP5_13TeV-madgraph-pythia8_154.root
[step1.h] Finished initializing
RUN CONFIG: YEAR = 2017
Era = 
isMC = 1, isSig = 1, SigMass = 1
isHad =0, isSE =0, isSM =0
isTTTT = 0, isXX = 1, isTpTp = 0, isBpBp = 0
For W's: isTT = 0, isSTt = 0, isSTtW = 0
For jets & PDF: isTOP = 0, isMadgraphBkg = 1
For HOTTagger Efficiencies: isTTV = 0, isTTHbb = 0, isTTHnonbb = 0, isTTTX = 0
isTTVV = 0, isST = 0, isTTToSemiLeptonHT500Njet9 = 0
Pileup sample key: PairVLQ_x53x53_tWtW_narrow_RH_M800_TuneCP5_13TeV-madgraph-pythia8
b-tagging working points: 0.304(DeepJet)0.4506(DeepCSV)
isTTincMtt0to700: 0
isTTincMtt0to1000: 0
isTTincMtt700to1000: 0
isTTincMtt1000toInf: 0
isTTSemilepIncHT0Njet0: 0
isTTSemilepIncHT500Njet9: 0
outTTLF: 0
outTTCC: 0
outTTBB: 0
outTT1B: 0
outTT2B: 0
>> Completed 0 out of 1049 events
[INFO] Defaulting to central deepJet weight for: nominal
>> Completed 1000 out of 1049 events
Nelectrons      = 503 / 1049
Npassed_ElEta   = 503 / 1049
Nmuons          = 546 / 1049
NrelIsoFail     = 0 / 1049
Npassed_MuEta   = 546 / 1049
Npassed_nAK8Jets= 1049 / 1049
Npassed_Trigger = 1011 / 1049
Npassed_MET     = 857 / 1049
Npassed_lepPt   = 858 / 1049
Npassed_HT      = 1029 / 1049
npass_Njets     = 1047 / 1049
Npassed_ALL     = 679 / 1049

>> Running /isilon/hadoop/store/group/bruxljm/FWLJMET106XUL_singleLep2017UL_RunIISummer20_X53X53/PairVLQ_x53x53_tWtW_narrow_RH_M800_TuneCP5_13TeV-madgraph-pythia8/singleLep2017UL/230310_181414/0000/PairVLQ_x53x53_tWtW_narrow_RH_M800_TuneCP5_13TeV-madgraph-pythia8_155.root for shift: nominal
[step1.h] Opening file: /isilon/hadoop/store/group/bruxljm/FWLJMET106XUL_singleLep2017UL_RunIISummer20_X53X53/PairVLQ_x53x53_tWtW_narrow_RH_M800_TuneCP5_13TeV-madgraph-pythia8/singleLep2017UL/230310_181414/0000/PairVLQ_x53x53_tWtW_narrow_RH_M800_TuneCP5_13TeV-madgraph-pythia8_155.root
[step1.h] Finished initializing
RUN CONFIG: YEAR = 2017
Era = 
isMC = 1, isSig = 1, SigMass = 1
isHad =0, isSE =0, isSM =0
isTTTT = 0, isXX = 1, isTpTp = 0, isBpBp = 0
For W's: isTT = 0, isSTt = 0, isSTtW = 0
For jets & PDF: isTOP = 0, isMadgraphBkg = 1
For HOTTagger Efficiencies: isTTV = 0, isTTHbb = 0, isTTHnonbb = 0, isTTTX = 0
isTTVV = 0, isST = 0, isTTToSemiLeptonHT500Njet9 = 0
Pileup sample key: PairVLQ_x53x53_tWtW_narrow_RH_M800_TuneCP5_13TeV-madgraph-pythia8
b-tagging working points: 0.304(DeepJet)0.4506(DeepCSV)
isTTincMtt0to700: 0
isTTincMtt0to1000: 0
isTTincMtt700to1000: 0
isTTincMtt1000toInf: 0
isTTSemilepIncHT0Njet0: 0
isTTSemilepIncHT500Njet9: 0
outTTLF: 0
outTTCC: 0
outTTBB: 0
outTT1B: 0
outTT2B: 0
>> Completed 0 out of 1062 events
[INFO] Defaulting to central deepJet weight for: nominal
>> Completed 1000 out of 1062 events
Nelectrons      = 517 / 1062
Npassed_ElEta   = 517 / 1062
Nmuons          = 545 / 1062
NrelIsoFail     = 0 / 1062
Npassed_MuEta   = 545 / 1062
Npassed_nAK8Jets= 1062 / 1062
Npassed_Trigger = 1025 / 1062
Npassed_MET     = 865 / 1062
Npassed_lepPt   = 911 / 1062
Npassed_HT      = 1052 / 1062
npass_Njets     = 1059 / 1062
Npassed_ALL     = 732 / 1062

>> Running /isilon/hadoop/store/group/bruxljm/FWLJMET106XUL_singleLep2017UL_RunIISummer20_X53X53/PairVLQ_x53x53_tWtW_narrow_RH_M800_TuneCP5_13TeV-madgraph-pythia8/singleLep2017UL/230310_181414/0000/PairVLQ_x53x53_tWtW_narrow_RH_M800_TuneCP5_13TeV-madgraph-pythia8_156.root for shift: nominal
[step1.h] Opening file: /isilon/hadoop/store/group/bruxljm/FWLJMET106XUL_singleLep2017UL_RunIISummer20_X53X53/PairVLQ_x53x53_tWtW_narrow_RH_M800_TuneCP5_13TeV-madgraph-pythia8/singleLep2017UL/230310_181414/0000/PairVLQ_x53x53_tWtW_narrow_RH_M800_TuneCP5_13TeV-madgraph-pythia8_156.root
[step1.h] Finished initializing
RUN CONFIG: YEAR = 2017
Era = 
isMC = 1, isSig = 1, SigMass = 1
isHad =0, isSE =0, isSM =0
isTTTT = 0, isXX = 1, isTpTp = 0, isBpBp = 0
For W's: isTT = 0, isSTt = 0, isSTtW = 0
For jets & PDF: isTOP = 0, isMadgraphBkg = 1
For HOTTagger Efficiencies: isTTV = 0, isTTHbb = 0, isTTHnonbb = 0, isTTTX = 0
isTTVV = 0, isST = 0, isTTToSemiLeptonHT500Njet9 = 0
Pileup sample key: PairVLQ_x53x53_tWtW_narrow_RH_M800_TuneCP5_13TeV-madgraph-pythia8
b-tagging working points: 0.304(DeepJet)0.4506(DeepCSV)
isTTincMtt0to700: 0
isTTincMtt0to1000: 0
isTTincMtt700to1000: 0
isTTincMtt1000toInf: 0
isTTSemilepIncHT0Njet0: 0
isTTSemilepIncHT500Njet9: 0
outTTLF: 0
outTTCC: 0
outTTBB: 0
outTT1B: 0
outTT2B: 0
>> Completed 0 out of 1059 events
[INFO] Defaulting to central deepJet weight for: nominal
>> Completed 1000 out of 1059 events
Nelectrons      = 502 / 1059
Npassed_ElEta   = 502 / 1059
Nmuons          = 557 / 1059
NrelIsoFail     = 0 / 1059
Npassed_MuEta   = 557 / 1059
Npassed_nAK8Jets= 1059 / 1059
Npassed_Trigger = 1016 / 1059
Npassed_MET     = 851 / 1059
Npassed_lepPt   = 877 / 1059
Npassed_HT      = 1044 / 1059
npass_Njets     = 1053 / 1059
Npassed_ALL     = 682 / 1059

>> Running /isilon/hadoop/store/group/bruxljm/FWLJMET106XUL_singleLep2017UL_RunIISummer20_X53X53/PairVLQ_x53x53_tWtW_narrow_RH_M800_TuneCP5_13TeV-madgraph-pythia8/singleLep2017UL/230310_181414/0000/PairVLQ_x53x53_tWtW_narrow_RH_M800_TuneCP5_13TeV-madgraph-pythia8_157.root for shift: nominal
[step1.h] Opening file: /isilon/hadoop/store/group/bruxljm/FWLJMET106XUL_singleLep2017UL_RunIISummer20_X53X53/PairVLQ_x53x53_tWtW_narrow_RH_M800_TuneCP5_13TeV-madgraph-pythia8/singleLep2017UL/230310_181414/0000/PairVLQ_x53x53_tWtW_narrow_RH_M800_TuneCP5_13TeV-madgraph-pythia8_157.root
[step1.h] Finished initializing
RUN CONFIG: YEAR = 2017
Era = 
isMC = 1, isSig = 1, SigMass = 1
isHad =0, isSE =0, isSM =0
isTTTT = 0, isXX = 1, isTpTp = 0, isBpBp = 0
For W's: isTT = 0, isSTt = 0, isSTtW = 0
For jets & PDF: isTOP = 0, isMadgraphBkg = 1
For HOTTagger Efficiencies: isTTV = 0, isTTHbb = 0, isTTHnonbb = 0, isTTTX = 0
isTTVV = 0, isST = 0, isTTToSemiLeptonHT500Njet9 = 0
Pileup sample key: PairVLQ_x53x53_tWtW_narrow_RH_M800_TuneCP5_13TeV-madgraph-pythia8
b-tagging working points: 0.304(DeepJet)0.4506(DeepCSV)
isTTincMtt0to700: 0
isTTincMtt0to1000: 0
isTTincMtt700to1000: 0
isTTincMtt1000toInf: 0
isTTSemilepIncHT0Njet0: 0
isTTSemilepIncHT500Njet9: 0
outTTLF: 0
outTTCC: 0
outTTBB: 0
outTT1B: 0
outTT2B: 0
>> Completed 0 out of 1042 events
[INFO] Defaulting to central deepJet weight for: nominal
>> Completed 1000 out of 1042 events
Nelectrons      = 486 / 1042
Npassed_ElEta   = 486 / 1042
Nmuons          = 556 / 1042
NrelIsoFail     = 0 / 1042
Npassed_MuEta   = 556 / 1042
Npassed_nAK8Jets= 1042 / 1042
Npassed_Trigger = 1006 / 1042
Npassed_MET     = 814 / 1042
Npassed_lepPt   = 890 / 1042
Npassed_HT      = 1030 / 1042
npass_Njets     = 1037 / 1042
Npassed_ALL     = 682 / 1042

>> Running /isilon/hadoop/store/group/bruxljm/FWLJMET106XUL_singleLep2017UL_RunIISummer20_X53X53/PairVLQ_x53x53_tWtW_narrow_RH_M800_TuneCP5_13TeV-madgraph-pythia8/singleLep2017UL/230310_181414/0000/PairVLQ_x53x53_tWtW_narrow_RH_M800_TuneCP5_13TeV-madgraph-pythia8_16.root for shift: nominal
[step1.h] Opening file: /isilon/hadoop/store/group/bruxljm/FWLJMET106XUL_singleLep2017UL_RunIISummer20_X53X53/PairVLQ_x53x53_tWtW_narrow_RH_M800_TuneCP5_13TeV-madgraph-pythia8/singleLep2017UL/230310_181414/0000/PairVLQ_x53x53_tWtW_narrow_RH_M800_TuneCP5_13TeV-madgraph-pythia8_16.root
[step1.h] Finished initializing
RUN CONFIG: YEAR = 2017
Era = 
isMC = 1, isSig = 1, SigMass = 1
isHad =0, isSE =0, isSM =0
isTTTT = 0, isXX = 1, isTpTp = 0, isBpBp = 0
For W's: isTT = 0, isSTt = 0, isSTtW = 0
For jets & PDF: isTOP = 0, isMadgraphBkg = 1
For HOTTagger Efficiencies: isTTV = 0, isTTHbb = 0, isTTHnonbb = 0, isTTTX = 0
isTTVV = 0, isST = 0, isTTToSemiLeptonHT500Njet9 = 0
Pileup sample key: PairVLQ_x53x53_tWtW_narrow_RH_M800_TuneCP5_13TeV-madgraph-pythia8
b-tagging working points: 0.304(DeepJet)0.4506(DeepCSV)
isTTincMtt0to700: 0
isTTincMtt0to1000: 0
isTTincMtt700to1000: 0
isTTincMtt1000toInf: 0
isTTSemilepIncHT0Njet0: 0
isTTSemilepIncHT500Njet9: 0
outTTLF: 0
outTTCC: 0
outTTBB: 0
outTT1B: 0
outTT2B: 0
>> Completed 0 out of 984 events
[INFO] Defaulting to central deepJet weight for: nominal
Nelectrons      = 437 / 984
Npassed_ElEta   = 437 / 984
Nmuons          = 547 / 984
NrelIsoFail     = 0 / 984
Npassed_MuEta   = 547 / 984
Npassed_nAK8Jets= 984 / 984
Npassed_Trigger = 955 / 984
Npassed_MET     = 786 / 984
Npassed_lepPt   = 834 / 984
Npassed_HT      = 973 / 984
npass_Njets     = 981 / 984
Npassed_ALL     = 649 / 984

>> Running /isilon/hadoop/store/group/bruxljm/FWLJMET106XUL_singleLep2017UL_RunIISummer20_X53X53/PairVLQ_x53x53_tWtW_narrow_RH_M800_TuneCP5_13TeV-madgraph-pythia8/singleLep2017UL/230310_181414/0000/PairVLQ_x53x53_tWtW_narrow_RH_M800_TuneCP5_13TeV-madgraph-pythia8_17.root for shift: nominal
[step1.h] Opening file: /isilon/hadoop/store/group/bruxljm/FWLJMET106XUL_singleLep2017UL_RunIISummer20_X53X53/PairVLQ_x53x53_tWtW_narrow_RH_M800_TuneCP5_13TeV-madgraph-pythia8/singleLep2017UL/230310_181414/0000/PairVLQ_x53x53_tWtW_narrow_RH_M800_TuneCP5_13TeV-madgraph-pythia8_17.root
[step1.h] Finished initializing
RUN CONFIG: YEAR = 2017
Era = 
isMC = 1, isSig = 1, SigMass = 1
isHad =0, isSE =0, isSM =0
isTTTT = 0, isXX = 1, isTpTp = 0, isBpBp = 0
For W's: isTT = 0, isSTt = 0, isSTtW = 0
For jets & PDF: isTOP = 0, isMadgraphBkg = 1
For HOTTagger Efficiencies: isTTV = 0, isTTHbb = 0, isTTHnonbb = 0, isTTTX = 0
isTTVV = 0, isST = 0, isTTToSemiLeptonHT500Njet9 = 0
Pileup sample key: PairVLQ_x53x53_tWtW_narrow_RH_M800_TuneCP5_13TeV-madgraph-pythia8
b-tagging working points: 0.304(DeepJet)0.4506(DeepCSV)
isTTincMtt0to700: 0
isTTincMtt0to1000: 0
isTTincMtt700to1000: 0
isTTincMtt1000toInf: 0
isTTSemilepIncHT0Njet0: 0
isTTSemilepIncHT500Njet9: 0
outTTLF: 0
outTTCC: 0
outTTBB: 0
outTT1B: 0
outTT2B: 0
>> Completed 0 out of 1020 events
[INFO] Defaulting to central deepJet weight for: nominal
>> Completed 1000 out of 1020 events
Nelectrons      = 474 / 1020
Npassed_ElEta   = 474 / 1020
Nmuons          = 546 / 1020
NrelIsoFail     = 0 / 1020
Npassed_MuEta   = 546 / 1020
Npassed_nAK8Jets= 1020 / 1020
Npassed_Trigger = 981 / 1020
Npassed_MET     = 793 / 1020
Npassed_lepPt   = 867 / 1020
Npassed_HT      = 1004 / 1020
npass_Njets     = 1013 / 1020
Npassed_ALL     = 645 / 1020

>> Running /isilon/hadoop/store/group/bruxljm/FWLJMET106XUL_singleLep2017UL_RunIISummer20_X53X53/PairVLQ_x53x53_tWtW_narrow_RH_M800_TuneCP5_13TeV-madgraph-pythia8/singleLep2017UL/230310_181414/0000/PairVLQ_x53x53_tWtW_narrow_RH_M800_TuneCP5_13TeV-madgraph-pythia8_18.root for shift: nominal
[step1.h] Opening file: /isilon/hadoop/store/group/bruxljm/FWLJMET106XUL_singleLep2017UL_RunIISummer20_X53X53/PairVLQ_x53x53_tWtW_narrow_RH_M800_TuneCP5_13TeV-madgraph-pythia8/singleLep2017UL/230310_181414/0000/PairVLQ_x53x53_tWtW_narrow_RH_M800_TuneCP5_13TeV-madgraph-pythia8_18.root
[step1.h] Finished initializing
RUN CONFIG: YEAR = 2017
Era = 
isMC = 1, isSig = 1, SigMass = 1
isHad =0, isSE =0, isSM =0
isTTTT = 0, isXX = 1, isTpTp = 0, isBpBp = 0
For W's: isTT = 0, isSTt = 0, isSTtW = 0
For jets & PDF: isTOP = 0, isMadgraphBkg = 1
For HOTTagger Efficiencies: isTTV = 0, isTTHbb = 0, isTTHnonbb = 0, isTTTX = 0
isTTVV = 0, isST = 0, isTTToSemiLeptonHT500Njet9 = 0
Pileup sample key: PairVLQ_x53x53_tWtW_narrow_RH_M800_TuneCP5_13TeV-madgraph-pythia8
b-tagging working points: 0.304(DeepJet)0.4506(DeepCSV)
isTTincMtt0to700: 0
isTTincMtt0to1000: 0
isTTincMtt700to1000: 0
isTTincMtt1000toInf: 0
isTTSemilepIncHT0Njet0: 0
isTTSemilepIncHT500Njet9: 0
outTTLF: 0
outTTCC: 0
outTTBB: 0
outTT1B: 0
outTT2B: 0
>> Completed 0 out of 1003 events
[INFO] Defaulting to central deepJet weight for: nominal
>> Completed 1000 out of 1003 events
Nelectrons      = 464 / 1003
Npassed_ElEta   = 464 / 1003
Nmuons          = 539 / 1003
NrelIsoFail     = 0 / 1003
Npassed_MuEta   = 539 / 1003
Npassed_nAK8Jets= 1003 / 1003
Npassed_Trigger = 968 / 1003
Npassed_MET     = 775 / 1003
Npassed_lepPt   = 857 / 1003
Npassed_HT      = 980 / 1003
npass_Njets     = 997 / 1003
Npassed_ALL     = 647 / 1003

>> Running /isilon/hadoop/store/group/bruxljm/FWLJMET106XUL_singleLep2017UL_RunIISummer20_X53X53/PairVLQ_x53x53_tWtW_narrow_RH_M800_TuneCP5_13TeV-madgraph-pythia8/singleLep2017UL/230310_181414/0000/PairVLQ_x53x53_tWtW_narrow_RH_M800_TuneCP5_13TeV-madgraph-pythia8_19.root for shift: nominal
[step1.h] Opening file: /isilon/hadoop/store/group/bruxljm/FWLJMET106XUL_singleLep2017UL_RunIISummer20_X53X53/PairVLQ_x53x53_tWtW_narrow_RH_M800_TuneCP5_13TeV-madgraph-pythia8/singleLep2017UL/230310_181414/0000/PairVLQ_x53x53_tWtW_narrow_RH_M800_TuneCP5_13TeV-madgraph-pythia8_19.root
[step1.h] Finished initializing
RUN CONFIG: YEAR = 2017
Era = 
isMC = 1, isSig = 1, SigMass = 1
isHad =0, isSE =0, isSM =0
isTTTT = 0, isXX = 1, isTpTp = 0, isBpBp = 0
For W's: isTT = 0, isSTt = 0, isSTtW = 0
For jets & PDF: isTOP = 0, isMadgraphBkg = 1
For HOTTagger Efficiencies: isTTV = 0, isTTHbb = 0, isTTHnonbb = 0, isTTTX = 0
isTTVV = 0, isST = 0, isTTToSemiLeptonHT500Njet9 = 0
Pileup sample key: PairVLQ_x53x53_tWtW_narrow_RH_M800_TuneCP5_13TeV-madgraph-pythia8
b-tagging working points: 0.304(DeepJet)0.4506(DeepCSV)
isTTincMtt0to700: 0
isTTincMtt0to1000: 0
isTTincMtt700to1000: 0
isTTincMtt1000toInf: 0
isTTSemilepIncHT0Njet0: 0
isTTSemilepIncHT500Njet9: 0
outTTLF: 0
outTTCC: 0
outTTBB: 0
outTT1B: 0
outTT2B: 0
>> Completed 0 out of 1030 events
[INFO] Defaulting to central deepJet weight for: nominal
>> Completed 1000 out of 1030 events
Nelectrons      = 451 / 1030
Npassed_ElEta   = 451 / 1030
Nmuons          = 579 / 1030
NrelIsoFail     = 0 / 1030
Npassed_MuEta   = 579 / 1030
Npassed_nAK8Jets= 1030 / 1030
Npassed_Trigger = 998 / 1030
Npassed_MET     = 830 / 1030
Npassed_lepPt   = 872 / 1030
Npassed_HT      = 1013 / 1030
npass_Njets     = 1026 / 1030
Npassed_ALL     = 688 / 1030

>> Running /isilon/hadoop/store/group/bruxljm/FWLJMET106XUL_singleLep2017UL_RunIISummer20_X53X53/PairVLQ_x53x53_tWtW_narrow_RH_M800_TuneCP5_13TeV-madgraph-pythia8/singleLep2017UL/230310_181414/0000/PairVLQ_x53x53_tWtW_narrow_RH_M800_TuneCP5_13TeV-madgraph-pythia8_2.root for shift: nominal
[step1.h] Opening file: /isilon/hadoop/store/group/bruxljm/FWLJMET106XUL_singleLep2017UL_RunIISummer20_X53X53/PairVLQ_x53x53_tWtW_narrow_RH_M800_TuneCP5_13TeV-madgraph-pythia8/singleLep2017UL/230310_181414/0000/PairVLQ_x53x53_tWtW_narrow_RH_M800_TuneCP5_13TeV-madgraph-pythia8_2.root
[step1.h] Finished initializing
RUN CONFIG: YEAR = 2017
Era = 
isMC = 1, isSig = 1, SigMass = 1
isHad =0, isSE =0, isSM =0
isTTTT = 0, isXX = 1, isTpTp = 0, isBpBp = 0
For W's: isTT = 0, isSTt = 0, isSTtW = 0
For jets & PDF: isTOP = 0, isMadgraphBkg = 1
For HOTTagger Efficiencies: isTTV = 0, isTTHbb = 0, isTTHnonbb = 0, isTTTX = 0
isTTVV = 0, isST = 0, isTTToSemiLeptonHT500Njet9 = 0
Pileup sample key: PairVLQ_x53x53_tWtW_narrow_RH_M800_TuneCP5_13TeV-madgraph-pythia8
b-tagging working points: 0.304(DeepJet)0.4506(DeepCSV)
isTTincMtt0to700: 0
isTTincMtt0to1000: 0
isTTincMtt700to1000: 0
isTTincMtt1000toInf: 0
isTTSemilepIncHT0Njet0: 0
isTTSemilepIncHT500Njet9: 0
outTTLF: 0
outTTCC: 0
outTTBB: 0
outTT1B: 0
outTT2B: 0
>> Completed 0 out of 1043 events
[INFO] Defaulting to central deepJet weight for: nominal
>> Completed 1000 out of 1043 events
Nelectrons      = 471 / 1043
Npassed_ElEta   = 471 / 1043
Nmuons          = 572 / 1043
NrelIsoFail     = 0 / 1043
Npassed_MuEta   = 572 / 1043
Npassed_nAK8Jets= 1043 / 1043
Npassed_Trigger = 1018 / 1043
Npassed_MET     = 833 / 1043
Npassed_lepPt   = 893 / 1043
Npassed_HT      = 1033 / 1043
npass_Njets     = 1037 / 1043
Npassed_ALL     = 689 / 1043

>> Running /isilon/hadoop/store/group/bruxljm/FWLJMET106XUL_singleLep2017UL_RunIISummer20_X53X53/PairVLQ_x53x53_tWtW_narrow_RH_M800_TuneCP5_13TeV-madgraph-pythia8/singleLep2017UL/230310_181414/0000/PairVLQ_x53x53_tWtW_narrow_RH_M800_TuneCP5_13TeV-madgraph-pythia8_20.root for shift: nominal
[step1.h] Opening file: /isilon/hadoop/store/group/bruxljm/FWLJMET106XUL_singleLep2017UL_RunIISummer20_X53X53/PairVLQ_x53x53_tWtW_narrow_RH_M800_TuneCP5_13TeV-madgraph-pythia8/singleLep2017UL/230310_181414/0000/PairVLQ_x53x53_tWtW_narrow_RH_M800_TuneCP5_13TeV-madgraph-pythia8_20.root
[step1.h] Finished initializing
RUN CONFIG: YEAR = 2017
Era = 
isMC = 1, isSig = 1, SigMass = 1
isHad =0, isSE =0, isSM =0
isTTTT = 0, isXX = 1, isTpTp = 0, isBpBp = 0
For W's: isTT = 0, isSTt = 0, isSTtW = 0
For jets & PDF: isTOP = 0, isMadgraphBkg = 1
For HOTTagger Efficiencies: isTTV = 0, isTTHbb = 0, isTTHnonbb = 0, isTTTX = 0
isTTVV = 0, isST = 0, isTTToSemiLeptonHT500Njet9 = 0
Pileup sample key: PairVLQ_x53x53_tWtW_narrow_RH_M800_TuneCP5_13TeV-madgraph-pythia8
b-tagging working points: 0.304(DeepJet)0.4506(DeepCSV)
isTTincMtt0to700: 0
isTTincMtt0to1000: 0
isTTincMtt700to1000: 0
isTTincMtt1000toInf: 0
isTTSemilepIncHT0Njet0: 0
isTTSemilepIncHT500Njet9: 0
outTTLF: 0
outTTCC: 0
outTTBB: 0
outTT1B: 0
outTT2B: 0
>> Completed 0 out of 979 events
[INFO] Defaulting to central deepJet weight for: nominal
Nelectrons      = 455 / 979
Npassed_ElEta   = 455 / 979
Nmuons          = 524 / 979
NrelIsoFail     = 0 / 979
Npassed_MuEta   = 524 / 979
Npassed_nAK8Jets= 979 / 979
Npassed_Trigger = 944 / 979
Npassed_MET     = 763 / 979
Npassed_lepPt   = 839 / 979
Npassed_HT      = 964 / 979
npass_Njets     = 977 / 979
Npassed_ALL     = 640 / 979

>> Running /isilon/hadoop/store/group/bruxljm/FWLJMET106XUL_singleLep2017UL_RunIISummer20_X53X53/PairVLQ_x53x53_tWtW_narrow_RH_M800_TuneCP5_13TeV-madgraph-pythia8/singleLep2017UL/230310_181414/0000/PairVLQ_x53x53_tWtW_narrow_RH_M800_TuneCP5_13TeV-madgraph-pythia8_21.root for shift: nominal
[step1.h] Opening file: /isilon/hadoop/store/group/bruxljm/FWLJMET106XUL_singleLep2017UL_RunIISummer20_X53X53/PairVLQ_x53x53_tWtW_narrow_RH_M800_TuneCP5_13TeV-madgraph-pythia8/singleLep2017UL/230310_181414/0000/PairVLQ_x53x53_tWtW_narrow_RH_M800_TuneCP5_13TeV-madgraph-pythia8_21.root
[step1.h] Finished initializing
RUN CONFIG: YEAR = 2017
Era = 
isMC = 1, isSig = 1, SigMass = 1
isHad =0, isSE =0, isSM =0
isTTTT = 0, isXX = 1, isTpTp = 0, isBpBp = 0
For W's: isTT = 0, isSTt = 0, isSTtW = 0
For jets & PDF: isTOP = 0, isMadgraphBkg = 1
For HOTTagger Efficiencies: isTTV = 0, isTTHbb = 0, isTTHnonbb = 0, isTTTX = 0
isTTVV = 0, isST = 0, isTTToSemiLeptonHT500Njet9 = 0
Pileup sample key: PairVLQ_x53x53_tWtW_narrow_RH_M800_TuneCP5_13TeV-madgraph-pythia8
b-tagging working points: 0.304(DeepJet)0.4506(DeepCSV)
isTTincMtt0to700: 0
isTTincMtt0to1000: 0
isTTincMtt700to1000: 0
isTTincMtt1000toInf: 0
isTTSemilepIncHT0Njet0: 0
isTTSemilepIncHT500Njet9: 0
outTTLF: 0
outTTCC: 0
outTTBB: 0
outTT1B: 0
outTT2B: 0
>> Completed 0 out of 1051 events
[INFO] Defaulting to central deepJet weight for: nominal
>> Completed 1000 out of 1051 events
Nelectrons      = 465 / 1051
Npassed_ElEta   = 465 / 1051
Nmuons          = 586 / 1051
NrelIsoFail     = 0 / 1051
Npassed_MuEta   = 586 / 1051
Npassed_nAK8Jets= 1051 / 1051
Npassed_Trigger = 1012 / 1051
Npassed_MET     = 835 / 1051
Npassed_lepPt   = 889 / 1051
Npassed_HT      = 1038 / 1051
npass_Njets     = 1050 / 1051
Npassed_ALL     = 695 / 1051

>> Running /isilon/hadoop/store/group/bruxljm/FWLJMET106XUL_singleLep2017UL_RunIISummer20_X53X53/PairVLQ_x53x53_tWtW_narrow_RH_M800_TuneCP5_13TeV-madgraph-pythia8/singleLep2017UL/230310_181414/0000/PairVLQ_x53x53_tWtW_narrow_RH_M800_TuneCP5_13TeV-madgraph-pythia8_22.root for shift: nominal
[step1.h] Opening file: /isilon/hadoop/store/group/bruxljm/FWLJMET106XUL_singleLep2017UL_RunIISummer20_X53X53/PairVLQ_x53x53_tWtW_narrow_RH_M800_TuneCP5_13TeV-madgraph-pythia8/singleLep2017UL/230310_181414/0000/PairVLQ_x53x53_tWtW_narrow_RH_M800_TuneCP5_13TeV-madgraph-pythia8_22.root
[step1.h] Finished initializing
RUN CONFIG: YEAR = 2017
Era = 
isMC = 1, isSig = 1, SigMass = 1
isHad =0, isSE =0, isSM =0
isTTTT = 0, isXX = 1, isTpTp = 0, isBpBp = 0
For W's: isTT = 0, isSTt = 0, isSTtW = 0
For jets & PDF: isTOP = 0, isMadgraphBkg = 1
For HOTTagger Efficiencies: isTTV = 0, isTTHbb = 0, isTTHnonbb = 0, isTTTX = 0
isTTVV = 0, isST = 0, isTTToSemiLeptonHT500Njet9 = 0
Pileup sample key: PairVLQ_x53x53_tWtW_narrow_RH_M800_TuneCP5_13TeV-madgraph-pythia8
b-tagging working points: 0.304(DeepJet)0.4506(DeepCSV)
isTTincMtt0to700: 0
isTTincMtt0to1000: 0
isTTincMtt700to1000: 0
isTTincMtt1000toInf: 0
isTTSemilepIncHT0Njet0: 0
isTTSemilepIncHT500Njet9: 0
outTTLF: 0
outTTCC: 0
outTTBB: 0
outTT1B: 0
outTT2B: 0
>> Completed 0 out of 506 events
[INFO] Defaulting to central deepJet weight for: nominal
Nelectrons      = 228 / 506
Npassed_ElEta   = 228 / 506
Nmuons          = 278 / 506
NrelIsoFail     = 0 / 506
Npassed_MuEta   = 278 / 506
Npassed_nAK8Jets= 506 / 506
Npassed_Trigger = 486 / 506
Npassed_MET     = 407 / 506
Npassed_lepPt   = 421 / 506
Npassed_HT      = 502 / 506
npass_Njets     = 503 / 506
Npassed_ALL     = 333 / 506

>> Running /isilon/hadoop/store/group/bruxljm/FWLJMET106XUL_singleLep2017UL_RunIISummer20_X53X53/PairVLQ_x53x53_tWtW_narrow_RH_M800_TuneCP5_13TeV-madgraph-pythia8/singleLep2017UL/230310_181414/0000/PairVLQ_x53x53_tWtW_narrow_RH_M800_TuneCP5_13TeV-madgraph-pythia8_23.root for shift: nominal
[step1.h] Opening file: /isilon/hadoop/store/group/bruxljm/FWLJMET106XUL_singleLep2017UL_RunIISummer20_X53X53/PairVLQ_x53x53_tWtW_narrow_RH_M800_TuneCP5_13TeV-madgraph-pythia8/singleLep2017UL/230310_181414/0000/PairVLQ_x53x53_tWtW_narrow_RH_M800_TuneCP5_13TeV-madgraph-pythia8_23.root
[step1.h] Finished initializing
RUN CONFIG: YEAR = 2017
Era = 
isMC = 1, isSig = 1, SigMass = 1
isHad =0, isSE =0, isSM =0
isTTTT = 0, isXX = 1, isTpTp = 0, isBpBp = 0
For W's: isTT = 0, isSTt = 0, isSTtW = 0
For jets & PDF: isTOP = 0, isMadgraphBkg = 1
For HOTTagger Efficiencies: isTTV = 0, isTTHbb = 0, isTTHnonbb = 0, isTTTX = 0
isTTVV = 0, isST = 0, isTTToSemiLeptonHT500Njet9 = 0
Pileup sample key: PairVLQ_x53x53_tWtW_narrow_RH_M800_TuneCP5_13TeV-madgraph-pythia8
b-tagging working points: 0.304(DeepJet)0.4506(DeepCSV)
isTTincMtt0to700: 0
isTTincMtt0to1000: 0
isTTincMtt700to1000: 0
isTTincMtt1000toInf: 0
isTTSemilepIncHT0Njet0: 0
isTTSemilepIncHT500Njet9: 0
outTTLF: 0
outTTCC: 0
outTTBB: 0
outTT1B: 0
outTT2B: 0
>> Completed 0 out of 1007 events
[INFO] Defaulting to central deepJet weight for: nominal
>> Completed 1000 out of 1007 events
Nelectrons      = 478 / 1007
Npassed_ElEta   = 478 / 1007
Nmuons          = 529 / 1007
NrelIsoFail     = 0 / 1007
Npassed_MuEta   = 529 / 1007
Npassed_nAK8Jets= 1007 / 1007
Npassed_Trigger = 972 / 1007
Npassed_MET     = 800 / 1007
Npassed_lepPt   = 852 / 1007
Npassed_HT      = 992 / 1007
npass_Njets     = 1002 / 1007
Npassed_ALL     = 660 / 1007

>> Running /isilon/hadoop/store/group/bruxljm/FWLJMET106XUL_singleLep2017UL_RunIISummer20_X53X53/PairVLQ_x53x53_tWtW_narrow_RH_M800_TuneCP5_13TeV-madgraph-pythia8/singleLep2017UL/230310_181414/0000/PairVLQ_x53x53_tWtW_narrow_RH_M800_TuneCP5_13TeV-madgraph-pythia8_24.root for shift: nominal
[step1.h] Opening file: /isilon/hadoop/store/group/bruxljm/FWLJMET106XUL_singleLep2017UL_RunIISummer20_X53X53/PairVLQ_x53x53_tWtW_narrow_RH_M800_TuneCP5_13TeV-madgraph-pythia8/singleLep2017UL/230310_181414/0000/PairVLQ_x53x53_tWtW_narrow_RH_M800_TuneCP5_13TeV-madgraph-pythia8_24.root
[step1.h] Finished initializing
RUN CONFIG: YEAR = 2017
Era = 
isMC = 1, isSig = 1, SigMass = 1
isHad =0, isSE =0, isSM =0
isTTTT = 0, isXX = 1, isTpTp = 0, isBpBp = 0
For W's: isTT = 0, isSTt = 0, isSTtW = 0
For jets & PDF: isTOP = 0, isMadgraphBkg = 1
For HOTTagger Efficiencies: isTTV = 0, isTTHbb = 0, isTTHnonbb = 0, isTTTX = 0
isTTVV = 0, isST = 0, isTTToSemiLeptonHT500Njet9 = 0
Pileup sample key: PairVLQ_x53x53_tWtW_narrow_RH_M800_TuneCP5_13TeV-madgraph-pythia8
b-tagging working points: 0.304(DeepJet)0.4506(DeepCSV)
isTTincMtt0to700: 0
isTTincMtt0to1000: 0
isTTincMtt700to1000: 0
isTTincMtt1000toInf: 0
isTTSemilepIncHT0Njet0: 0
isTTSemilepIncHT500Njet9: 0
outTTLF: 0
outTTCC: 0
outTTBB: 0
outTT1B: 0
outTT2B: 0
>> Completed 0 out of 1030 events
[INFO] Defaulting to central deepJet weight for: nominal
>> Completed 1000 out of 1030 events
Nelectrons      = 491 / 1030
Npassed_ElEta   = 491 / 1030
Nmuons          = 539 / 1030
NrelIsoFail     = 0 / 1030
Npassed_MuEta   = 539 / 1030
Npassed_nAK8Jets= 1030 / 1030
Npassed_Trigger = 990 / 1030
Npassed_MET     = 820 / 1030
Npassed_lepPt   = 859 / 1030
Npassed_HT      = 1018 / 1030
npass_Njets     = 1028 / 1030
Npassed_ALL     = 669 / 1030

>> Running /isilon/hadoop/store/group/bruxljm/FWLJMET106XUL_singleLep2017UL_RunIISummer20_X53X53/PairVLQ_x53x53_tWtW_narrow_RH_M800_TuneCP5_13TeV-madgraph-pythia8/singleLep2017UL/230310_181414/0000/PairVLQ_x53x53_tWtW_narrow_RH_M800_TuneCP5_13TeV-madgraph-pythia8_25.root for shift: nominal
[step1.h] Opening file: /isilon/hadoop/store/group/bruxljm/FWLJMET106XUL_singleLep2017UL_RunIISummer20_X53X53/PairVLQ_x53x53_tWtW_narrow_RH_M800_TuneCP5_13TeV-madgraph-pythia8/singleLep2017UL/230310_181414/0000/PairVLQ_x53x53_tWtW_narrow_RH_M800_TuneCP5_13TeV-madgraph-pythia8_25.root
[step1.h] Finished initializing
RUN CONFIG: YEAR = 2017
Era = 
isMC = 1, isSig = 1, SigMass = 1
isHad =0, isSE =0, isSM =0
isTTTT = 0, isXX = 1, isTpTp = 0, isBpBp = 0
For W's: isTT = 0, isSTt = 0, isSTtW = 0
For jets & PDF: isTOP = 0, isMadgraphBkg = 1
For HOTTagger Efficiencies: isTTV = 0, isTTHbb = 0, isTTHnonbb = 0, isTTTX = 0
isTTVV = 0, isST = 0, isTTToSemiLeptonHT500Njet9 = 0
Pileup sample key: PairVLQ_x53x53_tWtW_narrow_RH_M800_TuneCP5_13TeV-madgraph-pythia8
b-tagging working points: 0.304(DeepJet)0.4506(DeepCSV)
isTTincMtt0to700: 0
isTTincMtt0to1000: 0
isTTincMtt700to1000: 0
isTTincMtt1000toInf: 0
isTTSemilepIncHT0Njet0: 0
isTTSemilepIncHT500Njet9: 0
outTTLF: 0
outTTCC: 0
outTTBB: 0
outTT1B: 0
outTT2B: 0
>> Completed 0 out of 1041 events
[INFO] Defaulting to central deepJet weight for: nominal
>> Completed 1000 out of 1041 events
Nelectrons      = 458 / 1041
Npassed_ElEta   = 458 / 1041
Nmuons          = 583 / 1041
NrelIsoFail     = 0 / 1041
Npassed_MuEta   = 583 / 1041
Npassed_nAK8Jets= 1041 / 1041
Npassed_Trigger = 1004 / 1041
Npassed_MET     = 839 / 1041
Npassed_lepPt   = 876 / 1041
Npassed_HT      = 1027 / 1041
npass_Njets     = 1033 / 1041
Npassed_ALL     = 681 / 1041

>> Running /isilon/hadoop/store/group/bruxljm/FWLJMET106XUL_singleLep2017UL_RunIISummer20_X53X53/PairVLQ_x53x53_tWtW_narrow_RH_M800_TuneCP5_13TeV-madgraph-pythia8/singleLep2017UL/230310_181414/0000/PairVLQ_x53x53_tWtW_narrow_RH_M800_TuneCP5_13TeV-madgraph-pythia8_26.root for shift: nominal
[step1.h] Opening file: /isilon/hadoop/store/group/bruxljm/FWLJMET106XUL_singleLep2017UL_RunIISummer20_X53X53/PairVLQ_x53x53_tWtW_narrow_RH_M800_TuneCP5_13TeV-madgraph-pythia8/singleLep2017UL/230310_181414/0000/PairVLQ_x53x53_tWtW_narrow_RH_M800_TuneCP5_13TeV-madgraph-pythia8_26.root
[step1.h] Finished initializing
RUN CONFIG: YEAR = 2017
Era = 
isMC = 1, isSig = 1, SigMass = 1
isHad =0, isSE =0, isSM =0
isTTTT = 0, isXX = 1, isTpTp = 0, isBpBp = 0
For W's: isTT = 0, isSTt = 0, isSTtW = 0
For jets & PDF: isTOP = 0, isMadgraphBkg = 1
For HOTTagger Efficiencies: isTTV = 0, isTTHbb = 0, isTTHnonbb = 0, isTTTX = 0
isTTVV = 0, isST = 0, isTTToSemiLeptonHT500Njet9 = 0
Pileup sample key: PairVLQ_x53x53_tWtW_narrow_RH_M800_TuneCP5_13TeV-madgraph-pythia8
b-tagging working points: 0.304(DeepJet)0.4506(DeepCSV)
isTTincMtt0to700: 0
isTTincMtt0to1000: 0
isTTincMtt700to1000: 0
isTTincMtt1000toInf: 0
isTTSemilepIncHT0Njet0: 0
isTTSemilepIncHT500Njet9: 0
outTTLF: 0
outTTCC: 0
outTTBB: 0
outTT1B: 0
outTT2B: 0
>> Completed 0 out of 1031 events
[INFO] Defaulting to central deepJet weight for: nominal
>> Completed 1000 out of 1031 events
Nelectrons      = 477 / 1031
Npassed_ElEta   = 477 / 1031
Nmuons          = 554 / 1031
NrelIsoFail     = 0 / 1031
Npassed_MuEta   = 554 / 1031
Npassed_nAK8Jets= 1031 / 1031
Npassed_Trigger = 996 / 1031
Npassed_MET     = 843 / 1031
Npassed_lepPt   = 887 / 1031
Npassed_HT      = 1023 / 1031
npass_Njets     = 1027 / 1031
Npassed_ALL     = 711 / 1031

>> Running /isilon/hadoop/store/group/bruxljm/FWLJMET106XUL_singleLep2017UL_RunIISummer20_X53X53/PairVLQ_x53x53_tWtW_narrow_RH_M800_TuneCP5_13TeV-madgraph-pythia8/singleLep2017UL/230310_181414/0000/PairVLQ_x53x53_tWtW_narrow_RH_M800_TuneCP5_13TeV-madgraph-pythia8_27.root for shift: nominal
[step1.h] Opening file: /isilon/hadoop/store/group/bruxljm/FWLJMET106XUL_singleLep2017UL_RunIISummer20_X53X53/PairVLQ_x53x53_tWtW_narrow_RH_M800_TuneCP5_13TeV-madgraph-pythia8/singleLep2017UL/230310_181414/0000/PairVLQ_x53x53_tWtW_narrow_RH_M800_TuneCP5_13TeV-madgraph-pythia8_27.root
[step1.h] Finished initializing
RUN CONFIG: YEAR = 2017
Era = 
isMC = 1, isSig = 1, SigMass = 1
isHad =0, isSE =0, isSM =0
isTTTT = 0, isXX = 1, isTpTp = 0, isBpBp = 0
For W's: isTT = 0, isSTt = 0, isSTtW = 0
For jets & PDF: isTOP = 0, isMadgraphBkg = 1
For HOTTagger Efficiencies: isTTV = 0, isTTHbb = 0, isTTHnonbb = 0, isTTTX = 0
isTTVV = 0, isST = 0, isTTToSemiLeptonHT500Njet9 = 0
Pileup sample key: PairVLQ_x53x53_tWtW_narrow_RH_M800_TuneCP5_13TeV-madgraph-pythia8
b-tagging working points: 0.304(DeepJet)0.4506(DeepCSV)
isTTincMtt0to700: 0
isTTincMtt0to1000: 0
isTTincMtt700to1000: 0
isTTincMtt1000toInf: 0
isTTSemilepIncHT0Njet0: 0
isTTSemilepIncHT500Njet9: 0
outTTLF: 0
outTTCC: 0
outTTBB: 0
outTT1B: 0
outTT2B: 0
>> Completed 0 out of 1043 events
[INFO] Defaulting to central deepJet weight for: nominal
>> Completed 1000 out of 1043 events
Nelectrons      = 481 / 1043
Npassed_ElEta   = 481 / 1043
Nmuons          = 562 / 1043
NrelIsoFail     = 0 / 1043
Npassed_MuEta   = 562 / 1043
Npassed_nAK8Jets= 1043 / 1043
Npassed_Trigger = 1008 / 1043
Npassed_MET     = 810 / 1043
Npassed_lepPt   = 848 / 1043
Npassed_HT      = 1026 / 1043
npass_Njets     = 1039 / 1043
Npassed_ALL     = 651 / 1043

>> Running /isilon/hadoop/store/group/bruxljm/FWLJMET106XUL_singleLep2017UL_RunIISummer20_X53X53/PairVLQ_x53x53_tWtW_narrow_RH_M800_TuneCP5_13TeV-madgraph-pythia8/singleLep2017UL/230310_181414/0000/PairVLQ_x53x53_tWtW_narrow_RH_M800_TuneCP5_13TeV-madgraph-pythia8_28.root for shift: nominal
[step1.h] Opening file: /isilon/hadoop/store/group/bruxljm/FWLJMET106XUL_singleLep2017UL_RunIISummer20_X53X53/PairVLQ_x53x53_tWtW_narrow_RH_M800_TuneCP5_13TeV-madgraph-pythia8/singleLep2017UL/230310_181414/0000/PairVLQ_x53x53_tWtW_narrow_RH_M800_TuneCP5_13TeV-madgraph-pythia8_28.root
[step1.h] Finished initializing
RUN CONFIG: YEAR = 2017
Era = 
isMC = 1, isSig = 1, SigMass = 1
isHad =0, isSE =0, isSM =0
isTTTT = 0, isXX = 1, isTpTp = 0, isBpBp = 0
For W's: isTT = 0, isSTt = 0, isSTtW = 0
For jets & PDF: isTOP = 0, isMadgraphBkg = 1
For HOTTagger Efficiencies: isTTV = 0, isTTHbb = 0, isTTHnonbb = 0, isTTTX = 0
isTTVV = 0, isST = 0, isTTToSemiLeptonHT500Njet9 = 0
Pileup sample key: PairVLQ_x53x53_tWtW_narrow_RH_M800_TuneCP5_13TeV-madgraph-pythia8
b-tagging working points: 0.304(DeepJet)0.4506(DeepCSV)
isTTincMtt0to700: 0
isTTincMtt0to1000: 0
isTTincMtt700to1000: 0
isTTincMtt1000toInf: 0
isTTSemilepIncHT0Njet0: 0
isTTSemilepIncHT500Njet9: 0
outTTLF: 0
outTTCC: 0
outTTBB: 0
outTT1B: 0
outTT2B: 0
>> Completed 0 out of 1031 events
[INFO] Defaulting to central deepJet weight for: nominal
>> Completed 1000 out of 1031 events
Nelectrons      = 499 / 1031
Npassed_ElEta   = 499 / 1031
Nmuons          = 532 / 1031
NrelIsoFail     = 0 / 1031
Npassed_MuEta   = 532 / 1031
Npassed_nAK8Jets= 1031 / 1031
Npassed_Trigger = 993 / 1031
Npassed_MET     = 809 / 1031
Npassed_lepPt   = 862 / 1031
Npassed_HT      = 1017 / 1031
npass_Njets     = 1028 / 1031
Npassed_ALL     = 656 / 1031

>> Running /isilon/hadoop/store/group/bruxljm/FWLJMET106XUL_singleLep2017UL_RunIISummer20_X53X53/PairVLQ_x53x53_tWtW_narrow_RH_M800_TuneCP5_13TeV-madgraph-pythia8/singleLep2017UL/230310_181414/0000/PairVLQ_x53x53_tWtW_narrow_RH_M800_TuneCP5_13TeV-madgraph-pythia8_29.root for shift: nominal
[step1.h] Opening file: /isilon/hadoop/store/group/bruxljm/FWLJMET106XUL_singleLep2017UL_RunIISummer20_X53X53/PairVLQ_x53x53_tWtW_narrow_RH_M800_TuneCP5_13TeV-madgraph-pythia8/singleLep2017UL/230310_181414/0000/PairVLQ_x53x53_tWtW_narrow_RH_M800_TuneCP5_13TeV-madgraph-pythia8_29.root
[step1.h] Finished initializing
RUN CONFIG: YEAR = 2017
Era = 
isMC = 1, isSig = 1, SigMass = 1
isHad =0, isSE =0, isSM =0
isTTTT = 0, isXX = 1, isTpTp = 0, isBpBp = 0
For W's: isTT = 0, isSTt = 0, isSTtW = 0
For jets & PDF: isTOP = 0, isMadgraphBkg = 1
For HOTTagger Efficiencies: isTTV = 0, isTTHbb = 0, isTTHnonbb = 0, isTTTX = 0
isTTVV = 0, isST = 0, isTTToSemiLeptonHT500Njet9 = 0
Pileup sample key: PairVLQ_x53x53_tWtW_narrow_RH_M800_TuneCP5_13TeV-madgraph-pythia8
b-tagging working points: 0.304(DeepJet)0.4506(DeepCSV)
isTTincMtt0to700: 0
isTTincMtt0to1000: 0
isTTincMtt700to1000: 0
isTTincMtt1000toInf: 0
isTTSemilepIncHT0Njet0: 0
isTTSemilepIncHT500Njet9: 0
outTTLF: 0
outTTCC: 0
outTTBB: 0
outTT1B: 0
outTT2B: 0
>> Completed 0 out of 515 events
[INFO] Defaulting to central deepJet weight for: nominal
Nelectrons      = 231 / 515
Npassed_ElEta   = 231 / 515
Nmuons          = 284 / 515
NrelIsoFail     = 0 / 515
Npassed_MuEta   = 284 / 515
Npassed_nAK8Jets= 515 / 515
Npassed_Trigger = 498 / 515
Npassed_MET     = 419 / 515
Npassed_lepPt   = 439 / 515
Npassed_HT      = 511 / 515
npass_Njets     = 513 / 515
Npassed_ALL     = 351 / 515

>> Running /isilon/hadoop/store/group/bruxljm/FWLJMET106XUL_singleLep2017UL_RunIISummer20_X53X53/PairVLQ_x53x53_tWtW_narrow_RH_M800_TuneCP5_13TeV-madgraph-pythia8/singleLep2017UL/230310_181414/0000/PairVLQ_x53x53_tWtW_narrow_RH_M800_TuneCP5_13TeV-madgraph-pythia8_3.root for shift: nominal
[step1.h] Opening file: /isilon/hadoop/store/group/bruxljm/FWLJMET106XUL_singleLep2017UL_RunIISummer20_X53X53/PairVLQ_x53x53_tWtW_narrow_RH_M800_TuneCP5_13TeV-madgraph-pythia8/singleLep2017UL/230310_181414/0000/PairVLQ_x53x53_tWtW_narrow_RH_M800_TuneCP5_13TeV-madgraph-pythia8_3.root
[step1.h] Finished initializing
RUN CONFIG: YEAR = 2017
Era = 
isMC = 1, isSig = 1, SigMass = 1
isHad =0, isSE =0, isSM =0
isTTTT = 0, isXX = 1, isTpTp = 0, isBpBp = 0
For W's: isTT = 0, isSTt = 0, isSTtW = 0
For jets & PDF: isTOP = 0, isMadgraphBkg = 1
For HOTTagger Efficiencies: isTTV = 0, isTTHbb = 0, isTTHnonbb = 0, isTTTX = 0
isTTVV = 0, isST = 0, isTTToSemiLeptonHT500Njet9 = 0
Pileup sample key: PairVLQ_x53x53_tWtW_narrow_RH_M800_TuneCP5_13TeV-madgraph-pythia8
b-tagging working points: 0.304(DeepJet)0.4506(DeepCSV)
isTTincMtt0to700: 0
isTTincMtt0to1000: 0
isTTincMtt700to1000: 0
isTTincMtt1000toInf: 0
isTTSemilepIncHT0Njet0: 0
isTTSemilepIncHT500Njet9: 0
outTTLF: 0
outTTCC: 0
outTTBB: 0
outTT1B: 0
outTT2B: 0
>> Completed 0 out of 1016 events
[INFO] Defaulting to central deepJet weight for: nominal
>> Completed 1000 out of 1016 events
Nelectrons      = 446 / 1016
Npassed_ElEta   = 446 / 1016
Nmuons          = 570 / 1016
NrelIsoFail     = 0 / 1016
Npassed_MuEta   = 570 / 1016
Npassed_nAK8Jets= 1016 / 1016
Npassed_Trigger = 980 / 1016
Npassed_MET     = 774 / 1016
Npassed_lepPt   = 823 / 1016
Npassed_HT      = 1006 / 1016
npass_Njets     = 1011 / 1016
Npassed_ALL     = 620 / 1016

>> Running /isilon/hadoop/store/group/bruxljm/FWLJMET106XUL_singleLep2017UL_RunIISummer20_X53X53/PairVLQ_x53x53_tWtW_narrow_RH_M800_TuneCP5_13TeV-madgraph-pythia8/singleLep2017UL/230310_181414/0000/PairVLQ_x53x53_tWtW_narrow_RH_M800_TuneCP5_13TeV-madgraph-pythia8_30.root for shift: nominal
[step1.h] Opening file: /isilon/hadoop/store/group/bruxljm/FWLJMET106XUL_singleLep2017UL_RunIISummer20_X53X53/PairVLQ_x53x53_tWtW_narrow_RH_M800_TuneCP5_13TeV-madgraph-pythia8/singleLep2017UL/230310_181414/0000/PairVLQ_x53x53_tWtW_narrow_RH_M800_TuneCP5_13TeV-madgraph-pythia8_30.root
[step1.h] Finished initializing
RUN CONFIG: YEAR = 2017
Era = 
isMC = 1, isSig = 1, SigMass = 1
isHad =0, isSE =0, isSM =0
isTTTT = 0, isXX = 1, isTpTp = 0, isBpBp = 0
For W's: isTT = 0, isSTt = 0, isSTtW = 0
For jets & PDF: isTOP = 0, isMadgraphBkg = 1
For HOTTagger Efficiencies: isTTV = 0, isTTHbb = 0, isTTHnonbb = 0, isTTTX = 0
isTTVV = 0, isST = 0, isTTToSemiLeptonHT500Njet9 = 0
Pileup sample key: PairVLQ_x53x53_tWtW_narrow_RH_M800_TuneCP5_13TeV-madgraph-pythia8
b-tagging working points: 0.304(DeepJet)0.4506(DeepCSV)
isTTincMtt0to700: 0
isTTincMtt0to1000: 0
isTTincMtt700to1000: 0
isTTincMtt1000toInf: 0
isTTSemilepIncHT0Njet0: 0
isTTSemilepIncHT500Njet9: 0
outTTLF: 0
outTTCC: 0
outTTBB: 0
outTT1B: 0
outTT2B: 0
>> Completed 0 out of 1038 events
[INFO] Defaulting to central deepJet weight for: nominal
>> Completed 1000 out of 1038 events
Nelectrons      = 490 / 1038
Npassed_ElEta   = 490 / 1038
Nmuons          = 548 / 1038
NrelIsoFail     = 0 / 1038
Npassed_MuEta   = 548 / 1038
Npassed_nAK8Jets= 1038 / 1038
Npassed_Trigger = 1002 / 1038
Npassed_MET     = 815 / 1038
Npassed_lepPt   = 869 / 1038
Npassed_HT      = 1023 / 1038
npass_Njets     = 1035 / 1038
Npassed_ALL     = 677 / 1038

>> Running /isilon/hadoop/store/group/bruxljm/FWLJMET106XUL_singleLep2017UL_RunIISummer20_X53X53/PairVLQ_x53x53_tWtW_narrow_RH_M800_TuneCP5_13TeV-madgraph-pythia8/singleLep2017UL/230310_181414/0000/PairVLQ_x53x53_tWtW_narrow_RH_M800_TuneCP5_13TeV-madgraph-pythia8_31.root for shift: nominal
[step1.h] Opening file: /isilon/hadoop/store/group/bruxljm/FWLJMET106XUL_singleLep2017UL_RunIISummer20_X53X53/PairVLQ_x53x53_tWtW_narrow_RH_M800_TuneCP5_13TeV-madgraph-pythia8/singleLep2017UL/230310_181414/0000/PairVLQ_x53x53_tWtW_narrow_RH_M800_TuneCP5_13TeV-madgraph-pythia8_31.root
[step1.h] Finished initializing
RUN CONFIG: YEAR = 2017
Era = 
isMC = 1, isSig = 1, SigMass = 1
isHad =0, isSE =0, isSM =0
isTTTT = 0, isXX = 1, isTpTp = 0, isBpBp = 0
For W's: isTT = 0, isSTt = 0, isSTtW = 0
For jets & PDF: isTOP = 0, isMadgraphBkg = 1
For HOTTagger Efficiencies: isTTV = 0, isTTHbb = 0, isTTHnonbb = 0, isTTTX = 0
isTTVV = 0, isST = 0, isTTToSemiLeptonHT500Njet9 = 0
Pileup sample key: PairVLQ_x53x53_tWtW_narrow_RH_M800_TuneCP5_13TeV-madgraph-pythia8
b-tagging working points: 0.304(DeepJet)0.4506(DeepCSV)
isTTincMtt0to700: 0
isTTincMtt0to1000: 0
isTTincMtt700to1000: 0
isTTincMtt1000toInf: 0
isTTSemilepIncHT0Njet0: 0
isTTSemilepIncHT500Njet9: 0
outTTLF: 0
outTTCC: 0
outTTBB: 0
outTT1B: 0
outTT2B: 0
>> Completed 0 out of 1079 events
>> Completed 1000 out of 1079 events
Nelectrons      = 494 / 1079
Npassed_ElEta   = 494 / 1079
Nmuons          = 585 / 1079
NrelIsoFail     = 0 / 1079
Npassed_MuEta   = 585 / 1079
Npassed_nAK8Jets= 1079 / 1079
Npassed_Trigger = 1042 / 1079
Npassed_MET     = 838 / 1079
Npassed_lepPt   = 918 / 1079
Npassed_HT      = 1066 / 1079
npass_Njets     = 1075 / 1079
Npassed_ALL     = 694 / 1079

>> Running /isilon/hadoop/store/group/bruxljm/FWLJMET106XUL_singleLep2017UL_RunIISummer20_X53X53/PairVLQ_x53x53_tWtW_narrow_RH_M800_TuneCP5_13TeV-madgraph-pythia8/singleLep2017UL/230310_181414/0000/PairVLQ_x53x53_tWtW_narrow_RH_M800_TuneCP5_13TeV-madgraph-pythia8_32.root for shift: nominal
[step1.h] Opening file: /isilon/hadoop/store/group/bruxljm/FWLJMET106XUL_singleLep2017UL_RunIISummer20_X53X53/PairVLQ_x53x53_tWtW_narrow_RH_M800_TuneCP5_13TeV-madgraph-pythia8/singleLep2017UL/230310_181414/0000/PairVLQ_x53x53_tWtW_narrow_RH_M800_TuneCP5_13TeV-madgraph-pythia8_32.root
[step1.h] Finished initializing
RUN CONFIG: YEAR = 2017
Era = 
isMC = 1, isSig = 1, SigMass = 1
isHad =0, isSE =0, isSM =0
isTTTT = 0, isXX = 1, isTpTp = 0, isBpBp = 0
For W's: isTT = 0, isSTt = 0, isSTtW = 0
For jets & PDF: isTOP = 0, isMadgraphBkg = 1
For HOTTagger Efficiencies: isTTV = 0, isTTHbb = 0, isTTHnonbb = 0, isTTTX = 0
isTTVV = 0, isST = 0, isTTToSemiLeptonHT500Njet9 = 0
Pileup sample key: PairVLQ_x53x53_tWtW_narrow_RH_M800_TuneCP5_13TeV-madgraph-pythia8
b-tagging working points: 0.304(DeepJet)0.4506(DeepCSV)
isTTincMtt0to700: 0
isTTincMtt0to1000: 0
isTTincMtt700to1000: 0
isTTincMtt1000toInf: 0
isTTSemilepIncHT0Njet0: 0
isTTSemilepIncHT500Njet9: 0
outTTLF: 0
outTTCC: 0
outTTBB: 0
outTT1B: 0
outTT2B: 0
>> Completed 0 out of 1026 events
[INFO] Defaulting to central deepJet weight for: nominal
>> Completed 1000 out of 1026 events
Nelectrons      = 468 / 1026
Npassed_ElEta   = 468 / 1026
Nmuons          = 558 / 1026
NrelIsoFail     = 0 / 1026
Npassed_MuEta   = 558 / 1026
Npassed_nAK8Jets= 1026 / 1026
Npassed_Trigger = 998 / 1026
Npassed_MET     = 810 / 1026
Npassed_lepPt   = 890 / 1026
Npassed_HT      = 1007 / 1026
npass_Njets     = 1019 / 1026
Npassed_ALL     = 680 / 1026

>> Running /isilon/hadoop/store/group/bruxljm/FWLJMET106XUL_singleLep2017UL_RunIISummer20_X53X53/PairVLQ_x53x53_tWtW_narrow_RH_M800_TuneCP5_13TeV-madgraph-pythia8/singleLep2017UL/230310_181414/0000/PairVLQ_x53x53_tWtW_narrow_RH_M800_TuneCP5_13TeV-madgraph-pythia8_33.root for shift: nominal
[step1.h] Opening file: /isilon/hadoop/store/group/bruxljm/FWLJMET106XUL_singleLep2017UL_RunIISummer20_X53X53/PairVLQ_x53x53_tWtW_narrow_RH_M800_TuneCP5_13TeV-madgraph-pythia8/singleLep2017UL/230310_181414/0000/PairVLQ_x53x53_tWtW_narrow_RH_M800_TuneCP5_13TeV-madgraph-pythia8_33.root
[step1.h] Finished initializing
RUN CONFIG: YEAR = 2017
Era = 
isMC = 1, isSig = 1, SigMass = 1
isHad =0, isSE =0, isSM =0
isTTTT = 0, isXX = 1, isTpTp = 0, isBpBp = 0
For W's: isTT = 0, isSTt = 0, isSTtW = 0
For jets & PDF: isTOP = 0, isMadgraphBkg = 1
For HOTTagger Efficiencies: isTTV = 0, isTTHbb = 0, isTTHnonbb = 0, isTTTX = 0
isTTVV = 0, isST = 0, isTTToSemiLeptonHT500Njet9 = 0
Pileup sample key: PairVLQ_x53x53_tWtW_narrow_RH_M800_TuneCP5_13TeV-madgraph-pythia8
b-tagging working points: 0.304(DeepJet)0.4506(DeepCSV)
isTTincMtt0to700: 0
isTTincMtt0to1000: 0
isTTincMtt700to1000: 0
isTTincMtt1000toInf: 0
isTTSemilepIncHT0Njet0: 0
isTTSemilepIncHT500Njet9: 0
outTTLF: 0
outTTCC: 0
outTTBB: 0
outTT1B: 0
outTT2B: 0
>> Completed 0 out of 1053 events
[INFO] Defaulting to central deepJet weight for: nominal
>> Completed 1000 out of 1053 events
Nelectrons      = 512 / 1053
Npassed_ElEta   = 512 / 1053
Nmuons          = 541 / 1053
NrelIsoFail     = 0 / 1053
Npassed_MuEta   = 541 / 1053
Npassed_nAK8Jets= 1053 / 1053
Npassed_Trigger = 1018 / 1053
Npassed_MET     = 832 / 1053
Npassed_lepPt   = 890 / 1053
Npassed_HT      = 1043 / 1053
npass_Njets     = 1048 / 1053
Npassed_ALL     = 690 / 1053

>> Running /isilon/hadoop/store/group/bruxljm/FWLJMET106XUL_singleLep2017UL_RunIISummer20_X53X53/PairVLQ_x53x53_tWtW_narrow_RH_M800_TuneCP5_13TeV-madgraph-pythia8/singleLep2017UL/230310_181414/0000/PairVLQ_x53x53_tWtW_narrow_RH_M800_TuneCP5_13TeV-madgraph-pythia8_34.root for shift: nominal
[step1.h] Opening file: /isilon/hadoop/store/group/bruxljm/FWLJMET106XUL_singleLep2017UL_RunIISummer20_X53X53/PairVLQ_x53x53_tWtW_narrow_RH_M800_TuneCP5_13TeV-madgraph-pythia8/singleLep2017UL/230310_181414/0000/PairVLQ_x53x53_tWtW_narrow_RH_M800_TuneCP5_13TeV-madgraph-pythia8_34.root
[step1.h] Finished initializing
RUN CONFIG: YEAR = 2017
Era = 
isMC = 1, isSig = 1, SigMass = 1
isHad =0, isSE =0, isSM =0
isTTTT = 0, isXX = 1, isTpTp = 0, isBpBp = 0
For W's: isTT = 0, isSTt = 0, isSTtW = 0
For jets & PDF: isTOP = 0, isMadgraphBkg = 1
For HOTTagger Efficiencies: isTTV = 0, isTTHbb = 0, isTTHnonbb = 0, isTTTX = 0
isTTVV = 0, isST = 0, isTTToSemiLeptonHT500Njet9 = 0
Pileup sample key: PairVLQ_x53x53_tWtW_narrow_RH_M800_TuneCP5_13TeV-madgraph-pythia8
b-tagging working points: 0.304(DeepJet)0.4506(DeepCSV)
isTTincMtt0to700: 0
isTTincMtt0to1000: 0
isTTincMtt700to1000: 0
isTTincMtt1000toInf: 0
isTTSemilepIncHT0Njet0: 0
isTTSemilepIncHT500Njet9: 0
outTTLF: 0
outTTCC: 0
outTTBB: 0
outTT1B: 0
outTT2B: 0
>> Completed 0 out of 1034 events
[INFO] Defaulting to central deepJet weight for: nominal
>> Completed 1000 out of 1034 events
Nelectrons      = 478 / 1034
Npassed_ElEta   = 478 / 1034
Nmuons          = 556 / 1034
NrelIsoFail     = 0 / 1034
Npassed_MuEta   = 556 / 1034
Npassed_nAK8Jets= 1034 / 1034
Npassed_Trigger = 996 / 1034
Npassed_MET     = 829 / 1034
Npassed_lepPt   = 881 / 1034
Npassed_HT      = 1027 / 1034
npass_Njets     = 1028 / 1034
Npassed_ALL     = 696 / 1034

>> Running /isilon/hadoop/store/group/bruxljm/FWLJMET106XUL_singleLep2017UL_RunIISummer20_X53X53/PairVLQ_x53x53_tWtW_narrow_RH_M800_TuneCP5_13TeV-madgraph-pythia8/singleLep2017UL/230310_181414/0000/PairVLQ_x53x53_tWtW_narrow_RH_M800_TuneCP5_13TeV-madgraph-pythia8_35.root for shift: nominal
[step1.h] Opening file: /isilon/hadoop/store/group/bruxljm/FWLJMET106XUL_singleLep2017UL_RunIISummer20_X53X53/PairVLQ_x53x53_tWtW_narrow_RH_M800_TuneCP5_13TeV-madgraph-pythia8/singleLep2017UL/230310_181414/0000/PairVLQ_x53x53_tWtW_narrow_RH_M800_TuneCP5_13TeV-madgraph-pythia8_35.root
[step1.h] Finished initializing
RUN CONFIG: YEAR = 2017
Era = 
isMC = 1, isSig = 1, SigMass = 1
isHad =0, isSE =0, isSM =0
isTTTT = 0, isXX = 1, isTpTp = 0, isBpBp = 0
For W's: isTT = 0, isSTt = 0, isSTtW = 0
For jets & PDF: isTOP = 0, isMadgraphBkg = 1
For HOTTagger Efficiencies: isTTV = 0, isTTHbb = 0, isTTHnonbb = 0, isTTTX = 0
isTTVV = 0, isST = 0, isTTToSemiLeptonHT500Njet9 = 0
Pileup sample key: PairVLQ_x53x53_tWtW_narrow_RH_M800_TuneCP5_13TeV-madgraph-pythia8
b-tagging working points: 0.304(DeepJet)0.4506(DeepCSV)
isTTincMtt0to700: 0
isTTincMtt0to1000: 0
isTTincMtt700to1000: 0
isTTincMtt1000toInf: 0
isTTSemilepIncHT0Njet0: 0
isTTSemilepIncHT500Njet9: 0
outTTLF: 0
outTTCC: 0
outTTBB: 0
outTT1B: 0
outTT2B: 0
>> Completed 0 out of 1040 events
[INFO] Defaulting to central deepJet weight for: nominal
>> Completed 1000 out of 1040 events
Nelectrons      = 472 / 1040
Npassed_ElEta   = 472 / 1040
Nmuons          = 568 / 1040
NrelIsoFail     = 0 / 1040
Npassed_MuEta   = 568 / 1040
Npassed_nAK8Jets= 1040 / 1040
Npassed_Trigger = 1010 / 1040
Npassed_MET     = 828 / 1040
Npassed_lepPt   = 885 / 1040
Npassed_HT      = 1034 / 1040
npass_Njets     = 1037 / 1040
Npassed_ALL     = 701 / 1040

>> Running /isilon/hadoop/store/group/bruxljm/FWLJMET106XUL_singleLep2017UL_RunIISummer20_X53X53/PairVLQ_x53x53_tWtW_narrow_RH_M800_TuneCP5_13TeV-madgraph-pythia8/singleLep2017UL/230310_181414/0000/PairVLQ_x53x53_tWtW_narrow_RH_M800_TuneCP5_13TeV-madgraph-pythia8_36.root for shift: nominal
[step1.h] Opening file: /isilon/hadoop/store/group/bruxljm/FWLJMET106XUL_singleLep2017UL_RunIISummer20_X53X53/PairVLQ_x53x53_tWtW_narrow_RH_M800_TuneCP5_13TeV-madgraph-pythia8/singleLep2017UL/230310_181414/0000/PairVLQ_x53x53_tWtW_narrow_RH_M800_TuneCP5_13TeV-madgraph-pythia8_36.root
[step1.h] Finished initializing
RUN CONFIG: YEAR = 2017
Era = 
isMC = 1, isSig = 1, SigMass = 1
isHad =0, isSE =0, isSM =0
isTTTT = 0, isXX = 1, isTpTp = 0, isBpBp = 0
For W's: isTT = 0, isSTt = 0, isSTtW = 0
For jets & PDF: isTOP = 0, isMadgraphBkg = 1
For HOTTagger Efficiencies: isTTV = 0, isTTHbb = 0, isTTHnonbb = 0, isTTTX = 0
isTTVV = 0, isST = 0, isTTToSemiLeptonHT500Njet9 = 0
Pileup sample key: PairVLQ_x53x53_tWtW_narrow_RH_M800_TuneCP5_13TeV-madgraph-pythia8
b-tagging working points: 0.304(DeepJet)0.4506(DeepCSV)
isTTincMtt0to700: 0
isTTincMtt0to1000: 0
isTTincMtt700to1000: 0
isTTincMtt1000toInf: 0
isTTSemilepIncHT0Njet0: 0
isTTSemilepIncHT500Njet9: 0
outTTLF: 0
outTTCC: 0
outTTBB: 0
outTT1B: 0
outTT2B: 0
>> Completed 0 out of 1011 events
[INFO] Defaulting to central deepJet weight for: nominal
>> Completed 1000 out of 1011 events
Nelectrons      = 480 / 1011
Npassed_ElEta   = 480 / 1011
Nmuons          = 531 / 1011
NrelIsoFail     = 0 / 1011
Npassed_MuEta   = 531 / 1011
Npassed_nAK8Jets= 1011 / 1011
Npassed_Trigger = 967 / 1011
Npassed_MET     = 804 / 1011
Npassed_lepPt   = 856 / 1011
Npassed_HT      = 999 / 1011
npass_Njets     = 1008 / 1011
Npassed_ALL     = 659 / 1011

>> Running /isilon/hadoop/store/group/bruxljm/FWLJMET106XUL_singleLep2017UL_RunIISummer20_X53X53/PairVLQ_x53x53_tWtW_narrow_RH_M800_TuneCP5_13TeV-madgraph-pythia8/singleLep2017UL/230310_181414/0000/PairVLQ_x53x53_tWtW_narrow_RH_M800_TuneCP5_13TeV-madgraph-pythia8_37.root for shift: nominal
[step1.h] Opening file: /isilon/hadoop/store/group/bruxljm/FWLJMET106XUL_singleLep2017UL_RunIISummer20_X53X53/PairVLQ_x53x53_tWtW_narrow_RH_M800_TuneCP5_13TeV-madgraph-pythia8/singleLep2017UL/230310_181414/0000/PairVLQ_x53x53_tWtW_narrow_RH_M800_TuneCP5_13TeV-madgraph-pythia8_37.root
[step1.h] Finished initializing
RUN CONFIG: YEAR = 2017
Era = 
isMC = 1, isSig = 1, SigMass = 1
isHad =0, isSE =0, isSM =0
isTTTT = 0, isXX = 1, isTpTp = 0, isBpBp = 0
For W's: isTT = 0, isSTt = 0, isSTtW = 0
For jets & PDF: isTOP = 0, isMadgraphBkg = 1
For HOTTagger Efficiencies: isTTV = 0, isTTHbb = 0, isTTHnonbb = 0, isTTTX = 0
isTTVV = 0, isST = 0, isTTToSemiLeptonHT500Njet9 = 0
Pileup sample key: PairVLQ_x53x53_tWtW_narrow_RH_M800_TuneCP5_13TeV-madgraph-pythia8
b-tagging working points: 0.304(DeepJet)0.4506(DeepCSV)
isTTincMtt0to700: 0
isTTincMtt0to1000: 0
isTTincMtt700to1000: 0
isTTincMtt1000toInf: 0
isTTSemilepIncHT0Njet0: 0
isTTSemilepIncHT500Njet9: 0
outTTLF: 0
outTTCC: 0
outTTBB: 0
outTT1B: 0
outTT2B: 0
>> Completed 0 out of 1061 events
[INFO] Defaulting to central deepJet weight for: nominal
>> Completed 1000 out of 1061 events
Nelectrons      = 488 / 1061
Npassed_ElEta   = 488 / 1061
Nmuons          = 573 / 1061
NrelIsoFail     = 0 / 1061
Npassed_MuEta   = 573 / 1061
Npassed_nAK8Jets= 1061 / 1061
Npassed_Trigger = 1024 / 1061
Npassed_MET     = 857 / 1061
Npassed_lepPt   = 918 / 1061
Npassed_HT      = 1045 / 1061
npass_Njets     = 1058 / 1061
Npassed_ALL     = 717 / 1061

>> Running /isilon/hadoop/store/group/bruxljm/FWLJMET106XUL_singleLep2017UL_RunIISummer20_X53X53/PairVLQ_x53x53_tWtW_narrow_RH_M800_TuneCP5_13TeV-madgraph-pythia8/singleLep2017UL/230310_181414/0000/PairVLQ_x53x53_tWtW_narrow_RH_M800_TuneCP5_13TeV-madgraph-pythia8_38.root for shift: nominal
[step1.h] Opening file: /isilon/hadoop/store/group/bruxljm/FWLJMET106XUL_singleLep2017UL_RunIISummer20_X53X53/PairVLQ_x53x53_tWtW_narrow_RH_M800_TuneCP5_13TeV-madgraph-pythia8/singleLep2017UL/230310_181414/0000/PairVLQ_x53x53_tWtW_narrow_RH_M800_TuneCP5_13TeV-madgraph-pythia8_38.root
[step1.h] Finished initializing
RUN CONFIG: YEAR = 2017
Era = 
isMC = 1, isSig = 1, SigMass = 1
isHad =0, isSE =0, isSM =0
isTTTT = 0, isXX = 1, isTpTp = 0, isBpBp = 0
For W's: isTT = 0, isSTt = 0, isSTtW = 0
For jets & PDF: isTOP = 0, isMadgraphBkg = 1
For HOTTagger Efficiencies: isTTV = 0, isTTHbb = 0, isTTHnonbb = 0, isTTTX = 0
isTTVV = 0, isST = 0, isTTToSemiLeptonHT500Njet9 = 0
Pileup sample key: PairVLQ_x53x53_tWtW_narrow_RH_M800_TuneCP5_13TeV-madgraph-pythia8
b-tagging working points: 0.304(DeepJet)0.4506(DeepCSV)
isTTincMtt0to700: 0
isTTincMtt0to1000: 0
isTTincMtt700to1000: 0
isTTincMtt1000toInf: 0
isTTSemilepIncHT0Njet0: 0
isTTSemilepIncHT500Njet9: 0
outTTLF: 0
outTTCC: 0
outTTBB: 0
outTT1B: 0
outTT2B: 0
>> Completed 0 out of 1032 events
[INFO] Defaulting to central deepJet weight for: nominal
>> Completed 1000 out of 1032 events
Nelectrons      = 476 / 1032
Npassed_ElEta   = 476 / 1032
Nmuons          = 556 / 1032
NrelIsoFail     = 0 / 1032
Npassed_MuEta   = 556 / 1032
Npassed_nAK8Jets= 1032 / 1032
Npassed_Trigger = 1000 / 1032
Npassed_MET     = 815 / 1032
Npassed_lepPt   = 857 / 1032
Npassed_HT      = 1017 / 1032
npass_Njets     = 1027 / 1032
Npassed_ALL     = 653 / 1032
>> Available ROOT Files:
-rw-r--r-- 1 fsimpson gridusers 2482368 Apr 24 09:19 PairVLQ_x53x53_tWtW_narrow_RH_M800_TuneCP5_13TeV-madgraph-pythia8_153nominal.root
-rw-r--r-- 1 fsimpson gridusers 2386170 Apr 24 09:19 PairVLQ_x53x53_tWtW_narrow_RH_M800_TuneCP5_13TeV-madgraph-pythia8_154nominal.root
-rw-r--r-- 1 fsimpson gridusers 2599414 Apr 24 09:19 PairVLQ_x53x53_tWtW_narrow_RH_M800_TuneCP5_13TeV-madgraph-pythia8_155nominal.root
-rw-r--r-- 1 fsimpson gridusers 2372589 Apr 24 09:19 PairVLQ_x53x53_tWtW_narrow_RH_M800_TuneCP5_13TeV-madgraph-pythia8_156nominal.root
-rw-r--r-- 1 fsimpson gridusers 2315773 Apr 24 09:19 PairVLQ_x53x53_tWtW_narrow_RH_M800_TuneCP5_13TeV-madgraph-pythia8_157nominal.root
-rw-r--r-- 1 fsimpson gridusers 2286657 Apr 24 09:19 PairVLQ_x53x53_tWtW_narrow_RH_M800_TuneCP5_13TeV-madgraph-pythia8_16nominal.root
-rw-r--r-- 1 fsimpson gridusers 2238663 Apr 24 09:19 PairVLQ_x53x53_tWtW_narrow_RH_M800_TuneCP5_13TeV-madgraph-pythia8_17nominal.root
-rw-r--r-- 1 fsimpson gridusers 2229160 Apr 24 09:19 PairVLQ_x53x53_tWtW_narrow_RH_M800_TuneCP5_13TeV-madgraph-pythia8_18nominal.root
-rw-r--r-- 1 fsimpson gridusers 2396095 Apr 24 09:19 PairVLQ_x53x53_tWtW_narrow_RH_M800_TuneCP5_13TeV-madgraph-pythia8_19nominal.root
-rw-r--r-- 1 fsimpson gridusers 2240510 Apr 24 09:19 PairVLQ_x53x53_tWtW_narrow_RH_M800_TuneCP5_13TeV-madgraph-pythia8_20nominal.root
-rw-r--r-- 1 fsimpson gridusers 2485438 Apr 24 09:19 PairVLQ_x53x53_tWtW_narrow_RH_M800_TuneCP5_13TeV-madgraph-pythia8_21nominal.root
-rw-r--r-- 1 fsimpson gridusers 1193156 Apr 24 09:19 PairVLQ_x53x53_tWtW_narrow_RH_M800_TuneCP5_13TeV-madgraph-pythia8_22nominal.root
-rw-r--r-- 1 fsimpson gridusers 2293774 Apr 24 09:19 PairVLQ_x53x53_tWtW_narrow_RH_M800_TuneCP5_13TeV-madgraph-pythia8_23nominal.root
-rw-r--r-- 1 fsimpson gridusers 2337785 Apr 24 09:19 PairVLQ_x53x53_tWtW_narrow_RH_M800_TuneCP5_13TeV-madgraph-pythia8_24nominal.root
-rw-r--r-- 1 fsimpson gridusers 2407084 Apr 24 09:19 PairVLQ_x53x53_tWtW_narrow_RH_M800_TuneCP5_13TeV-madgraph-pythia8_25nominal.root
-rw-r--r-- 1 fsimpson gridusers 2444242 Apr 24 09:19 PairVLQ_x53x53_tWtW_narrow_RH_M800_TuneCP5_13TeV-madgraph-pythia8_26nominal.root
-rw-r--r-- 1 fsimpson gridusers 2312920 Apr 24 09:19 PairVLQ_x53x53_tWtW_narrow_RH_M800_TuneCP5_13TeV-madgraph-pythia8_27nominal.root
-rw-r--r-- 1 fsimpson gridusers 2324331 Apr 24 09:19 PairVLQ_x53x53_tWtW_narrow_RH_M800_TuneCP5_13TeV-madgraph-pythia8_28nominal.root
-rw-r--r-- 1 fsimpson gridusers 1232764 Apr 24 09:19 PairVLQ_x53x53_tWtW_narrow_RH_M800_TuneCP5_13TeV-madgraph-pythia8_29nominal.root
-rw-r--r-- 1 fsimpson gridusers 2416513 Apr 24 09:19 PairVLQ_x53x53_tWtW_narrow_RH_M800_TuneCP5_13TeV-madgraph-pythia8_2nominal.root
-rw-r--r-- 1 fsimpson gridusers 2403564 Apr 24 09:19 PairVLQ_x53x53_tWtW_narrow_RH_M800_TuneCP5_13TeV-madgraph-pythia8_30nominal.root
-rw-r--r-- 1 fsimpson gridusers 2444825 Apr 24 09:19 PairVLQ_x53x53_tWtW_narrow_RH_M800_TuneCP5_13TeV-madgraph-pythia8_31nominal.root
-rw-r--r-- 1 fsimpson gridusers 2372564 Apr 24 09:19 PairVLQ_x53x53_tWtW_narrow_RH_M800_TuneCP5_13TeV-madgraph-pythia8_32nominal.root
-rw-r--r-- 1 fsimpson gridusers 2399808 Apr 24 09:19 PairVLQ_x53x53_tWtW_narrow_RH_M800_TuneCP5_13TeV-madgraph-pythia8_33nominal.root
-rw-r--r-- 1 fsimpson gridusers 2396696 Apr 24 09:19 PairVLQ_x53x53_tWtW_narrow_RH_M800_TuneCP5_13TeV-madgraph-pythia8_34nominal.root
-rw-r--r-- 1 fsimpson gridusers 2432160 Apr 24 09:19 PairVLQ_x53x53_tWtW_narrow_RH_M800_TuneCP5_13TeV-madgraph-pythia8_35nominal.root
-rw-r--r-- 1 fsimpson gridusers 2288946 Apr 24 09:19 PairVLQ_x53x53_tWtW_narrow_RH_M800_TuneCP5_13TeV-madgraph-pythia8_36nominal.root
-rw-r--r-- 1 fsimpson gridusers 2478438 Apr 24 09:19 PairVLQ_x53x53_tWtW_narrow_RH_M800_TuneCP5_13TeV-madgraph-pythia8_37nominal.root
-rw-r--r-- 1 fsimpson gridusers 2286775 Apr 24 09:19 PairVLQ_x53x53_tWtW_narrow_RH_M800_TuneCP5_13TeV-madgraph-pythia8_38nominal.root
-rw-r--r-- 1 fsimpson gridusers 2178492 Apr 24 09:19 PairVLQ_x53x53_tWtW_narrow_RH_M800_TuneCP5_13TeV-madgraph-pythia8_3nominal.root
>> xrdcp output for condor
hadd Target file: PairVLQ_x53x53_tWtW_narrow_RH_M800_TuneCP5_13TeV-madgraph-pythia8_3nominal_hadd.root
hadd compression setting for all ouput: 1
hadd Source file 1: PairVLQ_x53x53_tWtW_narrow_RH_M800_TuneCP5_13TeV-madgraph-pythia8_153nominal.root
hadd Source file 2: PairVLQ_x53x53_tWtW_narrow_RH_M800_TuneCP5_13TeV-madgraph-pythia8_154nominal.root
hadd Source file 3: PairVLQ_x53x53_tWtW_narrow_RH_M800_TuneCP5_13TeV-madgraph-pythia8_155nominal.root
hadd Source file 4: PairVLQ_x53x53_tWtW_narrow_RH_M800_TuneCP5_13TeV-madgraph-pythia8_156nominal.root
hadd Source file 5: PairVLQ_x53x53_tWtW_narrow_RH_M800_TuneCP5_13TeV-madgraph-pythia8_157nominal.root
hadd Source file 6: PairVLQ_x53x53_tWtW_narrow_RH_M800_TuneCP5_13TeV-madgraph-pythia8_16nominal.root
hadd Source file 7: PairVLQ_x53x53_tWtW_narrow_RH_M800_TuneCP5_13TeV-madgraph-pythia8_17nominal.root
hadd Source file 8: PairVLQ_x53x53_tWtW_narrow_RH_M800_TuneCP5_13TeV-madgraph-pythia8_18nominal.root
hadd Source file 9: PairVLQ_x53x53_tWtW_narrow_RH_M800_TuneCP5_13TeV-madgraph-pythia8_19nominal.root
hadd Source file 10: PairVLQ_x53x53_tWtW_narrow_RH_M800_TuneCP5_13TeV-madgraph-pythia8_20nominal.root
hadd Source file 11: PairVLQ_x53x53_tWtW_narrow_RH_M800_TuneCP5_13TeV-madgraph-pythia8_21nominal.root
hadd Source file 12: PairVLQ_x53x53_tWtW_narrow_RH_M800_TuneCP5_13TeV-madgraph-pythia8_22nominal.root
hadd Source file 13: PairVLQ_x53x53_tWtW_narrow_RH_M800_TuneCP5_13TeV-madgraph-pythia8_23nominal.root
hadd Source file 14: PairVLQ_x53x53_tWtW_narrow_RH_M800_TuneCP5_13TeV-madgraph-pythia8_24nominal.root
hadd Source file 15: PairVLQ_x53x53_tWtW_narrow_RH_M800_TuneCP5_13TeV-madgraph-pythia8_25nominal.root
hadd Source file 16: PairVLQ_x53x53_tWtW_narrow_RH_M800_TuneCP5_13TeV-madgraph-pythia8_26nominal.root
hadd Source file 17: PairVLQ_x53x53_tWtW_narrow_RH_M800_TuneCP5_13TeV-madgraph-pythia8_27nominal.root
hadd Source file 18: PairVLQ_x53x53_tWtW_narrow_RH_M800_TuneCP5_13TeV-madgraph-pythia8_28nominal.root
hadd Source file 19: PairVLQ_x53x53_tWtW_narrow_RH_M800_TuneCP5_13TeV-madgraph-pythia8_29nominal.root
hadd Source file 20: PairVLQ_x53x53_tWtW_narrow_RH_M800_TuneCP5_13TeV-madgraph-pythia8_2nominal.root
hadd Source file 21: PairVLQ_x53x53_tWtW_narrow_RH_M800_TuneCP5_13TeV-madgraph-pythia8_30nominal.root
hadd Source file 22: PairVLQ_x53x53_tWtW_narrow_RH_M800_TuneCP5_13TeV-madgraph-pythia8_31nominal.root
hadd Source file 23: PairVLQ_x53x53_tWtW_narrow_RH_M800_TuneCP5_13TeV-madgraph-pythia8_32nominal.root
hadd Source file 24: PairVLQ_x53x53_tWtW_narrow_RH_M800_TuneCP5_13TeV-madgraph-pythia8_33nominal.root
hadd Source file 25: PairVLQ_x53x53_tWtW_narrow_RH_M800_TuneCP5_13TeV-madgraph-pythia8_34nominal.root
hadd Source file 26: PairVLQ_x53x53_tWtW_narrow_RH_M800_TuneCP5_13TeV-madgraph-pythia8_35nominal.root
hadd Source file 27: PairVLQ_x53x53_tWtW_narrow_RH_M800_TuneCP5_13TeV-madgraph-pythia8_36nominal.root
hadd Source file 28: PairVLQ_x53x53_tWtW_narrow_RH_M800_TuneCP5_13TeV-madgraph-pythia8_37nominal.root
hadd Source file 29: PairVLQ_x53x53_tWtW_narrow_RH_M800_TuneCP5_13TeV-madgraph-pythia8_38nominal.root
hadd Source file 30: PairVLQ_x53x53_tWtW_narrow_RH_M800_TuneCP5_13TeV-madgraph-pythia8_3nominal.root
hadd Target path: PairVLQ_x53x53_tWtW_narrow_RH_M800_TuneCP5_13TeV-madgraph-pythia8_3nominal_hadd.root:/
>> mv PairVLQ_x53x53_tWtW_narrow_RH_M800_TuneCP5_13TeV-madgraph-pythia8_3nominal_hadd.root /isilon/hadoop/store/group/bruxljm/FWLJMET106XUL_singleLep2017UL_RunIISummer20_X53X53_step1/nominal/PairVLQ_x53x53_tWtW_narrow_RH_M800_TuneCP5_13TeV-madgraph-pythia8/PairVLQ_x53x53_tWtW_narrow_RH_M800_TuneCP5_13TeV-madgraph-pythia8_3.root
[DONE]
