/isilon/condor/hep103.hep.brown.edu/execute/dir_115522
>> Setting macroDir to PWD

Processing compile_step1.C...
>> Running on BRUX, PairVLQ_x53x53_tWtW_narrow_RH_M1600_TuneCP5_13TeV-madgraph-pythia8 stored on BRUX
>> Input file path: /isilon/hadoop/store/group/bruxljm/FWLJMET106XUL_singleLep2017UL_RunIISummer20_X53X53/PairVLQ_x53x53_tWtW_narrow_RH_M1600_TuneCP5_13TeV-madgraph-pythia8/singleLep2017UL/230310_182613/0000
>> Running step1 over list: 68 69 7 70 71 72 73 74 75 76 77 78 79 8 80 81 82 83 84 85 86 87 88 89 9 90 91 92 93 94
>> Adding PairVLQ_x53x53_tWtW_narrow_RH_M1600_TuneCP5_13TeV-madgraph-pythia8_68.root to the list by reading PairVLQ_x53x53_tWtW_narrow_RH_M1600_TuneCP5_13TeV-madgraph-pythia8_68
>> Adding PairVLQ_x53x53_tWtW_narrow_RH_M1600_TuneCP5_13TeV-madgraph-pythia8_69.root to the list by reading PairVLQ_x53x53_tWtW_narrow_RH_M1600_TuneCP5_13TeV-madgraph-pythia8_69
>> Adding PairVLQ_x53x53_tWtW_narrow_RH_M1600_TuneCP5_13TeV-madgraph-pythia8_7.root to the list by reading PairVLQ_x53x53_tWtW_narrow_RH_M1600_TuneCP5_13TeV-madgraph-pythia8_7
>> Adding PairVLQ_x53x53_tWtW_narrow_RH_M1600_TuneCP5_13TeV-madgraph-pythia8_70.root to the list by reading PairVLQ_x53x53_tWtW_narrow_RH_M1600_TuneCP5_13TeV-madgraph-pythia8_70
>> Adding PairVLQ_x53x53_tWtW_narrow_RH_M1600_TuneCP5_13TeV-madgraph-pythia8_71.root to the list by reading PairVLQ_x53x53_tWtW_narrow_RH_M1600_TuneCP5_13TeV-madgraph-pythia8_71
>> Adding PairVLQ_x53x53_tWtW_narrow_RH_M1600_TuneCP5_13TeV-madgraph-pythia8_72.root to the list by reading PairVLQ_x53x53_tWtW_narrow_RH_M1600_TuneCP5_13TeV-madgraph-pythia8_72
>> Adding PairVLQ_x53x53_tWtW_narrow_RH_M1600_TuneCP5_13TeV-madgraph-pythia8_73.root to the list by reading PairVLQ_x53x53_tWtW_narrow_RH_M1600_TuneCP5_13TeV-madgraph-pythia8_73
>> Adding PairVLQ_x53x53_tWtW_narrow_RH_M1600_TuneCP5_13TeV-madgraph-pythia8_74.root to the list by reading PairVLQ_x53x53_tWtW_narrow_RH_M1600_TuneCP5_13TeV-madgraph-pythia8_74
>> Adding PairVLQ_x53x53_tWtW_narrow_RH_M1600_TuneCP5_13TeV-madgraph-pythia8_75.root to the list by reading PairVLQ_x53x53_tWtW_narrow_RH_M1600_TuneCP5_13TeV-madgraph-pythia8_75
>> Adding PairVLQ_x53x53_tWtW_narrow_RH_M1600_TuneCP5_13TeV-madgraph-pythia8_76.root to the list by reading PairVLQ_x53x53_tWtW_narrow_RH_M1600_TuneCP5_13TeV-madgraph-pythia8_76
>> Adding PairVLQ_x53x53_tWtW_narrow_RH_M1600_TuneCP5_13TeV-madgraph-pythia8_77.root to the list by reading PairVLQ_x53x53_tWtW_narrow_RH_M1600_TuneCP5_13TeV-madgraph-pythia8_77
>> Adding PairVLQ_x53x53_tWtW_narrow_RH_M1600_TuneCP5_13TeV-madgraph-pythia8_78.root to the list by reading PairVLQ_x53x53_tWtW_narrow_RH_M1600_TuneCP5_13TeV-madgraph-pythia8_78
>> Adding PairVLQ_x53x53_tWtW_narrow_RH_M1600_TuneCP5_13TeV-madgraph-pythia8_79.root to the list by reading PairVLQ_x53x53_tWtW_narrow_RH_M1600_TuneCP5_13TeV-madgraph-pythia8_79
>> Adding PairVLQ_x53x53_tWtW_narrow_RH_M1600_TuneCP5_13TeV-madgraph-pythia8_8.root to the list by reading PairVLQ_x53x53_tWtW_narrow_RH_M1600_TuneCP5_13TeV-madgraph-pythia8_8
>> Adding PairVLQ_x53x53_tWtW_narrow_RH_M1600_TuneCP5_13TeV-madgraph-pythia8_80.root to the list by reading PairVLQ_x53x53_tWtW_narrow_RH_M1600_TuneCP5_13TeV-madgraph-pythia8_80
>> Adding PairVLQ_x53x53_tWtW_narrow_RH_M1600_TuneCP5_13TeV-madgraph-pythia8_81.root to the list by reading PairVLQ_x53x53_tWtW_narrow_RH_M1600_TuneCP5_13TeV-madgraph-pythia8_81
>> Adding PairVLQ_x53x53_tWtW_narrow_RH_M1600_TuneCP5_13TeV-madgraph-pythia8_82.root to the list by reading PairVLQ_x53x53_tWtW_narrow_RH_M1600_TuneCP5_13TeV-madgraph-pythia8_82
>> Adding PairVLQ_x53x53_tWtW_narrow_RH_M1600_TuneCP5_13TeV-madgraph-pythia8_83.root to the list by reading PairVLQ_x53x53_tWtW_narrow_RH_M1600_TuneCP5_13TeV-madgraph-pythia8_83
>> Adding PairVLQ_x53x53_tWtW_narrow_RH_M1600_TuneCP5_13TeV-madgraph-pythia8_84.root to the list by reading PairVLQ_x53x53_tWtW_narrow_RH_M1600_TuneCP5_13TeV-madgraph-pythia8_84
>> Adding PairVLQ_x53x53_tWtW_narrow_RH_M1600_TuneCP5_13TeV-madgraph-pythia8_85.root to the list by reading PairVLQ_x53x53_tWtW_narrow_RH_M1600_TuneCP5_13TeV-madgraph-pythia8_85
>> Adding PairVLQ_x53x53_tWtW_narrow_RH_M1600_TuneCP5_13TeV-madgraph-pythia8_86.root to the list by reading PairVLQ_x53x53_tWtW_narrow_RH_M1600_TuneCP5_13TeV-madgraph-pythia8_86
>> Adding PairVLQ_x53x53_tWtW_narrow_RH_M1600_TuneCP5_13TeV-madgraph-pythia8_87.root to the list by reading PairVLQ_x53x53_tWtW_narrow_RH_M1600_TuneCP5_13TeV-madgraph-pythia8_87
>> Adding PairVLQ_x53x53_tWtW_narrow_RH_M1600_TuneCP5_13TeV-madgraph-pythia8_88.root to the list by reading PairVLQ_x53x53_tWtW_narrow_RH_M1600_TuneCP5_13TeV-madgraph-pythia8_88
>> Adding PairVLQ_x53x53_tWtW_narrow_RH_M1600_TuneCP5_13TeV-madgraph-pythia8_89.root to the list by reading PairVLQ_x53x53_tWtW_narrow_RH_M1600_TuneCP5_13TeV-madgraph-pythia8_89
>> Adding PairVLQ_x53x53_tWtW_narrow_RH_M1600_TuneCP5_13TeV-madgraph-pythia8_9.root to the list by reading PairVLQ_x53x53_tWtW_narrow_RH_M1600_TuneCP5_13TeV-madgraph-pythia8_9
>> Adding PairVLQ_x53x53_tWtW_narrow_RH_M1600_TuneCP5_13TeV-madgraph-pythia8_90.root to the list by reading PairVLQ_x53x53_tWtW_narrow_RH_M1600_TuneCP5_13TeV-madgraph-pythia8_90
>> Adding PairVLQ_x53x53_tWtW_narrow_RH_M1600_TuneCP5_13TeV-madgraph-pythia8_91.root to the list by reading PairVLQ_x53x53_tWtW_narrow_RH_M1600_TuneCP5_13TeV-madgraph-pythia8_91
>> Adding PairVLQ_x53x53_tWtW_narrow_RH_M1600_TuneCP5_13TeV-madgraph-pythia8_92.root to the list by reading PairVLQ_x53x53_tWtW_narrow_RH_M1600_TuneCP5_13TeV-madgraph-pythia8_92
>> Adding PairVLQ_x53x53_tWtW_narrow_RH_M1600_TuneCP5_13TeV-madgraph-pythia8_93.root to the list by reading PairVLQ_x53x53_tWtW_narrow_RH_M1600_TuneCP5_13TeV-madgraph-pythia8_93
>> Adding PairVLQ_x53x53_tWtW_narrow_RH_M1600_TuneCP5_13TeV-madgraph-pythia8_94.root to the list by reading PairVLQ_x53x53_tWtW_narrow_RH_M1600_TuneCP5_13TeV-madgraph-pythia8_94
[OPT] Using deepCSV reshaping file: reshaping_deepCSV_106XUL17_v4.csv
[OPT] Using deepJet reshaping file: reshaping_deepJet_106XUL17_v4.csv

>> Running /isilon/hadoop/store/group/bruxljm/FWLJMET106XUL_singleLep2017UL_RunIISummer20_X53X53/PairVLQ_x53x53_tWtW_narrow_RH_M1600_TuneCP5_13TeV-madgraph-pythia8/singleLep2017UL/230310_182613/0000/PairVLQ_x53x53_tWtW_narrow_RH_M1600_TuneCP5_13TeV-madgraph-pythia8_68.root for shift: nominal
[step1.h] Opening file: /isilon/hadoop/store/group/bruxljm/FWLJMET106XUL_singleLep2017UL_RunIISummer20_X53X53/PairVLQ_x53x53_tWtW_narrow_RH_M1600_TuneCP5_13TeV-madgraph-pythia8/singleLep2017UL/230310_182613/0000/PairVLQ_x53x53_tWtW_narrow_RH_M1600_TuneCP5_13TeV-madgraph-pythia8_68.root
[step1.h] Finished initializing
RUN CONFIG: YEAR = 2017
Era = 
isMC = 1, isSig = 1, SigMass = 9
isHad =0, isSE =0, isSM =0
isTTTT = 0, isXX = 1, isTpTp = 0, isBpBp = 0
For W's: isTT = 0, isSTt = 0, isSTtW = 0
For jets & PDF: isTOP = 0, isMadgraphBkg = 1
For HOTTagger Efficiencies: isTTV = 0, isTTHbb = 0, isTTHnonbb = 0, isTTTX = 0
isTTVV = 0, isST = 0, isTTToSemiLeptonHT500Njet9 = 0
Pileup sample key: PairVLQ_x53x53_tWtW_narrow_RH_M1600_TuneCP5_13TeV-madgraph-pythia8
b-tagging working points: 0.304(DeepJet)0.4506(DeepCSV)
isTTincMtt0to700: 0
isTTincMtt0to1000: 0
isTTincMtt700to1000: 0
isTTincMtt1000toInf: 0
isTTSemilepIncHT0Njet0: 0
isTTSemilepIncHT500Njet9: 0
outTTLF: 0
outTTCC: 0
outTTBB: 0
outTT1B: 0
outTT2B: 0
>> Completed 0 out of 1020 events
[INFO] Defaulting to central deepJet weight for: nominal
>> Completed 1000 out of 1020 events
Nelectrons      = 489 / 1020
Npassed_ElEta   = 489 / 1020
Nmuons          = 531 / 1020
NrelIsoFail     = 0 / 1020
Npassed_MuEta   = 531 / 1020
Npassed_nAK8Jets= 1020 / 1020
Npassed_Trigger = 972 / 1020
Npassed_MET     = 935 / 1020
Npassed_lepPt   = 946 / 1020
Npassed_HT      = 1020 / 1020
npass_Njets     = 1012 / 1020
Npassed_ALL     = 860 / 1020

>> Running /isilon/hadoop/store/group/bruxljm/FWLJMET106XUL_singleLep2017UL_RunIISummer20_X53X53/PairVLQ_x53x53_tWtW_narrow_RH_M1600_TuneCP5_13TeV-madgraph-pythia8/singleLep2017UL/230310_182613/0000/PairVLQ_x53x53_tWtW_narrow_RH_M1600_TuneCP5_13TeV-madgraph-pythia8_69.root for shift: nominal
[step1.h] Opening file: /isilon/hadoop/store/group/bruxljm/FWLJMET106XUL_singleLep2017UL_RunIISummer20_X53X53/PairVLQ_x53x53_tWtW_narrow_RH_M1600_TuneCP5_13TeV-madgraph-pythia8/singleLep2017UL/230310_182613/0000/PairVLQ_x53x53_tWtW_narrow_RH_M1600_TuneCP5_13TeV-madgraph-pythia8_69.root
[step1.h] Finished initializing
RUN CONFIG: YEAR = 2017
Era = 
isMC = 1, isSig = 1, SigMass = 9
isHad =0, isSE =0, isSM =0
isTTTT = 0, isXX = 1, isTpTp = 0, isBpBp = 0
For W's: isTT = 0, isSTt = 0, isSTtW = 0
For jets & PDF: isTOP = 0, isMadgraphBkg = 1
For HOTTagger Efficiencies: isTTV = 0, isTTHbb = 0, isTTHnonbb = 0, isTTTX = 0
isTTVV = 0, isST = 0, isTTToSemiLeptonHT500Njet9 = 0
Pileup sample key: PairVLQ_x53x53_tWtW_narrow_RH_M1600_TuneCP5_13TeV-madgraph-pythia8
b-tagging working points: 0.304(DeepJet)0.4506(DeepCSV)
isTTincMtt0to700: 0
isTTincMtt0to1000: 0
isTTincMtt700to1000: 0
isTTincMtt1000toInf: 0
isTTSemilepIncHT0Njet0: 0
isTTSemilepIncHT500Njet9: 0
outTTLF: 0
outTTCC: 0
outTTBB: 0
outTT1B: 0
outTT2B: 0
>> Completed 0 out of 1038 events
[INFO] Defaulting to central deepJet weight for: nominal
>> Completed 1000 out of 1038 events
Nelectrons      = 452 / 1038
Npassed_ElEta   = 452 / 1038
Nmuons          = 586 / 1038
NrelIsoFail     = 0 / 1038
Npassed_MuEta   = 586 / 1038
Npassed_nAK8Jets= 1038 / 1038
Npassed_Trigger = 991 / 1038
Npassed_MET     = 944 / 1038
Npassed_lepPt   = 969 / 1038
Npassed_HT      = 1038 / 1038
npass_Njets     = 1031 / 1038
Npassed_ALL     = 875 / 1038

>> Running /isilon/hadoop/store/group/bruxljm/FWLJMET106XUL_singleLep2017UL_RunIISummer20_X53X53/PairVLQ_x53x53_tWtW_narrow_RH_M1600_TuneCP5_13TeV-madgraph-pythia8/singleLep2017UL/230310_182613/0000/PairVLQ_x53x53_tWtW_narrow_RH_M1600_TuneCP5_13TeV-madgraph-pythia8_7.root for shift: nominal
[step1.h] Opening file: /isilon/hadoop/store/group/bruxljm/FWLJMET106XUL_singleLep2017UL_RunIISummer20_X53X53/PairVLQ_x53x53_tWtW_narrow_RH_M1600_TuneCP5_13TeV-madgraph-pythia8/singleLep2017UL/230310_182613/0000/PairVLQ_x53x53_tWtW_narrow_RH_M1600_TuneCP5_13TeV-madgraph-pythia8_7.root
[step1.h] Finished initializing
RUN CONFIG: YEAR = 2017
Era = 
isMC = 1, isSig = 1, SigMass = 9
isHad =0, isSE =0, isSM =0
isTTTT = 0, isXX = 1, isTpTp = 0, isBpBp = 0
For W's: isTT = 0, isSTt = 0, isSTtW = 0
For jets & PDF: isTOP = 0, isMadgraphBkg = 1
For HOTTagger Efficiencies: isTTV = 0, isTTHbb = 0, isTTHnonbb = 0, isTTTX = 0
isTTVV = 0, isST = 0, isTTToSemiLeptonHT500Njet9 = 0
Pileup sample key: PairVLQ_x53x53_tWtW_narrow_RH_M1600_TuneCP5_13TeV-madgraph-pythia8
b-tagging working points: 0.304(DeepJet)0.4506(DeepCSV)
isTTincMtt0to700: 0
isTTincMtt0to1000: 0
isTTincMtt700to1000: 0
isTTincMtt1000toInf: 0
isTTSemilepIncHT0Njet0: 0
isTTSemilepIncHT500Njet9: 0
outTTLF: 0
outTTCC: 0
outTTBB: 0
outTT1B: 0
outTT2B: 0
>> Completed 0 out of 1054 events
[INFO] Defaulting to central deepJet weight for: nominal
>> Completed 1000 out of 1054 events
Nelectrons      = 460 / 1054
Npassed_ElEta   = 460 / 1054
Nmuons          = 594 / 1054
NrelIsoFail     = 0 / 1054
Npassed_MuEta   = 594 / 1054
Npassed_nAK8Jets= 1054 / 1054
Npassed_Trigger = 1021 / 1054
Npassed_MET     = 966 / 1054
Npassed_lepPt   = 964 / 1054
Npassed_HT      = 1052 / 1054
npass_Njets     = 1049 / 1054
Npassed_ALL     = 877 / 1054

>> Running /isilon/hadoop/store/group/bruxljm/FWLJMET106XUL_singleLep2017UL_RunIISummer20_X53X53/PairVLQ_x53x53_tWtW_narrow_RH_M1600_TuneCP5_13TeV-madgraph-pythia8/singleLep2017UL/230310_182613/0000/PairVLQ_x53x53_tWtW_narrow_RH_M1600_TuneCP5_13TeV-madgraph-pythia8_70.root for shift: nominal
[step1.h] Opening file: /isilon/hadoop/store/group/bruxljm/FWLJMET106XUL_singleLep2017UL_RunIISummer20_X53X53/PairVLQ_x53x53_tWtW_narrow_RH_M1600_TuneCP5_13TeV-madgraph-pythia8/singleLep2017UL/230310_182613/0000/PairVLQ_x53x53_tWtW_narrow_RH_M1600_TuneCP5_13TeV-madgraph-pythia8_70.root
[step1.h] Finished initializing
RUN CONFIG: YEAR = 2017
Era = 
isMC = 1, isSig = 1, SigMass = 9
isHad =0, isSE =0, isSM =0
isTTTT = 0, isXX = 1, isTpTp = 0, isBpBp = 0
For W's: isTT = 0, isSTt = 0, isSTtW = 0
For jets & PDF: isTOP = 0, isMadgraphBkg = 1
For HOTTagger Efficiencies: isTTV = 0, isTTHbb = 0, isTTHnonbb = 0, isTTTX = 0
isTTVV = 0, isST = 0, isTTToSemiLeptonHT500Njet9 = 0
Pileup sample key: PairVLQ_x53x53_tWtW_narrow_RH_M1600_TuneCP5_13TeV-madgraph-pythia8
b-tagging working points: 0.304(DeepJet)0.4506(DeepCSV)
isTTincMtt0to700: 0
isTTincMtt0to1000: 0
isTTincMtt700to1000: 0
isTTincMtt1000toInf: 0
isTTSemilepIncHT0Njet0: 0
isTTSemilepIncHT500Njet9: 0
outTTLF: 0
outTTCC: 0
outTTBB: 0
outTT1B: 0
outTT2B: 0
>> Completed 0 out of 1076 events
[INFO] Defaulting to central deepJet weight for: nominal
>> Completed 1000 out of 1076 events
Nelectrons      = 467 / 1076
Npassed_ElEta   = 467 / 1076
Nmuons          = 609 / 1076
NrelIsoFail     = 0 / 1076
Npassed_MuEta   = 609 / 1076
Npassed_nAK8Jets= 1076 / 1076
Npassed_Trigger = 1044 / 1076
Npassed_MET     = 984 / 1076
Npassed_lepPt   = 994 / 1076
Npassed_HT      = 1075 / 1076
npass_Njets     = 1068 / 1076
Npassed_ALL     = 904 / 1076

>> Running /isilon/hadoop/store/group/bruxljm/FWLJMET106XUL_singleLep2017UL_RunIISummer20_X53X53/PairVLQ_x53x53_tWtW_narrow_RH_M1600_TuneCP5_13TeV-madgraph-pythia8/singleLep2017UL/230310_182613/0000/PairVLQ_x53x53_tWtW_narrow_RH_M1600_TuneCP5_13TeV-madgraph-pythia8_71.root for shift: nominal
[step1.h] Opening file: /isilon/hadoop/store/group/bruxljm/FWLJMET106XUL_singleLep2017UL_RunIISummer20_X53X53/PairVLQ_x53x53_tWtW_narrow_RH_M1600_TuneCP5_13TeV-madgraph-pythia8/singleLep2017UL/230310_182613/0000/PairVLQ_x53x53_tWtW_narrow_RH_M1600_TuneCP5_13TeV-madgraph-pythia8_71.root
[step1.h] Finished initializing
RUN CONFIG: YEAR = 2017
Era = 
isMC = 1, isSig = 1, SigMass = 9
isHad =0, isSE =0, isSM =0
isTTTT = 0, isXX = 1, isTpTp = 0, isBpBp = 0
For W's: isTT = 0, isSTt = 0, isSTtW = 0
For jets & PDF: isTOP = 0, isMadgraphBkg = 1
For HOTTagger Efficiencies: isTTV = 0, isTTHbb = 0, isTTHnonbb = 0, isTTTX = 0
isTTVV = 0, isST = 0, isTTToSemiLeptonHT500Njet9 = 0
Pileup sample key: PairVLQ_x53x53_tWtW_narrow_RH_M1600_TuneCP5_13TeV-madgraph-pythia8
b-tagging working points: 0.304(DeepJet)0.4506(DeepCSV)
isTTincMtt0to700: 0
isTTincMtt0to1000: 0
isTTincMtt700to1000: 0
isTTincMtt1000toInf: 0
isTTSemilepIncHT0Njet0: 0
isTTSemilepIncHT500Njet9: 0
outTTLF: 0
outTTCC: 0
outTTBB: 0
outTT1B: 0
outTT2B: 0
>> Completed 0 out of 1014 events
[INFO] Defaulting to central deepJet weight for: nominal
>> Completed 1000 out of 1014 events
Nelectrons      = 458 / 1014
Npassed_ElEta   = 458 / 1014
Nmuons          = 556 / 1014
NrelIsoFail     = 0 / 1014
Npassed_MuEta   = 556 / 1014
Npassed_nAK8Jets= 1014 / 1014
Npassed_Trigger = 976 / 1014
Npassed_MET     = 923 / 1014
Npassed_lepPt   = 952 / 1014
Npassed_HT      = 1010 / 1014
npass_Njets     = 1012 / 1014
Npassed_ALL     = 860 / 1014

>> Running /isilon/hadoop/store/group/bruxljm/FWLJMET106XUL_singleLep2017UL_RunIISummer20_X53X53/PairVLQ_x53x53_tWtW_narrow_RH_M1600_TuneCP5_13TeV-madgraph-pythia8/singleLep2017UL/230310_182613/0000/PairVLQ_x53x53_tWtW_narrow_RH_M1600_TuneCP5_13TeV-madgraph-pythia8_72.root for shift: nominal
[step1.h] Opening file: /isilon/hadoop/store/group/bruxljm/FWLJMET106XUL_singleLep2017UL_RunIISummer20_X53X53/PairVLQ_x53x53_tWtW_narrow_RH_M1600_TuneCP5_13TeV-madgraph-pythia8/singleLep2017UL/230310_182613/0000/PairVLQ_x53x53_tWtW_narrow_RH_M1600_TuneCP5_13TeV-madgraph-pythia8_72.root
[step1.h] Finished initializing
RUN CONFIG: YEAR = 2017
Era = 
isMC = 1, isSig = 1, SigMass = 9
isHad =0, isSE =0, isSM =0
isTTTT = 0, isXX = 1, isTpTp = 0, isBpBp = 0
For W's: isTT = 0, isSTt = 0, isSTtW = 0
For jets & PDF: isTOP = 0, isMadgraphBkg = 1
For HOTTagger Efficiencies: isTTV = 0, isTTHbb = 0, isTTHnonbb = 0, isTTTX = 0
isTTVV = 0, isST = 0, isTTToSemiLeptonHT500Njet9 = 0
Pileup sample key: PairVLQ_x53x53_tWtW_narrow_RH_M1600_TuneCP5_13TeV-madgraph-pythia8
b-tagging working points: 0.304(DeepJet)0.4506(DeepCSV)
isTTincMtt0to700: 0
isTTincMtt0to1000: 0
isTTincMtt700to1000: 0
isTTincMtt1000toInf: 0
isTTSemilepIncHT0Njet0: 0
isTTSemilepIncHT500Njet9: 0
outTTLF: 0
outTTCC: 0
outTTBB: 0
outTT1B: 0
outTT2B: 0
>> Completed 0 out of 1041 events
[INFO] Defaulting to central deepJet weight for: nominal
>> Completed 1000 out of 1041 events
Nelectrons      = 470 / 1041
Npassed_ElEta   = 470 / 1041
Nmuons          = 571 / 1041
NrelIsoFail     = 0 / 1041
Npassed_MuEta   = 571 / 1041
Npassed_nAK8Jets= 1041 / 1041
Npassed_Trigger = 1001 / 1041
Npassed_MET     = 965 / 1041
Npassed_lepPt   = 975 / 1041
Npassed_HT      = 1041 / 1041
npass_Njets     = 1038 / 1041
Npassed_ALL     = 903 / 1041

>> Running /isilon/hadoop/store/group/bruxljm/FWLJMET106XUL_singleLep2017UL_RunIISummer20_X53X53/PairVLQ_x53x53_tWtW_narrow_RH_M1600_TuneCP5_13TeV-madgraph-pythia8/singleLep2017UL/230310_182613/0000/PairVLQ_x53x53_tWtW_narrow_RH_M1600_TuneCP5_13TeV-madgraph-pythia8_73.root for shift: nominal
[step1.h] Opening file: /isilon/hadoop/store/group/bruxljm/FWLJMET106XUL_singleLep2017UL_RunIISummer20_X53X53/PairVLQ_x53x53_tWtW_narrow_RH_M1600_TuneCP5_13TeV-madgraph-pythia8/singleLep2017UL/230310_182613/0000/PairVLQ_x53x53_tWtW_narrow_RH_M1600_TuneCP5_13TeV-madgraph-pythia8_73.root
[step1.h] Finished initializing
RUN CONFIG: YEAR = 2017
Era = 
isMC = 1, isSig = 1, SigMass = 9
isHad =0, isSE =0, isSM =0
isTTTT = 0, isXX = 1, isTpTp = 0, isBpBp = 0
For W's: isTT = 0, isSTt = 0, isSTtW = 0
For jets & PDF: isTOP = 0, isMadgraphBkg = 1
For HOTTagger Efficiencies: isTTV = 0, isTTHbb = 0, isTTHnonbb = 0, isTTTX = 0
isTTVV = 0, isST = 0, isTTToSemiLeptonHT500Njet9 = 0
Pileup sample key: PairVLQ_x53x53_tWtW_narrow_RH_M1600_TuneCP5_13TeV-madgraph-pythia8
b-tagging working points: 0.304(DeepJet)0.4506(DeepCSV)
isTTincMtt0to700: 0
isTTincMtt0to1000: 0
isTTincMtt700to1000: 0
isTTincMtt1000toInf: 0
isTTSemilepIncHT0Njet0: 0
isTTSemilepIncHT500Njet9: 0
outTTLF: 0
outTTCC: 0
outTTBB: 0
outTT1B: 0
outTT2B: 0
>> Completed 0 out of 538 events
[INFO] Defaulting to central deepJet weight for: nominal
Nelectrons      = 257 / 538
Npassed_ElEta   = 257 / 538
Nmuons          = 281 / 538
NrelIsoFail     = 0 / 538
Npassed_MuEta   = 281 / 538
Npassed_nAK8Jets= 538 / 538
Npassed_Trigger = 522 / 538
Npassed_MET     = 486 / 538
Npassed_lepPt   = 513 / 538
Npassed_HT      = 538 / 538
npass_Njets     = 533 / 538
Npassed_ALL     = 457 / 538

>> Running /isilon/hadoop/store/group/bruxljm/FWLJMET106XUL_singleLep2017UL_RunIISummer20_X53X53/PairVLQ_x53x53_tWtW_narrow_RH_M1600_TuneCP5_13TeV-madgraph-pythia8/singleLep2017UL/230310_182613/0000/PairVLQ_x53x53_tWtW_narrow_RH_M1600_TuneCP5_13TeV-madgraph-pythia8_74.root for shift: nominal
[step1.h] Opening file: /isilon/hadoop/store/group/bruxljm/FWLJMET106XUL_singleLep2017UL_RunIISummer20_X53X53/PairVLQ_x53x53_tWtW_narrow_RH_M1600_TuneCP5_13TeV-madgraph-pythia8/singleLep2017UL/230310_182613/0000/PairVLQ_x53x53_tWtW_narrow_RH_M1600_TuneCP5_13TeV-madgraph-pythia8_74.root
[step1.h] Finished initializing
RUN CONFIG: YEAR = 2017
Era = 
isMC = 1, isSig = 1, SigMass = 9
isHad =0, isSE =0, isSM =0
isTTTT = 0, isXX = 1, isTpTp = 0, isBpBp = 0
For W's: isTT = 0, isSTt = 0, isSTtW = 0
For jets & PDF: isTOP = 0, isMadgraphBkg = 1
For HOTTagger Efficiencies: isTTV = 0, isTTHbb = 0, isTTHnonbb = 0, isTTTX = 0
isTTVV = 0, isST = 0, isTTToSemiLeptonHT500Njet9 = 0
Pileup sample key: PairVLQ_x53x53_tWtW_narrow_RH_M1600_TuneCP5_13TeV-madgraph-pythia8
b-tagging working points: 0.304(DeepJet)0.4506(DeepCSV)
isTTincMtt0to700: 0
isTTincMtt0to1000: 0
isTTincMtt700to1000: 0
isTTincMtt1000toInf: 0
isTTSemilepIncHT0Njet0: 0
isTTSemilepIncHT500Njet9: 0
outTTLF: 0
outTTCC: 0
outTTBB: 0
outTT1B: 0
outTT2B: 0
>> Completed 0 out of 1082 events
[INFO] Defaulting to central deepJet weight for: nominal
>> Completed 1000 out of 1082 events
Nelectrons      = 453 / 1082
Npassed_ElEta   = 453 / 1082
Nmuons          = 629 / 1082
NrelIsoFail     = 0 / 1082
Npassed_MuEta   = 629 / 1082
Npassed_nAK8Jets= 1082 / 1082
Npassed_Trigger = 1046 / 1082
Npassed_MET     = 986 / 1082
Npassed_lepPt   = 1010 / 1082
Npassed_HT      = 1080 / 1082
npass_Njets     = 1080 / 1082
Npassed_ALL     = 919 / 1082

>> Running /isilon/hadoop/store/group/bruxljm/FWLJMET106XUL_singleLep2017UL_RunIISummer20_X53X53/PairVLQ_x53x53_tWtW_narrow_RH_M1600_TuneCP5_13TeV-madgraph-pythia8/singleLep2017UL/230310_182613/0000/PairVLQ_x53x53_tWtW_narrow_RH_M1600_TuneCP5_13TeV-madgraph-pythia8_75.root for shift: nominal
[step1.h] Opening file: /isilon/hadoop/store/group/bruxljm/FWLJMET106XUL_singleLep2017UL_RunIISummer20_X53X53/PairVLQ_x53x53_tWtW_narrow_RH_M1600_TuneCP5_13TeV-madgraph-pythia8/singleLep2017UL/230310_182613/0000/PairVLQ_x53x53_tWtW_narrow_RH_M1600_TuneCP5_13TeV-madgraph-pythia8_75.root
[step1.h] Finished initializing
RUN CONFIG: YEAR = 2017
Era = 
isMC = 1, isSig = 1, SigMass = 9
isHad =0, isSE =0, isSM =0
isTTTT = 0, isXX = 1, isTpTp = 0, isBpBp = 0
For W's: isTT = 0, isSTt = 0, isSTtW = 0
For jets & PDF: isTOP = 0, isMadgraphBkg = 1
For HOTTagger Efficiencies: isTTV = 0, isTTHbb = 0, isTTHnonbb = 0, isTTTX = 0
isTTVV = 0, isST = 0, isTTToSemiLeptonHT500Njet9 = 0
Pileup sample key: PairVLQ_x53x53_tWtW_narrow_RH_M1600_TuneCP5_13TeV-madgraph-pythia8
b-tagging working points: 0.304(DeepJet)0.4506(DeepCSV)
isTTincMtt0to700: 0
isTTincMtt0to1000: 0
isTTincMtt700to1000: 0
isTTincMtt1000toInf: 0
isTTSemilepIncHT0Njet0: 0
isTTSemilepIncHT500Njet9: 0
outTTLF: 0
outTTCC: 0
outTTBB: 0
outTT1B: 0
outTT2B: 0
>> Completed 0 out of 1067 events
[INFO] Defaulting to central deepJet weight for: nominal
>> Completed 1000 out of 1067 events
Nelectrons      = 487 / 1067
Npassed_ElEta   = 487 / 1067
Nmuons          = 580 / 1067
NrelIsoFail     = 0 / 1067
Npassed_MuEta   = 580 / 1067
Npassed_nAK8Jets= 1067 / 1067
Npassed_Trigger = 1015 / 1067
Npassed_MET     = 963 / 1067
Npassed_lepPt   = 1001 / 1067
Npassed_HT      = 1065 / 1067
npass_Njets     = 1060 / 1067
Npassed_ALL     = 897 / 1067

>> Running /isilon/hadoop/store/group/bruxljm/FWLJMET106XUL_singleLep2017UL_RunIISummer20_X53X53/PairVLQ_x53x53_tWtW_narrow_RH_M1600_TuneCP5_13TeV-madgraph-pythia8/singleLep2017UL/230310_182613/0000/PairVLQ_x53x53_tWtW_narrow_RH_M1600_TuneCP5_13TeV-madgraph-pythia8_76.root for shift: nominal
[step1.h] Opening file: /isilon/hadoop/store/group/bruxljm/FWLJMET106XUL_singleLep2017UL_RunIISummer20_X53X53/PairVLQ_x53x53_tWtW_narrow_RH_M1600_TuneCP5_13TeV-madgraph-pythia8/singleLep2017UL/230310_182613/0000/PairVLQ_x53x53_tWtW_narrow_RH_M1600_TuneCP5_13TeV-madgraph-pythia8_76.root
[step1.h] Finished initializing
RUN CONFIG: YEAR = 2017
Era = 
isMC = 1, isSig = 1, SigMass = 9
isHad =0, isSE =0, isSM =0
isTTTT = 0, isXX = 1, isTpTp = 0, isBpBp = 0
For W's: isTT = 0, isSTt = 0, isSTtW = 0
For jets & PDF: isTOP = 0, isMadgraphBkg = 1
For HOTTagger Efficiencies: isTTV = 0, isTTHbb = 0, isTTHnonbb = 0, isTTTX = 0
isTTVV = 0, isST = 0, isTTToSemiLeptonHT500Njet9 = 0
Pileup sample key: PairVLQ_x53x53_tWtW_narrow_RH_M1600_TuneCP5_13TeV-madgraph-pythia8
b-tagging working points: 0.304(DeepJet)0.4506(DeepCSV)
isTTincMtt0to700: 0
isTTincMtt0to1000: 0
isTTincMtt700to1000: 0
isTTincMtt1000toInf: 0
isTTSemilepIncHT0Njet0: 0
isTTSemilepIncHT500Njet9: 0
outTTLF: 0
outTTCC: 0
outTTBB: 0
outTT1B: 0
outTT2B: 0
>> Completed 0 out of 1044 events
[INFO] Defaulting to central deepJet weight for: nominal
>> Completed 1000 out of 1044 events
Nelectrons      = 477 / 1044
Npassed_ElEta   = 477 / 1044
Nmuons          = 567 / 1044
NrelIsoFail     = 0 / 1044
Npassed_MuEta   = 567 / 1044
Npassed_nAK8Jets= 1044 / 1044
Npassed_Trigger = 1001 / 1044
Npassed_MET     = 960 / 1044
Npassed_lepPt   = 971 / 1044
Npassed_HT      = 1041 / 1044
npass_Njets     = 1039 / 1044
Npassed_ALL     = 884 / 1044

>> Running /isilon/hadoop/store/group/bruxljm/FWLJMET106XUL_singleLep2017UL_RunIISummer20_X53X53/PairVLQ_x53x53_tWtW_narrow_RH_M1600_TuneCP5_13TeV-madgraph-pythia8/singleLep2017UL/230310_182613/0000/PairVLQ_x53x53_tWtW_narrow_RH_M1600_TuneCP5_13TeV-madgraph-pythia8_77.root for shift: nominal
[step1.h] Opening file: /isilon/hadoop/store/group/bruxljm/FWLJMET106XUL_singleLep2017UL_RunIISummer20_X53X53/PairVLQ_x53x53_tWtW_narrow_RH_M1600_TuneCP5_13TeV-madgraph-pythia8/singleLep2017UL/230310_182613/0000/PairVLQ_x53x53_tWtW_narrow_RH_M1600_TuneCP5_13TeV-madgraph-pythia8_77.root
[step1.h] Finished initializing
RUN CONFIG: YEAR = 2017
Era = 
isMC = 1, isSig = 1, SigMass = 9
isHad =0, isSE =0, isSM =0
isTTTT = 0, isXX = 1, isTpTp = 0, isBpBp = 0
For W's: isTT = 0, isSTt = 0, isSTtW = 0
For jets & PDF: isTOP = 0, isMadgraphBkg = 1
For HOTTagger Efficiencies: isTTV = 0, isTTHbb = 0, isTTHnonbb = 0, isTTTX = 0
isTTVV = 0, isST = 0, isTTToSemiLeptonHT500Njet9 = 0
Pileup sample key: PairVLQ_x53x53_tWtW_narrow_RH_M1600_TuneCP5_13TeV-madgraph-pythia8
b-tagging working points: 0.304(DeepJet)0.4506(DeepCSV)
isTTincMtt0to700: 0
isTTincMtt0to1000: 0
isTTincMtt700to1000: 0
isTTincMtt1000toInf: 0
isTTSemilepIncHT0Njet0: 0
isTTSemilepIncHT500Njet9: 0
outTTLF: 0
outTTCC: 0
outTTBB: 0
outTT1B: 0
outTT2B: 0
>> Completed 0 out of 1045 events
[INFO] Defaulting to central deepJet weight for: nominal
>> Completed 1000 out of 1045 events
Nelectrons      = 475 / 1045
Npassed_ElEta   = 475 / 1045
Nmuons          = 570 / 1045
NrelIsoFail     = 0 / 1045
Npassed_MuEta   = 570 / 1045
Npassed_nAK8Jets= 1045 / 1045
Npassed_Trigger = 1011 / 1045
Npassed_MET     = 959 / 1045
Npassed_lepPt   = 976 / 1045
Npassed_HT      = 1044 / 1045
npass_Njets     = 1039 / 1045
Npassed_ALL     = 889 / 1045

>> Running /isilon/hadoop/store/group/bruxljm/FWLJMET106XUL_singleLep2017UL_RunIISummer20_X53X53/PairVLQ_x53x53_tWtW_narrow_RH_M1600_TuneCP5_13TeV-madgraph-pythia8/singleLep2017UL/230310_182613/0000/PairVLQ_x53x53_tWtW_narrow_RH_M1600_TuneCP5_13TeV-madgraph-pythia8_78.root for shift: nominal
[step1.h] Opening file: /isilon/hadoop/store/group/bruxljm/FWLJMET106XUL_singleLep2017UL_RunIISummer20_X53X53/PairVLQ_x53x53_tWtW_narrow_RH_M1600_TuneCP5_13TeV-madgraph-pythia8/singleLep2017UL/230310_182613/0000/PairVLQ_x53x53_tWtW_narrow_RH_M1600_TuneCP5_13TeV-madgraph-pythia8_78.root
[step1.h] Finished initializing
RUN CONFIG: YEAR = 2017
Era = 
isMC = 1, isSig = 1, SigMass = 9
isHad =0, isSE =0, isSM =0
isTTTT = 0, isXX = 1, isTpTp = 0, isBpBp = 0
For W's: isTT = 0, isSTt = 0, isSTtW = 0
For jets & PDF: isTOP = 0, isMadgraphBkg = 1
For HOTTagger Efficiencies: isTTV = 0, isTTHbb = 0, isTTHnonbb = 0, isTTTX = 0
isTTVV = 0, isST = 0, isTTToSemiLeptonHT500Njet9 = 0
Pileup sample key: PairVLQ_x53x53_tWtW_narrow_RH_M1600_TuneCP5_13TeV-madgraph-pythia8
b-tagging working points: 0.304(DeepJet)0.4506(DeepCSV)
isTTincMtt0to700: 0
isTTincMtt0to1000: 0
isTTincMtt700to1000: 0
isTTincMtt1000toInf: 0
isTTSemilepIncHT0Njet0: 0
isTTSemilepIncHT500Njet9: 0
outTTLF: 0
outTTCC: 0
outTTBB: 0
outTT1B: 0
outTT2B: 0
>> Completed 0 out of 1060 events
[INFO] Defaulting to central deepJet weight for: nominal
>> Completed 1000 out of 1060 events
Nelectrons      = 490 / 1060
Npassed_ElEta   = 490 / 1060
Nmuons          = 570 / 1060
NrelIsoFail     = 0 / 1060
Npassed_MuEta   = 570 / 1060
Npassed_nAK8Jets= 1060 / 1060
Npassed_Trigger = 1021 / 1060
Npassed_MET     = 953 / 1060
Npassed_lepPt   = 1005 / 1060
Npassed_HT      = 1059 / 1060
npass_Njets     = 1053 / 1060
Npassed_ALL     = 899 / 1060

>> Running /isilon/hadoop/store/group/bruxljm/FWLJMET106XUL_singleLep2017UL_RunIISummer20_X53X53/PairVLQ_x53x53_tWtW_narrow_RH_M1600_TuneCP5_13TeV-madgraph-pythia8/singleLep2017UL/230310_182613/0000/PairVLQ_x53x53_tWtW_narrow_RH_M1600_TuneCP5_13TeV-madgraph-pythia8_79.root for shift: nominal
[step1.h] Opening file: /isilon/hadoop/store/group/bruxljm/FWLJMET106XUL_singleLep2017UL_RunIISummer20_X53X53/PairVLQ_x53x53_tWtW_narrow_RH_M1600_TuneCP5_13TeV-madgraph-pythia8/singleLep2017UL/230310_182613/0000/PairVLQ_x53x53_tWtW_narrow_RH_M1600_TuneCP5_13TeV-madgraph-pythia8_79.root
[step1.h] Finished initializing
RUN CONFIG: YEAR = 2017
Era = 
isMC = 1, isSig = 1, SigMass = 9
isHad =0, isSE =0, isSM =0
isTTTT = 0, isXX = 1, isTpTp = 0, isBpBp = 0
For W's: isTT = 0, isSTt = 0, isSTtW = 0
For jets & PDF: isTOP = 0, isMadgraphBkg = 1
For HOTTagger Efficiencies: isTTV = 0, isTTHbb = 0, isTTHnonbb = 0, isTTTX = 0
isTTVV = 0, isST = 0, isTTToSemiLeptonHT500Njet9 = 0
Pileup sample key: PairVLQ_x53x53_tWtW_narrow_RH_M1600_TuneCP5_13TeV-madgraph-pythia8
b-tagging working points: 0.304(DeepJet)0.4506(DeepCSV)
isTTincMtt0to700: 0
isTTincMtt0to1000: 0
isTTincMtt700to1000: 0
isTTincMtt1000toInf: 0
isTTSemilepIncHT0Njet0: 0
isTTSemilepIncHT500Njet9: 0
outTTLF: 0
outTTCC: 0
outTTBB: 0
outTT1B: 0
outTT2B: 0
>> Completed 0 out of 1050 events
[INFO] Defaulting to central deepJet weight for: nominal
>> Completed 1000 out of 1050 events
Nelectrons      = 496 / 1050
Npassed_ElEta   = 496 / 1050
Nmuons          = 554 / 1050
NrelIsoFail     = 0 / 1050
Npassed_MuEta   = 554 / 1050
Npassed_nAK8Jets= 1050 / 1050
Npassed_Trigger = 1016 / 1050
Npassed_MET     = 954 / 1050
Npassed_lepPt   = 965 / 1050
Npassed_HT      = 1050 / 1050
npass_Njets     = 1045 / 1050
Npassed_ALL     = 868 / 1050

>> Running /isilon/hadoop/store/group/bruxljm/FWLJMET106XUL_singleLep2017UL_RunIISummer20_X53X53/PairVLQ_x53x53_tWtW_narrow_RH_M1600_TuneCP5_13TeV-madgraph-pythia8/singleLep2017UL/230310_182613/0000/PairVLQ_x53x53_tWtW_narrow_RH_M1600_TuneCP5_13TeV-madgraph-pythia8_8.root for shift: nominal
[step1.h] Opening file: /isilon/hadoop/store/group/bruxljm/FWLJMET106XUL_singleLep2017UL_RunIISummer20_X53X53/PairVLQ_x53x53_tWtW_narrow_RH_M1600_TuneCP5_13TeV-madgraph-pythia8/singleLep2017UL/230310_182613/0000/PairVLQ_x53x53_tWtW_narrow_RH_M1600_TuneCP5_13TeV-madgraph-pythia8_8.root
[step1.h] Finished initializing
RUN CONFIG: YEAR = 2017
Era = 
isMC = 1, isSig = 1, SigMass = 9
isHad =0, isSE =0, isSM =0
isTTTT = 0, isXX = 1, isTpTp = 0, isBpBp = 0
For W's: isTT = 0, isSTt = 0, isSTtW = 0
For jets & PDF: isTOP = 0, isMadgraphBkg = 1
For HOTTagger Efficiencies: isTTV = 0, isTTHbb = 0, isTTHnonbb = 0, isTTTX = 0
isTTVV = 0, isST = 0, isTTToSemiLeptonHT500Njet9 = 0
Pileup sample key: PairVLQ_x53x53_tWtW_narrow_RH_M1600_TuneCP5_13TeV-madgraph-pythia8
b-tagging working points: 0.304(DeepJet)0.4506(DeepCSV)
isTTincMtt0to700: 0
isTTincMtt0to1000: 0
isTTincMtt700to1000: 0
isTTincMtt1000toInf: 0
isTTSemilepIncHT0Njet0: 0
isTTSemilepIncHT500Njet9: 0
outTTLF: 0
outTTCC: 0
outTTBB: 0
outTT1B: 0
outTT2B: 0
>> Completed 0 out of 1068 events
[INFO] Defaulting to central deepJet weight for: nominal
>> Completed 1000 out of 1068 events
Nelectrons      = 465 / 1068
Npassed_ElEta   = 465 / 1068
Nmuons          = 603 / 1068
NrelIsoFail     = 0 / 1068
Npassed_MuEta   = 603 / 1068
Npassed_nAK8Jets= 1068 / 1068
Npassed_Trigger = 1034 / 1068
Npassed_MET     = 989 / 1068
Npassed_lepPt   = 992 / 1068
Npassed_HT      = 1068 / 1068
npass_Njets     = 1065 / 1068
Npassed_ALL     = 919 / 1068

>> Running /isilon/hadoop/store/group/bruxljm/FWLJMET106XUL_singleLep2017UL_RunIISummer20_X53X53/PairVLQ_x53x53_tWtW_narrow_RH_M1600_TuneCP5_13TeV-madgraph-pythia8/singleLep2017UL/230310_182613/0000/PairVLQ_x53x53_tWtW_narrow_RH_M1600_TuneCP5_13TeV-madgraph-pythia8_80.root for shift: nominal
[step1.h] Opening file: /isilon/hadoop/store/group/bruxljm/FWLJMET106XUL_singleLep2017UL_RunIISummer20_X53X53/PairVLQ_x53x53_tWtW_narrow_RH_M1600_TuneCP5_13TeV-madgraph-pythia8/singleLep2017UL/230310_182613/0000/PairVLQ_x53x53_tWtW_narrow_RH_M1600_TuneCP5_13TeV-madgraph-pythia8_80.root
[step1.h] Finished initializing
RUN CONFIG: YEAR = 2017
Era = 
isMC = 1, isSig = 1, SigMass = 9
isHad =0, isSE =0, isSM =0
isTTTT = 0, isXX = 1, isTpTp = 0, isBpBp = 0
For W's: isTT = 0, isSTt = 0, isSTtW = 0
For jets & PDF: isTOP = 0, isMadgraphBkg = 1
For HOTTagger Efficiencies: isTTV = 0, isTTHbb = 0, isTTHnonbb = 0, isTTTX = 0
isTTVV = 0, isST = 0, isTTToSemiLeptonHT500Njet9 = 0
Pileup sample key: PairVLQ_x53x53_tWtW_narrow_RH_M1600_TuneCP5_13TeV-madgraph-pythia8
b-tagging working points: 0.304(DeepJet)0.4506(DeepCSV)
isTTincMtt0to700: 0
isTTincMtt0to1000: 0
isTTincMtt700to1000: 0
isTTincMtt1000toInf: 0
isTTSemilepIncHT0Njet0: 0
isTTSemilepIncHT500Njet9: 0
outTTLF: 0
outTTCC: 0
outTTBB: 0
outTT1B: 0
outTT2B: 0
>> Completed 0 out of 1057 events
[INFO] Defaulting to central deepJet weight for: nominal
>> Completed 1000 out of 1057 events
Nelectrons      = 481 / 1057
Npassed_ElEta   = 481 / 1057
Nmuons          = 576 / 1057
NrelIsoFail     = 0 / 1057
Npassed_MuEta   = 576 / 1057
Npassed_nAK8Jets= 1057 / 1057
Npassed_Trigger = 1028 / 1057
Npassed_MET     = 964 / 1057
Npassed_lepPt   = 980 / 1057
Npassed_HT      = 1057 / 1057
npass_Njets     = 1052 / 1057
Npassed_ALL     = 887 / 1057

>> Running /isilon/hadoop/store/group/bruxljm/FWLJMET106XUL_singleLep2017UL_RunIISummer20_X53X53/PairVLQ_x53x53_tWtW_narrow_RH_M1600_TuneCP5_13TeV-madgraph-pythia8/singleLep2017UL/230310_182613/0000/PairVLQ_x53x53_tWtW_narrow_RH_M1600_TuneCP5_13TeV-madgraph-pythia8_81.root for shift: nominal
[step1.h] Opening file: /isilon/hadoop/store/group/bruxljm/FWLJMET106XUL_singleLep2017UL_RunIISummer20_X53X53/PairVLQ_x53x53_tWtW_narrow_RH_M1600_TuneCP5_13TeV-madgraph-pythia8/singleLep2017UL/230310_182613/0000/PairVLQ_x53x53_tWtW_narrow_RH_M1600_TuneCP5_13TeV-madgraph-pythia8_81.root
[step1.h] Finished initializing
RUN CONFIG: YEAR = 2017
Era = 
isMC = 1, isSig = 1, SigMass = 9
isHad =0, isSE =0, isSM =0
isTTTT = 0, isXX = 1, isTpTp = 0, isBpBp = 0
For W's: isTT = 0, isSTt = 0, isSTtW = 0
For jets & PDF: isTOP = 0, isMadgraphBkg = 1
For HOTTagger Efficiencies: isTTV = 0, isTTHbb = 0, isTTHnonbb = 0, isTTTX = 0
isTTVV = 0, isST = 0, isTTToSemiLeptonHT500Njet9 = 0
Pileup sample key: PairVLQ_x53x53_tWtW_narrow_RH_M1600_TuneCP5_13TeV-madgraph-pythia8
b-tagging working points: 0.304(DeepJet)0.4506(DeepCSV)
isTTincMtt0to700: 0
isTTincMtt0to1000: 0
isTTincMtt700to1000: 0
isTTincMtt1000toInf: 0
isTTSemilepIncHT0Njet0: 0
isTTSemilepIncHT500Njet9: 0
outTTLF: 0
outTTCC: 0
outTTBB: 0
outTT1B: 0
outTT2B: 0
>> Completed 0 out of 1044 events
[INFO] Defaulting to central deepJet weight for: nominal
>> Completed 1000 out of 1044 events
Nelectrons      = 480 / 1044
Npassed_ElEta   = 480 / 1044
Nmuons          = 564 / 1044
NrelIsoFail     = 0 / 1044
Npassed_MuEta   = 564 / 1044
Npassed_nAK8Jets= 1044 / 1044
Npassed_Trigger = 1009 / 1044
Npassed_MET     = 946 / 1044
Npassed_lepPt   = 967 / 1044
Npassed_HT      = 1043 / 1044
npass_Njets     = 1041 / 1044
Npassed_ALL     = 868 / 1044

>> Running /isilon/hadoop/store/group/bruxljm/FWLJMET106XUL_singleLep2017UL_RunIISummer20_X53X53/PairVLQ_x53x53_tWtW_narrow_RH_M1600_TuneCP5_13TeV-madgraph-pythia8/singleLep2017UL/230310_182613/0000/PairVLQ_x53x53_tWtW_narrow_RH_M1600_TuneCP5_13TeV-madgraph-pythia8_82.root for shift: nominal
[step1.h] Opening file: /isilon/hadoop/store/group/bruxljm/FWLJMET106XUL_singleLep2017UL_RunIISummer20_X53X53/PairVLQ_x53x53_tWtW_narrow_RH_M1600_TuneCP5_13TeV-madgraph-pythia8/singleLep2017UL/230310_182613/0000/PairVLQ_x53x53_tWtW_narrow_RH_M1600_TuneCP5_13TeV-madgraph-pythia8_82.root
[step1.h] Finished initializing
RUN CONFIG: YEAR = 2017
Era = 
isMC = 1, isSig = 1, SigMass = 9
isHad =0, isSE =0, isSM =0
isTTTT = 0, isXX = 1, isTpTp = 0, isBpBp = 0
For W's: isTT = 0, isSTt = 0, isSTtW = 0
For jets & PDF: isTOP = 0, isMadgraphBkg = 1
For HOTTagger Efficiencies: isTTV = 0, isTTHbb = 0, isTTHnonbb = 0, isTTTX = 0
isTTVV = 0, isST = 0, isTTToSemiLeptonHT500Njet9 = 0
Pileup sample key: PairVLQ_x53x53_tWtW_narrow_RH_M1600_TuneCP5_13TeV-madgraph-pythia8
b-tagging working points: 0.304(DeepJet)0.4506(DeepCSV)
isTTincMtt0to700: 0
isTTincMtt0to1000: 0
isTTincMtt700to1000: 0
isTTincMtt1000toInf: 0
isTTSemilepIncHT0Njet0: 0
isTTSemilepIncHT500Njet9: 0
outTTLF: 0
outTTCC: 0
outTTBB: 0
outTT1B: 0
outTT2B: 0
>> Completed 0 out of 1047 events
[INFO] Defaulting to central deepJet weight for: nominal
>> Completed 1000 out of 1047 events
Nelectrons      = 491 / 1047
Npassed_ElEta   = 491 / 1047
Nmuons          = 556 / 1047
NrelIsoFail     = 0 / 1047
Npassed_MuEta   = 556 / 1047
Npassed_nAK8Jets= 1047 / 1047
Npassed_Trigger = 1005 / 1047
Npassed_MET     = 959 / 1047
Npassed_lepPt   = 969 / 1047
Npassed_HT      = 1047 / 1047
npass_Njets     = 1045 / 1047
Npassed_ALL     = 883 / 1047

>> Running /isilon/hadoop/store/group/bruxljm/FWLJMET106XUL_singleLep2017UL_RunIISummer20_X53X53/PairVLQ_x53x53_tWtW_narrow_RH_M1600_TuneCP5_13TeV-madgraph-pythia8/singleLep2017UL/230310_182613/0000/PairVLQ_x53x53_tWtW_narrow_RH_M1600_TuneCP5_13TeV-madgraph-pythia8_83.root for shift: nominal
[step1.h] Opening file: /isilon/hadoop/store/group/bruxljm/FWLJMET106XUL_singleLep2017UL_RunIISummer20_X53X53/PairVLQ_x53x53_tWtW_narrow_RH_M1600_TuneCP5_13TeV-madgraph-pythia8/singleLep2017UL/230310_182613/0000/PairVLQ_x53x53_tWtW_narrow_RH_M1600_TuneCP5_13TeV-madgraph-pythia8_83.root
[step1.h] Finished initializing
RUN CONFIG: YEAR = 2017
Era = 
isMC = 1, isSig = 1, SigMass = 9
isHad =0, isSE =0, isSM =0
isTTTT = 0, isXX = 1, isTpTp = 0, isBpBp = 0
For W's: isTT = 0, isSTt = 0, isSTtW = 0
For jets & PDF: isTOP = 0, isMadgraphBkg = 1
For HOTTagger Efficiencies: isTTV = 0, isTTHbb = 0, isTTHnonbb = 0, isTTTX = 0
isTTVV = 0, isST = 0, isTTToSemiLeptonHT500Njet9 = 0
Pileup sample key: PairVLQ_x53x53_tWtW_narrow_RH_M1600_TuneCP5_13TeV-madgraph-pythia8
b-tagging working points: 0.304(DeepJet)0.4506(DeepCSV)
isTTincMtt0to700: 0
isTTincMtt0to1000: 0
isTTincMtt700to1000: 0
isTTincMtt1000toInf: 0
isTTSemilepIncHT0Njet0: 0
isTTSemilepIncHT500Njet9: 0
outTTLF: 0
outTTCC: 0
outTTBB: 0
outTT1B: 0
outTT2B: 0
>> Completed 0 out of 1066 events
[INFO] Defaulting to central deepJet weight for: nominal
>> Completed 1000 out of 1066 events
Nelectrons      = 471 / 1066
Npassed_ElEta   = 471 / 1066
Nmuons          = 595 / 1066
NrelIsoFail     = 0 / 1066
Npassed_MuEta   = 595 / 1066
Npassed_nAK8Jets= 1066 / 1066
Npassed_Trigger = 1027 / 1066
Npassed_MET     = 975 / 1066
Npassed_lepPt   = 998 / 1066
Npassed_HT      = 1066 / 1066
npass_Njets     = 1063 / 1066
Npassed_ALL     = 912 / 1066

>> Running /isilon/hadoop/store/group/bruxljm/FWLJMET106XUL_singleLep2017UL_RunIISummer20_X53X53/PairVLQ_x53x53_tWtW_narrow_RH_M1600_TuneCP5_13TeV-madgraph-pythia8/singleLep2017UL/230310_182613/0000/PairVLQ_x53x53_tWtW_narrow_RH_M1600_TuneCP5_13TeV-madgraph-pythia8_84.root for shift: nominal
[step1.h] Opening file: /isilon/hadoop/store/group/bruxljm/FWLJMET106XUL_singleLep2017UL_RunIISummer20_X53X53/PairVLQ_x53x53_tWtW_narrow_RH_M1600_TuneCP5_13TeV-madgraph-pythia8/singleLep2017UL/230310_182613/0000/PairVLQ_x53x53_tWtW_narrow_RH_M1600_TuneCP5_13TeV-madgraph-pythia8_84.root
[step1.h] Finished initializing
RUN CONFIG: YEAR = 2017
Era = 
isMC = 1, isSig = 1, SigMass = 9
isHad =0, isSE =0, isSM =0
isTTTT = 0, isXX = 1, isTpTp = 0, isBpBp = 0
For W's: isTT = 0, isSTt = 0, isSTtW = 0
For jets & PDF: isTOP = 0, isMadgraphBkg = 1
For HOTTagger Efficiencies: isTTV = 0, isTTHbb = 0, isTTHnonbb = 0, isTTTX = 0
isTTVV = 0, isST = 0, isTTToSemiLeptonHT500Njet9 = 0
Pileup sample key: PairVLQ_x53x53_tWtW_narrow_RH_M1600_TuneCP5_13TeV-madgraph-pythia8
b-tagging working points: 0.304(DeepJet)0.4506(DeepCSV)
isTTincMtt0to700: 0
isTTincMtt0to1000: 0
isTTincMtt700to1000: 0
isTTincMtt1000toInf: 0
isTTSemilepIncHT0Njet0: 0
isTTSemilepIncHT500Njet9: 0
outTTLF: 0
outTTCC: 0
outTTBB: 0
outTT1B: 0
outTT2B: 0
>> Completed 0 out of 1076 events
[INFO] Defaulting to central deepJet weight for: nominal
>> Completed 1000 out of 1076 events
Nelectrons      = 523 / 1076
Npassed_ElEta   = 523 / 1076
Nmuons          = 553 / 1076
NrelIsoFail     = 0 / 1076
Npassed_MuEta   = 553 / 1076
Npassed_nAK8Jets= 1076 / 1076
Npassed_Trigger = 1030 / 1076
Npassed_MET     = 984 / 1076
Npassed_lepPt   = 1017 / 1076
Npassed_HT      = 1076 / 1076
npass_Njets     = 1069 / 1076
Npassed_ALL     = 919 / 1076

>> Running /isilon/hadoop/store/group/bruxljm/FWLJMET106XUL_singleLep2017UL_RunIISummer20_X53X53/PairVLQ_x53x53_tWtW_narrow_RH_M1600_TuneCP5_13TeV-madgraph-pythia8/singleLep2017UL/230310_182613/0000/PairVLQ_x53x53_tWtW_narrow_RH_M1600_TuneCP5_13TeV-madgraph-pythia8_85.root for shift: nominal
[step1.h] Opening file: /isilon/hadoop/store/group/bruxljm/FWLJMET106XUL_singleLep2017UL_RunIISummer20_X53X53/PairVLQ_x53x53_tWtW_narrow_RH_M1600_TuneCP5_13TeV-madgraph-pythia8/singleLep2017UL/230310_182613/0000/PairVLQ_x53x53_tWtW_narrow_RH_M1600_TuneCP5_13TeV-madgraph-pythia8_85.root
[step1.h] Finished initializing
RUN CONFIG: YEAR = 2017
Era = 
isMC = 1, isSig = 1, SigMass = 9
isHad =0, isSE =0, isSM =0
isTTTT = 0, isXX = 1, isTpTp = 0, isBpBp = 0
For W's: isTT = 0, isSTt = 0, isSTtW = 0
For jets & PDF: isTOP = 0, isMadgraphBkg = 1
For HOTTagger Efficiencies: isTTV = 0, isTTHbb = 0, isTTHnonbb = 0, isTTTX = 0
isTTVV = 0, isST = 0, isTTToSemiLeptonHT500Njet9 = 0
Pileup sample key: PairVLQ_x53x53_tWtW_narrow_RH_M1600_TuneCP5_13TeV-madgraph-pythia8
b-tagging working points: 0.304(DeepJet)0.4506(DeepCSV)
isTTincMtt0to700: 0
isTTincMtt0to1000: 0
isTTincMtt700to1000: 0
isTTincMtt1000toInf: 0
isTTSemilepIncHT0Njet0: 0
isTTSemilepIncHT500Njet9: 0
outTTLF: 0
outTTCC: 0
outTTBB: 0
outTT1B: 0
outTT2B: 0
>> Completed 0 out of 1055 events
[INFO] Defaulting to central deepJet weight for: nominal
>> Completed 1000 out of 1055 events
Nelectrons      = 500 / 1055
Npassed_ElEta   = 500 / 1055
Nmuons          = 555 / 1055
NrelIsoFail     = 0 / 1055
Npassed_MuEta   = 555 / 1055
Npassed_nAK8Jets= 1055 / 1055
Npassed_Trigger = 1011 / 1055
Npassed_MET     = 950 / 1055
Npassed_lepPt   = 978 / 1055
Npassed_HT      = 1052 / 1055
npass_Njets     = 1051 / 1055
Npassed_ALL     = 875 / 1055

>> Running /isilon/hadoop/store/group/bruxljm/FWLJMET106XUL_singleLep2017UL_RunIISummer20_X53X53/PairVLQ_x53x53_tWtW_narrow_RH_M1600_TuneCP5_13TeV-madgraph-pythia8/singleLep2017UL/230310_182613/0000/PairVLQ_x53x53_tWtW_narrow_RH_M1600_TuneCP5_13TeV-madgraph-pythia8_86.root for shift: nominal
[step1.h] Opening file: /isilon/hadoop/store/group/bruxljm/FWLJMET106XUL_singleLep2017UL_RunIISummer20_X53X53/PairVLQ_x53x53_tWtW_narrow_RH_M1600_TuneCP5_13TeV-madgraph-pythia8/singleLep2017UL/230310_182613/0000/PairVLQ_x53x53_tWtW_narrow_RH_M1600_TuneCP5_13TeV-madgraph-pythia8_86.root
[step1.h] Finished initializing
RUN CONFIG: YEAR = 2017
Era = 
isMC = 1, isSig = 1, SigMass = 9
isHad =0, isSE =0, isSM =0
isTTTT = 0, isXX = 1, isTpTp = 0, isBpBp = 0
For W's: isTT = 0, isSTt = 0, isSTtW = 0
For jets & PDF: isTOP = 0, isMadgraphBkg = 1
For HOTTagger Efficiencies: isTTV = 0, isTTHbb = 0, isTTHnonbb = 0, isTTTX = 0
isTTVV = 0, isST = 0, isTTToSemiLeptonHT500Njet9 = 0
Pileup sample key: PairVLQ_x53x53_tWtW_narrow_RH_M1600_TuneCP5_13TeV-madgraph-pythia8
b-tagging working points: 0.304(DeepJet)0.4506(DeepCSV)
isTTincMtt0to700: 0
isTTincMtt0to1000: 0
isTTincMtt700to1000: 0
isTTincMtt1000toInf: 0
isTTSemilepIncHT0Njet0: 0
isTTSemilepIncHT500Njet9: 0
outTTLF: 0
outTTCC: 0
outTTBB: 0
outTT1B: 0
outTT2B: 0
>> Completed 0 out of 1031 events
[INFO] Defaulting to central deepJet weight for: nominal
>> Completed 1000 out of 1031 events
Nelectrons      = 464 / 1031
Npassed_ElEta   = 464 / 1031
Nmuons          = 567 / 1031
NrelIsoFail     = 0 / 1031
Npassed_MuEta   = 567 / 1031
Npassed_nAK8Jets= 1031 / 1031
Npassed_Trigger = 998 / 1031
Npassed_MET     = 945 / 1031
Npassed_lepPt   = 966 / 1031
Npassed_HT      = 1030 / 1031
npass_Njets     = 1026 / 1031
Npassed_ALL     = 878 / 1031

>> Running /isilon/hadoop/store/group/bruxljm/FWLJMET106XUL_singleLep2017UL_RunIISummer20_X53X53/PairVLQ_x53x53_tWtW_narrow_RH_M1600_TuneCP5_13TeV-madgraph-pythia8/singleLep2017UL/230310_182613/0000/PairVLQ_x53x53_tWtW_narrow_RH_M1600_TuneCP5_13TeV-madgraph-pythia8_87.root for shift: nominal
[step1.h] Opening file: /isilon/hadoop/store/group/bruxljm/FWLJMET106XUL_singleLep2017UL_RunIISummer20_X53X53/PairVLQ_x53x53_tWtW_narrow_RH_M1600_TuneCP5_13TeV-madgraph-pythia8/singleLep2017UL/230310_182613/0000/PairVLQ_x53x53_tWtW_narrow_RH_M1600_TuneCP5_13TeV-madgraph-pythia8_87.root
[step1.h] Finished initializing
RUN CONFIG: YEAR = 2017
Era = 
isMC = 1, isSig = 1, SigMass = 9
isHad =0, isSE =0, isSM =0
isTTTT = 0, isXX = 1, isTpTp = 0, isBpBp = 0
For W's: isTT = 0, isSTt = 0, isSTtW = 0
For jets & PDF: isTOP = 0, isMadgraphBkg = 1
For HOTTagger Efficiencies: isTTV = 0, isTTHbb = 0, isTTHnonbb = 0, isTTTX = 0
isTTVV = 0, isST = 0, isTTToSemiLeptonHT500Njet9 = 0
Pileup sample key: PairVLQ_x53x53_tWtW_narrow_RH_M1600_TuneCP5_13TeV-madgraph-pythia8
b-tagging working points: 0.304(DeepJet)0.4506(DeepCSV)
isTTincMtt0to700: 0
isTTincMtt0to1000: 0
isTTincMtt700to1000: 0
isTTincMtt1000toInf: 0
isTTSemilepIncHT0Njet0: 0
isTTSemilepIncHT500Njet9: 0
outTTLF: 0
outTTCC: 0
outTTBB: 0
outTT1B: 0
outTT2B: 0
>> Completed 0 out of 539 events
[INFO] Defaulting to central deepJet weight for: nominal
Nelectrons      = 260 / 539
Npassed_ElEta   = 260 / 539
Nmuons          = 279 / 539
NrelIsoFail     = 0 / 539
Npassed_MuEta   = 279 / 539
Npassed_nAK8Jets= 539 / 539
Npassed_Trigger = 521 / 539
Npassed_MET     = 484 / 539
Npassed_lepPt   = 507 / 539
Npassed_HT      = 538 / 539
npass_Njets     = 539 / 539
Npassed_ALL     = 454 / 539

>> Running /isilon/hadoop/store/group/bruxljm/FWLJMET106XUL_singleLep2017UL_RunIISummer20_X53X53/PairVLQ_x53x53_tWtW_narrow_RH_M1600_TuneCP5_13TeV-madgraph-pythia8/singleLep2017UL/230310_182613/0000/PairVLQ_x53x53_tWtW_narrow_RH_M1600_TuneCP5_13TeV-madgraph-pythia8_88.root for shift: nominal
[step1.h] Opening file: /isilon/hadoop/store/group/bruxljm/FWLJMET106XUL_singleLep2017UL_RunIISummer20_X53X53/PairVLQ_x53x53_tWtW_narrow_RH_M1600_TuneCP5_13TeV-madgraph-pythia8/singleLep2017UL/230310_182613/0000/PairVLQ_x53x53_tWtW_narrow_RH_M1600_TuneCP5_13TeV-madgraph-pythia8_88.root
[step1.h] Finished initializing
RUN CONFIG: YEAR = 2017
Era = 
isMC = 1, isSig = 1, SigMass = 9
isHad =0, isSE =0, isSM =0
isTTTT = 0, isXX = 1, isTpTp = 0, isBpBp = 0
For W's: isTT = 0, isSTt = 0, isSTtW = 0
For jets & PDF: isTOP = 0, isMadgraphBkg = 1
For HOTTagger Efficiencies: isTTV = 0, isTTHbb = 0, isTTHnonbb = 0, isTTTX = 0
isTTVV = 0, isST = 0, isTTToSemiLeptonHT500Njet9 = 0
Pileup sample key: PairVLQ_x53x53_tWtW_narrow_RH_M1600_TuneCP5_13TeV-madgraph-pythia8
b-tagging working points: 0.304(DeepJet)0.4506(DeepCSV)
isTTincMtt0to700: 0
isTTincMtt0to1000: 0
isTTincMtt700to1000: 0
isTTincMtt1000toInf: 0
isTTSemilepIncHT0Njet0: 0
isTTSemilepIncHT500Njet9: 0
outTTLF: 0
outTTCC: 0
outTTBB: 0
outTT1B: 0
outTT2B: 0
>> Completed 0 out of 1063 events
[INFO] Defaulting to central deepJet weight for: nominal
>> Completed 1000 out of 1063 events
Nelectrons      = 488 / 1063
Npassed_ElEta   = 488 / 1063
Nmuons          = 575 / 1063
NrelIsoFail     = 0 / 1063
Npassed_MuEta   = 575 / 1063
Npassed_nAK8Jets= 1063 / 1063
Npassed_Trigger = 1021 / 1063
Npassed_MET     = 968 / 1063
Npassed_lepPt   = 1006 / 1063
Npassed_HT      = 1062 / 1063
npass_Njets     = 1056 / 1063
Npassed_ALL     = 912 / 1063

>> Running /isilon/hadoop/store/group/bruxljm/FWLJMET106XUL_singleLep2017UL_RunIISummer20_X53X53/PairVLQ_x53x53_tWtW_narrow_RH_M1600_TuneCP5_13TeV-madgraph-pythia8/singleLep2017UL/230310_182613/0000/PairVLQ_x53x53_tWtW_narrow_RH_M1600_TuneCP5_13TeV-madgraph-pythia8_89.root for shift: nominal
[step1.h] Opening file: /isilon/hadoop/store/group/bruxljm/FWLJMET106XUL_singleLep2017UL_RunIISummer20_X53X53/PairVLQ_x53x53_tWtW_narrow_RH_M1600_TuneCP5_13TeV-madgraph-pythia8/singleLep2017UL/230310_182613/0000/PairVLQ_x53x53_tWtW_narrow_RH_M1600_TuneCP5_13TeV-madgraph-pythia8_89.root
[step1.h] Finished initializing
RUN CONFIG: YEAR = 2017
Era = 
isMC = 1, isSig = 1, SigMass = 9
isHad =0, isSE =0, isSM =0
isTTTT = 0, isXX = 1, isTpTp = 0, isBpBp = 0
For W's: isTT = 0, isSTt = 0, isSTtW = 0
For jets & PDF: isTOP = 0, isMadgraphBkg = 1
For HOTTagger Efficiencies: isTTV = 0, isTTHbb = 0, isTTHnonbb = 0, isTTTX = 0
isTTVV = 0, isST = 0, isTTToSemiLeptonHT500Njet9 = 0
Pileup sample key: PairVLQ_x53x53_tWtW_narrow_RH_M1600_TuneCP5_13TeV-madgraph-pythia8
b-tagging working points: 0.304(DeepJet)0.4506(DeepCSV)
isTTincMtt0to700: 0
isTTincMtt0to1000: 0
isTTincMtt700to1000: 0
isTTincMtt1000toInf: 0
isTTSemilepIncHT0Njet0: 0
isTTSemilepIncHT500Njet9: 0
outTTLF: 0
outTTCC: 0
outTTBB: 0
outTT1B: 0
outTT2B: 0
>> Completed 0 out of 1042 events
[INFO] Defaulting to central deepJet weight for: nominal
>> Completed 1000 out of 1042 events
Nelectrons      = 470 / 1042
Npassed_ElEta   = 470 / 1042
Nmuons          = 572 / 1042
NrelIsoFail     = 0 / 1042
Npassed_MuEta   = 572 / 1042
Npassed_nAK8Jets= 1042 / 1042
Npassed_Trigger = 1006 / 1042
Npassed_MET     = 960 / 1042
Npassed_lepPt   = 973 / 1042
Npassed_HT      = 1039 / 1042
npass_Njets     = 1034 / 1042
Npassed_ALL     = 885 / 1042

>> Running /isilon/hadoop/store/group/bruxljm/FWLJMET106XUL_singleLep2017UL_RunIISummer20_X53X53/PairVLQ_x53x53_tWtW_narrow_RH_M1600_TuneCP5_13TeV-madgraph-pythia8/singleLep2017UL/230310_182613/0000/PairVLQ_x53x53_tWtW_narrow_RH_M1600_TuneCP5_13TeV-madgraph-pythia8_9.root for shift: nominal
[step1.h] Opening file: /isilon/hadoop/store/group/bruxljm/FWLJMET106XUL_singleLep2017UL_RunIISummer20_X53X53/PairVLQ_x53x53_tWtW_narrow_RH_M1600_TuneCP5_13TeV-madgraph-pythia8/singleLep2017UL/230310_182613/0000/PairVLQ_x53x53_tWtW_narrow_RH_M1600_TuneCP5_13TeV-madgraph-pythia8_9.root
[step1.h] Finished initializing
RUN CONFIG: YEAR = 2017
Era = 
isMC = 1, isSig = 1, SigMass = 9
isHad =0, isSE =0, isSM =0
isTTTT = 0, isXX = 1, isTpTp = 0, isBpBp = 0
For W's: isTT = 0, isSTt = 0, isSTtW = 0
For jets & PDF: isTOP = 0, isMadgraphBkg = 1
For HOTTagger Efficiencies: isTTV = 0, isTTHbb = 0, isTTHnonbb = 0, isTTTX = 0
isTTVV = 0, isST = 0, isTTToSemiLeptonHT500Njet9 = 0
Pileup sample key: PairVLQ_x53x53_tWtW_narrow_RH_M1600_TuneCP5_13TeV-madgraph-pythia8
b-tagging working points: 0.304(DeepJet)0.4506(DeepCSV)
isTTincMtt0to700: 0
isTTincMtt0to1000: 0
isTTincMtt700to1000: 0
isTTincMtt1000toInf: 0
isTTSemilepIncHT0Njet0: 0
isTTSemilepIncHT500Njet9: 0
outTTLF: 0
outTTCC: 0
outTTBB: 0
outTT1B: 0
outTT2B: 0
>> Completed 0 out of 1059 events
[INFO] Defaulting to central deepJet weight for: nominal
>> Completed 1000 out of 1059 events
Nelectrons      = 508 / 1059
Npassed_ElEta   = 508 / 1059
Nmuons          = 551 / 1059
NrelIsoFail     = 0 / 1059
Npassed_MuEta   = 551 / 1059
Npassed_nAK8Jets= 1059 / 1059
Npassed_Trigger = 1019 / 1059
Npassed_MET     = 965 / 1059
Npassed_lepPt   = 990 / 1059
Npassed_HT      = 1057 / 1059
npass_Njets     = 1053 / 1059
Npassed_ALL     = 899 / 1059

>> Running /isilon/hadoop/store/group/bruxljm/FWLJMET106XUL_singleLep2017UL_RunIISummer20_X53X53/PairVLQ_x53x53_tWtW_narrow_RH_M1600_TuneCP5_13TeV-madgraph-pythia8/singleLep2017UL/230310_182613/0000/PairVLQ_x53x53_tWtW_narrow_RH_M1600_TuneCP5_13TeV-madgraph-pythia8_90.root for shift: nominal
[step1.h] Opening file: /isilon/hadoop/store/group/bruxljm/FWLJMET106XUL_singleLep2017UL_RunIISummer20_X53X53/PairVLQ_x53x53_tWtW_narrow_RH_M1600_TuneCP5_13TeV-madgraph-pythia8/singleLep2017UL/230310_182613/0000/PairVLQ_x53x53_tWtW_narrow_RH_M1600_TuneCP5_13TeV-madgraph-pythia8_90.root
[step1.h] Finished initializing
RUN CONFIG: YEAR = 2017
Era = 
isMC = 1, isSig = 1, SigMass = 9
isHad =0, isSE =0, isSM =0
isTTTT = 0, isXX = 1, isTpTp = 0, isBpBp = 0
For W's: isTT = 0, isSTt = 0, isSTtW = 0
For jets & PDF: isTOP = 0, isMadgraphBkg = 1
For HOTTagger Efficiencies: isTTV = 0, isTTHbb = 0, isTTHnonbb = 0, isTTTX = 0
isTTVV = 0, isST = 0, isTTToSemiLeptonHT500Njet9 = 0
Pileup sample key: PairVLQ_x53x53_tWtW_narrow_RH_M1600_TuneCP5_13TeV-madgraph-pythia8
b-tagging working points: 0.304(DeepJet)0.4506(DeepCSV)
isTTincMtt0to700: 0
isTTincMtt0to1000: 0
isTTincMtt700to1000: 0
isTTincMtt1000toInf: 0
isTTSemilepIncHT0Njet0: 0
isTTSemilepIncHT500Njet9: 0
outTTLF: 0
outTTCC: 0
outTTBB: 0
outTT1B: 0
outTT2B: 0
>> Completed 0 out of 1053 events
[INFO] Defaulting to central deepJet weight for: nominal
>> Completed 1000 out of 1053 events
Nelectrons      = 473 / 1053
Npassed_ElEta   = 473 / 1053
Nmuons          = 580 / 1053
NrelIsoFail     = 0 / 1053
Npassed_MuEta   = 580 / 1053
Npassed_nAK8Jets= 1053 / 1053
Npassed_Trigger = 1010 / 1053
Npassed_MET     = 954 / 1053
Npassed_lepPt   = 989 / 1053
Npassed_HT      = 1053 / 1053
npass_Njets     = 1050 / 1053
Npassed_ALL     = 893 / 1053

>> Running /isilon/hadoop/store/group/bruxljm/FWLJMET106XUL_singleLep2017UL_RunIISummer20_X53X53/PairVLQ_x53x53_tWtW_narrow_RH_M1600_TuneCP5_13TeV-madgraph-pythia8/singleLep2017UL/230310_182613/0000/PairVLQ_x53x53_tWtW_narrow_RH_M1600_TuneCP5_13TeV-madgraph-pythia8_91.root for shift: nominal
[step1.h] Opening file: /isilon/hadoop/store/group/bruxljm/FWLJMET106XUL_singleLep2017UL_RunIISummer20_X53X53/PairVLQ_x53x53_tWtW_narrow_RH_M1600_TuneCP5_13TeV-madgraph-pythia8/singleLep2017UL/230310_182613/0000/PairVLQ_x53x53_tWtW_narrow_RH_M1600_TuneCP5_13TeV-madgraph-pythia8_91.root
[step1.h] Finished initializing
RUN CONFIG: YEAR = 2017
Era = 
isMC = 1, isSig = 1, SigMass = 9
isHad =0, isSE =0, isSM =0
isTTTT = 0, isXX = 1, isTpTp = 0, isBpBp = 0
For W's: isTT = 0, isSTt = 0, isSTtW = 0
For jets & PDF: isTOP = 0, isMadgraphBkg = 1
For HOTTagger Efficiencies: isTTV = 0, isTTHbb = 0, isTTHnonbb = 0, isTTTX = 0
isTTVV = 0, isST = 0, isTTToSemiLeptonHT500Njet9 = 0
Pileup sample key: PairVLQ_x53x53_tWtW_narrow_RH_M1600_TuneCP5_13TeV-madgraph-pythia8
b-tagging working points: 0.304(DeepJet)0.4506(DeepCSV)
isTTincMtt0to700: 0
isTTincMtt0to1000: 0
isTTincMtt700to1000: 0
isTTincMtt1000toInf: 0
isTTSemilepIncHT0Njet0: 0
isTTSemilepIncHT500Njet9: 0
outTTLF: 0
outTTCC: 0
outTTBB: 0
outTT1B: 0
outTT2B: 0
>> Completed 0 out of 1017 events
[INFO] Defaulting to central deepJet weight for: nominal
>> Completed 1000 out of 1017 events
Nelectrons      = 464 / 1017
Npassed_ElEta   = 464 / 1017
Nmuons          = 553 / 1017
NrelIsoFail     = 0 / 1017
Npassed_MuEta   = 553 / 1017
Npassed_nAK8Jets= 1017 / 1017
Npassed_Trigger = 977 / 1017
Npassed_MET     = 950 / 1017
Npassed_lepPt   = 958 / 1017
Npassed_HT      = 1016 / 1017
npass_Njets     = 1013 / 1017
Npassed_ALL     = 889 / 1017

>> Running /isilon/hadoop/store/group/bruxljm/FWLJMET106XUL_singleLep2017UL_RunIISummer20_X53X53/PairVLQ_x53x53_tWtW_narrow_RH_M1600_TuneCP5_13TeV-madgraph-pythia8/singleLep2017UL/230310_182613/0000/PairVLQ_x53x53_tWtW_narrow_RH_M1600_TuneCP5_13TeV-madgraph-pythia8_92.root for shift: nominal
[step1.h] Opening file: /isilon/hadoop/store/group/bruxljm/FWLJMET106XUL_singleLep2017UL_RunIISummer20_X53X53/PairVLQ_x53x53_tWtW_narrow_RH_M1600_TuneCP5_13TeV-madgraph-pythia8/singleLep2017UL/230310_182613/0000/PairVLQ_x53x53_tWtW_narrow_RH_M1600_TuneCP5_13TeV-madgraph-pythia8_92.root
[step1.h] Finished initializing
RUN CONFIG: YEAR = 2017
Era = 
isMC = 1, isSig = 1, SigMass = 9
isHad =0, isSE =0, isSM =0
isTTTT = 0, isXX = 1, isTpTp = 0, isBpBp = 0
For W's: isTT = 0, isSTt = 0, isSTtW = 0
For jets & PDF: isTOP = 0, isMadgraphBkg = 1
For HOTTagger Efficiencies: isTTV = 0, isTTHbb = 0, isTTHnonbb = 0, isTTTX = 0
isTTVV = 0, isST = 0, isTTToSemiLeptonHT500Njet9 = 0
Pileup sample key: PairVLQ_x53x53_tWtW_narrow_RH_M1600_TuneCP5_13TeV-madgraph-pythia8
b-tagging working points: 0.304(DeepJet)0.4506(DeepCSV)
isTTincMtt0to700: 0
isTTincMtt0to1000: 0
isTTincMtt700to1000: 0
isTTincMtt1000toInf: 0
isTTSemilepIncHT0Njet0: 0
isTTSemilepIncHT500Njet9: 0
outTTLF: 0
outTTCC: 0
outTTBB: 0
outTT1B: 0
outTT2B: 0
>> Completed 0 out of 1035 events
[INFO] Defaulting to central deepJet weight for: nominal
>> Completed 1000 out of 1035 events
Nelectrons      = 454 / 1035
Npassed_ElEta   = 454 / 1035
Nmuons          = 581 / 1035
NrelIsoFail     = 0 / 1035
Npassed_MuEta   = 581 / 1035
Npassed_nAK8Jets= 1035 / 1035
Npassed_Trigger = 999 / 1035
Npassed_MET     = 953 / 1035
Npassed_lepPt   = 965 / 1035
Npassed_HT      = 1034 / 1035
npass_Njets     = 1029 / 1035
Npassed_ALL     = 882 / 1035

>> Running /isilon/hadoop/store/group/bruxljm/FWLJMET106XUL_singleLep2017UL_RunIISummer20_X53X53/PairVLQ_x53x53_tWtW_narrow_RH_M1600_TuneCP5_13TeV-madgraph-pythia8/singleLep2017UL/230310_182613/0000/PairVLQ_x53x53_tWtW_narrow_RH_M1600_TuneCP5_13TeV-madgraph-pythia8_93.root for shift: nominal
[step1.h] Opening file: /isilon/hadoop/store/group/bruxljm/FWLJMET106XUL_singleLep2017UL_RunIISummer20_X53X53/PairVLQ_x53x53_tWtW_narrow_RH_M1600_TuneCP5_13TeV-madgraph-pythia8/singleLep2017UL/230310_182613/0000/PairVLQ_x53x53_tWtW_narrow_RH_M1600_TuneCP5_13TeV-madgraph-pythia8_93.root
[step1.h] Finished initializing
RUN CONFIG: YEAR = 2017
Era = 
isMC = 1, isSig = 1, SigMass = 9
isHad =0, isSE =0, isSM =0
isTTTT = 0, isXX = 1, isTpTp = 0, isBpBp = 0
For W's: isTT = 0, isSTt = 0, isSTtW = 0
For jets & PDF: isTOP = 0, isMadgraphBkg = 1
For HOTTagger Efficiencies: isTTV = 0, isTTHbb = 0, isTTHnonbb = 0, isTTTX = 0
isTTVV = 0, isST = 0, isTTToSemiLeptonHT500Njet9 = 0
Pileup sample key: PairVLQ_x53x53_tWtW_narrow_RH_M1600_TuneCP5_13TeV-madgraph-pythia8
b-tagging working points: 0.304(DeepJet)0.4506(DeepCSV)
isTTincMtt0to700: 0
isTTincMtt0to1000: 0
isTTincMtt700to1000: 0
isTTincMtt1000toInf: 0
isTTSemilepIncHT0Njet0: 0
isTTSemilepIncHT500Njet9: 0
outTTLF: 0
outTTCC: 0
outTTBB: 0
outTT1B: 0
outTT2B: 0
>> Completed 0 out of 1068 events
[INFO] Defaulting to central deepJet weight for: nominal
>> Completed 1000 out of 1068 events
Nelectrons      = 483 / 1068
Npassed_ElEta   = 483 / 1068
Nmuons          = 585 / 1068
NrelIsoFail     = 0 / 1068
Npassed_MuEta   = 585 / 1068
Npassed_nAK8Jets= 1068 / 1068
Npassed_Trigger = 1033 / 1068
Npassed_MET     = 976 / 1068
Npassed_lepPt   = 988 / 1068
Npassed_HT      = 1067 / 1068
npass_Njets     = 1059 / 1068
Npassed_ALL     = 894 / 1068

>> Running /isilon/hadoop/store/group/bruxljm/FWLJMET106XUL_singleLep2017UL_RunIISummer20_X53X53/PairVLQ_x53x53_tWtW_narrow_RH_M1600_TuneCP5_13TeV-madgraph-pythia8/singleLep2017UL/230310_182613/0000/PairVLQ_x53x53_tWtW_narrow_RH_M1600_TuneCP5_13TeV-madgraph-pythia8_94.root for shift: nominal
[step1.h] Opening file: /isilon/hadoop/store/group/bruxljm/FWLJMET106XUL_singleLep2017UL_RunIISummer20_X53X53/PairVLQ_x53x53_tWtW_narrow_RH_M1600_TuneCP5_13TeV-madgraph-pythia8/singleLep2017UL/230310_182613/0000/PairVLQ_x53x53_tWtW_narrow_RH_M1600_TuneCP5_13TeV-madgraph-pythia8_94.root
[step1.h] Finished initializing
RUN CONFIG: YEAR = 2017
Era = 
isMC = 1, isSig = 1, SigMass = 9
isHad =0, isSE =0, isSM =0
isTTTT = 0, isXX = 1, isTpTp = 0, isBpBp = 0
For W's: isTT = 0, isSTt = 0, isSTtW = 0
For jets & PDF: isTOP = 0, isMadgraphBkg = 1
For HOTTagger Efficiencies: isTTV = 0, isTTHbb = 0, isTTHnonbb = 0, isTTTX = 0
isTTVV = 0, isST = 0, isTTToSemiLeptonHT500Njet9 = 0
Pileup sample key: PairVLQ_x53x53_tWtW_narrow_RH_M1600_TuneCP5_13TeV-madgraph-pythia8
b-tagging working points: 0.304(DeepJet)0.4506(DeepCSV)
isTTincMtt0to700: 0
isTTincMtt0to1000: 0
isTTincMtt700to1000: 0
isTTincMtt1000toInf: 0
isTTSemilepIncHT0Njet0: 0
isTTSemilepIncHT500Njet9: 0
outTTLF: 0
outTTCC: 0
outTTBB: 0
outTT1B: 0
outTT2B: 0
>> Completed 0 out of 1038 events
[INFO] Defaulting to central deepJet weight for: nominal
>> Completed 1000 out of 1038 events
Nelectrons      = 479 / 1038
Npassed_ElEta   = 479 / 1038
Nmuons          = 559 / 1038
NrelIsoFail     = 0 / 1038
Npassed_MuEta   = 559 / 1038
Npassed_nAK8Jets= 1038 / 1038
Npassed_Trigger = 1001 / 1038
Npassed_MET     = 953 / 1038
Npassed_lepPt   = 957 / 1038
Npassed_HT      = 1036 / 1038
npass_Njets     = 1034 / 1038
Npassed_ALL     = 872 / 1038
>> Available ROOT Files:
-rw-r--r-- 1 fsimpson gridusers 2998017 Apr 24 09:18 PairVLQ_x53x53_tWtW_narrow_RH_M1600_TuneCP5_13TeV-madgraph-pythia8_68nominal.root
-rw-r--r-- 1 fsimpson gridusers 3084778 Apr 24 09:18 PairVLQ_x53x53_tWtW_narrow_RH_M1600_TuneCP5_13TeV-madgraph-pythia8_69nominal.root
-rw-r--r-- 1 fsimpson gridusers 3155980 Apr 24 09:18 PairVLQ_x53x53_tWtW_narrow_RH_M1600_TuneCP5_13TeV-madgraph-pythia8_70nominal.root
-rw-r--r-- 1 fsimpson gridusers 3014489 Apr 24 09:18 PairVLQ_x53x53_tWtW_narrow_RH_M1600_TuneCP5_13TeV-madgraph-pythia8_71nominal.root
-rw-r--r-- 1 fsimpson gridusers 3151596 Apr 24 09:18 PairVLQ_x53x53_tWtW_narrow_RH_M1600_TuneCP5_13TeV-madgraph-pythia8_72nominal.root
-rw-r--r-- 1 fsimpson gridusers 1630874 Apr 24 09:18 PairVLQ_x53x53_tWtW_narrow_RH_M1600_TuneCP5_13TeV-madgraph-pythia8_73nominal.root
-rw-r--r-- 1 fsimpson gridusers 3164790 Apr 24 09:18 PairVLQ_x53x53_tWtW_narrow_RH_M1600_TuneCP5_13TeV-madgraph-pythia8_74nominal.root
-rw-r--r-- 1 fsimpson gridusers 3182738 Apr 24 09:18 PairVLQ_x53x53_tWtW_narrow_RH_M1600_TuneCP5_13TeV-madgraph-pythia8_75nominal.root
-rw-r--r-- 1 fsimpson gridusers 3107781 Apr 24 09:18 PairVLQ_x53x53_tWtW_narrow_RH_M1600_TuneCP5_13TeV-madgraph-pythia8_76nominal.root
-rw-r--r-- 1 fsimpson gridusers 3133224 Apr 24 09:18 PairVLQ_x53x53_tWtW_narrow_RH_M1600_TuneCP5_13TeV-madgraph-pythia8_77nominal.root
-rw-r--r-- 1 fsimpson gridusers 3095254 Apr 24 09:18 PairVLQ_x53x53_tWtW_narrow_RH_M1600_TuneCP5_13TeV-madgraph-pythia8_78nominal.root
-rw-r--r-- 1 fsimpson gridusers 3055905 Apr 24 09:18 PairVLQ_x53x53_tWtW_narrow_RH_M1600_TuneCP5_13TeV-madgraph-pythia8_79nominal.root
-rw-r--r-- 1 fsimpson gridusers 3104693 Apr 24 09:18 PairVLQ_x53x53_tWtW_narrow_RH_M1600_TuneCP5_13TeV-madgraph-pythia8_7nominal.root
-rw-r--r-- 1 fsimpson gridusers 3066068 Apr 24 09:18 PairVLQ_x53x53_tWtW_narrow_RH_M1600_TuneCP5_13TeV-madgraph-pythia8_80nominal.root
-rw-r--r-- 1 fsimpson gridusers 3030736 Apr 24 09:18 PairVLQ_x53x53_tWtW_narrow_RH_M1600_TuneCP5_13TeV-madgraph-pythia8_81nominal.root
-rw-r--r-- 1 fsimpson gridusers 3053222 Apr 24 09:18 PairVLQ_x53x53_tWtW_narrow_RH_M1600_TuneCP5_13TeV-madgraph-pythia8_82nominal.root
-rw-r--r-- 1 fsimpson gridusers 3194284 Apr 24 09:18 PairVLQ_x53x53_tWtW_narrow_RH_M1600_TuneCP5_13TeV-madgraph-pythia8_83nominal.root
-rw-r--r-- 1 fsimpson gridusers 3212144 Apr 24 09:18 PairVLQ_x53x53_tWtW_narrow_RH_M1600_TuneCP5_13TeV-madgraph-pythia8_84nominal.root
-rw-r--r-- 1 fsimpson gridusers 3033174 Apr 24 09:18 PairVLQ_x53x53_tWtW_narrow_RH_M1600_TuneCP5_13TeV-madgraph-pythia8_85nominal.root
-rw-r--r-- 1 fsimpson gridusers 3053786 Apr 24 09:18 PairVLQ_x53x53_tWtW_narrow_RH_M1600_TuneCP5_13TeV-madgraph-pythia8_86nominal.root
-rw-r--r-- 1 fsimpson gridusers 1576784 Apr 24 09:18 PairVLQ_x53x53_tWtW_narrow_RH_M1600_TuneCP5_13TeV-madgraph-pythia8_87nominal.root
-rw-r--r-- 1 fsimpson gridusers 3192598 Apr 24 09:18 PairVLQ_x53x53_tWtW_narrow_RH_M1600_TuneCP5_13TeV-madgraph-pythia8_88nominal.root
-rw-r--r-- 1 fsimpson gridusers 3098296 Apr 24 09:18 PairVLQ_x53x53_tWtW_narrow_RH_M1600_TuneCP5_13TeV-madgraph-pythia8_89nominal.root
-rw-r--r-- 1 fsimpson gridusers 3229623 Apr 24 09:18 PairVLQ_x53x53_tWtW_narrow_RH_M1600_TuneCP5_13TeV-madgraph-pythia8_8nominal.root
-rw-r--r-- 1 fsimpson gridusers 3118705 Apr 24 09:18 PairVLQ_x53x53_tWtW_narrow_RH_M1600_TuneCP5_13TeV-madgraph-pythia8_90nominal.root
-rw-r--r-- 1 fsimpson gridusers 3106675 Apr 24 09:18 PairVLQ_x53x53_tWtW_narrow_RH_M1600_TuneCP5_13TeV-madgraph-pythia8_91nominal.root
-rw-r--r-- 1 fsimpson gridusers 3063629 Apr 24 09:18 PairVLQ_x53x53_tWtW_narrow_RH_M1600_TuneCP5_13TeV-madgraph-pythia8_92nominal.root
-rw-r--r-- 1 fsimpson gridusers 3156507 Apr 24 09:18 PairVLQ_x53x53_tWtW_narrow_RH_M1600_TuneCP5_13TeV-madgraph-pythia8_93nominal.root
-rw-r--r-- 1 fsimpson gridusers 3070466 Apr 24 09:18 PairVLQ_x53x53_tWtW_narrow_RH_M1600_TuneCP5_13TeV-madgraph-pythia8_94nominal.root
-rw-r--r-- 1 fsimpson gridusers 3172696 Apr 24 09:18 PairVLQ_x53x53_tWtW_narrow_RH_M1600_TuneCP5_13TeV-madgraph-pythia8_9nominal.root
>> xrdcp output for condor
hadd Target file: PairVLQ_x53x53_tWtW_narrow_RH_M1600_TuneCP5_13TeV-madgraph-pythia8_5nominal_hadd.root
hadd compression setting for all ouput: 1
hadd Source file 1: PairVLQ_x53x53_tWtW_narrow_RH_M1600_TuneCP5_13TeV-madgraph-pythia8_68nominal.root
hadd Source file 2: PairVLQ_x53x53_tWtW_narrow_RH_M1600_TuneCP5_13TeV-madgraph-pythia8_69nominal.root
hadd Source file 3: PairVLQ_x53x53_tWtW_narrow_RH_M1600_TuneCP5_13TeV-madgraph-pythia8_70nominal.root
hadd Source file 4: PairVLQ_x53x53_tWtW_narrow_RH_M1600_TuneCP5_13TeV-madgraph-pythia8_71nominal.root
hadd Source file 5: PairVLQ_x53x53_tWtW_narrow_RH_M1600_TuneCP5_13TeV-madgraph-pythia8_72nominal.root
hadd Source file 6: PairVLQ_x53x53_tWtW_narrow_RH_M1600_TuneCP5_13TeV-madgraph-pythia8_73nominal.root
hadd Source file 7: PairVLQ_x53x53_tWtW_narrow_RH_M1600_TuneCP5_13TeV-madgraph-pythia8_74nominal.root
hadd Source file 8: PairVLQ_x53x53_tWtW_narrow_RH_M1600_TuneCP5_13TeV-madgraph-pythia8_75nominal.root
hadd Source file 9: PairVLQ_x53x53_tWtW_narrow_RH_M1600_TuneCP5_13TeV-madgraph-pythia8_76nominal.root
hadd Source file 10: PairVLQ_x53x53_tWtW_narrow_RH_M1600_TuneCP5_13TeV-madgraph-pythia8_77nominal.root
hadd Source file 11: PairVLQ_x53x53_tWtW_narrow_RH_M1600_TuneCP5_13TeV-madgraph-pythia8_78nominal.root
hadd Source file 12: PairVLQ_x53x53_tWtW_narrow_RH_M1600_TuneCP5_13TeV-madgraph-pythia8_79nominal.root
hadd Source file 13: PairVLQ_x53x53_tWtW_narrow_RH_M1600_TuneCP5_13TeV-madgraph-pythia8_7nominal.root
hadd Source file 14: PairVLQ_x53x53_tWtW_narrow_RH_M1600_TuneCP5_13TeV-madgraph-pythia8_80nominal.root
hadd Source file 15: PairVLQ_x53x53_tWtW_narrow_RH_M1600_TuneCP5_13TeV-madgraph-pythia8_81nominal.root
hadd Source file 16: PairVLQ_x53x53_tWtW_narrow_RH_M1600_TuneCP5_13TeV-madgraph-pythia8_82nominal.root
hadd Source file 17: PairVLQ_x53x53_tWtW_narrow_RH_M1600_TuneCP5_13TeV-madgraph-pythia8_83nominal.root
hadd Source file 18: PairVLQ_x53x53_tWtW_narrow_RH_M1600_TuneCP5_13TeV-madgraph-pythia8_84nominal.root
hadd Source file 19: PairVLQ_x53x53_tWtW_narrow_RH_M1600_TuneCP5_13TeV-madgraph-pythia8_85nominal.root
hadd Source file 20: PairVLQ_x53x53_tWtW_narrow_RH_M1600_TuneCP5_13TeV-madgraph-pythia8_86nominal.root
hadd Source file 21: PairVLQ_x53x53_tWtW_narrow_RH_M1600_TuneCP5_13TeV-madgraph-pythia8_87nominal.root
hadd Source file 22: PairVLQ_x53x53_tWtW_narrow_RH_M1600_TuneCP5_13TeV-madgraph-pythia8_88nominal.root
hadd Source file 23: PairVLQ_x53x53_tWtW_narrow_RH_M1600_TuneCP5_13TeV-madgraph-pythia8_89nominal.root
hadd Source file 24: PairVLQ_x53x53_tWtW_narrow_RH_M1600_TuneCP5_13TeV-madgraph-pythia8_8nominal.root
hadd Source file 25: PairVLQ_x53x53_tWtW_narrow_RH_M1600_TuneCP5_13TeV-madgraph-pythia8_90nominal.root
hadd Source file 26: PairVLQ_x53x53_tWtW_narrow_RH_M1600_TuneCP5_13TeV-madgraph-pythia8_91nominal.root
hadd Source file 27: PairVLQ_x53x53_tWtW_narrow_RH_M1600_TuneCP5_13TeV-madgraph-pythia8_92nominal.root
hadd Source file 28: PairVLQ_x53x53_tWtW_narrow_RH_M1600_TuneCP5_13TeV-madgraph-pythia8_93nominal.root
hadd Source file 29: PairVLQ_x53x53_tWtW_narrow_RH_M1600_TuneCP5_13TeV-madgraph-pythia8_94nominal.root
hadd Source file 30: PairVLQ_x53x53_tWtW_narrow_RH_M1600_TuneCP5_13TeV-madgraph-pythia8_9nominal.root
hadd Target path: PairVLQ_x53x53_tWtW_narrow_RH_M1600_TuneCP5_13TeV-madgraph-pythia8_5nominal_hadd.root:/
>> mv PairVLQ_x53x53_tWtW_narrow_RH_M1600_TuneCP5_13TeV-madgraph-pythia8_5nominal_hadd.root /isilon/hadoop/store/group/bruxljm/FWLJMET106XUL_singleLep2017UL_RunIISummer20_X53X53_step1/nominal/PairVLQ_x53x53_tWtW_narrow_RH_M1600_TuneCP5_13TeV-madgraph-pythia8/PairVLQ_x53x53_tWtW_narrow_RH_M1600_TuneCP5_13TeV-madgraph-pythia8_5.root
[DONE]
