000 (630124.000.000) 04/24 07:52:03 Job submitted from host: <172.20.3.187:9618?addrs=172.20.3.187-9618&noUDP&sock=2297_2121_3>
...
001 (630124.000.000) 04/24 07:56:12 Job executing on host: <172.20.225.8:9618?addrs=172.20.225.8-9618&noUDP&sock=3440_21e1_3>
...
006 (630124.000.000) 04/24 07:56:22 Image size of job updated: 69892
	60  -  MemoryUsage of job (MB)
	60676  -  ResidentSetSize of job (KB)
...
006 (630124.000.000) 04/24 08:01:22 Image size of job updated: 679324
	664  -  MemoryUsage of job (MB)
	679008  -  ResidentSetSize of job (KB)
...
006 (630124.000.000) 04/24 08:06:23 Image size of job updated: 949024
	927  -  MemoryUsage of job (MB)
	948416  -  ResidentSetSize of job (KB)
...
006 (630124.000.000) 04/24 08:11:23 Image size of job updated: 1150112
	1123  -  MemoryUsage of job (MB)
	1149632  -  ResidentSetSize of job (KB)
...
006 (630124.000.000) 04/24 08:16:24 Image size of job updated: 1323372
	1292  -  MemoryUsage of job (MB)
	1322892  -  ResidentSetSize of job (KB)
...
006 (630124.000.000) 04/24 08:21:24 Image size of job updated: 1460680
	1426  -  MemoryUsage of job (MB)
	1460180  -  ResidentSetSize of job (KB)
...
005 (630124.000.000) 04/24 08:24:51 Job terminated.
	(1) Normal termination (return value 0)
		Usr 0 00:26:42, Sys 0 00:01:03  -  Run Remote Usage
		Usr 0 00:00:00, Sys 0 00:00:00  -  Run Local Usage
		Usr 0 00:26:42, Sys 0 00:01:03  -  Total Remote Usage
		Usr 0 00:00:00, Sys 0 00:00:00  -  Total Local Usage
	1715099  -  Run Bytes Sent By Job
	8620734  -  Run Bytes Received By Job
	1715099  -  Total Bytes Sent By Job
	8620734  -  Total Bytes Received By Job
	Partitionable Resources :    Usage  Request Allocated 
	   Cpus                 :     1.00        1         1 
	   Disk (KB)            : 10649       10000 479737977 
	   Memory (MB)          :  1426        6144      8033 
...
000 (630183.000.000) 04/24 08:39:28 Job submitted from host: <172.20.3.187:9618?addrs=172.20.3.187-9618&noUDP&sock=2297_2121_3>
...
001 (630183.000.000) 04/24 08:54:33 Job executing on host: <172.20.225.5:9618?addrs=172.20.225.5-9618&noUDP&sock=3375_8c39_3>
...
006 (630183.000.000) 04/24 08:54:44 Image size of job updated: 12332
	13  -  MemoryUsage of job (MB)
	12332  -  ResidentSetSize of job (KB)
...
006 (630183.000.000) 04/24 08:59:44 Image size of job updated: 724860
	707  -  MemoryUsage of job (MB)
	723916  -  ResidentSetSize of job (KB)
...
006 (630183.000.000) 04/24 09:04:47 Image size of job updated: 984852
	962  -  MemoryUsage of job (MB)
	984224  -  ResidentSetSize of job (KB)
...
006 (630183.000.000) 04/24 09:09:45 Image size of job updated: 1180764
	1153  -  MemoryUsage of job (MB)
	1180496  -  ResidentSetSize of job (KB)
...
006 (630183.000.000) 04/24 09:14:46 Image size of job updated: 1358880
	1327  -  MemoryUsage of job (MB)
	1358436  -  ResidentSetSize of job (KB)
...
006 (630183.000.000) 04/24 09:19:46 Image size of job updated: 1506568
	1472  -  MemoryUsage of job (MB)
	1506316  -  ResidentSetSize of job (KB)
...
006 (630183.000.000) 04/24 09:21:57 Image size of job updated: 1639776
	1472  -  MemoryUsage of job (MB)
	1506320  -  ResidentSetSize of job (KB)
...
005 (630183.000.000) 04/24 09:21:58 Job terminated.
	(1) Normal termination (return value 0)
		Usr 0 00:25:32, Sys 0 00:00:35  -  Run Remote Usage
		Usr 0 00:00:00, Sys 0 00:00:00  -  Run Local Usage
		Usr 0 00:25:32, Sys 0 00:00:35  -  Total Remote Usage
		Usr 0 00:00:00, Sys 0 00:00:00  -  Total Local Usage
	1772893  -  Run Bytes Sent By Job
	8620823  -  Run Bytes Received By Job
	1772893  -  Total Bytes Sent By Job
	8620823  -  Total Bytes Received By Job
	Partitionable Resources :    Usage  Request Allocated 
	   Cpus                 :     0.99        1         1 
	   Disk (KB)            : 10706       10000 479749220 
	   Memory (MB)          :  1472        6144      8033 
...
