/isilon/condor/hep103.hep.brown.edu/execute/dir_114765
>> Setting macroDir to PWD

Processing compile_step1.C...
>> Running on BRUX, PairVLQ_x53x53_tWtW_narrow_RH_M1300_TuneCP5_13TeV-madgraph-pythia8 stored on BRUX
>> Input file path: /isilon/hadoop/store/group/bruxljm/FWLJMET106XUL_singleLep2017UL_RunIISummer20_X53X53/PairVLQ_x53x53_tWtW_narrow_RH_M1300_TuneCP5_13TeV-madgraph-pythia8/singleLep2017UL/230310_182847/0000
>> Running step1 over list: 1 10 100 101 102 103 104 105 106 107 108 109 11 110 111 112 113 114 115 116 117 118 119 12 120 121 122 123 124 125
>> Adding PairVLQ_x53x53_tWtW_narrow_RH_M1300_TuneCP5_13TeV-madgraph-pythia8_1.root to the list by reading PairVLQ_x53x53_tWtW_narrow_RH_M1300_TuneCP5_13TeV-madgraph-pythia8_1
>> Adding PairVLQ_x53x53_tWtW_narrow_RH_M1300_TuneCP5_13TeV-madgraph-pythia8_10.root to the list by reading PairVLQ_x53x53_tWtW_narrow_RH_M1300_TuneCP5_13TeV-madgraph-pythia8_10
>> Adding PairVLQ_x53x53_tWtW_narrow_RH_M1300_TuneCP5_13TeV-madgraph-pythia8_100.root to the list by reading PairVLQ_x53x53_tWtW_narrow_RH_M1300_TuneCP5_13TeV-madgraph-pythia8_100
>> Adding PairVLQ_x53x53_tWtW_narrow_RH_M1300_TuneCP5_13TeV-madgraph-pythia8_101.root to the list by reading PairVLQ_x53x53_tWtW_narrow_RH_M1300_TuneCP5_13TeV-madgraph-pythia8_101
>> Adding PairVLQ_x53x53_tWtW_narrow_RH_M1300_TuneCP5_13TeV-madgraph-pythia8_102.root to the list by reading PairVLQ_x53x53_tWtW_narrow_RH_M1300_TuneCP5_13TeV-madgraph-pythia8_102
>> Adding PairVLQ_x53x53_tWtW_narrow_RH_M1300_TuneCP5_13TeV-madgraph-pythia8_103.root to the list by reading PairVLQ_x53x53_tWtW_narrow_RH_M1300_TuneCP5_13TeV-madgraph-pythia8_103
>> Adding PairVLQ_x53x53_tWtW_narrow_RH_M1300_TuneCP5_13TeV-madgraph-pythia8_104.root to the list by reading PairVLQ_x53x53_tWtW_narrow_RH_M1300_TuneCP5_13TeV-madgraph-pythia8_104
>> Adding PairVLQ_x53x53_tWtW_narrow_RH_M1300_TuneCP5_13TeV-madgraph-pythia8_105.root to the list by reading PairVLQ_x53x53_tWtW_narrow_RH_M1300_TuneCP5_13TeV-madgraph-pythia8_105
>> Adding PairVLQ_x53x53_tWtW_narrow_RH_M1300_TuneCP5_13TeV-madgraph-pythia8_106.root to the list by reading PairVLQ_x53x53_tWtW_narrow_RH_M1300_TuneCP5_13TeV-madgraph-pythia8_106
>> Adding PairVLQ_x53x53_tWtW_narrow_RH_M1300_TuneCP5_13TeV-madgraph-pythia8_107.root to the list by reading PairVLQ_x53x53_tWtW_narrow_RH_M1300_TuneCP5_13TeV-madgraph-pythia8_107
>> Adding PairVLQ_x53x53_tWtW_narrow_RH_M1300_TuneCP5_13TeV-madgraph-pythia8_108.root to the list by reading PairVLQ_x53x53_tWtW_narrow_RH_M1300_TuneCP5_13TeV-madgraph-pythia8_108
>> Adding PairVLQ_x53x53_tWtW_narrow_RH_M1300_TuneCP5_13TeV-madgraph-pythia8_109.root to the list by reading PairVLQ_x53x53_tWtW_narrow_RH_M1300_TuneCP5_13TeV-madgraph-pythia8_109
>> Adding PairVLQ_x53x53_tWtW_narrow_RH_M1300_TuneCP5_13TeV-madgraph-pythia8_11.root to the list by reading PairVLQ_x53x53_tWtW_narrow_RH_M1300_TuneCP5_13TeV-madgraph-pythia8_11
>> Adding PairVLQ_x53x53_tWtW_narrow_RH_M1300_TuneCP5_13TeV-madgraph-pythia8_110.root to the list by reading PairVLQ_x53x53_tWtW_narrow_RH_M1300_TuneCP5_13TeV-madgraph-pythia8_110
>> Adding PairVLQ_x53x53_tWtW_narrow_RH_M1300_TuneCP5_13TeV-madgraph-pythia8_111.root to the list by reading PairVLQ_x53x53_tWtW_narrow_RH_M1300_TuneCP5_13TeV-madgraph-pythia8_111
>> Adding PairVLQ_x53x53_tWtW_narrow_RH_M1300_TuneCP5_13TeV-madgraph-pythia8_112.root to the list by reading PairVLQ_x53x53_tWtW_narrow_RH_M1300_TuneCP5_13TeV-madgraph-pythia8_112
>> Adding PairVLQ_x53x53_tWtW_narrow_RH_M1300_TuneCP5_13TeV-madgraph-pythia8_113.root to the list by reading PairVLQ_x53x53_tWtW_narrow_RH_M1300_TuneCP5_13TeV-madgraph-pythia8_113
>> Adding PairVLQ_x53x53_tWtW_narrow_RH_M1300_TuneCP5_13TeV-madgraph-pythia8_114.root to the list by reading PairVLQ_x53x53_tWtW_narrow_RH_M1300_TuneCP5_13TeV-madgraph-pythia8_114
>> Adding PairVLQ_x53x53_tWtW_narrow_RH_M1300_TuneCP5_13TeV-madgraph-pythia8_115.root to the list by reading PairVLQ_x53x53_tWtW_narrow_RH_M1300_TuneCP5_13TeV-madgraph-pythia8_115
>> Adding PairVLQ_x53x53_tWtW_narrow_RH_M1300_TuneCP5_13TeV-madgraph-pythia8_116.root to the list by reading PairVLQ_x53x53_tWtW_narrow_RH_M1300_TuneCP5_13TeV-madgraph-pythia8_116
>> Adding PairVLQ_x53x53_tWtW_narrow_RH_M1300_TuneCP5_13TeV-madgraph-pythia8_117.root to the list by reading PairVLQ_x53x53_tWtW_narrow_RH_M1300_TuneCP5_13TeV-madgraph-pythia8_117
>> Adding PairVLQ_x53x53_tWtW_narrow_RH_M1300_TuneCP5_13TeV-madgraph-pythia8_118.root to the list by reading PairVLQ_x53x53_tWtW_narrow_RH_M1300_TuneCP5_13TeV-madgraph-pythia8_118
>> Adding PairVLQ_x53x53_tWtW_narrow_RH_M1300_TuneCP5_13TeV-madgraph-pythia8_119.root to the list by reading PairVLQ_x53x53_tWtW_narrow_RH_M1300_TuneCP5_13TeV-madgraph-pythia8_119
>> Adding PairVLQ_x53x53_tWtW_narrow_RH_M1300_TuneCP5_13TeV-madgraph-pythia8_12.root to the list by reading PairVLQ_x53x53_tWtW_narrow_RH_M1300_TuneCP5_13TeV-madgraph-pythia8_12
>> Adding PairVLQ_x53x53_tWtW_narrow_RH_M1300_TuneCP5_13TeV-madgraph-pythia8_120.root to the list by reading PairVLQ_x53x53_tWtW_narrow_RH_M1300_TuneCP5_13TeV-madgraph-pythia8_120
>> Adding PairVLQ_x53x53_tWtW_narrow_RH_M1300_TuneCP5_13TeV-madgraph-pythia8_121.root to the list by reading PairVLQ_x53x53_tWtW_narrow_RH_M1300_TuneCP5_13TeV-madgraph-pythia8_121
>> Adding PairVLQ_x53x53_tWtW_narrow_RH_M1300_TuneCP5_13TeV-madgraph-pythia8_122.root to the list by reading PairVLQ_x53x53_tWtW_narrow_RH_M1300_TuneCP5_13TeV-madgraph-pythia8_122
>> Adding PairVLQ_x53x53_tWtW_narrow_RH_M1300_TuneCP5_13TeV-madgraph-pythia8_123.root to the list by reading PairVLQ_x53x53_tWtW_narrow_RH_M1300_TuneCP5_13TeV-madgraph-pythia8_123
>> Adding PairVLQ_x53x53_tWtW_narrow_RH_M1300_TuneCP5_13TeV-madgraph-pythia8_124.root to the list by reading PairVLQ_x53x53_tWtW_narrow_RH_M1300_TuneCP5_13TeV-madgraph-pythia8_124
>> Adding PairVLQ_x53x53_tWtW_narrow_RH_M1300_TuneCP5_13TeV-madgraph-pythia8_125.root to the list by reading PairVLQ_x53x53_tWtW_narrow_RH_M1300_TuneCP5_13TeV-madgraph-pythia8_125
[OPT] Using deepCSV reshaping file: reshaping_deepCSV_106XUL17_v4.csv
[OPT] Using deepJet reshaping file: reshaping_deepJet_106XUL17_v4.csv

>> Running /isilon/hadoop/store/group/bruxljm/FWLJMET106XUL_singleLep2017UL_RunIISummer20_X53X53/PairVLQ_x53x53_tWtW_narrow_RH_M1300_TuneCP5_13TeV-madgraph-pythia8/singleLep2017UL/230310_182847/0000/PairVLQ_x53x53_tWtW_narrow_RH_M1300_TuneCP5_13TeV-madgraph-pythia8_1.root for shift: nominal
[step1.h] Opening file: /isilon/hadoop/store/group/bruxljm/FWLJMET106XUL_singleLep2017UL_RunIISummer20_X53X53/PairVLQ_x53x53_tWtW_narrow_RH_M1300_TuneCP5_13TeV-madgraph-pythia8/singleLep2017UL/230310_182847/0000/PairVLQ_x53x53_tWtW_narrow_RH_M1300_TuneCP5_13TeV-madgraph-pythia8_1.root
[step1.h] Finished initializing
RUN CONFIG: YEAR = 2017
Era = 
isMC = 1, isSig = 1, SigMass = 6
isHad =0, isSE =0, isSM =0
isTTTT = 0, isXX = 1, isTpTp = 0, isBpBp = 0
For W's: isTT = 0, isSTt = 0, isSTtW = 0
For jets & PDF: isTOP = 0, isMadgraphBkg = 1
For HOTTagger Efficiencies: isTTV = 0, isTTHbb = 0, isTTHnonbb = 0, isTTTX = 0
isTTVV = 0, isST = 0, isTTToSemiLeptonHT500Njet9 = 0
Pileup sample key: PairVLQ_x53x53_tWtW_narrow_RH_M1300_TuneCP5_13TeV-madgraph-pythia8
b-tagging working points: 0.304(DeepJet)0.4506(DeepCSV)
isTTincMtt0to700: 0
isTTincMtt0to1000: 0
isTTincMtt700to1000: 0
isTTincMtt1000toInf: 0
isTTSemilepIncHT0Njet0: 0
isTTSemilepIncHT500Njet9: 0
outTTLF: 0
outTTCC: 0
outTTBB: 0
outTT1B: 0
outTT2B: 0
>> Completed 0 out of 1046 events
[INFO] Defaulting to central deepJet weight for: nominal
>> Completed 1000 out of 1046 events
Nelectrons      = 492 / 1046
Npassed_ElEta   = 492 / 1046
Nmuons          = 554 / 1046
NrelIsoFail     = 0 / 1046
Npassed_MuEta   = 554 / 1046
Npassed_nAK8Jets= 1046 / 1046
Npassed_Trigger = 1008 / 1046
Npassed_MET     = 950 / 1046
Npassed_lepPt   = 953 / 1046
Npassed_HT      = 1043 / 1046
npass_Njets     = 1045 / 1046
Npassed_ALL     = 859 / 1046

>> Running /isilon/hadoop/store/group/bruxljm/FWLJMET106XUL_singleLep2017UL_RunIISummer20_X53X53/PairVLQ_x53x53_tWtW_narrow_RH_M1300_TuneCP5_13TeV-madgraph-pythia8/singleLep2017UL/230310_182847/0000/PairVLQ_x53x53_tWtW_narrow_RH_M1300_TuneCP5_13TeV-madgraph-pythia8_10.root for shift: nominal
[step1.h] Opening file: /isilon/hadoop/store/group/bruxljm/FWLJMET106XUL_singleLep2017UL_RunIISummer20_X53X53/PairVLQ_x53x53_tWtW_narrow_RH_M1300_TuneCP5_13TeV-madgraph-pythia8/singleLep2017UL/230310_182847/0000/PairVLQ_x53x53_tWtW_narrow_RH_M1300_TuneCP5_13TeV-madgraph-pythia8_10.root
[step1.h] Finished initializing
RUN CONFIG: YEAR = 2017
Era = 
isMC = 1, isSig = 1, SigMass = 6
isHad =0, isSE =0, isSM =0
isTTTT = 0, isXX = 1, isTpTp = 0, isBpBp = 0
For W's: isTT = 0, isSTt = 0, isSTtW = 0
For jets & PDF: isTOP = 0, isMadgraphBkg = 1
For HOTTagger Efficiencies: isTTV = 0, isTTHbb = 0, isTTHnonbb = 0, isTTTX = 0
isTTVV = 0, isST = 0, isTTToSemiLeptonHT500Njet9 = 0
Pileup sample key: PairVLQ_x53x53_tWtW_narrow_RH_M1300_TuneCP5_13TeV-madgraph-pythia8
b-tagging working points: 0.304(DeepJet)0.4506(DeepCSV)
isTTincMtt0to700: 0
isTTincMtt0to1000: 0
isTTincMtt700to1000: 0
isTTincMtt1000toInf: 0
isTTSemilepIncHT0Njet0: 0
isTTSemilepIncHT500Njet9: 0
outTTLF: 0
outTTCC: 0
outTTBB: 0
outTT1B: 0
outTT2B: 0
>> Completed 0 out of 1017 events
[INFO] Defaulting to central deepJet weight for: nominal
>> Completed 1000 out of 1017 events
Nelectrons      = 490 / 1017
Npassed_ElEta   = 490 / 1017
Nmuons          = 527 / 1017
NrelIsoFail     = 0 / 1017
Npassed_MuEta   = 527 / 1017
Npassed_nAK8Jets= 1017 / 1017
Npassed_Trigger = 981 / 1017
Npassed_MET     = 899 / 1017
Npassed_lepPt   = 932 / 1017
Npassed_HT      = 1017 / 1017
npass_Njets     = 1009 / 1017
Npassed_ALL     = 813 / 1017

>> Running /isilon/hadoop/store/group/bruxljm/FWLJMET106XUL_singleLep2017UL_RunIISummer20_X53X53/PairVLQ_x53x53_tWtW_narrow_RH_M1300_TuneCP5_13TeV-madgraph-pythia8/singleLep2017UL/230310_182847/0000/PairVLQ_x53x53_tWtW_narrow_RH_M1300_TuneCP5_13TeV-madgraph-pythia8_100.root for shift: nominal
[step1.h] Opening file: /isilon/hadoop/store/group/bruxljm/FWLJMET106XUL_singleLep2017UL_RunIISummer20_X53X53/PairVLQ_x53x53_tWtW_narrow_RH_M1300_TuneCP5_13TeV-madgraph-pythia8/singleLep2017UL/230310_182847/0000/PairVLQ_x53x53_tWtW_narrow_RH_M1300_TuneCP5_13TeV-madgraph-pythia8_100.root
[step1.h] Finished initializing
RUN CONFIG: YEAR = 2017
Era = 
isMC = 1, isSig = 1, SigMass = 6
isHad =0, isSE =0, isSM =0
isTTTT = 0, isXX = 1, isTpTp = 0, isBpBp = 0
For W's: isTT = 0, isSTt = 0, isSTtW = 0
For jets & PDF: isTOP = 0, isMadgraphBkg = 1
For HOTTagger Efficiencies: isTTV = 0, isTTHbb = 0, isTTHnonbb = 0, isTTTX = 0
isTTVV = 0, isST = 0, isTTToSemiLeptonHT500Njet9 = 0
Pileup sample key: PairVLQ_x53x53_tWtW_narrow_RH_M1300_TuneCP5_13TeV-madgraph-pythia8
b-tagging working points: 0.304(DeepJet)0.4506(DeepCSV)
isTTincMtt0to700: 0
isTTincMtt0to1000: 0
isTTincMtt700to1000: 0
isTTincMtt1000toInf: 0
isTTSemilepIncHT0Njet0: 0
isTTSemilepIncHT500Njet9: 0
outTTLF: 0
outTTCC: 0
outTTBB: 0
outTT1B: 0
outTT2B: 0
>> Completed 0 out of 1078 events
[INFO] Defaulting to central deepJet weight for: nominal
>> Completed 1000 out of 1078 events
Nelectrons      = 486 / 1078
Npassed_ElEta   = 486 / 1078
Nmuons          = 592 / 1078
NrelIsoFail     = 0 / 1078
Npassed_MuEta   = 592 / 1078
Npassed_nAK8Jets= 1078 / 1078
Npassed_Trigger = 1037 / 1078
Npassed_MET     = 969 / 1078
Npassed_lepPt   = 991 / 1078
Npassed_HT      = 1075 / 1078
npass_Njets     = 1074 / 1078
Npassed_ALL     = 884 / 1078

>> Running /isilon/hadoop/store/group/bruxljm/FWLJMET106XUL_singleLep2017UL_RunIISummer20_X53X53/PairVLQ_x53x53_tWtW_narrow_RH_M1300_TuneCP5_13TeV-madgraph-pythia8/singleLep2017UL/230310_182847/0000/PairVLQ_x53x53_tWtW_narrow_RH_M1300_TuneCP5_13TeV-madgraph-pythia8_101.root for shift: nominal
[step1.h] Opening file: /isilon/hadoop/store/group/bruxljm/FWLJMET106XUL_singleLep2017UL_RunIISummer20_X53X53/PairVLQ_x53x53_tWtW_narrow_RH_M1300_TuneCP5_13TeV-madgraph-pythia8/singleLep2017UL/230310_182847/0000/PairVLQ_x53x53_tWtW_narrow_RH_M1300_TuneCP5_13TeV-madgraph-pythia8_101.root
[step1.h] Finished initializing
RUN CONFIG: YEAR = 2017
Era = 
isMC = 1, isSig = 1, SigMass = 6
isHad =0, isSE =0, isSM =0
isTTTT = 0, isXX = 1, isTpTp = 0, isBpBp = 0
For W's: isTT = 0, isSTt = 0, isSTtW = 0
For jets & PDF: isTOP = 0, isMadgraphBkg = 1
For HOTTagger Efficiencies: isTTV = 0, isTTHbb = 0, isTTHnonbb = 0, isTTTX = 0
isTTVV = 0, isST = 0, isTTToSemiLeptonHT500Njet9 = 0
Pileup sample key: PairVLQ_x53x53_tWtW_narrow_RH_M1300_TuneCP5_13TeV-madgraph-pythia8
b-tagging working points: 0.304(DeepJet)0.4506(DeepCSV)
isTTincMtt0to700: 0
isTTincMtt0to1000: 0
isTTincMtt700to1000: 0
isTTincMtt1000toInf: 0
isTTSemilepIncHT0Njet0: 0
isTTSemilepIncHT500Njet9: 0
outTTLF: 0
outTTCC: 0
outTTBB: 0
outTT1B: 0
outTT2B: 0
>> Completed 0 out of 1037 events
[INFO] Defaulting to central deepJet weight for: nominal
>> Completed 1000 out of 1037 events
Nelectrons      = 481 / 1037
Npassed_ElEta   = 481 / 1037
Nmuons          = 556 / 1037
NrelIsoFail     = 0 / 1037
Npassed_MuEta   = 556 / 1037
Npassed_nAK8Jets= 1037 / 1037
Npassed_Trigger = 997 / 1037
Npassed_MET     = 918 / 1037
Npassed_lepPt   = 942 / 1037
Npassed_HT      = 1036 / 1037
npass_Njets     = 1035 / 1037
Npassed_ALL     = 829 / 1037

>> Running /isilon/hadoop/store/group/bruxljm/FWLJMET106XUL_singleLep2017UL_RunIISummer20_X53X53/PairVLQ_x53x53_tWtW_narrow_RH_M1300_TuneCP5_13TeV-madgraph-pythia8/singleLep2017UL/230310_182847/0000/PairVLQ_x53x53_tWtW_narrow_RH_M1300_TuneCP5_13TeV-madgraph-pythia8_102.root for shift: nominal
[step1.h] Opening file: /isilon/hadoop/store/group/bruxljm/FWLJMET106XUL_singleLep2017UL_RunIISummer20_X53X53/PairVLQ_x53x53_tWtW_narrow_RH_M1300_TuneCP5_13TeV-madgraph-pythia8/singleLep2017UL/230310_182847/0000/PairVLQ_x53x53_tWtW_narrow_RH_M1300_TuneCP5_13TeV-madgraph-pythia8_102.root
[step1.h] Finished initializing
RUN CONFIG: YEAR = 2017
Era = 
isMC = 1, isSig = 1, SigMass = 6
isHad =0, isSE =0, isSM =0
isTTTT = 0, isXX = 1, isTpTp = 0, isBpBp = 0
For W's: isTT = 0, isSTt = 0, isSTtW = 0
For jets & PDF: isTOP = 0, isMadgraphBkg = 1
For HOTTagger Efficiencies: isTTV = 0, isTTHbb = 0, isTTHnonbb = 0, isTTTX = 0
isTTVV = 0, isST = 0, isTTToSemiLeptonHT500Njet9 = 0
Pileup sample key: PairVLQ_x53x53_tWtW_narrow_RH_M1300_TuneCP5_13TeV-madgraph-pythia8
b-tagging working points: 0.304(DeepJet)0.4506(DeepCSV)
isTTincMtt0to700: 0
isTTincMtt0to1000: 0
isTTincMtt700to1000: 0
isTTincMtt1000toInf: 0
isTTSemilepIncHT0Njet0: 0
isTTSemilepIncHT500Njet9: 0
outTTLF: 0
outTTCC: 0
outTTBB: 0
outTT1B: 0
outTT2B: 0
>> Completed 0 out of 1048 events
[INFO] Defaulting to central deepJet weight for: nominal
>> Completed 1000 out of 1048 events
Nelectrons      = 501 / 1048
Npassed_ElEta   = 501 / 1048
Nmuons          = 547 / 1048
NrelIsoFail     = 0 / 1048
Npassed_MuEta   = 547 / 1048
Npassed_nAK8Jets= 1048 / 1048
Npassed_Trigger = 1012 / 1048
Npassed_MET     = 950 / 1048
Npassed_lepPt   = 964 / 1048
Npassed_HT      = 1048 / 1048
npass_Njets     = 1042 / 1048
Npassed_ALL     = 870 / 1048

>> Running /isilon/hadoop/store/group/bruxljm/FWLJMET106XUL_singleLep2017UL_RunIISummer20_X53X53/PairVLQ_x53x53_tWtW_narrow_RH_M1300_TuneCP5_13TeV-madgraph-pythia8/singleLep2017UL/230310_182847/0000/PairVLQ_x53x53_tWtW_narrow_RH_M1300_TuneCP5_13TeV-madgraph-pythia8_103.root for shift: nominal
[step1.h] Opening file: /isilon/hadoop/store/group/bruxljm/FWLJMET106XUL_singleLep2017UL_RunIISummer20_X53X53/PairVLQ_x53x53_tWtW_narrow_RH_M1300_TuneCP5_13TeV-madgraph-pythia8/singleLep2017UL/230310_182847/0000/PairVLQ_x53x53_tWtW_narrow_RH_M1300_TuneCP5_13TeV-madgraph-pythia8_103.root
[step1.h] Finished initializing
RUN CONFIG: YEAR = 2017
Era = 
isMC = 1, isSig = 1, SigMass = 6
isHad =0, isSE =0, isSM =0
isTTTT = 0, isXX = 1, isTpTp = 0, isBpBp = 0
For W's: isTT = 0, isSTt = 0, isSTtW = 0
For jets & PDF: isTOP = 0, isMadgraphBkg = 1
For HOTTagger Efficiencies: isTTV = 0, isTTHbb = 0, isTTHnonbb = 0, isTTTX = 0
isTTVV = 0, isST = 0, isTTToSemiLeptonHT500Njet9 = 0
Pileup sample key: PairVLQ_x53x53_tWtW_narrow_RH_M1300_TuneCP5_13TeV-madgraph-pythia8
b-tagging working points: 0.304(DeepJet)0.4506(DeepCSV)
isTTincMtt0to700: 0
isTTincMtt0to1000: 0
isTTincMtt700to1000: 0
isTTincMtt1000toInf: 0
isTTSemilepIncHT0Njet0: 0
isTTSemilepIncHT500Njet9: 0
outTTLF: 0
outTTCC: 0
outTTBB: 0
outTT1B: 0
outTT2B: 0
>> Completed 0 out of 1063 events
[INFO] Defaulting to central deepJet weight for: nominal
>> Completed 1000 out of 1063 events
Nelectrons      = 492 / 1063
Npassed_ElEta   = 492 / 1063
Nmuons          = 571 / 1063
NrelIsoFail     = 0 / 1063
Npassed_MuEta   = 571 / 1063
Npassed_nAK8Jets= 1063 / 1063
Npassed_Trigger = 1012 / 1063
Npassed_MET     = 930 / 1063
Npassed_lepPt   = 978 / 1063
Npassed_HT      = 1062 / 1063
npass_Njets     = 1058 / 1063
Npassed_ALL     = 847 / 1063

>> Running /isilon/hadoop/store/group/bruxljm/FWLJMET106XUL_singleLep2017UL_RunIISummer20_X53X53/PairVLQ_x53x53_tWtW_narrow_RH_M1300_TuneCP5_13TeV-madgraph-pythia8/singleLep2017UL/230310_182847/0000/PairVLQ_x53x53_tWtW_narrow_RH_M1300_TuneCP5_13TeV-madgraph-pythia8_104.root for shift: nominal
[step1.h] Opening file: /isilon/hadoop/store/group/bruxljm/FWLJMET106XUL_singleLep2017UL_RunIISummer20_X53X53/PairVLQ_x53x53_tWtW_narrow_RH_M1300_TuneCP5_13TeV-madgraph-pythia8/singleLep2017UL/230310_182847/0000/PairVLQ_x53x53_tWtW_narrow_RH_M1300_TuneCP5_13TeV-madgraph-pythia8_104.root
[step1.h] Finished initializing
RUN CONFIG: YEAR = 2017
Era = 
isMC = 1, isSig = 1, SigMass = 6
isHad =0, isSE =0, isSM =0
isTTTT = 0, isXX = 1, isTpTp = 0, isBpBp = 0
For W's: isTT = 0, isSTt = 0, isSTtW = 0
For jets & PDF: isTOP = 0, isMadgraphBkg = 1
For HOTTagger Efficiencies: isTTV = 0, isTTHbb = 0, isTTHnonbb = 0, isTTTX = 0
isTTVV = 0, isST = 0, isTTToSemiLeptonHT500Njet9 = 0
Pileup sample key: PairVLQ_x53x53_tWtW_narrow_RH_M1300_TuneCP5_13TeV-madgraph-pythia8
b-tagging working points: 0.304(DeepJet)0.4506(DeepCSV)
isTTincMtt0to700: 0
isTTincMtt0to1000: 0
isTTincMtt700to1000: 0
isTTincMtt1000toInf: 0
isTTSemilepIncHT0Njet0: 0
isTTSemilepIncHT500Njet9: 0
outTTLF: 0
outTTCC: 0
outTTBB: 0
outTT1B: 0
outTT2B: 0
>> Completed 0 out of 1074 events
[INFO] Defaulting to central deepJet weight for: nominal
>> Completed 1000 out of 1074 events
Nelectrons      = 509 / 1074
Npassed_ElEta   = 509 / 1074
Nmuons          = 565 / 1074
NrelIsoFail     = 0 / 1074
Npassed_MuEta   = 565 / 1074
Npassed_nAK8Jets= 1074 / 1074
Npassed_Trigger = 1040 / 1074
Npassed_MET     = 970 / 1074
Npassed_lepPt   = 984 / 1074
Npassed_HT      = 1074 / 1074
npass_Njets     = 1070 / 1074
Npassed_ALL     = 886 / 1074

>> Running /isilon/hadoop/store/group/bruxljm/FWLJMET106XUL_singleLep2017UL_RunIISummer20_X53X53/PairVLQ_x53x53_tWtW_narrow_RH_M1300_TuneCP5_13TeV-madgraph-pythia8/singleLep2017UL/230310_182847/0000/PairVLQ_x53x53_tWtW_narrow_RH_M1300_TuneCP5_13TeV-madgraph-pythia8_105.root for shift: nominal
[step1.h] Opening file: /isilon/hadoop/store/group/bruxljm/FWLJMET106XUL_singleLep2017UL_RunIISummer20_X53X53/PairVLQ_x53x53_tWtW_narrow_RH_M1300_TuneCP5_13TeV-madgraph-pythia8/singleLep2017UL/230310_182847/0000/PairVLQ_x53x53_tWtW_narrow_RH_M1300_TuneCP5_13TeV-madgraph-pythia8_105.root
[step1.h] Finished initializing
RUN CONFIG: YEAR = 2017
Era = 
isMC = 1, isSig = 1, SigMass = 6
isHad =0, isSE =0, isSM =0
isTTTT = 0, isXX = 1, isTpTp = 0, isBpBp = 0
For W's: isTT = 0, isSTt = 0, isSTtW = 0
For jets & PDF: isTOP = 0, isMadgraphBkg = 1
For HOTTagger Efficiencies: isTTV = 0, isTTHbb = 0, isTTHnonbb = 0, isTTTX = 0
isTTVV = 0, isST = 0, isTTToSemiLeptonHT500Njet9 = 0
Pileup sample key: PairVLQ_x53x53_tWtW_narrow_RH_M1300_TuneCP5_13TeV-madgraph-pythia8
b-tagging working points: 0.304(DeepJet)0.4506(DeepCSV)
isTTincMtt0to700: 0
isTTincMtt0to1000: 0
isTTincMtt700to1000: 0
isTTincMtt1000toInf: 0
isTTSemilepIncHT0Njet0: 0
isTTSemilepIncHT500Njet9: 0
outTTLF: 0
outTTCC: 0
outTTBB: 0
outTT1B: 0
outTT2B: 0
>> Completed 0 out of 1064 events
[INFO] Defaulting to central deepJet weight for: nominal
>> Completed 1000 out of 1064 events
Nelectrons      = 497 / 1064
Npassed_ElEta   = 497 / 1064
Nmuons          = 567 / 1064
NrelIsoFail     = 0 / 1064
Npassed_MuEta   = 567 / 1064
Npassed_nAK8Jets= 1064 / 1064
Npassed_Trigger = 1030 / 1064
Npassed_MET     = 952 / 1064
Npassed_lepPt   = 973 / 1064
Npassed_HT      = 1062 / 1064
npass_Njets     = 1061 / 1064
Npassed_ALL     = 866 / 1064

>> Running /isilon/hadoop/store/group/bruxljm/FWLJMET106XUL_singleLep2017UL_RunIISummer20_X53X53/PairVLQ_x53x53_tWtW_narrow_RH_M1300_TuneCP5_13TeV-madgraph-pythia8/singleLep2017UL/230310_182847/0000/PairVLQ_x53x53_tWtW_narrow_RH_M1300_TuneCP5_13TeV-madgraph-pythia8_106.root for shift: nominal
[step1.h] Opening file: /isilon/hadoop/store/group/bruxljm/FWLJMET106XUL_singleLep2017UL_RunIISummer20_X53X53/PairVLQ_x53x53_tWtW_narrow_RH_M1300_TuneCP5_13TeV-madgraph-pythia8/singleLep2017UL/230310_182847/0000/PairVLQ_x53x53_tWtW_narrow_RH_M1300_TuneCP5_13TeV-madgraph-pythia8_106.root
[step1.h] Finished initializing
RUN CONFIG: YEAR = 2017
Era = 
isMC = 1, isSig = 1, SigMass = 6
isHad =0, isSE =0, isSM =0
isTTTT = 0, isXX = 1, isTpTp = 0, isBpBp = 0
For W's: isTT = 0, isSTt = 0, isSTtW = 0
For jets & PDF: isTOP = 0, isMadgraphBkg = 1
For HOTTagger Efficiencies: isTTV = 0, isTTHbb = 0, isTTHnonbb = 0, isTTTX = 0
isTTVV = 0, isST = 0, isTTToSemiLeptonHT500Njet9 = 0
Pileup sample key: PairVLQ_x53x53_tWtW_narrow_RH_M1300_TuneCP5_13TeV-madgraph-pythia8
b-tagging working points: 0.304(DeepJet)0.4506(DeepCSV)
isTTincMtt0to700: 0
isTTincMtt0to1000: 0
isTTincMtt700to1000: 0
isTTincMtt1000toInf: 0
isTTSemilepIncHT0Njet0: 0
isTTSemilepIncHT500Njet9: 0
outTTLF: 0
outTTCC: 0
outTTBB: 0
outTT1B: 0
outTT2B: 0
>> Completed 0 out of 1026 events
[INFO] Defaulting to central deepJet weight for: nominal
>> Completed 1000 out of 1026 events
Nelectrons      = 487 / 1026
Npassed_ElEta   = 487 / 1026
Nmuons          = 539 / 1026
NrelIsoFail     = 0 / 1026
Npassed_MuEta   = 539 / 1026
Npassed_nAK8Jets= 1026 / 1026
Npassed_Trigger = 988 / 1026
Npassed_MET     = 927 / 1026
Npassed_lepPt   = 923 / 1026
Npassed_HT      = 1024 / 1026
npass_Njets     = 1023 / 1026
Npassed_ALL     = 829 / 1026

>> Running /isilon/hadoop/store/group/bruxljm/FWLJMET106XUL_singleLep2017UL_RunIISummer20_X53X53/PairVLQ_x53x53_tWtW_narrow_RH_M1300_TuneCP5_13TeV-madgraph-pythia8/singleLep2017UL/230310_182847/0000/PairVLQ_x53x53_tWtW_narrow_RH_M1300_TuneCP5_13TeV-madgraph-pythia8_107.root for shift: nominal
[step1.h] Opening file: /isilon/hadoop/store/group/bruxljm/FWLJMET106XUL_singleLep2017UL_RunIISummer20_X53X53/PairVLQ_x53x53_tWtW_narrow_RH_M1300_TuneCP5_13TeV-madgraph-pythia8/singleLep2017UL/230310_182847/0000/PairVLQ_x53x53_tWtW_narrow_RH_M1300_TuneCP5_13TeV-madgraph-pythia8_107.root
[step1.h] Finished initializing
RUN CONFIG: YEAR = 2017
Era = 
isMC = 1, isSig = 1, SigMass = 6
isHad =0, isSE =0, isSM =0
isTTTT = 0, isXX = 1, isTpTp = 0, isBpBp = 0
For W's: isTT = 0, isSTt = 0, isSTtW = 0
For jets & PDF: isTOP = 0, isMadgraphBkg = 1
For HOTTagger Efficiencies: isTTV = 0, isTTHbb = 0, isTTHnonbb = 0, isTTTX = 0
isTTVV = 0, isST = 0, isTTToSemiLeptonHT500Njet9 = 0
Pileup sample key: PairVLQ_x53x53_tWtW_narrow_RH_M1300_TuneCP5_13TeV-madgraph-pythia8
b-tagging working points: 0.304(DeepJet)0.4506(DeepCSV)
isTTincMtt0to700: 0
isTTincMtt0to1000: 0
isTTincMtt700to1000: 0
isTTincMtt1000toInf: 0
isTTSemilepIncHT0Njet0: 0
isTTSemilepIncHT500Njet9: 0
outTTLF: 0
outTTCC: 0
outTTBB: 0
outTT1B: 0
outTT2B: 0
>> Completed 0 out of 1038 events
[INFO] Defaulting to central deepJet weight for: nominal
>> Completed 1000 out of 1038 events
Nelectrons      = 446 / 1038
Npassed_ElEta   = 446 / 1038
Nmuons          = 592 / 1038
NrelIsoFail     = 0 / 1038
Npassed_MuEta   = 592 / 1038
Npassed_nAK8Jets= 1038 / 1038
Npassed_Trigger = 1013 / 1038
Npassed_MET     = 921 / 1038
Npassed_lepPt   = 939 / 1038
Npassed_HT      = 1037 / 1038
npass_Njets     = 1033 / 1038
Npassed_ALL     = 827 / 1038

>> Running /isilon/hadoop/store/group/bruxljm/FWLJMET106XUL_singleLep2017UL_RunIISummer20_X53X53/PairVLQ_x53x53_tWtW_narrow_RH_M1300_TuneCP5_13TeV-madgraph-pythia8/singleLep2017UL/230310_182847/0000/PairVLQ_x53x53_tWtW_narrow_RH_M1300_TuneCP5_13TeV-madgraph-pythia8_108.root for shift: nominal
[step1.h] Opening file: /isilon/hadoop/store/group/bruxljm/FWLJMET106XUL_singleLep2017UL_RunIISummer20_X53X53/PairVLQ_x53x53_tWtW_narrow_RH_M1300_TuneCP5_13TeV-madgraph-pythia8/singleLep2017UL/230310_182847/0000/PairVLQ_x53x53_tWtW_narrow_RH_M1300_TuneCP5_13TeV-madgraph-pythia8_108.root
[step1.h] Finished initializing
RUN CONFIG: YEAR = 2017
Era = 
isMC = 1, isSig = 1, SigMass = 6
isHad =0, isSE =0, isSM =0
isTTTT = 0, isXX = 1, isTpTp = 0, isBpBp = 0
For W's: isTT = 0, isSTt = 0, isSTtW = 0
For jets & PDF: isTOP = 0, isMadgraphBkg = 1
For HOTTagger Efficiencies: isTTV = 0, isTTHbb = 0, isTTHnonbb = 0, isTTTX = 0
isTTVV = 0, isST = 0, isTTToSemiLeptonHT500Njet9 = 0
Pileup sample key: PairVLQ_x53x53_tWtW_narrow_RH_M1300_TuneCP5_13TeV-madgraph-pythia8
b-tagging working points: 0.304(DeepJet)0.4506(DeepCSV)
isTTincMtt0to700: 0
isTTincMtt0to1000: 0
isTTincMtt700to1000: 0
isTTincMtt1000toInf: 0
isTTSemilepIncHT0Njet0: 0
isTTSemilepIncHT500Njet9: 0
outTTLF: 0
outTTCC: 0
outTTBB: 0
outTT1B: 0
outTT2B: 0
>> Completed 0 out of 1061 events
[INFO] Defaulting to central deepJet weight for: nominal
>> Completed 1000 out of 1061 events
Nelectrons      = 495 / 1061
Npassed_ElEta   = 495 / 1061
Nmuons          = 566 / 1061
NrelIsoFail     = 0 / 1061
Npassed_MuEta   = 566 / 1061
Npassed_nAK8Jets= 1061 / 1061
Npassed_Trigger = 1011 / 1061
Npassed_MET     = 940 / 1061
Npassed_lepPt   = 963 / 1061
Npassed_HT      = 1060 / 1061
npass_Njets     = 1058 / 1061
Npassed_ALL     = 848 / 1061

>> Running /isilon/hadoop/store/group/bruxljm/FWLJMET106XUL_singleLep2017UL_RunIISummer20_X53X53/PairVLQ_x53x53_tWtW_narrow_RH_M1300_TuneCP5_13TeV-madgraph-pythia8/singleLep2017UL/230310_182847/0000/PairVLQ_x53x53_tWtW_narrow_RH_M1300_TuneCP5_13TeV-madgraph-pythia8_109.root for shift: nominal
[step1.h] Opening file: /isilon/hadoop/store/group/bruxljm/FWLJMET106XUL_singleLep2017UL_RunIISummer20_X53X53/PairVLQ_x53x53_tWtW_narrow_RH_M1300_TuneCP5_13TeV-madgraph-pythia8/singleLep2017UL/230310_182847/0000/PairVLQ_x53x53_tWtW_narrow_RH_M1300_TuneCP5_13TeV-madgraph-pythia8_109.root
[step1.h] Finished initializing
RUN CONFIG: YEAR = 2017
Era = 
isMC = 1, isSig = 1, SigMass = 6
isHad =0, isSE =0, isSM =0
isTTTT = 0, isXX = 1, isTpTp = 0, isBpBp = 0
For W's: isTT = 0, isSTt = 0, isSTtW = 0
For jets & PDF: isTOP = 0, isMadgraphBkg = 1
For HOTTagger Efficiencies: isTTV = 0, isTTHbb = 0, isTTHnonbb = 0, isTTTX = 0
isTTVV = 0, isST = 0, isTTToSemiLeptonHT500Njet9 = 0
Pileup sample key: PairVLQ_x53x53_tWtW_narrow_RH_M1300_TuneCP5_13TeV-madgraph-pythia8
b-tagging working points: 0.304(DeepJet)0.4506(DeepCSV)
isTTincMtt0to700: 0
isTTincMtt0to1000: 0
isTTincMtt700to1000: 0
isTTincMtt1000toInf: 0
isTTSemilepIncHT0Njet0: 0
isTTSemilepIncHT500Njet9: 0
outTTLF: 0
outTTCC: 0
outTTBB: 0
outTT1B: 0
outTT2B: 0
>> Completed 0 out of 1060 events
[INFO] Defaulting to central deepJet weight for: nominal
>> Completed 1000 out of 1060 events
Nelectrons      = 482 / 1060
Npassed_ElEta   = 482 / 1060
Nmuons          = 578 / 1060
NrelIsoFail     = 0 / 1060
Npassed_MuEta   = 578 / 1060
Npassed_nAK8Jets= 1060 / 1060
Npassed_Trigger = 1019 / 1060
Npassed_MET     = 959 / 1060
Npassed_lepPt   = 967 / 1060
Npassed_HT      = 1058 / 1060
npass_Njets     = 1058 / 1060
Npassed_ALL     = 873 / 1060

>> Running /isilon/hadoop/store/group/bruxljm/FWLJMET106XUL_singleLep2017UL_RunIISummer20_X53X53/PairVLQ_x53x53_tWtW_narrow_RH_M1300_TuneCP5_13TeV-madgraph-pythia8/singleLep2017UL/230310_182847/0000/PairVLQ_x53x53_tWtW_narrow_RH_M1300_TuneCP5_13TeV-madgraph-pythia8_11.root for shift: nominal
[step1.h] Opening file: /isilon/hadoop/store/group/bruxljm/FWLJMET106XUL_singleLep2017UL_RunIISummer20_X53X53/PairVLQ_x53x53_tWtW_narrow_RH_M1300_TuneCP5_13TeV-madgraph-pythia8/singleLep2017UL/230310_182847/0000/PairVLQ_x53x53_tWtW_narrow_RH_M1300_TuneCP5_13TeV-madgraph-pythia8_11.root
[step1.h] Finished initializing
RUN CONFIG: YEAR = 2017
Era = 
isMC = 1, isSig = 1, SigMass = 6
isHad =0, isSE =0, isSM =0
isTTTT = 0, isXX = 1, isTpTp = 0, isBpBp = 0
For W's: isTT = 0, isSTt = 0, isSTtW = 0
For jets & PDF: isTOP = 0, isMadgraphBkg = 1
For HOTTagger Efficiencies: isTTV = 0, isTTHbb = 0, isTTHnonbb = 0, isTTTX = 0
isTTVV = 0, isST = 0, isTTToSemiLeptonHT500Njet9 = 0
Pileup sample key: PairVLQ_x53x53_tWtW_narrow_RH_M1300_TuneCP5_13TeV-madgraph-pythia8
b-tagging working points: 0.304(DeepJet)0.4506(DeepCSV)
isTTincMtt0to700: 0
isTTincMtt0to1000: 0
isTTincMtt700to1000: 0
isTTincMtt1000toInf: 0
isTTSemilepIncHT0Njet0: 0
isTTSemilepIncHT500Njet9: 0
outTTLF: 0
outTTCC: 0
outTTBB: 0
outTT1B: 0
outTT2B: 0
>> Completed 0 out of 1057 events
[INFO] Defaulting to central deepJet weight for: nominal
>> Completed 1000 out of 1057 events
Nelectrons      = 505 / 1057
Npassed_ElEta   = 505 / 1057
Nmuons          = 552 / 1057
NrelIsoFail     = 0 / 1057
Npassed_MuEta   = 552 / 1057
Npassed_nAK8Jets= 1057 / 1057
Npassed_Trigger = 1021 / 1057
Npassed_MET     = 929 / 1057
Npassed_lepPt   = 963 / 1057
Npassed_HT      = 1053 / 1057
npass_Njets     = 1052 / 1057
Npassed_ALL     = 835 / 1057

>> Running /isilon/hadoop/store/group/bruxljm/FWLJMET106XUL_singleLep2017UL_RunIISummer20_X53X53/PairVLQ_x53x53_tWtW_narrow_RH_M1300_TuneCP5_13TeV-madgraph-pythia8/singleLep2017UL/230310_182847/0000/PairVLQ_x53x53_tWtW_narrow_RH_M1300_TuneCP5_13TeV-madgraph-pythia8_110.root for shift: nominal
[step1.h] Opening file: /isilon/hadoop/store/group/bruxljm/FWLJMET106XUL_singleLep2017UL_RunIISummer20_X53X53/PairVLQ_x53x53_tWtW_narrow_RH_M1300_TuneCP5_13TeV-madgraph-pythia8/singleLep2017UL/230310_182847/0000/PairVLQ_x53x53_tWtW_narrow_RH_M1300_TuneCP5_13TeV-madgraph-pythia8_110.root
[step1.h] Finished initializing
RUN CONFIG: YEAR = 2017
Era = 
isMC = 1, isSig = 1, SigMass = 6
isHad =0, isSE =0, isSM =0
isTTTT = 0, isXX = 1, isTpTp = 0, isBpBp = 0
For W's: isTT = 0, isSTt = 0, isSTtW = 0
For jets & PDF: isTOP = 0, isMadgraphBkg = 1
For HOTTagger Efficiencies: isTTV = 0, isTTHbb = 0, isTTHnonbb = 0, isTTTX = 0
isTTVV = 0, isST = 0, isTTToSemiLeptonHT500Njet9 = 0
Pileup sample key: PairVLQ_x53x53_tWtW_narrow_RH_M1300_TuneCP5_13TeV-madgraph-pythia8
b-tagging working points: 0.304(DeepJet)0.4506(DeepCSV)
isTTincMtt0to700: 0
isTTincMtt0to1000: 0
isTTincMtt700to1000: 0
isTTincMtt1000toInf: 0
isTTSemilepIncHT0Njet0: 0
isTTSemilepIncHT500Njet9: 0
outTTLF: 0
outTTCC: 0
outTTBB: 0
outTT1B: 0
outTT2B: 0
>> Completed 0 out of 1056 events
[INFO] Defaulting to central deepJet weight for: nominal
>> Completed 1000 out of 1056 events
Nelectrons      = 497 / 1056
Npassed_ElEta   = 497 / 1056
Nmuons          = 559 / 1056
NrelIsoFail     = 0 / 1056
Npassed_MuEta   = 559 / 1056
Npassed_nAK8Jets= 1056 / 1056
Npassed_Trigger = 1021 / 1056
Npassed_MET     = 947 / 1056
Npassed_lepPt   = 958 / 1056
Npassed_HT      = 1055 / 1056
npass_Njets     = 1053 / 1056
Npassed_ALL     = 854 / 1056

>> Running /isilon/hadoop/store/group/bruxljm/FWLJMET106XUL_singleLep2017UL_RunIISummer20_X53X53/PairVLQ_x53x53_tWtW_narrow_RH_M1300_TuneCP5_13TeV-madgraph-pythia8/singleLep2017UL/230310_182847/0000/PairVLQ_x53x53_tWtW_narrow_RH_M1300_TuneCP5_13TeV-madgraph-pythia8_111.root for shift: nominal
[step1.h] Opening file: /isilon/hadoop/store/group/bruxljm/FWLJMET106XUL_singleLep2017UL_RunIISummer20_X53X53/PairVLQ_x53x53_tWtW_narrow_RH_M1300_TuneCP5_13TeV-madgraph-pythia8/singleLep2017UL/230310_182847/0000/PairVLQ_x53x53_tWtW_narrow_RH_M1300_TuneCP5_13TeV-madgraph-pythia8_111.root
[step1.h] Finished initializing
RUN CONFIG: YEAR = 2017
Era = 
isMC = 1, isSig = 1, SigMass = 6
isHad =0, isSE =0, isSM =0
isTTTT = 0, isXX = 1, isTpTp = 0, isBpBp = 0
For W's: isTT = 0, isSTt = 0, isSTtW = 0
For jets & PDF: isTOP = 0, isMadgraphBkg = 1
For HOTTagger Efficiencies: isTTV = 0, isTTHbb = 0, isTTHnonbb = 0, isTTTX = 0
isTTVV = 0, isST = 0, isTTToSemiLeptonHT500Njet9 = 0
Pileup sample key: PairVLQ_x53x53_tWtW_narrow_RH_M1300_TuneCP5_13TeV-madgraph-pythia8
b-tagging working points: 0.304(DeepJet)0.4506(DeepCSV)
isTTincMtt0to700: 0
isTTincMtt0to1000: 0
isTTincMtt700to1000: 0
isTTincMtt1000toInf: 0
isTTSemilepIncHT0Njet0: 0
isTTSemilepIncHT500Njet9: 0
outTTLF: 0
outTTCC: 0
outTTBB: 0
outTT1B: 0
outTT2B: 0
>> Completed 0 out of 1077 events
[INFO] Defaulting to central deepJet weight for: nominal
>> Completed 1000 out of 1077 events
Nelectrons      = 502 / 1077
Npassed_ElEta   = 502 / 1077
Nmuons          = 575 / 1077
NrelIsoFail     = 0 / 1077
Npassed_MuEta   = 575 / 1077
Npassed_nAK8Jets= 1077 / 1077
Npassed_Trigger = 1044 / 1077
Npassed_MET     = 957 / 1077
Npassed_lepPt   = 978 / 1077
Npassed_HT      = 1077 / 1077
npass_Njets     = 1072 / 1077
Npassed_ALL     = 860 / 1077

>> Running /isilon/hadoop/store/group/bruxljm/FWLJMET106XUL_singleLep2017UL_RunIISummer20_X53X53/PairVLQ_x53x53_tWtW_narrow_RH_M1300_TuneCP5_13TeV-madgraph-pythia8/singleLep2017UL/230310_182847/0000/PairVLQ_x53x53_tWtW_narrow_RH_M1300_TuneCP5_13TeV-madgraph-pythia8_112.root for shift: nominal
[step1.h] Opening file: /isilon/hadoop/store/group/bruxljm/FWLJMET106XUL_singleLep2017UL_RunIISummer20_X53X53/PairVLQ_x53x53_tWtW_narrow_RH_M1300_TuneCP5_13TeV-madgraph-pythia8/singleLep2017UL/230310_182847/0000/PairVLQ_x53x53_tWtW_narrow_RH_M1300_TuneCP5_13TeV-madgraph-pythia8_112.root
[step1.h] Finished initializing
RUN CONFIG: YEAR = 2017
Era = 
isMC = 1, isSig = 1, SigMass = 6
isHad =0, isSE =0, isSM =0
isTTTT = 0, isXX = 1, isTpTp = 0, isBpBp = 0
For W's: isTT = 0, isSTt = 0, isSTtW = 0
For jets & PDF: isTOP = 0, isMadgraphBkg = 1
For HOTTagger Efficiencies: isTTV = 0, isTTHbb = 0, isTTHnonbb = 0, isTTTX = 0
isTTVV = 0, isST = 0, isTTToSemiLeptonHT500Njet9 = 0
Pileup sample key: PairVLQ_x53x53_tWtW_narrow_RH_M1300_TuneCP5_13TeV-madgraph-pythia8
b-tagging working points: 0.304(DeepJet)0.4506(DeepCSV)
isTTincMtt0to700: 0
isTTincMtt0to1000: 0
isTTincMtt700to1000: 0
isTTincMtt1000toInf: 0
isTTSemilepIncHT0Njet0: 0
isTTSemilepIncHT500Njet9: 0
outTTLF: 0
outTTCC: 0
outTTBB: 0
outTT1B: 0
outTT2B: 0
>> Completed 0 out of 1055 events
[INFO] Defaulting to central deepJet weight for: nominal
>> Completed 1000 out of 1055 events
Nelectrons      = 454 / 1055
Npassed_ElEta   = 454 / 1055
Nmuons          = 601 / 1055
NrelIsoFail     = 0 / 1055
Npassed_MuEta   = 601 / 1055
Npassed_nAK8Jets= 1055 / 1055
Npassed_Trigger = 1018 / 1055
Npassed_MET     = 939 / 1055
Npassed_lepPt   = 965 / 1055
Npassed_HT      = 1055 / 1055
npass_Njets     = 1051 / 1055
Npassed_ALL     = 854 / 1055

>> Running /isilon/hadoop/store/group/bruxljm/FWLJMET106XUL_singleLep2017UL_RunIISummer20_X53X53/PairVLQ_x53x53_tWtW_narrow_RH_M1300_TuneCP5_13TeV-madgraph-pythia8/singleLep2017UL/230310_182847/0000/PairVLQ_x53x53_tWtW_narrow_RH_M1300_TuneCP5_13TeV-madgraph-pythia8_113.root for shift: nominal
[step1.h] Opening file: /isilon/hadoop/store/group/bruxljm/FWLJMET106XUL_singleLep2017UL_RunIISummer20_X53X53/PairVLQ_x53x53_tWtW_narrow_RH_M1300_TuneCP5_13TeV-madgraph-pythia8/singleLep2017UL/230310_182847/0000/PairVLQ_x53x53_tWtW_narrow_RH_M1300_TuneCP5_13TeV-madgraph-pythia8_113.root
[step1.h] Finished initializing
RUN CONFIG: YEAR = 2017
Era = 
isMC = 1, isSig = 1, SigMass = 6
isHad =0, isSE =0, isSM =0
isTTTT = 0, isXX = 1, isTpTp = 0, isBpBp = 0
For W's: isTT = 0, isSTt = 0, isSTtW = 0
For jets & PDF: isTOP = 0, isMadgraphBkg = 1
For HOTTagger Efficiencies: isTTV = 0, isTTHbb = 0, isTTHnonbb = 0, isTTTX = 0
isTTVV = 0, isST = 0, isTTToSemiLeptonHT500Njet9 = 0
Pileup sample key: PairVLQ_x53x53_tWtW_narrow_RH_M1300_TuneCP5_13TeV-madgraph-pythia8
b-tagging working points: 0.304(DeepJet)0.4506(DeepCSV)
isTTincMtt0to700: 0
isTTincMtt0to1000: 0
isTTincMtt700to1000: 0
isTTincMtt1000toInf: 0
isTTSemilepIncHT0Njet0: 0
isTTSemilepIncHT500Njet9: 0
outTTLF: 0
outTTCC: 0
outTTBB: 0
outTT1B: 0
outTT2B: 0
>> Completed 0 out of 1048 events
[INFO] Defaulting to central deepJet weight for: nominal
>> Completed 1000 out of 1048 events
Nelectrons      = 478 / 1048
Npassed_ElEta   = 478 / 1048
Nmuons          = 570 / 1048
NrelIsoFail     = 0 / 1048
Npassed_MuEta   = 570 / 1048
Npassed_nAK8Jets= 1048 / 1048
Npassed_Trigger = 1015 / 1048
Npassed_MET     = 912 / 1048
Npassed_lepPt   = 973 / 1048
Npassed_HT      = 1048 / 1048
npass_Njets     = 1045 / 1048
Npassed_ALL     = 843 / 1048

>> Running /isilon/hadoop/store/group/bruxljm/FWLJMET106XUL_singleLep2017UL_RunIISummer20_X53X53/PairVLQ_x53x53_tWtW_narrow_RH_M1300_TuneCP5_13TeV-madgraph-pythia8/singleLep2017UL/230310_182847/0000/PairVLQ_x53x53_tWtW_narrow_RH_M1300_TuneCP5_13TeV-madgraph-pythia8_114.root for shift: nominal
[step1.h] Opening file: /isilon/hadoop/store/group/bruxljm/FWLJMET106XUL_singleLep2017UL_RunIISummer20_X53X53/PairVLQ_x53x53_tWtW_narrow_RH_M1300_TuneCP5_13TeV-madgraph-pythia8/singleLep2017UL/230310_182847/0000/PairVLQ_x53x53_tWtW_narrow_RH_M1300_TuneCP5_13TeV-madgraph-pythia8_114.root
[step1.h] Finished initializing
RUN CONFIG: YEAR = 2017
Era = 
isMC = 1, isSig = 1, SigMass = 6
isHad =0, isSE =0, isSM =0
isTTTT = 0, isXX = 1, isTpTp = 0, isBpBp = 0
For W's: isTT = 0, isSTt = 0, isSTtW = 0
For jets & PDF: isTOP = 0, isMadgraphBkg = 1
For HOTTagger Efficiencies: isTTV = 0, isTTHbb = 0, isTTHnonbb = 0, isTTTX = 0
isTTVV = 0, isST = 0, isTTToSemiLeptonHT500Njet9 = 0
Pileup sample key: PairVLQ_x53x53_tWtW_narrow_RH_M1300_TuneCP5_13TeV-madgraph-pythia8
b-tagging working points: 0.304(DeepJet)0.4506(DeepCSV)
isTTincMtt0to700: 0
isTTincMtt0to1000: 0
isTTincMtt700to1000: 0
isTTincMtt1000toInf: 0
isTTSemilepIncHT0Njet0: 0
isTTSemilepIncHT500Njet9: 0
outTTLF: 0
outTTCC: 0
outTTBB: 0
outTT1B: 0
outTT2B: 0
>> Completed 0 out of 1046 events
[INFO] Defaulting to central deepJet weight for: nominal
>> Completed 1000 out of 1046 events
Nelectrons      = 493 / 1046
Npassed_ElEta   = 493 / 1046
Nmuons          = 553 / 1046
NrelIsoFail     = 0 / 1046
Npassed_MuEta   = 553 / 1046
Npassed_nAK8Jets= 1046 / 1046
Npassed_Trigger = 999 / 1046
Npassed_MET     = 935 / 1046
Npassed_lepPt   = 969 / 1046
Npassed_HT      = 1046 / 1046
npass_Njets     = 1044 / 1046
Npassed_ALL     = 862 / 1046

>> Running /isilon/hadoop/store/group/bruxljm/FWLJMET106XUL_singleLep2017UL_RunIISummer20_X53X53/PairVLQ_x53x53_tWtW_narrow_RH_M1300_TuneCP5_13TeV-madgraph-pythia8/singleLep2017UL/230310_182847/0000/PairVLQ_x53x53_tWtW_narrow_RH_M1300_TuneCP5_13TeV-madgraph-pythia8_115.root for shift: nominal
[step1.h] Opening file: /isilon/hadoop/store/group/bruxljm/FWLJMET106XUL_singleLep2017UL_RunIISummer20_X53X53/PairVLQ_x53x53_tWtW_narrow_RH_M1300_TuneCP5_13TeV-madgraph-pythia8/singleLep2017UL/230310_182847/0000/PairVLQ_x53x53_tWtW_narrow_RH_M1300_TuneCP5_13TeV-madgraph-pythia8_115.root
[step1.h] Finished initializing
RUN CONFIG: YEAR = 2017
Era = 
isMC = 1, isSig = 1, SigMass = 6
isHad =0, isSE =0, isSM =0
isTTTT = 0, isXX = 1, isTpTp = 0, isBpBp = 0
For W's: isTT = 0, isSTt = 0, isSTtW = 0
For jets & PDF: isTOP = 0, isMadgraphBkg = 1
For HOTTagger Efficiencies: isTTV = 0, isTTHbb = 0, isTTHnonbb = 0, isTTTX = 0
isTTVV = 0, isST = 0, isTTToSemiLeptonHT500Njet9 = 0
Pileup sample key: PairVLQ_x53x53_tWtW_narrow_RH_M1300_TuneCP5_13TeV-madgraph-pythia8
b-tagging working points: 0.304(DeepJet)0.4506(DeepCSV)
isTTincMtt0to700: 0
isTTincMtt0to1000: 0
isTTincMtt700to1000: 0
isTTincMtt1000toInf: 0
isTTSemilepIncHT0Njet0: 0
isTTSemilepIncHT500Njet9: 0
outTTLF: 0
outTTCC: 0
outTTBB: 0
outTT1B: 0
outTT2B: 0
>> Completed 0 out of 1041 events
[INFO] Defaulting to central deepJet weight for: nominal
>> Completed 1000 out of 1041 events
Nelectrons      = 483 / 1041
Npassed_ElEta   = 483 / 1041
Nmuons          = 558 / 1041
NrelIsoFail     = 0 / 1041
Npassed_MuEta   = 558 / 1041
Npassed_nAK8Jets= 1041 / 1041
Npassed_Trigger = 1006 / 1041
Npassed_MET     = 939 / 1041
Npassed_lepPt   = 929 / 1041
Npassed_HT      = 1039 / 1041
npass_Njets     = 1035 / 1041
Npassed_ALL     = 831 / 1041

>> Running /isilon/hadoop/store/group/bruxljm/FWLJMET106XUL_singleLep2017UL_RunIISummer20_X53X53/PairVLQ_x53x53_tWtW_narrow_RH_M1300_TuneCP5_13TeV-madgraph-pythia8/singleLep2017UL/230310_182847/0000/PairVLQ_x53x53_tWtW_narrow_RH_M1300_TuneCP5_13TeV-madgraph-pythia8_116.root for shift: nominal
[step1.h] Opening file: /isilon/hadoop/store/group/bruxljm/FWLJMET106XUL_singleLep2017UL_RunIISummer20_X53X53/PairVLQ_x53x53_tWtW_narrow_RH_M1300_TuneCP5_13TeV-madgraph-pythia8/singleLep2017UL/230310_182847/0000/PairVLQ_x53x53_tWtW_narrow_RH_M1300_TuneCP5_13TeV-madgraph-pythia8_116.root
[step1.h] Finished initializing
RUN CONFIG: YEAR = 2017
Era = 
isMC = 1, isSig = 1, SigMass = 6
isHad =0, isSE =0, isSM =0
isTTTT = 0, isXX = 1, isTpTp = 0, isBpBp = 0
For W's: isTT = 0, isSTt = 0, isSTtW = 0
For jets & PDF: isTOP = 0, isMadgraphBkg = 1
For HOTTagger Efficiencies: isTTV = 0, isTTHbb = 0, isTTHnonbb = 0, isTTTX = 0
isTTVV = 0, isST = 0, isTTToSemiLeptonHT500Njet9 = 0
Pileup sample key: PairVLQ_x53x53_tWtW_narrow_RH_M1300_TuneCP5_13TeV-madgraph-pythia8
b-tagging working points: 0.304(DeepJet)0.4506(DeepCSV)
isTTincMtt0to700: 0
isTTincMtt0to1000: 0
isTTincMtt700to1000: 0
isTTincMtt1000toInf: 0
isTTSemilepIncHT0Njet0: 0
isTTSemilepIncHT500Njet9: 0
outTTLF: 0
outTTCC: 0
outTTBB: 0
outTT1B: 0
outTT2B: 0
>> Completed 0 out of 1067 events
[INFO] Defaulting to central deepJet weight for: nominal
>> Completed 1000 out of 1067 events
Nelectrons      = 494 / 1067
Npassed_ElEta   = 494 / 1067
Nmuons          = 573 / 1067
NrelIsoFail     = 0 / 1067
Npassed_MuEta   = 573 / 1067
Npassed_nAK8Jets= 1067 / 1067
Npassed_Trigger = 1026 / 1067
Npassed_MET     = 923 / 1067
Npassed_lepPt   = 979 / 1067
Npassed_HT      = 1066 / 1067
npass_Njets     = 1064 / 1067
Npassed_ALL     = 846 / 1067

>> Running /isilon/hadoop/store/group/bruxljm/FWLJMET106XUL_singleLep2017UL_RunIISummer20_X53X53/PairVLQ_x53x53_tWtW_narrow_RH_M1300_TuneCP5_13TeV-madgraph-pythia8/singleLep2017UL/230310_182847/0000/PairVLQ_x53x53_tWtW_narrow_RH_M1300_TuneCP5_13TeV-madgraph-pythia8_117.root for shift: nominal
[step1.h] Opening file: /isilon/hadoop/store/group/bruxljm/FWLJMET106XUL_singleLep2017UL_RunIISummer20_X53X53/PairVLQ_x53x53_tWtW_narrow_RH_M1300_TuneCP5_13TeV-madgraph-pythia8/singleLep2017UL/230310_182847/0000/PairVLQ_x53x53_tWtW_narrow_RH_M1300_TuneCP5_13TeV-madgraph-pythia8_117.root
[step1.h] Finished initializing
RUN CONFIG: YEAR = 2017
Era = 
isMC = 1, isSig = 1, SigMass = 6
isHad =0, isSE =0, isSM =0
isTTTT = 0, isXX = 1, isTpTp = 0, isBpBp = 0
For W's: isTT = 0, isSTt = 0, isSTtW = 0
For jets & PDF: isTOP = 0, isMadgraphBkg = 1
For HOTTagger Efficiencies: isTTV = 0, isTTHbb = 0, isTTHnonbb = 0, isTTTX = 0
isTTVV = 0, isST = 0, isTTToSemiLeptonHT500Njet9 = 0
Pileup sample key: PairVLQ_x53x53_tWtW_narrow_RH_M1300_TuneCP5_13TeV-madgraph-pythia8
b-tagging working points: 0.304(DeepJet)0.4506(DeepCSV)
isTTincMtt0to700: 0
isTTincMtt0to1000: 0
isTTincMtt700to1000: 0
isTTincMtt1000toInf: 0
isTTSemilepIncHT0Njet0: 0
isTTSemilepIncHT500Njet9: 0
outTTLF: 0
outTTCC: 0
outTTBB: 0
outTT1B: 0
outTT2B: 0
>> Completed 0 out of 1052 events
[INFO] Defaulting to central deepJet weight for: nominal
>> Completed 1000 out of 1052 events
Nelectrons      = 482 / 1052
Npassed_ElEta   = 482 / 1052
Nmuons          = 570 / 1052
NrelIsoFail     = 0 / 1052
Npassed_MuEta   = 570 / 1052
Npassed_nAK8Jets= 1052 / 1052
Npassed_Trigger = 1014 / 1052
Npassed_MET     = 939 / 1052
Npassed_lepPt   = 963 / 1052
Npassed_HT      = 1051 / 1052
npass_Njets     = 1047 / 1052
Npassed_ALL     = 851 / 1052

>> Running /isilon/hadoop/store/group/bruxljm/FWLJMET106XUL_singleLep2017UL_RunIISummer20_X53X53/PairVLQ_x53x53_tWtW_narrow_RH_M1300_TuneCP5_13TeV-madgraph-pythia8/singleLep2017UL/230310_182847/0000/PairVLQ_x53x53_tWtW_narrow_RH_M1300_TuneCP5_13TeV-madgraph-pythia8_118.root for shift: nominal
[step1.h] Opening file: /isilon/hadoop/store/group/bruxljm/FWLJMET106XUL_singleLep2017UL_RunIISummer20_X53X53/PairVLQ_x53x53_tWtW_narrow_RH_M1300_TuneCP5_13TeV-madgraph-pythia8/singleLep2017UL/230310_182847/0000/PairVLQ_x53x53_tWtW_narrow_RH_M1300_TuneCP5_13TeV-madgraph-pythia8_118.root
[step1.h] Finished initializing
RUN CONFIG: YEAR = 2017
Era = 
isMC = 1, isSig = 1, SigMass = 6
isHad =0, isSE =0, isSM =0
isTTTT = 0, isXX = 1, isTpTp = 0, isBpBp = 0
For W's: isTT = 0, isSTt = 0, isSTtW = 0
For jets & PDF: isTOP = 0, isMadgraphBkg = 1
For HOTTagger Efficiencies: isTTV = 0, isTTHbb = 0, isTTHnonbb = 0, isTTTX = 0
isTTVV = 0, isST = 0, isTTToSemiLeptonHT500Njet9 = 0
Pileup sample key: PairVLQ_x53x53_tWtW_narrow_RH_M1300_TuneCP5_13TeV-madgraph-pythia8
b-tagging working points: 0.304(DeepJet)0.4506(DeepCSV)
isTTincMtt0to700: 0
isTTincMtt0to1000: 0
isTTincMtt700to1000: 0
isTTincMtt1000toInf: 0
isTTSemilepIncHT0Njet0: 0
isTTSemilepIncHT500Njet9: 0
outTTLF: 0
outTTCC: 0
outTTBB: 0
outTT1B: 0
outTT2B: 0
>> Completed 0 out of 1068 events
[INFO] Defaulting to central deepJet weight for: nominal
>> Completed 1000 out of 1068 events
Nelectrons      = 507 / 1068
Npassed_ElEta   = 507 / 1068
Nmuons          = 561 / 1068
NrelIsoFail     = 0 / 1068
Npassed_MuEta   = 561 / 1068
Npassed_nAK8Jets= 1068 / 1068
Npassed_Trigger = 1023 / 1068
Npassed_MET     = 957 / 1068
Npassed_lepPt   = 962 / 1068
Npassed_HT      = 1068 / 1068
npass_Njets     = 1063 / 1068
Npassed_ALL     = 855 / 1068

>> Running /isilon/hadoop/store/group/bruxljm/FWLJMET106XUL_singleLep2017UL_RunIISummer20_X53X53/PairVLQ_x53x53_tWtW_narrow_RH_M1300_TuneCP5_13TeV-madgraph-pythia8/singleLep2017UL/230310_182847/0000/PairVLQ_x53x53_tWtW_narrow_RH_M1300_TuneCP5_13TeV-madgraph-pythia8_119.root for shift: nominal
[step1.h] Opening file: /isilon/hadoop/store/group/bruxljm/FWLJMET106XUL_singleLep2017UL_RunIISummer20_X53X53/PairVLQ_x53x53_tWtW_narrow_RH_M1300_TuneCP5_13TeV-madgraph-pythia8/singleLep2017UL/230310_182847/0000/PairVLQ_x53x53_tWtW_narrow_RH_M1300_TuneCP5_13TeV-madgraph-pythia8_119.root
[step1.h] Finished initializing
RUN CONFIG: YEAR = 2017
Era = 
isMC = 1, isSig = 1, SigMass = 6
isHad =0, isSE =0, isSM =0
isTTTT = 0, isXX = 1, isTpTp = 0, isBpBp = 0
For W's: isTT = 0, isSTt = 0, isSTtW = 0
For jets & PDF: isTOP = 0, isMadgraphBkg = 1
For HOTTagger Efficiencies: isTTV = 0, isTTHbb = 0, isTTHnonbb = 0, isTTTX = 0
isTTVV = 0, isST = 0, isTTToSemiLeptonHT500Njet9 = 0
Pileup sample key: PairVLQ_x53x53_tWtW_narrow_RH_M1300_TuneCP5_13TeV-madgraph-pythia8
b-tagging working points: 0.304(DeepJet)0.4506(DeepCSV)
isTTincMtt0to700: 0
isTTincMtt0to1000: 0
isTTincMtt700to1000: 0
isTTincMtt1000toInf: 0
isTTSemilepIncHT0Njet0: 0
isTTSemilepIncHT500Njet9: 0
outTTLF: 0
outTTCC: 0
outTTBB: 0
outTT1B: 0
outTT2B: 0
>> Completed 0 out of 1047 events
[INFO] Defaulting to central deepJet weight for: nominal
>> Completed 1000 out of 1047 events
Nelectrons      = 489 / 1047
Npassed_ElEta   = 489 / 1047
Nmuons          = 558 / 1047
NrelIsoFail     = 0 / 1047
Npassed_MuEta   = 558 / 1047
Npassed_nAK8Jets= 1047 / 1047
Npassed_Trigger = 1018 / 1047
Npassed_MET     = 928 / 1047
Npassed_lepPt   = 956 / 1047
Npassed_HT      = 1046 / 1047
npass_Njets     = 1043 / 1047
Npassed_ALL     = 840 / 1047

>> Running /isilon/hadoop/store/group/bruxljm/FWLJMET106XUL_singleLep2017UL_RunIISummer20_X53X53/PairVLQ_x53x53_tWtW_narrow_RH_M1300_TuneCP5_13TeV-madgraph-pythia8/singleLep2017UL/230310_182847/0000/PairVLQ_x53x53_tWtW_narrow_RH_M1300_TuneCP5_13TeV-madgraph-pythia8_12.root for shift: nominal
[step1.h] Opening file: /isilon/hadoop/store/group/bruxljm/FWLJMET106XUL_singleLep2017UL_RunIISummer20_X53X53/PairVLQ_x53x53_tWtW_narrow_RH_M1300_TuneCP5_13TeV-madgraph-pythia8/singleLep2017UL/230310_182847/0000/PairVLQ_x53x53_tWtW_narrow_RH_M1300_TuneCP5_13TeV-madgraph-pythia8_12.root
[step1.h] Finished initializing
RUN CONFIG: YEAR = 2017
Era = 
isMC = 1, isSig = 1, SigMass = 6
isHad =0, isSE =0, isSM =0
isTTTT = 0, isXX = 1, isTpTp = 0, isBpBp = 0
For W's: isTT = 0, isSTt = 0, isSTtW = 0
For jets & PDF: isTOP = 0, isMadgraphBkg = 1
For HOTTagger Efficiencies: isTTV = 0, isTTHbb = 0, isTTHnonbb = 0, isTTTX = 0
isTTVV = 0, isST = 0, isTTToSemiLeptonHT500Njet9 = 0
Pileup sample key: PairVLQ_x53x53_tWtW_narrow_RH_M1300_TuneCP5_13TeV-madgraph-pythia8
b-tagging working points: 0.304(DeepJet)0.4506(DeepCSV)
isTTincMtt0to700: 0
isTTincMtt0to1000: 0
isTTincMtt700to1000: 0
isTTincMtt1000toInf: 0
isTTSemilepIncHT0Njet0: 0
isTTSemilepIncHT500Njet9: 0
outTTLF: 0
outTTCC: 0
outTTBB: 0
outTT1B: 0
outTT2B: 0
>> Completed 0 out of 1040 events
[INFO] Defaulting to central deepJet weight for: nominal
>> Completed 1000 out of 1040 events
Nelectrons      = 479 / 1040
Npassed_ElEta   = 479 / 1040
Nmuons          = 561 / 1040
NrelIsoFail     = 0 / 1040
Npassed_MuEta   = 561 / 1040
Npassed_nAK8Jets= 1040 / 1040
Npassed_Trigger = 998 / 1040
Npassed_MET     = 926 / 1040
Npassed_lepPt   = 952 / 1040
Npassed_HT      = 1039 / 1040
npass_Njets     = 1036 / 1040
Npassed_ALL     = 841 / 1040

>> Running /isilon/hadoop/store/group/bruxljm/FWLJMET106XUL_singleLep2017UL_RunIISummer20_X53X53/PairVLQ_x53x53_tWtW_narrow_RH_M1300_TuneCP5_13TeV-madgraph-pythia8/singleLep2017UL/230310_182847/0000/PairVLQ_x53x53_tWtW_narrow_RH_M1300_TuneCP5_13TeV-madgraph-pythia8_120.root for shift: nominal
[step1.h] Opening file: /isilon/hadoop/store/group/bruxljm/FWLJMET106XUL_singleLep2017UL_RunIISummer20_X53X53/PairVLQ_x53x53_tWtW_narrow_RH_M1300_TuneCP5_13TeV-madgraph-pythia8/singleLep2017UL/230310_182847/0000/PairVLQ_x53x53_tWtW_narrow_RH_M1300_TuneCP5_13TeV-madgraph-pythia8_120.root
[step1.h] Finished initializing
RUN CONFIG: YEAR = 2017
Era = 
isMC = 1, isSig = 1, SigMass = 6
isHad =0, isSE =0, isSM =0
isTTTT = 0, isXX = 1, isTpTp = 0, isBpBp = 0
For W's: isTT = 0, isSTt = 0, isSTtW = 0
For jets & PDF: isTOP = 0, isMadgraphBkg = 1
For HOTTagger Efficiencies: isTTV = 0, isTTHbb = 0, isTTHnonbb = 0, isTTTX = 0
isTTVV = 0, isST = 0, isTTToSemiLeptonHT500Njet9 = 0
Pileup sample key: PairVLQ_x53x53_tWtW_narrow_RH_M1300_TuneCP5_13TeV-madgraph-pythia8
b-tagging working points: 0.304(DeepJet)0.4506(DeepCSV)
isTTincMtt0to700: 0
isTTincMtt0to1000: 0
isTTincMtt700to1000: 0
isTTincMtt1000toInf: 0
isTTSemilepIncHT0Njet0: 0
isTTSemilepIncHT500Njet9: 0
outTTLF: 0
outTTCC: 0
outTTBB: 0
outTT1B: 0
outTT2B: 0
>> Completed 0 out of 1069 events
[INFO] Defaulting to central deepJet weight for: nominal
>> Completed 1000 out of 1069 events
Nelectrons      = 497 / 1069
Npassed_ElEta   = 497 / 1069
Nmuons          = 572 / 1069
NrelIsoFail     = 0 / 1069
Npassed_MuEta   = 572 / 1069
Npassed_nAK8Jets= 1069 / 1069
Npassed_Trigger = 1033 / 1069
Npassed_MET     = 946 / 1069
Npassed_lepPt   = 976 / 1069
Npassed_HT      = 1067 / 1069
npass_Njets     = 1066 / 1069
Npassed_ALL     = 862 / 1069

>> Running /isilon/hadoop/store/group/bruxljm/FWLJMET106XUL_singleLep2017UL_RunIISummer20_X53X53/PairVLQ_x53x53_tWtW_narrow_RH_M1300_TuneCP5_13TeV-madgraph-pythia8/singleLep2017UL/230310_182847/0000/PairVLQ_x53x53_tWtW_narrow_RH_M1300_TuneCP5_13TeV-madgraph-pythia8_121.root for shift: nominal
[step1.h] Opening file: /isilon/hadoop/store/group/bruxljm/FWLJMET106XUL_singleLep2017UL_RunIISummer20_X53X53/PairVLQ_x53x53_tWtW_narrow_RH_M1300_TuneCP5_13TeV-madgraph-pythia8/singleLep2017UL/230310_182847/0000/PairVLQ_x53x53_tWtW_narrow_RH_M1300_TuneCP5_13TeV-madgraph-pythia8_121.root
[step1.h] Finished initializing
RUN CONFIG: YEAR = 2017
Era = 
isMC = 1, isSig = 1, SigMass = 6
isHad =0, isSE =0, isSM =0
isTTTT = 0, isXX = 1, isTpTp = 0, isBpBp = 0
For W's: isTT = 0, isSTt = 0, isSTtW = 0
For jets & PDF: isTOP = 0, isMadgraphBkg = 1
For HOTTagger Efficiencies: isTTV = 0, isTTHbb = 0, isTTHnonbb = 0, isTTTX = 0
isTTVV = 0, isST = 0, isTTToSemiLeptonHT500Njet9 = 0
Pileup sample key: PairVLQ_x53x53_tWtW_narrow_RH_M1300_TuneCP5_13TeV-madgraph-pythia8
b-tagging working points: 0.304(DeepJet)0.4506(DeepCSV)
isTTincMtt0to700: 0
isTTincMtt0to1000: 0
isTTincMtt700to1000: 0
isTTincMtt1000toInf: 0
isTTSemilepIncHT0Njet0: 0
isTTSemilepIncHT500Njet9: 0
outTTLF: 0
outTTCC: 0
outTTBB: 0
outTT1B: 0
outTT2B: 0
>> Completed 0 out of 1062 events
[INFO] Defaulting to central deepJet weight for: nominal
>> Completed 1000 out of 1062 events
Nelectrons      = 497 / 1062
Npassed_ElEta   = 497 / 1062
Nmuons          = 565 / 1062
NrelIsoFail     = 0 / 1062
Npassed_MuEta   = 565 / 1062
Npassed_nAK8Jets= 1062 / 1062
Npassed_Trigger = 1031 / 1062
Npassed_MET     = 955 / 1062
Npassed_lepPt   = 963 / 1062
Npassed_HT      = 1061 / 1062
npass_Njets     = 1059 / 1062
Npassed_ALL     = 864 / 1062

>> Running /isilon/hadoop/store/group/bruxljm/FWLJMET106XUL_singleLep2017UL_RunIISummer20_X53X53/PairVLQ_x53x53_tWtW_narrow_RH_M1300_TuneCP5_13TeV-madgraph-pythia8/singleLep2017UL/230310_182847/0000/PairVLQ_x53x53_tWtW_narrow_RH_M1300_TuneCP5_13TeV-madgraph-pythia8_122.root for shift: nominal
[step1.h] Opening file: /isilon/hadoop/store/group/bruxljm/FWLJMET106XUL_singleLep2017UL_RunIISummer20_X53X53/PairVLQ_x53x53_tWtW_narrow_RH_M1300_TuneCP5_13TeV-madgraph-pythia8/singleLep2017UL/230310_182847/0000/PairVLQ_x53x53_tWtW_narrow_RH_M1300_TuneCP5_13TeV-madgraph-pythia8_122.root
[step1.h] Finished initializing
RUN CONFIG: YEAR = 2017
Era = 
isMC = 1, isSig = 1, SigMass = 6
isHad =0, isSE =0, isSM =0
isTTTT = 0, isXX = 1, isTpTp = 0, isBpBp = 0
For W's: isTT = 0, isSTt = 0, isSTtW = 0
For jets & PDF: isTOP = 0, isMadgraphBkg = 1
For HOTTagger Efficiencies: isTTV = 0, isTTHbb = 0, isTTHnonbb = 0, isTTTX = 0
isTTVV = 0, isST = 0, isTTToSemiLeptonHT500Njet9 = 0
Pileup sample key: PairVLQ_x53x53_tWtW_narrow_RH_M1300_TuneCP5_13TeV-madgraph-pythia8
b-tagging working points: 0.304(DeepJet)0.4506(DeepCSV)
isTTincMtt0to700: 0
isTTincMtt0to1000: 0
isTTincMtt700to1000: 0
isTTincMtt1000toInf: 0
isTTSemilepIncHT0Njet0: 0
isTTSemilepIncHT500Njet9: 0
outTTLF: 0
outTTCC: 0
outTTBB: 0
outTT1B: 0
outTT2B: 0
>> Completed 0 out of 1040 events
[INFO] Defaulting to central deepJet weight for: nominal
>> Completed 1000 out of 1040 events
Nelectrons      = 477 / 1040
Npassed_ElEta   = 477 / 1040
Nmuons          = 563 / 1040
NrelIsoFail     = 0 / 1040
Npassed_MuEta   = 563 / 1040
Npassed_nAK8Jets= 1040 / 1040
Npassed_Trigger = 1014 / 1040
Npassed_MET     = 909 / 1040
Npassed_lepPt   = 939 / 1040
Npassed_HT      = 1038 / 1040
npass_Njets     = 1036 / 1040
Npassed_ALL     = 810 / 1040

>> Running /isilon/hadoop/store/group/bruxljm/FWLJMET106XUL_singleLep2017UL_RunIISummer20_X53X53/PairVLQ_x53x53_tWtW_narrow_RH_M1300_TuneCP5_13TeV-madgraph-pythia8/singleLep2017UL/230310_182847/0000/PairVLQ_x53x53_tWtW_narrow_RH_M1300_TuneCP5_13TeV-madgraph-pythia8_123.root for shift: nominal
[step1.h] Opening file: /isilon/hadoop/store/group/bruxljm/FWLJMET106XUL_singleLep2017UL_RunIISummer20_X53X53/PairVLQ_x53x53_tWtW_narrow_RH_M1300_TuneCP5_13TeV-madgraph-pythia8/singleLep2017UL/230310_182847/0000/PairVLQ_x53x53_tWtW_narrow_RH_M1300_TuneCP5_13TeV-madgraph-pythia8_123.root
[step1.h] Finished initializing
RUN CONFIG: YEAR = 2017
Era = 
isMC = 1, isSig = 1, SigMass = 6
isHad =0, isSE =0, isSM =0
isTTTT = 0, isXX = 1, isTpTp = 0, isBpBp = 0
For W's: isTT = 0, isSTt = 0, isSTtW = 0
For jets & PDF: isTOP = 0, isMadgraphBkg = 1
For HOTTagger Efficiencies: isTTV = 0, isTTHbb = 0, isTTHnonbb = 0, isTTTX = 0
isTTVV = 0, isST = 0, isTTToSemiLeptonHT500Njet9 = 0
Pileup sample key: PairVLQ_x53x53_tWtW_narrow_RH_M1300_TuneCP5_13TeV-madgraph-pythia8
b-tagging working points: 0.304(DeepJet)0.4506(DeepCSV)
isTTincMtt0to700: 0
isTTincMtt0to1000: 0
isTTincMtt700to1000: 0
isTTincMtt1000toInf: 0
isTTSemilepIncHT0Njet0: 0
isTTSemilepIncHT500Njet9: 0
outTTLF: 0
outTTCC: 0
outTTBB: 0
outTT1B: 0
outTT2B: 0
>> Completed 0 out of 1052 events
[INFO] Defaulting to central deepJet weight for: nominal
>> Completed 1000 out of 1052 events
Nelectrons      = 490 / 1052
Npassed_ElEta   = 490 / 1052
Nmuons          = 562 / 1052
NrelIsoFail     = 0 / 1052
Npassed_MuEta   = 562 / 1052
Npassed_nAK8Jets= 1052 / 1052
Npassed_Trigger = 1015 / 1052
Npassed_MET     = 923 / 1052
Npassed_lepPt   = 968 / 1052
Npassed_HT      = 1050 / 1052
npass_Njets     = 1048 / 1052
Npassed_ALL     = 848 / 1052

>> Running /isilon/hadoop/store/group/bruxljm/FWLJMET106XUL_singleLep2017UL_RunIISummer20_X53X53/PairVLQ_x53x53_tWtW_narrow_RH_M1300_TuneCP5_13TeV-madgraph-pythia8/singleLep2017UL/230310_182847/0000/PairVLQ_x53x53_tWtW_narrow_RH_M1300_TuneCP5_13TeV-madgraph-pythia8_124.root for shift: nominal
[step1.h] Opening file: /isilon/hadoop/store/group/bruxljm/FWLJMET106XUL_singleLep2017UL_RunIISummer20_X53X53/PairVLQ_x53x53_tWtW_narrow_RH_M1300_TuneCP5_13TeV-madgraph-pythia8/singleLep2017UL/230310_182847/0000/PairVLQ_x53x53_tWtW_narrow_RH_M1300_TuneCP5_13TeV-madgraph-pythia8_124.root
[step1.h] Finished initializing
RUN CONFIG: YEAR = 2017
Era = 
isMC = 1, isSig = 1, SigMass = 6
isHad =0, isSE =0, isSM =0
isTTTT = 0, isXX = 1, isTpTp = 0, isBpBp = 0
For W's: isTT = 0, isSTt = 0, isSTtW = 0
For jets & PDF: isTOP = 0, isMadgraphBkg = 1
For HOTTagger Efficiencies: isTTV = 0, isTTHbb = 0, isTTHnonbb = 0, isTTTX = 0
isTTVV = 0, isST = 0, isTTToSemiLeptonHT500Njet9 = 0
Pileup sample key: PairVLQ_x53x53_tWtW_narrow_RH_M1300_TuneCP5_13TeV-madgraph-pythia8
b-tagging working points: 0.304(DeepJet)0.4506(DeepCSV)
isTTincMtt0to700: 0
isTTincMtt0to1000: 0
isTTincMtt700to1000: 0
isTTincMtt1000toInf: 0
isTTSemilepIncHT0Njet0: 0
isTTSemilepIncHT500Njet9: 0
outTTLF: 0
outTTCC: 0
outTTBB: 0
outTT1B: 0
outTT2B: 0
>> Completed 0 out of 1043 events
[INFO] Defaulting to central deepJet weight for: nominal
>> Completed 1000 out of 1043 events
Nelectrons      = 489 / 1043
Npassed_ElEta   = 489 / 1043
Nmuons          = 554 / 1043
NrelIsoFail     = 0 / 1043
Npassed_MuEta   = 554 / 1043
Npassed_nAK8Jets= 1043 / 1043
Npassed_Trigger = 1010 / 1043
Npassed_MET     = 927 / 1043
Npassed_lepPt   = 962 / 1043
Npassed_HT      = 1041 / 1043
npass_Njets     = 1037 / 1043
Npassed_ALL     = 849 / 1043

>> Running /isilon/hadoop/store/group/bruxljm/FWLJMET106XUL_singleLep2017UL_RunIISummer20_X53X53/PairVLQ_x53x53_tWtW_narrow_RH_M1300_TuneCP5_13TeV-madgraph-pythia8/singleLep2017UL/230310_182847/0000/PairVLQ_x53x53_tWtW_narrow_RH_M1300_TuneCP5_13TeV-madgraph-pythia8_125.root for shift: nominal
[step1.h] Opening file: /isilon/hadoop/store/group/bruxljm/FWLJMET106XUL_singleLep2017UL_RunIISummer20_X53X53/PairVLQ_x53x53_tWtW_narrow_RH_M1300_TuneCP5_13TeV-madgraph-pythia8/singleLep2017UL/230310_182847/0000/PairVLQ_x53x53_tWtW_narrow_RH_M1300_TuneCP5_13TeV-madgraph-pythia8_125.root
[step1.h] Finished initializing
RUN CONFIG: YEAR = 2017
Era = 
isMC = 1, isSig = 1, SigMass = 6
isHad =0, isSE =0, isSM =0
isTTTT = 0, isXX = 1, isTpTp = 0, isBpBp = 0
For W's: isTT = 0, isSTt = 0, isSTtW = 0
For jets & PDF: isTOP = 0, isMadgraphBkg = 1
For HOTTagger Efficiencies: isTTV = 0, isTTHbb = 0, isTTHnonbb = 0, isTTTX = 0
isTTVV = 0, isST = 0, isTTToSemiLeptonHT500Njet9 = 0
Pileup sample key: PairVLQ_x53x53_tWtW_narrow_RH_M1300_TuneCP5_13TeV-madgraph-pythia8
b-tagging working points: 0.304(DeepJet)0.4506(DeepCSV)
isTTincMtt0to700: 0
isTTincMtt0to1000: 0
isTTincMtt700to1000: 0
isTTincMtt1000toInf: 0
isTTSemilepIncHT0Njet0: 0
isTTSemilepIncHT500Njet9: 0
outTTLF: 0
outTTCC: 0
outTTBB: 0
outTT1B: 0
outTT2B: 0
>> Completed 0 out of 1062 events
[INFO] Defaulting to central deepJet weight for: nominal
>> Completed 1000 out of 1062 events
Nelectrons      = 494 / 1062
Npassed_ElEta   = 494 / 1062
Nmuons          = 568 / 1062
NrelIsoFail     = 0 / 1062
Npassed_MuEta   = 568 / 1062
Npassed_nAK8Jets= 1062 / 1062
Npassed_Trigger = 1019 / 1062
Npassed_MET     = 928 / 1062
Npassed_lepPt   = 977 / 1062
Npassed_HT      = 1060 / 1062
npass_Njets     = 1057 / 1062
Npassed_ALL     = 848 / 1062
>> Available ROOT Files:
-rw-r--r-- 1 fsimpson gridusers 3122923 Apr 24 09:14 PairVLQ_x53x53_tWtW_narrow_RH_M1300_TuneCP5_13TeV-madgraph-pythia8_100nominal.root
-rw-r--r-- 1 fsimpson gridusers 2923944 Apr 24 09:14 PairVLQ_x53x53_tWtW_narrow_RH_M1300_TuneCP5_13TeV-madgraph-pythia8_101nominal.root
-rw-r--r-- 1 fsimpson gridusers 3019350 Apr 24 09:14 PairVLQ_x53x53_tWtW_narrow_RH_M1300_TuneCP5_13TeV-madgraph-pythia8_102nominal.root
-rw-r--r-- 1 fsimpson gridusers 2983353 Apr 24 09:14 PairVLQ_x53x53_tWtW_narrow_RH_M1300_TuneCP5_13TeV-madgraph-pythia8_103nominal.root
-rw-r--r-- 1 fsimpson gridusers 3097907 Apr 24 09:14 PairVLQ_x53x53_tWtW_narrow_RH_M1300_TuneCP5_13TeV-madgraph-pythia8_104nominal.root
-rw-r--r-- 1 fsimpson gridusers 3055087 Apr 24 09:14 PairVLQ_x53x53_tWtW_narrow_RH_M1300_TuneCP5_13TeV-madgraph-pythia8_105nominal.root
-rw-r--r-- 1 fsimpson gridusers 2932049 Apr 24 09:14 PairVLQ_x53x53_tWtW_narrow_RH_M1300_TuneCP5_13TeV-madgraph-pythia8_106nominal.root
-rw-r--r-- 1 fsimpson gridusers 2852286 Apr 24 09:14 PairVLQ_x53x53_tWtW_narrow_RH_M1300_TuneCP5_13TeV-madgraph-pythia8_107nominal.root
-rw-r--r-- 1 fsimpson gridusers 2976944 Apr 24 09:14 PairVLQ_x53x53_tWtW_narrow_RH_M1300_TuneCP5_13TeV-madgraph-pythia8_108nominal.root
-rw-r--r-- 1 fsimpson gridusers 3105284 Apr 24 09:14 PairVLQ_x53x53_tWtW_narrow_RH_M1300_TuneCP5_13TeV-madgraph-pythia8_109nominal.root
-rw-r--r-- 1 fsimpson gridusers 2868829 Apr 24 09:14 PairVLQ_x53x53_tWtW_narrow_RH_M1300_TuneCP5_13TeV-madgraph-pythia8_10nominal.root
-rw-r--r-- 1 fsimpson gridusers 2993569 Apr 24 09:14 PairVLQ_x53x53_tWtW_narrow_RH_M1300_TuneCP5_13TeV-madgraph-pythia8_110nominal.root
-rw-r--r-- 1 fsimpson gridusers 3041284 Apr 24 09:14 PairVLQ_x53x53_tWtW_narrow_RH_M1300_TuneCP5_13TeV-madgraph-pythia8_111nominal.root
-rw-r--r-- 1 fsimpson gridusers 3036144 Apr 24 09:14 PairVLQ_x53x53_tWtW_narrow_RH_M1300_TuneCP5_13TeV-madgraph-pythia8_112nominal.root
-rw-r--r-- 1 fsimpson gridusers 2964021 Apr 24 09:14 PairVLQ_x53x53_tWtW_narrow_RH_M1300_TuneCP5_13TeV-madgraph-pythia8_113nominal.root
-rw-r--r-- 1 fsimpson gridusers 3109441 Apr 24 09:14 PairVLQ_x53x53_tWtW_narrow_RH_M1300_TuneCP5_13TeV-madgraph-pythia8_114nominal.root
-rw-r--r-- 1 fsimpson gridusers 2917301 Apr 24 09:14 PairVLQ_x53x53_tWtW_narrow_RH_M1300_TuneCP5_13TeV-madgraph-pythia8_115nominal.root
-rw-r--r-- 1 fsimpson gridusers 2943437 Apr 24 09:14 PairVLQ_x53x53_tWtW_narrow_RH_M1300_TuneCP5_13TeV-madgraph-pythia8_116nominal.root
-rw-r--r-- 1 fsimpson gridusers 3004427 Apr 24 09:14 PairVLQ_x53x53_tWtW_narrow_RH_M1300_TuneCP5_13TeV-madgraph-pythia8_117nominal.root
-rw-r--r-- 1 fsimpson gridusers 3027460 Apr 24 09:14 PairVLQ_x53x53_tWtW_narrow_RH_M1300_TuneCP5_13TeV-madgraph-pythia8_118nominal.root
-rw-r--r-- 1 fsimpson gridusers 2965033 Apr 24 09:14 PairVLQ_x53x53_tWtW_narrow_RH_M1300_TuneCP5_13TeV-madgraph-pythia8_119nominal.root
-rw-r--r-- 1 fsimpson gridusers 2945707 Apr 24 09:14 PairVLQ_x53x53_tWtW_narrow_RH_M1300_TuneCP5_13TeV-madgraph-pythia8_11nominal.root
-rw-r--r-- 1 fsimpson gridusers 3072743 Apr 24 09:14 PairVLQ_x53x53_tWtW_narrow_RH_M1300_TuneCP5_13TeV-madgraph-pythia8_120nominal.root
-rw-r--r-- 1 fsimpson gridusers 3048248 Apr 24 09:14 PairVLQ_x53x53_tWtW_narrow_RH_M1300_TuneCP5_13TeV-madgraph-pythia8_121nominal.root
-rw-r--r-- 1 fsimpson gridusers 2841383 Apr 24 09:14 PairVLQ_x53x53_tWtW_narrow_RH_M1300_TuneCP5_13TeV-madgraph-pythia8_122nominal.root
-rw-r--r-- 1 fsimpson gridusers 2969657 Apr 24 09:14 PairVLQ_x53x53_tWtW_narrow_RH_M1300_TuneCP5_13TeV-madgraph-pythia8_123nominal.root
-rw-r--r-- 1 fsimpson gridusers 2982733 Apr 24 09:14 PairVLQ_x53x53_tWtW_narrow_RH_M1300_TuneCP5_13TeV-madgraph-pythia8_124nominal.root
-rw-r--r-- 1 fsimpson gridusers 2951197 Apr 24 09:14 PairVLQ_x53x53_tWtW_narrow_RH_M1300_TuneCP5_13TeV-madgraph-pythia8_125nominal.root
-rw-r--r-- 1 fsimpson gridusers 2992524 Apr 24 09:14 PairVLQ_x53x53_tWtW_narrow_RH_M1300_TuneCP5_13TeV-madgraph-pythia8_12nominal.root
-rw-r--r-- 1 fsimpson gridusers 2979950 Apr 24 09:14 PairVLQ_x53x53_tWtW_narrow_RH_M1300_TuneCP5_13TeV-madgraph-pythia8_1nominal.root
>> xrdcp output for condor
hadd Target file: PairVLQ_x53x53_tWtW_narrow_RH_M1300_TuneCP5_13TeV-madgraph-pythia8_1nominal_hadd.root
hadd compression setting for all ouput: 1
hadd Source file 1: PairVLQ_x53x53_tWtW_narrow_RH_M1300_TuneCP5_13TeV-madgraph-pythia8_100nominal.root
hadd Source file 2: PairVLQ_x53x53_tWtW_narrow_RH_M1300_TuneCP5_13TeV-madgraph-pythia8_101nominal.root
hadd Source file 3: PairVLQ_x53x53_tWtW_narrow_RH_M1300_TuneCP5_13TeV-madgraph-pythia8_102nominal.root
hadd Source file 4: PairVLQ_x53x53_tWtW_narrow_RH_M1300_TuneCP5_13TeV-madgraph-pythia8_103nominal.root
hadd Source file 5: PairVLQ_x53x53_tWtW_narrow_RH_M1300_TuneCP5_13TeV-madgraph-pythia8_104nominal.root
hadd Source file 6: PairVLQ_x53x53_tWtW_narrow_RH_M1300_TuneCP5_13TeV-madgraph-pythia8_105nominal.root
hadd Source file 7: PairVLQ_x53x53_tWtW_narrow_RH_M1300_TuneCP5_13TeV-madgraph-pythia8_106nominal.root
hadd Source file 8: PairVLQ_x53x53_tWtW_narrow_RH_M1300_TuneCP5_13TeV-madgraph-pythia8_107nominal.root
hadd Source file 9: PairVLQ_x53x53_tWtW_narrow_RH_M1300_TuneCP5_13TeV-madgraph-pythia8_108nominal.root
hadd Source file 10: PairVLQ_x53x53_tWtW_narrow_RH_M1300_TuneCP5_13TeV-madgraph-pythia8_109nominal.root
hadd Source file 11: PairVLQ_x53x53_tWtW_narrow_RH_M1300_TuneCP5_13TeV-madgraph-pythia8_10nominal.root
hadd Source file 12: PairVLQ_x53x53_tWtW_narrow_RH_M1300_TuneCP5_13TeV-madgraph-pythia8_110nominal.root
hadd Source file 13: PairVLQ_x53x53_tWtW_narrow_RH_M1300_TuneCP5_13TeV-madgraph-pythia8_111nominal.root
hadd Source file 14: PairVLQ_x53x53_tWtW_narrow_RH_M1300_TuneCP5_13TeV-madgraph-pythia8_112nominal.root
hadd Source file 15: PairVLQ_x53x53_tWtW_narrow_RH_M1300_TuneCP5_13TeV-madgraph-pythia8_113nominal.root
hadd Source file 16: PairVLQ_x53x53_tWtW_narrow_RH_M1300_TuneCP5_13TeV-madgraph-pythia8_114nominal.root
hadd Source file 17: PairVLQ_x53x53_tWtW_narrow_RH_M1300_TuneCP5_13TeV-madgraph-pythia8_115nominal.root
hadd Source file 18: PairVLQ_x53x53_tWtW_narrow_RH_M1300_TuneCP5_13TeV-madgraph-pythia8_116nominal.root
hadd Source file 19: PairVLQ_x53x53_tWtW_narrow_RH_M1300_TuneCP5_13TeV-madgraph-pythia8_117nominal.root
hadd Source file 20: PairVLQ_x53x53_tWtW_narrow_RH_M1300_TuneCP5_13TeV-madgraph-pythia8_118nominal.root
hadd Source file 21: PairVLQ_x53x53_tWtW_narrow_RH_M1300_TuneCP5_13TeV-madgraph-pythia8_119nominal.root
hadd Source file 22: PairVLQ_x53x53_tWtW_narrow_RH_M1300_TuneCP5_13TeV-madgraph-pythia8_11nominal.root
hadd Source file 23: PairVLQ_x53x53_tWtW_narrow_RH_M1300_TuneCP5_13TeV-madgraph-pythia8_120nominal.root
hadd Source file 24: PairVLQ_x53x53_tWtW_narrow_RH_M1300_TuneCP5_13TeV-madgraph-pythia8_121nominal.root
hadd Source file 25: PairVLQ_x53x53_tWtW_narrow_RH_M1300_TuneCP5_13TeV-madgraph-pythia8_122nominal.root
hadd Source file 26: PairVLQ_x53x53_tWtW_narrow_RH_M1300_TuneCP5_13TeV-madgraph-pythia8_123nominal.root
hadd Source file 27: PairVLQ_x53x53_tWtW_narrow_RH_M1300_TuneCP5_13TeV-madgraph-pythia8_124nominal.root
hadd Source file 28: PairVLQ_x53x53_tWtW_narrow_RH_M1300_TuneCP5_13TeV-madgraph-pythia8_125nominal.root
hadd Source file 29: PairVLQ_x53x53_tWtW_narrow_RH_M1300_TuneCP5_13TeV-madgraph-pythia8_12nominal.root
hadd Source file 30: PairVLQ_x53x53_tWtW_narrow_RH_M1300_TuneCP5_13TeV-madgraph-pythia8_1nominal.root
hadd Target path: PairVLQ_x53x53_tWtW_narrow_RH_M1300_TuneCP5_13TeV-madgraph-pythia8_1nominal_hadd.root:/
>> mv PairVLQ_x53x53_tWtW_narrow_RH_M1300_TuneCP5_13TeV-madgraph-pythia8_1nominal_hadd.root /isilon/hadoop/store/group/bruxljm/FWLJMET106XUL_singleLep2017UL_RunIISummer20_X53X53_step1/nominal/PairVLQ_x53x53_tWtW_narrow_RH_M1300_TuneCP5_13TeV-madgraph-pythia8/PairVLQ_x53x53_tWtW_narrow_RH_M1300_TuneCP5_13TeV-madgraph-pythia8_1.root
[DONE]
