000 (630100.000.000) 04/24 07:52:01 Job submitted from host: <172.20.3.187:9618?addrs=172.20.3.187-9618&noUDP&sock=2297_2121_3>
...
001 (630100.000.000) 04/24 07:54:13 Job executing on host: <172.20.225.2:9618?addrs=172.20.225.2-9618&noUDP&sock=3424_285d_3>
...
006 (630100.000.000) 04/24 07:54:22 Image size of job updated: 78192
	57  -  MemoryUsage of job (MB)
	57552  -  ResidentSetSize of job (KB)
...
006 (630100.000.000) 04/24 07:59:24 Image size of job updated: 718536
	702  -  MemoryUsage of job (MB)
	718148  -  ResidentSetSize of job (KB)
...
006 (630100.000.000) 04/24 08:04:24 Image size of job updated: 984760
	962  -  MemoryUsage of job (MB)
	984136  -  ResidentSetSize of job (KB)
...
006 (630100.000.000) 04/24 08:09:25 Image size of job updated: 1185064
	1157  -  MemoryUsage of job (MB)
	1184660  -  ResidentSetSize of job (KB)
...
006 (630100.000.000) 04/24 08:14:25 Image size of job updated: 1362276
	1330  -  MemoryUsage of job (MB)
	1361844  -  ResidentSetSize of job (KB)
...
006 (630100.000.000) 04/24 08:19:26 Image size of job updated: 1507468
	1472  -  MemoryUsage of job (MB)
	1506932  -  ResidentSetSize of job (KB)
...
006 (630100.000.000) 04/24 08:21:03 Image size of job updated: 1507468
	1472  -  MemoryUsage of job (MB)
	1506964  -  ResidentSetSize of job (KB)
...
005 (630100.000.000) 04/24 08:21:04 Job terminated.
	(1) Normal termination (return value 0)
		Usr 0 00:25:16, Sys 0 00:00:29  -  Run Remote Usage
		Usr 0 00:00:00, Sys 0 00:00:00  -  Run Local Usage
		Usr 0 00:25:16, Sys 0 00:00:29  -  Total Remote Usage
		Usr 0 00:00:00, Sys 0 00:00:00  -  Total Local Usage
	1715268  -  Run Bytes Sent By Job
	8620734  -  Run Bytes Received By Job
	1715268  -  Total Bytes Sent By Job
	8620734  -  Total Bytes Received By Job
	Partitionable Resources :    Usage  Request Allocated 
	   Cpus                 :     0.96        1         1 
	   Disk (KB)            : 10650       10000 479786084 
	   Memory (MB)          :  1472        6144      8033 
...
000 (630159.000.000) 04/24 08:39:26 Job submitted from host: <172.20.3.187:9618?addrs=172.20.3.187-9618&noUDP&sock=2297_2121_3>
...
001 (630159.000.000) 04/24 08:48:32 Job executing on host: <172.20.225.6:9618?addrs=172.20.225.6-9618&noUDP&sock=3382_5963_3>
...
006 (630159.000.000) 04/24 08:48:40 Image size of job updated: 12332
	13  -  MemoryUsage of job (MB)
	12332  -  ResidentSetSize of job (KB)
...
006 (630159.000.000) 04/24 08:53:40 Image size of job updated: 724008
	705  -  MemoryUsage of job (MB)
	721800  -  ResidentSetSize of job (KB)
...
006 (630159.000.000) 04/24 08:58:41 Image size of job updated: 987640
	964  -  MemoryUsage of job (MB)
	986852  -  ResidentSetSize of job (KB)
...
006 (630159.000.000) 04/24 09:03:41 Image size of job updated: 1185424
	1158  -  MemoryUsage of job (MB)
	1185160  -  ResidentSetSize of job (KB)
...
006 (630159.000.000) 04/24 09:08:42 Image size of job updated: 1358808
	1327  -  MemoryUsage of job (MB)
	1358392  -  ResidentSetSize of job (KB)
...
006 (630159.000.000) 04/24 09:13:42 Image size of job updated: 1503540
	1468  -  MemoryUsage of job (MB)
	1503176  -  ResidentSetSize of job (KB)
...
006 (630159.000.000) 04/24 09:16:12 Image size of job updated: 1503540
	1468  -  MemoryUsage of job (MB)
	1503184  -  ResidentSetSize of job (KB)
...
005 (630159.000.000) 04/24 09:16:12 Job terminated.
	(1) Normal termination (return value 0)
		Usr 0 00:25:38, Sys 0 00:00:36  -  Run Remote Usage
		Usr 0 00:00:00, Sys 0 00:00:00  -  Run Local Usage
		Usr 0 00:25:38, Sys 0 00:00:36  -  Total Remote Usage
		Usr 0 00:00:00, Sys 0 00:00:00  -  Total Local Usage
	1773489  -  Run Bytes Sent By Job
	8620823  -  Run Bytes Received By Job
	1773489  -  Total Bytes Sent By Job
	8620823  -  Total Bytes Received By Job
	Partitionable Resources :    Usage  Request Allocated 
	   Cpus                 :     0.87        1         1 
	   Disk (KB)            : 10706       10000 479749220 
	   Memory (MB)          :  1468        6144      8033 
...
