000 (630079.000.000) 04/24 07:52:00 Job submitted from host: <172.20.3.187:9618?addrs=172.20.3.187-9618&noUDP&sock=2297_2121_3>
...
001 (630079.000.000) 04/24 07:53:11 Job executing on host: <172.20.225.7:9618?addrs=172.20.225.7-9618&noUDP&sock=3394_9486_3>
...
006 (630079.000.000) 04/24 07:53:21 Image size of job updated: 140360
	125  -  MemoryUsage of job (MB)
	127712  -  ResidentSetSize of job (KB)
...
006 (630079.000.000) 04/24 07:58:21 Image size of job updated: 733968
	717  -  MemoryUsage of job (MB)
	733368  -  ResidentSetSize of job (KB)
...
006 (630079.000.000) 04/24 08:03:22 Image size of job updated: 997228
	974  -  MemoryUsage of job (MB)
	996500  -  ResidentSetSize of job (KB)
...
006 (630079.000.000) 04/24 08:08:22 Image size of job updated: 1188568
	1161  -  MemoryUsage of job (MB)
	1188276  -  ResidentSetSize of job (KB)
...
006 (630079.000.000) 04/24 08:13:23 Image size of job updated: 1356480
	1325  -  MemoryUsage of job (MB)
	1356188  -  ResidentSetSize of job (KB)
...
006 (630079.000.000) 04/24 08:18:23 Image size of job updated: 1492000
	1457  -  MemoryUsage of job (MB)
	1491836  -  ResidentSetSize of job (KB)
...
006 (630079.000.000) 04/24 08:20:42 Image size of job updated: 1552320
	1457  -  MemoryUsage of job (MB)
	1491836  -  ResidentSetSize of job (KB)
...
005 (630079.000.000) 04/24 08:20:43 Job terminated.
	(1) Normal termination (return value 0)
		Usr 0 00:25:38, Sys 0 00:01:04  -  Run Remote Usage
		Usr 0 00:00:00, Sys 0 00:00:00  -  Run Local Usage
		Usr 0 00:25:38, Sys 0 00:01:04  -  Total Remote Usage
		Usr 0 00:00:00, Sys 0 00:00:00  -  Total Local Usage
	1715401  -  Run Bytes Sent By Job
	8620734  -  Run Bytes Received By Job
	1715401  -  Total Bytes Sent By Job
	8620734  -  Total Bytes Received By Job
	Partitionable Resources :    Usage  Request Allocated 
	   Cpus                 :     1.00        1         1 
	   Disk (KB)            : 10650       10000 479738639 
	   Memory (MB)          :  1457        6144      8033 
...
000 (630138.000.000) 04/24 08:39:25 Job submitted from host: <172.20.3.187:9618?addrs=172.20.3.187-9618&noUDP&sock=2297_2121_3>
...
001 (630138.000.000) 04/24 08:44:32 Job executing on host: <172.20.225.8:9618?addrs=172.20.225.8-9618&noUDP&sock=3440_21e1_3>
...
006 (630138.000.000) 04/24 08:44:41 Image size of job updated: 10684
	5  -  MemoryUsage of job (MB)
	4848  -  ResidentSetSize of job (KB)
...
006 (630138.000.000) 04/24 08:49:42 Image size of job updated: 664584
	649  -  MemoryUsage of job (MB)
	663812  -  ResidentSetSize of job (KB)
...
006 (630138.000.000) 04/24 08:54:43 Image size of job updated: 931908
	910  -  MemoryUsage of job (MB)
	931048  -  ResidentSetSize of job (KB)
...
006 (630138.000.000) 04/24 08:59:43 Image size of job updated: 1123116
	1097  -  MemoryUsage of job (MB)
	1122800  -  ResidentSetSize of job (KB)
...
006 (630138.000.000) 04/24 09:04:43 Image size of job updated: 1304700
	1274  -  MemoryUsage of job (MB)
	1303656  -  ResidentSetSize of job (KB)
...
006 (630138.000.000) 04/24 09:09:43 Image size of job updated: 1449968
	1416  -  MemoryUsage of job (MB)
	1449604  -  ResidentSetSize of job (KB)
...
005 (630138.000.000) 04/24 09:14:10 Job terminated.
	(1) Normal termination (return value 0)
		Usr 0 00:27:21, Sys 0 00:00:57  -  Run Remote Usage
		Usr 0 00:00:00, Sys 0 00:00:00  -  Run Local Usage
		Usr 0 00:27:21, Sys 0 00:00:57  -  Total Remote Usage
		Usr 0 00:00:00, Sys 0 00:00:00  -  Total Local Usage
	1773789  -  Run Bytes Sent By Job
	8620823  -  Run Bytes Received By Job
	1773789  -  Total Bytes Sent By Job
	8620823  -  Total Bytes Received By Job
	Partitionable Resources :    Usage  Request Allocated 
	   Cpus                 :     0.98        1         1 
	   Disk (KB)            : 10707       10000 479737977 
	   Memory (MB)          :  1416        6144      8033 
...
