/isilon/condor/hep101.hep.brown.edu/execute/dir_109134
>> Setting macroDir to PWD

Processing compile_step1.C...
>> Running on BRUX, PairVLQ_x53x53_tWtW_narrow_RH_M1100_TuneCP5_13TeV-madgraph-pythia8 stored on BRUX
>> Input file path: /isilon/hadoop/store/group/bruxljm/FWLJMET106XUL_singleLep2017UL_RunIISummer20_X53X53/PairVLQ_x53x53_tWtW_narrow_RH_M1100_TuneCP5_13TeV-madgraph-pythia8/singleLep2017UL/230310_181922/0000
>> Running step1 over list: 153 154 155 16 17 18 19 2 20 21 22 23 24 25 26 27 28 29 3 30 31 32 33 34 35 36 37 38 39 4
>> Adding PairVLQ_x53x53_tWtW_narrow_RH_M1100_TuneCP5_13TeV-madgraph-pythia8_153.root to the list by reading PairVLQ_x53x53_tWtW_narrow_RH_M1100_TuneCP5_13TeV-madgraph-pythia8_153
>> Adding PairVLQ_x53x53_tWtW_narrow_RH_M1100_TuneCP5_13TeV-madgraph-pythia8_154.root to the list by reading PairVLQ_x53x53_tWtW_narrow_RH_M1100_TuneCP5_13TeV-madgraph-pythia8_154
>> Adding PairVLQ_x53x53_tWtW_narrow_RH_M1100_TuneCP5_13TeV-madgraph-pythia8_155.root to the list by reading PairVLQ_x53x53_tWtW_narrow_RH_M1100_TuneCP5_13TeV-madgraph-pythia8_155
>> Adding PairVLQ_x53x53_tWtW_narrow_RH_M1100_TuneCP5_13TeV-madgraph-pythia8_16.root to the list by reading PairVLQ_x53x53_tWtW_narrow_RH_M1100_TuneCP5_13TeV-madgraph-pythia8_16
>> Adding PairVLQ_x53x53_tWtW_narrow_RH_M1100_TuneCP5_13TeV-madgraph-pythia8_17.root to the list by reading PairVLQ_x53x53_tWtW_narrow_RH_M1100_TuneCP5_13TeV-madgraph-pythia8_17
>> Adding PairVLQ_x53x53_tWtW_narrow_RH_M1100_TuneCP5_13TeV-madgraph-pythia8_18.root to the list by reading PairVLQ_x53x53_tWtW_narrow_RH_M1100_TuneCP5_13TeV-madgraph-pythia8_18
>> Adding PairVLQ_x53x53_tWtW_narrow_RH_M1100_TuneCP5_13TeV-madgraph-pythia8_19.root to the list by reading PairVLQ_x53x53_tWtW_narrow_RH_M1100_TuneCP5_13TeV-madgraph-pythia8_19
>> Adding PairVLQ_x53x53_tWtW_narrow_RH_M1100_TuneCP5_13TeV-madgraph-pythia8_2.root to the list by reading PairVLQ_x53x53_tWtW_narrow_RH_M1100_TuneCP5_13TeV-madgraph-pythia8_2
>> Adding PairVLQ_x53x53_tWtW_narrow_RH_M1100_TuneCP5_13TeV-madgraph-pythia8_20.root to the list by reading PairVLQ_x53x53_tWtW_narrow_RH_M1100_TuneCP5_13TeV-madgraph-pythia8_20
>> Adding PairVLQ_x53x53_tWtW_narrow_RH_M1100_TuneCP5_13TeV-madgraph-pythia8_21.root to the list by reading PairVLQ_x53x53_tWtW_narrow_RH_M1100_TuneCP5_13TeV-madgraph-pythia8_21
>> Adding PairVLQ_x53x53_tWtW_narrow_RH_M1100_TuneCP5_13TeV-madgraph-pythia8_22.root to the list by reading PairVLQ_x53x53_tWtW_narrow_RH_M1100_TuneCP5_13TeV-madgraph-pythia8_22
>> Adding PairVLQ_x53x53_tWtW_narrow_RH_M1100_TuneCP5_13TeV-madgraph-pythia8_23.root to the list by reading PairVLQ_x53x53_tWtW_narrow_RH_M1100_TuneCP5_13TeV-madgraph-pythia8_23
>> Adding PairVLQ_x53x53_tWtW_narrow_RH_M1100_TuneCP5_13TeV-madgraph-pythia8_24.root to the list by reading PairVLQ_x53x53_tWtW_narrow_RH_M1100_TuneCP5_13TeV-madgraph-pythia8_24
>> Adding PairVLQ_x53x53_tWtW_narrow_RH_M1100_TuneCP5_13TeV-madgraph-pythia8_25.root to the list by reading PairVLQ_x53x53_tWtW_narrow_RH_M1100_TuneCP5_13TeV-madgraph-pythia8_25
>> Adding PairVLQ_x53x53_tWtW_narrow_RH_M1100_TuneCP5_13TeV-madgraph-pythia8_26.root to the list by reading PairVLQ_x53x53_tWtW_narrow_RH_M1100_TuneCP5_13TeV-madgraph-pythia8_26
>> Adding PairVLQ_x53x53_tWtW_narrow_RH_M1100_TuneCP5_13TeV-madgraph-pythia8_27.root to the list by reading PairVLQ_x53x53_tWtW_narrow_RH_M1100_TuneCP5_13TeV-madgraph-pythia8_27
>> Adding PairVLQ_x53x53_tWtW_narrow_RH_M1100_TuneCP5_13TeV-madgraph-pythia8_28.root to the list by reading PairVLQ_x53x53_tWtW_narrow_RH_M1100_TuneCP5_13TeV-madgraph-pythia8_28
>> Adding PairVLQ_x53x53_tWtW_narrow_RH_M1100_TuneCP5_13TeV-madgraph-pythia8_29.root to the list by reading PairVLQ_x53x53_tWtW_narrow_RH_M1100_TuneCP5_13TeV-madgraph-pythia8_29
>> Adding PairVLQ_x53x53_tWtW_narrow_RH_M1100_TuneCP5_13TeV-madgraph-pythia8_3.root to the list by reading PairVLQ_x53x53_tWtW_narrow_RH_M1100_TuneCP5_13TeV-madgraph-pythia8_3
>> Adding PairVLQ_x53x53_tWtW_narrow_RH_M1100_TuneCP5_13TeV-madgraph-pythia8_30.root to the list by reading PairVLQ_x53x53_tWtW_narrow_RH_M1100_TuneCP5_13TeV-madgraph-pythia8_30
>> Adding PairVLQ_x53x53_tWtW_narrow_RH_M1100_TuneCP5_13TeV-madgraph-pythia8_31.root to the list by reading PairVLQ_x53x53_tWtW_narrow_RH_M1100_TuneCP5_13TeV-madgraph-pythia8_31
>> Adding PairVLQ_x53x53_tWtW_narrow_RH_M1100_TuneCP5_13TeV-madgraph-pythia8_32.root to the list by reading PairVLQ_x53x53_tWtW_narrow_RH_M1100_TuneCP5_13TeV-madgraph-pythia8_32
>> Adding PairVLQ_x53x53_tWtW_narrow_RH_M1100_TuneCP5_13TeV-madgraph-pythia8_33.root to the list by reading PairVLQ_x53x53_tWtW_narrow_RH_M1100_TuneCP5_13TeV-madgraph-pythia8_33
>> Adding PairVLQ_x53x53_tWtW_narrow_RH_M1100_TuneCP5_13TeV-madgraph-pythia8_34.root to the list by reading PairVLQ_x53x53_tWtW_narrow_RH_M1100_TuneCP5_13TeV-madgraph-pythia8_34
>> Adding PairVLQ_x53x53_tWtW_narrow_RH_M1100_TuneCP5_13TeV-madgraph-pythia8_35.root to the list by reading PairVLQ_x53x53_tWtW_narrow_RH_M1100_TuneCP5_13TeV-madgraph-pythia8_35
>> Adding PairVLQ_x53x53_tWtW_narrow_RH_M1100_TuneCP5_13TeV-madgraph-pythia8_36.root to the list by reading PairVLQ_x53x53_tWtW_narrow_RH_M1100_TuneCP5_13TeV-madgraph-pythia8_36
>> Adding PairVLQ_x53x53_tWtW_narrow_RH_M1100_TuneCP5_13TeV-madgraph-pythia8_37.root to the list by reading PairVLQ_x53x53_tWtW_narrow_RH_M1100_TuneCP5_13TeV-madgraph-pythia8_37
>> Adding PairVLQ_x53x53_tWtW_narrow_RH_M1100_TuneCP5_13TeV-madgraph-pythia8_38.root to the list by reading PairVLQ_x53x53_tWtW_narrow_RH_M1100_TuneCP5_13TeV-madgraph-pythia8_38
>> Adding PairVLQ_x53x53_tWtW_narrow_RH_M1100_TuneCP5_13TeV-madgraph-pythia8_39.root to the list by reading PairVLQ_x53x53_tWtW_narrow_RH_M1100_TuneCP5_13TeV-madgraph-pythia8_39
>> Adding PairVLQ_x53x53_tWtW_narrow_RH_M1100_TuneCP5_13TeV-madgraph-pythia8_4.root to the list by reading PairVLQ_x53x53_tWtW_narrow_RH_M1100_TuneCP5_13TeV-madgraph-pythia8_4
[OPT] Using deepCSV reshaping file: reshaping_deepCSV_106XUL17_v4.csv
[OPT] Using deepJet reshaping file: reshaping_deepJet_106XUL17_v4.csv

>> Running /isilon/hadoop/store/group/bruxljm/FWLJMET106XUL_singleLep2017UL_RunIISummer20_X53X53/PairVLQ_x53x53_tWtW_narrow_RH_M1100_TuneCP5_13TeV-madgraph-pythia8/singleLep2017UL/230310_181922/0000/PairVLQ_x53x53_tWtW_narrow_RH_M1100_TuneCP5_13TeV-madgraph-pythia8_153.root for shift: nominal
[step1.h] Opening file: /isilon/hadoop/store/group/bruxljm/FWLJMET106XUL_singleLep2017UL_RunIISummer20_X53X53/PairVLQ_x53x53_tWtW_narrow_RH_M1100_TuneCP5_13TeV-madgraph-pythia8/singleLep2017UL/230310_181922/0000/PairVLQ_x53x53_tWtW_narrow_RH_M1100_TuneCP5_13TeV-madgraph-pythia8_153.root
[step1.h] Finished initializing
RUN CONFIG: YEAR = 2017
Era = 
isMC = 1, isSig = 1, SigMass = 4
isHad =0, isSE =0, isSM =0
isTTTT = 0, isXX = 1, isTpTp = 0, isBpBp = 0
For W's: isTT = 0, isSTt = 0, isSTtW = 0
For jets & PDF: isTOP = 0, isMadgraphBkg = 1
For HOTTagger Efficiencies: isTTV = 0, isTTHbb = 0, isTTHnonbb = 0, isTTTX = 0
isTTVV = 0, isST = 0, isTTToSemiLeptonHT500Njet9 = 0
Pileup sample key: PairVLQ_x53x53_tWtW_narrow_RH_M1100_TuneCP5_13TeV-madgraph-pythia8
b-tagging working points: 0.304(DeepJet)0.4506(DeepCSV)
isTTincMtt0to700: 0
isTTincMtt0to1000: 0
isTTincMtt700to1000: 0
isTTincMtt1000toInf: 0
isTTSemilepIncHT0Njet0: 0
isTTSemilepIncHT500Njet9: 0
outTTLF: 0
outTTCC: 0
outTTBB: 0
outTT1B: 0
outTT2B: 0
>> Completed 0 out of 1119 events
[INFO] Defaulting to central deepJet weight for: nominal
>> Completed 1000 out of 1119 events
Nelectrons      = 542 / 1119
Npassed_ElEta   = 542 / 1119
Nmuons          = 577 / 1119
NrelIsoFail     = 0 / 1119
Npassed_MuEta   = 577 / 1119
Npassed_nAK8Jets= 1119 / 1119
Npassed_Trigger = 1082 / 1119
Npassed_MET     = 942 / 1119
Npassed_lepPt   = 1006 / 1119
Npassed_HT      = 1116 / 1119
npass_Njets     = 1115 / 1119
Npassed_ALL     = 843 / 1119

>> Running /isilon/hadoop/store/group/bruxljm/FWLJMET106XUL_singleLep2017UL_RunIISummer20_X53X53/PairVLQ_x53x53_tWtW_narrow_RH_M1100_TuneCP5_13TeV-madgraph-pythia8/singleLep2017UL/230310_181922/0000/PairVLQ_x53x53_tWtW_narrow_RH_M1100_TuneCP5_13TeV-madgraph-pythia8_154.root for shift: nominal
[step1.h] Opening file: /isilon/hadoop/store/group/bruxljm/FWLJMET106XUL_singleLep2017UL_RunIISummer20_X53X53/PairVLQ_x53x53_tWtW_narrow_RH_M1100_TuneCP5_13TeV-madgraph-pythia8/singleLep2017UL/230310_181922/0000/PairVLQ_x53x53_tWtW_narrow_RH_M1100_TuneCP5_13TeV-madgraph-pythia8_154.root
[step1.h] Finished initializing
RUN CONFIG: YEAR = 2017
Era = 
isMC = 1, isSig = 1, SigMass = 4
isHad =0, isSE =0, isSM =0
isTTTT = 0, isXX = 1, isTpTp = 0, isBpBp = 0
For W's: isTT = 0, isSTt = 0, isSTtW = 0
For jets & PDF: isTOP = 0, isMadgraphBkg = 1
For HOTTagger Efficiencies: isTTV = 0, isTTHbb = 0, isTTHnonbb = 0, isTTTX = 0
isTTVV = 0, isST = 0, isTTToSemiLeptonHT500Njet9 = 0
Pileup sample key: PairVLQ_x53x53_tWtW_narrow_RH_M1100_TuneCP5_13TeV-madgraph-pythia8
b-tagging working points: 0.304(DeepJet)0.4506(DeepCSV)
isTTincMtt0to700: 0
isTTincMtt0to1000: 0
isTTincMtt700to1000: 0
isTTincMtt1000toInf: 0
isTTSemilepIncHT0Njet0: 0
isTTSemilepIncHT500Njet9: 0
outTTLF: 0
outTTCC: 0
outTTBB: 0
outTT1B: 0
outTT2B: 0
>> Completed 0 out of 1076 events
[INFO] Defaulting to central deepJet weight for: nominal
>> Completed 1000 out of 1076 events
Nelectrons      = 484 / 1076
Npassed_ElEta   = 484 / 1076
Nmuons          = 592 / 1076
NrelIsoFail     = 0 / 1076
Npassed_MuEta   = 592 / 1076
Npassed_nAK8Jets= 1076 / 1076
Npassed_Trigger = 1040 / 1076
Npassed_MET     = 926 / 1076
Npassed_lepPt   = 952 / 1076
Npassed_HT      = 1074 / 1076
npass_Njets     = 1073 / 1076
Npassed_ALL     = 812 / 1076

>> Running /isilon/hadoop/store/group/bruxljm/FWLJMET106XUL_singleLep2017UL_RunIISummer20_X53X53/PairVLQ_x53x53_tWtW_narrow_RH_M1100_TuneCP5_13TeV-madgraph-pythia8/singleLep2017UL/230310_181922/0000/PairVLQ_x53x53_tWtW_narrow_RH_M1100_TuneCP5_13TeV-madgraph-pythia8_155.root for shift: nominal
[step1.h] Opening file: /isilon/hadoop/store/group/bruxljm/FWLJMET106XUL_singleLep2017UL_RunIISummer20_X53X53/PairVLQ_x53x53_tWtW_narrow_RH_M1100_TuneCP5_13TeV-madgraph-pythia8/singleLep2017UL/230310_181922/0000/PairVLQ_x53x53_tWtW_narrow_RH_M1100_TuneCP5_13TeV-madgraph-pythia8_155.root
[step1.h] Finished initializing
RUN CONFIG: YEAR = 2017
Era = 
isMC = 1, isSig = 1, SigMass = 4
isHad =0, isSE =0, isSM =0
isTTTT = 0, isXX = 1, isTpTp = 0, isBpBp = 0
For W's: isTT = 0, isSTt = 0, isSTtW = 0
For jets & PDF: isTOP = 0, isMadgraphBkg = 1
For HOTTagger Efficiencies: isTTV = 0, isTTHbb = 0, isTTHnonbb = 0, isTTTX = 0
isTTVV = 0, isST = 0, isTTToSemiLeptonHT500Njet9 = 0
Pileup sample key: PairVLQ_x53x53_tWtW_narrow_RH_M1100_TuneCP5_13TeV-madgraph-pythia8
b-tagging working points: 0.304(DeepJet)0.4506(DeepCSV)
isTTincMtt0to700: 0
isTTincMtt0to1000: 0
isTTincMtt700to1000: 0
isTTincMtt1000toInf: 0
isTTSemilepIncHT0Njet0: 0
isTTSemilepIncHT500Njet9: 0
outTTLF: 0
outTTCC: 0
outTTBB: 0
outTT1B: 0
outTT2B: 0
>> Completed 0 out of 1076 events
[INFO] Defaulting to central deepJet weight for: nominal
>> Completed 1000 out of 1076 events
Nelectrons      = 500 / 1076
Npassed_ElEta   = 500 / 1076
Nmuons          = 576 / 1076
NrelIsoFail     = 0 / 1076
Npassed_MuEta   = 576 / 1076
Npassed_nAK8Jets= 1076 / 1076
Npassed_Trigger = 1038 / 1076
Npassed_MET     = 898 / 1076
Npassed_lepPt   = 963 / 1076
Npassed_HT      = 1074 / 1076
npass_Njets     = 1071 / 1076
Npassed_ALL     = 799 / 1076

>> Running /isilon/hadoop/store/group/bruxljm/FWLJMET106XUL_singleLep2017UL_RunIISummer20_X53X53/PairVLQ_x53x53_tWtW_narrow_RH_M1100_TuneCP5_13TeV-madgraph-pythia8/singleLep2017UL/230310_181922/0000/PairVLQ_x53x53_tWtW_narrow_RH_M1100_TuneCP5_13TeV-madgraph-pythia8_16.root for shift: nominal
[step1.h] Opening file: /isilon/hadoop/store/group/bruxljm/FWLJMET106XUL_singleLep2017UL_RunIISummer20_X53X53/PairVLQ_x53x53_tWtW_narrow_RH_M1100_TuneCP5_13TeV-madgraph-pythia8/singleLep2017UL/230310_181922/0000/PairVLQ_x53x53_tWtW_narrow_RH_M1100_TuneCP5_13TeV-madgraph-pythia8_16.root
[step1.h] Finished initializing
RUN CONFIG: YEAR = 2017
Era = 
isMC = 1, isSig = 1, SigMass = 4
isHad =0, isSE =0, isSM =0
isTTTT = 0, isXX = 1, isTpTp = 0, isBpBp = 0
For W's: isTT = 0, isSTt = 0, isSTtW = 0
For jets & PDF: isTOP = 0, isMadgraphBkg = 1
For HOTTagger Efficiencies: isTTV = 0, isTTHbb = 0, isTTHnonbb = 0, isTTTX = 0
isTTVV = 0, isST = 0, isTTToSemiLeptonHT500Njet9 = 0
Pileup sample key: PairVLQ_x53x53_tWtW_narrow_RH_M1100_TuneCP5_13TeV-madgraph-pythia8
b-tagging working points: 0.304(DeepJet)0.4506(DeepCSV)
isTTincMtt0to700: 0
isTTincMtt0to1000: 0
isTTincMtt700to1000: 0
isTTincMtt1000toInf: 0
isTTSemilepIncHT0Njet0: 0
isTTSemilepIncHT500Njet9: 0
outTTLF: 0
outTTCC: 0
outTTBB: 0
outTT1B: 0
outTT2B: 0
>> Completed 0 out of 1041 events
[INFO] Defaulting to central deepJet weight for: nominal
>> Completed 1000 out of 1041 events
Nelectrons      = 504 / 1041
Npassed_ElEta   = 504 / 1041
Nmuons          = 537 / 1041
NrelIsoFail     = 0 / 1041
Npassed_MuEta   = 537 / 1041
Npassed_nAK8Jets= 1041 / 1041
Npassed_Trigger = 1009 / 1041
Npassed_MET     = 879 / 1041
Npassed_lepPt   = 924 / 1041
Npassed_HT      = 1035 / 1041
npass_Njets     = 1037 / 1041
Npassed_ALL     = 774 / 1041

>> Running /isilon/hadoop/store/group/bruxljm/FWLJMET106XUL_singleLep2017UL_RunIISummer20_X53X53/PairVLQ_x53x53_tWtW_narrow_RH_M1100_TuneCP5_13TeV-madgraph-pythia8/singleLep2017UL/230310_181922/0000/PairVLQ_x53x53_tWtW_narrow_RH_M1100_TuneCP5_13TeV-madgraph-pythia8_17.root for shift: nominal
[step1.h] Opening file: /isilon/hadoop/store/group/bruxljm/FWLJMET106XUL_singleLep2017UL_RunIISummer20_X53X53/PairVLQ_x53x53_tWtW_narrow_RH_M1100_TuneCP5_13TeV-madgraph-pythia8/singleLep2017UL/230310_181922/0000/PairVLQ_x53x53_tWtW_narrow_RH_M1100_TuneCP5_13TeV-madgraph-pythia8_17.root
[step1.h] Finished initializing
RUN CONFIG: YEAR = 2017
Era = 
isMC = 1, isSig = 1, SigMass = 4
isHad =0, isSE =0, isSM =0
isTTTT = 0, isXX = 1, isTpTp = 0, isBpBp = 0
For W's: isTT = 0, isSTt = 0, isSTtW = 0
For jets & PDF: isTOP = 0, isMadgraphBkg = 1
For HOTTagger Efficiencies: isTTV = 0, isTTHbb = 0, isTTHnonbb = 0, isTTTX = 0
isTTVV = 0, isST = 0, isTTToSemiLeptonHT500Njet9 = 0
Pileup sample key: PairVLQ_x53x53_tWtW_narrow_RH_M1100_TuneCP5_13TeV-madgraph-pythia8
b-tagging working points: 0.304(DeepJet)0.4506(DeepCSV)
isTTincMtt0to700: 0
isTTincMtt0to1000: 0
isTTincMtt700to1000: 0
isTTincMtt1000toInf: 0
isTTSemilepIncHT0Njet0: 0
isTTSemilepIncHT500Njet9: 0
outTTLF: 0
outTTCC: 0
outTTBB: 0
outTT1B: 0
outTT2B: 0
>> Completed 0 out of 1068 events
[INFO] Defaulting to central deepJet weight for: nominal
>> Completed 1000 out of 1068 events
Nelectrons      = 505 / 1068
Npassed_ElEta   = 505 / 1068
Nmuons          = 563 / 1068
NrelIsoFail     = 0 / 1068
Npassed_MuEta   = 563 / 1068
Npassed_nAK8Jets= 1068 / 1068
Npassed_Trigger = 1024 / 1068
Npassed_MET     = 921 / 1068
Npassed_lepPt   = 945 / 1068
Npassed_HT      = 1066 / 1068
npass_Njets     = 1067 / 1068
Npassed_ALL     = 816 / 1068

>> Running /isilon/hadoop/store/group/bruxljm/FWLJMET106XUL_singleLep2017UL_RunIISummer20_X53X53/PairVLQ_x53x53_tWtW_narrow_RH_M1100_TuneCP5_13TeV-madgraph-pythia8/singleLep2017UL/230310_181922/0000/PairVLQ_x53x53_tWtW_narrow_RH_M1100_TuneCP5_13TeV-madgraph-pythia8_18.root for shift: nominal
[step1.h] Opening file: /isilon/hadoop/store/group/bruxljm/FWLJMET106XUL_singleLep2017UL_RunIISummer20_X53X53/PairVLQ_x53x53_tWtW_narrow_RH_M1100_TuneCP5_13TeV-madgraph-pythia8/singleLep2017UL/230310_181922/0000/PairVLQ_x53x53_tWtW_narrow_RH_M1100_TuneCP5_13TeV-madgraph-pythia8_18.root
[step1.h] Finished initializing
RUN CONFIG: YEAR = 2017
Era = 
isMC = 1, isSig = 1, SigMass = 4
isHad =0, isSE =0, isSM =0
isTTTT = 0, isXX = 1, isTpTp = 0, isBpBp = 0
For W's: isTT = 0, isSTt = 0, isSTtW = 0
For jets & PDF: isTOP = 0, isMadgraphBkg = 1
For HOTTagger Efficiencies: isTTV = 0, isTTHbb = 0, isTTHnonbb = 0, isTTTX = 0
isTTVV = 0, isST = 0, isTTToSemiLeptonHT500Njet9 = 0
Pileup sample key: PairVLQ_x53x53_tWtW_narrow_RH_M1100_TuneCP5_13TeV-madgraph-pythia8
b-tagging working points: 0.304(DeepJet)0.4506(DeepCSV)
isTTincMtt0to700: 0
isTTincMtt0to1000: 0
isTTincMtt700to1000: 0
isTTincMtt1000toInf: 0
isTTSemilepIncHT0Njet0: 0
isTTSemilepIncHT500Njet9: 0
outTTLF: 0
outTTCC: 0
outTTBB: 0
outTT1B: 0
outTT2B: 0
>> Completed 0 out of 1060 events
[INFO] Defaulting to central deepJet weight for: nominal
>> Completed 1000 out of 1060 events
Nelectrons      = 482 / 1060
Npassed_ElEta   = 482 / 1060
Nmuons          = 578 / 1060
NrelIsoFail     = 0 / 1060
Npassed_MuEta   = 578 / 1060
Npassed_nAK8Jets= 1060 / 1060
Npassed_Trigger = 1030 / 1060
Npassed_MET     = 907 / 1060
Npassed_lepPt   = 926 / 1060
Npassed_HT      = 1054 / 1060
npass_Njets     = 1058 / 1060
Npassed_ALL     = 785 / 1060

>> Running /isilon/hadoop/store/group/bruxljm/FWLJMET106XUL_singleLep2017UL_RunIISummer20_X53X53/PairVLQ_x53x53_tWtW_narrow_RH_M1100_TuneCP5_13TeV-madgraph-pythia8/singleLep2017UL/230310_181922/0000/PairVLQ_x53x53_tWtW_narrow_RH_M1100_TuneCP5_13TeV-madgraph-pythia8_19.root for shift: nominal
[step1.h] Opening file: /isilon/hadoop/store/group/bruxljm/FWLJMET106XUL_singleLep2017UL_RunIISummer20_X53X53/PairVLQ_x53x53_tWtW_narrow_RH_M1100_TuneCP5_13TeV-madgraph-pythia8/singleLep2017UL/230310_181922/0000/PairVLQ_x53x53_tWtW_narrow_RH_M1100_TuneCP5_13TeV-madgraph-pythia8_19.root
[step1.h] Finished initializing
RUN CONFIG: YEAR = 2017
Era = 
isMC = 1, isSig = 1, SigMass = 4
isHad =0, isSE =0, isSM =0
isTTTT = 0, isXX = 1, isTpTp = 0, isBpBp = 0
For W's: isTT = 0, isSTt = 0, isSTtW = 0
For jets & PDF: isTOP = 0, isMadgraphBkg = 1
For HOTTagger Efficiencies: isTTV = 0, isTTHbb = 0, isTTHnonbb = 0, isTTTX = 0
isTTVV = 0, isST = 0, isTTToSemiLeptonHT500Njet9 = 0
Pileup sample key: PairVLQ_x53x53_tWtW_narrow_RH_M1100_TuneCP5_13TeV-madgraph-pythia8
b-tagging working points: 0.304(DeepJet)0.4506(DeepCSV)
isTTincMtt0to700: 0
isTTincMtt0to1000: 0
isTTincMtt700to1000: 0
isTTincMtt1000toInf: 0
isTTSemilepIncHT0Njet0: 0
isTTSemilepIncHT500Njet9: 0
outTTLF: 0
outTTCC: 0
outTTBB: 0
outTT1B: 0
outTT2B: 0
>> Completed 0 out of 1021 events
[INFO] Defaulting to central deepJet weight for: nominal
>> Completed 1000 out of 1021 events
Nelectrons      = 507 / 1021
Npassed_ElEta   = 507 / 1021
Nmuons          = 514 / 1021
NrelIsoFail     = 0 / 1021
Npassed_MuEta   = 514 / 1021
Npassed_nAK8Jets= 1021 / 1021
Npassed_Trigger = 986 / 1021
Npassed_MET     = 885 / 1021
Npassed_lepPt   = 927 / 1021
Npassed_HT      = 1018 / 1021
npass_Njets     = 1016 / 1021
Npassed_ALL     = 800 / 1021

>> Running /isilon/hadoop/store/group/bruxljm/FWLJMET106XUL_singleLep2017UL_RunIISummer20_X53X53/PairVLQ_x53x53_tWtW_narrow_RH_M1100_TuneCP5_13TeV-madgraph-pythia8/singleLep2017UL/230310_181922/0000/PairVLQ_x53x53_tWtW_narrow_RH_M1100_TuneCP5_13TeV-madgraph-pythia8_2.root for shift: nominal
[step1.h] Opening file: /isilon/hadoop/store/group/bruxljm/FWLJMET106XUL_singleLep2017UL_RunIISummer20_X53X53/PairVLQ_x53x53_tWtW_narrow_RH_M1100_TuneCP5_13TeV-madgraph-pythia8/singleLep2017UL/230310_181922/0000/PairVLQ_x53x53_tWtW_narrow_RH_M1100_TuneCP5_13TeV-madgraph-pythia8_2.root
[step1.h] Finished initializing
RUN CONFIG: YEAR = 2017
Era = 
isMC = 1, isSig = 1, SigMass = 4
isHad =0, isSE =0, isSM =0
isTTTT = 0, isXX = 1, isTpTp = 0, isBpBp = 0
For W's: isTT = 0, isSTt = 0, isSTtW = 0
For jets & PDF: isTOP = 0, isMadgraphBkg = 1
For HOTTagger Efficiencies: isTTV = 0, isTTHbb = 0, isTTHnonbb = 0, isTTTX = 0
isTTVV = 0, isST = 0, isTTToSemiLeptonHT500Njet9 = 0
Pileup sample key: PairVLQ_x53x53_tWtW_narrow_RH_M1100_TuneCP5_13TeV-madgraph-pythia8
b-tagging working points: 0.304(DeepJet)0.4506(DeepCSV)
isTTincMtt0to700: 0
isTTincMtt0to1000: 0
isTTincMtt700to1000: 0
isTTincMtt1000toInf: 0
isTTSemilepIncHT0Njet0: 0
isTTSemilepIncHT500Njet9: 0
outTTLF: 0
outTTCC: 0
outTTBB: 0
outTT1B: 0
outTT2B: 0
>> Completed 0 out of 1028 events
[INFO] Defaulting to central deepJet weight for: nominal
>> Completed 1000 out of 1028 events
Nelectrons      = 506 / 1028
Npassed_ElEta   = 506 / 1028
Nmuons          = 522 / 1028
NrelIsoFail     = 0 / 1028
Npassed_MuEta   = 522 / 1028
Npassed_nAK8Jets= 1028 / 1028
Npassed_Trigger = 988 / 1028
Npassed_MET     = 895 / 1028
Npassed_lepPt   = 920 / 1028
Npassed_HT      = 1023 / 1028
npass_Njets     = 1026 / 1028
Npassed_ALL     = 794 / 1028

>> Running /isilon/hadoop/store/group/bruxljm/FWLJMET106XUL_singleLep2017UL_RunIISummer20_X53X53/PairVLQ_x53x53_tWtW_narrow_RH_M1100_TuneCP5_13TeV-madgraph-pythia8/singleLep2017UL/230310_181922/0000/PairVLQ_x53x53_tWtW_narrow_RH_M1100_TuneCP5_13TeV-madgraph-pythia8_20.root for shift: nominal
[step1.h] Opening file: /isilon/hadoop/store/group/bruxljm/FWLJMET106XUL_singleLep2017UL_RunIISummer20_X53X53/PairVLQ_x53x53_tWtW_narrow_RH_M1100_TuneCP5_13TeV-madgraph-pythia8/singleLep2017UL/230310_181922/0000/PairVLQ_x53x53_tWtW_narrow_RH_M1100_TuneCP5_13TeV-madgraph-pythia8_20.root
[step1.h] Finished initializing
RUN CONFIG: YEAR = 2017
Era = 
isMC = 1, isSig = 1, SigMass = 4
isHad =0, isSE =0, isSM =0
isTTTT = 0, isXX = 1, isTpTp = 0, isBpBp = 0
For W's: isTT = 0, isSTt = 0, isSTtW = 0
For jets & PDF: isTOP = 0, isMadgraphBkg = 1
For HOTTagger Efficiencies: isTTV = 0, isTTHbb = 0, isTTHnonbb = 0, isTTTX = 0
isTTVV = 0, isST = 0, isTTToSemiLeptonHT500Njet9 = 0
Pileup sample key: PairVLQ_x53x53_tWtW_narrow_RH_M1100_TuneCP5_13TeV-madgraph-pythia8
b-tagging working points: 0.304(DeepJet)0.4506(DeepCSV)
isTTincMtt0to700: 0
isTTincMtt0to1000: 0
isTTincMtt700to1000: 0
isTTincMtt1000toInf: 0
isTTSemilepIncHT0Njet0: 0
isTTSemilepIncHT500Njet9: 0
outTTLF: 0
outTTCC: 0
outTTBB: 0
outTT1B: 0
outTT2B: 0
>> Completed 0 out of 1086 events
[INFO] Defaulting to central deepJet weight for: nominal
>> Completed 1000 out of 1086 events
Nelectrons      = 515 / 1086
Npassed_ElEta   = 515 / 1086
Nmuons          = 571 / 1086
NrelIsoFail     = 0 / 1086
Npassed_MuEta   = 571 / 1086
Npassed_nAK8Jets= 1086 / 1086
Npassed_Trigger = 1052 / 1086
Npassed_MET     = 933 / 1086
Npassed_lepPt   = 964 / 1086
Npassed_HT      = 1081 / 1086
npass_Njets     = 1082 / 1086
Npassed_ALL     = 823 / 1086

>> Running /isilon/hadoop/store/group/bruxljm/FWLJMET106XUL_singleLep2017UL_RunIISummer20_X53X53/PairVLQ_x53x53_tWtW_narrow_RH_M1100_TuneCP5_13TeV-madgraph-pythia8/singleLep2017UL/230310_181922/0000/PairVLQ_x53x53_tWtW_narrow_RH_M1100_TuneCP5_13TeV-madgraph-pythia8_21.root for shift: nominal
[step1.h] Opening file: /isilon/hadoop/store/group/bruxljm/FWLJMET106XUL_singleLep2017UL_RunIISummer20_X53X53/PairVLQ_x53x53_tWtW_narrow_RH_M1100_TuneCP5_13TeV-madgraph-pythia8/singleLep2017UL/230310_181922/0000/PairVLQ_x53x53_tWtW_narrow_RH_M1100_TuneCP5_13TeV-madgraph-pythia8_21.root
[step1.h] Finished initializing
RUN CONFIG: YEAR = 2017
Era = 
isMC = 1, isSig = 1, SigMass = 4
isHad =0, isSE =0, isSM =0
isTTTT = 0, isXX = 1, isTpTp = 0, isBpBp = 0
For W's: isTT = 0, isSTt = 0, isSTtW = 0
For jets & PDF: isTOP = 0, isMadgraphBkg = 1
For HOTTagger Efficiencies: isTTV = 0, isTTHbb = 0, isTTHnonbb = 0, isTTTX = 0
isTTVV = 0, isST = 0, isTTToSemiLeptonHT500Njet9 = 0
Pileup sample key: PairVLQ_x53x53_tWtW_narrow_RH_M1100_TuneCP5_13TeV-madgraph-pythia8
b-tagging working points: 0.304(DeepJet)0.4506(DeepCSV)
isTTincMtt0to700: 0
isTTincMtt0to1000: 0
isTTincMtt700to1000: 0
isTTincMtt1000toInf: 0
isTTSemilepIncHT0Njet0: 0
isTTSemilepIncHT500Njet9: 0
outTTLF: 0
outTTCC: 0
outTTBB: 0
outTT1B: 0
outTT2B: 0
>> Completed 0 out of 1060 events
[INFO] Defaulting to central deepJet weight for: nominal
>> Completed 1000 out of 1060 events
Nelectrons      = 492 / 1060
Npassed_ElEta   = 492 / 1060
Nmuons          = 568 / 1060
NrelIsoFail     = 0 / 1060
Npassed_MuEta   = 568 / 1060
Npassed_nAK8Jets= 1060 / 1060
Npassed_Trigger = 1030 / 1060
Npassed_MET     = 932 / 1060
Npassed_lepPt   = 929 / 1060
Npassed_HT      = 1058 / 1060
npass_Njets     = 1056 / 1060
Npassed_ALL     = 810 / 1060

>> Running /isilon/hadoop/store/group/bruxljm/FWLJMET106XUL_singleLep2017UL_RunIISummer20_X53X53/PairVLQ_x53x53_tWtW_narrow_RH_M1100_TuneCP5_13TeV-madgraph-pythia8/singleLep2017UL/230310_181922/0000/PairVLQ_x53x53_tWtW_narrow_RH_M1100_TuneCP5_13TeV-madgraph-pythia8_22.root for shift: nominal
[step1.h] Opening file: /isilon/hadoop/store/group/bruxljm/FWLJMET106XUL_singleLep2017UL_RunIISummer20_X53X53/PairVLQ_x53x53_tWtW_narrow_RH_M1100_TuneCP5_13TeV-madgraph-pythia8/singleLep2017UL/230310_181922/0000/PairVLQ_x53x53_tWtW_narrow_RH_M1100_TuneCP5_13TeV-madgraph-pythia8_22.root
[step1.h] Finished initializing
RUN CONFIG: YEAR = 2017
Era = 
isMC = 1, isSig = 1, SigMass = 4
isHad =0, isSE =0, isSM =0
isTTTT = 0, isXX = 1, isTpTp = 0, isBpBp = 0
For W's: isTT = 0, isSTt = 0, isSTtW = 0
For jets & PDF: isTOP = 0, isMadgraphBkg = 1
For HOTTagger Efficiencies: isTTV = 0, isTTHbb = 0, isTTHnonbb = 0, isTTTX = 0
isTTVV = 0, isST = 0, isTTToSemiLeptonHT500Njet9 = 0
Pileup sample key: PairVLQ_x53x53_tWtW_narrow_RH_M1100_TuneCP5_13TeV-madgraph-pythia8
b-tagging working points: 0.304(DeepJet)0.4506(DeepCSV)
isTTincMtt0to700: 0
isTTincMtt0to1000: 0
isTTincMtt700to1000: 0
isTTincMtt1000toInf: 0
isTTSemilepIncHT0Njet0: 0
isTTSemilepIncHT500Njet9: 0
outTTLF: 0
outTTCC: 0
outTTBB: 0
outTT1B: 0
outTT2B: 0
>> Completed 0 out of 1088 events
[INFO] Defaulting to central deepJet weight for: nominal
>> Completed 1000 out of 1088 events
Nelectrons      = 509 / 1088
Npassed_ElEta   = 509 / 1088
Nmuons          = 579 / 1088
NrelIsoFail     = 0 / 1088
Npassed_MuEta   = 579 / 1088
Npassed_nAK8Jets= 1088 / 1088
Npassed_Trigger = 1049 / 1088
Npassed_MET     = 940 / 1088
Npassed_lepPt   = 991 / 1088
Npassed_HT      = 1084 / 1088
npass_Njets     = 1085 / 1088
Npassed_ALL     = 850 / 1088

>> Running /isilon/hadoop/store/group/bruxljm/FWLJMET106XUL_singleLep2017UL_RunIISummer20_X53X53/PairVLQ_x53x53_tWtW_narrow_RH_M1100_TuneCP5_13TeV-madgraph-pythia8/singleLep2017UL/230310_181922/0000/PairVLQ_x53x53_tWtW_narrow_RH_M1100_TuneCP5_13TeV-madgraph-pythia8_23.root for shift: nominal
[step1.h] Opening file: /isilon/hadoop/store/group/bruxljm/FWLJMET106XUL_singleLep2017UL_RunIISummer20_X53X53/PairVLQ_x53x53_tWtW_narrow_RH_M1100_TuneCP5_13TeV-madgraph-pythia8/singleLep2017UL/230310_181922/0000/PairVLQ_x53x53_tWtW_narrow_RH_M1100_TuneCP5_13TeV-madgraph-pythia8_23.root
[step1.h] Finished initializing
RUN CONFIG: YEAR = 2017
Era = 
isMC = 1, isSig = 1, SigMass = 4
isHad =0, isSE =0, isSM =0
isTTTT = 0, isXX = 1, isTpTp = 0, isBpBp = 0
For W's: isTT = 0, isSTt = 0, isSTtW = 0
For jets & PDF: isTOP = 0, isMadgraphBkg = 1
For HOTTagger Efficiencies: isTTV = 0, isTTHbb = 0, isTTHnonbb = 0, isTTTX = 0
isTTVV = 0, isST = 0, isTTToSemiLeptonHT500Njet9 = 0
Pileup sample key: PairVLQ_x53x53_tWtW_narrow_RH_M1100_TuneCP5_13TeV-madgraph-pythia8
b-tagging working points: 0.304(DeepJet)0.4506(DeepCSV)
isTTincMtt0to700: 0
isTTincMtt0to1000: 0
isTTincMtt700to1000: 0
isTTincMtt1000toInf: 0
isTTSemilepIncHT0Njet0: 0
isTTSemilepIncHT500Njet9: 0
outTTLF: 0
outTTCC: 0
outTTBB: 0
outTT1B: 0
outTT2B: 0
>> Completed 0 out of 1080 events
[INFO] Defaulting to central deepJet weight for: nominal
>> Completed 1000 out of 1080 events
Nelectrons      = 509 / 1080
Npassed_ElEta   = 509 / 1080
Nmuons          = 571 / 1080
NrelIsoFail     = 0 / 1080
Npassed_MuEta   = 571 / 1080
Npassed_nAK8Jets= 1080 / 1080
Npassed_Trigger = 1038 / 1080
Npassed_MET     = 928 / 1080
Npassed_lepPt   = 976 / 1080
Npassed_HT      = 1075 / 1080
npass_Njets     = 1078 / 1080
Npassed_ALL     = 830 / 1080

>> Running /isilon/hadoop/store/group/bruxljm/FWLJMET106XUL_singleLep2017UL_RunIISummer20_X53X53/PairVLQ_x53x53_tWtW_narrow_RH_M1100_TuneCP5_13TeV-madgraph-pythia8/singleLep2017UL/230310_181922/0000/PairVLQ_x53x53_tWtW_narrow_RH_M1100_TuneCP5_13TeV-madgraph-pythia8_24.root for shift: nominal
[step1.h] Opening file: /isilon/hadoop/store/group/bruxljm/FWLJMET106XUL_singleLep2017UL_RunIISummer20_X53X53/PairVLQ_x53x53_tWtW_narrow_RH_M1100_TuneCP5_13TeV-madgraph-pythia8/singleLep2017UL/230310_181922/0000/PairVLQ_x53x53_tWtW_narrow_RH_M1100_TuneCP5_13TeV-madgraph-pythia8_24.root
[step1.h] Finished initializing
RUN CONFIG: YEAR = 2017
Era = 
isMC = 1, isSig = 1, SigMass = 4
isHad =0, isSE =0, isSM =0
isTTTT = 0, isXX = 1, isTpTp = 0, isBpBp = 0
For W's: isTT = 0, isSTt = 0, isSTtW = 0
For jets & PDF: isTOP = 0, isMadgraphBkg = 1
For HOTTagger Efficiencies: isTTV = 0, isTTHbb = 0, isTTHnonbb = 0, isTTTX = 0
isTTVV = 0, isST = 0, isTTToSemiLeptonHT500Njet9 = 0
Pileup sample key: PairVLQ_x53x53_tWtW_narrow_RH_M1100_TuneCP5_13TeV-madgraph-pythia8
b-tagging working points: 0.304(DeepJet)0.4506(DeepCSV)
isTTincMtt0to700: 0
isTTincMtt0to1000: 0
isTTincMtt700to1000: 0
isTTincMtt1000toInf: 0
isTTSemilepIncHT0Njet0: 0
isTTSemilepIncHT500Njet9: 0
outTTLF: 0
outTTCC: 0
outTTBB: 0
outTT1B: 0
outTT2B: 0
>> Completed 0 out of 1060 events
[INFO] Defaulting to central deepJet weight for: nominal
>> Completed 1000 out of 1060 events
Nelectrons      = 453 / 1060
Npassed_ElEta   = 453 / 1060
Nmuons          = 607 / 1060
NrelIsoFail     = 0 / 1060
Npassed_MuEta   = 607 / 1060
Npassed_nAK8Jets= 1060 / 1060
Npassed_Trigger = 1033 / 1060
Npassed_MET     = 926 / 1060
Npassed_lepPt   = 958 / 1060
Npassed_HT      = 1060 / 1060
npass_Njets     = 1055 / 1060
Npassed_ALL     = 832 / 1060

>> Running /isilon/hadoop/store/group/bruxljm/FWLJMET106XUL_singleLep2017UL_RunIISummer20_X53X53/PairVLQ_x53x53_tWtW_narrow_RH_M1100_TuneCP5_13TeV-madgraph-pythia8/singleLep2017UL/230310_181922/0000/PairVLQ_x53x53_tWtW_narrow_RH_M1100_TuneCP5_13TeV-madgraph-pythia8_25.root for shift: nominal
[step1.h] Opening file: /isilon/hadoop/store/group/bruxljm/FWLJMET106XUL_singleLep2017UL_RunIISummer20_X53X53/PairVLQ_x53x53_tWtW_narrow_RH_M1100_TuneCP5_13TeV-madgraph-pythia8/singleLep2017UL/230310_181922/0000/PairVLQ_x53x53_tWtW_narrow_RH_M1100_TuneCP5_13TeV-madgraph-pythia8_25.root
[step1.h] Finished initializing
RUN CONFIG: YEAR = 2017
Era = 
isMC = 1, isSig = 1, SigMass = 4
isHad =0, isSE =0, isSM =0
isTTTT = 0, isXX = 1, isTpTp = 0, isBpBp = 0
For W's: isTT = 0, isSTt = 0, isSTtW = 0
For jets & PDF: isTOP = 0, isMadgraphBkg = 1
For HOTTagger Efficiencies: isTTV = 0, isTTHbb = 0, isTTHnonbb = 0, isTTTX = 0
isTTVV = 0, isST = 0, isTTToSemiLeptonHT500Njet9 = 0
Pileup sample key: PairVLQ_x53x53_tWtW_narrow_RH_M1100_TuneCP5_13TeV-madgraph-pythia8
b-tagging working points: 0.304(DeepJet)0.4506(DeepCSV)
isTTincMtt0to700: 0
isTTincMtt0to1000: 0
isTTincMtt700to1000: 0
isTTincMtt1000toInf: 0
isTTSemilepIncHT0Njet0: 0
isTTSemilepIncHT500Njet9: 0
outTTLF: 0
outTTCC: 0
outTTBB: 0
outTT1B: 0
outTT2B: 0
>> Completed 0 out of 1055 events
[INFO] Defaulting to central deepJet weight for: nominal
>> Completed 1000 out of 1055 events
Nelectrons      = 466 / 1055
Npassed_ElEta   = 466 / 1055
Nmuons          = 589 / 1055
NrelIsoFail     = 0 / 1055
Npassed_MuEta   = 589 / 1055
Npassed_nAK8Jets= 1055 / 1055
Npassed_Trigger = 1014 / 1055
Npassed_MET     = 897 / 1055
Npassed_lepPt   = 947 / 1055
Npassed_HT      = 1053 / 1055
npass_Njets     = 1052 / 1055
Npassed_ALL     = 798 / 1055

>> Running /isilon/hadoop/store/group/bruxljm/FWLJMET106XUL_singleLep2017UL_RunIISummer20_X53X53/PairVLQ_x53x53_tWtW_narrow_RH_M1100_TuneCP5_13TeV-madgraph-pythia8/singleLep2017UL/230310_181922/0000/PairVLQ_x53x53_tWtW_narrow_RH_M1100_TuneCP5_13TeV-madgraph-pythia8_26.root for shift: nominal
[step1.h] Opening file: /isilon/hadoop/store/group/bruxljm/FWLJMET106XUL_singleLep2017UL_RunIISummer20_X53X53/PairVLQ_x53x53_tWtW_narrow_RH_M1100_TuneCP5_13TeV-madgraph-pythia8/singleLep2017UL/230310_181922/0000/PairVLQ_x53x53_tWtW_narrow_RH_M1100_TuneCP5_13TeV-madgraph-pythia8_26.root
[step1.h] Finished initializing
RUN CONFIG: YEAR = 2017
Era = 
isMC = 1, isSig = 1, SigMass = 4
isHad =0, isSE =0, isSM =0
isTTTT = 0, isXX = 1, isTpTp = 0, isBpBp = 0
For W's: isTT = 0, isSTt = 0, isSTtW = 0
For jets & PDF: isTOP = 0, isMadgraphBkg = 1
For HOTTagger Efficiencies: isTTV = 0, isTTHbb = 0, isTTHnonbb = 0, isTTTX = 0
isTTVV = 0, isST = 0, isTTToSemiLeptonHT500Njet9 = 0
Pileup sample key: PairVLQ_x53x53_tWtW_narrow_RH_M1100_TuneCP5_13TeV-madgraph-pythia8
b-tagging working points: 0.304(DeepJet)0.4506(DeepCSV)
isTTincMtt0to700: 0
isTTincMtt0to1000: 0
isTTincMtt700to1000: 0
isTTincMtt1000toInf: 0
isTTSemilepIncHT0Njet0: 0
isTTSemilepIncHT500Njet9: 0
outTTLF: 0
outTTCC: 0
outTTBB: 0
outTT1B: 0
outTT2B: 0
>> Completed 0 out of 1040 events
[INFO] Defaulting to central deepJet weight for: nominal
>> Completed 1000 out of 1040 events
Nelectrons      = 475 / 1040
Npassed_ElEta   = 475 / 1040
Nmuons          = 565 / 1040
NrelIsoFail     = 0 / 1040
Npassed_MuEta   = 565 / 1040
Npassed_nAK8Jets= 1040 / 1040
Npassed_Trigger = 993 / 1040
Npassed_MET     = 893 / 1040
Npassed_lepPt   = 929 / 1040
Npassed_HT      = 1035 / 1040
npass_Njets     = 1034 / 1040
Npassed_ALL     = 787 / 1040

>> Running /isilon/hadoop/store/group/bruxljm/FWLJMET106XUL_singleLep2017UL_RunIISummer20_X53X53/PairVLQ_x53x53_tWtW_narrow_RH_M1100_TuneCP5_13TeV-madgraph-pythia8/singleLep2017UL/230310_181922/0000/PairVLQ_x53x53_tWtW_narrow_RH_M1100_TuneCP5_13TeV-madgraph-pythia8_27.root for shift: nominal
[step1.h] Opening file: /isilon/hadoop/store/group/bruxljm/FWLJMET106XUL_singleLep2017UL_RunIISummer20_X53X53/PairVLQ_x53x53_tWtW_narrow_RH_M1100_TuneCP5_13TeV-madgraph-pythia8/singleLep2017UL/230310_181922/0000/PairVLQ_x53x53_tWtW_narrow_RH_M1100_TuneCP5_13TeV-madgraph-pythia8_27.root
[step1.h] Finished initializing
RUN CONFIG: YEAR = 2017
Era = 
isMC = 1, isSig = 1, SigMass = 4
isHad =0, isSE =0, isSM =0
isTTTT = 0, isXX = 1, isTpTp = 0, isBpBp = 0
For W's: isTT = 0, isSTt = 0, isSTtW = 0
For jets & PDF: isTOP = 0, isMadgraphBkg = 1
For HOTTagger Efficiencies: isTTV = 0, isTTHbb = 0, isTTHnonbb = 0, isTTTX = 0
isTTVV = 0, isST = 0, isTTToSemiLeptonHT500Njet9 = 0
Pileup sample key: PairVLQ_x53x53_tWtW_narrow_RH_M1100_TuneCP5_13TeV-madgraph-pythia8
b-tagging working points: 0.304(DeepJet)0.4506(DeepCSV)
isTTincMtt0to700: 0
isTTincMtt0to1000: 0
isTTincMtt700to1000: 0
isTTincMtt1000toInf: 0
isTTSemilepIncHT0Njet0: 0
isTTSemilepIncHT500Njet9: 0
outTTLF: 0
outTTCC: 0
outTTBB: 0
outTT1B: 0
outTT2B: 0
>> Completed 0 out of 526 events
[INFO] Defaulting to central deepJet weight for: nominal
Nelectrons      = 255 / 526
Npassed_ElEta   = 255 / 526
Nmuons          = 271 / 526
NrelIsoFail     = 0 / 526
Npassed_MuEta   = 271 / 526
Npassed_nAK8Jets= 526 / 526
Npassed_Trigger = 509 / 526
Npassed_MET     = 458 / 526
Npassed_lepPt   = 463 / 526
Npassed_HT      = 526 / 526
npass_Njets     = 524 / 526
Npassed_ALL     = 397 / 526

>> Running /isilon/hadoop/store/group/bruxljm/FWLJMET106XUL_singleLep2017UL_RunIISummer20_X53X53/PairVLQ_x53x53_tWtW_narrow_RH_M1100_TuneCP5_13TeV-madgraph-pythia8/singleLep2017UL/230310_181922/0000/PairVLQ_x53x53_tWtW_narrow_RH_M1100_TuneCP5_13TeV-madgraph-pythia8_28.root for shift: nominal
[step1.h] Opening file: /isilon/hadoop/store/group/bruxljm/FWLJMET106XUL_singleLep2017UL_RunIISummer20_X53X53/PairVLQ_x53x53_tWtW_narrow_RH_M1100_TuneCP5_13TeV-madgraph-pythia8/singleLep2017UL/230310_181922/0000/PairVLQ_x53x53_tWtW_narrow_RH_M1100_TuneCP5_13TeV-madgraph-pythia8_28.root
[step1.h] Finished initializing
RUN CONFIG: YEAR = 2017
Era = 
isMC = 1, isSig = 1, SigMass = 4
isHad =0, isSE =0, isSM =0
isTTTT = 0, isXX = 1, isTpTp = 0, isBpBp = 0
For W's: isTT = 0, isSTt = 0, isSTtW = 0
For jets & PDF: isTOP = 0, isMadgraphBkg = 1
For HOTTagger Efficiencies: isTTV = 0, isTTHbb = 0, isTTHnonbb = 0, isTTTX = 0
isTTVV = 0, isST = 0, isTTToSemiLeptonHT500Njet9 = 0
Pileup sample key: PairVLQ_x53x53_tWtW_narrow_RH_M1100_TuneCP5_13TeV-madgraph-pythia8
b-tagging working points: 0.304(DeepJet)0.4506(DeepCSV)
isTTincMtt0to700: 0
isTTincMtt0to1000: 0
isTTincMtt700to1000: 0
isTTincMtt1000toInf: 0
isTTSemilepIncHT0Njet0: 0
isTTSemilepIncHT500Njet9: 0
outTTLF: 0
outTTCC: 0
outTTBB: 0
outTT1B: 0
outTT2B: 0
>> Completed 0 out of 1082 events
[INFO] Defaulting to central deepJet weight for: nominal
>> Completed 1000 out of 1082 events
Nelectrons      = 514 / 1082
Npassed_ElEta   = 514 / 1082
Nmuons          = 568 / 1082
NrelIsoFail     = 0 / 1082
Npassed_MuEta   = 568 / 1082
Npassed_nAK8Jets= 1082 / 1082
Npassed_Trigger = 1058 / 1082
Npassed_MET     = 925 / 1082
Npassed_lepPt   = 972 / 1082
Npassed_HT      = 1079 / 1082
npass_Njets     = 1076 / 1082
Npassed_ALL     = 825 / 1082

>> Running /isilon/hadoop/store/group/bruxljm/FWLJMET106XUL_singleLep2017UL_RunIISummer20_X53X53/PairVLQ_x53x53_tWtW_narrow_RH_M1100_TuneCP5_13TeV-madgraph-pythia8/singleLep2017UL/230310_181922/0000/PairVLQ_x53x53_tWtW_narrow_RH_M1100_TuneCP5_13TeV-madgraph-pythia8_29.root for shift: nominal
[step1.h] Opening file: /isilon/hadoop/store/group/bruxljm/FWLJMET106XUL_singleLep2017UL_RunIISummer20_X53X53/PairVLQ_x53x53_tWtW_narrow_RH_M1100_TuneCP5_13TeV-madgraph-pythia8/singleLep2017UL/230310_181922/0000/PairVLQ_x53x53_tWtW_narrow_RH_M1100_TuneCP5_13TeV-madgraph-pythia8_29.root
[step1.h] Finished initializing
RUN CONFIG: YEAR = 2017
Era = 
isMC = 1, isSig = 1, SigMass = 4
isHad =0, isSE =0, isSM =0
isTTTT = 0, isXX = 1, isTpTp = 0, isBpBp = 0
For W's: isTT = 0, isSTt = 0, isSTtW = 0
For jets & PDF: isTOP = 0, isMadgraphBkg = 1
For HOTTagger Efficiencies: isTTV = 0, isTTHbb = 0, isTTHnonbb = 0, isTTTX = 0
isTTVV = 0, isST = 0, isTTToSemiLeptonHT500Njet9 = 0
Pileup sample key: PairVLQ_x53x53_tWtW_narrow_RH_M1100_TuneCP5_13TeV-madgraph-pythia8
b-tagging working points: 0.304(DeepJet)0.4506(DeepCSV)
isTTincMtt0to700: 0
isTTincMtt0to1000: 0
isTTincMtt700to1000: 0
isTTincMtt1000toInf: 0
isTTSemilepIncHT0Njet0: 0
isTTSemilepIncHT500Njet9: 0
outTTLF: 0
outTTCC: 0
outTTBB: 0
outTT1B: 0
outTT2B: 0
>> Completed 0 out of 542 events
[INFO] Defaulting to central deepJet weight for: nominal
Nelectrons      = 249 / 542
Npassed_ElEta   = 249 / 542
Nmuons          = 293 / 542
NrelIsoFail     = 0 / 542
Npassed_MuEta   = 293 / 542
Npassed_nAK8Jets= 542 / 542
Npassed_Trigger = 519 / 542
Npassed_MET     = 463 / 542
Npassed_lepPt   = 481 / 542
Npassed_HT      = 541 / 542
npass_Njets     = 538 / 542
Npassed_ALL     = 406 / 542

>> Running /isilon/hadoop/store/group/bruxljm/FWLJMET106XUL_singleLep2017UL_RunIISummer20_X53X53/PairVLQ_x53x53_tWtW_narrow_RH_M1100_TuneCP5_13TeV-madgraph-pythia8/singleLep2017UL/230310_181922/0000/PairVLQ_x53x53_tWtW_narrow_RH_M1100_TuneCP5_13TeV-madgraph-pythia8_3.root for shift: nominal
[step1.h] Opening file: /isilon/hadoop/store/group/bruxljm/FWLJMET106XUL_singleLep2017UL_RunIISummer20_X53X53/PairVLQ_x53x53_tWtW_narrow_RH_M1100_TuneCP5_13TeV-madgraph-pythia8/singleLep2017UL/230310_181922/0000/PairVLQ_x53x53_tWtW_narrow_RH_M1100_TuneCP5_13TeV-madgraph-pythia8_3.root
[step1.h] Finished initializing
RUN CONFIG: YEAR = 2017
Era = 
isMC = 1, isSig = 1, SigMass = 4
isHad =0, isSE =0, isSM =0
isTTTT = 0, isXX = 1, isTpTp = 0, isBpBp = 0
For W's: isTT = 0, isSTt = 0, isSTtW = 0
For jets & PDF: isTOP = 0, isMadgraphBkg = 1
For HOTTagger Efficiencies: isTTV = 0, isTTHbb = 0, isTTHnonbb = 0, isTTTX = 0
isTTVV = 0, isST = 0, isTTToSemiLeptonHT500Njet9 = 0
Pileup sample key: PairVLQ_x53x53_tWtW_narrow_RH_M1100_TuneCP5_13TeV-madgraph-pythia8
b-tagging working points: 0.304(DeepJet)0.4506(DeepCSV)
isTTincMtt0to700: 0
isTTincMtt0to1000: 0
isTTincMtt700to1000: 0
isTTincMtt1000toInf: 0
isTTSemilepIncHT0Njet0: 0
isTTSemilepIncHT500Njet9: 0
outTTLF: 0
outTTCC: 0
outTTBB: 0
outTT1B: 0
outTT2B: 0
>> Completed 0 out of 1076 events
[INFO] Defaulting to central deepJet weight for: nominal
>> Completed 1000 out of 1076 events
Nelectrons      = 535 / 1076
Npassed_ElEta   = 535 / 1076
Nmuons          = 541 / 1076
NrelIsoFail     = 0 / 1076
Npassed_MuEta   = 541 / 1076
Npassed_nAK8Jets= 1076 / 1076
Npassed_Trigger = 1038 / 1076
Npassed_MET     = 913 / 1076
Npassed_lepPt   = 953 / 1076
Npassed_HT      = 1073 / 1076
npass_Njets     = 1071 / 1076
Npassed_ALL     = 799 / 1076

>> Running /isilon/hadoop/store/group/bruxljm/FWLJMET106XUL_singleLep2017UL_RunIISummer20_X53X53/PairVLQ_x53x53_tWtW_narrow_RH_M1100_TuneCP5_13TeV-madgraph-pythia8/singleLep2017UL/230310_181922/0000/PairVLQ_x53x53_tWtW_narrow_RH_M1100_TuneCP5_13TeV-madgraph-pythia8_30.root for shift: nominal
[step1.h] Opening file: /isilon/hadoop/store/group/bruxljm/FWLJMET106XUL_singleLep2017UL_RunIISummer20_X53X53/PairVLQ_x53x53_tWtW_narrow_RH_M1100_TuneCP5_13TeV-madgraph-pythia8/singleLep2017UL/230310_181922/0000/PairVLQ_x53x53_tWtW_narrow_RH_M1100_TuneCP5_13TeV-madgraph-pythia8_30.root
[step1.h] Finished initializing
RUN CONFIG: YEAR = 2017
Era = 
isMC = 1, isSig = 1, SigMass = 4
isHad =0, isSE =0, isSM =0
isTTTT = 0, isXX = 1, isTpTp = 0, isBpBp = 0
For W's: isTT = 0, isSTt = 0, isSTtW = 0
For jets & PDF: isTOP = 0, isMadgraphBkg = 1
For HOTTagger Efficiencies: isTTV = 0, isTTHbb = 0, isTTHnonbb = 0, isTTTX = 0
isTTVV = 0, isST = 0, isTTToSemiLeptonHT500Njet9 = 0
Pileup sample key: PairVLQ_x53x53_tWtW_narrow_RH_M1100_TuneCP5_13TeV-madgraph-pythia8
b-tagging working points: 0.304(DeepJet)0.4506(DeepCSV)
isTTincMtt0to700: 0
isTTincMtt0to1000: 0
isTTincMtt700to1000: 0
isTTincMtt1000toInf: 0
isTTSemilepIncHT0Njet0: 0
isTTSemilepIncHT500Njet9: 0
outTTLF: 0
outTTCC: 0
outTTBB: 0
outTT1B: 0
outTT2B: 0
>> Completed 0 out of 1068 events
[INFO] Defaulting to central deepJet weight for: nominal
>> Completed 1000 out of 1068 events
Nelectrons      = 524 / 1068
Npassed_ElEta   = 524 / 1068
Nmuons          = 544 / 1068
NrelIsoFail     = 0 / 1068
Npassed_MuEta   = 544 / 1068
Npassed_nAK8Jets= 1068 / 1068
Npassed_Trigger = 1039 / 1068
Npassed_MET     = 929 / 1068
Npassed_lepPt   = 942 / 1068
Npassed_HT      = 1062 / 1068
npass_Njets     = 1065 / 1068
Npassed_ALL     = 809 / 1068

>> Running /isilon/hadoop/store/group/bruxljm/FWLJMET106XUL_singleLep2017UL_RunIISummer20_X53X53/PairVLQ_x53x53_tWtW_narrow_RH_M1100_TuneCP5_13TeV-madgraph-pythia8/singleLep2017UL/230310_181922/0000/PairVLQ_x53x53_tWtW_narrow_RH_M1100_TuneCP5_13TeV-madgraph-pythia8_31.root for shift: nominal
[step1.h] Opening file: /isilon/hadoop/store/group/bruxljm/FWLJMET106XUL_singleLep2017UL_RunIISummer20_X53X53/PairVLQ_x53x53_tWtW_narrow_RH_M1100_TuneCP5_13TeV-madgraph-pythia8/singleLep2017UL/230310_181922/0000/PairVLQ_x53x53_tWtW_narrow_RH_M1100_TuneCP5_13TeV-madgraph-pythia8_31.root
[step1.h] Finished initializing
RUN CONFIG: YEAR = 2017
Era = 
isMC = 1, isSig = 1, SigMass = 4
isHad =0, isSE =0, isSM =0
isTTTT = 0, isXX = 1, isTpTp = 0, isBpBp = 0
For W's: isTT = 0, isSTt = 0, isSTtW = 0
For jets & PDF: isTOP = 0, isMadgraphBkg = 1
For HOTTagger Efficiencies: isTTV = 0, isTTHbb = 0, isTTHnonbb = 0, isTTTX = 0
isTTVV = 0, isST = 0, isTTToSemiLeptonHT500Njet9 = 0
Pileup sample key: PairVLQ_x53x53_tWtW_narrow_RH_M1100_TuneCP5_13TeV-madgraph-pythia8
b-tagging working points: 0.304(DeepJet)0.4506(DeepCSV)
isTTincMtt0to700: 0
isTTincMtt0to1000: 0
isTTincMtt700to1000: 0
isTTincMtt1000toInf: 0
isTTSemilepIncHT0Njet0: 0
isTTSemilepIncHT500Njet9: 0
outTTLF: 0
outTTCC: 0
outTTBB: 0
outTT1B: 0
outTT2B: 0
>> Completed 0 out of 1101 events
[INFO] Defaulting to central deepJet weight for: nominal
>> Completed 1000 out of 1101 events
Nelectrons      = 499 / 1101
Npassed_ElEta   = 499 / 1101
Nmuons          = 602 / 1101
NrelIsoFail     = 0 / 1101
Npassed_MuEta   = 602 / 1101
Npassed_nAK8Jets= 1101 / 1101
Npassed_Trigger = 1066 / 1101
Npassed_MET     = 959 / 1101
Npassed_lepPt   = 988 / 1101
Npassed_HT      = 1098 / 1101
npass_Njets     = 1099 / 1101
Npassed_ALL     = 855 / 1101

>> Running /isilon/hadoop/store/group/bruxljm/FWLJMET106XUL_singleLep2017UL_RunIISummer20_X53X53/PairVLQ_x53x53_tWtW_narrow_RH_M1100_TuneCP5_13TeV-madgraph-pythia8/singleLep2017UL/230310_181922/0000/PairVLQ_x53x53_tWtW_narrow_RH_M1100_TuneCP5_13TeV-madgraph-pythia8_32.root for shift: nominal
[step1.h] Opening file: /isilon/hadoop/store/group/bruxljm/FWLJMET106XUL_singleLep2017UL_RunIISummer20_X53X53/PairVLQ_x53x53_tWtW_narrow_RH_M1100_TuneCP5_13TeV-madgraph-pythia8/singleLep2017UL/230310_181922/0000/PairVLQ_x53x53_tWtW_narrow_RH_M1100_TuneCP5_13TeV-madgraph-pythia8_32.root
[step1.h] Finished initializing
RUN CONFIG: YEAR = 2017
Era = 
isMC = 1, isSig = 1, SigMass = 4
isHad =0, isSE =0, isSM =0
isTTTT = 0, isXX = 1, isTpTp = 0, isBpBp = 0
For W's: isTT = 0, isSTt = 0, isSTtW = 0
For jets & PDF: isTOP = 0, isMadgraphBkg = 1
For HOTTagger Efficiencies: isTTV = 0, isTTHbb = 0, isTTHnonbb = 0, isTTTX = 0
isTTVV = 0, isST = 0, isTTToSemiLeptonHT500Njet9 = 0
Pileup sample key: PairVLQ_x53x53_tWtW_narrow_RH_M1100_TuneCP5_13TeV-madgraph-pythia8
b-tagging working points: 0.304(DeepJet)0.4506(DeepCSV)
isTTincMtt0to700: 0
isTTincMtt0to1000: 0
isTTincMtt700to1000: 0
isTTincMtt1000toInf: 0
isTTSemilepIncHT0Njet0: 0
isTTSemilepIncHT500Njet9: 0
outTTLF: 0
outTTCC: 0
outTTBB: 0
outTT1B: 0
outTT2B: 0
>> Completed 0 out of 516 events
[INFO] Defaulting to central deepJet weight for: nominal
Nelectrons      = 250 / 516
Npassed_ElEta   = 250 / 516
Nmuons          = 266 / 516
NrelIsoFail     = 0 / 516
Npassed_MuEta   = 266 / 516
Npassed_nAK8Jets= 516 / 516
Npassed_Trigger = 503 / 516
Npassed_MET     = 430 / 516
Npassed_lepPt   = 463 / 516
Npassed_HT      = 516 / 516
npass_Njets     = 511 / 516
Npassed_ALL     = 381 / 516

>> Running /isilon/hadoop/store/group/bruxljm/FWLJMET106XUL_singleLep2017UL_RunIISummer20_X53X53/PairVLQ_x53x53_tWtW_narrow_RH_M1100_TuneCP5_13TeV-madgraph-pythia8/singleLep2017UL/230310_181922/0000/PairVLQ_x53x53_tWtW_narrow_RH_M1100_TuneCP5_13TeV-madgraph-pythia8_33.root for shift: nominal
[step1.h] Opening file: /isilon/hadoop/store/group/bruxljm/FWLJMET106XUL_singleLep2017UL_RunIISummer20_X53X53/PairVLQ_x53x53_tWtW_narrow_RH_M1100_TuneCP5_13TeV-madgraph-pythia8/singleLep2017UL/230310_181922/0000/PairVLQ_x53x53_tWtW_narrow_RH_M1100_TuneCP5_13TeV-madgraph-pythia8_33.root
[step1.h] Finished initializing
RUN CONFIG: YEAR = 2017
Era = 
isMC = 1, isSig = 1, SigMass = 4
isHad =0, isSE =0, isSM =0
isTTTT = 0, isXX = 1, isTpTp = 0, isBpBp = 0
For W's: isTT = 0, isSTt = 0, isSTtW = 0
For jets & PDF: isTOP = 0, isMadgraphBkg = 1
For HOTTagger Efficiencies: isTTV = 0, isTTHbb = 0, isTTHnonbb = 0, isTTTX = 0
isTTVV = 0, isST = 0, isTTToSemiLeptonHT500Njet9 = 0
Pileup sample key: PairVLQ_x53x53_tWtW_narrow_RH_M1100_TuneCP5_13TeV-madgraph-pythia8
b-tagging working points: 0.304(DeepJet)0.4506(DeepCSV)
isTTincMtt0to700: 0
isTTincMtt0to1000: 0
isTTincMtt700to1000: 0
isTTincMtt1000toInf: 0
isTTSemilepIncHT0Njet0: 0
isTTSemilepIncHT500Njet9: 0
outTTLF: 0
outTTCC: 0
outTTBB: 0
outTT1B: 0
outTT2B: 0
>> Completed 0 out of 1039 events
[INFO] Defaulting to central deepJet weight for: nominal
>> Completed 1000 out of 1039 events
Nelectrons      = 495 / 1039
Npassed_ElEta   = 495 / 1039
Nmuons          = 544 / 1039
NrelIsoFail     = 0 / 1039
Npassed_MuEta   = 544 / 1039
Npassed_nAK8Jets= 1039 / 1039
Npassed_Trigger = 1006 / 1039
Npassed_MET     = 916 / 1039
Npassed_lepPt   = 940 / 1039
Npassed_HT      = 1036 / 1039
npass_Njets     = 1033 / 1039
Npassed_ALL     = 822 / 1039

>> Running /isilon/hadoop/store/group/bruxljm/FWLJMET106XUL_singleLep2017UL_RunIISummer20_X53X53/PairVLQ_x53x53_tWtW_narrow_RH_M1100_TuneCP5_13TeV-madgraph-pythia8/singleLep2017UL/230310_181922/0000/PairVLQ_x53x53_tWtW_narrow_RH_M1100_TuneCP5_13TeV-madgraph-pythia8_34.root for shift: nominal
[step1.h] Opening file: /isilon/hadoop/store/group/bruxljm/FWLJMET106XUL_singleLep2017UL_RunIISummer20_X53X53/PairVLQ_x53x53_tWtW_narrow_RH_M1100_TuneCP5_13TeV-madgraph-pythia8/singleLep2017UL/230310_181922/0000/PairVLQ_x53x53_tWtW_narrow_RH_M1100_TuneCP5_13TeV-madgraph-pythia8_34.root
[step1.h] Finished initializing
RUN CONFIG: YEAR = 2017
Era = 
isMC = 1, isSig = 1, SigMass = 4
isHad =0, isSE =0, isSM =0
isTTTT = 0, isXX = 1, isTpTp = 0, isBpBp = 0
For W's: isTT = 0, isSTt = 0, isSTtW = 0
For jets & PDF: isTOP = 0, isMadgraphBkg = 1
For HOTTagger Efficiencies: isTTV = 0, isTTHbb = 0, isTTHnonbb = 0, isTTTX = 0
isTTVV = 0, isST = 0, isTTToSemiLeptonHT500Njet9 = 0
Pileup sample key: PairVLQ_x53x53_tWtW_narrow_RH_M1100_TuneCP5_13TeV-madgraph-pythia8
b-tagging working points: 0.304(DeepJet)0.4506(DeepCSV)
isTTincMtt0to700: 0
isTTincMtt0to1000: 0
isTTincMtt700to1000: 0
isTTincMtt1000toInf: 0
isTTSemilepIncHT0Njet0: 0
isTTSemilepIncHT500Njet9: 0
outTTLF: 0
outTTCC: 0
outTTBB: 0
outTT1B: 0
outTT2B: 0
>> Completed 0 out of 535 events
[INFO] Defaulting to central deepJet weight for: nominal
Nelectrons      = 270 / 535
Npassed_ElEta   = 270 / 535
Nmuons          = 265 / 535
NrelIsoFail     = 0 / 535
Npassed_MuEta   = 265 / 535
Npassed_nAK8Jets= 535 / 535
Npassed_Trigger = 511 / 535
Npassed_MET     = 458 / 535
Npassed_lepPt   = 476 / 535
Npassed_HT      = 532 / 535
npass_Njets     = 532 / 535
Npassed_ALL     = 406 / 535

>> Running /isilon/hadoop/store/group/bruxljm/FWLJMET106XUL_singleLep2017UL_RunIISummer20_X53X53/PairVLQ_x53x53_tWtW_narrow_RH_M1100_TuneCP5_13TeV-madgraph-pythia8/singleLep2017UL/230310_181922/0000/PairVLQ_x53x53_tWtW_narrow_RH_M1100_TuneCP5_13TeV-madgraph-pythia8_35.root for shift: nominal
[step1.h] Opening file: /isilon/hadoop/store/group/bruxljm/FWLJMET106XUL_singleLep2017UL_RunIISummer20_X53X53/PairVLQ_x53x53_tWtW_narrow_RH_M1100_TuneCP5_13TeV-madgraph-pythia8/singleLep2017UL/230310_181922/0000/PairVLQ_x53x53_tWtW_narrow_RH_M1100_TuneCP5_13TeV-madgraph-pythia8_35.root
[step1.h] Finished initializing
RUN CONFIG: YEAR = 2017
Era = 
isMC = 1, isSig = 1, SigMass = 4
isHad =0, isSE =0, isSM =0
isTTTT = 0, isXX = 1, isTpTp = 0, isBpBp = 0
For W's: isTT = 0, isSTt = 0, isSTtW = 0
For jets & PDF: isTOP = 0, isMadgraphBkg = 1
For HOTTagger Efficiencies: isTTV = 0, isTTHbb = 0, isTTHnonbb = 0, isTTTX = 0
isTTVV = 0, isST = 0, isTTToSemiLeptonHT500Njet9 = 0
Pileup sample key: PairVLQ_x53x53_tWtW_narrow_RH_M1100_TuneCP5_13TeV-madgraph-pythia8
b-tagging working points: 0.304(DeepJet)0.4506(DeepCSV)
isTTincMtt0to700: 0
isTTincMtt0to1000: 0
isTTincMtt700to1000: 0
isTTincMtt1000toInf: 0
isTTSemilepIncHT0Njet0: 0
isTTSemilepIncHT500Njet9: 0
outTTLF: 0
outTTCC: 0
outTTBB: 0
outTT1B: 0
outTT2B: 0
>> Completed 0 out of 513 events
[INFO] Defaulting to central deepJet weight for: nominal
Nelectrons      = 247 / 513
Npassed_ElEta   = 247 / 513
Nmuons          = 266 / 513
NrelIsoFail     = 0 / 513
Npassed_MuEta   = 266 / 513
Npassed_nAK8Jets= 513 / 513
Npassed_Trigger = 499 / 513
Npassed_MET     = 451 / 513
Npassed_lepPt   = 457 / 513
Npassed_HT      = 512 / 513
npass_Njets     = 511 / 513
Npassed_ALL     = 399 / 513

>> Running /isilon/hadoop/store/group/bruxljm/FWLJMET106XUL_singleLep2017UL_RunIISummer20_X53X53/PairVLQ_x53x53_tWtW_narrow_RH_M1100_TuneCP5_13TeV-madgraph-pythia8/singleLep2017UL/230310_181922/0000/PairVLQ_x53x53_tWtW_narrow_RH_M1100_TuneCP5_13TeV-madgraph-pythia8_36.root for shift: nominal
[step1.h] Opening file: /isilon/hadoop/store/group/bruxljm/FWLJMET106XUL_singleLep2017UL_RunIISummer20_X53X53/PairVLQ_x53x53_tWtW_narrow_RH_M1100_TuneCP5_13TeV-madgraph-pythia8/singleLep2017UL/230310_181922/0000/PairVLQ_x53x53_tWtW_narrow_RH_M1100_TuneCP5_13TeV-madgraph-pythia8_36.root
[step1.h] Finished initializing
RUN CONFIG: YEAR = 2017
Era = 
isMC = 1, isSig = 1, SigMass = 4
isHad =0, isSE =0, isSM =0
isTTTT = 0, isXX = 1, isTpTp = 0, isBpBp = 0
For W's: isTT = 0, isSTt = 0, isSTtW = 0
For jets & PDF: isTOP = 0, isMadgraphBkg = 1
For HOTTagger Efficiencies: isTTV = 0, isTTHbb = 0, isTTHnonbb = 0, isTTTX = 0
isTTVV = 0, isST = 0, isTTToSemiLeptonHT500Njet9 = 0
Pileup sample key: PairVLQ_x53x53_tWtW_narrow_RH_M1100_TuneCP5_13TeV-madgraph-pythia8
b-tagging working points: 0.304(DeepJet)0.4506(DeepCSV)
isTTincMtt0to700: 0
isTTincMtt0to1000: 0
isTTincMtt700to1000: 0
isTTincMtt1000toInf: 0
isTTSemilepIncHT0Njet0: 0
isTTSemilepIncHT500Njet9: 0
outTTLF: 0
outTTCC: 0
outTTBB: 0
outTT1B: 0
outTT2B: 0
>> Completed 0 out of 525 events
[INFO] Defaulting to central deepJet weight for: nominal
Nelectrons      = 267 / 525
Npassed_ElEta   = 267 / 525
Nmuons          = 258 / 525
NrelIsoFail     = 0 / 525
Npassed_MuEta   = 258 / 525
Npassed_nAK8Jets= 525 / 525
Npassed_Trigger = 498 / 525
Npassed_MET     = 449 / 525
Npassed_lepPt   = 470 / 525
Npassed_HT      = 523 / 525
npass_Njets     = 522 / 525
Npassed_ALL     = 399 / 525

>> Running /isilon/hadoop/store/group/bruxljm/FWLJMET106XUL_singleLep2017UL_RunIISummer20_X53X53/PairVLQ_x53x53_tWtW_narrow_RH_M1100_TuneCP5_13TeV-madgraph-pythia8/singleLep2017UL/230310_181922/0000/PairVLQ_x53x53_tWtW_narrow_RH_M1100_TuneCP5_13TeV-madgraph-pythia8_37.root for shift: nominal
[step1.h] Opening file: /isilon/hadoop/store/group/bruxljm/FWLJMET106XUL_singleLep2017UL_RunIISummer20_X53X53/PairVLQ_x53x53_tWtW_narrow_RH_M1100_TuneCP5_13TeV-madgraph-pythia8/singleLep2017UL/230310_181922/0000/PairVLQ_x53x53_tWtW_narrow_RH_M1100_TuneCP5_13TeV-madgraph-pythia8_37.root
[step1.h] Finished initializing
RUN CONFIG: YEAR = 2017
Era = 
isMC = 1, isSig = 1, SigMass = 4
isHad =0, isSE =0, isSM =0
isTTTT = 0, isXX = 1, isTpTp = 0, isBpBp = 0
For W's: isTT = 0, isSTt = 0, isSTtW = 0
For jets & PDF: isTOP = 0, isMadgraphBkg = 1
For HOTTagger Efficiencies: isTTV = 0, isTTHbb = 0, isTTHnonbb = 0, isTTTX = 0
isTTVV = 0, isST = 0, isTTToSemiLeptonHT500Njet9 = 0
Pileup sample key: PairVLQ_x53x53_tWtW_narrow_RH_M1100_TuneCP5_13TeV-madgraph-pythia8
b-tagging working points: 0.304(DeepJet)0.4506(DeepCSV)
isTTincMtt0to700: 0
isTTincMtt0to1000: 0
isTTincMtt700to1000: 0
isTTincMtt1000toInf: 0
isTTSemilepIncHT0Njet0: 0
isTTSemilepIncHT500Njet9: 0
outTTLF: 0
outTTCC: 0
outTTBB: 0
outTT1B: 0
outTT2B: 0
>> Completed 0 out of 1053 events
[INFO] Defaulting to central deepJet weight for: nominal
>> Completed 1000 out of 1053 events
Nelectrons      = 467 / 1053
Npassed_ElEta   = 467 / 1053
Nmuons          = 586 / 1053
NrelIsoFail     = 0 / 1053
Npassed_MuEta   = 586 / 1053
Npassed_nAK8Jets= 1053 / 1053
Npassed_Trigger = 1016 / 1053
Npassed_MET     = 873 / 1053
Npassed_lepPt   = 943 / 1053
Npassed_HT      = 1050 / 1053
npass_Njets     = 1051 / 1053
Npassed_ALL     = 779 / 1053

>> Running /isilon/hadoop/store/group/bruxljm/FWLJMET106XUL_singleLep2017UL_RunIISummer20_X53X53/PairVLQ_x53x53_tWtW_narrow_RH_M1100_TuneCP5_13TeV-madgraph-pythia8/singleLep2017UL/230310_181922/0000/PairVLQ_x53x53_tWtW_narrow_RH_M1100_TuneCP5_13TeV-madgraph-pythia8_38.root for shift: nominal
[step1.h] Opening file: /isilon/hadoop/store/group/bruxljm/FWLJMET106XUL_singleLep2017UL_RunIISummer20_X53X53/PairVLQ_x53x53_tWtW_narrow_RH_M1100_TuneCP5_13TeV-madgraph-pythia8/singleLep2017UL/230310_181922/0000/PairVLQ_x53x53_tWtW_narrow_RH_M1100_TuneCP5_13TeV-madgraph-pythia8_38.root
[step1.h] Finished initializing
RUN CONFIG: YEAR = 2017
Era = 
isMC = 1, isSig = 1, SigMass = 4
isHad =0, isSE =0, isSM =0
isTTTT = 0, isXX = 1, isTpTp = 0, isBpBp = 0
For W's: isTT = 0, isSTt = 0, isSTtW = 0
For jets & PDF: isTOP = 0, isMadgraphBkg = 1
For HOTTagger Efficiencies: isTTV = 0, isTTHbb = 0, isTTHnonbb = 0, isTTTX = 0
isTTVV = 0, isST = 0, isTTToSemiLeptonHT500Njet9 = 0
Pileup sample key: PairVLQ_x53x53_tWtW_narrow_RH_M1100_TuneCP5_13TeV-madgraph-pythia8
b-tagging working points: 0.304(DeepJet)0.4506(DeepCSV)
isTTincMtt0to700: 0
isTTincMtt0to1000: 0
isTTincMtt700to1000: 0
isTTincMtt1000toInf: 0
isTTSemilepIncHT0Njet0: 0
isTTSemilepIncHT500Njet9: 0
outTTLF: 0
outTTCC: 0
outTTBB: 0
outTT1B: 0
outTT2B: 0
>> Completed 0 out of 1017 events
[INFO] Defaulting to central deepJet weight for: nominal
>> Completed 1000 out of 1017 events
Nelectrons      = 458 / 1017
Npassed_ElEta   = 458 / 1017
Nmuons          = 559 / 1017
NrelIsoFail     = 0 / 1017
Npassed_MuEta   = 559 / 1017
Npassed_nAK8Jets= 1017 / 1017
Npassed_Trigger = 977 / 1017
Npassed_MET     = 899 / 1017
Npassed_lepPt   = 917 / 1017
Npassed_HT      = 1014 / 1017
npass_Njets     = 1010 / 1017
Npassed_ALL     = 807 / 1017

>> Running /isilon/hadoop/store/group/bruxljm/FWLJMET106XUL_singleLep2017UL_RunIISummer20_X53X53/PairVLQ_x53x53_tWtW_narrow_RH_M1100_TuneCP5_13TeV-madgraph-pythia8/singleLep2017UL/230310_181922/0000/PairVLQ_x53x53_tWtW_narrow_RH_M1100_TuneCP5_13TeV-madgraph-pythia8_39.root for shift: nominal
[step1.h] Opening file: /isilon/hadoop/store/group/bruxljm/FWLJMET106XUL_singleLep2017UL_RunIISummer20_X53X53/PairVLQ_x53x53_tWtW_narrow_RH_M1100_TuneCP5_13TeV-madgraph-pythia8/singleLep2017UL/230310_181922/0000/PairVLQ_x53x53_tWtW_narrow_RH_M1100_TuneCP5_13TeV-madgraph-pythia8_39.root
[step1.h] Finished initializing
RUN CONFIG: YEAR = 2017
Era = 
isMC = 1, isSig = 1, SigMass = 4
isHad =0, isSE =0, isSM =0
isTTTT = 0, isXX = 1, isTpTp = 0, isBpBp = 0
For W's: isTT = 0, isSTt = 0, isSTtW = 0
For jets & PDF: isTOP = 0, isMadgraphBkg = 1
For HOTTagger Efficiencies: isTTV = 0, isTTHbb = 0, isTTHnonbb = 0, isTTTX = 0
isTTVV = 0, isST = 0, isTTToSemiLeptonHT500Njet9 = 0
Pileup sample key: PairVLQ_x53x53_tWtW_narrow_RH_M1100_TuneCP5_13TeV-madgraph-pythia8
b-tagging working points: 0.304(DeepJet)0.4506(DeepCSV)
isTTincMtt0to700: 0
isTTincMtt0to1000: 0
isTTincMtt700to1000: 0
isTTincMtt1000toInf: 0
isTTSemilepIncHT0Njet0: 0
isTTSemilepIncHT500Njet9: 0
outTTLF: 0
outTTCC: 0
outTTBB: 0
outTT1B: 0
outTT2B: 0
>> Completed 0 out of 1058 events
[INFO] Defaulting to central deepJet weight for: nominal
>> Completed 1000 out of 1058 events
Nelectrons      = 510 / 1058
Npassed_ElEta   = 510 / 1058
Nmuons          = 548 / 1058
NrelIsoFail     = 0 / 1058
Npassed_MuEta   = 548 / 1058
Npassed_nAK8Jets= 1058 / 1058
Npassed_Trigger = 1018 / 1058
Npassed_MET     = 911 / 1058
Npassed_lepPt   = 966 / 1058
Npassed_HT      = 1055 / 1058
npass_Njets     = 1055 / 1058
Npassed_ALL     = 831 / 1058

>> Running /isilon/hadoop/store/group/bruxljm/FWLJMET106XUL_singleLep2017UL_RunIISummer20_X53X53/PairVLQ_x53x53_tWtW_narrow_RH_M1100_TuneCP5_13TeV-madgraph-pythia8/singleLep2017UL/230310_181922/0000/PairVLQ_x53x53_tWtW_narrow_RH_M1100_TuneCP5_13TeV-madgraph-pythia8_4.root for shift: nominal
[step1.h] Opening file: /isilon/hadoop/store/group/bruxljm/FWLJMET106XUL_singleLep2017UL_RunIISummer20_X53X53/PairVLQ_x53x53_tWtW_narrow_RH_M1100_TuneCP5_13TeV-madgraph-pythia8/singleLep2017UL/230310_181922/0000/PairVLQ_x53x53_tWtW_narrow_RH_M1100_TuneCP5_13TeV-madgraph-pythia8_4.root
[step1.h] Finished initializing
RUN CONFIG: YEAR = 2017
Era = 
isMC = 1, isSig = 1, SigMass = 4
isHad =0, isSE =0, isSM =0
isTTTT = 0, isXX = 1, isTpTp = 0, isBpBp = 0
For W's: isTT = 0, isSTt = 0, isSTtW = 0
For jets & PDF: isTOP = 0, isMadgraphBkg = 1
For HOTTagger Efficiencies: isTTV = 0, isTTHbb = 0, isTTHnonbb = 0, isTTTX = 0
isTTVV = 0, isST = 0, isTTToSemiLeptonHT500Njet9 = 0
Pileup sample key: PairVLQ_x53x53_tWtW_narrow_RH_M1100_TuneCP5_13TeV-madgraph-pythia8
b-tagging working points: 0.304(DeepJet)0.4506(DeepCSV)
isTTincMtt0to700: 0
isTTincMtt0to1000: 0
isTTincMtt700to1000: 0
isTTincMtt1000toInf: 0
isTTSemilepIncHT0Njet0: 0
isTTSemilepIncHT500Njet9: 0
outTTLF: 0
outTTCC: 0
outTTBB: 0
outTT1B: 0
outTT2B: 0
>> Completed 0 out of 1059 events
[INFO] Defaulting to central deepJet weight for: nominal
>> Completed 1000 out of 1059 events
Nelectrons      = 500 / 1059
Npassed_ElEta   = 500 / 1059
Nmuons          = 559 / 1059
NrelIsoFail     = 0 / 1059
Npassed_MuEta   = 559 / 1059
Npassed_nAK8Jets= 1059 / 1059
Npassed_Trigger = 1015 / 1059
Npassed_MET     = 921 / 1059
Npassed_lepPt   = 940 / 1059
Npassed_HT      = 1056 / 1059
npass_Njets     = 1054 / 1059
Npassed_ALL     = 810 / 1059
>> Available ROOT Files:
-rw-r--r-- 1 fsimpson gridusers 3024881 Apr 24 09:09 PairVLQ_x53x53_tWtW_narrow_RH_M1100_TuneCP5_13TeV-madgraph-pythia8_153nominal.root
-rw-r--r-- 1 fsimpson gridusers 2887103 Apr 24 09:09 PairVLQ_x53x53_tWtW_narrow_RH_M1100_TuneCP5_13TeV-madgraph-pythia8_154nominal.root
-rw-r--r-- 1 fsimpson gridusers 2802597 Apr 24 09:09 PairVLQ_x53x53_tWtW_narrow_RH_M1100_TuneCP5_13TeV-madgraph-pythia8_155nominal.root
-rw-r--r-- 1 fsimpson gridusers 2732202 Apr 24 09:09 PairVLQ_x53x53_tWtW_narrow_RH_M1100_TuneCP5_13TeV-madgraph-pythia8_16nominal.root
-rw-r--r-- 1 fsimpson gridusers 2917296 Apr 24 09:09 PairVLQ_x53x53_tWtW_narrow_RH_M1100_TuneCP5_13TeV-madgraph-pythia8_17nominal.root
-rw-r--r-- 1 fsimpson gridusers 2766250 Apr 24 09:09 PairVLQ_x53x53_tWtW_narrow_RH_M1100_TuneCP5_13TeV-madgraph-pythia8_18nominal.root
-rw-r--r-- 1 fsimpson gridusers 2856094 Apr 24 09:09 PairVLQ_x53x53_tWtW_narrow_RH_M1100_TuneCP5_13TeV-madgraph-pythia8_19nominal.root
-rw-r--r-- 1 fsimpson gridusers 2905318 Apr 24 09:09 PairVLQ_x53x53_tWtW_narrow_RH_M1100_TuneCP5_13TeV-madgraph-pythia8_20nominal.root
-rw-r--r-- 1 fsimpson gridusers 2857021 Apr 24 09:09 PairVLQ_x53x53_tWtW_narrow_RH_M1100_TuneCP5_13TeV-madgraph-pythia8_21nominal.root
-rw-r--r-- 1 fsimpson gridusers 2976505 Apr 24 09:09 PairVLQ_x53x53_tWtW_narrow_RH_M1100_TuneCP5_13TeV-madgraph-pythia8_22nominal.root
-rw-r--r-- 1 fsimpson gridusers 2901539 Apr 24 09:09 PairVLQ_x53x53_tWtW_narrow_RH_M1100_TuneCP5_13TeV-madgraph-pythia8_23nominal.root
-rw-r--r-- 1 fsimpson gridusers 2935911 Apr 24 09:09 PairVLQ_x53x53_tWtW_narrow_RH_M1100_TuneCP5_13TeV-madgraph-pythia8_24nominal.root
-rw-r--r-- 1 fsimpson gridusers 2854821 Apr 24 09:09 PairVLQ_x53x53_tWtW_narrow_RH_M1100_TuneCP5_13TeV-madgraph-pythia8_25nominal.root
-rw-r--r-- 1 fsimpson gridusers 2734143 Apr 24 09:09 PairVLQ_x53x53_tWtW_narrow_RH_M1100_TuneCP5_13TeV-madgraph-pythia8_26nominal.root
-rw-r--r-- 1 fsimpson gridusers 1429625 Apr 24 09:09 PairVLQ_x53x53_tWtW_narrow_RH_M1100_TuneCP5_13TeV-madgraph-pythia8_27nominal.root
-rw-r--r-- 1 fsimpson gridusers 3000663 Apr 24 09:09 PairVLQ_x53x53_tWtW_narrow_RH_M1100_TuneCP5_13TeV-madgraph-pythia8_28nominal.root
-rw-r--r-- 1 fsimpson gridusers 1467668 Apr 24 09:09 PairVLQ_x53x53_tWtW_narrow_RH_M1100_TuneCP5_13TeV-madgraph-pythia8_29nominal.root
-rw-r--r-- 1 fsimpson gridusers 2775119 Apr 24 09:09 PairVLQ_x53x53_tWtW_narrow_RH_M1100_TuneCP5_13TeV-madgraph-pythia8_2nominal.root
-rw-r--r-- 1 fsimpson gridusers 2833468 Apr 24 09:09 PairVLQ_x53x53_tWtW_narrow_RH_M1100_TuneCP5_13TeV-madgraph-pythia8_30nominal.root
-rw-r--r-- 1 fsimpson gridusers 3056162 Apr 24 09:09 PairVLQ_x53x53_tWtW_narrow_RH_M1100_TuneCP5_13TeV-madgraph-pythia8_31nominal.root
-rw-r--r-- 1 fsimpson gridusers 1380333 Apr 24 09:09 PairVLQ_x53x53_tWtW_narrow_RH_M1100_TuneCP5_13TeV-madgraph-pythia8_32nominal.root
-rw-r--r-- 1 fsimpson gridusers 2907745 Apr 24 09:09 PairVLQ_x53x53_tWtW_narrow_RH_M1100_TuneCP5_13TeV-madgraph-pythia8_33nominal.root
-rw-r--r-- 1 fsimpson gridusers 1430078 Apr 24 09:09 PairVLQ_x53x53_tWtW_narrow_RH_M1100_TuneCP5_13TeV-madgraph-pythia8_34nominal.root
-rw-r--r-- 1 fsimpson gridusers 1418036 Apr 24 09:09 PairVLQ_x53x53_tWtW_narrow_RH_M1100_TuneCP5_13TeV-madgraph-pythia8_35nominal.root
-rw-r--r-- 1 fsimpson gridusers 1405774 Apr 24 09:09 PairVLQ_x53x53_tWtW_narrow_RH_M1100_TuneCP5_13TeV-madgraph-pythia8_36nominal.root
-rw-r--r-- 1 fsimpson gridusers 2797580 Apr 24 09:09 PairVLQ_x53x53_tWtW_narrow_RH_M1100_TuneCP5_13TeV-madgraph-pythia8_37nominal.root
-rw-r--r-- 1 fsimpson gridusers 2818464 Apr 24 09:09 PairVLQ_x53x53_tWtW_narrow_RH_M1100_TuneCP5_13TeV-madgraph-pythia8_38nominal.root
-rw-r--r-- 1 fsimpson gridusers 2905444 Apr 24 09:09 PairVLQ_x53x53_tWtW_narrow_RH_M1100_TuneCP5_13TeV-madgraph-pythia8_39nominal.root
-rw-r--r-- 1 fsimpson gridusers 2832950 Apr 24 09:09 PairVLQ_x53x53_tWtW_narrow_RH_M1100_TuneCP5_13TeV-madgraph-pythia8_3nominal.root
-rw-r--r-- 1 fsimpson gridusers 2774440 Apr 24 09:09 PairVLQ_x53x53_tWtW_narrow_RH_M1100_TuneCP5_13TeV-madgraph-pythia8_4nominal.root
>> xrdcp output for condor
hadd Target file: PairVLQ_x53x53_tWtW_narrow_RH_M1100_TuneCP5_13TeV-madgraph-pythia8_3nominal_hadd.root
hadd compression setting for all ouput: 1
hadd Source file 1: PairVLQ_x53x53_tWtW_narrow_RH_M1100_TuneCP5_13TeV-madgraph-pythia8_153nominal.root
hadd Source file 2: PairVLQ_x53x53_tWtW_narrow_RH_M1100_TuneCP5_13TeV-madgraph-pythia8_154nominal.root
hadd Source file 3: PairVLQ_x53x53_tWtW_narrow_RH_M1100_TuneCP5_13TeV-madgraph-pythia8_155nominal.root
hadd Source file 4: PairVLQ_x53x53_tWtW_narrow_RH_M1100_TuneCP5_13TeV-madgraph-pythia8_16nominal.root
hadd Source file 5: PairVLQ_x53x53_tWtW_narrow_RH_M1100_TuneCP5_13TeV-madgraph-pythia8_17nominal.root
hadd Source file 6: PairVLQ_x53x53_tWtW_narrow_RH_M1100_TuneCP5_13TeV-madgraph-pythia8_18nominal.root
hadd Source file 7: PairVLQ_x53x53_tWtW_narrow_RH_M1100_TuneCP5_13TeV-madgraph-pythia8_19nominal.root
hadd Source file 8: PairVLQ_x53x53_tWtW_narrow_RH_M1100_TuneCP5_13TeV-madgraph-pythia8_20nominal.root
hadd Source file 9: PairVLQ_x53x53_tWtW_narrow_RH_M1100_TuneCP5_13TeV-madgraph-pythia8_21nominal.root
hadd Source file 10: PairVLQ_x53x53_tWtW_narrow_RH_M1100_TuneCP5_13TeV-madgraph-pythia8_22nominal.root
hadd Source file 11: PairVLQ_x53x53_tWtW_narrow_RH_M1100_TuneCP5_13TeV-madgraph-pythia8_23nominal.root
hadd Source file 12: PairVLQ_x53x53_tWtW_narrow_RH_M1100_TuneCP5_13TeV-madgraph-pythia8_24nominal.root
hadd Source file 13: PairVLQ_x53x53_tWtW_narrow_RH_M1100_TuneCP5_13TeV-madgraph-pythia8_25nominal.root
hadd Source file 14: PairVLQ_x53x53_tWtW_narrow_RH_M1100_TuneCP5_13TeV-madgraph-pythia8_26nominal.root
hadd Source file 15: PairVLQ_x53x53_tWtW_narrow_RH_M1100_TuneCP5_13TeV-madgraph-pythia8_27nominal.root
hadd Source file 16: PairVLQ_x53x53_tWtW_narrow_RH_M1100_TuneCP5_13TeV-madgraph-pythia8_28nominal.root
hadd Source file 17: PairVLQ_x53x53_tWtW_narrow_RH_M1100_TuneCP5_13TeV-madgraph-pythia8_29nominal.root
hadd Source file 18: PairVLQ_x53x53_tWtW_narrow_RH_M1100_TuneCP5_13TeV-madgraph-pythia8_2nominal.root
hadd Source file 19: PairVLQ_x53x53_tWtW_narrow_RH_M1100_TuneCP5_13TeV-madgraph-pythia8_30nominal.root
hadd Source file 20: PairVLQ_x53x53_tWtW_narrow_RH_M1100_TuneCP5_13TeV-madgraph-pythia8_31nominal.root
hadd Source file 21: PairVLQ_x53x53_tWtW_narrow_RH_M1100_TuneCP5_13TeV-madgraph-pythia8_32nominal.root
hadd Source file 22: PairVLQ_x53x53_tWtW_narrow_RH_M1100_TuneCP5_13TeV-madgraph-pythia8_33nominal.root
hadd Source file 23: PairVLQ_x53x53_tWtW_narrow_RH_M1100_TuneCP5_13TeV-madgraph-pythia8_34nominal.root
hadd Source file 24: PairVLQ_x53x53_tWtW_narrow_RH_M1100_TuneCP5_13TeV-madgraph-pythia8_35nominal.root
hadd Source file 25: PairVLQ_x53x53_tWtW_narrow_RH_M1100_TuneCP5_13TeV-madgraph-pythia8_36nominal.root
hadd Source file 26: PairVLQ_x53x53_tWtW_narrow_RH_M1100_TuneCP5_13TeV-madgraph-pythia8_37nominal.root
hadd Source file 27: PairVLQ_x53x53_tWtW_narrow_RH_M1100_TuneCP5_13TeV-madgraph-pythia8_38nominal.root
hadd Source file 28: PairVLQ_x53x53_tWtW_narrow_RH_M1100_TuneCP5_13TeV-madgraph-pythia8_39nominal.root
hadd Source file 29: PairVLQ_x53x53_tWtW_narrow_RH_M1100_TuneCP5_13TeV-madgraph-pythia8_3nominal.root
hadd Source file 30: PairVLQ_x53x53_tWtW_narrow_RH_M1100_TuneCP5_13TeV-madgraph-pythia8_4nominal.root
hadd Target path: PairVLQ_x53x53_tWtW_narrow_RH_M1100_TuneCP5_13TeV-madgraph-pythia8_3nominal_hadd.root:/
>> mv PairVLQ_x53x53_tWtW_narrow_RH_M1100_TuneCP5_13TeV-madgraph-pythia8_3nominal_hadd.root /isilon/hadoop/store/group/bruxljm/FWLJMET106XUL_singleLep2017UL_RunIISummer20_X53X53_step1/nominal/PairVLQ_x53x53_tWtW_narrow_RH_M1100_TuneCP5_13TeV-madgraph-pythia8/PairVLQ_x53x53_tWtW_narrow_RH_M1100_TuneCP5_13TeV-madgraph-pythia8_3.root
[DONE]
