/isilon/condor/hep107.hep.brown.edu/execute/dir_246080
>> Setting macroDir to PWD

Processing compile_step1.C...
>> Running on BRUX, PairVLQ_x53x53_tWtW_narrow_RH_M700_TuneCP5_13TeV-madgraph-pythia8 stored on BRUX
>> Input file path: /isilon/hadoop/store/group/bruxljm/FWLJMET106XUL_singleLep2017UL_RunIISummer20_X53X53/PairVLQ_x53x53_tWtW_narrow_RH_M700_TuneCP5_13TeV-madgraph-pythia8/singleLep2017UL/230310_182013/0000
>> Running step1 over list: 68 69 7 70 71 72 73 74 75 76 77 78 79 8 80 81 82 83 84 85 86 87 88 89 9 90 91 92 93 94
>> Adding PairVLQ_x53x53_tWtW_narrow_RH_M700_TuneCP5_13TeV-madgraph-pythia8_68.root to the list by reading PairVLQ_x53x53_tWtW_narrow_RH_M700_TuneCP5_13TeV-madgraph-pythia8_68
>> Adding PairVLQ_x53x53_tWtW_narrow_RH_M700_TuneCP5_13TeV-madgraph-pythia8_69.root to the list by reading PairVLQ_x53x53_tWtW_narrow_RH_M700_TuneCP5_13TeV-madgraph-pythia8_69
>> Adding PairVLQ_x53x53_tWtW_narrow_RH_M700_TuneCP5_13TeV-madgraph-pythia8_7.root to the list by reading PairVLQ_x53x53_tWtW_narrow_RH_M700_TuneCP5_13TeV-madgraph-pythia8_7
>> Adding PairVLQ_x53x53_tWtW_narrow_RH_M700_TuneCP5_13TeV-madgraph-pythia8_70.root to the list by reading PairVLQ_x53x53_tWtW_narrow_RH_M700_TuneCP5_13TeV-madgraph-pythia8_70
>> Adding PairVLQ_x53x53_tWtW_narrow_RH_M700_TuneCP5_13TeV-madgraph-pythia8_71.root to the list by reading PairVLQ_x53x53_tWtW_narrow_RH_M700_TuneCP5_13TeV-madgraph-pythia8_71
>> Adding PairVLQ_x53x53_tWtW_narrow_RH_M700_TuneCP5_13TeV-madgraph-pythia8_72.root to the list by reading PairVLQ_x53x53_tWtW_narrow_RH_M700_TuneCP5_13TeV-madgraph-pythia8_72
>> Adding PairVLQ_x53x53_tWtW_narrow_RH_M700_TuneCP5_13TeV-madgraph-pythia8_73.root to the list by reading PairVLQ_x53x53_tWtW_narrow_RH_M700_TuneCP5_13TeV-madgraph-pythia8_73
>> Adding PairVLQ_x53x53_tWtW_narrow_RH_M700_TuneCP5_13TeV-madgraph-pythia8_74.root to the list by reading PairVLQ_x53x53_tWtW_narrow_RH_M700_TuneCP5_13TeV-madgraph-pythia8_74
>> Adding PairVLQ_x53x53_tWtW_narrow_RH_M700_TuneCP5_13TeV-madgraph-pythia8_75.root to the list by reading PairVLQ_x53x53_tWtW_narrow_RH_M700_TuneCP5_13TeV-madgraph-pythia8_75
>> Adding PairVLQ_x53x53_tWtW_narrow_RH_M700_TuneCP5_13TeV-madgraph-pythia8_76.root to the list by reading PairVLQ_x53x53_tWtW_narrow_RH_M700_TuneCP5_13TeV-madgraph-pythia8_76
>> Adding PairVLQ_x53x53_tWtW_narrow_RH_M700_TuneCP5_13TeV-madgraph-pythia8_77.root to the list by reading PairVLQ_x53x53_tWtW_narrow_RH_M700_TuneCP5_13TeV-madgraph-pythia8_77
>> Adding PairVLQ_x53x53_tWtW_narrow_RH_M700_TuneCP5_13TeV-madgraph-pythia8_78.root to the list by reading PairVLQ_x53x53_tWtW_narrow_RH_M700_TuneCP5_13TeV-madgraph-pythia8_78
>> Adding PairVLQ_x53x53_tWtW_narrow_RH_M700_TuneCP5_13TeV-madgraph-pythia8_79.root to the list by reading PairVLQ_x53x53_tWtW_narrow_RH_M700_TuneCP5_13TeV-madgraph-pythia8_79
>> Adding PairVLQ_x53x53_tWtW_narrow_RH_M700_TuneCP5_13TeV-madgraph-pythia8_8.root to the list by reading PairVLQ_x53x53_tWtW_narrow_RH_M700_TuneCP5_13TeV-madgraph-pythia8_8
>> Adding PairVLQ_x53x53_tWtW_narrow_RH_M700_TuneCP5_13TeV-madgraph-pythia8_80.root to the list by reading PairVLQ_x53x53_tWtW_narrow_RH_M700_TuneCP5_13TeV-madgraph-pythia8_80
>> Adding PairVLQ_x53x53_tWtW_narrow_RH_M700_TuneCP5_13TeV-madgraph-pythia8_81.root to the list by reading PairVLQ_x53x53_tWtW_narrow_RH_M700_TuneCP5_13TeV-madgraph-pythia8_81
>> Adding PairVLQ_x53x53_tWtW_narrow_RH_M700_TuneCP5_13TeV-madgraph-pythia8_82.root to the list by reading PairVLQ_x53x53_tWtW_narrow_RH_M700_TuneCP5_13TeV-madgraph-pythia8_82
>> Adding PairVLQ_x53x53_tWtW_narrow_RH_M700_TuneCP5_13TeV-madgraph-pythia8_83.root to the list by reading PairVLQ_x53x53_tWtW_narrow_RH_M700_TuneCP5_13TeV-madgraph-pythia8_83
>> Adding PairVLQ_x53x53_tWtW_narrow_RH_M700_TuneCP5_13TeV-madgraph-pythia8_84.root to the list by reading PairVLQ_x53x53_tWtW_narrow_RH_M700_TuneCP5_13TeV-madgraph-pythia8_84
>> Adding PairVLQ_x53x53_tWtW_narrow_RH_M700_TuneCP5_13TeV-madgraph-pythia8_85.root to the list by reading PairVLQ_x53x53_tWtW_narrow_RH_M700_TuneCP5_13TeV-madgraph-pythia8_85
>> Adding PairVLQ_x53x53_tWtW_narrow_RH_M700_TuneCP5_13TeV-madgraph-pythia8_86.root to the list by reading PairVLQ_x53x53_tWtW_narrow_RH_M700_TuneCP5_13TeV-madgraph-pythia8_86
>> Adding PairVLQ_x53x53_tWtW_narrow_RH_M700_TuneCP5_13TeV-madgraph-pythia8_87.root to the list by reading PairVLQ_x53x53_tWtW_narrow_RH_M700_TuneCP5_13TeV-madgraph-pythia8_87
>> Adding PairVLQ_x53x53_tWtW_narrow_RH_M700_TuneCP5_13TeV-madgraph-pythia8_88.root to the list by reading PairVLQ_x53x53_tWtW_narrow_RH_M700_TuneCP5_13TeV-madgraph-pythia8_88
>> Adding PairVLQ_x53x53_tWtW_narrow_RH_M700_TuneCP5_13TeV-madgraph-pythia8_89.root to the list by reading PairVLQ_x53x53_tWtW_narrow_RH_M700_TuneCP5_13TeV-madgraph-pythia8_89
>> Adding PairVLQ_x53x53_tWtW_narrow_RH_M700_TuneCP5_13TeV-madgraph-pythia8_9.root to the list by reading PairVLQ_x53x53_tWtW_narrow_RH_M700_TuneCP5_13TeV-madgraph-pythia8_9
>> Adding PairVLQ_x53x53_tWtW_narrow_RH_M700_TuneCP5_13TeV-madgraph-pythia8_90.root to the list by reading PairVLQ_x53x53_tWtW_narrow_RH_M700_TuneCP5_13TeV-madgraph-pythia8_90
>> Adding PairVLQ_x53x53_tWtW_narrow_RH_M700_TuneCP5_13TeV-madgraph-pythia8_91.root to the list by reading PairVLQ_x53x53_tWtW_narrow_RH_M700_TuneCP5_13TeV-madgraph-pythia8_91
>> Adding PairVLQ_x53x53_tWtW_narrow_RH_M700_TuneCP5_13TeV-madgraph-pythia8_92.root to the list by reading PairVLQ_x53x53_tWtW_narrow_RH_M700_TuneCP5_13TeV-madgraph-pythia8_92
>> Adding PairVLQ_x53x53_tWtW_narrow_RH_M700_TuneCP5_13TeV-madgraph-pythia8_93.root to the list by reading PairVLQ_x53x53_tWtW_narrow_RH_M700_TuneCP5_13TeV-madgraph-pythia8_93
>> Adding PairVLQ_x53x53_tWtW_narrow_RH_M700_TuneCP5_13TeV-madgraph-pythia8_94.root to the list by reading PairVLQ_x53x53_tWtW_narrow_RH_M700_TuneCP5_13TeV-madgraph-pythia8_94
[OPT] Using deepCSV reshaping file: reshaping_deepCSV_106XUL17_v4.csv
[OPT] Using deepJet reshaping file: reshaping_deepJet_106XUL17_v4.csv

>> Running /isilon/hadoop/store/group/bruxljm/FWLJMET106XUL_singleLep2017UL_RunIISummer20_X53X53/PairVLQ_x53x53_tWtW_narrow_RH_M700_TuneCP5_13TeV-madgraph-pythia8/singleLep2017UL/230310_182013/0000/PairVLQ_x53x53_tWtW_narrow_RH_M700_TuneCP5_13TeV-madgraph-pythia8_68.root for shift: nominal
[step1.h] Opening file: /isilon/hadoop/store/group/bruxljm/FWLJMET106XUL_singleLep2017UL_RunIISummer20_X53X53/PairVLQ_x53x53_tWtW_narrow_RH_M700_TuneCP5_13TeV-madgraph-pythia8/singleLep2017UL/230310_182013/0000/PairVLQ_x53x53_tWtW_narrow_RH_M700_TuneCP5_13TeV-madgraph-pythia8_68.root
[step1.h] Finished initializing
RUN CONFIG: YEAR = 2017
Era = 
isMC = 1, isSig = 1, SigMass = 0
isHad =0, isSE =0, isSM =0
isTTTT = 0, isXX = 1, isTpTp = 0, isBpBp = 0
For W's: isTT = 0, isSTt = 0, isSTtW = 0
For jets & PDF: isTOP = 0, isMadgraphBkg = 1
For HOTTagger Efficiencies: isTTV = 0, isTTHbb = 0, isTTHnonbb = 0, isTTTX = 0
isTTVV = 0, isST = 0, isTTToSemiLeptonHT500Njet9 = 0
Pileup sample key: PairVLQ_x53x53_tWtW_narrow_RH_M700_TuneCP5_13TeV-madgraph-pythia8
b-tagging working points: 0.304(DeepJet)0.4506(DeepCSV)
isTTincMtt0to700: 0
isTTincMtt0to1000: 0
isTTincMtt700to1000: 0
isTTincMtt1000toInf: 0
isTTSemilepIncHT0Njet0: 0
isTTSemilepIncHT500Njet9: 0
outTTLF: 0
outTTCC: 0
outTTBB: 0
outTT1B: 0
outTT2B: 0
>> Completed 0 out of 1013 events
[INFO] Defaulting to central deepJet weight for: nominal
>> Completed 1000 out of 1013 events
Nelectrons      = 474 / 1013
Npassed_ElEta   = 474 / 1013
Nmuons          = 539 / 1013
NrelIsoFail     = 0 / 1013
Npassed_MuEta   = 539 / 1013
Npassed_nAK8Jets= 1013 / 1013
Npassed_Trigger = 978 / 1013
Npassed_MET     = 765 / 1013
Npassed_lepPt   = 813 / 1013
Npassed_HT      = 981 / 1013
npass_Njets     = 1010 / 1013
Npassed_ALL     = 595 / 1013

>> Running /isilon/hadoop/store/group/bruxljm/FWLJMET106XUL_singleLep2017UL_RunIISummer20_X53X53/PairVLQ_x53x53_tWtW_narrow_RH_M700_TuneCP5_13TeV-madgraph-pythia8/singleLep2017UL/230310_182013/0000/PairVLQ_x53x53_tWtW_narrow_RH_M700_TuneCP5_13TeV-madgraph-pythia8_69.root for shift: nominal
[step1.h] Opening file: /isilon/hadoop/store/group/bruxljm/FWLJMET106XUL_singleLep2017UL_RunIISummer20_X53X53/PairVLQ_x53x53_tWtW_narrow_RH_M700_TuneCP5_13TeV-madgraph-pythia8/singleLep2017UL/230310_182013/0000/PairVLQ_x53x53_tWtW_narrow_RH_M700_TuneCP5_13TeV-madgraph-pythia8_69.root
[step1.h] Finished initializing
RUN CONFIG: YEAR = 2017
Era = 
isMC = 1, isSig = 1, SigMass = 0
isHad =0, isSE =0, isSM =0
isTTTT = 0, isXX = 1, isTpTp = 0, isBpBp = 0
For W's: isTT = 0, isSTt = 0, isSTtW = 0
For jets & PDF: isTOP = 0, isMadgraphBkg = 1
For HOTTagger Efficiencies: isTTV = 0, isTTHbb = 0, isTTHnonbb = 0, isTTTX = 0
isTTVV = 0, isST = 0, isTTToSemiLeptonHT500Njet9 = 0
Pileup sample key: PairVLQ_x53x53_tWtW_narrow_RH_M700_TuneCP5_13TeV-madgraph-pythia8
b-tagging working points: 0.304(DeepJet)0.4506(DeepCSV)
isTTincMtt0to700: 0
isTTincMtt0to1000: 0
isTTincMtt700to1000: 0
isTTincMtt1000toInf: 0
isTTSemilepIncHT0Njet0: 0
isTTSemilepIncHT500Njet9: 0
outTTLF: 0
outTTCC: 0
outTTBB: 0
outTT1B: 0
outTT2B: 0
>> Completed 0 out of 1017 events
>> Completed 1000 out of 1017 events
Nelectrons      = 477 / 1017
Npassed_ElEta   = 477 / 1017
Nmuons          = 540 / 1017
NrelIsoFail     = 0 / 1017
Npassed_MuEta   = 540 / 1017
Npassed_nAK8Jets= 1017 / 1017
Npassed_Trigger = 984 / 1017
Npassed_MET     = 771 / 1017
Npassed_lepPt   = 825 / 1017
Npassed_HT      = 988 / 1017
npass_Njets     = 1010 / 1017
Npassed_ALL     = 607 / 1017

>> Running /isilon/hadoop/store/group/bruxljm/FWLJMET106XUL_singleLep2017UL_RunIISummer20_X53X53/PairVLQ_x53x53_tWtW_narrow_RH_M700_TuneCP5_13TeV-madgraph-pythia8/singleLep2017UL/230310_182013/0000/PairVLQ_x53x53_tWtW_narrow_RH_M700_TuneCP5_13TeV-madgraph-pythia8_7.root for shift: nominal
[step1.h] Opening file: /isilon/hadoop/store/group/bruxljm/FWLJMET106XUL_singleLep2017UL_RunIISummer20_X53X53/PairVLQ_x53x53_tWtW_narrow_RH_M700_TuneCP5_13TeV-madgraph-pythia8/singleLep2017UL/230310_182013/0000/PairVLQ_x53x53_tWtW_narrow_RH_M700_TuneCP5_13TeV-madgraph-pythia8_7.root
[step1.h] Finished initializing
RUN CONFIG: YEAR = 2017
Era = 
isMC = 1, isSig = 1, SigMass = 0
isHad =0, isSE =0, isSM =0
isTTTT = 0, isXX = 1, isTpTp = 0, isBpBp = 0
For W's: isTT = 0, isSTt = 0, isSTtW = 0
For jets & PDF: isTOP = 0, isMadgraphBkg = 1
For HOTTagger Efficiencies: isTTV = 0, isTTHbb = 0, isTTHnonbb = 0, isTTTX = 0
isTTVV = 0, isST = 0, isTTToSemiLeptonHT500Njet9 = 0
Pileup sample key: PairVLQ_x53x53_tWtW_narrow_RH_M700_TuneCP5_13TeV-madgraph-pythia8
b-tagging working points: 0.304(DeepJet)0.4506(DeepCSV)
isTTincMtt0to700: 0
isTTincMtt0to1000: 0
isTTincMtt700to1000: 0
isTTincMtt1000toInf: 0
isTTSemilepIncHT0Njet0: 0
isTTSemilepIncHT500Njet9: 0
outTTLF: 0
outTTCC: 0
outTTBB: 0
outTT1B: 0
outTT2B: 0
>> Completed 0 out of 1050 events
[INFO] Defaulting to central deepJet weight for: nominal
>> Completed 1000 out of 1050 events
Nelectrons      = 514 / 1050
Npassed_ElEta   = 514 / 1050
Nmuons          = 536 / 1050
NrelIsoFail     = 0 / 1050
Npassed_MuEta   = 536 / 1050
Npassed_nAK8Jets= 1050 / 1050
Npassed_Trigger = 1008 / 1050
Npassed_MET     = 798 / 1050
Npassed_lepPt   = 863 / 1050
Npassed_HT      = 1029 / 1050
npass_Njets     = 1047 / 1050
Npassed_ALL     = 643 / 1050

>> Running /isilon/hadoop/store/group/bruxljm/FWLJMET106XUL_singleLep2017UL_RunIISummer20_X53X53/PairVLQ_x53x53_tWtW_narrow_RH_M700_TuneCP5_13TeV-madgraph-pythia8/singleLep2017UL/230310_182013/0000/PairVLQ_x53x53_tWtW_narrow_RH_M700_TuneCP5_13TeV-madgraph-pythia8_70.root for shift: nominal
[step1.h] Opening file: /isilon/hadoop/store/group/bruxljm/FWLJMET106XUL_singleLep2017UL_RunIISummer20_X53X53/PairVLQ_x53x53_tWtW_narrow_RH_M700_TuneCP5_13TeV-madgraph-pythia8/singleLep2017UL/230310_182013/0000/PairVLQ_x53x53_tWtW_narrow_RH_M700_TuneCP5_13TeV-madgraph-pythia8_70.root
[step1.h] Finished initializing
RUN CONFIG: YEAR = 2017
Era = 
isMC = 1, isSig = 1, SigMass = 0
isHad =0, isSE =0, isSM =0
isTTTT = 0, isXX = 1, isTpTp = 0, isBpBp = 0
For W's: isTT = 0, isSTt = 0, isSTtW = 0
For jets & PDF: isTOP = 0, isMadgraphBkg = 1
For HOTTagger Efficiencies: isTTV = 0, isTTHbb = 0, isTTHnonbb = 0, isTTTX = 0
isTTVV = 0, isST = 0, isTTToSemiLeptonHT500Njet9 = 0
Pileup sample key: PairVLQ_x53x53_tWtW_narrow_RH_M700_TuneCP5_13TeV-madgraph-pythia8
b-tagging working points: 0.304(DeepJet)0.4506(DeepCSV)
isTTincMtt0to700: 0
isTTincMtt0to1000: 0
isTTincMtt700to1000: 0
isTTincMtt1000toInf: 0
isTTSemilepIncHT0Njet0: 0
isTTSemilepIncHT500Njet9: 0
outTTLF: 0
outTTCC: 0
outTTBB: 0
outTT1B: 0
outTT2B: 0
>> Completed 0 out of 1016 events
[INFO] Defaulting to central deepJet weight for: nominal
>> Completed 1000 out of 1016 events
Nelectrons      = 490 / 1016
Npassed_ElEta   = 490 / 1016
Nmuons          = 526 / 1016
NrelIsoFail     = 0 / 1016
Npassed_MuEta   = 526 / 1016
Npassed_nAK8Jets= 1016 / 1016
Npassed_Trigger = 982 / 1016
Npassed_MET     = 779 / 1016
Npassed_lepPt   = 850 / 1016
Npassed_HT      = 983 / 1016
npass_Njets     = 1010 / 1016
Npassed_ALL     = 632 / 1016

>> Running /isilon/hadoop/store/group/bruxljm/FWLJMET106XUL_singleLep2017UL_RunIISummer20_X53X53/PairVLQ_x53x53_tWtW_narrow_RH_M700_TuneCP5_13TeV-madgraph-pythia8/singleLep2017UL/230310_182013/0000/PairVLQ_x53x53_tWtW_narrow_RH_M700_TuneCP5_13TeV-madgraph-pythia8_71.root for shift: nominal
[step1.h] Opening file: /isilon/hadoop/store/group/bruxljm/FWLJMET106XUL_singleLep2017UL_RunIISummer20_X53X53/PairVLQ_x53x53_tWtW_narrow_RH_M700_TuneCP5_13TeV-madgraph-pythia8/singleLep2017UL/230310_182013/0000/PairVLQ_x53x53_tWtW_narrow_RH_M700_TuneCP5_13TeV-madgraph-pythia8_71.root
[step1.h] Finished initializing
RUN CONFIG: YEAR = 2017
Era = 
isMC = 1, isSig = 1, SigMass = 0
isHad =0, isSE =0, isSM =0
isTTTT = 0, isXX = 1, isTpTp = 0, isBpBp = 0
For W's: isTT = 0, isSTt = 0, isSTtW = 0
For jets & PDF: isTOP = 0, isMadgraphBkg = 1
For HOTTagger Efficiencies: isTTV = 0, isTTHbb = 0, isTTHnonbb = 0, isTTTX = 0
isTTVV = 0, isST = 0, isTTToSemiLeptonHT500Njet9 = 0
Pileup sample key: PairVLQ_x53x53_tWtW_narrow_RH_M700_TuneCP5_13TeV-madgraph-pythia8
b-tagging working points: 0.304(DeepJet)0.4506(DeepCSV)
isTTincMtt0to700: 0
isTTincMtt0to1000: 0
isTTincMtt700to1000: 0
isTTincMtt1000toInf: 0
isTTSemilepIncHT0Njet0: 0
isTTSemilepIncHT500Njet9: 0
outTTLF: 0
outTTCC: 0
outTTBB: 0
outTT1B: 0
outTT2B: 0
>> Completed 0 out of 1025 events
[INFO] Defaulting to central deepJet weight for: nominal
>> Completed 1000 out of 1025 events
Nelectrons      = 454 / 1025
Npassed_ElEta   = 454 / 1025
Nmuons          = 571 / 1025
NrelIsoFail     = 0 / 1025
Npassed_MuEta   = 571 / 1025
Npassed_nAK8Jets= 1025 / 1025
Npassed_Trigger = 990 / 1025
Npassed_MET     = 797 / 1025
Npassed_lepPt   = 805 / 1025
Npassed_HT      = 999 / 1025
npass_Njets     = 1023 / 1025
Npassed_ALL     = 614 / 1025

>> Running /isilon/hadoop/store/group/bruxljm/FWLJMET106XUL_singleLep2017UL_RunIISummer20_X53X53/PairVLQ_x53x53_tWtW_narrow_RH_M700_TuneCP5_13TeV-madgraph-pythia8/singleLep2017UL/230310_182013/0000/PairVLQ_x53x53_tWtW_narrow_RH_M700_TuneCP5_13TeV-madgraph-pythia8_72.root for shift: nominal
[step1.h] Opening file: /isilon/hadoop/store/group/bruxljm/FWLJMET106XUL_singleLep2017UL_RunIISummer20_X53X53/PairVLQ_x53x53_tWtW_narrow_RH_M700_TuneCP5_13TeV-madgraph-pythia8/singleLep2017UL/230310_182013/0000/PairVLQ_x53x53_tWtW_narrow_RH_M700_TuneCP5_13TeV-madgraph-pythia8_72.root
[step1.h] Finished initializing
RUN CONFIG: YEAR = 2017
Era = 
isMC = 1, isSig = 1, SigMass = 0
isHad =0, isSE =0, isSM =0
isTTTT = 0, isXX = 1, isTpTp = 0, isBpBp = 0
For W's: isTT = 0, isSTt = 0, isSTtW = 0
For jets & PDF: isTOP = 0, isMadgraphBkg = 1
For HOTTagger Efficiencies: isTTV = 0, isTTHbb = 0, isTTHnonbb = 0, isTTTX = 0
isTTVV = 0, isST = 0, isTTToSemiLeptonHT500Njet9 = 0
Pileup sample key: PairVLQ_x53x53_tWtW_narrow_RH_M700_TuneCP5_13TeV-madgraph-pythia8
b-tagging working points: 0.304(DeepJet)0.4506(DeepCSV)
isTTincMtt0to700: 0
isTTincMtt0to1000: 0
isTTincMtt700to1000: 0
isTTincMtt1000toInf: 0
isTTSemilepIncHT0Njet0: 0
isTTSemilepIncHT500Njet9: 0
outTTLF: 0
outTTCC: 0
outTTBB: 0
outTT1B: 0
outTT2B: 0
>> Completed 0 out of 1004 events
[INFO] Defaulting to central deepJet weight for: nominal
>> Completed 1000 out of 1004 events
Nelectrons      = 463 / 1004
Npassed_ElEta   = 463 / 1004
Nmuons          = 541 / 1004
NrelIsoFail     = 0 / 1004
Npassed_MuEta   = 541 / 1004
Npassed_nAK8Jets= 1004 / 1004
Npassed_Trigger = 970 / 1004
Npassed_MET     = 776 / 1004
Npassed_lepPt   = 837 / 1004
Npassed_HT      = 975 / 1004
npass_Njets     = 998 / 1004
Npassed_ALL     = 627 / 1004

>> Running /isilon/hadoop/store/group/bruxljm/FWLJMET106XUL_singleLep2017UL_RunIISummer20_X53X53/PairVLQ_x53x53_tWtW_narrow_RH_M700_TuneCP5_13TeV-madgraph-pythia8/singleLep2017UL/230310_182013/0000/PairVLQ_x53x53_tWtW_narrow_RH_M700_TuneCP5_13TeV-madgraph-pythia8_73.root for shift: nominal
[step1.h] Opening file: /isilon/hadoop/store/group/bruxljm/FWLJMET106XUL_singleLep2017UL_RunIISummer20_X53X53/PairVLQ_x53x53_tWtW_narrow_RH_M700_TuneCP5_13TeV-madgraph-pythia8/singleLep2017UL/230310_182013/0000/PairVLQ_x53x53_tWtW_narrow_RH_M700_TuneCP5_13TeV-madgraph-pythia8_73.root
[step1.h] Finished initializing
RUN CONFIG: YEAR = 2017
Era = 
isMC = 1, isSig = 1, SigMass = 0
isHad =0, isSE =0, isSM =0
isTTTT = 0, isXX = 1, isTpTp = 0, isBpBp = 0
For W's: isTT = 0, isSTt = 0, isSTtW = 0
For jets & PDF: isTOP = 0, isMadgraphBkg = 1
For HOTTagger Efficiencies: isTTV = 0, isTTHbb = 0, isTTHnonbb = 0, isTTTX = 0
isTTVV = 0, isST = 0, isTTToSemiLeptonHT500Njet9 = 0
Pileup sample key: PairVLQ_x53x53_tWtW_narrow_RH_M700_TuneCP5_13TeV-madgraph-pythia8
b-tagging working points: 0.304(DeepJet)0.4506(DeepCSV)
isTTincMtt0to700: 0
isTTincMtt0to1000: 0
isTTincMtt700to1000: 0
isTTincMtt1000toInf: 0
isTTSemilepIncHT0Njet0: 0
isTTSemilepIncHT500Njet9: 0
outTTLF: 0
outTTCC: 0
outTTBB: 0
outTT1B: 0
outTT2B: 0
>> Completed 0 out of 1050 events
[INFO] Defaulting to central deepJet weight for: nominal
>> Completed 1000 out of 1050 events
Nelectrons      = 511 / 1050
Npassed_ElEta   = 511 / 1050
Nmuons          = 539 / 1050
NrelIsoFail     = 0 / 1050
Npassed_MuEta   = 539 / 1050
Npassed_nAK8Jets= 1050 / 1050
Npassed_Trigger = 1002 / 1050
Npassed_MET     = 810 / 1050
Npassed_lepPt   = 859 / 1050
Npassed_HT      = 1028 / 1050
npass_Njets     = 1046 / 1050
Npassed_ALL     = 644 / 1050

>> Running /isilon/hadoop/store/group/bruxljm/FWLJMET106XUL_singleLep2017UL_RunIISummer20_X53X53/PairVLQ_x53x53_tWtW_narrow_RH_M700_TuneCP5_13TeV-madgraph-pythia8/singleLep2017UL/230310_182013/0000/PairVLQ_x53x53_tWtW_narrow_RH_M700_TuneCP5_13TeV-madgraph-pythia8_74.root for shift: nominal
[step1.h] Opening file: /isilon/hadoop/store/group/bruxljm/FWLJMET106XUL_singleLep2017UL_RunIISummer20_X53X53/PairVLQ_x53x53_tWtW_narrow_RH_M700_TuneCP5_13TeV-madgraph-pythia8/singleLep2017UL/230310_182013/0000/PairVLQ_x53x53_tWtW_narrow_RH_M700_TuneCP5_13TeV-madgraph-pythia8_74.root
[step1.h] Finished initializing
RUN CONFIG: YEAR = 2017
Era = 
isMC = 1, isSig = 1, SigMass = 0
isHad =0, isSE =0, isSM =0
isTTTT = 0, isXX = 1, isTpTp = 0, isBpBp = 0
For W's: isTT = 0, isSTt = 0, isSTtW = 0
For jets & PDF: isTOP = 0, isMadgraphBkg = 1
For HOTTagger Efficiencies: isTTV = 0, isTTHbb = 0, isTTHnonbb = 0, isTTTX = 0
isTTVV = 0, isST = 0, isTTToSemiLeptonHT500Njet9 = 0
Pileup sample key: PairVLQ_x53x53_tWtW_narrow_RH_M700_TuneCP5_13TeV-madgraph-pythia8
b-tagging working points: 0.304(DeepJet)0.4506(DeepCSV)
isTTincMtt0to700: 0
isTTincMtt0to1000: 0
isTTincMtt700to1000: 0
isTTincMtt1000toInf: 0
isTTSemilepIncHT0Njet0: 0
isTTSemilepIncHT500Njet9: 0
outTTLF: 0
outTTCC: 0
outTTBB: 0
outTT1B: 0
outTT2B: 0
>> Completed 0 out of 994 events
[INFO] Defaulting to central deepJet weight for: nominal
Nelectrons      = 458 / 994
Npassed_ElEta   = 458 / 994
Nmuons          = 536 / 994
NrelIsoFail     = 0 / 994
Npassed_MuEta   = 536 / 994
Npassed_nAK8Jets= 994 / 994
Npassed_Trigger = 958 / 994
Npassed_MET     = 771 / 994
Npassed_lepPt   = 815 / 994
Npassed_HT      = 972 / 994
npass_Njets     = 989 / 994
Npassed_ALL     = 605 / 994

>> Running /isilon/hadoop/store/group/bruxljm/FWLJMET106XUL_singleLep2017UL_RunIISummer20_X53X53/PairVLQ_x53x53_tWtW_narrow_RH_M700_TuneCP5_13TeV-madgraph-pythia8/singleLep2017UL/230310_182013/0000/PairVLQ_x53x53_tWtW_narrow_RH_M700_TuneCP5_13TeV-madgraph-pythia8_75.root for shift: nominal
[step1.h] Opening file: /isilon/hadoop/store/group/bruxljm/FWLJMET106XUL_singleLep2017UL_RunIISummer20_X53X53/PairVLQ_x53x53_tWtW_narrow_RH_M700_TuneCP5_13TeV-madgraph-pythia8/singleLep2017UL/230310_182013/0000/PairVLQ_x53x53_tWtW_narrow_RH_M700_TuneCP5_13TeV-madgraph-pythia8_75.root
[step1.h] Finished initializing
RUN CONFIG: YEAR = 2017
Era = 
isMC = 1, isSig = 1, SigMass = 0
isHad =0, isSE =0, isSM =0
isTTTT = 0, isXX = 1, isTpTp = 0, isBpBp = 0
For W's: isTT = 0, isSTt = 0, isSTtW = 0
For jets & PDF: isTOP = 0, isMadgraphBkg = 1
For HOTTagger Efficiencies: isTTV = 0, isTTHbb = 0, isTTHnonbb = 0, isTTTX = 0
isTTVV = 0, isST = 0, isTTToSemiLeptonHT500Njet9 = 0
Pileup sample key: PairVLQ_x53x53_tWtW_narrow_RH_M700_TuneCP5_13TeV-madgraph-pythia8
b-tagging working points: 0.304(DeepJet)0.4506(DeepCSV)
isTTincMtt0to700: 0
isTTincMtt0to1000: 0
isTTincMtt700to1000: 0
isTTincMtt1000toInf: 0
isTTSemilepIncHT0Njet0: 0
isTTSemilepIncHT500Njet9: 0
outTTLF: 0
outTTCC: 0
outTTBB: 0
outTT1B: 0
outTT2B: 0
>> Completed 0 out of 1044 events
[INFO] Defaulting to central deepJet weight for: nominal
>> Completed 1000 out of 1044 events
Nelectrons      = 468 / 1044
Npassed_ElEta   = 468 / 1044
Nmuons          = 576 / 1044
NrelIsoFail     = 0 / 1044
Npassed_MuEta   = 576 / 1044
Npassed_nAK8Jets= 1044 / 1044
Npassed_Trigger = 1009 / 1044
Npassed_MET     = 797 / 1044
Npassed_lepPt   = 878 / 1044
Npassed_HT      = 1017 / 1044
npass_Njets     = 1039 / 1044
Npassed_ALL     = 656 / 1044

>> Running /isilon/hadoop/store/group/bruxljm/FWLJMET106XUL_singleLep2017UL_RunIISummer20_X53X53/PairVLQ_x53x53_tWtW_narrow_RH_M700_TuneCP5_13TeV-madgraph-pythia8/singleLep2017UL/230310_182013/0000/PairVLQ_x53x53_tWtW_narrow_RH_M700_TuneCP5_13TeV-madgraph-pythia8_76.root for shift: nominal
[step1.h] Opening file: /isilon/hadoop/store/group/bruxljm/FWLJMET106XUL_singleLep2017UL_RunIISummer20_X53X53/PairVLQ_x53x53_tWtW_narrow_RH_M700_TuneCP5_13TeV-madgraph-pythia8/singleLep2017UL/230310_182013/0000/PairVLQ_x53x53_tWtW_narrow_RH_M700_TuneCP5_13TeV-madgraph-pythia8_76.root
[step1.h] Finished initializing
RUN CONFIG: YEAR = 2017
Era = 
isMC = 1, isSig = 1, SigMass = 0
isHad =0, isSE =0, isSM =0
isTTTT = 0, isXX = 1, isTpTp = 0, isBpBp = 0
For W's: isTT = 0, isSTt = 0, isSTtW = 0
For jets & PDF: isTOP = 0, isMadgraphBkg = 1
For HOTTagger Efficiencies: isTTV = 0, isTTHbb = 0, isTTHnonbb = 0, isTTTX = 0
isTTVV = 0, isST = 0, isTTToSemiLeptonHT500Njet9 = 0
Pileup sample key: PairVLQ_x53x53_tWtW_narrow_RH_M700_TuneCP5_13TeV-madgraph-pythia8
b-tagging working points: 0.304(DeepJet)0.4506(DeepCSV)
isTTincMtt0to700: 0
isTTincMtt0to1000: 0
isTTincMtt700to1000: 0
isTTincMtt1000toInf: 0
isTTSemilepIncHT0Njet0: 0
isTTSemilepIncHT500Njet9: 0
outTTLF: 0
outTTCC: 0
outTTBB: 0
outTT1B: 0
outTT2B: 0
>> Completed 0 out of 998 events
[INFO] Defaulting to central deepJet weight for: nominal
Nelectrons      = 472 / 998
Npassed_ElEta   = 472 / 998
Nmuons          = 526 / 998
NrelIsoFail     = 0 / 998
Npassed_MuEta   = 526 / 998
Npassed_nAK8Jets= 998 / 998
Npassed_Trigger = 975 / 998
Npassed_MET     = 751 / 998
Npassed_lepPt   = 794 / 998
Npassed_HT      = 970 / 998
npass_Njets     = 996 / 998
Npassed_ALL     = 575 / 998

>> Running /isilon/hadoop/store/group/bruxljm/FWLJMET106XUL_singleLep2017UL_RunIISummer20_X53X53/PairVLQ_x53x53_tWtW_narrow_RH_M700_TuneCP5_13TeV-madgraph-pythia8/singleLep2017UL/230310_182013/0000/PairVLQ_x53x53_tWtW_narrow_RH_M700_TuneCP5_13TeV-madgraph-pythia8_77.root for shift: nominal
[step1.h] Opening file: /isilon/hadoop/store/group/bruxljm/FWLJMET106XUL_singleLep2017UL_RunIISummer20_X53X53/PairVLQ_x53x53_tWtW_narrow_RH_M700_TuneCP5_13TeV-madgraph-pythia8/singleLep2017UL/230310_182013/0000/PairVLQ_x53x53_tWtW_narrow_RH_M700_TuneCP5_13TeV-madgraph-pythia8_77.root
[step1.h] Finished initializing
RUN CONFIG: YEAR = 2017
Era = 
isMC = 1, isSig = 1, SigMass = 0
isHad =0, isSE =0, isSM =0
isTTTT = 0, isXX = 1, isTpTp = 0, isBpBp = 0
For W's: isTT = 0, isSTt = 0, isSTtW = 0
For jets & PDF: isTOP = 0, isMadgraphBkg = 1
For HOTTagger Efficiencies: isTTV = 0, isTTHbb = 0, isTTHnonbb = 0, isTTTX = 0
isTTVV = 0, isST = 0, isTTToSemiLeptonHT500Njet9 = 0
Pileup sample key: PairVLQ_x53x53_tWtW_narrow_RH_M700_TuneCP5_13TeV-madgraph-pythia8
b-tagging working points: 0.304(DeepJet)0.4506(DeepCSV)
isTTincMtt0to700: 0
isTTincMtt0to1000: 0
isTTincMtt700to1000: 0
isTTincMtt1000toInf: 0
isTTSemilepIncHT0Njet0: 0
isTTSemilepIncHT500Njet9: 0
outTTLF: 0
outTTCC: 0
outTTBB: 0
outTT1B: 0
outTT2B: 0
>> Completed 0 out of 1041 events
[INFO] Defaulting to central deepJet weight for: nominal
>> Completed 1000 out of 1041 events
Nelectrons      = 493 / 1041
Npassed_ElEta   = 493 / 1041
Nmuons          = 548 / 1041
NrelIsoFail     = 0 / 1041
Npassed_MuEta   = 548 / 1041
Npassed_nAK8Jets= 1041 / 1041
Npassed_Trigger = 1010 / 1041
Npassed_MET     = 806 / 1041
Npassed_lepPt   = 864 / 1041
Npassed_HT      = 1015 / 1041
npass_Njets     = 1038 / 1041
Npassed_ALL     = 643 / 1041

>> Running /isilon/hadoop/store/group/bruxljm/FWLJMET106XUL_singleLep2017UL_RunIISummer20_X53X53/PairVLQ_x53x53_tWtW_narrow_RH_M700_TuneCP5_13TeV-madgraph-pythia8/singleLep2017UL/230310_182013/0000/PairVLQ_x53x53_tWtW_narrow_RH_M700_TuneCP5_13TeV-madgraph-pythia8_78.root for shift: nominal
[step1.h] Opening file: /isilon/hadoop/store/group/bruxljm/FWLJMET106XUL_singleLep2017UL_RunIISummer20_X53X53/PairVLQ_x53x53_tWtW_narrow_RH_M700_TuneCP5_13TeV-madgraph-pythia8/singleLep2017UL/230310_182013/0000/PairVLQ_x53x53_tWtW_narrow_RH_M700_TuneCP5_13TeV-madgraph-pythia8_78.root
[step1.h] Finished initializing
RUN CONFIG: YEAR = 2017
Era = 
isMC = 1, isSig = 1, SigMass = 0
isHad =0, isSE =0, isSM =0
isTTTT = 0, isXX = 1, isTpTp = 0, isBpBp = 0
For W's: isTT = 0, isSTt = 0, isSTtW = 0
For jets & PDF: isTOP = 0, isMadgraphBkg = 1
For HOTTagger Efficiencies: isTTV = 0, isTTHbb = 0, isTTHnonbb = 0, isTTTX = 0
isTTVV = 0, isST = 0, isTTToSemiLeptonHT500Njet9 = 0
Pileup sample key: PairVLQ_x53x53_tWtW_narrow_RH_M700_TuneCP5_13TeV-madgraph-pythia8
b-tagging working points: 0.304(DeepJet)0.4506(DeepCSV)
isTTincMtt0to700: 0
isTTincMtt0to1000: 0
isTTincMtt700to1000: 0
isTTincMtt1000toInf: 0
isTTSemilepIncHT0Njet0: 0
isTTSemilepIncHT500Njet9: 0
outTTLF: 0
outTTCC: 0
outTTBB: 0
outTT1B: 0
outTT2B: 0
>> Completed 0 out of 1055 events
[INFO] Defaulting to central deepJet weight for: nominal
>> Completed 1000 out of 1055 events
Nelectrons      = 513 / 1055
Npassed_ElEta   = 513 / 1055
Nmuons          = 542 / 1055
NrelIsoFail     = 0 / 1055
Npassed_MuEta   = 542 / 1055
Npassed_nAK8Jets= 1055 / 1055
Npassed_Trigger = 1021 / 1055
Npassed_MET     = 786 / 1055
Npassed_lepPt   = 840 / 1055
Npassed_HT      = 1031 / 1055
npass_Njets     = 1051 / 1055
Npassed_ALL     = 605 / 1055

>> Running /isilon/hadoop/store/group/bruxljm/FWLJMET106XUL_singleLep2017UL_RunIISummer20_X53X53/PairVLQ_x53x53_tWtW_narrow_RH_M700_TuneCP5_13TeV-madgraph-pythia8/singleLep2017UL/230310_182013/0000/PairVLQ_x53x53_tWtW_narrow_RH_M700_TuneCP5_13TeV-madgraph-pythia8_79.root for shift: nominal
[step1.h] Opening file: /isilon/hadoop/store/group/bruxljm/FWLJMET106XUL_singleLep2017UL_RunIISummer20_X53X53/PairVLQ_x53x53_tWtW_narrow_RH_M700_TuneCP5_13TeV-madgraph-pythia8/singleLep2017UL/230310_182013/0000/PairVLQ_x53x53_tWtW_narrow_RH_M700_TuneCP5_13TeV-madgraph-pythia8_79.root
[step1.h] Finished initializing
RUN CONFIG: YEAR = 2017
Era = 
isMC = 1, isSig = 1, SigMass = 0
isHad =0, isSE =0, isSM =0
isTTTT = 0, isXX = 1, isTpTp = 0, isBpBp = 0
For W's: isTT = 0, isSTt = 0, isSTtW = 0
For jets & PDF: isTOP = 0, isMadgraphBkg = 1
For HOTTagger Efficiencies: isTTV = 0, isTTHbb = 0, isTTHnonbb = 0, isTTTX = 0
isTTVV = 0, isST = 0, isTTToSemiLeptonHT500Njet9 = 0
Pileup sample key: PairVLQ_x53x53_tWtW_narrow_RH_M700_TuneCP5_13TeV-madgraph-pythia8
b-tagging working points: 0.304(DeepJet)0.4506(DeepCSV)
isTTincMtt0to700: 0
isTTincMtt0to1000: 0
isTTincMtt700to1000: 0
isTTincMtt1000toInf: 0
isTTSemilepIncHT0Njet0: 0
isTTSemilepIncHT500Njet9: 0
outTTLF: 0
outTTCC: 0
outTTBB: 0
outTT1B: 0
outTT2B: 0
>> Completed 0 out of 993 events
[INFO] Defaulting to central deepJet weight for: nominal
Nelectrons      = 459 / 993
Npassed_ElEta   = 459 / 993
Nmuons          = 534 / 993
NrelIsoFail     = 0 / 993
Npassed_MuEta   = 534 / 993
Npassed_nAK8Jets= 993 / 993
Npassed_Trigger = 963 / 993
Npassed_MET     = 777 / 993
Npassed_lepPt   = 820 / 993
Npassed_HT      = 967 / 993
npass_Njets     = 987 / 993
Npassed_ALL     = 627 / 993

>> Running /isilon/hadoop/store/group/bruxljm/FWLJMET106XUL_singleLep2017UL_RunIISummer20_X53X53/PairVLQ_x53x53_tWtW_narrow_RH_M700_TuneCP5_13TeV-madgraph-pythia8/singleLep2017UL/230310_182013/0000/PairVLQ_x53x53_tWtW_narrow_RH_M700_TuneCP5_13TeV-madgraph-pythia8_8.root for shift: nominal
[step1.h] Opening file: /isilon/hadoop/store/group/bruxljm/FWLJMET106XUL_singleLep2017UL_RunIISummer20_X53X53/PairVLQ_x53x53_tWtW_narrow_RH_M700_TuneCP5_13TeV-madgraph-pythia8/singleLep2017UL/230310_182013/0000/PairVLQ_x53x53_tWtW_narrow_RH_M700_TuneCP5_13TeV-madgraph-pythia8_8.root
[step1.h] Finished initializing
RUN CONFIG: YEAR = 2017
Era = 
isMC = 1, isSig = 1, SigMass = 0
isHad =0, isSE =0, isSM =0
isTTTT = 0, isXX = 1, isTpTp = 0, isBpBp = 0
For W's: isTT = 0, isSTt = 0, isSTtW = 0
For jets & PDF: isTOP = 0, isMadgraphBkg = 1
For HOTTagger Efficiencies: isTTV = 0, isTTHbb = 0, isTTHnonbb = 0, isTTTX = 0
isTTVV = 0, isST = 0, isTTToSemiLeptonHT500Njet9 = 0
Pileup sample key: PairVLQ_x53x53_tWtW_narrow_RH_M700_TuneCP5_13TeV-madgraph-pythia8
b-tagging working points: 0.304(DeepJet)0.4506(DeepCSV)
isTTincMtt0to700: 0
isTTincMtt0to1000: 0
isTTincMtt700to1000: 0
isTTincMtt1000toInf: 0
isTTSemilepIncHT0Njet0: 0
isTTSemilepIncHT500Njet9: 0
outTTLF: 0
outTTCC: 0
outTTBB: 0
outTT1B: 0
outTT2B: 0
>> Completed 0 out of 504 events
[INFO] Defaulting to central deepJet weight for: nominal
Nelectrons      = 243 / 504
Npassed_ElEta   = 243 / 504
Nmuons          = 261 / 504
NrelIsoFail     = 0 / 504
Npassed_MuEta   = 261 / 504
Npassed_nAK8Jets= 504 / 504
Npassed_Trigger = 484 / 504
Npassed_MET     = 373 / 504
Npassed_lepPt   = 417 / 504
Npassed_HT      = 490 / 504
npass_Njets     = 502 / 504
Npassed_ALL     = 298 / 504

>> Running /isilon/hadoop/store/group/bruxljm/FWLJMET106XUL_singleLep2017UL_RunIISummer20_X53X53/PairVLQ_x53x53_tWtW_narrow_RH_M700_TuneCP5_13TeV-madgraph-pythia8/singleLep2017UL/230310_182013/0000/PairVLQ_x53x53_tWtW_narrow_RH_M700_TuneCP5_13TeV-madgraph-pythia8_80.root for shift: nominal
[step1.h] Opening file: /isilon/hadoop/store/group/bruxljm/FWLJMET106XUL_singleLep2017UL_RunIISummer20_X53X53/PairVLQ_x53x53_tWtW_narrow_RH_M700_TuneCP5_13TeV-madgraph-pythia8/singleLep2017UL/230310_182013/0000/PairVLQ_x53x53_tWtW_narrow_RH_M700_TuneCP5_13TeV-madgraph-pythia8_80.root
[step1.h] Finished initializing
RUN CONFIG: YEAR = 2017
Era = 
isMC = 1, isSig = 1, SigMass = 0
isHad =0, isSE =0, isSM =0
isTTTT = 0, isXX = 1, isTpTp = 0, isBpBp = 0
For W's: isTT = 0, isSTt = 0, isSTtW = 0
For jets & PDF: isTOP = 0, isMadgraphBkg = 1
For HOTTagger Efficiencies: isTTV = 0, isTTHbb = 0, isTTHnonbb = 0, isTTTX = 0
isTTVV = 0, isST = 0, isTTToSemiLeptonHT500Njet9 = 0
Pileup sample key: PairVLQ_x53x53_tWtW_narrow_RH_M700_TuneCP5_13TeV-madgraph-pythia8
b-tagging working points: 0.304(DeepJet)0.4506(DeepCSV)
isTTincMtt0to700: 0
isTTincMtt0to1000: 0
isTTincMtt700to1000: 0
isTTincMtt1000toInf: 0
isTTSemilepIncHT0Njet0: 0
isTTSemilepIncHT500Njet9: 0
outTTLF: 0
outTTCC: 0
outTTBB: 0
outTT1B: 0
outTT2B: 0
>> Completed 0 out of 1060 events
[INFO] Defaulting to central deepJet weight for: nominal
>> Completed 1000 out of 1060 events
Nelectrons      = 466 / 1060
Npassed_ElEta   = 466 / 1060
Nmuons          = 594 / 1060
NrelIsoFail     = 0 / 1060
Npassed_MuEta   = 594 / 1060
Npassed_nAK8Jets= 1060 / 1060
Npassed_Trigger = 1030 / 1060
Npassed_MET     = 811 / 1060
Npassed_lepPt   = 863 / 1060
Npassed_HT      = 1039 / 1060
npass_Njets     = 1053 / 1060
Npassed_ALL     = 641 / 1060

>> Running /isilon/hadoop/store/group/bruxljm/FWLJMET106XUL_singleLep2017UL_RunIISummer20_X53X53/PairVLQ_x53x53_tWtW_narrow_RH_M700_TuneCP5_13TeV-madgraph-pythia8/singleLep2017UL/230310_182013/0000/PairVLQ_x53x53_tWtW_narrow_RH_M700_TuneCP5_13TeV-madgraph-pythia8_81.root for shift: nominal
[step1.h] Opening file: /isilon/hadoop/store/group/bruxljm/FWLJMET106XUL_singleLep2017UL_RunIISummer20_X53X53/PairVLQ_x53x53_tWtW_narrow_RH_M700_TuneCP5_13TeV-madgraph-pythia8/singleLep2017UL/230310_182013/0000/PairVLQ_x53x53_tWtW_narrow_RH_M700_TuneCP5_13TeV-madgraph-pythia8_81.root
[step1.h] Finished initializing
RUN CONFIG: YEAR = 2017
Era = 
isMC = 1, isSig = 1, SigMass = 0
isHad =0, isSE =0, isSM =0
isTTTT = 0, isXX = 1, isTpTp = 0, isBpBp = 0
For W's: isTT = 0, isSTt = 0, isSTtW = 0
For jets & PDF: isTOP = 0, isMadgraphBkg = 1
For HOTTagger Efficiencies: isTTV = 0, isTTHbb = 0, isTTHnonbb = 0, isTTTX = 0
isTTVV = 0, isST = 0, isTTToSemiLeptonHT500Njet9 = 0
Pileup sample key: PairVLQ_x53x53_tWtW_narrow_RH_M700_TuneCP5_13TeV-madgraph-pythia8
b-tagging working points: 0.304(DeepJet)0.4506(DeepCSV)
isTTincMtt0to700: 0
isTTincMtt0to1000: 0
isTTincMtt700to1000: 0
isTTincMtt1000toInf: 0
isTTSemilepIncHT0Njet0: 0
isTTSemilepIncHT500Njet9: 0
outTTLF: 0
outTTCC: 0
outTTBB: 0
outTT1B: 0
outTT2B: 0
>> Completed 0 out of 1027 events
[INFO] Defaulting to central deepJet weight for: nominal
>> Completed 1000 out of 1027 events
Nelectrons      = 478 / 1027
Npassed_ElEta   = 478 / 1027
Nmuons          = 549 / 1027
NrelIsoFail     = 0 / 1027
Npassed_MuEta   = 549 / 1027
Npassed_nAK8Jets= 1027 / 1027
Npassed_Trigger = 996 / 1027
Npassed_MET     = 791 / 1027
Npassed_lepPt   = 832 / 1027
Npassed_HT      = 998 / 1027
npass_Njets     = 1023 / 1027
Npassed_ALL     = 617 / 1027

>> Running /isilon/hadoop/store/group/bruxljm/FWLJMET106XUL_singleLep2017UL_RunIISummer20_X53X53/PairVLQ_x53x53_tWtW_narrow_RH_M700_TuneCP5_13TeV-madgraph-pythia8/singleLep2017UL/230310_182013/0000/PairVLQ_x53x53_tWtW_narrow_RH_M700_TuneCP5_13TeV-madgraph-pythia8_82.root for shift: nominal
[step1.h] Opening file: /isilon/hadoop/store/group/bruxljm/FWLJMET106XUL_singleLep2017UL_RunIISummer20_X53X53/PairVLQ_x53x53_tWtW_narrow_RH_M700_TuneCP5_13TeV-madgraph-pythia8/singleLep2017UL/230310_182013/0000/PairVLQ_x53x53_tWtW_narrow_RH_M700_TuneCP5_13TeV-madgraph-pythia8_82.root
[step1.h] Finished initializing
RUN CONFIG: YEAR = 2017
Era = 
isMC = 1, isSig = 1, SigMass = 0
isHad =0, isSE =0, isSM =0
isTTTT = 0, isXX = 1, isTpTp = 0, isBpBp = 0
For W's: isTT = 0, isSTt = 0, isSTtW = 0
For jets & PDF: isTOP = 0, isMadgraphBkg = 1
For HOTTagger Efficiencies: isTTV = 0, isTTHbb = 0, isTTHnonbb = 0, isTTTX = 0
isTTVV = 0, isST = 0, isTTToSemiLeptonHT500Njet9 = 0
Pileup sample key: PairVLQ_x53x53_tWtW_narrow_RH_M700_TuneCP5_13TeV-madgraph-pythia8
b-tagging working points: 0.304(DeepJet)0.4506(DeepCSV)
isTTincMtt0to700: 0
isTTincMtt0to1000: 0
isTTincMtt700to1000: 0
isTTincMtt1000toInf: 0
isTTSemilepIncHT0Njet0: 0
isTTSemilepIncHT500Njet9: 0
outTTLF: 0
outTTCC: 0
outTTBB: 0
outTT1B: 0
outTT2B: 0
>> Completed 0 out of 1014 events
[INFO] Defaulting to central deepJet weight for: nominal
>> Completed 1000 out of 1014 events
Nelectrons      = 460 / 1014
Npassed_ElEta   = 460 / 1014
Nmuons          = 554 / 1014
NrelIsoFail     = 0 / 1014
Npassed_MuEta   = 554 / 1014
Npassed_nAK8Jets= 1014 / 1014
Npassed_Trigger = 988 / 1014
Npassed_MET     = 793 / 1014
Npassed_lepPt   = 847 / 1014
Npassed_HT      = 995 / 1014
npass_Njets     = 1014 / 1014
Npassed_ALL     = 647 / 1014

>> Running /isilon/hadoop/store/group/bruxljm/FWLJMET106XUL_singleLep2017UL_RunIISummer20_X53X53/PairVLQ_x53x53_tWtW_narrow_RH_M700_TuneCP5_13TeV-madgraph-pythia8/singleLep2017UL/230310_182013/0000/PairVLQ_x53x53_tWtW_narrow_RH_M700_TuneCP5_13TeV-madgraph-pythia8_83.root for shift: nominal
[step1.h] Opening file: /isilon/hadoop/store/group/bruxljm/FWLJMET106XUL_singleLep2017UL_RunIISummer20_X53X53/PairVLQ_x53x53_tWtW_narrow_RH_M700_TuneCP5_13TeV-madgraph-pythia8/singleLep2017UL/230310_182013/0000/PairVLQ_x53x53_tWtW_narrow_RH_M700_TuneCP5_13TeV-madgraph-pythia8_83.root
[step1.h] Finished initializing
RUN CONFIG: YEAR = 2017
Era = 
isMC = 1, isSig = 1, SigMass = 0
isHad =0, isSE =0, isSM =0
isTTTT = 0, isXX = 1, isTpTp = 0, isBpBp = 0
For W's: isTT = 0, isSTt = 0, isSTtW = 0
For jets & PDF: isTOP = 0, isMadgraphBkg = 1
For HOTTagger Efficiencies: isTTV = 0, isTTHbb = 0, isTTHnonbb = 0, isTTTX = 0
isTTVV = 0, isST = 0, isTTToSemiLeptonHT500Njet9 = 0
Pileup sample key: PairVLQ_x53x53_tWtW_narrow_RH_M700_TuneCP5_13TeV-madgraph-pythia8
b-tagging working points: 0.304(DeepJet)0.4506(DeepCSV)
isTTincMtt0to700: 0
isTTincMtt0to1000: 0
isTTincMtt700to1000: 0
isTTincMtt1000toInf: 0
isTTSemilepIncHT0Njet0: 0
isTTSemilepIncHT500Njet9: 0
outTTLF: 0
outTTCC: 0
outTTBB: 0
outTT1B: 0
outTT2B: 0
>> Completed 0 out of 1037 events
[INFO] Defaulting to central deepJet weight for: nominal
>> Completed 1000 out of 1037 events
Nelectrons      = 480 / 1037
Npassed_ElEta   = 480 / 1037
Nmuons          = 557 / 1037
NrelIsoFail     = 0 / 1037
Npassed_MuEta   = 557 / 1037
Npassed_nAK8Jets= 1037 / 1037
Npassed_Trigger = 996 / 1037
Npassed_MET     = 788 / 1037
Npassed_lepPt   = 830 / 1037
Npassed_HT      = 1016 / 1037
npass_Njets     = 1034 / 1037
Npassed_ALL     = 615 / 1037

>> Running /isilon/hadoop/store/group/bruxljm/FWLJMET106XUL_singleLep2017UL_RunIISummer20_X53X53/PairVLQ_x53x53_tWtW_narrow_RH_M700_TuneCP5_13TeV-madgraph-pythia8/singleLep2017UL/230310_182013/0000/PairVLQ_x53x53_tWtW_narrow_RH_M700_TuneCP5_13TeV-madgraph-pythia8_84.root for shift: nominal
[step1.h] Opening file: /isilon/hadoop/store/group/bruxljm/FWLJMET106XUL_singleLep2017UL_RunIISummer20_X53X53/PairVLQ_x53x53_tWtW_narrow_RH_M700_TuneCP5_13TeV-madgraph-pythia8/singleLep2017UL/230310_182013/0000/PairVLQ_x53x53_tWtW_narrow_RH_M700_TuneCP5_13TeV-madgraph-pythia8_84.root
[step1.h] Finished initializing
RUN CONFIG: YEAR = 2017
Era = 
isMC = 1, isSig = 1, SigMass = 0
isHad =0, isSE =0, isSM =0
isTTTT = 0, isXX = 1, isTpTp = 0, isBpBp = 0
For W's: isTT = 0, isSTt = 0, isSTtW = 0
For jets & PDF: isTOP = 0, isMadgraphBkg = 1
For HOTTagger Efficiencies: isTTV = 0, isTTHbb = 0, isTTHnonbb = 0, isTTTX = 0
isTTVV = 0, isST = 0, isTTToSemiLeptonHT500Njet9 = 0
Pileup sample key: PairVLQ_x53x53_tWtW_narrow_RH_M700_TuneCP5_13TeV-madgraph-pythia8
b-tagging working points: 0.304(DeepJet)0.4506(DeepCSV)
isTTincMtt0to700: 0
isTTincMtt0to1000: 0
isTTincMtt700to1000: 0
isTTincMtt1000toInf: 0
isTTSemilepIncHT0Njet0: 0
isTTSemilepIncHT500Njet9: 0
outTTLF: 0
outTTCC: 0
outTTBB: 0
outTT1B: 0
outTT2B: 0
>> Completed 0 out of 1009 events
[INFO] Defaulting to central deepJet weight for: nominal
>> Completed 1000 out of 1009 events
Nelectrons      = 472 / 1009
Npassed_ElEta   = 472 / 1009
Nmuons          = 537 / 1009
NrelIsoFail     = 0 / 1009
Npassed_MuEta   = 537 / 1009
Npassed_nAK8Jets= 1009 / 1009
Npassed_Trigger = 980 / 1009
Npassed_MET     = 752 / 1009
Npassed_lepPt   = 837 / 1009
Npassed_HT      = 977 / 1009
npass_Njets     = 1002 / 1009
Npassed_ALL     = 606 / 1009

>> Running /isilon/hadoop/store/group/bruxljm/FWLJMET106XUL_singleLep2017UL_RunIISummer20_X53X53/PairVLQ_x53x53_tWtW_narrow_RH_M700_TuneCP5_13TeV-madgraph-pythia8/singleLep2017UL/230310_182013/0000/PairVLQ_x53x53_tWtW_narrow_RH_M700_TuneCP5_13TeV-madgraph-pythia8_85.root for shift: nominal
[step1.h] Opening file: /isilon/hadoop/store/group/bruxljm/FWLJMET106XUL_singleLep2017UL_RunIISummer20_X53X53/PairVLQ_x53x53_tWtW_narrow_RH_M700_TuneCP5_13TeV-madgraph-pythia8/singleLep2017UL/230310_182013/0000/PairVLQ_x53x53_tWtW_narrow_RH_M700_TuneCP5_13TeV-madgraph-pythia8_85.root
[step1.h] Finished initializing
RUN CONFIG: YEAR = 2017
Era = 
isMC = 1, isSig = 1, SigMass = 0
isHad =0, isSE =0, isSM =0
isTTTT = 0, isXX = 1, isTpTp = 0, isBpBp = 0
For W's: isTT = 0, isSTt = 0, isSTtW = 0
For jets & PDF: isTOP = 0, isMadgraphBkg = 1
For HOTTagger Efficiencies: isTTV = 0, isTTHbb = 0, isTTHnonbb = 0, isTTTX = 0
isTTVV = 0, isST = 0, isTTToSemiLeptonHT500Njet9 = 0
Pileup sample key: PairVLQ_x53x53_tWtW_narrow_RH_M700_TuneCP5_13TeV-madgraph-pythia8
b-tagging working points: 0.304(DeepJet)0.4506(DeepCSV)
isTTincMtt0to700: 0
isTTincMtt0to1000: 0
isTTincMtt700to1000: 0
isTTincMtt1000toInf: 0
isTTSemilepIncHT0Njet0: 0
isTTSemilepIncHT500Njet9: 0
outTTLF: 0
outTTCC: 0
outTTBB: 0
outTT1B: 0
outTT2B: 0
>> Completed 0 out of 1044 events
[INFO] Defaulting to central deepJet weight for: nominal
>> Completed 1000 out of 1044 events
Nelectrons      = 498 / 1044
Npassed_ElEta   = 498 / 1044
Nmuons          = 546 / 1044
NrelIsoFail     = 0 / 1044
Npassed_MuEta   = 546 / 1044
Npassed_nAK8Jets= 1044 / 1044
Npassed_Trigger = 1017 / 1044
Npassed_MET     = 798 / 1044
Npassed_lepPt   = 838 / 1044
Npassed_HT      = 1019 / 1044
npass_Njets     = 1040 / 1044
Npassed_ALL     = 623 / 1044

>> Running /isilon/hadoop/store/group/bruxljm/FWLJMET106XUL_singleLep2017UL_RunIISummer20_X53X53/PairVLQ_x53x53_tWtW_narrow_RH_M700_TuneCP5_13TeV-madgraph-pythia8/singleLep2017UL/230310_182013/0000/PairVLQ_x53x53_tWtW_narrow_RH_M700_TuneCP5_13TeV-madgraph-pythia8_86.root for shift: nominal
[step1.h] Opening file: /isilon/hadoop/store/group/bruxljm/FWLJMET106XUL_singleLep2017UL_RunIISummer20_X53X53/PairVLQ_x53x53_tWtW_narrow_RH_M700_TuneCP5_13TeV-madgraph-pythia8/singleLep2017UL/230310_182013/0000/PairVLQ_x53x53_tWtW_narrow_RH_M700_TuneCP5_13TeV-madgraph-pythia8_86.root
[step1.h] Finished initializing
RUN CONFIG: YEAR = 2017
Era = 
isMC = 1, isSig = 1, SigMass = 0
isHad =0, isSE =0, isSM =0
isTTTT = 0, isXX = 1, isTpTp = 0, isBpBp = 0
For W's: isTT = 0, isSTt = 0, isSTtW = 0
For jets & PDF: isTOP = 0, isMadgraphBkg = 1
For HOTTagger Efficiencies: isTTV = 0, isTTHbb = 0, isTTHnonbb = 0, isTTTX = 0
isTTVV = 0, isST = 0, isTTToSemiLeptonHT500Njet9 = 0
Pileup sample key: PairVLQ_x53x53_tWtW_narrow_RH_M700_TuneCP5_13TeV-madgraph-pythia8
b-tagging working points: 0.304(DeepJet)0.4506(DeepCSV)
isTTincMtt0to700: 0
isTTincMtt0to1000: 0
isTTincMtt700to1000: 0
isTTincMtt1000toInf: 0
isTTSemilepIncHT0Njet0: 0
isTTSemilepIncHT500Njet9: 0
outTTLF: 0
outTTCC: 0
outTTBB: 0
outTT1B: 0
outTT2B: 0
>> Completed 0 out of 1042 events
[INFO] Defaulting to central deepJet weight for: nominal
>> Completed 1000 out of 1042 events
Nelectrons      = 503 / 1042
Npassed_ElEta   = 503 / 1042
Nmuons          = 539 / 1042
NrelIsoFail     = 0 / 1042
Npassed_MuEta   = 539 / 1042
Npassed_nAK8Jets= 1042 / 1042
Npassed_Trigger = 1000 / 1042
Npassed_MET     = 792 / 1042
Npassed_lepPt   = 830 / 1042
Npassed_HT      = 1018 / 1042
npass_Njets     = 1038 / 1042
Npassed_ALL     = 610 / 1042

>> Running /isilon/hadoop/store/group/bruxljm/FWLJMET106XUL_singleLep2017UL_RunIISummer20_X53X53/PairVLQ_x53x53_tWtW_narrow_RH_M700_TuneCP5_13TeV-madgraph-pythia8/singleLep2017UL/230310_182013/0000/PairVLQ_x53x53_tWtW_narrow_RH_M700_TuneCP5_13TeV-madgraph-pythia8_87.root for shift: nominal
[step1.h] Opening file: /isilon/hadoop/store/group/bruxljm/FWLJMET106XUL_singleLep2017UL_RunIISummer20_X53X53/PairVLQ_x53x53_tWtW_narrow_RH_M700_TuneCP5_13TeV-madgraph-pythia8/singleLep2017UL/230310_182013/0000/PairVLQ_x53x53_tWtW_narrow_RH_M700_TuneCP5_13TeV-madgraph-pythia8_87.root
[step1.h] Finished initializing
RUN CONFIG: YEAR = 2017
Era = 
isMC = 1, isSig = 1, SigMass = 0
isHad =0, isSE =0, isSM =0
isTTTT = 0, isXX = 1, isTpTp = 0, isBpBp = 0
For W's: isTT = 0, isSTt = 0, isSTtW = 0
For jets & PDF: isTOP = 0, isMadgraphBkg = 1
For HOTTagger Efficiencies: isTTV = 0, isTTHbb = 0, isTTHnonbb = 0, isTTTX = 0
isTTVV = 0, isST = 0, isTTToSemiLeptonHT500Njet9 = 0
Pileup sample key: PairVLQ_x53x53_tWtW_narrow_RH_M700_TuneCP5_13TeV-madgraph-pythia8
b-tagging working points: 0.304(DeepJet)0.4506(DeepCSV)
isTTincMtt0to700: 0
isTTincMtt0to1000: 0
isTTincMtt700to1000: 0
isTTincMtt1000toInf: 0
isTTSemilepIncHT0Njet0: 0
isTTSemilepIncHT500Njet9: 0
outTTLF: 0
outTTCC: 0
outTTBB: 0
outTT1B: 0
outTT2B: 0
>> Completed 0 out of 1022 events
[INFO] Defaulting to central deepJet weight for: nominal
>> Completed 1000 out of 1022 events
Nelectrons      = 456 / 1022
Npassed_ElEta   = 456 / 1022
Nmuons          = 566 / 1022
NrelIsoFail     = 0 / 1022
Npassed_MuEta   = 566 / 1022
Npassed_nAK8Jets= 1022 / 1022
Npassed_Trigger = 988 / 1022
Npassed_MET     = 794 / 1022
Npassed_lepPt   = 830 / 1022
Npassed_HT      = 995 / 1022
npass_Njets     = 1014 / 1022
Npassed_ALL     = 622 / 1022

>> Running /isilon/hadoop/store/group/bruxljm/FWLJMET106XUL_singleLep2017UL_RunIISummer20_X53X53/PairVLQ_x53x53_tWtW_narrow_RH_M700_TuneCP5_13TeV-madgraph-pythia8/singleLep2017UL/230310_182013/0000/PairVLQ_x53x53_tWtW_narrow_RH_M700_TuneCP5_13TeV-madgraph-pythia8_88.root for shift: nominal
[step1.h] Opening file: /isilon/hadoop/store/group/bruxljm/FWLJMET106XUL_singleLep2017UL_RunIISummer20_X53X53/PairVLQ_x53x53_tWtW_narrow_RH_M700_TuneCP5_13TeV-madgraph-pythia8/singleLep2017UL/230310_182013/0000/PairVLQ_x53x53_tWtW_narrow_RH_M700_TuneCP5_13TeV-madgraph-pythia8_88.root
[step1.h] Finished initializing
RUN CONFIG: YEAR = 2017
Era = 
isMC = 1, isSig = 1, SigMass = 0
isHad =0, isSE =0, isSM =0
isTTTT = 0, isXX = 1, isTpTp = 0, isBpBp = 0
For W's: isTT = 0, isSTt = 0, isSTtW = 0
For jets & PDF: isTOP = 0, isMadgraphBkg = 1
For HOTTagger Efficiencies: isTTV = 0, isTTHbb = 0, isTTHnonbb = 0, isTTTX = 0
isTTVV = 0, isST = 0, isTTToSemiLeptonHT500Njet9 = 0
Pileup sample key: PairVLQ_x53x53_tWtW_narrow_RH_M700_TuneCP5_13TeV-madgraph-pythia8
b-tagging working points: 0.304(DeepJet)0.4506(DeepCSV)
isTTincMtt0to700: 0
isTTincMtt0to1000: 0
isTTincMtt700to1000: 0
isTTincMtt1000toInf: 0
isTTSemilepIncHT0Njet0: 0
isTTSemilepIncHT500Njet9: 0
outTTLF: 0
outTTCC: 0
outTTBB: 0
outTT1B: 0
outTT2B: 0
>> Completed 0 out of 1040 events
[INFO] Defaulting to central deepJet weight for: nominal
>> Completed 1000 out of 1040 events
Nelectrons      = 491 / 1040
Npassed_ElEta   = 491 / 1040
Nmuons          = 549 / 1040
NrelIsoFail     = 0 / 1040
Npassed_MuEta   = 549 / 1040
Npassed_nAK8Jets= 1040 / 1040
Npassed_Trigger = 1004 / 1040
Npassed_MET     = 797 / 1040
Npassed_lepPt   = 830 / 1040
Npassed_HT      = 1015 / 1040
npass_Njets     = 1037 / 1040
Npassed_ALL     = 614 / 1040

>> Running /isilon/hadoop/store/group/bruxljm/FWLJMET106XUL_singleLep2017UL_RunIISummer20_X53X53/PairVLQ_x53x53_tWtW_narrow_RH_M700_TuneCP5_13TeV-madgraph-pythia8/singleLep2017UL/230310_182013/0000/PairVLQ_x53x53_tWtW_narrow_RH_M700_TuneCP5_13TeV-madgraph-pythia8_89.root for shift: nominal
[step1.h] Opening file: /isilon/hadoop/store/group/bruxljm/FWLJMET106XUL_singleLep2017UL_RunIISummer20_X53X53/PairVLQ_x53x53_tWtW_narrow_RH_M700_TuneCP5_13TeV-madgraph-pythia8/singleLep2017UL/230310_182013/0000/PairVLQ_x53x53_tWtW_narrow_RH_M700_TuneCP5_13TeV-madgraph-pythia8_89.root
[step1.h] Finished initializing
RUN CONFIG: YEAR = 2017
Era = 
isMC = 1, isSig = 1, SigMass = 0
isHad =0, isSE =0, isSM =0
isTTTT = 0, isXX = 1, isTpTp = 0, isBpBp = 0
For W's: isTT = 0, isSTt = 0, isSTtW = 0
For jets & PDF: isTOP = 0, isMadgraphBkg = 1
For HOTTagger Efficiencies: isTTV = 0, isTTHbb = 0, isTTHnonbb = 0, isTTTX = 0
isTTVV = 0, isST = 0, isTTToSemiLeptonHT500Njet9 = 0
Pileup sample key: PairVLQ_x53x53_tWtW_narrow_RH_M700_TuneCP5_13TeV-madgraph-pythia8
b-tagging working points: 0.304(DeepJet)0.4506(DeepCSV)
isTTincMtt0to700: 0
isTTincMtt0to1000: 0
isTTincMtt700to1000: 0
isTTincMtt1000toInf: 0
isTTSemilepIncHT0Njet0: 0
isTTSemilepIncHT500Njet9: 0
outTTLF: 0
outTTCC: 0
outTTBB: 0
outTT1B: 0
outTT2B: 0
>> Completed 0 out of 1003 events
[INFO] Defaulting to central deepJet weight for: nominal
>> Completed 1000 out of 1003 events
Nelectrons      = 484 / 1003
Npassed_ElEta   = 484 / 1003
Nmuons          = 519 / 1003
NrelIsoFail     = 0 / 1003
Npassed_MuEta   = 519 / 1003
Npassed_nAK8Jets= 1003 / 1003
Npassed_Trigger = 966 / 1003
Npassed_MET     = 754 / 1003
Npassed_lepPt   = 808 / 1003
Npassed_HT      = 977 / 1003
npass_Njets     = 996 / 1003
Npassed_ALL     = 582 / 1003

>> Running /isilon/hadoop/store/group/bruxljm/FWLJMET106XUL_singleLep2017UL_RunIISummer20_X53X53/PairVLQ_x53x53_tWtW_narrow_RH_M700_TuneCP5_13TeV-madgraph-pythia8/singleLep2017UL/230310_182013/0000/PairVLQ_x53x53_tWtW_narrow_RH_M700_TuneCP5_13TeV-madgraph-pythia8_9.root for shift: nominal
[step1.h] Opening file: /isilon/hadoop/store/group/bruxljm/FWLJMET106XUL_singleLep2017UL_RunIISummer20_X53X53/PairVLQ_x53x53_tWtW_narrow_RH_M700_TuneCP5_13TeV-madgraph-pythia8/singleLep2017UL/230310_182013/0000/PairVLQ_x53x53_tWtW_narrow_RH_M700_TuneCP5_13TeV-madgraph-pythia8_9.root
[step1.h] Finished initializing
RUN CONFIG: YEAR = 2017
Era = 
isMC = 1, isSig = 1, SigMass = 0
isHad =0, isSE =0, isSM =0
isTTTT = 0, isXX = 1, isTpTp = 0, isBpBp = 0
For W's: isTT = 0, isSTt = 0, isSTtW = 0
For jets & PDF: isTOP = 0, isMadgraphBkg = 1
For HOTTagger Efficiencies: isTTV = 0, isTTHbb = 0, isTTHnonbb = 0, isTTTX = 0
isTTVV = 0, isST = 0, isTTToSemiLeptonHT500Njet9 = 0
Pileup sample key: PairVLQ_x53x53_tWtW_narrow_RH_M700_TuneCP5_13TeV-madgraph-pythia8
b-tagging working points: 0.304(DeepJet)0.4506(DeepCSV)
isTTincMtt0to700: 0
isTTincMtt0to1000: 0
isTTincMtt700to1000: 0
isTTincMtt1000toInf: 0
isTTSemilepIncHT0Njet0: 0
isTTSemilepIncHT500Njet9: 0
outTTLF: 0
outTTCC: 0
outTTBB: 0
outTT1B: 0
outTT2B: 0
>> Completed 0 out of 485 events
[INFO] Defaulting to central deepJet weight for: nominal
Nelectrons      = 237 / 485
Npassed_ElEta   = 237 / 485
Nmuons          = 248 / 485
NrelIsoFail     = 0 / 485
Npassed_MuEta   = 248 / 485
Npassed_nAK8Jets= 485 / 485
Npassed_Trigger = 463 / 485
Npassed_MET     = 374 / 485
Npassed_lepPt   = 398 / 485
Npassed_HT      = 474 / 485
npass_Njets     = 483 / 485
Npassed_ALL     = 298 / 485

>> Running /isilon/hadoop/store/group/bruxljm/FWLJMET106XUL_singleLep2017UL_RunIISummer20_X53X53/PairVLQ_x53x53_tWtW_narrow_RH_M700_TuneCP5_13TeV-madgraph-pythia8/singleLep2017UL/230310_182013/0000/PairVLQ_x53x53_tWtW_narrow_RH_M700_TuneCP5_13TeV-madgraph-pythia8_90.root for shift: nominal
[step1.h] Opening file: /isilon/hadoop/store/group/bruxljm/FWLJMET106XUL_singleLep2017UL_RunIISummer20_X53X53/PairVLQ_x53x53_tWtW_narrow_RH_M700_TuneCP5_13TeV-madgraph-pythia8/singleLep2017UL/230310_182013/0000/PairVLQ_x53x53_tWtW_narrow_RH_M700_TuneCP5_13TeV-madgraph-pythia8_90.root
[step1.h] Finished initializing
RUN CONFIG: YEAR = 2017
Era = 
isMC = 1, isSig = 1, SigMass = 0
isHad =0, isSE =0, isSM =0
isTTTT = 0, isXX = 1, isTpTp = 0, isBpBp = 0
For W's: isTT = 0, isSTt = 0, isSTtW = 0
For jets & PDF: isTOP = 0, isMadgraphBkg = 1
For HOTTagger Efficiencies: isTTV = 0, isTTHbb = 0, isTTHnonbb = 0, isTTTX = 0
isTTVV = 0, isST = 0, isTTToSemiLeptonHT500Njet9 = 0
Pileup sample key: PairVLQ_x53x53_tWtW_narrow_RH_M700_TuneCP5_13TeV-madgraph-pythia8
b-tagging working points: 0.304(DeepJet)0.4506(DeepCSV)
isTTincMtt0to700: 0
isTTincMtt0to1000: 0
isTTincMtt700to1000: 0
isTTincMtt1000toInf: 0
isTTSemilepIncHT0Njet0: 0
isTTSemilepIncHT500Njet9: 0
outTTLF: 0
outTTCC: 0
outTTBB: 0
outTT1B: 0
outTT2B: 0
>> Completed 0 out of 1031 events
[INFO] Defaulting to central deepJet weight for: nominal
>> Completed 1000 out of 1031 events
Nelectrons      = 504 / 1031
Npassed_ElEta   = 504 / 1031
Nmuons          = 527 / 1031
NrelIsoFail     = 0 / 1031
Npassed_MuEta   = 527 / 1031
Npassed_nAK8Jets= 1031 / 1031
Npassed_Trigger = 991 / 1031
Npassed_MET     = 787 / 1031
Npassed_lepPt   = 849 / 1031
Npassed_HT      = 1015 / 1031
npass_Njets     = 1024 / 1031
Npassed_ALL     = 630 / 1031

>> Running /isilon/hadoop/store/group/bruxljm/FWLJMET106XUL_singleLep2017UL_RunIISummer20_X53X53/PairVLQ_x53x53_tWtW_narrow_RH_M700_TuneCP5_13TeV-madgraph-pythia8/singleLep2017UL/230310_182013/0000/PairVLQ_x53x53_tWtW_narrow_RH_M700_TuneCP5_13TeV-madgraph-pythia8_91.root for shift: nominal
[step1.h] Opening file: /isilon/hadoop/store/group/bruxljm/FWLJMET106XUL_singleLep2017UL_RunIISummer20_X53X53/PairVLQ_x53x53_tWtW_narrow_RH_M700_TuneCP5_13TeV-madgraph-pythia8/singleLep2017UL/230310_182013/0000/PairVLQ_x53x53_tWtW_narrow_RH_M700_TuneCP5_13TeV-madgraph-pythia8_91.root
[step1.h] Finished initializing
RUN CONFIG: YEAR = 2017
Era = 
isMC = 1, isSig = 1, SigMass = 0
isHad =0, isSE =0, isSM =0
isTTTT = 0, isXX = 1, isTpTp = 0, isBpBp = 0
For W's: isTT = 0, isSTt = 0, isSTtW = 0
For jets & PDF: isTOP = 0, isMadgraphBkg = 1
For HOTTagger Efficiencies: isTTV = 0, isTTHbb = 0, isTTHnonbb = 0, isTTTX = 0
isTTVV = 0, isST = 0, isTTToSemiLeptonHT500Njet9 = 0
Pileup sample key: PairVLQ_x53x53_tWtW_narrow_RH_M700_TuneCP5_13TeV-madgraph-pythia8
b-tagging working points: 0.304(DeepJet)0.4506(DeepCSV)
isTTincMtt0to700: 0
isTTincMtt0to1000: 0
isTTincMtt700to1000: 0
isTTincMtt1000toInf: 0
isTTSemilepIncHT0Njet0: 0
isTTSemilepIncHT500Njet9: 0
outTTLF: 0
outTTCC: 0
outTTBB: 0
outTT1B: 0
outTT2B: 0
>> Completed 0 out of 1007 events
[INFO] Defaulting to central deepJet weight for: nominal
>> Completed 1000 out of 1007 events
Nelectrons      = 480 / 1007
Npassed_ElEta   = 480 / 1007
Nmuons          = 527 / 1007
NrelIsoFail     = 0 / 1007
Npassed_MuEta   = 527 / 1007
Npassed_nAK8Jets= 1007 / 1007
Npassed_Trigger = 978 / 1007
Npassed_MET     = 766 / 1007
Npassed_lepPt   = 835 / 1007
Npassed_HT      = 991 / 1007
npass_Njets     = 1004 / 1007
Npassed_ALL     = 623 / 1007

>> Running /isilon/hadoop/store/group/bruxljm/FWLJMET106XUL_singleLep2017UL_RunIISummer20_X53X53/PairVLQ_x53x53_tWtW_narrow_RH_M700_TuneCP5_13TeV-madgraph-pythia8/singleLep2017UL/230310_182013/0000/PairVLQ_x53x53_tWtW_narrow_RH_M700_TuneCP5_13TeV-madgraph-pythia8_92.root for shift: nominal
[step1.h] Opening file: /isilon/hadoop/store/group/bruxljm/FWLJMET106XUL_singleLep2017UL_RunIISummer20_X53X53/PairVLQ_x53x53_tWtW_narrow_RH_M700_TuneCP5_13TeV-madgraph-pythia8/singleLep2017UL/230310_182013/0000/PairVLQ_x53x53_tWtW_narrow_RH_M700_TuneCP5_13TeV-madgraph-pythia8_92.root
[step1.h] Finished initializing
RUN CONFIG: YEAR = 2017
Era = 
isMC = 1, isSig = 1, SigMass = 0
isHad =0, isSE =0, isSM =0
isTTTT = 0, isXX = 1, isTpTp = 0, isBpBp = 0
For W's: isTT = 0, isSTt = 0, isSTtW = 0
For jets & PDF: isTOP = 0, isMadgraphBkg = 1
For HOTTagger Efficiencies: isTTV = 0, isTTHbb = 0, isTTHnonbb = 0, isTTTX = 0
isTTVV = 0, isST = 0, isTTToSemiLeptonHT500Njet9 = 0
Pileup sample key: PairVLQ_x53x53_tWtW_narrow_RH_M700_TuneCP5_13TeV-madgraph-pythia8
b-tagging working points: 0.304(DeepJet)0.4506(DeepCSV)
isTTincMtt0to700: 0
isTTincMtt0to1000: 0
isTTincMtt700to1000: 0
isTTincMtt1000toInf: 0
isTTSemilepIncHT0Njet0: 0
isTTSemilepIncHT500Njet9: 0
outTTLF: 0
outTTCC: 0
outTTBB: 0
outTT1B: 0
outTT2B: 0
>> Completed 0 out of 1007 events
[INFO] Defaulting to central deepJet weight for: nominal
>> Completed 1000 out of 1007 events
Nelectrons      = 467 / 1007
Npassed_ElEta   = 467 / 1007
Nmuons          = 540 / 1007
NrelIsoFail     = 0 / 1007
Npassed_MuEta   = 540 / 1007
Npassed_nAK8Jets= 1007 / 1007
Npassed_Trigger = 981 / 1007
Npassed_MET     = 778 / 1007
Npassed_lepPt   = 814 / 1007
Npassed_HT      = 981 / 1007
npass_Njets     = 1000 / 1007
Npassed_ALL     = 601 / 1007

>> Running /isilon/hadoop/store/group/bruxljm/FWLJMET106XUL_singleLep2017UL_RunIISummer20_X53X53/PairVLQ_x53x53_tWtW_narrow_RH_M700_TuneCP5_13TeV-madgraph-pythia8/singleLep2017UL/230310_182013/0000/PairVLQ_x53x53_tWtW_narrow_RH_M700_TuneCP5_13TeV-madgraph-pythia8_93.root for shift: nominal
[step1.h] Opening file: /isilon/hadoop/store/group/bruxljm/FWLJMET106XUL_singleLep2017UL_RunIISummer20_X53X53/PairVLQ_x53x53_tWtW_narrow_RH_M700_TuneCP5_13TeV-madgraph-pythia8/singleLep2017UL/230310_182013/0000/PairVLQ_x53x53_tWtW_narrow_RH_M700_TuneCP5_13TeV-madgraph-pythia8_93.root
[step1.h] Finished initializing
RUN CONFIG: YEAR = 2017
Era = 
isMC = 1, isSig = 1, SigMass = 0
isHad =0, isSE =0, isSM =0
isTTTT = 0, isXX = 1, isTpTp = 0, isBpBp = 0
For W's: isTT = 0, isSTt = 0, isSTtW = 0
For jets & PDF: isTOP = 0, isMadgraphBkg = 1
For HOTTagger Efficiencies: isTTV = 0, isTTHbb = 0, isTTHnonbb = 0, isTTTX = 0
isTTVV = 0, isST = 0, isTTToSemiLeptonHT500Njet9 = 0
Pileup sample key: PairVLQ_x53x53_tWtW_narrow_RH_M700_TuneCP5_13TeV-madgraph-pythia8
b-tagging working points: 0.304(DeepJet)0.4506(DeepCSV)
isTTincMtt0to700: 0
isTTincMtt0to1000: 0
isTTincMtt700to1000: 0
isTTincMtt1000toInf: 0
isTTSemilepIncHT0Njet0: 0
isTTSemilepIncHT500Njet9: 0
outTTLF: 0
outTTCC: 0
outTTBB: 0
outTT1B: 0
outTT2B: 0
>> Completed 0 out of 1016 events
[INFO] Defaulting to central deepJet weight for: nominal
>> Completed 1000 out of 1016 events
Nelectrons      = 496 / 1016
Npassed_ElEta   = 496 / 1016
Nmuons          = 520 / 1016
NrelIsoFail     = 0 / 1016
Npassed_MuEta   = 520 / 1016
Npassed_nAK8Jets= 1016 / 1016
Npassed_Trigger = 980 / 1016
Npassed_MET     = 778 / 1016
Npassed_lepPt   = 828 / 1016
Npassed_HT      = 982 / 1016
npass_Njets     = 1005 / 1016
Npassed_ALL     = 615 / 1016

>> Running /isilon/hadoop/store/group/bruxljm/FWLJMET106XUL_singleLep2017UL_RunIISummer20_X53X53/PairVLQ_x53x53_tWtW_narrow_RH_M700_TuneCP5_13TeV-madgraph-pythia8/singleLep2017UL/230310_182013/0000/PairVLQ_x53x53_tWtW_narrow_RH_M700_TuneCP5_13TeV-madgraph-pythia8_94.root for shift: nominal
[step1.h] Opening file: /isilon/hadoop/store/group/bruxljm/FWLJMET106XUL_singleLep2017UL_RunIISummer20_X53X53/PairVLQ_x53x53_tWtW_narrow_RH_M700_TuneCP5_13TeV-madgraph-pythia8/singleLep2017UL/230310_182013/0000/PairVLQ_x53x53_tWtW_narrow_RH_M700_TuneCP5_13TeV-madgraph-pythia8_94.root
[step1.h] Finished initializing
RUN CONFIG: YEAR = 2017
Era = 
isMC = 1, isSig = 1, SigMass = 0
isHad =0, isSE =0, isSM =0
isTTTT = 0, isXX = 1, isTpTp = 0, isBpBp = 0
For W's: isTT = 0, isSTt = 0, isSTtW = 0
For jets & PDF: isTOP = 0, isMadgraphBkg = 1
For HOTTagger Efficiencies: isTTV = 0, isTTHbb = 0, isTTHnonbb = 0, isTTTX = 0
isTTVV = 0, isST = 0, isTTToSemiLeptonHT500Njet9 = 0
Pileup sample key: PairVLQ_x53x53_tWtW_narrow_RH_M700_TuneCP5_13TeV-madgraph-pythia8
b-tagging working points: 0.304(DeepJet)0.4506(DeepCSV)
isTTincMtt0to700: 0
isTTincMtt0to1000: 0
isTTincMtt700to1000: 0
isTTincMtt1000toInf: 0
isTTSemilepIncHT0Njet0: 0
isTTSemilepIncHT500Njet9: 0
outTTLF: 0
outTTCC: 0
outTTBB: 0
outTT1B: 0
outTT2B: 0
>> Completed 0 out of 1015 events
[INFO] Defaulting to central deepJet weight for: nominal
>> Completed 1000 out of 1015 events
Nelectrons      = 460 / 1015
Npassed_ElEta   = 460 / 1015
Nmuons          = 555 / 1015
NrelIsoFail     = 0 / 1015
Npassed_MuEta   = 555 / 1015
Npassed_nAK8Jets= 1015 / 1015
Npassed_Trigger = 972 / 1015
Npassed_MET     = 775 / 1015
Npassed_lepPt   = 815 / 1015
Npassed_HT      = 995 / 1015
npass_Njets     = 1008 / 1015
Npassed_ALL     = 604 / 1015
>> Available ROOT Files:
-rw-r--r-- 1 fsimpson gridusers 2068048 Apr 24 09:17 PairVLQ_x53x53_tWtW_narrow_RH_M700_TuneCP5_13TeV-madgraph-pythia8_68nominal.root
-rw-r--r-- 1 fsimpson gridusers 2118819 Apr 24 09:17 PairVLQ_x53x53_tWtW_narrow_RH_M700_TuneCP5_13TeV-madgraph-pythia8_69nominal.root
-rw-r--r-- 1 fsimpson gridusers 2196892 Apr 24 09:17 PairVLQ_x53x53_tWtW_narrow_RH_M700_TuneCP5_13TeV-madgraph-pythia8_70nominal.root
-rw-r--r-- 1 fsimpson gridusers 2142474 Apr 24 09:17 PairVLQ_x53x53_tWtW_narrow_RH_M700_TuneCP5_13TeV-madgraph-pythia8_71nominal.root
-rw-r--r-- 1 fsimpson gridusers 2138692 Apr 24 09:17 PairVLQ_x53x53_tWtW_narrow_RH_M700_TuneCP5_13TeV-madgraph-pythia8_72nominal.root
-rw-r--r-- 1 fsimpson gridusers 2257906 Apr 24 09:17 PairVLQ_x53x53_tWtW_narrow_RH_M700_TuneCP5_13TeV-madgraph-pythia8_73nominal.root
-rw-r--r-- 1 fsimpson gridusers 2119378 Apr 24 09:17 PairVLQ_x53x53_tWtW_narrow_RH_M700_TuneCP5_13TeV-madgraph-pythia8_74nominal.root
-rw-r--r-- 1 fsimpson gridusers 2227149 Apr 24 09:17 PairVLQ_x53x53_tWtW_narrow_RH_M700_TuneCP5_13TeV-madgraph-pythia8_75nominal.root
-rw-r--r-- 1 fsimpson gridusers 1967834 Apr 24 09:17 PairVLQ_x53x53_tWtW_narrow_RH_M700_TuneCP5_13TeV-madgraph-pythia8_76nominal.root
-rw-r--r-- 1 fsimpson gridusers 2233159 Apr 24 09:17 PairVLQ_x53x53_tWtW_narrow_RH_M700_TuneCP5_13TeV-madgraph-pythia8_77nominal.root
-rw-r--r-- 1 fsimpson gridusers 2054820 Apr 24 09:17 PairVLQ_x53x53_tWtW_narrow_RH_M700_TuneCP5_13TeV-madgraph-pythia8_78nominal.root
-rw-r--r-- 1 fsimpson gridusers 2180997 Apr 24 09:17 PairVLQ_x53x53_tWtW_narrow_RH_M700_TuneCP5_13TeV-madgraph-pythia8_79nominal.root
-rw-r--r-- 1 fsimpson gridusers 2167821 Apr 24 09:17 PairVLQ_x53x53_tWtW_narrow_RH_M700_TuneCP5_13TeV-madgraph-pythia8_7nominal.root
-rw-r--r-- 1 fsimpson gridusers 2235423 Apr 24 09:17 PairVLQ_x53x53_tWtW_narrow_RH_M700_TuneCP5_13TeV-madgraph-pythia8_80nominal.root
-rw-r--r-- 1 fsimpson gridusers 2165650 Apr 24 09:17 PairVLQ_x53x53_tWtW_narrow_RH_M700_TuneCP5_13TeV-madgraph-pythia8_81nominal.root
-rw-r--r-- 1 fsimpson gridusers 2254018 Apr 24 09:17 PairVLQ_x53x53_tWtW_narrow_RH_M700_TuneCP5_13TeV-madgraph-pythia8_82nominal.root
-rw-r--r-- 1 fsimpson gridusers 2125655 Apr 24 09:17 PairVLQ_x53x53_tWtW_narrow_RH_M700_TuneCP5_13TeV-madgraph-pythia8_83nominal.root
-rw-r--r-- 1 fsimpson gridusers 2086458 Apr 24 09:17 PairVLQ_x53x53_tWtW_narrow_RH_M700_TuneCP5_13TeV-madgraph-pythia8_84nominal.root
-rw-r--r-- 1 fsimpson gridusers 2133139 Apr 24 09:17 PairVLQ_x53x53_tWtW_narrow_RH_M700_TuneCP5_13TeV-madgraph-pythia8_85nominal.root
-rw-r--r-- 1 fsimpson gridusers 2058094 Apr 24 09:17 PairVLQ_x53x53_tWtW_narrow_RH_M700_TuneCP5_13TeV-madgraph-pythia8_86nominal.root
-rw-r--r-- 1 fsimpson gridusers 2146174 Apr 24 09:17 PairVLQ_x53x53_tWtW_narrow_RH_M700_TuneCP5_13TeV-madgraph-pythia8_87nominal.root
-rw-r--r-- 1 fsimpson gridusers 2069854 Apr 24 09:17 PairVLQ_x53x53_tWtW_narrow_RH_M700_TuneCP5_13TeV-madgraph-pythia8_88nominal.root
-rw-r--r-- 1 fsimpson gridusers 1971805 Apr 24 09:17 PairVLQ_x53x53_tWtW_narrow_RH_M700_TuneCP5_13TeV-madgraph-pythia8_89nominal.root
-rw-r--r-- 1 fsimpson gridusers 1076507 Apr 24 09:17 PairVLQ_x53x53_tWtW_narrow_RH_M700_TuneCP5_13TeV-madgraph-pythia8_8nominal.root
-rw-r--r-- 1 fsimpson gridusers 2200377 Apr 24 09:17 PairVLQ_x53x53_tWtW_narrow_RH_M700_TuneCP5_13TeV-madgraph-pythia8_90nominal.root
-rw-r--r-- 1 fsimpson gridusers 2153682 Apr 24 09:17 PairVLQ_x53x53_tWtW_narrow_RH_M700_TuneCP5_13TeV-madgraph-pythia8_91nominal.root
-rw-r--r-- 1 fsimpson gridusers 2066530 Apr 24 09:17 PairVLQ_x53x53_tWtW_narrow_RH_M700_TuneCP5_13TeV-madgraph-pythia8_92nominal.root
-rw-r--r-- 1 fsimpson gridusers 2091666 Apr 24 09:17 PairVLQ_x53x53_tWtW_narrow_RH_M700_TuneCP5_13TeV-madgraph-pythia8_93nominal.root
-rw-r--r-- 1 fsimpson gridusers 2087800 Apr 24 09:17 PairVLQ_x53x53_tWtW_narrow_RH_M700_TuneCP5_13TeV-madgraph-pythia8_94nominal.root
-rw-r--r-- 1 fsimpson gridusers 1040459 Apr 24 09:17 PairVLQ_x53x53_tWtW_narrow_RH_M700_TuneCP5_13TeV-madgraph-pythia8_9nominal.root
>> xrdcp output for condor
hadd Target file: PairVLQ_x53x53_tWtW_narrow_RH_M700_TuneCP5_13TeV-madgraph-pythia8_5nominal_hadd.root
hadd compression setting for all ouput: 1
hadd Source file 1: PairVLQ_x53x53_tWtW_narrow_RH_M700_TuneCP5_13TeV-madgraph-pythia8_68nominal.root
hadd Source file 2: PairVLQ_x53x53_tWtW_narrow_RH_M700_TuneCP5_13TeV-madgraph-pythia8_69nominal.root
hadd Source file 3: PairVLQ_x53x53_tWtW_narrow_RH_M700_TuneCP5_13TeV-madgraph-pythia8_70nominal.root
hadd Source file 4: PairVLQ_x53x53_tWtW_narrow_RH_M700_TuneCP5_13TeV-madgraph-pythia8_71nominal.root
hadd Source file 5: PairVLQ_x53x53_tWtW_narrow_RH_M700_TuneCP5_13TeV-madgraph-pythia8_72nominal.root
hadd Source file 6: PairVLQ_x53x53_tWtW_narrow_RH_M700_TuneCP5_13TeV-madgraph-pythia8_73nominal.root
hadd Source file 7: PairVLQ_x53x53_tWtW_narrow_RH_M700_TuneCP5_13TeV-madgraph-pythia8_74nominal.root
hadd Source file 8: PairVLQ_x53x53_tWtW_narrow_RH_M700_TuneCP5_13TeV-madgraph-pythia8_75nominal.root
hadd Source file 9: PairVLQ_x53x53_tWtW_narrow_RH_M700_TuneCP5_13TeV-madgraph-pythia8_76nominal.root
hadd Source file 10: PairVLQ_x53x53_tWtW_narrow_RH_M700_TuneCP5_13TeV-madgraph-pythia8_77nominal.root
hadd Source file 11: PairVLQ_x53x53_tWtW_narrow_RH_M700_TuneCP5_13TeV-madgraph-pythia8_78nominal.root
hadd Source file 12: PairVLQ_x53x53_tWtW_narrow_RH_M700_TuneCP5_13TeV-madgraph-pythia8_79nominal.root
hadd Source file 13: PairVLQ_x53x53_tWtW_narrow_RH_M700_TuneCP5_13TeV-madgraph-pythia8_7nominal.root
hadd Source file 14: PairVLQ_x53x53_tWtW_narrow_RH_M700_TuneCP5_13TeV-madgraph-pythia8_80nominal.root
hadd Source file 15: PairVLQ_x53x53_tWtW_narrow_RH_M700_TuneCP5_13TeV-madgraph-pythia8_81nominal.root
hadd Source file 16: PairVLQ_x53x53_tWtW_narrow_RH_M700_TuneCP5_13TeV-madgraph-pythia8_82nominal.root
hadd Source file 17: PairVLQ_x53x53_tWtW_narrow_RH_M700_TuneCP5_13TeV-madgraph-pythia8_83nominal.root
hadd Source file 18: PairVLQ_x53x53_tWtW_narrow_RH_M700_TuneCP5_13TeV-madgraph-pythia8_84nominal.root
hadd Source file 19: PairVLQ_x53x53_tWtW_narrow_RH_M700_TuneCP5_13TeV-madgraph-pythia8_85nominal.root
hadd Source file 20: PairVLQ_x53x53_tWtW_narrow_RH_M700_TuneCP5_13TeV-madgraph-pythia8_86nominal.root
hadd Source file 21: PairVLQ_x53x53_tWtW_narrow_RH_M700_TuneCP5_13TeV-madgraph-pythia8_87nominal.root
hadd Source file 22: PairVLQ_x53x53_tWtW_narrow_RH_M700_TuneCP5_13TeV-madgraph-pythia8_88nominal.root
hadd Source file 23: PairVLQ_x53x53_tWtW_narrow_RH_M700_TuneCP5_13TeV-madgraph-pythia8_89nominal.root
hadd Source file 24: PairVLQ_x53x53_tWtW_narrow_RH_M700_TuneCP5_13TeV-madgraph-pythia8_8nominal.root
hadd Source file 25: PairVLQ_x53x53_tWtW_narrow_RH_M700_TuneCP5_13TeV-madgraph-pythia8_90nominal.root
hadd Source file 26: PairVLQ_x53x53_tWtW_narrow_RH_M700_TuneCP5_13TeV-madgraph-pythia8_91nominal.root
hadd Source file 27: PairVLQ_x53x53_tWtW_narrow_RH_M700_TuneCP5_13TeV-madgraph-pythia8_92nominal.root
hadd Source file 28: PairVLQ_x53x53_tWtW_narrow_RH_M700_TuneCP5_13TeV-madgraph-pythia8_93nominal.root
hadd Source file 29: PairVLQ_x53x53_tWtW_narrow_RH_M700_TuneCP5_13TeV-madgraph-pythia8_94nominal.root
hadd Source file 30: PairVLQ_x53x53_tWtW_narrow_RH_M700_TuneCP5_13TeV-madgraph-pythia8_9nominal.root
hadd Target path: PairVLQ_x53x53_tWtW_narrow_RH_M700_TuneCP5_13TeV-madgraph-pythia8_5nominal_hadd.root:/
>> mv PairVLQ_x53x53_tWtW_narrow_RH_M700_TuneCP5_13TeV-madgraph-pythia8_5nominal_hadd.root /isilon/hadoop/store/group/bruxljm/FWLJMET106XUL_singleLep2017UL_RunIISummer20_X53X53_step1/nominal/PairVLQ_x53x53_tWtW_narrow_RH_M700_TuneCP5_13TeV-madgraph-pythia8/PairVLQ_x53x53_tWtW_narrow_RH_M700_TuneCP5_13TeV-madgraph-pythia8_5.root
[DONE]
