/isilon/condor/hep103.hep.brown.edu/execute/dir_113959
>> Setting macroDir to PWD

Processing compile_step1.C...
>> Running on BRUX, PairVLQ_x53x53_tWtW_narrow_RH_M1100_TuneCP5_13TeV-madgraph-pythia8 stored on BRUX
>> Input file path: /isilon/hadoop/store/group/bruxljm/FWLJMET106XUL_singleLep2017UL_RunIISummer20_X53X53/PairVLQ_x53x53_tWtW_narrow_RH_M1100_TuneCP5_13TeV-madgraph-pythia8/singleLep2017UL/230310_181922/0000
>> Running step1 over list: 126 127 128 129 13 130 131 132 133 134 135 136 137 138 139 14 140 141 142 143 144 145 146 147 148 149 15 150 151 152
>> Adding PairVLQ_x53x53_tWtW_narrow_RH_M1100_TuneCP5_13TeV-madgraph-pythia8_126.root to the list by reading PairVLQ_x53x53_tWtW_narrow_RH_M1100_TuneCP5_13TeV-madgraph-pythia8_126
>> Adding PairVLQ_x53x53_tWtW_narrow_RH_M1100_TuneCP5_13TeV-madgraph-pythia8_127.root to the list by reading PairVLQ_x53x53_tWtW_narrow_RH_M1100_TuneCP5_13TeV-madgraph-pythia8_127
>> Adding PairVLQ_x53x53_tWtW_narrow_RH_M1100_TuneCP5_13TeV-madgraph-pythia8_128.root to the list by reading PairVLQ_x53x53_tWtW_narrow_RH_M1100_TuneCP5_13TeV-madgraph-pythia8_128
>> Adding PairVLQ_x53x53_tWtW_narrow_RH_M1100_TuneCP5_13TeV-madgraph-pythia8_129.root to the list by reading PairVLQ_x53x53_tWtW_narrow_RH_M1100_TuneCP5_13TeV-madgraph-pythia8_129
>> Adding PairVLQ_x53x53_tWtW_narrow_RH_M1100_TuneCP5_13TeV-madgraph-pythia8_13.root to the list by reading PairVLQ_x53x53_tWtW_narrow_RH_M1100_TuneCP5_13TeV-madgraph-pythia8_13
>> Adding PairVLQ_x53x53_tWtW_narrow_RH_M1100_TuneCP5_13TeV-madgraph-pythia8_130.root to the list by reading PairVLQ_x53x53_tWtW_narrow_RH_M1100_TuneCP5_13TeV-madgraph-pythia8_130
>> Adding PairVLQ_x53x53_tWtW_narrow_RH_M1100_TuneCP5_13TeV-madgraph-pythia8_131.root to the list by reading PairVLQ_x53x53_tWtW_narrow_RH_M1100_TuneCP5_13TeV-madgraph-pythia8_131
>> Adding PairVLQ_x53x53_tWtW_narrow_RH_M1100_TuneCP5_13TeV-madgraph-pythia8_132.root to the list by reading PairVLQ_x53x53_tWtW_narrow_RH_M1100_TuneCP5_13TeV-madgraph-pythia8_132
>> Adding PairVLQ_x53x53_tWtW_narrow_RH_M1100_TuneCP5_13TeV-madgraph-pythia8_133.root to the list by reading PairVLQ_x53x53_tWtW_narrow_RH_M1100_TuneCP5_13TeV-madgraph-pythia8_133
>> Adding PairVLQ_x53x53_tWtW_narrow_RH_M1100_TuneCP5_13TeV-madgraph-pythia8_134.root to the list by reading PairVLQ_x53x53_tWtW_narrow_RH_M1100_TuneCP5_13TeV-madgraph-pythia8_134
>> Adding PairVLQ_x53x53_tWtW_narrow_RH_M1100_TuneCP5_13TeV-madgraph-pythia8_135.root to the list by reading PairVLQ_x53x53_tWtW_narrow_RH_M1100_TuneCP5_13TeV-madgraph-pythia8_135
>> Adding PairVLQ_x53x53_tWtW_narrow_RH_M1100_TuneCP5_13TeV-madgraph-pythia8_136.root to the list by reading PairVLQ_x53x53_tWtW_narrow_RH_M1100_TuneCP5_13TeV-madgraph-pythia8_136
>> Adding PairVLQ_x53x53_tWtW_narrow_RH_M1100_TuneCP5_13TeV-madgraph-pythia8_137.root to the list by reading PairVLQ_x53x53_tWtW_narrow_RH_M1100_TuneCP5_13TeV-madgraph-pythia8_137
>> Adding PairVLQ_x53x53_tWtW_narrow_RH_M1100_TuneCP5_13TeV-madgraph-pythia8_138.root to the list by reading PairVLQ_x53x53_tWtW_narrow_RH_M1100_TuneCP5_13TeV-madgraph-pythia8_138
>> Adding PairVLQ_x53x53_tWtW_narrow_RH_M1100_TuneCP5_13TeV-madgraph-pythia8_139.root to the list by reading PairVLQ_x53x53_tWtW_narrow_RH_M1100_TuneCP5_13TeV-madgraph-pythia8_139
>> Adding PairVLQ_x53x53_tWtW_narrow_RH_M1100_TuneCP5_13TeV-madgraph-pythia8_14.root to the list by reading PairVLQ_x53x53_tWtW_narrow_RH_M1100_TuneCP5_13TeV-madgraph-pythia8_14
>> Adding PairVLQ_x53x53_tWtW_narrow_RH_M1100_TuneCP5_13TeV-madgraph-pythia8_140.root to the list by reading PairVLQ_x53x53_tWtW_narrow_RH_M1100_TuneCP5_13TeV-madgraph-pythia8_140
>> Adding PairVLQ_x53x53_tWtW_narrow_RH_M1100_TuneCP5_13TeV-madgraph-pythia8_141.root to the list by reading PairVLQ_x53x53_tWtW_narrow_RH_M1100_TuneCP5_13TeV-madgraph-pythia8_141
>> Adding PairVLQ_x53x53_tWtW_narrow_RH_M1100_TuneCP5_13TeV-madgraph-pythia8_142.root to the list by reading PairVLQ_x53x53_tWtW_narrow_RH_M1100_TuneCP5_13TeV-madgraph-pythia8_142
>> Adding PairVLQ_x53x53_tWtW_narrow_RH_M1100_TuneCP5_13TeV-madgraph-pythia8_143.root to the list by reading PairVLQ_x53x53_tWtW_narrow_RH_M1100_TuneCP5_13TeV-madgraph-pythia8_143
>> Adding PairVLQ_x53x53_tWtW_narrow_RH_M1100_TuneCP5_13TeV-madgraph-pythia8_144.root to the list by reading PairVLQ_x53x53_tWtW_narrow_RH_M1100_TuneCP5_13TeV-madgraph-pythia8_144
>> Adding PairVLQ_x53x53_tWtW_narrow_RH_M1100_TuneCP5_13TeV-madgraph-pythia8_145.root to the list by reading PairVLQ_x53x53_tWtW_narrow_RH_M1100_TuneCP5_13TeV-madgraph-pythia8_145
>> Adding PairVLQ_x53x53_tWtW_narrow_RH_M1100_TuneCP5_13TeV-madgraph-pythia8_146.root to the list by reading PairVLQ_x53x53_tWtW_narrow_RH_M1100_TuneCP5_13TeV-madgraph-pythia8_146
>> Adding PairVLQ_x53x53_tWtW_narrow_RH_M1100_TuneCP5_13TeV-madgraph-pythia8_147.root to the list by reading PairVLQ_x53x53_tWtW_narrow_RH_M1100_TuneCP5_13TeV-madgraph-pythia8_147
>> Adding PairVLQ_x53x53_tWtW_narrow_RH_M1100_TuneCP5_13TeV-madgraph-pythia8_148.root to the list by reading PairVLQ_x53x53_tWtW_narrow_RH_M1100_TuneCP5_13TeV-madgraph-pythia8_148
>> Adding PairVLQ_x53x53_tWtW_narrow_RH_M1100_TuneCP5_13TeV-madgraph-pythia8_149.root to the list by reading PairVLQ_x53x53_tWtW_narrow_RH_M1100_TuneCP5_13TeV-madgraph-pythia8_149
>> Adding PairVLQ_x53x53_tWtW_narrow_RH_M1100_TuneCP5_13TeV-madgraph-pythia8_15.root to the list by reading PairVLQ_x53x53_tWtW_narrow_RH_M1100_TuneCP5_13TeV-madgraph-pythia8_15
>> Adding PairVLQ_x53x53_tWtW_narrow_RH_M1100_TuneCP5_13TeV-madgraph-pythia8_150.root to the list by reading PairVLQ_x53x53_tWtW_narrow_RH_M1100_TuneCP5_13TeV-madgraph-pythia8_150
>> Adding PairVLQ_x53x53_tWtW_narrow_RH_M1100_TuneCP5_13TeV-madgraph-pythia8_151.root to the list by reading PairVLQ_x53x53_tWtW_narrow_RH_M1100_TuneCP5_13TeV-madgraph-pythia8_151
>> Adding PairVLQ_x53x53_tWtW_narrow_RH_M1100_TuneCP5_13TeV-madgraph-pythia8_152.root to the list by reading PairVLQ_x53x53_tWtW_narrow_RH_M1100_TuneCP5_13TeV-madgraph-pythia8_152
[OPT] Using deepCSV reshaping file: reshaping_deepCSV_106XUL17_v4.csv
[OPT] Using deepJet reshaping file: reshaping_deepJet_106XUL17_v4.csv

>> Running /isilon/hadoop/store/group/bruxljm/FWLJMET106XUL_singleLep2017UL_RunIISummer20_X53X53/PairVLQ_x53x53_tWtW_narrow_RH_M1100_TuneCP5_13TeV-madgraph-pythia8/singleLep2017UL/230310_181922/0000/PairVLQ_x53x53_tWtW_narrow_RH_M1100_TuneCP5_13TeV-madgraph-pythia8_126.root for shift: nominal
[step1.h] Opening file: /isilon/hadoop/store/group/bruxljm/FWLJMET106XUL_singleLep2017UL_RunIISummer20_X53X53/PairVLQ_x53x53_tWtW_narrow_RH_M1100_TuneCP5_13TeV-madgraph-pythia8/singleLep2017UL/230310_181922/0000/PairVLQ_x53x53_tWtW_narrow_RH_M1100_TuneCP5_13TeV-madgraph-pythia8_126.root
[step1.h] Finished initializing
RUN CONFIG: YEAR = 2017
Era = 
isMC = 1, isSig = 1, SigMass = 4
isHad =0, isSE =0, isSM =0
isTTTT = 0, isXX = 1, isTpTp = 0, isBpBp = 0
For W's: isTT = 0, isSTt = 0, isSTtW = 0
For jets & PDF: isTOP = 0, isMadgraphBkg = 1
For HOTTagger Efficiencies: isTTV = 0, isTTHbb = 0, isTTHnonbb = 0, isTTTX = 0
isTTVV = 0, isST = 0, isTTToSemiLeptonHT500Njet9 = 0
Pileup sample key: PairVLQ_x53x53_tWtW_narrow_RH_M1100_TuneCP5_13TeV-madgraph-pythia8
b-tagging working points: 0.304(DeepJet)0.4506(DeepCSV)
isTTincMtt0to700: 0
isTTincMtt0to1000: 0
isTTincMtt700to1000: 0
isTTincMtt1000toInf: 0
isTTSemilepIncHT0Njet0: 0
isTTSemilepIncHT500Njet9: 0
outTTLF: 0
outTTCC: 0
outTTBB: 0
outTT1B: 0
outTT2B: 0
>> Completed 0 out of 1043 events
[INFO] Defaulting to central deepJet weight for: nominal
>> Completed 1000 out of 1043 events
Nelectrons      = 482 / 1043
Npassed_ElEta   = 482 / 1043
Nmuons          = 561 / 1043
NrelIsoFail     = 0 / 1043
Npassed_MuEta   = 561 / 1043
Npassed_nAK8Jets= 1043 / 1043
Npassed_Trigger = 1008 / 1043
Npassed_MET     = 886 / 1043
Npassed_lepPt   = 923 / 1043
Npassed_HT      = 1042 / 1043
npass_Njets     = 1038 / 1043
Npassed_ALL     = 781 / 1043

>> Running /isilon/hadoop/store/group/bruxljm/FWLJMET106XUL_singleLep2017UL_RunIISummer20_X53X53/PairVLQ_x53x53_tWtW_narrow_RH_M1100_TuneCP5_13TeV-madgraph-pythia8/singleLep2017UL/230310_181922/0000/PairVLQ_x53x53_tWtW_narrow_RH_M1100_TuneCP5_13TeV-madgraph-pythia8_127.root for shift: nominal
[step1.h] Opening file: /isilon/hadoop/store/group/bruxljm/FWLJMET106XUL_singleLep2017UL_RunIISummer20_X53X53/PairVLQ_x53x53_tWtW_narrow_RH_M1100_TuneCP5_13TeV-madgraph-pythia8/singleLep2017UL/230310_181922/0000/PairVLQ_x53x53_tWtW_narrow_RH_M1100_TuneCP5_13TeV-madgraph-pythia8_127.root
[step1.h] Finished initializing
RUN CONFIG: YEAR = 2017
Era = 
isMC = 1, isSig = 1, SigMass = 4
isHad =0, isSE =0, isSM =0
isTTTT = 0, isXX = 1, isTpTp = 0, isBpBp = 0
For W's: isTT = 0, isSTt = 0, isSTtW = 0
For jets & PDF: isTOP = 0, isMadgraphBkg = 1
For HOTTagger Efficiencies: isTTV = 0, isTTHbb = 0, isTTHnonbb = 0, isTTTX = 0
isTTVV = 0, isST = 0, isTTToSemiLeptonHT500Njet9 = 0
Pileup sample key: PairVLQ_x53x53_tWtW_narrow_RH_M1100_TuneCP5_13TeV-madgraph-pythia8
b-tagging working points: 0.304(DeepJet)0.4506(DeepCSV)
isTTincMtt0to700: 0
isTTincMtt0to1000: 0
isTTincMtt700to1000: 0
isTTincMtt1000toInf: 0
isTTSemilepIncHT0Njet0: 0
isTTSemilepIncHT500Njet9: 0
outTTLF: 0
outTTCC: 0
outTTBB: 0
outTT1B: 0
outTT2B: 0
>> Completed 0 out of 1045 events
[INFO] Defaulting to central deepJet weight for: nominal
>> Completed 1000 out of 1045 events
Nelectrons      = 485 / 1045
Npassed_ElEta   = 485 / 1045
Nmuons          = 560 / 1045
NrelIsoFail     = 0 / 1045
Npassed_MuEta   = 560 / 1045
Npassed_nAK8Jets= 1045 / 1045
Npassed_Trigger = 1012 / 1045
Npassed_MET     = 896 / 1045
Npassed_lepPt   = 940 / 1045
Npassed_HT      = 1040 / 1045
npass_Njets     = 1042 / 1045
Npassed_ALL     = 798 / 1045

>> Running /isilon/hadoop/store/group/bruxljm/FWLJMET106XUL_singleLep2017UL_RunIISummer20_X53X53/PairVLQ_x53x53_tWtW_narrow_RH_M1100_TuneCP5_13TeV-madgraph-pythia8/singleLep2017UL/230310_181922/0000/PairVLQ_x53x53_tWtW_narrow_RH_M1100_TuneCP5_13TeV-madgraph-pythia8_128.root for shift: nominal
[step1.h] Opening file: /isilon/hadoop/store/group/bruxljm/FWLJMET106XUL_singleLep2017UL_RunIISummer20_X53X53/PairVLQ_x53x53_tWtW_narrow_RH_M1100_TuneCP5_13TeV-madgraph-pythia8/singleLep2017UL/230310_181922/0000/PairVLQ_x53x53_tWtW_narrow_RH_M1100_TuneCP5_13TeV-madgraph-pythia8_128.root
[step1.h] Finished initializing
RUN CONFIG: YEAR = 2017
Era = 
isMC = 1, isSig = 1, SigMass = 4
isHad =0, isSE =0, isSM =0
isTTTT = 0, isXX = 1, isTpTp = 0, isBpBp = 0
For W's: isTT = 0, isSTt = 0, isSTtW = 0
For jets & PDF: isTOP = 0, isMadgraphBkg = 1
For HOTTagger Efficiencies: isTTV = 0, isTTHbb = 0, isTTHnonbb = 0, isTTTX = 0
isTTVV = 0, isST = 0, isTTToSemiLeptonHT500Njet9 = 0
Pileup sample key: PairVLQ_x53x53_tWtW_narrow_RH_M1100_TuneCP5_13TeV-madgraph-pythia8
b-tagging working points: 0.304(DeepJet)0.4506(DeepCSV)
isTTincMtt0to700: 0
isTTincMtt0to1000: 0
isTTincMtt700to1000: 0
isTTincMtt1000toInf: 0
isTTSemilepIncHT0Njet0: 0
isTTSemilepIncHT500Njet9: 0
outTTLF: 0
outTTCC: 0
outTTBB: 0
outTT1B: 0
outTT2B: 0
>> Completed 0 out of 1048 events
[INFO] Defaulting to central deepJet weight for: nominal
>> Completed 1000 out of 1048 events
Nelectrons      = 519 / 1048
Npassed_ElEta   = 519 / 1048
Nmuons          = 529 / 1048
NrelIsoFail     = 0 / 1048
Npassed_MuEta   = 529 / 1048
Npassed_nAK8Jets= 1048 / 1048
Npassed_Trigger = 1006 / 1048
Npassed_MET     = 895 / 1048
Npassed_lepPt   = 920 / 1048
Npassed_HT      = 1043 / 1048
npass_Njets     = 1045 / 1048
Npassed_ALL     = 781 / 1048

>> Running /isilon/hadoop/store/group/bruxljm/FWLJMET106XUL_singleLep2017UL_RunIISummer20_X53X53/PairVLQ_x53x53_tWtW_narrow_RH_M1100_TuneCP5_13TeV-madgraph-pythia8/singleLep2017UL/230310_181922/0000/PairVLQ_x53x53_tWtW_narrow_RH_M1100_TuneCP5_13TeV-madgraph-pythia8_129.root for shift: nominal
[step1.h] Opening file: /isilon/hadoop/store/group/bruxljm/FWLJMET106XUL_singleLep2017UL_RunIISummer20_X53X53/PairVLQ_x53x53_tWtW_narrow_RH_M1100_TuneCP5_13TeV-madgraph-pythia8/singleLep2017UL/230310_181922/0000/PairVLQ_x53x53_tWtW_narrow_RH_M1100_TuneCP5_13TeV-madgraph-pythia8_129.root
[step1.h] Finished initializing
RUN CONFIG: YEAR = 2017
Era = 
isMC = 1, isSig = 1, SigMass = 4
isHad =0, isSE =0, isSM =0
isTTTT = 0, isXX = 1, isTpTp = 0, isBpBp = 0
For W's: isTT = 0, isSTt = 0, isSTtW = 0
For jets & PDF: isTOP = 0, isMadgraphBkg = 1
For HOTTagger Efficiencies: isTTV = 0, isTTHbb = 0, isTTHnonbb = 0, isTTTX = 0
isTTVV = 0, isST = 0, isTTToSemiLeptonHT500Njet9 = 0
Pileup sample key: PairVLQ_x53x53_tWtW_narrow_RH_M1100_TuneCP5_13TeV-madgraph-pythia8
b-tagging working points: 0.304(DeepJet)0.4506(DeepCSV)
isTTincMtt0to700: 0
isTTincMtt0to1000: 0
isTTincMtt700to1000: 0
isTTincMtt1000toInf: 0
isTTSemilepIncHT0Njet0: 0
isTTSemilepIncHT500Njet9: 0
outTTLF: 0
outTTCC: 0
outTTBB: 0
outTT1B: 0
outTT2B: 0
>> Completed 0 out of 1060 events
[INFO] Defaulting to central deepJet weight for: nominal
>> Completed 1000 out of 1060 events
Nelectrons      = 479 / 1060
Npassed_ElEta   = 479 / 1060
Nmuons          = 581 / 1060
NrelIsoFail     = 0 / 1060
Npassed_MuEta   = 581 / 1060
Npassed_nAK8Jets= 1060 / 1060
Npassed_Trigger = 1027 / 1060
Npassed_MET     = 900 / 1060
Npassed_lepPt   = 946 / 1060
Npassed_HT      = 1056 / 1060
npass_Njets     = 1060 / 1060
Npassed_ALL     = 804 / 1060

>> Running /isilon/hadoop/store/group/bruxljm/FWLJMET106XUL_singleLep2017UL_RunIISummer20_X53X53/PairVLQ_x53x53_tWtW_narrow_RH_M1100_TuneCP5_13TeV-madgraph-pythia8/singleLep2017UL/230310_181922/0000/PairVLQ_x53x53_tWtW_narrow_RH_M1100_TuneCP5_13TeV-madgraph-pythia8_13.root for shift: nominal
[step1.h] Opening file: /isilon/hadoop/store/group/bruxljm/FWLJMET106XUL_singleLep2017UL_RunIISummer20_X53X53/PairVLQ_x53x53_tWtW_narrow_RH_M1100_TuneCP5_13TeV-madgraph-pythia8/singleLep2017UL/230310_181922/0000/PairVLQ_x53x53_tWtW_narrow_RH_M1100_TuneCP5_13TeV-madgraph-pythia8_13.root
[step1.h] Finished initializing
RUN CONFIG: YEAR = 2017
Era = 
isMC = 1, isSig = 1, SigMass = 4
isHad =0, isSE =0, isSM =0
isTTTT = 0, isXX = 1, isTpTp = 0, isBpBp = 0
For W's: isTT = 0, isSTt = 0, isSTtW = 0
For jets & PDF: isTOP = 0, isMadgraphBkg = 1
For HOTTagger Efficiencies: isTTV = 0, isTTHbb = 0, isTTHnonbb = 0, isTTTX = 0
isTTVV = 0, isST = 0, isTTToSemiLeptonHT500Njet9 = 0
Pileup sample key: PairVLQ_x53x53_tWtW_narrow_RH_M1100_TuneCP5_13TeV-madgraph-pythia8
b-tagging working points: 0.304(DeepJet)0.4506(DeepCSV)
isTTincMtt0to700: 0
isTTincMtt0to1000: 0
isTTincMtt700to1000: 0
isTTincMtt1000toInf: 0
isTTSemilepIncHT0Njet0: 0
isTTSemilepIncHT500Njet9: 0
outTTLF: 0
outTTCC: 0
outTTBB: 0
outTT1B: 0
outTT2B: 0
>> Completed 0 out of 1038 events
[INFO] Defaulting to central deepJet weight for: nominal
>> Completed 1000 out of 1038 events
Nelectrons      = 477 / 1038
Npassed_ElEta   = 477 / 1038
Nmuons          = 561 / 1038
NrelIsoFail     = 0 / 1038
Npassed_MuEta   = 561 / 1038
Npassed_nAK8Jets= 1038 / 1038
Npassed_Trigger = 997 / 1038
Npassed_MET     = 893 / 1038
Npassed_lepPt   = 950 / 1038
Npassed_HT      = 1037 / 1038
npass_Njets     = 1035 / 1038
Npassed_ALL     = 814 / 1038

>> Running /isilon/hadoop/store/group/bruxljm/FWLJMET106XUL_singleLep2017UL_RunIISummer20_X53X53/PairVLQ_x53x53_tWtW_narrow_RH_M1100_TuneCP5_13TeV-madgraph-pythia8/singleLep2017UL/230310_181922/0000/PairVLQ_x53x53_tWtW_narrow_RH_M1100_TuneCP5_13TeV-madgraph-pythia8_130.root for shift: nominal
[step1.h] Opening file: /isilon/hadoop/store/group/bruxljm/FWLJMET106XUL_singleLep2017UL_RunIISummer20_X53X53/PairVLQ_x53x53_tWtW_narrow_RH_M1100_TuneCP5_13TeV-madgraph-pythia8/singleLep2017UL/230310_181922/0000/PairVLQ_x53x53_tWtW_narrow_RH_M1100_TuneCP5_13TeV-madgraph-pythia8_130.root
[step1.h] Finished initializing
RUN CONFIG: YEAR = 2017
Era = 
isMC = 1, isSig = 1, SigMass = 4
isHad =0, isSE =0, isSM =0
isTTTT = 0, isXX = 1, isTpTp = 0, isBpBp = 0
For W's: isTT = 0, isSTt = 0, isSTtW = 0
For jets & PDF: isTOP = 0, isMadgraphBkg = 1
For HOTTagger Efficiencies: isTTV = 0, isTTHbb = 0, isTTHnonbb = 0, isTTTX = 0
isTTVV = 0, isST = 0, isTTToSemiLeptonHT500Njet9 = 0
Pileup sample key: PairVLQ_x53x53_tWtW_narrow_RH_M1100_TuneCP5_13TeV-madgraph-pythia8
b-tagging working points: 0.304(DeepJet)0.4506(DeepCSV)
isTTincMtt0to700: 0
isTTincMtt0to1000: 0
isTTincMtt700to1000: 0
isTTincMtt1000toInf: 0
isTTSemilepIncHT0Njet0: 0
isTTSemilepIncHT500Njet9: 0
outTTLF: 0
outTTCC: 0
outTTBB: 0
outTT1B: 0
outTT2B: 0
>> Completed 0 out of 1056 events
[INFO] Defaulting to central deepJet weight for: nominal
>> Completed 1000 out of 1056 events
Nelectrons      = 487 / 1056
Npassed_ElEta   = 487 / 1056
Nmuons          = 569 / 1056
NrelIsoFail     = 0 / 1056
Npassed_MuEta   = 569 / 1056
Npassed_nAK8Jets= 1056 / 1056
Npassed_Trigger = 1018 / 1056
Npassed_MET     = 926 / 1056
Npassed_lepPt   = 929 / 1056
Npassed_HT      = 1050 / 1056
npass_Njets     = 1054 / 1056
Npassed_ALL     = 810 / 1056

>> Running /isilon/hadoop/store/group/bruxljm/FWLJMET106XUL_singleLep2017UL_RunIISummer20_X53X53/PairVLQ_x53x53_tWtW_narrow_RH_M1100_TuneCP5_13TeV-madgraph-pythia8/singleLep2017UL/230310_181922/0000/PairVLQ_x53x53_tWtW_narrow_RH_M1100_TuneCP5_13TeV-madgraph-pythia8_131.root for shift: nominal
[step1.h] Opening file: /isilon/hadoop/store/group/bruxljm/FWLJMET106XUL_singleLep2017UL_RunIISummer20_X53X53/PairVLQ_x53x53_tWtW_narrow_RH_M1100_TuneCP5_13TeV-madgraph-pythia8/singleLep2017UL/230310_181922/0000/PairVLQ_x53x53_tWtW_narrow_RH_M1100_TuneCP5_13TeV-madgraph-pythia8_131.root
[step1.h] Finished initializing
RUN CONFIG: YEAR = 2017
Era = 
isMC = 1, isSig = 1, SigMass = 4
isHad =0, isSE =0, isSM =0
isTTTT = 0, isXX = 1, isTpTp = 0, isBpBp = 0
For W's: isTT = 0, isSTt = 0, isSTtW = 0
For jets & PDF: isTOP = 0, isMadgraphBkg = 1
For HOTTagger Efficiencies: isTTV = 0, isTTHbb = 0, isTTHnonbb = 0, isTTTX = 0
isTTVV = 0, isST = 0, isTTToSemiLeptonHT500Njet9 = 0
Pileup sample key: PairVLQ_x53x53_tWtW_narrow_RH_M1100_TuneCP5_13TeV-madgraph-pythia8
b-tagging working points: 0.304(DeepJet)0.4506(DeepCSV)
isTTincMtt0to700: 0
isTTincMtt0to1000: 0
isTTincMtt700to1000: 0
isTTincMtt1000toInf: 0
isTTSemilepIncHT0Njet0: 0
isTTSemilepIncHT500Njet9: 0
outTTLF: 0
outTTCC: 0
outTTBB: 0
outTT1B: 0
outTT2B: 0
>> Completed 0 out of 1095 events
[INFO] Defaulting to central deepJet weight for: nominal
>> Completed 1000 out of 1095 events
Nelectrons      = 527 / 1095
Npassed_ElEta   = 527 / 1095
Nmuons          = 568 / 1095
NrelIsoFail     = 0 / 1095
Npassed_MuEta   = 568 / 1095
Npassed_nAK8Jets= 1095 / 1095
Npassed_Trigger = 1060 / 1095
Npassed_MET     = 953 / 1095
Npassed_lepPt   = 979 / 1095
Npassed_HT      = 1091 / 1095
npass_Njets     = 1090 / 1095
Npassed_ALL     = 839 / 1095

>> Running /isilon/hadoop/store/group/bruxljm/FWLJMET106XUL_singleLep2017UL_RunIISummer20_X53X53/PairVLQ_x53x53_tWtW_narrow_RH_M1100_TuneCP5_13TeV-madgraph-pythia8/singleLep2017UL/230310_181922/0000/PairVLQ_x53x53_tWtW_narrow_RH_M1100_TuneCP5_13TeV-madgraph-pythia8_132.root for shift: nominal
[step1.h] Opening file: /isilon/hadoop/store/group/bruxljm/FWLJMET106XUL_singleLep2017UL_RunIISummer20_X53X53/PairVLQ_x53x53_tWtW_narrow_RH_M1100_TuneCP5_13TeV-madgraph-pythia8/singleLep2017UL/230310_181922/0000/PairVLQ_x53x53_tWtW_narrow_RH_M1100_TuneCP5_13TeV-madgraph-pythia8_132.root
[step1.h] Finished initializing
RUN CONFIG: YEAR = 2017
Era = 
isMC = 1, isSig = 1, SigMass = 4
isHad =0, isSE =0, isSM =0
isTTTT = 0, isXX = 1, isTpTp = 0, isBpBp = 0
For W's: isTT = 0, isSTt = 0, isSTtW = 0
For jets & PDF: isTOP = 0, isMadgraphBkg = 1
For HOTTagger Efficiencies: isTTV = 0, isTTHbb = 0, isTTHnonbb = 0, isTTTX = 0
isTTVV = 0, isST = 0, isTTToSemiLeptonHT500Njet9 = 0
Pileup sample key: PairVLQ_x53x53_tWtW_narrow_RH_M1100_TuneCP5_13TeV-madgraph-pythia8
b-tagging working points: 0.304(DeepJet)0.4506(DeepCSV)
isTTincMtt0to700: 0
isTTincMtt0to1000: 0
isTTincMtt700to1000: 0
isTTincMtt1000toInf: 0
isTTSemilepIncHT0Njet0: 0
isTTSemilepIncHT500Njet9: 0
outTTLF: 0
outTTCC: 0
outTTBB: 0
outTT1B: 0
outTT2B: 0
>> Completed 0 out of 1076 events
[INFO] Defaulting to central deepJet weight for: nominal
>> Completed 1000 out of 1076 events
Nelectrons      = 500 / 1076
Npassed_ElEta   = 500 / 1076
Nmuons          = 576 / 1076
NrelIsoFail     = 0 / 1076
Npassed_MuEta   = 576 / 1076
Npassed_nAK8Jets= 1076 / 1076
Npassed_Trigger = 1040 / 1076
Npassed_MET     = 909 / 1076
Npassed_lepPt   = 955 / 1076
Npassed_HT      = 1074 / 1076
npass_Njets     = 1071 / 1076
Npassed_ALL     = 801 / 1076

>> Running /isilon/hadoop/store/group/bruxljm/FWLJMET106XUL_singleLep2017UL_RunIISummer20_X53X53/PairVLQ_x53x53_tWtW_narrow_RH_M1100_TuneCP5_13TeV-madgraph-pythia8/singleLep2017UL/230310_181922/0000/PairVLQ_x53x53_tWtW_narrow_RH_M1100_TuneCP5_13TeV-madgraph-pythia8_133.root for shift: nominal
[step1.h] Opening file: /isilon/hadoop/store/group/bruxljm/FWLJMET106XUL_singleLep2017UL_RunIISummer20_X53X53/PairVLQ_x53x53_tWtW_narrow_RH_M1100_TuneCP5_13TeV-madgraph-pythia8/singleLep2017UL/230310_181922/0000/PairVLQ_x53x53_tWtW_narrow_RH_M1100_TuneCP5_13TeV-madgraph-pythia8_133.root
[step1.h] Finished initializing
RUN CONFIG: YEAR = 2017
Era = 
isMC = 1, isSig = 1, SigMass = 4
isHad =0, isSE =0, isSM =0
isTTTT = 0, isXX = 1, isTpTp = 0, isBpBp = 0
For W's: isTT = 0, isSTt = 0, isSTtW = 0
For jets & PDF: isTOP = 0, isMadgraphBkg = 1
For HOTTagger Efficiencies: isTTV = 0, isTTHbb = 0, isTTHnonbb = 0, isTTTX = 0
isTTVV = 0, isST = 0, isTTToSemiLeptonHT500Njet9 = 0
Pileup sample key: PairVLQ_x53x53_tWtW_narrow_RH_M1100_TuneCP5_13TeV-madgraph-pythia8
b-tagging working points: 0.304(DeepJet)0.4506(DeepCSV)
isTTincMtt0to700: 0
isTTincMtt0to1000: 0
isTTincMtt700to1000: 0
isTTincMtt1000toInf: 0
isTTSemilepIncHT0Njet0: 0
isTTSemilepIncHT500Njet9: 0
outTTLF: 0
outTTCC: 0
outTTBB: 0
outTT1B: 0
outTT2B: 0
>> Completed 0 out of 1044 events
[INFO] Defaulting to central deepJet weight for: nominal
>> Completed 1000 out of 1044 events
Nelectrons      = 492 / 1044
Npassed_ElEta   = 492 / 1044
Nmuons          = 552 / 1044
NrelIsoFail     = 0 / 1044
Npassed_MuEta   = 552 / 1044
Npassed_nAK8Jets= 1044 / 1044
Npassed_Trigger = 1007 / 1044
Npassed_MET     = 909 / 1044
Npassed_lepPt   = 953 / 1044
Npassed_HT      = 1038 / 1044
npass_Njets     = 1041 / 1044
Npassed_ALL     = 822 / 1044

>> Running /isilon/hadoop/store/group/bruxljm/FWLJMET106XUL_singleLep2017UL_RunIISummer20_X53X53/PairVLQ_x53x53_tWtW_narrow_RH_M1100_TuneCP5_13TeV-madgraph-pythia8/singleLep2017UL/230310_181922/0000/PairVLQ_x53x53_tWtW_narrow_RH_M1100_TuneCP5_13TeV-madgraph-pythia8_134.root for shift: nominal
[step1.h] Opening file: /isilon/hadoop/store/group/bruxljm/FWLJMET106XUL_singleLep2017UL_RunIISummer20_X53X53/PairVLQ_x53x53_tWtW_narrow_RH_M1100_TuneCP5_13TeV-madgraph-pythia8/singleLep2017UL/230310_181922/0000/PairVLQ_x53x53_tWtW_narrow_RH_M1100_TuneCP5_13TeV-madgraph-pythia8_134.root
[step1.h] Finished initializing
RUN CONFIG: YEAR = 2017
Era = 
isMC = 1, isSig = 1, SigMass = 4
isHad =0, isSE =0, isSM =0
isTTTT = 0, isXX = 1, isTpTp = 0, isBpBp = 0
For W's: isTT = 0, isSTt = 0, isSTtW = 0
For jets & PDF: isTOP = 0, isMadgraphBkg = 1
For HOTTagger Efficiencies: isTTV = 0, isTTHbb = 0, isTTHnonbb = 0, isTTTX = 0
isTTVV = 0, isST = 0, isTTToSemiLeptonHT500Njet9 = 0
Pileup sample key: PairVLQ_x53x53_tWtW_narrow_RH_M1100_TuneCP5_13TeV-madgraph-pythia8
b-tagging working points: 0.304(DeepJet)0.4506(DeepCSV)
isTTincMtt0to700: 0
isTTincMtt0to1000: 0
isTTincMtt700to1000: 0
isTTincMtt1000toInf: 0
isTTSemilepIncHT0Njet0: 0
isTTSemilepIncHT500Njet9: 0
outTTLF: 0
outTTCC: 0
outTTBB: 0
outTT1B: 0
outTT2B: 0
>> Completed 0 out of 1053 events
[INFO] Defaulting to central deepJet weight for: nominal
>> Completed 1000 out of 1053 events
Nelectrons      = 474 / 1053
Npassed_ElEta   = 474 / 1053
Nmuons          = 579 / 1053
NrelIsoFail     = 0 / 1053
Npassed_MuEta   = 579 / 1053
Npassed_nAK8Jets= 1053 / 1053
Npassed_Trigger = 1024 / 1053
Npassed_MET     = 911 / 1053
Npassed_lepPt   = 945 / 1053
Npassed_HT      = 1050 / 1053
npass_Njets     = 1048 / 1053
Npassed_ALL     = 810 / 1053

>> Running /isilon/hadoop/store/group/bruxljm/FWLJMET106XUL_singleLep2017UL_RunIISummer20_X53X53/PairVLQ_x53x53_tWtW_narrow_RH_M1100_TuneCP5_13TeV-madgraph-pythia8/singleLep2017UL/230310_181922/0000/PairVLQ_x53x53_tWtW_narrow_RH_M1100_TuneCP5_13TeV-madgraph-pythia8_135.root for shift: nominal
[step1.h] Opening file: /isilon/hadoop/store/group/bruxljm/FWLJMET106XUL_singleLep2017UL_RunIISummer20_X53X53/PairVLQ_x53x53_tWtW_narrow_RH_M1100_TuneCP5_13TeV-madgraph-pythia8/singleLep2017UL/230310_181922/0000/PairVLQ_x53x53_tWtW_narrow_RH_M1100_TuneCP5_13TeV-madgraph-pythia8_135.root
[step1.h] Finished initializing
RUN CONFIG: YEAR = 2017
Era = 
isMC = 1, isSig = 1, SigMass = 4
isHad =0, isSE =0, isSM =0
isTTTT = 0, isXX = 1, isTpTp = 0, isBpBp = 0
For W's: isTT = 0, isSTt = 0, isSTtW = 0
For jets & PDF: isTOP = 0, isMadgraphBkg = 1
For HOTTagger Efficiencies: isTTV = 0, isTTHbb = 0, isTTHnonbb = 0, isTTTX = 0
isTTVV = 0, isST = 0, isTTToSemiLeptonHT500Njet9 = 0
Pileup sample key: PairVLQ_x53x53_tWtW_narrow_RH_M1100_TuneCP5_13TeV-madgraph-pythia8
b-tagging working points: 0.304(DeepJet)0.4506(DeepCSV)
isTTincMtt0to700: 0
isTTincMtt0to1000: 0
isTTincMtt700to1000: 0
isTTincMtt1000toInf: 0
isTTSemilepIncHT0Njet0: 0
isTTSemilepIncHT500Njet9: 0
outTTLF: 0
outTTCC: 0
outTTBB: 0
outTT1B: 0
outTT2B: 0
>> Completed 0 out of 1092 events
[INFO] Defaulting to central deepJet weight for: nominal
>> Completed 1000 out of 1092 events
Nelectrons      = 502 / 1092
Npassed_ElEta   = 502 / 1092
Nmuons          = 590 / 1092
NrelIsoFail     = 0 / 1092
Npassed_MuEta   = 590 / 1092
Npassed_nAK8Jets= 1092 / 1092
Npassed_Trigger = 1050 / 1092
Npassed_MET     = 942 / 1092
Npassed_lepPt   = 961 / 1092
Npassed_HT      = 1088 / 1092
npass_Njets     = 1084 / 1092
Npassed_ALL     = 811 / 1092

>> Running /isilon/hadoop/store/group/bruxljm/FWLJMET106XUL_singleLep2017UL_RunIISummer20_X53X53/PairVLQ_x53x53_tWtW_narrow_RH_M1100_TuneCP5_13TeV-madgraph-pythia8/singleLep2017UL/230310_181922/0000/PairVLQ_x53x53_tWtW_narrow_RH_M1100_TuneCP5_13TeV-madgraph-pythia8_136.root for shift: nominal
[step1.h] Opening file: /isilon/hadoop/store/group/bruxljm/FWLJMET106XUL_singleLep2017UL_RunIISummer20_X53X53/PairVLQ_x53x53_tWtW_narrow_RH_M1100_TuneCP5_13TeV-madgraph-pythia8/singleLep2017UL/230310_181922/0000/PairVLQ_x53x53_tWtW_narrow_RH_M1100_TuneCP5_13TeV-madgraph-pythia8_136.root
[step1.h] Finished initializing
RUN CONFIG: YEAR = 2017
Era = 
isMC = 1, isSig = 1, SigMass = 4
isHad =0, isSE =0, isSM =0
isTTTT = 0, isXX = 1, isTpTp = 0, isBpBp = 0
For W's: isTT = 0, isSTt = 0, isSTtW = 0
For jets & PDF: isTOP = 0, isMadgraphBkg = 1
For HOTTagger Efficiencies: isTTV = 0, isTTHbb = 0, isTTHnonbb = 0, isTTTX = 0
isTTVV = 0, isST = 0, isTTToSemiLeptonHT500Njet9 = 0
Pileup sample key: PairVLQ_x53x53_tWtW_narrow_RH_M1100_TuneCP5_13TeV-madgraph-pythia8
b-tagging working points: 0.304(DeepJet)0.4506(DeepCSV)
isTTincMtt0to700: 0
isTTincMtt0to1000: 0
isTTincMtt700to1000: 0
isTTincMtt1000toInf: 0
isTTSemilepIncHT0Njet0: 0
isTTSemilepIncHT500Njet9: 0
outTTLF: 0
outTTCC: 0
outTTBB: 0
outTT1B: 0
outTT2B: 0
>> Completed 0 out of 1061 events
[INFO] Defaulting to central deepJet weight for: nominal
>> Completed 1000 out of 1061 events
Nelectrons      = 472 / 1061
Npassed_ElEta   = 472 / 1061
Nmuons          = 589 / 1061
NrelIsoFail     = 0 / 1061
Npassed_MuEta   = 589 / 1061
Npassed_nAK8Jets= 1061 / 1061
Npassed_Trigger = 1025 / 1061
Npassed_MET     = 909 / 1061
Npassed_lepPt   = 932 / 1061
Npassed_HT      = 1053 / 1061
npass_Njets     = 1055 / 1061
Npassed_ALL     = 788 / 1061

>> Running /isilon/hadoop/store/group/bruxljm/FWLJMET106XUL_singleLep2017UL_RunIISummer20_X53X53/PairVLQ_x53x53_tWtW_narrow_RH_M1100_TuneCP5_13TeV-madgraph-pythia8/singleLep2017UL/230310_181922/0000/PairVLQ_x53x53_tWtW_narrow_RH_M1100_TuneCP5_13TeV-madgraph-pythia8_137.root for shift: nominal
[step1.h] Opening file: /isilon/hadoop/store/group/bruxljm/FWLJMET106XUL_singleLep2017UL_RunIISummer20_X53X53/PairVLQ_x53x53_tWtW_narrow_RH_M1100_TuneCP5_13TeV-madgraph-pythia8/singleLep2017UL/230310_181922/0000/PairVLQ_x53x53_tWtW_narrow_RH_M1100_TuneCP5_13TeV-madgraph-pythia8_137.root
[step1.h] Finished initializing
RUN CONFIG: YEAR = 2017
Era = 
isMC = 1, isSig = 1, SigMass = 4
isHad =0, isSE =0, isSM =0
isTTTT = 0, isXX = 1, isTpTp = 0, isBpBp = 0
For W's: isTT = 0, isSTt = 0, isSTtW = 0
For jets & PDF: isTOP = 0, isMadgraphBkg = 1
For HOTTagger Efficiencies: isTTV = 0, isTTHbb = 0, isTTHnonbb = 0, isTTTX = 0
isTTVV = 0, isST = 0, isTTToSemiLeptonHT500Njet9 = 0
Pileup sample key: PairVLQ_x53x53_tWtW_narrow_RH_M1100_TuneCP5_13TeV-madgraph-pythia8
b-tagging working points: 0.304(DeepJet)0.4506(DeepCSV)
isTTincMtt0to700: 0
isTTincMtt0to1000: 0
isTTincMtt700to1000: 0
isTTincMtt1000toInf: 0
isTTSemilepIncHT0Njet0: 0
isTTSemilepIncHT500Njet9: 0
outTTLF: 0
outTTCC: 0
outTTBB: 0
outTT1B: 0
outTT2B: 0
>> Completed 0 out of 1029 events
[INFO] Defaulting to central deepJet weight for: nominal
>> Completed 1000 out of 1029 events
Nelectrons      = 465 / 1029
Npassed_ElEta   = 465 / 1029
Nmuons          = 564 / 1029
NrelIsoFail     = 0 / 1029
Npassed_MuEta   = 564 / 1029
Npassed_nAK8Jets= 1029 / 1029
Npassed_Trigger = 994 / 1029
Npassed_MET     = 881 / 1029
Npassed_lepPt   = 937 / 1029
Npassed_HT      = 1026 / 1029
npass_Njets     = 1027 / 1029
Npassed_ALL     = 798 / 1029

>> Running /isilon/hadoop/store/group/bruxljm/FWLJMET106XUL_singleLep2017UL_RunIISummer20_X53X53/PairVLQ_x53x53_tWtW_narrow_RH_M1100_TuneCP5_13TeV-madgraph-pythia8/singleLep2017UL/230310_181922/0000/PairVLQ_x53x53_tWtW_narrow_RH_M1100_TuneCP5_13TeV-madgraph-pythia8_138.root for shift: nominal
[step1.h] Opening file: /isilon/hadoop/store/group/bruxljm/FWLJMET106XUL_singleLep2017UL_RunIISummer20_X53X53/PairVLQ_x53x53_tWtW_narrow_RH_M1100_TuneCP5_13TeV-madgraph-pythia8/singleLep2017UL/230310_181922/0000/PairVLQ_x53x53_tWtW_narrow_RH_M1100_TuneCP5_13TeV-madgraph-pythia8_138.root
[step1.h] Finished initializing
RUN CONFIG: YEAR = 2017
Era = 
isMC = 1, isSig = 1, SigMass = 4
isHad =0, isSE =0, isSM =0
isTTTT = 0, isXX = 1, isTpTp = 0, isBpBp = 0
For W's: isTT = 0, isSTt = 0, isSTtW = 0
For jets & PDF: isTOP = 0, isMadgraphBkg = 1
For HOTTagger Efficiencies: isTTV = 0, isTTHbb = 0, isTTHnonbb = 0, isTTTX = 0
isTTVV = 0, isST = 0, isTTToSemiLeptonHT500Njet9 = 0
Pileup sample key: PairVLQ_x53x53_tWtW_narrow_RH_M1100_TuneCP5_13TeV-madgraph-pythia8
b-tagging working points: 0.304(DeepJet)0.4506(DeepCSV)
isTTincMtt0to700: 0
isTTincMtt0to1000: 0
isTTincMtt700to1000: 0
isTTincMtt1000toInf: 0
isTTSemilepIncHT0Njet0: 0
isTTSemilepIncHT500Njet9: 0
outTTLF: 0
outTTCC: 0
outTTBB: 0
outTT1B: 0
outTT2B: 0
>> Completed 0 out of 1031 events
[INFO] Defaulting to central deepJet weight for: nominal
>> Completed 1000 out of 1031 events
Nelectrons      = 470 / 1031
Npassed_ElEta   = 470 / 1031
Nmuons          = 561 / 1031
NrelIsoFail     = 0 / 1031
Npassed_MuEta   = 561 / 1031
Npassed_nAK8Jets= 1031 / 1031
Npassed_Trigger = 1011 / 1031
Npassed_MET     = 898 / 1031
Npassed_lepPt   = 913 / 1031
Npassed_HT      = 1027 / 1031
npass_Njets     = 1028 / 1031
Npassed_ALL     = 789 / 1031

>> Running /isilon/hadoop/store/group/bruxljm/FWLJMET106XUL_singleLep2017UL_RunIISummer20_X53X53/PairVLQ_x53x53_tWtW_narrow_RH_M1100_TuneCP5_13TeV-madgraph-pythia8/singleLep2017UL/230310_181922/0000/PairVLQ_x53x53_tWtW_narrow_RH_M1100_TuneCP5_13TeV-madgraph-pythia8_139.root for shift: nominal
[step1.h] Opening file: /isilon/hadoop/store/group/bruxljm/FWLJMET106XUL_singleLep2017UL_RunIISummer20_X53X53/PairVLQ_x53x53_tWtW_narrow_RH_M1100_TuneCP5_13TeV-madgraph-pythia8/singleLep2017UL/230310_181922/0000/PairVLQ_x53x53_tWtW_narrow_RH_M1100_TuneCP5_13TeV-madgraph-pythia8_139.root
[step1.h] Finished initializing
RUN CONFIG: YEAR = 2017
Era = 
isMC = 1, isSig = 1, SigMass = 4
isHad =0, isSE =0, isSM =0
isTTTT = 0, isXX = 1, isTpTp = 0, isBpBp = 0
For W's: isTT = 0, isSTt = 0, isSTtW = 0
For jets & PDF: isTOP = 0, isMadgraphBkg = 1
For HOTTagger Efficiencies: isTTV = 0, isTTHbb = 0, isTTHnonbb = 0, isTTTX = 0
isTTVV = 0, isST = 0, isTTToSemiLeptonHT500Njet9 = 0
Pileup sample key: PairVLQ_x53x53_tWtW_narrow_RH_M1100_TuneCP5_13TeV-madgraph-pythia8
b-tagging working points: 0.304(DeepJet)0.4506(DeepCSV)
isTTincMtt0to700: 0
isTTincMtt0to1000: 0
isTTincMtt700to1000: 0
isTTincMtt1000toInf: 0
isTTSemilepIncHT0Njet0: 0
isTTSemilepIncHT500Njet9: 0
outTTLF: 0
outTTCC: 0
outTTBB: 0
outTT1B: 0
outTT2B: 0
>> Completed 0 out of 1051 events
[INFO] Defaulting to central deepJet weight for: nominal
>> Completed 1000 out of 1051 events
Nelectrons      = 453 / 1051
Npassed_ElEta   = 453 / 1051
Nmuons          = 598 / 1051
NrelIsoFail     = 0 / 1051
Npassed_MuEta   = 598 / 1051
Npassed_nAK8Jets= 1051 / 1051
Npassed_Trigger = 1017 / 1051
Npassed_MET     = 902 / 1051
Npassed_lepPt   = 931 / 1051
Npassed_HT      = 1049 / 1051
npass_Njets     = 1048 / 1051
Npassed_ALL     = 792 / 1051

>> Running /isilon/hadoop/store/group/bruxljm/FWLJMET106XUL_singleLep2017UL_RunIISummer20_X53X53/PairVLQ_x53x53_tWtW_narrow_RH_M1100_TuneCP5_13TeV-madgraph-pythia8/singleLep2017UL/230310_181922/0000/PairVLQ_x53x53_tWtW_narrow_RH_M1100_TuneCP5_13TeV-madgraph-pythia8_14.root for shift: nominal
[step1.h] Opening file: /isilon/hadoop/store/group/bruxljm/FWLJMET106XUL_singleLep2017UL_RunIISummer20_X53X53/PairVLQ_x53x53_tWtW_narrow_RH_M1100_TuneCP5_13TeV-madgraph-pythia8/singleLep2017UL/230310_181922/0000/PairVLQ_x53x53_tWtW_narrow_RH_M1100_TuneCP5_13TeV-madgraph-pythia8_14.root
[step1.h] Finished initializing
RUN CONFIG: YEAR = 2017
Era = 
isMC = 1, isSig = 1, SigMass = 4
isHad =0, isSE =0, isSM =0
isTTTT = 0, isXX = 1, isTpTp = 0, isBpBp = 0
For W's: isTT = 0, isSTt = 0, isSTtW = 0
For jets & PDF: isTOP = 0, isMadgraphBkg = 1
For HOTTagger Efficiencies: isTTV = 0, isTTHbb = 0, isTTHnonbb = 0, isTTTX = 0
isTTVV = 0, isST = 0, isTTToSemiLeptonHT500Njet9 = 0
Pileup sample key: PairVLQ_x53x53_tWtW_narrow_RH_M1100_TuneCP5_13TeV-madgraph-pythia8
b-tagging working points: 0.304(DeepJet)0.4506(DeepCSV)
isTTincMtt0to700: 0
isTTincMtt0to1000: 0
isTTincMtt700to1000: 0
isTTincMtt1000toInf: 0
isTTSemilepIncHT0Njet0: 0
isTTSemilepIncHT500Njet9: 0
outTTLF: 0
outTTCC: 0
outTTBB: 0
outTT1B: 0
outTT2B: 0
>> Completed 0 out of 1029 events
[INFO] Defaulting to central deepJet weight for: nominal
>> Completed 1000 out of 1029 events
Nelectrons      = 490 / 1029
Npassed_ElEta   = 490 / 1029
Nmuons          = 539 / 1029
NrelIsoFail     = 0 / 1029
Npassed_MuEta   = 539 / 1029
Npassed_nAK8Jets= 1029 / 1029
Npassed_Trigger = 981 / 1029
Npassed_MET     = 880 / 1029
Npassed_lepPt   = 926 / 1029
Npassed_HT      = 1026 / 1029
npass_Njets     = 1026 / 1029
Npassed_ALL     = 785 / 1029

>> Running /isilon/hadoop/store/group/bruxljm/FWLJMET106XUL_singleLep2017UL_RunIISummer20_X53X53/PairVLQ_x53x53_tWtW_narrow_RH_M1100_TuneCP5_13TeV-madgraph-pythia8/singleLep2017UL/230310_181922/0000/PairVLQ_x53x53_tWtW_narrow_RH_M1100_TuneCP5_13TeV-madgraph-pythia8_140.root for shift: nominal
[step1.h] Opening file: /isilon/hadoop/store/group/bruxljm/FWLJMET106XUL_singleLep2017UL_RunIISummer20_X53X53/PairVLQ_x53x53_tWtW_narrow_RH_M1100_TuneCP5_13TeV-madgraph-pythia8/singleLep2017UL/230310_181922/0000/PairVLQ_x53x53_tWtW_narrow_RH_M1100_TuneCP5_13TeV-madgraph-pythia8_140.root
[step1.h] Finished initializing
RUN CONFIG: YEAR = 2017
Era = 
isMC = 1, isSig = 1, SigMass = 4
isHad =0, isSE =0, isSM =0
isTTTT = 0, isXX = 1, isTpTp = 0, isBpBp = 0
For W's: isTT = 0, isSTt = 0, isSTtW = 0
For jets & PDF: isTOP = 0, isMadgraphBkg = 1
For HOTTagger Efficiencies: isTTV = 0, isTTHbb = 0, isTTHnonbb = 0, isTTTX = 0
isTTVV = 0, isST = 0, isTTToSemiLeptonHT500Njet9 = 0
Pileup sample key: PairVLQ_x53x53_tWtW_narrow_RH_M1100_TuneCP5_13TeV-madgraph-pythia8
b-tagging working points: 0.304(DeepJet)0.4506(DeepCSV)
isTTincMtt0to700: 0
isTTincMtt0to1000: 0
isTTincMtt700to1000: 0
isTTincMtt1000toInf: 0
isTTSemilepIncHT0Njet0: 0
isTTSemilepIncHT500Njet9: 0
outTTLF: 0
outTTCC: 0
outTTBB: 0
outTT1B: 0
outTT2B: 0
>> Completed 0 out of 1049 events
[INFO] Defaulting to central deepJet weight for: nominal
>> Completed 1000 out of 1049 events
Nelectrons      = 502 / 1049
Npassed_ElEta   = 502 / 1049
Nmuons          = 547 / 1049
NrelIsoFail     = 0 / 1049
Npassed_MuEta   = 547 / 1049
Npassed_nAK8Jets= 1049 / 1049
Npassed_Trigger = 1008 / 1049
Npassed_MET     = 891 / 1049
Npassed_lepPt   = 938 / 1049
Npassed_HT      = 1043 / 1049
npass_Njets     = 1045 / 1049
Npassed_ALL     = 790 / 1049

>> Running /isilon/hadoop/store/group/bruxljm/FWLJMET106XUL_singleLep2017UL_RunIISummer20_X53X53/PairVLQ_x53x53_tWtW_narrow_RH_M1100_TuneCP5_13TeV-madgraph-pythia8/singleLep2017UL/230310_181922/0000/PairVLQ_x53x53_tWtW_narrow_RH_M1100_TuneCP5_13TeV-madgraph-pythia8_141.root for shift: nominal
[step1.h] Opening file: /isilon/hadoop/store/group/bruxljm/FWLJMET106XUL_singleLep2017UL_RunIISummer20_X53X53/PairVLQ_x53x53_tWtW_narrow_RH_M1100_TuneCP5_13TeV-madgraph-pythia8/singleLep2017UL/230310_181922/0000/PairVLQ_x53x53_tWtW_narrow_RH_M1100_TuneCP5_13TeV-madgraph-pythia8_141.root
[step1.h] Finished initializing
RUN CONFIG: YEAR = 2017
Era = 
isMC = 1, isSig = 1, SigMass = 4
isHad =0, isSE =0, isSM =0
isTTTT = 0, isXX = 1, isTpTp = 0, isBpBp = 0
For W's: isTT = 0, isSTt = 0, isSTtW = 0
For jets & PDF: isTOP = 0, isMadgraphBkg = 1
For HOTTagger Efficiencies: isTTV = 0, isTTHbb = 0, isTTHnonbb = 0, isTTTX = 0
isTTVV = 0, isST = 0, isTTToSemiLeptonHT500Njet9 = 0
Pileup sample key: PairVLQ_x53x53_tWtW_narrow_RH_M1100_TuneCP5_13TeV-madgraph-pythia8
b-tagging working points: 0.304(DeepJet)0.4506(DeepCSV)
isTTincMtt0to700: 0
isTTincMtt0to1000: 0
isTTincMtt700to1000: 0
isTTincMtt1000toInf: 0
isTTSemilepIncHT0Njet0: 0
isTTSemilepIncHT500Njet9: 0
outTTLF: 0
outTTCC: 0
outTTBB: 0
outTT1B: 0
outTT2B: 0
>> Completed 0 out of 1018 events
[INFO] Defaulting to central deepJet weight for: nominal
>> Completed 1000 out of 1018 events
Nelectrons      = 482 / 1018
Npassed_ElEta   = 482 / 1018
Nmuons          = 536 / 1018
NrelIsoFail     = 0 / 1018
Npassed_MuEta   = 536 / 1018
Npassed_nAK8Jets= 1018 / 1018
Npassed_Trigger = 986 / 1018
Npassed_MET     = 874 / 1018
Npassed_lepPt   = 906 / 1018
Npassed_HT      = 1017 / 1018
npass_Njets     = 1017 / 1018
Npassed_ALL     = 777 / 1018

>> Running /isilon/hadoop/store/group/bruxljm/FWLJMET106XUL_singleLep2017UL_RunIISummer20_X53X53/PairVLQ_x53x53_tWtW_narrow_RH_M1100_TuneCP5_13TeV-madgraph-pythia8/singleLep2017UL/230310_181922/0000/PairVLQ_x53x53_tWtW_narrow_RH_M1100_TuneCP5_13TeV-madgraph-pythia8_142.root for shift: nominal
[step1.h] Opening file: /isilon/hadoop/store/group/bruxljm/FWLJMET106XUL_singleLep2017UL_RunIISummer20_X53X53/PairVLQ_x53x53_tWtW_narrow_RH_M1100_TuneCP5_13TeV-madgraph-pythia8/singleLep2017UL/230310_181922/0000/PairVLQ_x53x53_tWtW_narrow_RH_M1100_TuneCP5_13TeV-madgraph-pythia8_142.root
[step1.h] Finished initializing
RUN CONFIG: YEAR = 2017
Era = 
isMC = 1, isSig = 1, SigMass = 4
isHad =0, isSE =0, isSM =0
isTTTT = 0, isXX = 1, isTpTp = 0, isBpBp = 0
For W's: isTT = 0, isSTt = 0, isSTtW = 0
For jets & PDF: isTOP = 0, isMadgraphBkg = 1
For HOTTagger Efficiencies: isTTV = 0, isTTHbb = 0, isTTHnonbb = 0, isTTTX = 0
isTTVV = 0, isST = 0, isTTToSemiLeptonHT500Njet9 = 0
Pileup sample key: PairVLQ_x53x53_tWtW_narrow_RH_M1100_TuneCP5_13TeV-madgraph-pythia8
b-tagging working points: 0.304(DeepJet)0.4506(DeepCSV)
isTTincMtt0to700: 0
isTTincMtt0to1000: 0
isTTincMtt700to1000: 0
isTTincMtt1000toInf: 0
isTTSemilepIncHT0Njet0: 0
isTTSemilepIncHT500Njet9: 0
outTTLF: 0
outTTCC: 0
outTTBB: 0
outTT1B: 0
outTT2B: 0
>> Completed 0 out of 1099 events
[INFO] Defaulting to central deepJet weight for: nominal
>> Completed 1000 out of 1099 events
Nelectrons      = 516 / 1099
Npassed_ElEta   = 516 / 1099
Nmuons          = 583 / 1099
NrelIsoFail     = 0 / 1099
Npassed_MuEta   = 583 / 1099
Npassed_nAK8Jets= 1099 / 1099
Npassed_Trigger = 1053 / 1099
Npassed_MET     = 963 / 1099
Npassed_lepPt   = 996 / 1099
Npassed_HT      = 1097 / 1099
npass_Njets     = 1094 / 1099
Npassed_ALL     = 863 / 1099

>> Running /isilon/hadoop/store/group/bruxljm/FWLJMET106XUL_singleLep2017UL_RunIISummer20_X53X53/PairVLQ_x53x53_tWtW_narrow_RH_M1100_TuneCP5_13TeV-madgraph-pythia8/singleLep2017UL/230310_181922/0000/PairVLQ_x53x53_tWtW_narrow_RH_M1100_TuneCP5_13TeV-madgraph-pythia8_143.root for shift: nominal
[step1.h] Opening file: /isilon/hadoop/store/group/bruxljm/FWLJMET106XUL_singleLep2017UL_RunIISummer20_X53X53/PairVLQ_x53x53_tWtW_narrow_RH_M1100_TuneCP5_13TeV-madgraph-pythia8/singleLep2017UL/230310_181922/0000/PairVLQ_x53x53_tWtW_narrow_RH_M1100_TuneCP5_13TeV-madgraph-pythia8_143.root
[step1.h] Finished initializing
RUN CONFIG: YEAR = 2017
Era = 
isMC = 1, isSig = 1, SigMass = 4
isHad =0, isSE =0, isSM =0
isTTTT = 0, isXX = 1, isTpTp = 0, isBpBp = 0
For W's: isTT = 0, isSTt = 0, isSTtW = 0
For jets & PDF: isTOP = 0, isMadgraphBkg = 1
For HOTTagger Efficiencies: isTTV = 0, isTTHbb = 0, isTTHnonbb = 0, isTTTX = 0
isTTVV = 0, isST = 0, isTTToSemiLeptonHT500Njet9 = 0
Pileup sample key: PairVLQ_x53x53_tWtW_narrow_RH_M1100_TuneCP5_13TeV-madgraph-pythia8
b-tagging working points: 0.304(DeepJet)0.4506(DeepCSV)
isTTincMtt0to700: 0
isTTincMtt0to1000: 0
isTTincMtt700to1000: 0
isTTincMtt1000toInf: 0
isTTSemilepIncHT0Njet0: 0
isTTSemilepIncHT500Njet9: 0
outTTLF: 0
outTTCC: 0
outTTBB: 0
outTT1B: 0
outTT2B: 0
>> Completed 0 out of 1058 events
[INFO] Defaulting to central deepJet weight for: nominal
>> Completed 1000 out of 1058 events
Nelectrons      = 489 / 1058
Npassed_ElEta   = 489 / 1058
Nmuons          = 569 / 1058
NrelIsoFail     = 0 / 1058
Npassed_MuEta   = 569 / 1058
Npassed_nAK8Jets= 1058 / 1058
Npassed_Trigger = 1025 / 1058
Npassed_MET     = 901 / 1058
Npassed_lepPt   = 938 / 1058
Npassed_HT      = 1056 / 1058
npass_Njets     = 1057 / 1058
Npassed_ALL     = 795 / 1058

>> Running /isilon/hadoop/store/group/bruxljm/FWLJMET106XUL_singleLep2017UL_RunIISummer20_X53X53/PairVLQ_x53x53_tWtW_narrow_RH_M1100_TuneCP5_13TeV-madgraph-pythia8/singleLep2017UL/230310_181922/0000/PairVLQ_x53x53_tWtW_narrow_RH_M1100_TuneCP5_13TeV-madgraph-pythia8_144.root for shift: nominal
[step1.h] Opening file: /isilon/hadoop/store/group/bruxljm/FWLJMET106XUL_singleLep2017UL_RunIISummer20_X53X53/PairVLQ_x53x53_tWtW_narrow_RH_M1100_TuneCP5_13TeV-madgraph-pythia8/singleLep2017UL/230310_181922/0000/PairVLQ_x53x53_tWtW_narrow_RH_M1100_TuneCP5_13TeV-madgraph-pythia8_144.root
[step1.h] Finished initializing
RUN CONFIG: YEAR = 2017
Era = 
isMC = 1, isSig = 1, SigMass = 4
isHad =0, isSE =0, isSM =0
isTTTT = 0, isXX = 1, isTpTp = 0, isBpBp = 0
For W's: isTT = 0, isSTt = 0, isSTtW = 0
For jets & PDF: isTOP = 0, isMadgraphBkg = 1
For HOTTagger Efficiencies: isTTV = 0, isTTHbb = 0, isTTHnonbb = 0, isTTTX = 0
isTTVV = 0, isST = 0, isTTToSemiLeptonHT500Njet9 = 0
Pileup sample key: PairVLQ_x53x53_tWtW_narrow_RH_M1100_TuneCP5_13TeV-madgraph-pythia8
b-tagging working points: 0.304(DeepJet)0.4506(DeepCSV)
isTTincMtt0to700: 0
isTTincMtt0to1000: 0
isTTincMtt700to1000: 0
isTTincMtt1000toInf: 0
isTTSemilepIncHT0Njet0: 0
isTTSemilepIncHT500Njet9: 0
outTTLF: 0
outTTCC: 0
outTTBB: 0
outTT1B: 0
outTT2B: 0
>> Completed 0 out of 1042 events
[INFO] Defaulting to central deepJet weight for: nominal
>> Completed 1000 out of 1042 events
Nelectrons      = 478 / 1042
Npassed_ElEta   = 478 / 1042
Nmuons          = 564 / 1042
NrelIsoFail     = 0 / 1042
Npassed_MuEta   = 564 / 1042
Npassed_nAK8Jets= 1042 / 1042
Npassed_Trigger = 1008 / 1042
Npassed_MET     = 897 / 1042
Npassed_lepPt   = 927 / 1042
Npassed_HT      = 1040 / 1042
npass_Njets     = 1040 / 1042
Npassed_ALL     = 794 / 1042

>> Running /isilon/hadoop/store/group/bruxljm/FWLJMET106XUL_singleLep2017UL_RunIISummer20_X53X53/PairVLQ_x53x53_tWtW_narrow_RH_M1100_TuneCP5_13TeV-madgraph-pythia8/singleLep2017UL/230310_181922/0000/PairVLQ_x53x53_tWtW_narrow_RH_M1100_TuneCP5_13TeV-madgraph-pythia8_145.root for shift: nominal
[step1.h] Opening file: /isilon/hadoop/store/group/bruxljm/FWLJMET106XUL_singleLep2017UL_RunIISummer20_X53X53/PairVLQ_x53x53_tWtW_narrow_RH_M1100_TuneCP5_13TeV-madgraph-pythia8/singleLep2017UL/230310_181922/0000/PairVLQ_x53x53_tWtW_narrow_RH_M1100_TuneCP5_13TeV-madgraph-pythia8_145.root
[step1.h] Finished initializing
RUN CONFIG: YEAR = 2017
Era = 
isMC = 1, isSig = 1, SigMass = 4
isHad =0, isSE =0, isSM =0
isTTTT = 0, isXX = 1, isTpTp = 0, isBpBp = 0
For W's: isTT = 0, isSTt = 0, isSTtW = 0
For jets & PDF: isTOP = 0, isMadgraphBkg = 1
For HOTTagger Efficiencies: isTTV = 0, isTTHbb = 0, isTTHnonbb = 0, isTTTX = 0
isTTVV = 0, isST = 0, isTTToSemiLeptonHT500Njet9 = 0
Pileup sample key: PairVLQ_x53x53_tWtW_narrow_RH_M1100_TuneCP5_13TeV-madgraph-pythia8
b-tagging working points: 0.304(DeepJet)0.4506(DeepCSV)
isTTincMtt0to700: 0
isTTincMtt0to1000: 0
isTTincMtt700to1000: 0
isTTincMtt1000toInf: 0
isTTSemilepIncHT0Njet0: 0
isTTSemilepIncHT500Njet9: 0
outTTLF: 0
outTTCC: 0
outTTBB: 0
outTT1B: 0
outTT2B: 0
>> Completed 0 out of 1087 events
[INFO] Defaulting to central deepJet weight for: nominal
>> Completed 1000 out of 1087 events
Nelectrons      = 531 / 1087
Npassed_ElEta   = 531 / 1087
Nmuons          = 556 / 1087
NrelIsoFail     = 0 / 1087
Npassed_MuEta   = 556 / 1087
Npassed_nAK8Jets= 1087 / 1087
Npassed_Trigger = 1042 / 1087
Npassed_MET     = 948 / 1087
Npassed_lepPt   = 981 / 1087
Npassed_HT      = 1083 / 1087
npass_Njets     = 1085 / 1087
Npassed_ALL     = 855 / 1087

>> Running /isilon/hadoop/store/group/bruxljm/FWLJMET106XUL_singleLep2017UL_RunIISummer20_X53X53/PairVLQ_x53x53_tWtW_narrow_RH_M1100_TuneCP5_13TeV-madgraph-pythia8/singleLep2017UL/230310_181922/0000/PairVLQ_x53x53_tWtW_narrow_RH_M1100_TuneCP5_13TeV-madgraph-pythia8_146.root for shift: nominal
[step1.h] Opening file: /isilon/hadoop/store/group/bruxljm/FWLJMET106XUL_singleLep2017UL_RunIISummer20_X53X53/PairVLQ_x53x53_tWtW_narrow_RH_M1100_TuneCP5_13TeV-madgraph-pythia8/singleLep2017UL/230310_181922/0000/PairVLQ_x53x53_tWtW_narrow_RH_M1100_TuneCP5_13TeV-madgraph-pythia8_146.root
[step1.h] Finished initializing
RUN CONFIG: YEAR = 2017
Era = 
isMC = 1, isSig = 1, SigMass = 4
isHad =0, isSE =0, isSM =0
isTTTT = 0, isXX = 1, isTpTp = 0, isBpBp = 0
For W's: isTT = 0, isSTt = 0, isSTtW = 0
For jets & PDF: isTOP = 0, isMadgraphBkg = 1
For HOTTagger Efficiencies: isTTV = 0, isTTHbb = 0, isTTHnonbb = 0, isTTTX = 0
isTTVV = 0, isST = 0, isTTToSemiLeptonHT500Njet9 = 0
Pileup sample key: PairVLQ_x53x53_tWtW_narrow_RH_M1100_TuneCP5_13TeV-madgraph-pythia8
b-tagging working points: 0.304(DeepJet)0.4506(DeepCSV)
isTTincMtt0to700: 0
isTTincMtt0to1000: 0
isTTincMtt700to1000: 0
isTTincMtt1000toInf: 0
isTTSemilepIncHT0Njet0: 0
isTTSemilepIncHT500Njet9: 0
outTTLF: 0
outTTCC: 0
outTTBB: 0
outTT1B: 0
outTT2B: 0
>> Completed 0 out of 1056 events
[INFO] Defaulting to central deepJet weight for: nominal
>> Completed 1000 out of 1056 events
Nelectrons      = 484 / 1056
Npassed_ElEta   = 484 / 1056
Nmuons          = 572 / 1056
NrelIsoFail     = 0 / 1056
Npassed_MuEta   = 572 / 1056
Npassed_nAK8Jets= 1056 / 1056
Npassed_Trigger = 1016 / 1056
Npassed_MET     = 905 / 1056
Npassed_lepPt   = 936 / 1056
Npassed_HT      = 1053 / 1056
npass_Njets     = 1051 / 1056
Npassed_ALL     = 796 / 1056

>> Running /isilon/hadoop/store/group/bruxljm/FWLJMET106XUL_singleLep2017UL_RunIISummer20_X53X53/PairVLQ_x53x53_tWtW_narrow_RH_M1100_TuneCP5_13TeV-madgraph-pythia8/singleLep2017UL/230310_181922/0000/PairVLQ_x53x53_tWtW_narrow_RH_M1100_TuneCP5_13TeV-madgraph-pythia8_147.root for shift: nominal
[step1.h] Opening file: /isilon/hadoop/store/group/bruxljm/FWLJMET106XUL_singleLep2017UL_RunIISummer20_X53X53/PairVLQ_x53x53_tWtW_narrow_RH_M1100_TuneCP5_13TeV-madgraph-pythia8/singleLep2017UL/230310_181922/0000/PairVLQ_x53x53_tWtW_narrow_RH_M1100_TuneCP5_13TeV-madgraph-pythia8_147.root
[step1.h] Finished initializing
RUN CONFIG: YEAR = 2017
Era = 
isMC = 1, isSig = 1, SigMass = 4
isHad =0, isSE =0, isSM =0
isTTTT = 0, isXX = 1, isTpTp = 0, isBpBp = 0
For W's: isTT = 0, isSTt = 0, isSTtW = 0
For jets & PDF: isTOP = 0, isMadgraphBkg = 1
For HOTTagger Efficiencies: isTTV = 0, isTTHbb = 0, isTTHnonbb = 0, isTTTX = 0
isTTVV = 0, isST = 0, isTTToSemiLeptonHT500Njet9 = 0
Pileup sample key: PairVLQ_x53x53_tWtW_narrow_RH_M1100_TuneCP5_13TeV-madgraph-pythia8
b-tagging working points: 0.304(DeepJet)0.4506(DeepCSV)
isTTincMtt0to700: 0
isTTincMtt0to1000: 0
isTTincMtt700to1000: 0
isTTincMtt1000toInf: 0
isTTSemilepIncHT0Njet0: 0
isTTSemilepIncHT500Njet9: 0
outTTLF: 0
outTTCC: 0
outTTBB: 0
outTT1B: 0
outTT2B: 0
>> Completed 0 out of 1054 events
[INFO] Defaulting to central deepJet weight for: nominal
>> Completed 1000 out of 1054 events
Nelectrons      = 499 / 1054
Npassed_ElEta   = 499 / 1054
Nmuons          = 555 / 1054
NrelIsoFail     = 0 / 1054
Npassed_MuEta   = 555 / 1054
Npassed_nAK8Jets= 1054 / 1054
Npassed_Trigger = 1016 / 1054
Npassed_MET     = 907 / 1054
Npassed_lepPt   = 944 / 1054
Npassed_HT      = 1052 / 1054
npass_Njets     = 1052 / 1054
Npassed_ALL     = 808 / 1054

>> Running /isilon/hadoop/store/group/bruxljm/FWLJMET106XUL_singleLep2017UL_RunIISummer20_X53X53/PairVLQ_x53x53_tWtW_narrow_RH_M1100_TuneCP5_13TeV-madgraph-pythia8/singleLep2017UL/230310_181922/0000/PairVLQ_x53x53_tWtW_narrow_RH_M1100_TuneCP5_13TeV-madgraph-pythia8_148.root for shift: nominal
[step1.h] Opening file: /isilon/hadoop/store/group/bruxljm/FWLJMET106XUL_singleLep2017UL_RunIISummer20_X53X53/PairVLQ_x53x53_tWtW_narrow_RH_M1100_TuneCP5_13TeV-madgraph-pythia8/singleLep2017UL/230310_181922/0000/PairVLQ_x53x53_tWtW_narrow_RH_M1100_TuneCP5_13TeV-madgraph-pythia8_148.root
[step1.h] Finished initializing
RUN CONFIG: YEAR = 2017
Era = 
isMC = 1, isSig = 1, SigMass = 4
isHad =0, isSE =0, isSM =0
isTTTT = 0, isXX = 1, isTpTp = 0, isBpBp = 0
For W's: isTT = 0, isSTt = 0, isSTtW = 0
For jets & PDF: isTOP = 0, isMadgraphBkg = 1
For HOTTagger Efficiencies: isTTV = 0, isTTHbb = 0, isTTHnonbb = 0, isTTTX = 0
isTTVV = 0, isST = 0, isTTToSemiLeptonHT500Njet9 = 0
Pileup sample key: PairVLQ_x53x53_tWtW_narrow_RH_M1100_TuneCP5_13TeV-madgraph-pythia8
b-tagging working points: 0.304(DeepJet)0.4506(DeepCSV)
isTTincMtt0to700: 0
isTTincMtt0to1000: 0
isTTincMtt700to1000: 0
isTTincMtt1000toInf: 0
isTTSemilepIncHT0Njet0: 0
isTTSemilepIncHT500Njet9: 0
outTTLF: 0
outTTCC: 0
outTTBB: 0
outTT1B: 0
outTT2B: 0
>> Completed 0 out of 1060 events
[INFO] Defaulting to central deepJet weight for: nominal
>> Completed 1000 out of 1060 events
Nelectrons      = 512 / 1060
Npassed_ElEta   = 512 / 1060
Nmuons          = 548 / 1060
NrelIsoFail     = 0 / 1060
Npassed_MuEta   = 548 / 1060
Npassed_nAK8Jets= 1060 / 1060
Npassed_Trigger = 1019 / 1060
Npassed_MET     = 889 / 1060
Npassed_lepPt   = 951 / 1060
Npassed_HT      = 1059 / 1060
npass_Njets     = 1058 / 1060
Npassed_ALL     = 802 / 1060

>> Running /isilon/hadoop/store/group/bruxljm/FWLJMET106XUL_singleLep2017UL_RunIISummer20_X53X53/PairVLQ_x53x53_tWtW_narrow_RH_M1100_TuneCP5_13TeV-madgraph-pythia8/singleLep2017UL/230310_181922/0000/PairVLQ_x53x53_tWtW_narrow_RH_M1100_TuneCP5_13TeV-madgraph-pythia8_149.root for shift: nominal
[step1.h] Opening file: /isilon/hadoop/store/group/bruxljm/FWLJMET106XUL_singleLep2017UL_RunIISummer20_X53X53/PairVLQ_x53x53_tWtW_narrow_RH_M1100_TuneCP5_13TeV-madgraph-pythia8/singleLep2017UL/230310_181922/0000/PairVLQ_x53x53_tWtW_narrow_RH_M1100_TuneCP5_13TeV-madgraph-pythia8_149.root
[step1.h] Finished initializing
RUN CONFIG: YEAR = 2017
Era = 
isMC = 1, isSig = 1, SigMass = 4
isHad =0, isSE =0, isSM =0
isTTTT = 0, isXX = 1, isTpTp = 0, isBpBp = 0
For W's: isTT = 0, isSTt = 0, isSTtW = 0
For jets & PDF: isTOP = 0, isMadgraphBkg = 1
For HOTTagger Efficiencies: isTTV = 0, isTTHbb = 0, isTTHnonbb = 0, isTTTX = 0
isTTVV = 0, isST = 0, isTTToSemiLeptonHT500Njet9 = 0
Pileup sample key: PairVLQ_x53x53_tWtW_narrow_RH_M1100_TuneCP5_13TeV-madgraph-pythia8
b-tagging working points: 0.304(DeepJet)0.4506(DeepCSV)
isTTincMtt0to700: 0
isTTincMtt0to1000: 0
isTTincMtt700to1000: 0
isTTincMtt1000toInf: 0
isTTSemilepIncHT0Njet0: 0
isTTSemilepIncHT500Njet9: 0
outTTLF: 0
outTTCC: 0
outTTBB: 0
outTT1B: 0
outTT2B: 0
>> Completed 0 out of 1042 events
[INFO] Defaulting to central deepJet weight for: nominal
>> Completed 1000 out of 1042 events
Nelectrons      = 503 / 1042
Npassed_ElEta   = 503 / 1042
Nmuons          = 539 / 1042
NrelIsoFail     = 0 / 1042
Npassed_MuEta   = 539 / 1042
Npassed_nAK8Jets= 1042 / 1042
Npassed_Trigger = 1003 / 1042
Npassed_MET     = 913 / 1042
Npassed_lepPt   = 937 / 1042
Npassed_HT      = 1040 / 1042
npass_Njets     = 1038 / 1042
Npassed_ALL     = 818 / 1042

>> Running /isilon/hadoop/store/group/bruxljm/FWLJMET106XUL_singleLep2017UL_RunIISummer20_X53X53/PairVLQ_x53x53_tWtW_narrow_RH_M1100_TuneCP5_13TeV-madgraph-pythia8/singleLep2017UL/230310_181922/0000/PairVLQ_x53x53_tWtW_narrow_RH_M1100_TuneCP5_13TeV-madgraph-pythia8_15.root for shift: nominal
[step1.h] Opening file: /isilon/hadoop/store/group/bruxljm/FWLJMET106XUL_singleLep2017UL_RunIISummer20_X53X53/PairVLQ_x53x53_tWtW_narrow_RH_M1100_TuneCP5_13TeV-madgraph-pythia8/singleLep2017UL/230310_181922/0000/PairVLQ_x53x53_tWtW_narrow_RH_M1100_TuneCP5_13TeV-madgraph-pythia8_15.root
[step1.h] Finished initializing
RUN CONFIG: YEAR = 2017
Era = 
isMC = 1, isSig = 1, SigMass = 4
isHad =0, isSE =0, isSM =0
isTTTT = 0, isXX = 1, isTpTp = 0, isBpBp = 0
For W's: isTT = 0, isSTt = 0, isSTtW = 0
For jets & PDF: isTOP = 0, isMadgraphBkg = 1
For HOTTagger Efficiencies: isTTV = 0, isTTHbb = 0, isTTHnonbb = 0, isTTTX = 0
isTTVV = 0, isST = 0, isTTToSemiLeptonHT500Njet9 = 0
Pileup sample key: PairVLQ_x53x53_tWtW_narrow_RH_M1100_TuneCP5_13TeV-madgraph-pythia8
b-tagging working points: 0.304(DeepJet)0.4506(DeepCSV)
isTTincMtt0to700: 0
isTTincMtt0to1000: 0
isTTincMtt700to1000: 0
isTTincMtt1000toInf: 0
isTTSemilepIncHT0Njet0: 0
isTTSemilepIncHT500Njet9: 0
outTTLF: 0
outTTCC: 0
outTTBB: 0
outTT1B: 0
outTT2B: 0
>> Completed 0 out of 1039 events
[INFO] Defaulting to central deepJet weight for: nominal
>> Completed 1000 out of 1039 events
Nelectrons      = 485 / 1039
Npassed_ElEta   = 485 / 1039
Nmuons          = 554 / 1039
NrelIsoFail     = 0 / 1039
Npassed_MuEta   = 554 / 1039
Npassed_nAK8Jets= 1039 / 1039
Npassed_Trigger = 1004 / 1039
Npassed_MET     = 875 / 1039
Npassed_lepPt   = 929 / 1039
Npassed_HT      = 1034 / 1039
npass_Njets     = 1036 / 1039
Npassed_ALL     = 773 / 1039

>> Running /isilon/hadoop/store/group/bruxljm/FWLJMET106XUL_singleLep2017UL_RunIISummer20_X53X53/PairVLQ_x53x53_tWtW_narrow_RH_M1100_TuneCP5_13TeV-madgraph-pythia8/singleLep2017UL/230310_181922/0000/PairVLQ_x53x53_tWtW_narrow_RH_M1100_TuneCP5_13TeV-madgraph-pythia8_150.root for shift: nominal
[step1.h] Opening file: /isilon/hadoop/store/group/bruxljm/FWLJMET106XUL_singleLep2017UL_RunIISummer20_X53X53/PairVLQ_x53x53_tWtW_narrow_RH_M1100_TuneCP5_13TeV-madgraph-pythia8/singleLep2017UL/230310_181922/0000/PairVLQ_x53x53_tWtW_narrow_RH_M1100_TuneCP5_13TeV-madgraph-pythia8_150.root
[step1.h] Finished initializing
RUN CONFIG: YEAR = 2017
Era = 
isMC = 1, isSig = 1, SigMass = 4
isHad =0, isSE =0, isSM =0
isTTTT = 0, isXX = 1, isTpTp = 0, isBpBp = 0
For W's: isTT = 0, isSTt = 0, isSTtW = 0
For jets & PDF: isTOP = 0, isMadgraphBkg = 1
For HOTTagger Efficiencies: isTTV = 0, isTTHbb = 0, isTTHnonbb = 0, isTTTX = 0
isTTVV = 0, isST = 0, isTTToSemiLeptonHT500Njet9 = 0
Pileup sample key: PairVLQ_x53x53_tWtW_narrow_RH_M1100_TuneCP5_13TeV-madgraph-pythia8
b-tagging working points: 0.304(DeepJet)0.4506(DeepCSV)
isTTincMtt0to700: 0
isTTincMtt0to1000: 0
isTTincMtt700to1000: 0
isTTincMtt1000toInf: 0
isTTSemilepIncHT0Njet0: 0
isTTSemilepIncHT500Njet9: 0
outTTLF: 0
outTTCC: 0
outTTBB: 0
outTT1B: 0
outTT2B: 0
>> Completed 0 out of 1031 events
[INFO] Defaulting to central deepJet weight for: nominal
>> Completed 1000 out of 1031 events
Nelectrons      = 486 / 1031
Npassed_ElEta   = 486 / 1031
Nmuons          = 545 / 1031
NrelIsoFail     = 0 / 1031
Npassed_MuEta   = 545 / 1031
Npassed_nAK8Jets= 1031 / 1031
Npassed_Trigger = 993 / 1031
Npassed_MET     = 893 / 1031
Npassed_lepPt   = 907 / 1031
Npassed_HT      = 1026 / 1031
npass_Njets     = 1028 / 1031
Npassed_ALL     = 786 / 1031

>> Running /isilon/hadoop/store/group/bruxljm/FWLJMET106XUL_singleLep2017UL_RunIISummer20_X53X53/PairVLQ_x53x53_tWtW_narrow_RH_M1100_TuneCP5_13TeV-madgraph-pythia8/singleLep2017UL/230310_181922/0000/PairVLQ_x53x53_tWtW_narrow_RH_M1100_TuneCP5_13TeV-madgraph-pythia8_151.root for shift: nominal
[step1.h] Opening file: /isilon/hadoop/store/group/bruxljm/FWLJMET106XUL_singleLep2017UL_RunIISummer20_X53X53/PairVLQ_x53x53_tWtW_narrow_RH_M1100_TuneCP5_13TeV-madgraph-pythia8/singleLep2017UL/230310_181922/0000/PairVLQ_x53x53_tWtW_narrow_RH_M1100_TuneCP5_13TeV-madgraph-pythia8_151.root
[step1.h] Finished initializing
RUN CONFIG: YEAR = 2017
Era = 
isMC = 1, isSig = 1, SigMass = 4
isHad =0, isSE =0, isSM =0
isTTTT = 0, isXX = 1, isTpTp = 0, isBpBp = 0
For W's: isTT = 0, isSTt = 0, isSTtW = 0
For jets & PDF: isTOP = 0, isMadgraphBkg = 1
For HOTTagger Efficiencies: isTTV = 0, isTTHbb = 0, isTTHnonbb = 0, isTTTX = 0
isTTVV = 0, isST = 0, isTTToSemiLeptonHT500Njet9 = 0
Pileup sample key: PairVLQ_x53x53_tWtW_narrow_RH_M1100_TuneCP5_13TeV-madgraph-pythia8
b-tagging working points: 0.304(DeepJet)0.4506(DeepCSV)
isTTincMtt0to700: 0
isTTincMtt0to1000: 0
isTTincMtt700to1000: 0
isTTincMtt1000toInf: 0
isTTSemilepIncHT0Njet0: 0
isTTSemilepIncHT500Njet9: 0
outTTLF: 0
outTTCC: 0
outTTBB: 0
outTT1B: 0
outTT2B: 0
>> Completed 0 out of 1055 events
[INFO] Defaulting to central deepJet weight for: nominal
>> Completed 1000 out of 1055 events
Nelectrons      = 503 / 1055
Npassed_ElEta   = 503 / 1055
Nmuons          = 552 / 1055
NrelIsoFail     = 0 / 1055
Npassed_MuEta   = 552 / 1055
Npassed_nAK8Jets= 1055 / 1055
Npassed_Trigger = 1013 / 1055
Npassed_MET     = 902 / 1055
Npassed_lepPt   = 944 / 1055
Npassed_HT      = 1053 / 1055
npass_Njets     = 1052 / 1055
Npassed_ALL     = 803 / 1055

>> Running /isilon/hadoop/store/group/bruxljm/FWLJMET106XUL_singleLep2017UL_RunIISummer20_X53X53/PairVLQ_x53x53_tWtW_narrow_RH_M1100_TuneCP5_13TeV-madgraph-pythia8/singleLep2017UL/230310_181922/0000/PairVLQ_x53x53_tWtW_narrow_RH_M1100_TuneCP5_13TeV-madgraph-pythia8_152.root for shift: nominal
[step1.h] Opening file: /isilon/hadoop/store/group/bruxljm/FWLJMET106XUL_singleLep2017UL_RunIISummer20_X53X53/PairVLQ_x53x53_tWtW_narrow_RH_M1100_TuneCP5_13TeV-madgraph-pythia8/singleLep2017UL/230310_181922/0000/PairVLQ_x53x53_tWtW_narrow_RH_M1100_TuneCP5_13TeV-madgraph-pythia8_152.root
[step1.h] Finished initializing
RUN CONFIG: YEAR = 2017
Era = 
isMC = 1, isSig = 1, SigMass = 4
isHad =0, isSE =0, isSM =0
isTTTT = 0, isXX = 1, isTpTp = 0, isBpBp = 0
For W's: isTT = 0, isSTt = 0, isSTtW = 0
For jets & PDF: isTOP = 0, isMadgraphBkg = 1
For HOTTagger Efficiencies: isTTV = 0, isTTHbb = 0, isTTHnonbb = 0, isTTTX = 0
isTTVV = 0, isST = 0, isTTToSemiLeptonHT500Njet9 = 0
Pileup sample key: PairVLQ_x53x53_tWtW_narrow_RH_M1100_TuneCP5_13TeV-madgraph-pythia8
b-tagging working points: 0.304(DeepJet)0.4506(DeepCSV)
isTTincMtt0to700: 0
isTTincMtt0to1000: 0
isTTincMtt700to1000: 0
isTTincMtt1000toInf: 0
isTTSemilepIncHT0Njet0: 0
isTTSemilepIncHT500Njet9: 0
outTTLF: 0
outTTCC: 0
outTTBB: 0
outTT1B: 0
outTT2B: 0
>> Completed 0 out of 1087 events
[INFO] Defaulting to central deepJet weight for: nominal
>> Completed 1000 out of 1087 events
Nelectrons      = 498 / 1087
Npassed_ElEta   = 498 / 1087
Nmuons          = 589 / 1087
NrelIsoFail     = 0 / 1087
Npassed_MuEta   = 589 / 1087
Npassed_nAK8Jets= 1087 / 1087
Npassed_Trigger = 1056 / 1087
Npassed_MET     = 933 / 1087
Npassed_lepPt   = 983 / 1087
Npassed_HT      = 1083 / 1087
npass_Njets     = 1085 / 1087
Npassed_ALL     = 836 / 1087
>> Available ROOT Files:
-rw-r--r-- 1 fsimpson gridusers 2760429 Apr 24 09:10 PairVLQ_x53x53_tWtW_narrow_RH_M1100_TuneCP5_13TeV-madgraph-pythia8_126nominal.root
-rw-r--r-- 1 fsimpson gridusers 2831457 Apr 24 09:10 PairVLQ_x53x53_tWtW_narrow_RH_M1100_TuneCP5_13TeV-madgraph-pythia8_127nominal.root
-rw-r--r-- 1 fsimpson gridusers 2753074 Apr 24 09:10 PairVLQ_x53x53_tWtW_narrow_RH_M1100_TuneCP5_13TeV-madgraph-pythia8_128nominal.root
-rw-r--r-- 1 fsimpson gridusers 2827689 Apr 24 09:10 PairVLQ_x53x53_tWtW_narrow_RH_M1100_TuneCP5_13TeV-madgraph-pythia8_129nominal.root
-rw-r--r-- 1 fsimpson gridusers 2836905 Apr 24 09:10 PairVLQ_x53x53_tWtW_narrow_RH_M1100_TuneCP5_13TeV-madgraph-pythia8_130nominal.root
-rw-r--r-- 1 fsimpson gridusers 3045339 Apr 24 09:10 PairVLQ_x53x53_tWtW_narrow_RH_M1100_TuneCP5_13TeV-madgraph-pythia8_131nominal.root
-rw-r--r-- 1 fsimpson gridusers 2826111 Apr 24 09:10 PairVLQ_x53x53_tWtW_narrow_RH_M1100_TuneCP5_13TeV-madgraph-pythia8_132nominal.root
-rw-r--r-- 1 fsimpson gridusers 2896722 Apr 24 09:10 PairVLQ_x53x53_tWtW_narrow_RH_M1100_TuneCP5_13TeV-madgraph-pythia8_133nominal.root
-rw-r--r-- 1 fsimpson gridusers 2855780 Apr 24 09:10 PairVLQ_x53x53_tWtW_narrow_RH_M1100_TuneCP5_13TeV-madgraph-pythia8_134nominal.root
-rw-r--r-- 1 fsimpson gridusers 2848834 Apr 24 09:10 PairVLQ_x53x53_tWtW_narrow_RH_M1100_TuneCP5_13TeV-madgraph-pythia8_135nominal.root
-rw-r--r-- 1 fsimpson gridusers 2797444 Apr 24 09:10 PairVLQ_x53x53_tWtW_narrow_RH_M1100_TuneCP5_13TeV-madgraph-pythia8_136nominal.root
-rw-r--r-- 1 fsimpson gridusers 2835063 Apr 24 09:10 PairVLQ_x53x53_tWtW_narrow_RH_M1100_TuneCP5_13TeV-madgraph-pythia8_137nominal.root
-rw-r--r-- 1 fsimpson gridusers 2762087 Apr 24 09:10 PairVLQ_x53x53_tWtW_narrow_RH_M1100_TuneCP5_13TeV-madgraph-pythia8_138nominal.root
-rw-r--r-- 1 fsimpson gridusers 2840029 Apr 24 09:10 PairVLQ_x53x53_tWtW_narrow_RH_M1100_TuneCP5_13TeV-madgraph-pythia8_139nominal.root
-rw-r--r-- 1 fsimpson gridusers 2892711 Apr 24 09:10 PairVLQ_x53x53_tWtW_narrow_RH_M1100_TuneCP5_13TeV-madgraph-pythia8_13nominal.root
-rw-r--r-- 1 fsimpson gridusers 2863542 Apr 24 09:10 PairVLQ_x53x53_tWtW_narrow_RH_M1100_TuneCP5_13TeV-madgraph-pythia8_140nominal.root
-rw-r--r-- 1 fsimpson gridusers 2760503 Apr 24 09:10 PairVLQ_x53x53_tWtW_narrow_RH_M1100_TuneCP5_13TeV-madgraph-pythia8_141nominal.root
-rw-r--r-- 1 fsimpson gridusers 3011186 Apr 24 09:10 PairVLQ_x53x53_tWtW_narrow_RH_M1100_TuneCP5_13TeV-madgraph-pythia8_142nominal.root
-rw-r--r-- 1 fsimpson gridusers 2857825 Apr 24 09:10 PairVLQ_x53x53_tWtW_narrow_RH_M1100_TuneCP5_13TeV-madgraph-pythia8_143nominal.root
-rw-r--r-- 1 fsimpson gridusers 2816818 Apr 24 09:10 PairVLQ_x53x53_tWtW_narrow_RH_M1100_TuneCP5_13TeV-madgraph-pythia8_144nominal.root
-rw-r--r-- 1 fsimpson gridusers 3029666 Apr 24 09:10 PairVLQ_x53x53_tWtW_narrow_RH_M1100_TuneCP5_13TeV-madgraph-pythia8_145nominal.root
-rw-r--r-- 1 fsimpson gridusers 2832740 Apr 24 09:10 PairVLQ_x53x53_tWtW_narrow_RH_M1100_TuneCP5_13TeV-madgraph-pythia8_146nominal.root
-rw-r--r-- 1 fsimpson gridusers 2899752 Apr 24 09:10 PairVLQ_x53x53_tWtW_narrow_RH_M1100_TuneCP5_13TeV-madgraph-pythia8_147nominal.root
-rw-r--r-- 1 fsimpson gridusers 2845425 Apr 24 09:10 PairVLQ_x53x53_tWtW_narrow_RH_M1100_TuneCP5_13TeV-madgraph-pythia8_148nominal.root
-rw-r--r-- 1 fsimpson gridusers 2931833 Apr 24 09:10 PairVLQ_x53x53_tWtW_narrow_RH_M1100_TuneCP5_13TeV-madgraph-pythia8_149nominal.root
-rw-r--r-- 1 fsimpson gridusers 2813567 Apr 24 09:10 PairVLQ_x53x53_tWtW_narrow_RH_M1100_TuneCP5_13TeV-madgraph-pythia8_14nominal.root
-rw-r--r-- 1 fsimpson gridusers 2767805 Apr 24 09:10 PairVLQ_x53x53_tWtW_narrow_RH_M1100_TuneCP5_13TeV-madgraph-pythia8_150nominal.root
-rw-r--r-- 1 fsimpson gridusers 2828487 Apr 24 09:10 PairVLQ_x53x53_tWtW_narrow_RH_M1100_TuneCP5_13TeV-madgraph-pythia8_151nominal.root
-rw-r--r-- 1 fsimpson gridusers 2947778 Apr 24 09:10 PairVLQ_x53x53_tWtW_narrow_RH_M1100_TuneCP5_13TeV-madgraph-pythia8_152nominal.root
-rw-r--r-- 1 fsimpson gridusers 2692984 Apr 24 09:10 PairVLQ_x53x53_tWtW_narrow_RH_M1100_TuneCP5_13TeV-madgraph-pythia8_15nominal.root
>> xrdcp output for condor
hadd Target file: PairVLQ_x53x53_tWtW_narrow_RH_M1100_TuneCP5_13TeV-madgraph-pythia8_2nominal_hadd.root
hadd compression setting for all ouput: 1
hadd Source file 1: PairVLQ_x53x53_tWtW_narrow_RH_M1100_TuneCP5_13TeV-madgraph-pythia8_126nominal.root
hadd Source file 2: PairVLQ_x53x53_tWtW_narrow_RH_M1100_TuneCP5_13TeV-madgraph-pythia8_127nominal.root
hadd Source file 3: PairVLQ_x53x53_tWtW_narrow_RH_M1100_TuneCP5_13TeV-madgraph-pythia8_128nominal.root
hadd Source file 4: PairVLQ_x53x53_tWtW_narrow_RH_M1100_TuneCP5_13TeV-madgraph-pythia8_129nominal.root
hadd Source file 5: PairVLQ_x53x53_tWtW_narrow_RH_M1100_TuneCP5_13TeV-madgraph-pythia8_130nominal.root
hadd Source file 6: PairVLQ_x53x53_tWtW_narrow_RH_M1100_TuneCP5_13TeV-madgraph-pythia8_131nominal.root
hadd Source file 7: PairVLQ_x53x53_tWtW_narrow_RH_M1100_TuneCP5_13TeV-madgraph-pythia8_132nominal.root
hadd Source file 8: PairVLQ_x53x53_tWtW_narrow_RH_M1100_TuneCP5_13TeV-madgraph-pythia8_133nominal.root
hadd Source file 9: PairVLQ_x53x53_tWtW_narrow_RH_M1100_TuneCP5_13TeV-madgraph-pythia8_134nominal.root
hadd Source file 10: PairVLQ_x53x53_tWtW_narrow_RH_M1100_TuneCP5_13TeV-madgraph-pythia8_135nominal.root
hadd Source file 11: PairVLQ_x53x53_tWtW_narrow_RH_M1100_TuneCP5_13TeV-madgraph-pythia8_136nominal.root
hadd Source file 12: PairVLQ_x53x53_tWtW_narrow_RH_M1100_TuneCP5_13TeV-madgraph-pythia8_137nominal.root
hadd Source file 13: PairVLQ_x53x53_tWtW_narrow_RH_M1100_TuneCP5_13TeV-madgraph-pythia8_138nominal.root
hadd Source file 14: PairVLQ_x53x53_tWtW_narrow_RH_M1100_TuneCP5_13TeV-madgraph-pythia8_139nominal.root
hadd Source file 15: PairVLQ_x53x53_tWtW_narrow_RH_M1100_TuneCP5_13TeV-madgraph-pythia8_13nominal.root
hadd Source file 16: PairVLQ_x53x53_tWtW_narrow_RH_M1100_TuneCP5_13TeV-madgraph-pythia8_140nominal.root
hadd Source file 17: PairVLQ_x53x53_tWtW_narrow_RH_M1100_TuneCP5_13TeV-madgraph-pythia8_141nominal.root
hadd Source file 18: PairVLQ_x53x53_tWtW_narrow_RH_M1100_TuneCP5_13TeV-madgraph-pythia8_142nominal.root
hadd Source file 19: PairVLQ_x53x53_tWtW_narrow_RH_M1100_TuneCP5_13TeV-madgraph-pythia8_143nominal.root
hadd Source file 20: PairVLQ_x53x53_tWtW_narrow_RH_M1100_TuneCP5_13TeV-madgraph-pythia8_144nominal.root
hadd Source file 21: PairVLQ_x53x53_tWtW_narrow_RH_M1100_TuneCP5_13TeV-madgraph-pythia8_145nominal.root
hadd Source file 22: PairVLQ_x53x53_tWtW_narrow_RH_M1100_TuneCP5_13TeV-madgraph-pythia8_146nominal.root
hadd Source file 23: PairVLQ_x53x53_tWtW_narrow_RH_M1100_TuneCP5_13TeV-madgraph-pythia8_147nominal.root
hadd Source file 24: PairVLQ_x53x53_tWtW_narrow_RH_M1100_TuneCP5_13TeV-madgraph-pythia8_148nominal.root
hadd Source file 25: PairVLQ_x53x53_tWtW_narrow_RH_M1100_TuneCP5_13TeV-madgraph-pythia8_149nominal.root
hadd Source file 26: PairVLQ_x53x53_tWtW_narrow_RH_M1100_TuneCP5_13TeV-madgraph-pythia8_14nominal.root
hadd Source file 27: PairVLQ_x53x53_tWtW_narrow_RH_M1100_TuneCP5_13TeV-madgraph-pythia8_150nominal.root
hadd Source file 28: PairVLQ_x53x53_tWtW_narrow_RH_M1100_TuneCP5_13TeV-madgraph-pythia8_151nominal.root
hadd Source file 29: PairVLQ_x53x53_tWtW_narrow_RH_M1100_TuneCP5_13TeV-madgraph-pythia8_152nominal.root
hadd Source file 30: PairVLQ_x53x53_tWtW_narrow_RH_M1100_TuneCP5_13TeV-madgraph-pythia8_15nominal.root
hadd Target path: PairVLQ_x53x53_tWtW_narrow_RH_M1100_TuneCP5_13TeV-madgraph-pythia8_2nominal_hadd.root:/
>> mv PairVLQ_x53x53_tWtW_narrow_RH_M1100_TuneCP5_13TeV-madgraph-pythia8_2nominal_hadd.root /isilon/hadoop/store/group/bruxljm/FWLJMET106XUL_singleLep2017UL_RunIISummer20_X53X53_step1/nominal/PairVLQ_x53x53_tWtW_narrow_RH_M1100_TuneCP5_13TeV-madgraph-pythia8/PairVLQ_x53x53_tWtW_narrow_RH_M1100_TuneCP5_13TeV-madgraph-pythia8_2.root
[DONE]
