000 (630083.000.000) 04/24 07:52:00 Job submitted from host: <172.20.3.187:9618?addrs=172.20.3.187-9618&noUDP&sock=2297_2121_3>
...
001 (630083.000.000) 04/24 07:53:13 Job executing on host: <172.20.225.1:9618?addrs=172.20.225.1-9618&noUDP&sock=3382_5963_3>
...
006 (630083.000.000) 04/24 07:53:22 Image size of job updated: 9884
	5  -  MemoryUsage of job (MB)
	4744  -  ResidentSetSize of job (KB)
...
006 (630083.000.000) 04/24 07:58:22 Image size of job updated: 687064
	671  -  MemoryUsage of job (MB)
	686728  -  ResidentSetSize of job (KB)
...
006 (630083.000.000) 04/24 08:03:22 Image size of job updated: 957248
	935  -  MemoryUsage of job (MB)
	957032  -  ResidentSetSize of job (KB)
...
006 (630083.000.000) 04/24 08:08:23 Image size of job updated: 1152304
	1125  -  MemoryUsage of job (MB)
	1151788  -  ResidentSetSize of job (KB)
...
006 (630083.000.000) 04/24 08:13:23 Image size of job updated: 1326736
	1295  -  MemoryUsage of job (MB)
	1325908  -  ResidentSetSize of job (KB)
...
006 (630083.000.000) 04/24 08:18:24 Image size of job updated: 1465104
	1431  -  MemoryUsage of job (MB)
	1464600  -  ResidentSetSize of job (KB)
...
005 (630083.000.000) 04/24 08:21:31 Job terminated.
	(1) Normal termination (return value 0)
		Usr 0 00:26:23, Sys 0 00:00:52  -  Run Remote Usage
		Usr 0 00:00:00, Sys 0 00:00:00  -  Run Local Usage
		Usr 0 00:26:23, Sys 0 00:00:52  -  Total Remote Usage
		Usr 0 00:00:00, Sys 0 00:00:00  -  Total Local Usage
	1715236  -  Run Bytes Sent By Job
	8620734  -  Run Bytes Received By Job
	1715236  -  Total Bytes Sent By Job
	8620734  -  Total Bytes Received By Job
	Partitionable Resources :    Usage  Request Allocated 
	   Cpus                 :        0        1         1 
	   Disk (KB)            :    10650    10000 479786105 
	   Memory (MB)          :     1431     6144      8033 
...
000 (630142.000.000) 04/24 08:39:25 Job submitted from host: <172.20.3.187:9618?addrs=172.20.3.187-9618&noUDP&sock=2297_2121_3>
...
001 (630142.000.000) 04/24 08:44:32 Job executing on host: <172.20.225.6:9618?addrs=172.20.225.6-9618&noUDP&sock=3382_5963_3>
...
006 (630142.000.000) 04/24 08:44:41 Image size of job updated: 10692
	5  -  MemoryUsage of job (MB)
	4852  -  ResidentSetSize of job (KB)
...
006 (630142.000.000) 04/24 08:49:42 Image size of job updated: 704964
	687  -  MemoryUsage of job (MB)
	703480  -  ResidentSetSize of job (KB)
...
006 (630142.000.000) 04/24 08:54:43 Image size of job updated: 978920
	956  -  MemoryUsage of job (MB)
	978440  -  ResidentSetSize of job (KB)
...
006 (630142.000.000) 04/24 08:59:43 Image size of job updated: 1183200
	1154  -  MemoryUsage of job (MB)
	1181580  -  ResidentSetSize of job (KB)
...
006 (630142.000.000) 04/24 09:04:43 Image size of job updated: 1354464
	1323  -  MemoryUsage of job (MB)
	1354304  -  ResidentSetSize of job (KB)
...
006 (630142.000.000) 04/24 09:09:44 Image size of job updated: 1496236
	1461  -  MemoryUsage of job (MB)
	1495960  -  ResidentSetSize of job (KB)
...
006 (630142.000.000) 04/24 09:12:33 Image size of job updated: 1496236
	1461  -  MemoryUsage of job (MB)
	1495968  -  ResidentSetSize of job (KB)
...
005 (630142.000.000) 04/24 09:12:33 Job terminated.
	(1) Normal termination (return value 0)
		Usr 0 00:25:48, Sys 0 00:00:39  -  Run Remote Usage
		Usr 0 00:00:00, Sys 0 00:00:00  -  Run Local Usage
		Usr 0 00:25:48, Sys 0 00:00:39  -  Total Remote Usage
		Usr 0 00:00:00, Sys 0 00:00:00  -  Total Local Usage
	1773541  -  Run Bytes Sent By Job
	8620823  -  Run Bytes Received By Job
	1773541  -  Total Bytes Sent By Job
	8620823  -  Total Bytes Received By Job
	Partitionable Resources :    Usage  Request Allocated 
	   Cpus                 :     0.82        1         1 
	   Disk (KB)            : 10706       10000 479749220 
	   Memory (MB)          :  1461        6144      8033 
...
