/isilon/condor/hep101.hep.brown.edu/execute/dir_110038
>> Setting macroDir to PWD

Processing compile_step1.C...
>> Running on BRUX, PairVLQ_x53x53_tWtW_narrow_RH_M1600_TuneCP5_13TeV-madgraph-pythia8 stored on BRUX
>> Input file path: /isilon/hadoop/store/group/bruxljm/FWLJMET106XUL_singleLep2017UL_RunIISummer20_X53X53/PairVLQ_x53x53_tWtW_narrow_RH_M1600_TuneCP5_13TeV-madgraph-pythia8/singleLep2017UL/230310_182613/0000
>> Running step1 over list: 126 127 128 129 13 130 131 132 133 134 135 136 137 138 139 14 140 141 142 143 144 145 146 147 148 149 15 150 151 152
>> Adding PairVLQ_x53x53_tWtW_narrow_RH_M1600_TuneCP5_13TeV-madgraph-pythia8_126.root to the list by reading PairVLQ_x53x53_tWtW_narrow_RH_M1600_TuneCP5_13TeV-madgraph-pythia8_126
>> Adding PairVLQ_x53x53_tWtW_narrow_RH_M1600_TuneCP5_13TeV-madgraph-pythia8_127.root to the list by reading PairVLQ_x53x53_tWtW_narrow_RH_M1600_TuneCP5_13TeV-madgraph-pythia8_127
>> Adding PairVLQ_x53x53_tWtW_narrow_RH_M1600_TuneCP5_13TeV-madgraph-pythia8_128.root to the list by reading PairVLQ_x53x53_tWtW_narrow_RH_M1600_TuneCP5_13TeV-madgraph-pythia8_128
>> Adding PairVLQ_x53x53_tWtW_narrow_RH_M1600_TuneCP5_13TeV-madgraph-pythia8_129.root to the list by reading PairVLQ_x53x53_tWtW_narrow_RH_M1600_TuneCP5_13TeV-madgraph-pythia8_129
>> Adding PairVLQ_x53x53_tWtW_narrow_RH_M1600_TuneCP5_13TeV-madgraph-pythia8_13.root to the list by reading PairVLQ_x53x53_tWtW_narrow_RH_M1600_TuneCP5_13TeV-madgraph-pythia8_13
>> Adding PairVLQ_x53x53_tWtW_narrow_RH_M1600_TuneCP5_13TeV-madgraph-pythia8_130.root to the list by reading PairVLQ_x53x53_tWtW_narrow_RH_M1600_TuneCP5_13TeV-madgraph-pythia8_130
>> Adding PairVLQ_x53x53_tWtW_narrow_RH_M1600_TuneCP5_13TeV-madgraph-pythia8_131.root to the list by reading PairVLQ_x53x53_tWtW_narrow_RH_M1600_TuneCP5_13TeV-madgraph-pythia8_131
>> Adding PairVLQ_x53x53_tWtW_narrow_RH_M1600_TuneCP5_13TeV-madgraph-pythia8_132.root to the list by reading PairVLQ_x53x53_tWtW_narrow_RH_M1600_TuneCP5_13TeV-madgraph-pythia8_132
>> Adding PairVLQ_x53x53_tWtW_narrow_RH_M1600_TuneCP5_13TeV-madgraph-pythia8_133.root to the list by reading PairVLQ_x53x53_tWtW_narrow_RH_M1600_TuneCP5_13TeV-madgraph-pythia8_133
>> Adding PairVLQ_x53x53_tWtW_narrow_RH_M1600_TuneCP5_13TeV-madgraph-pythia8_134.root to the list by reading PairVLQ_x53x53_tWtW_narrow_RH_M1600_TuneCP5_13TeV-madgraph-pythia8_134
>> Adding PairVLQ_x53x53_tWtW_narrow_RH_M1600_TuneCP5_13TeV-madgraph-pythia8_135.root to the list by reading PairVLQ_x53x53_tWtW_narrow_RH_M1600_TuneCP5_13TeV-madgraph-pythia8_135
>> Adding PairVLQ_x53x53_tWtW_narrow_RH_M1600_TuneCP5_13TeV-madgraph-pythia8_136.root to the list by reading PairVLQ_x53x53_tWtW_narrow_RH_M1600_TuneCP5_13TeV-madgraph-pythia8_136
>> Adding PairVLQ_x53x53_tWtW_narrow_RH_M1600_TuneCP5_13TeV-madgraph-pythia8_137.root to the list by reading PairVLQ_x53x53_tWtW_narrow_RH_M1600_TuneCP5_13TeV-madgraph-pythia8_137
>> Adding PairVLQ_x53x53_tWtW_narrow_RH_M1600_TuneCP5_13TeV-madgraph-pythia8_138.root to the list by reading PairVLQ_x53x53_tWtW_narrow_RH_M1600_TuneCP5_13TeV-madgraph-pythia8_138
>> Adding PairVLQ_x53x53_tWtW_narrow_RH_M1600_TuneCP5_13TeV-madgraph-pythia8_139.root to the list by reading PairVLQ_x53x53_tWtW_narrow_RH_M1600_TuneCP5_13TeV-madgraph-pythia8_139
>> Adding PairVLQ_x53x53_tWtW_narrow_RH_M1600_TuneCP5_13TeV-madgraph-pythia8_14.root to the list by reading PairVLQ_x53x53_tWtW_narrow_RH_M1600_TuneCP5_13TeV-madgraph-pythia8_14
>> Adding PairVLQ_x53x53_tWtW_narrow_RH_M1600_TuneCP5_13TeV-madgraph-pythia8_140.root to the list by reading PairVLQ_x53x53_tWtW_narrow_RH_M1600_TuneCP5_13TeV-madgraph-pythia8_140
>> Adding PairVLQ_x53x53_tWtW_narrow_RH_M1600_TuneCP5_13TeV-madgraph-pythia8_141.root to the list by reading PairVLQ_x53x53_tWtW_narrow_RH_M1600_TuneCP5_13TeV-madgraph-pythia8_141
>> Adding PairVLQ_x53x53_tWtW_narrow_RH_M1600_TuneCP5_13TeV-madgraph-pythia8_142.root to the list by reading PairVLQ_x53x53_tWtW_narrow_RH_M1600_TuneCP5_13TeV-madgraph-pythia8_142
>> Adding PairVLQ_x53x53_tWtW_narrow_RH_M1600_TuneCP5_13TeV-madgraph-pythia8_143.root to the list by reading PairVLQ_x53x53_tWtW_narrow_RH_M1600_TuneCP5_13TeV-madgraph-pythia8_143
>> Adding PairVLQ_x53x53_tWtW_narrow_RH_M1600_TuneCP5_13TeV-madgraph-pythia8_144.root to the list by reading PairVLQ_x53x53_tWtW_narrow_RH_M1600_TuneCP5_13TeV-madgraph-pythia8_144
>> Adding PairVLQ_x53x53_tWtW_narrow_RH_M1600_TuneCP5_13TeV-madgraph-pythia8_145.root to the list by reading PairVLQ_x53x53_tWtW_narrow_RH_M1600_TuneCP5_13TeV-madgraph-pythia8_145
>> Adding PairVLQ_x53x53_tWtW_narrow_RH_M1600_TuneCP5_13TeV-madgraph-pythia8_146.root to the list by reading PairVLQ_x53x53_tWtW_narrow_RH_M1600_TuneCP5_13TeV-madgraph-pythia8_146
>> Adding PairVLQ_x53x53_tWtW_narrow_RH_M1600_TuneCP5_13TeV-madgraph-pythia8_147.root to the list by reading PairVLQ_x53x53_tWtW_narrow_RH_M1600_TuneCP5_13TeV-madgraph-pythia8_147
>> Adding PairVLQ_x53x53_tWtW_narrow_RH_M1600_TuneCP5_13TeV-madgraph-pythia8_148.root to the list by reading PairVLQ_x53x53_tWtW_narrow_RH_M1600_TuneCP5_13TeV-madgraph-pythia8_148
>> Adding PairVLQ_x53x53_tWtW_narrow_RH_M1600_TuneCP5_13TeV-madgraph-pythia8_149.root to the list by reading PairVLQ_x53x53_tWtW_narrow_RH_M1600_TuneCP5_13TeV-madgraph-pythia8_149
>> Adding PairVLQ_x53x53_tWtW_narrow_RH_M1600_TuneCP5_13TeV-madgraph-pythia8_15.root to the list by reading PairVLQ_x53x53_tWtW_narrow_RH_M1600_TuneCP5_13TeV-madgraph-pythia8_15
>> Adding PairVLQ_x53x53_tWtW_narrow_RH_M1600_TuneCP5_13TeV-madgraph-pythia8_150.root to the list by reading PairVLQ_x53x53_tWtW_narrow_RH_M1600_TuneCP5_13TeV-madgraph-pythia8_150
>> Adding PairVLQ_x53x53_tWtW_narrow_RH_M1600_TuneCP5_13TeV-madgraph-pythia8_151.root to the list by reading PairVLQ_x53x53_tWtW_narrow_RH_M1600_TuneCP5_13TeV-madgraph-pythia8_151
>> Adding PairVLQ_x53x53_tWtW_narrow_RH_M1600_TuneCP5_13TeV-madgraph-pythia8_152.root to the list by reading PairVLQ_x53x53_tWtW_narrow_RH_M1600_TuneCP5_13TeV-madgraph-pythia8_152
[OPT] Using deepCSV reshaping file: reshaping_deepCSV_106XUL17_v4.csv
[OPT] Using deepJet reshaping file: reshaping_deepJet_106XUL17_v4.csv

>> Running /isilon/hadoop/store/group/bruxljm/FWLJMET106XUL_singleLep2017UL_RunIISummer20_X53X53/PairVLQ_x53x53_tWtW_narrow_RH_M1600_TuneCP5_13TeV-madgraph-pythia8/singleLep2017UL/230310_182613/0000/PairVLQ_x53x53_tWtW_narrow_RH_M1600_TuneCP5_13TeV-madgraph-pythia8_126.root for shift: nominal
[step1.h] Opening file: /isilon/hadoop/store/group/bruxljm/FWLJMET106XUL_singleLep2017UL_RunIISummer20_X53X53/PairVLQ_x53x53_tWtW_narrow_RH_M1600_TuneCP5_13TeV-madgraph-pythia8/singleLep2017UL/230310_182613/0000/PairVLQ_x53x53_tWtW_narrow_RH_M1600_TuneCP5_13TeV-madgraph-pythia8_126.root
[step1.h] Finished initializing
RUN CONFIG: YEAR = 2017
Era = 
isMC = 1, isSig = 1, SigMass = 9
isHad =0, isSE =0, isSM =0
isTTTT = 0, isXX = 1, isTpTp = 0, isBpBp = 0
For W's: isTT = 0, isSTt = 0, isSTtW = 0
For jets & PDF: isTOP = 0, isMadgraphBkg = 1
For HOTTagger Efficiencies: isTTV = 0, isTTHbb = 0, isTTHnonbb = 0, isTTTX = 0
isTTVV = 0, isST = 0, isTTToSemiLeptonHT500Njet9 = 0
Pileup sample key: PairVLQ_x53x53_tWtW_narrow_RH_M1600_TuneCP5_13TeV-madgraph-pythia8
b-tagging working points: 0.304(DeepJet)0.4506(DeepCSV)
isTTincMtt0to700: 0
isTTincMtt0to1000: 0
isTTincMtt700to1000: 0
isTTincMtt1000toInf: 0
isTTSemilepIncHT0Njet0: 0
isTTSemilepIncHT500Njet9: 0
outTTLF: 0
outTTCC: 0
outTTBB: 0
outTT1B: 0
outTT2B: 0
>> Completed 0 out of 1060 events
[INFO] Defaulting to central deepJet weight for: nominal
>> Completed 1000 out of 1060 events
Nelectrons      = 485 / 1060
Npassed_ElEta   = 485 / 1060
Nmuons          = 575 / 1060
NrelIsoFail     = 0 / 1060
Npassed_MuEta   = 575 / 1060
Npassed_nAK8Jets= 1060 / 1060
Npassed_Trigger = 1012 / 1060
Npassed_MET     = 989 / 1060
Npassed_lepPt   = 995 / 1060
Npassed_HT      = 1059 / 1060
npass_Njets     = 1053 / 1060
Npassed_ALL     = 921 / 1060

>> Running /isilon/hadoop/store/group/bruxljm/FWLJMET106XUL_singleLep2017UL_RunIISummer20_X53X53/PairVLQ_x53x53_tWtW_narrow_RH_M1600_TuneCP5_13TeV-madgraph-pythia8/singleLep2017UL/230310_182613/0000/PairVLQ_x53x53_tWtW_narrow_RH_M1600_TuneCP5_13TeV-madgraph-pythia8_127.root for shift: nominal
[step1.h] Opening file: /isilon/hadoop/store/group/bruxljm/FWLJMET106XUL_singleLep2017UL_RunIISummer20_X53X53/PairVLQ_x53x53_tWtW_narrow_RH_M1600_TuneCP5_13TeV-madgraph-pythia8/singleLep2017UL/230310_182613/0000/PairVLQ_x53x53_tWtW_narrow_RH_M1600_TuneCP5_13TeV-madgraph-pythia8_127.root
[step1.h] Finished initializing
RUN CONFIG: YEAR = 2017
Era = 
isMC = 1, isSig = 1, SigMass = 9
isHad =0, isSE =0, isSM =0
isTTTT = 0, isXX = 1, isTpTp = 0, isBpBp = 0
For W's: isTT = 0, isSTt = 0, isSTtW = 0
For jets & PDF: isTOP = 0, isMadgraphBkg = 1
For HOTTagger Efficiencies: isTTV = 0, isTTHbb = 0, isTTHnonbb = 0, isTTTX = 0
isTTVV = 0, isST = 0, isTTToSemiLeptonHT500Njet9 = 0
Pileup sample key: PairVLQ_x53x53_tWtW_narrow_RH_M1600_TuneCP5_13TeV-madgraph-pythia8
b-tagging working points: 0.304(DeepJet)0.4506(DeepCSV)
isTTincMtt0to700: 0
isTTincMtt0to1000: 0
isTTincMtt700to1000: 0
isTTincMtt1000toInf: 0
isTTSemilepIncHT0Njet0: 0
isTTSemilepIncHT500Njet9: 0
outTTLF: 0
outTTCC: 0
outTTBB: 0
outTT1B: 0
outTT2B: 0
>> Completed 0 out of 1037 events
[INFO] Defaulting to central deepJet weight for: nominal
>> Completed 1000 out of 1037 events
Nelectrons      = 497 / 1037
Npassed_ElEta   = 497 / 1037
Nmuons          = 540 / 1037
NrelIsoFail     = 0 / 1037
Npassed_MuEta   = 540 / 1037
Npassed_nAK8Jets= 1037 / 1037
Npassed_Trigger = 1002 / 1037
Npassed_MET     = 938 / 1037
Npassed_lepPt   = 962 / 1037
Npassed_HT      = 1036 / 1037
npass_Njets     = 1033 / 1037
Npassed_ALL     = 862 / 1037

>> Running /isilon/hadoop/store/group/bruxljm/FWLJMET106XUL_singleLep2017UL_RunIISummer20_X53X53/PairVLQ_x53x53_tWtW_narrow_RH_M1600_TuneCP5_13TeV-madgraph-pythia8/singleLep2017UL/230310_182613/0000/PairVLQ_x53x53_tWtW_narrow_RH_M1600_TuneCP5_13TeV-madgraph-pythia8_128.root for shift: nominal
[step1.h] Opening file: /isilon/hadoop/store/group/bruxljm/FWLJMET106XUL_singleLep2017UL_RunIISummer20_X53X53/PairVLQ_x53x53_tWtW_narrow_RH_M1600_TuneCP5_13TeV-madgraph-pythia8/singleLep2017UL/230310_182613/0000/PairVLQ_x53x53_tWtW_narrow_RH_M1600_TuneCP5_13TeV-madgraph-pythia8_128.root
[step1.h] Finished initializing
RUN CONFIG: YEAR = 2017
Era = 
isMC = 1, isSig = 1, SigMass = 9
isHad =0, isSE =0, isSM =0
isTTTT = 0, isXX = 1, isTpTp = 0, isBpBp = 0
For W's: isTT = 0, isSTt = 0, isSTtW = 0
For jets & PDF: isTOP = 0, isMadgraphBkg = 1
For HOTTagger Efficiencies: isTTV = 0, isTTHbb = 0, isTTHnonbb = 0, isTTTX = 0
isTTVV = 0, isST = 0, isTTToSemiLeptonHT500Njet9 = 0
Pileup sample key: PairVLQ_x53x53_tWtW_narrow_RH_M1600_TuneCP5_13TeV-madgraph-pythia8
b-tagging working points: 0.304(DeepJet)0.4506(DeepCSV)
isTTincMtt0to700: 0
isTTincMtt0to1000: 0
isTTincMtt700to1000: 0
isTTincMtt1000toInf: 0
isTTSemilepIncHT0Njet0: 0
isTTSemilepIncHT500Njet9: 0
outTTLF: 0
outTTCC: 0
outTTBB: 0
outTT1B: 0
outTT2B: 0
>> Completed 0 out of 1040 events
[INFO] Defaulting to central deepJet weight for: nominal
>> Completed 1000 out of 1040 events
Nelectrons      = 473 / 1040
Npassed_ElEta   = 473 / 1040
Nmuons          = 567 / 1040
NrelIsoFail     = 0 / 1040
Npassed_MuEta   = 567 / 1040
Npassed_nAK8Jets= 1040 / 1040
Npassed_Trigger = 1000 / 1040
Npassed_MET     = 942 / 1040
Npassed_lepPt   = 970 / 1040
Npassed_HT      = 1038 / 1040
npass_Njets     = 1036 / 1040
Npassed_ALL     = 872 / 1040

>> Running /isilon/hadoop/store/group/bruxljm/FWLJMET106XUL_singleLep2017UL_RunIISummer20_X53X53/PairVLQ_x53x53_tWtW_narrow_RH_M1600_TuneCP5_13TeV-madgraph-pythia8/singleLep2017UL/230310_182613/0000/PairVLQ_x53x53_tWtW_narrow_RH_M1600_TuneCP5_13TeV-madgraph-pythia8_129.root for shift: nominal
[step1.h] Opening file: /isilon/hadoop/store/group/bruxljm/FWLJMET106XUL_singleLep2017UL_RunIISummer20_X53X53/PairVLQ_x53x53_tWtW_narrow_RH_M1600_TuneCP5_13TeV-madgraph-pythia8/singleLep2017UL/230310_182613/0000/PairVLQ_x53x53_tWtW_narrow_RH_M1600_TuneCP5_13TeV-madgraph-pythia8_129.root
[step1.h] Finished initializing
RUN CONFIG: YEAR = 2017
Era = 
isMC = 1, isSig = 1, SigMass = 9
isHad =0, isSE =0, isSM =0
isTTTT = 0, isXX = 1, isTpTp = 0, isBpBp = 0
For W's: isTT = 0, isSTt = 0, isSTtW = 0
For jets & PDF: isTOP = 0, isMadgraphBkg = 1
For HOTTagger Efficiencies: isTTV = 0, isTTHbb = 0, isTTHnonbb = 0, isTTTX = 0
isTTVV = 0, isST = 0, isTTToSemiLeptonHT500Njet9 = 0
Pileup sample key: PairVLQ_x53x53_tWtW_narrow_RH_M1600_TuneCP5_13TeV-madgraph-pythia8
b-tagging working points: 0.304(DeepJet)0.4506(DeepCSV)
isTTincMtt0to700: 0
isTTincMtt0to1000: 0
isTTincMtt700to1000: 0
isTTincMtt1000toInf: 0
isTTSemilepIncHT0Njet0: 0
isTTSemilepIncHT500Njet9: 0
outTTLF: 0
outTTCC: 0
outTTBB: 0
outTT1B: 0
outTT2B: 0
>> Completed 0 out of 1028 events
[INFO] Defaulting to central deepJet weight for: nominal
>> Completed 1000 out of 1028 events
Nelectrons      = 456 / 1028
Npassed_ElEta   = 456 / 1028
Nmuons          = 572 / 1028
NrelIsoFail     = 0 / 1028
Npassed_MuEta   = 572 / 1028
Npassed_nAK8Jets= 1028 / 1028
Npassed_Trigger = 997 / 1028
Npassed_MET     = 942 / 1028
Npassed_lepPt   = 968 / 1028
Npassed_HT      = 1027 / 1028
npass_Njets     = 1023 / 1028
Npassed_ALL     = 880 / 1028

>> Running /isilon/hadoop/store/group/bruxljm/FWLJMET106XUL_singleLep2017UL_RunIISummer20_X53X53/PairVLQ_x53x53_tWtW_narrow_RH_M1600_TuneCP5_13TeV-madgraph-pythia8/singleLep2017UL/230310_182613/0000/PairVLQ_x53x53_tWtW_narrow_RH_M1600_TuneCP5_13TeV-madgraph-pythia8_13.root for shift: nominal
[step1.h] Opening file: /isilon/hadoop/store/group/bruxljm/FWLJMET106XUL_singleLep2017UL_RunIISummer20_X53X53/PairVLQ_x53x53_tWtW_narrow_RH_M1600_TuneCP5_13TeV-madgraph-pythia8/singleLep2017UL/230310_182613/0000/PairVLQ_x53x53_tWtW_narrow_RH_M1600_TuneCP5_13TeV-madgraph-pythia8_13.root
[step1.h] Finished initializing
RUN CONFIG: YEAR = 2017
Era = 
isMC = 1, isSig = 1, SigMass = 9
isHad =0, isSE =0, isSM =0
isTTTT = 0, isXX = 1, isTpTp = 0, isBpBp = 0
For W's: isTT = 0, isSTt = 0, isSTtW = 0
For jets & PDF: isTOP = 0, isMadgraphBkg = 1
For HOTTagger Efficiencies: isTTV = 0, isTTHbb = 0, isTTHnonbb = 0, isTTTX = 0
isTTVV = 0, isST = 0, isTTToSemiLeptonHT500Njet9 = 0
Pileup sample key: PairVLQ_x53x53_tWtW_narrow_RH_M1600_TuneCP5_13TeV-madgraph-pythia8
b-tagging working points: 0.304(DeepJet)0.4506(DeepCSV)
isTTincMtt0to700: 0
isTTincMtt0to1000: 0
isTTincMtt700to1000: 0
isTTincMtt1000toInf: 0
isTTSemilepIncHT0Njet0: 0
isTTSemilepIncHT500Njet9: 0
outTTLF: 0
outTTCC: 0
outTTBB: 0
outTT1B: 0
outTT2B: 0
>> Completed 0 out of 1045 events
[INFO] Defaulting to central deepJet weight for: nominal
>> Completed 1000 out of 1045 events
Nelectrons      = 492 / 1045
Npassed_ElEta   = 492 / 1045
Nmuons          = 553 / 1045
NrelIsoFail     = 0 / 1045
Npassed_MuEta   = 553 / 1045
Npassed_nAK8Jets= 1045 / 1045
Npassed_Trigger = 1012 / 1045
Npassed_MET     = 966 / 1045
Npassed_lepPt   = 976 / 1045
Npassed_HT      = 1045 / 1045
npass_Njets     = 1042 / 1045
Npassed_ALL     = 898 / 1045

>> Running /isilon/hadoop/store/group/bruxljm/FWLJMET106XUL_singleLep2017UL_RunIISummer20_X53X53/PairVLQ_x53x53_tWtW_narrow_RH_M1600_TuneCP5_13TeV-madgraph-pythia8/singleLep2017UL/230310_182613/0000/PairVLQ_x53x53_tWtW_narrow_RH_M1600_TuneCP5_13TeV-madgraph-pythia8_130.root for shift: nominal
[step1.h] Opening file: /isilon/hadoop/store/group/bruxljm/FWLJMET106XUL_singleLep2017UL_RunIISummer20_X53X53/PairVLQ_x53x53_tWtW_narrow_RH_M1600_TuneCP5_13TeV-madgraph-pythia8/singleLep2017UL/230310_182613/0000/PairVLQ_x53x53_tWtW_narrow_RH_M1600_TuneCP5_13TeV-madgraph-pythia8_130.root
[step1.h] Finished initializing
RUN CONFIG: YEAR = 2017
Era = 
isMC = 1, isSig = 1, SigMass = 9
isHad =0, isSE =0, isSM =0
isTTTT = 0, isXX = 1, isTpTp = 0, isBpBp = 0
For W's: isTT = 0, isSTt = 0, isSTtW = 0
For jets & PDF: isTOP = 0, isMadgraphBkg = 1
For HOTTagger Efficiencies: isTTV = 0, isTTHbb = 0, isTTHnonbb = 0, isTTTX = 0
isTTVV = 0, isST = 0, isTTToSemiLeptonHT500Njet9 = 0
Pileup sample key: PairVLQ_x53x53_tWtW_narrow_RH_M1600_TuneCP5_13TeV-madgraph-pythia8
b-tagging working points: 0.304(DeepJet)0.4506(DeepCSV)
isTTincMtt0to700: 0
isTTincMtt0to1000: 0
isTTincMtt700to1000: 0
isTTincMtt1000toInf: 0
isTTSemilepIncHT0Njet0: 0
isTTSemilepIncHT500Njet9: 0
outTTLF: 0
outTTCC: 0
outTTBB: 0
outTT1B: 0
outTT2B: 0
>> Completed 0 out of 1060 events
[INFO] Defaulting to central deepJet weight for: nominal
>> Completed 1000 out of 1060 events
Nelectrons      = 493 / 1060
Npassed_ElEta   = 493 / 1060
Nmuons          = 567 / 1060
NrelIsoFail     = 0 / 1060
Npassed_MuEta   = 567 / 1060
Npassed_nAK8Jets= 1060 / 1060
Npassed_Trigger = 1029 / 1060
Npassed_MET     = 969 / 1060
Npassed_lepPt   = 972 / 1060
Npassed_HT      = 1059 / 1060
npass_Njets     = 1056 / 1060
Npassed_ALL     = 880 / 1060

>> Running /isilon/hadoop/store/group/bruxljm/FWLJMET106XUL_singleLep2017UL_RunIISummer20_X53X53/PairVLQ_x53x53_tWtW_narrow_RH_M1600_TuneCP5_13TeV-madgraph-pythia8/singleLep2017UL/230310_182613/0000/PairVLQ_x53x53_tWtW_narrow_RH_M1600_TuneCP5_13TeV-madgraph-pythia8_131.root for shift: nominal
[step1.h] Opening file: /isilon/hadoop/store/group/bruxljm/FWLJMET106XUL_singleLep2017UL_RunIISummer20_X53X53/PairVLQ_x53x53_tWtW_narrow_RH_M1600_TuneCP5_13TeV-madgraph-pythia8/singleLep2017UL/230310_182613/0000/PairVLQ_x53x53_tWtW_narrow_RH_M1600_TuneCP5_13TeV-madgraph-pythia8_131.root
[step1.h] Finished initializing
RUN CONFIG: YEAR = 2017
Era = 
isMC = 1, isSig = 1, SigMass = 9
isHad =0, isSE =0, isSM =0
isTTTT = 0, isXX = 1, isTpTp = 0, isBpBp = 0
For W's: isTT = 0, isSTt = 0, isSTtW = 0
For jets & PDF: isTOP = 0, isMadgraphBkg = 1
For HOTTagger Efficiencies: isTTV = 0, isTTHbb = 0, isTTHnonbb = 0, isTTTX = 0
isTTVV = 0, isST = 0, isTTToSemiLeptonHT500Njet9 = 0
Pileup sample key: PairVLQ_x53x53_tWtW_narrow_RH_M1600_TuneCP5_13TeV-madgraph-pythia8
b-tagging working points: 0.304(DeepJet)0.4506(DeepCSV)
isTTincMtt0to700: 0
isTTincMtt0to1000: 0
isTTincMtt700to1000: 0
isTTincMtt1000toInf: 0
isTTSemilepIncHT0Njet0: 0
isTTSemilepIncHT500Njet9: 0
outTTLF: 0
outTTCC: 0
outTTBB: 0
outTT1B: 0
outTT2B: 0
>> Completed 0 out of 1023 events
[INFO] Defaulting to central deepJet weight for: nominal
>> Completed 1000 out of 1023 events
Nelectrons      = 484 / 1023
Npassed_ElEta   = 484 / 1023
Nmuons          = 539 / 1023
NrelIsoFail     = 0 / 1023
Npassed_MuEta   = 539 / 1023
Npassed_nAK8Jets= 1023 / 1023
Npassed_Trigger = 1001 / 1023
Npassed_MET     = 929 / 1023
Npassed_lepPt   = 963 / 1023
Npassed_HT      = 1023 / 1023
npass_Njets     = 1018 / 1023
Npassed_ALL     = 873 / 1023

>> Running /isilon/hadoop/store/group/bruxljm/FWLJMET106XUL_singleLep2017UL_RunIISummer20_X53X53/PairVLQ_x53x53_tWtW_narrow_RH_M1600_TuneCP5_13TeV-madgraph-pythia8/singleLep2017UL/230310_182613/0000/PairVLQ_x53x53_tWtW_narrow_RH_M1600_TuneCP5_13TeV-madgraph-pythia8_132.root for shift: nominal
[step1.h] Opening file: /isilon/hadoop/store/group/bruxljm/FWLJMET106XUL_singleLep2017UL_RunIISummer20_X53X53/PairVLQ_x53x53_tWtW_narrow_RH_M1600_TuneCP5_13TeV-madgraph-pythia8/singleLep2017UL/230310_182613/0000/PairVLQ_x53x53_tWtW_narrow_RH_M1600_TuneCP5_13TeV-madgraph-pythia8_132.root
[step1.h] Finished initializing
RUN CONFIG: YEAR = 2017
Era = 
isMC = 1, isSig = 1, SigMass = 9
isHad =0, isSE =0, isSM =0
isTTTT = 0, isXX = 1, isTpTp = 0, isBpBp = 0
For W's: isTT = 0, isSTt = 0, isSTtW = 0
For jets & PDF: isTOP = 0, isMadgraphBkg = 1
For HOTTagger Efficiencies: isTTV = 0, isTTHbb = 0, isTTHnonbb = 0, isTTTX = 0
isTTVV = 0, isST = 0, isTTToSemiLeptonHT500Njet9 = 0
Pileup sample key: PairVLQ_x53x53_tWtW_narrow_RH_M1600_TuneCP5_13TeV-madgraph-pythia8
b-tagging working points: 0.304(DeepJet)0.4506(DeepCSV)
isTTincMtt0to700: 0
isTTincMtt0to1000: 0
isTTincMtt700to1000: 0
isTTincMtt1000toInf: 0
isTTSemilepIncHT0Njet0: 0
isTTSemilepIncHT500Njet9: 0
outTTLF: 0
outTTCC: 0
outTTBB: 0
outTT1B: 0
outTT2B: 0
>> Completed 0 out of 1046 events
[INFO] Defaulting to central deepJet weight for: nominal
>> Completed 1000 out of 1046 events
Nelectrons      = 497 / 1046
Npassed_ElEta   = 497 / 1046
Nmuons          = 549 / 1046
NrelIsoFail     = 0 / 1046
Npassed_MuEta   = 549 / 1046
Npassed_nAK8Jets= 1046 / 1046
Npassed_Trigger = 1008 / 1046
Npassed_MET     = 952 / 1046
Npassed_lepPt   = 981 / 1046
Npassed_HT      = 1046 / 1046
npass_Njets     = 1039 / 1046
Npassed_ALL     = 892 / 1046

>> Running /isilon/hadoop/store/group/bruxljm/FWLJMET106XUL_singleLep2017UL_RunIISummer20_X53X53/PairVLQ_x53x53_tWtW_narrow_RH_M1600_TuneCP5_13TeV-madgraph-pythia8/singleLep2017UL/230310_182613/0000/PairVLQ_x53x53_tWtW_narrow_RH_M1600_TuneCP5_13TeV-madgraph-pythia8_133.root for shift: nominal
[step1.h] Opening file: /isilon/hadoop/store/group/bruxljm/FWLJMET106XUL_singleLep2017UL_RunIISummer20_X53X53/PairVLQ_x53x53_tWtW_narrow_RH_M1600_TuneCP5_13TeV-madgraph-pythia8/singleLep2017UL/230310_182613/0000/PairVLQ_x53x53_tWtW_narrow_RH_M1600_TuneCP5_13TeV-madgraph-pythia8_133.root
[step1.h] Finished initializing
RUN CONFIG: YEAR = 2017
Era = 
isMC = 1, isSig = 1, SigMass = 9
isHad =0, isSE =0, isSM =0
isTTTT = 0, isXX = 1, isTpTp = 0, isBpBp = 0
For W's: isTT = 0, isSTt = 0, isSTtW = 0
For jets & PDF: isTOP = 0, isMadgraphBkg = 1
For HOTTagger Efficiencies: isTTV = 0, isTTHbb = 0, isTTHnonbb = 0, isTTTX = 0
isTTVV = 0, isST = 0, isTTToSemiLeptonHT500Njet9 = 0
Pileup sample key: PairVLQ_x53x53_tWtW_narrow_RH_M1600_TuneCP5_13TeV-madgraph-pythia8
b-tagging working points: 0.304(DeepJet)0.4506(DeepCSV)
isTTincMtt0to700: 0
isTTincMtt0to1000: 0
isTTincMtt700to1000: 0
isTTincMtt1000toInf: 0
isTTSemilepIncHT0Njet0: 0
isTTSemilepIncHT500Njet9: 0
outTTLF: 0
outTTCC: 0
outTTBB: 0
outTT1B: 0
outTT2B: 0
>> Completed 0 out of 1024 events
[INFO] Defaulting to central deepJet weight for: nominal
>> Completed 1000 out of 1024 events
Nelectrons      = 453 / 1024
Npassed_ElEta   = 453 / 1024
Nmuons          = 571 / 1024
NrelIsoFail     = 0 / 1024
Npassed_MuEta   = 571 / 1024
Npassed_nAK8Jets= 1024 / 1024
Npassed_Trigger = 986 / 1024
Npassed_MET     = 933 / 1024
Npassed_lepPt   = 947 / 1024
Npassed_HT      = 1023 / 1024
npass_Njets     = 1021 / 1024
Npassed_ALL     = 859 / 1024

>> Running /isilon/hadoop/store/group/bruxljm/FWLJMET106XUL_singleLep2017UL_RunIISummer20_X53X53/PairVLQ_x53x53_tWtW_narrow_RH_M1600_TuneCP5_13TeV-madgraph-pythia8/singleLep2017UL/230310_182613/0000/PairVLQ_x53x53_tWtW_narrow_RH_M1600_TuneCP5_13TeV-madgraph-pythia8_134.root for shift: nominal
[step1.h] Opening file: /isilon/hadoop/store/group/bruxljm/FWLJMET106XUL_singleLep2017UL_RunIISummer20_X53X53/PairVLQ_x53x53_tWtW_narrow_RH_M1600_TuneCP5_13TeV-madgraph-pythia8/singleLep2017UL/230310_182613/0000/PairVLQ_x53x53_tWtW_narrow_RH_M1600_TuneCP5_13TeV-madgraph-pythia8_134.root
[step1.h] Finished initializing
RUN CONFIG: YEAR = 2017
Era = 
isMC = 1, isSig = 1, SigMass = 9
isHad =0, isSE =0, isSM =0
isTTTT = 0, isXX = 1, isTpTp = 0, isBpBp = 0
For W's: isTT = 0, isSTt = 0, isSTtW = 0
For jets & PDF: isTOP = 0, isMadgraphBkg = 1
For HOTTagger Efficiencies: isTTV = 0, isTTHbb = 0, isTTHnonbb = 0, isTTTX = 0
isTTVV = 0, isST = 0, isTTToSemiLeptonHT500Njet9 = 0
Pileup sample key: PairVLQ_x53x53_tWtW_narrow_RH_M1600_TuneCP5_13TeV-madgraph-pythia8
b-tagging working points: 0.304(DeepJet)0.4506(DeepCSV)
isTTincMtt0to700: 0
isTTincMtt0to1000: 0
isTTincMtt700to1000: 0
isTTincMtt1000toInf: 0
isTTSemilepIncHT0Njet0: 0
isTTSemilepIncHT500Njet9: 0
outTTLF: 0
outTTCC: 0
outTTBB: 0
outTT1B: 0
outTT2B: 0
>> Completed 0 out of 1023 events
[INFO] Defaulting to central deepJet weight for: nominal
>> Completed 1000 out of 1023 events
Nelectrons      = 498 / 1023
Npassed_ElEta   = 498 / 1023
Nmuons          = 525 / 1023
NrelIsoFail     = 0 / 1023
Npassed_MuEta   = 525 / 1023
Npassed_nAK8Jets= 1023 / 1023
Npassed_Trigger = 982 / 1023
Npassed_MET     = 937 / 1023
Npassed_lepPt   = 954 / 1023
Npassed_HT      = 1023 / 1023
npass_Njets     = 1018 / 1023
Npassed_ALL     = 870 / 1023

>> Running /isilon/hadoop/store/group/bruxljm/FWLJMET106XUL_singleLep2017UL_RunIISummer20_X53X53/PairVLQ_x53x53_tWtW_narrow_RH_M1600_TuneCP5_13TeV-madgraph-pythia8/singleLep2017UL/230310_182613/0000/PairVLQ_x53x53_tWtW_narrow_RH_M1600_TuneCP5_13TeV-madgraph-pythia8_135.root for shift: nominal
[step1.h] Opening file: /isilon/hadoop/store/group/bruxljm/FWLJMET106XUL_singleLep2017UL_RunIISummer20_X53X53/PairVLQ_x53x53_tWtW_narrow_RH_M1600_TuneCP5_13TeV-madgraph-pythia8/singleLep2017UL/230310_182613/0000/PairVLQ_x53x53_tWtW_narrow_RH_M1600_TuneCP5_13TeV-madgraph-pythia8_135.root
[step1.h] Finished initializing
RUN CONFIG: YEAR = 2017
Era = 
isMC = 1, isSig = 1, SigMass = 9
isHad =0, isSE =0, isSM =0
isTTTT = 0, isXX = 1, isTpTp = 0, isBpBp = 0
For W's: isTT = 0, isSTt = 0, isSTtW = 0
For jets & PDF: isTOP = 0, isMadgraphBkg = 1
For HOTTagger Efficiencies: isTTV = 0, isTTHbb = 0, isTTHnonbb = 0, isTTTX = 0
isTTVV = 0, isST = 0, isTTToSemiLeptonHT500Njet9 = 0
Pileup sample key: PairVLQ_x53x53_tWtW_narrow_RH_M1600_TuneCP5_13TeV-madgraph-pythia8
b-tagging working points: 0.304(DeepJet)0.4506(DeepCSV)
isTTincMtt0to700: 0
isTTincMtt0to1000: 0
isTTincMtt700to1000: 0
isTTincMtt1000toInf: 0
isTTSemilepIncHT0Njet0: 0
isTTSemilepIncHT500Njet9: 0
outTTLF: 0
outTTCC: 0
outTTBB: 0
outTT1B: 0
outTT2B: 0
>> Completed 0 out of 1015 events
[INFO] Defaulting to central deepJet weight for: nominal
>> Completed 1000 out of 1015 events
Nelectrons      = 463 / 1015
Npassed_ElEta   = 463 / 1015
Nmuons          = 552 / 1015
NrelIsoFail     = 0 / 1015
Npassed_MuEta   = 552 / 1015
Npassed_nAK8Jets= 1015 / 1015
Npassed_Trigger = 988 / 1015
Npassed_MET     = 924 / 1015
Npassed_lepPt   = 946 / 1015
Npassed_HT      = 1013 / 1015
npass_Njets     = 1013 / 1015
Npassed_ALL     = 860 / 1015

>> Running /isilon/hadoop/store/group/bruxljm/FWLJMET106XUL_singleLep2017UL_RunIISummer20_X53X53/PairVLQ_x53x53_tWtW_narrow_RH_M1600_TuneCP5_13TeV-madgraph-pythia8/singleLep2017UL/230310_182613/0000/PairVLQ_x53x53_tWtW_narrow_RH_M1600_TuneCP5_13TeV-madgraph-pythia8_136.root for shift: nominal
[step1.h] Opening file: /isilon/hadoop/store/group/bruxljm/FWLJMET106XUL_singleLep2017UL_RunIISummer20_X53X53/PairVLQ_x53x53_tWtW_narrow_RH_M1600_TuneCP5_13TeV-madgraph-pythia8/singleLep2017UL/230310_182613/0000/PairVLQ_x53x53_tWtW_narrow_RH_M1600_TuneCP5_13TeV-madgraph-pythia8_136.root
[step1.h] Finished initializing
RUN CONFIG: YEAR = 2017
Era = 
isMC = 1, isSig = 1, SigMass = 9
isHad =0, isSE =0, isSM =0
isTTTT = 0, isXX = 1, isTpTp = 0, isBpBp = 0
For W's: isTT = 0, isSTt = 0, isSTtW = 0
For jets & PDF: isTOP = 0, isMadgraphBkg = 1
For HOTTagger Efficiencies: isTTV = 0, isTTHbb = 0, isTTHnonbb = 0, isTTTX = 0
isTTVV = 0, isST = 0, isTTToSemiLeptonHT500Njet9 = 0
Pileup sample key: PairVLQ_x53x53_tWtW_narrow_RH_M1600_TuneCP5_13TeV-madgraph-pythia8
b-tagging working points: 0.304(DeepJet)0.4506(DeepCSV)
isTTincMtt0to700: 0
isTTincMtt0to1000: 0
isTTincMtt700to1000: 0
isTTincMtt1000toInf: 0
isTTSemilepIncHT0Njet0: 0
isTTSemilepIncHT500Njet9: 0
outTTLF: 0
outTTCC: 0
outTTBB: 0
outTT1B: 0
outTT2B: 0
>> Completed 0 out of 1072 events
[INFO] Defaulting to central deepJet weight for: nominal
>> Completed 1000 out of 1072 events
Nelectrons      = 510 / 1072
Npassed_ElEta   = 510 / 1072
Nmuons          = 562 / 1072
NrelIsoFail     = 0 / 1072
Npassed_MuEta   = 562 / 1072
Npassed_nAK8Jets= 1072 / 1072
Npassed_Trigger = 1026 / 1072
Npassed_MET     = 989 / 1072
Npassed_lepPt   = 994 / 1072
Npassed_HT      = 1072 / 1072
npass_Njets     = 1071 / 1072
Npassed_ALL     = 915 / 1072

>> Running /isilon/hadoop/store/group/bruxljm/FWLJMET106XUL_singleLep2017UL_RunIISummer20_X53X53/PairVLQ_x53x53_tWtW_narrow_RH_M1600_TuneCP5_13TeV-madgraph-pythia8/singleLep2017UL/230310_182613/0000/PairVLQ_x53x53_tWtW_narrow_RH_M1600_TuneCP5_13TeV-madgraph-pythia8_137.root for shift: nominal
[step1.h] Opening file: /isilon/hadoop/store/group/bruxljm/FWLJMET106XUL_singleLep2017UL_RunIISummer20_X53X53/PairVLQ_x53x53_tWtW_narrow_RH_M1600_TuneCP5_13TeV-madgraph-pythia8/singleLep2017UL/230310_182613/0000/PairVLQ_x53x53_tWtW_narrow_RH_M1600_TuneCP5_13TeV-madgraph-pythia8_137.root
[step1.h] Finished initializing
RUN CONFIG: YEAR = 2017
Era = 
isMC = 1, isSig = 1, SigMass = 9
isHad =0, isSE =0, isSM =0
isTTTT = 0, isXX = 1, isTpTp = 0, isBpBp = 0
For W's: isTT = 0, isSTt = 0, isSTtW = 0
For jets & PDF: isTOP = 0, isMadgraphBkg = 1
For HOTTagger Efficiencies: isTTV = 0, isTTHbb = 0, isTTHnonbb = 0, isTTTX = 0
isTTVV = 0, isST = 0, isTTToSemiLeptonHT500Njet9 = 0
Pileup sample key: PairVLQ_x53x53_tWtW_narrow_RH_M1600_TuneCP5_13TeV-madgraph-pythia8
b-tagging working points: 0.304(DeepJet)0.4506(DeepCSV)
isTTincMtt0to700: 0
isTTincMtt0to1000: 0
isTTincMtt700to1000: 0
isTTincMtt1000toInf: 0
isTTSemilepIncHT0Njet0: 0
isTTSemilepIncHT500Njet9: 0
outTTLF: 0
outTTCC: 0
outTTBB: 0
outTT1B: 0
outTT2B: 0
>> Completed 0 out of 1012 events
[INFO] Defaulting to central deepJet weight for: nominal
>> Completed 1000 out of 1012 events
Nelectrons      = 472 / 1012
Npassed_ElEta   = 472 / 1012
Nmuons          = 540 / 1012
NrelIsoFail     = 0 / 1012
Npassed_MuEta   = 540 / 1012
Npassed_nAK8Jets= 1012 / 1012
Npassed_Trigger = 972 / 1012
Npassed_MET     = 925 / 1012
Npassed_lepPt   = 955 / 1012
Npassed_HT      = 1012 / 1012
npass_Njets     = 1007 / 1012
Npassed_ALL     = 868 / 1012

>> Running /isilon/hadoop/store/group/bruxljm/FWLJMET106XUL_singleLep2017UL_RunIISummer20_X53X53/PairVLQ_x53x53_tWtW_narrow_RH_M1600_TuneCP5_13TeV-madgraph-pythia8/singleLep2017UL/230310_182613/0000/PairVLQ_x53x53_tWtW_narrow_RH_M1600_TuneCP5_13TeV-madgraph-pythia8_138.root for shift: nominal
[step1.h] Opening file: /isilon/hadoop/store/group/bruxljm/FWLJMET106XUL_singleLep2017UL_RunIISummer20_X53X53/PairVLQ_x53x53_tWtW_narrow_RH_M1600_TuneCP5_13TeV-madgraph-pythia8/singleLep2017UL/230310_182613/0000/PairVLQ_x53x53_tWtW_narrow_RH_M1600_TuneCP5_13TeV-madgraph-pythia8_138.root
[step1.h] Finished initializing
RUN CONFIG: YEAR = 2017
Era = 
isMC = 1, isSig = 1, SigMass = 9
isHad =0, isSE =0, isSM =0
isTTTT = 0, isXX = 1, isTpTp = 0, isBpBp = 0
For W's: isTT = 0, isSTt = 0, isSTtW = 0
For jets & PDF: isTOP = 0, isMadgraphBkg = 1
For HOTTagger Efficiencies: isTTV = 0, isTTHbb = 0, isTTHnonbb = 0, isTTTX = 0
isTTVV = 0, isST = 0, isTTToSemiLeptonHT500Njet9 = 0
Pileup sample key: PairVLQ_x53x53_tWtW_narrow_RH_M1600_TuneCP5_13TeV-madgraph-pythia8
b-tagging working points: 0.304(DeepJet)0.4506(DeepCSV)
isTTincMtt0to700: 0
isTTincMtt0to1000: 0
isTTincMtt700to1000: 0
isTTincMtt1000toInf: 0
isTTSemilepIncHT0Njet0: 0
isTTSemilepIncHT500Njet9: 0
outTTLF: 0
outTTCC: 0
outTTBB: 0
outTT1B: 0
outTT2B: 0
>> Completed 0 out of 1047 events
[INFO] Defaulting to central deepJet weight for: nominal
>> Completed 1000 out of 1047 events
Nelectrons      = 483 / 1047
Npassed_ElEta   = 483 / 1047
Nmuons          = 564 / 1047
NrelIsoFail     = 0 / 1047
Npassed_MuEta   = 564 / 1047
Npassed_nAK8Jets= 1047 / 1047
Npassed_Trigger = 1011 / 1047
Npassed_MET     = 954 / 1047
Npassed_lepPt   = 979 / 1047
Npassed_HT      = 1044 / 1047
npass_Njets     = 1036 / 1047
Npassed_ALL     = 879 / 1047

>> Running /isilon/hadoop/store/group/bruxljm/FWLJMET106XUL_singleLep2017UL_RunIISummer20_X53X53/PairVLQ_x53x53_tWtW_narrow_RH_M1600_TuneCP5_13TeV-madgraph-pythia8/singleLep2017UL/230310_182613/0000/PairVLQ_x53x53_tWtW_narrow_RH_M1600_TuneCP5_13TeV-madgraph-pythia8_139.root for shift: nominal
[step1.h] Opening file: /isilon/hadoop/store/group/bruxljm/FWLJMET106XUL_singleLep2017UL_RunIISummer20_X53X53/PairVLQ_x53x53_tWtW_narrow_RH_M1600_TuneCP5_13TeV-madgraph-pythia8/singleLep2017UL/230310_182613/0000/PairVLQ_x53x53_tWtW_narrow_RH_M1600_TuneCP5_13TeV-madgraph-pythia8_139.root
[step1.h] Finished initializing
RUN CONFIG: YEAR = 2017
Era = 
isMC = 1, isSig = 1, SigMass = 9
isHad =0, isSE =0, isSM =0
isTTTT = 0, isXX = 1, isTpTp = 0, isBpBp = 0
For W's: isTT = 0, isSTt = 0, isSTtW = 0
For jets & PDF: isTOP = 0, isMadgraphBkg = 1
For HOTTagger Efficiencies: isTTV = 0, isTTHbb = 0, isTTHnonbb = 0, isTTTX = 0
isTTVV = 0, isST = 0, isTTToSemiLeptonHT500Njet9 = 0
Pileup sample key: PairVLQ_x53x53_tWtW_narrow_RH_M1600_TuneCP5_13TeV-madgraph-pythia8
b-tagging working points: 0.304(DeepJet)0.4506(DeepCSV)
isTTincMtt0to700: 0
isTTincMtt0to1000: 0
isTTincMtt700to1000: 0
isTTincMtt1000toInf: 0
isTTSemilepIncHT0Njet0: 0
isTTSemilepIncHT500Njet9: 0
outTTLF: 0
outTTCC: 0
outTTBB: 0
outTT1B: 0
outTT2B: 0
>> Completed 0 out of 1073 events
[INFO] Defaulting to central deepJet weight for: nominal
>> Completed 1000 out of 1073 events
Nelectrons      = 492 / 1073
Npassed_ElEta   = 492 / 1073
Nmuons          = 581 / 1073
NrelIsoFail     = 0 / 1073
Npassed_MuEta   = 581 / 1073
Npassed_nAK8Jets= 1073 / 1073
Npassed_Trigger = 1037 / 1073
Npassed_MET     = 975 / 1073
Npassed_lepPt   = 994 / 1073
Npassed_HT      = 1073 / 1073
npass_Njets     = 1067 / 1073
Npassed_ALL     = 901 / 1073

>> Running /isilon/hadoop/store/group/bruxljm/FWLJMET106XUL_singleLep2017UL_RunIISummer20_X53X53/PairVLQ_x53x53_tWtW_narrow_RH_M1600_TuneCP5_13TeV-madgraph-pythia8/singleLep2017UL/230310_182613/0000/PairVLQ_x53x53_tWtW_narrow_RH_M1600_TuneCP5_13TeV-madgraph-pythia8_14.root for shift: nominal
[step1.h] Opening file: /isilon/hadoop/store/group/bruxljm/FWLJMET106XUL_singleLep2017UL_RunIISummer20_X53X53/PairVLQ_x53x53_tWtW_narrow_RH_M1600_TuneCP5_13TeV-madgraph-pythia8/singleLep2017UL/230310_182613/0000/PairVLQ_x53x53_tWtW_narrow_RH_M1600_TuneCP5_13TeV-madgraph-pythia8_14.root
[step1.h] Finished initializing
RUN CONFIG: YEAR = 2017
Era = 
isMC = 1, isSig = 1, SigMass = 9
isHad =0, isSE =0, isSM =0
isTTTT = 0, isXX = 1, isTpTp = 0, isBpBp = 0
For W's: isTT = 0, isSTt = 0, isSTtW = 0
For jets & PDF: isTOP = 0, isMadgraphBkg = 1
For HOTTagger Efficiencies: isTTV = 0, isTTHbb = 0, isTTHnonbb = 0, isTTTX = 0
isTTVV = 0, isST = 0, isTTToSemiLeptonHT500Njet9 = 0
Pileup sample key: PairVLQ_x53x53_tWtW_narrow_RH_M1600_TuneCP5_13TeV-madgraph-pythia8
b-tagging working points: 0.304(DeepJet)0.4506(DeepCSV)
isTTincMtt0to700: 0
isTTincMtt0to1000: 0
isTTincMtt700to1000: 0
isTTincMtt1000toInf: 0
isTTSemilepIncHT0Njet0: 0
isTTSemilepIncHT500Njet9: 0
outTTLF: 0
outTTCC: 0
outTTBB: 0
outTT1B: 0
outTT2B: 0
>> Completed 0 out of 1037 events
[INFO] Defaulting to central deepJet weight for: nominal
>> Completed 1000 out of 1037 events
Nelectrons      = 492 / 1037
Npassed_ElEta   = 492 / 1037
Nmuons          = 545 / 1037
NrelIsoFail     = 0 / 1037
Npassed_MuEta   = 545 / 1037
Npassed_nAK8Jets= 1037 / 1037
Npassed_Trigger = 1000 / 1037
Npassed_MET     = 948 / 1037
Npassed_lepPt   = 970 / 1037
Npassed_HT      = 1036 / 1037
npass_Njets     = 1033 / 1037
Npassed_ALL     = 883 / 1037

>> Running /isilon/hadoop/store/group/bruxljm/FWLJMET106XUL_singleLep2017UL_RunIISummer20_X53X53/PairVLQ_x53x53_tWtW_narrow_RH_M1600_TuneCP5_13TeV-madgraph-pythia8/singleLep2017UL/230310_182613/0000/PairVLQ_x53x53_tWtW_narrow_RH_M1600_TuneCP5_13TeV-madgraph-pythia8_140.root for shift: nominal
[step1.h] Opening file: /isilon/hadoop/store/group/bruxljm/FWLJMET106XUL_singleLep2017UL_RunIISummer20_X53X53/PairVLQ_x53x53_tWtW_narrow_RH_M1600_TuneCP5_13TeV-madgraph-pythia8/singleLep2017UL/230310_182613/0000/PairVLQ_x53x53_tWtW_narrow_RH_M1600_TuneCP5_13TeV-madgraph-pythia8_140.root
[step1.h] Finished initializing
RUN CONFIG: YEAR = 2017
Era = 
isMC = 1, isSig = 1, SigMass = 9
isHad =0, isSE =0, isSM =0
isTTTT = 0, isXX = 1, isTpTp = 0, isBpBp = 0
For W's: isTT = 0, isSTt = 0, isSTtW = 0
For jets & PDF: isTOP = 0, isMadgraphBkg = 1
For HOTTagger Efficiencies: isTTV = 0, isTTHbb = 0, isTTHnonbb = 0, isTTTX = 0
isTTVV = 0, isST = 0, isTTToSemiLeptonHT500Njet9 = 0
Pileup sample key: PairVLQ_x53x53_tWtW_narrow_RH_M1600_TuneCP5_13TeV-madgraph-pythia8
b-tagging working points: 0.304(DeepJet)0.4506(DeepCSV)
isTTincMtt0to700: 0
isTTincMtt0to1000: 0
isTTincMtt700to1000: 0
isTTincMtt1000toInf: 0
isTTSemilepIncHT0Njet0: 0
isTTSemilepIncHT500Njet9: 0
outTTLF: 0
outTTCC: 0
outTTBB: 0
outTT1B: 0
outTT2B: 0
>> Completed 0 out of 988 events
[INFO] Defaulting to central deepJet weight for: nominal
Nelectrons      = 431 / 988
Npassed_ElEta   = 431 / 988
Nmuons          = 557 / 988
NrelIsoFail     = 0 / 988
Npassed_MuEta   = 557 / 988
Npassed_nAK8Jets= 988 / 988
Npassed_Trigger = 962 / 988
Npassed_MET     = 900 / 988
Npassed_lepPt   = 938 / 988
Npassed_HT      = 986 / 988
npass_Njets     = 982 / 988
Npassed_ALL     = 848 / 988

>> Running /isilon/hadoop/store/group/bruxljm/FWLJMET106XUL_singleLep2017UL_RunIISummer20_X53X53/PairVLQ_x53x53_tWtW_narrow_RH_M1600_TuneCP5_13TeV-madgraph-pythia8/singleLep2017UL/230310_182613/0000/PairVLQ_x53x53_tWtW_narrow_RH_M1600_TuneCP5_13TeV-madgraph-pythia8_141.root for shift: nominal
[step1.h] Opening file: /isilon/hadoop/store/group/bruxljm/FWLJMET106XUL_singleLep2017UL_RunIISummer20_X53X53/PairVLQ_x53x53_tWtW_narrow_RH_M1600_TuneCP5_13TeV-madgraph-pythia8/singleLep2017UL/230310_182613/0000/PairVLQ_x53x53_tWtW_narrow_RH_M1600_TuneCP5_13TeV-madgraph-pythia8_141.root
[step1.h] Finished initializing
RUN CONFIG: YEAR = 2017
Era = 
isMC = 1, isSig = 1, SigMass = 9
isHad =0, isSE =0, isSM =0
isTTTT = 0, isXX = 1, isTpTp = 0, isBpBp = 0
For W's: isTT = 0, isSTt = 0, isSTtW = 0
For jets & PDF: isTOP = 0, isMadgraphBkg = 1
For HOTTagger Efficiencies: isTTV = 0, isTTHbb = 0, isTTHnonbb = 0, isTTTX = 0
isTTVV = 0, isST = 0, isTTToSemiLeptonHT500Njet9 = 0
Pileup sample key: PairVLQ_x53x53_tWtW_narrow_RH_M1600_TuneCP5_13TeV-madgraph-pythia8
b-tagging working points: 0.304(DeepJet)0.4506(DeepCSV)
isTTincMtt0to700: 0
isTTincMtt0to1000: 0
isTTincMtt700to1000: 0
isTTincMtt1000toInf: 0
isTTSemilepIncHT0Njet0: 0
isTTSemilepIncHT500Njet9: 0
outTTLF: 0
outTTCC: 0
outTTBB: 0
outTT1B: 0
outTT2B: 0
>> Completed 0 out of 1132 events
[INFO] Defaulting to central deepJet weight for: nominal
>> Completed 1000 out of 1132 events
Nelectrons      = 527 / 1132
Npassed_ElEta   = 527 / 1132
Nmuons          = 605 / 1132
NrelIsoFail     = 0 / 1132
Npassed_MuEta   = 605 / 1132
Npassed_nAK8Jets= 1132 / 1132
Npassed_Trigger = 1083 / 1132
Npassed_MET     = 1039 / 1132
Npassed_lepPt   = 1050 / 1132
Npassed_HT      = 1129 / 1132
npass_Njets     = 1127 / 1132
Npassed_ALL     = 957 / 1132

>> Running /isilon/hadoop/store/group/bruxljm/FWLJMET106XUL_singleLep2017UL_RunIISummer20_X53X53/PairVLQ_x53x53_tWtW_narrow_RH_M1600_TuneCP5_13TeV-madgraph-pythia8/singleLep2017UL/230310_182613/0000/PairVLQ_x53x53_tWtW_narrow_RH_M1600_TuneCP5_13TeV-madgraph-pythia8_142.root for shift: nominal
[step1.h] Opening file: /isilon/hadoop/store/group/bruxljm/FWLJMET106XUL_singleLep2017UL_RunIISummer20_X53X53/PairVLQ_x53x53_tWtW_narrow_RH_M1600_TuneCP5_13TeV-madgraph-pythia8/singleLep2017UL/230310_182613/0000/PairVLQ_x53x53_tWtW_narrow_RH_M1600_TuneCP5_13TeV-madgraph-pythia8_142.root
[step1.h] Finished initializing
RUN CONFIG: YEAR = 2017
Era = 
isMC = 1, isSig = 1, SigMass = 9
isHad =0, isSE =0, isSM =0
isTTTT = 0, isXX = 1, isTpTp = 0, isBpBp = 0
For W's: isTT = 0, isSTt = 0, isSTtW = 0
For jets & PDF: isTOP = 0, isMadgraphBkg = 1
For HOTTagger Efficiencies: isTTV = 0, isTTHbb = 0, isTTHnonbb = 0, isTTTX = 0
isTTVV = 0, isST = 0, isTTToSemiLeptonHT500Njet9 = 0
Pileup sample key: PairVLQ_x53x53_tWtW_narrow_RH_M1600_TuneCP5_13TeV-madgraph-pythia8
b-tagging working points: 0.304(DeepJet)0.4506(DeepCSV)
isTTincMtt0to700: 0
isTTincMtt0to1000: 0
isTTincMtt700to1000: 0
isTTincMtt1000toInf: 0
isTTSemilepIncHT0Njet0: 0
isTTSemilepIncHT500Njet9: 0
outTTLF: 0
outTTCC: 0
outTTBB: 0
outTT1B: 0
outTT2B: 0
>> Completed 0 out of 1086 events
[INFO] Defaulting to central deepJet weight for: nominal
>> Completed 1000 out of 1086 events
Nelectrons      = 515 / 1086
Npassed_ElEta   = 515 / 1086
Nmuons          = 571 / 1086
NrelIsoFail     = 0 / 1086
Npassed_MuEta   = 571 / 1086
Npassed_nAK8Jets= 1086 / 1086
Npassed_Trigger = 1047 / 1086
Npassed_MET     = 1000 / 1086
Npassed_lepPt   = 1008 / 1086
Npassed_HT      = 1086 / 1086
npass_Njets     = 1080 / 1086
Npassed_ALL     = 919 / 1086

>> Running /isilon/hadoop/store/group/bruxljm/FWLJMET106XUL_singleLep2017UL_RunIISummer20_X53X53/PairVLQ_x53x53_tWtW_narrow_RH_M1600_TuneCP5_13TeV-madgraph-pythia8/singleLep2017UL/230310_182613/0000/PairVLQ_x53x53_tWtW_narrow_RH_M1600_TuneCP5_13TeV-madgraph-pythia8_143.root for shift: nominal
[step1.h] Opening file: /isilon/hadoop/store/group/bruxljm/FWLJMET106XUL_singleLep2017UL_RunIISummer20_X53X53/PairVLQ_x53x53_tWtW_narrow_RH_M1600_TuneCP5_13TeV-madgraph-pythia8/singleLep2017UL/230310_182613/0000/PairVLQ_x53x53_tWtW_narrow_RH_M1600_TuneCP5_13TeV-madgraph-pythia8_143.root
[step1.h] Finished initializing
RUN CONFIG: YEAR = 2017
Era = 
isMC = 1, isSig = 1, SigMass = 9
isHad =0, isSE =0, isSM =0
isTTTT = 0, isXX = 1, isTpTp = 0, isBpBp = 0
For W's: isTT = 0, isSTt = 0, isSTtW = 0
For jets & PDF: isTOP = 0, isMadgraphBkg = 1
For HOTTagger Efficiencies: isTTV = 0, isTTHbb = 0, isTTHnonbb = 0, isTTTX = 0
isTTVV = 0, isST = 0, isTTToSemiLeptonHT500Njet9 = 0
Pileup sample key: PairVLQ_x53x53_tWtW_narrow_RH_M1600_TuneCP5_13TeV-madgraph-pythia8
b-tagging working points: 0.304(DeepJet)0.4506(DeepCSV)
isTTincMtt0to700: 0
isTTincMtt0to1000: 0
isTTincMtt700to1000: 0
isTTincMtt1000toInf: 0
isTTSemilepIncHT0Njet0: 0
isTTSemilepIncHT500Njet9: 0
outTTLF: 0
outTTCC: 0
outTTBB: 0
outTT1B: 0
outTT2B: 0
>> Completed 0 out of 1038 events
[INFO] Defaulting to central deepJet weight for: nominal
>> Completed 1000 out of 1038 events
Nelectrons      = 479 / 1038
Npassed_ElEta   = 479 / 1038
Nmuons          = 559 / 1038
NrelIsoFail     = 0 / 1038
Npassed_MuEta   = 559 / 1038
Npassed_nAK8Jets= 1038 / 1038
Npassed_Trigger = 1008 / 1038
Npassed_MET     = 957 / 1038
Npassed_lepPt   = 969 / 1038
Npassed_HT      = 1038 / 1038
npass_Njets     = 1032 / 1038
Npassed_ALL     = 888 / 1038

>> Running /isilon/hadoop/store/group/bruxljm/FWLJMET106XUL_singleLep2017UL_RunIISummer20_X53X53/PairVLQ_x53x53_tWtW_narrow_RH_M1600_TuneCP5_13TeV-madgraph-pythia8/singleLep2017UL/230310_182613/0000/PairVLQ_x53x53_tWtW_narrow_RH_M1600_TuneCP5_13TeV-madgraph-pythia8_144.root for shift: nominal
[step1.h] Opening file: /isilon/hadoop/store/group/bruxljm/FWLJMET106XUL_singleLep2017UL_RunIISummer20_X53X53/PairVLQ_x53x53_tWtW_narrow_RH_M1600_TuneCP5_13TeV-madgraph-pythia8/singleLep2017UL/230310_182613/0000/PairVLQ_x53x53_tWtW_narrow_RH_M1600_TuneCP5_13TeV-madgraph-pythia8_144.root
[step1.h] Finished initializing
RUN CONFIG: YEAR = 2017
Era = 
isMC = 1, isSig = 1, SigMass = 9
isHad =0, isSE =0, isSM =0
isTTTT = 0, isXX = 1, isTpTp = 0, isBpBp = 0
For W's: isTT = 0, isSTt = 0, isSTtW = 0
For jets & PDF: isTOP = 0, isMadgraphBkg = 1
For HOTTagger Efficiencies: isTTV = 0, isTTHbb = 0, isTTHnonbb = 0, isTTTX = 0
isTTVV = 0, isST = 0, isTTToSemiLeptonHT500Njet9 = 0
Pileup sample key: PairVLQ_x53x53_tWtW_narrow_RH_M1600_TuneCP5_13TeV-madgraph-pythia8
b-tagging working points: 0.304(DeepJet)0.4506(DeepCSV)
isTTincMtt0to700: 0
isTTincMtt0to1000: 0
isTTincMtt700to1000: 0
isTTincMtt1000toInf: 0
isTTSemilepIncHT0Njet0: 0
isTTSemilepIncHT500Njet9: 0
outTTLF: 0
outTTCC: 0
outTTBB: 0
outTT1B: 0
outTT2B: 0
>> Completed 0 out of 1032 events
[INFO] Defaulting to central deepJet weight for: nominal
>> Completed 1000 out of 1032 events
Nelectrons      = 477 / 1032
Npassed_ElEta   = 477 / 1032
Nmuons          = 555 / 1032
NrelIsoFail     = 0 / 1032
Npassed_MuEta   = 555 / 1032
Npassed_nAK8Jets= 1032 / 1032
Npassed_Trigger = 1005 / 1032
Npassed_MET     = 952 / 1032
Npassed_lepPt   = 962 / 1032
Npassed_HT      = 1032 / 1032
npass_Njets     = 1028 / 1032
Npassed_ALL     = 886 / 1032

>> Running /isilon/hadoop/store/group/bruxljm/FWLJMET106XUL_singleLep2017UL_RunIISummer20_X53X53/PairVLQ_x53x53_tWtW_narrow_RH_M1600_TuneCP5_13TeV-madgraph-pythia8/singleLep2017UL/230310_182613/0000/PairVLQ_x53x53_tWtW_narrow_RH_M1600_TuneCP5_13TeV-madgraph-pythia8_145.root for shift: nominal
[step1.h] Opening file: /isilon/hadoop/store/group/bruxljm/FWLJMET106XUL_singleLep2017UL_RunIISummer20_X53X53/PairVLQ_x53x53_tWtW_narrow_RH_M1600_TuneCP5_13TeV-madgraph-pythia8/singleLep2017UL/230310_182613/0000/PairVLQ_x53x53_tWtW_narrow_RH_M1600_TuneCP5_13TeV-madgraph-pythia8_145.root
[step1.h] Finished initializing
RUN CONFIG: YEAR = 2017
Era = 
isMC = 1, isSig = 1, SigMass = 9
isHad =0, isSE =0, isSM =0
isTTTT = 0, isXX = 1, isTpTp = 0, isBpBp = 0
For W's: isTT = 0, isSTt = 0, isSTtW = 0
For jets & PDF: isTOP = 0, isMadgraphBkg = 1
For HOTTagger Efficiencies: isTTV = 0, isTTHbb = 0, isTTHnonbb = 0, isTTTX = 0
isTTVV = 0, isST = 0, isTTToSemiLeptonHT500Njet9 = 0
Pileup sample key: PairVLQ_x53x53_tWtW_narrow_RH_M1600_TuneCP5_13TeV-madgraph-pythia8
b-tagging working points: 0.304(DeepJet)0.4506(DeepCSV)
isTTincMtt0to700: 0
isTTincMtt0to1000: 0
isTTincMtt700to1000: 0
isTTincMtt1000toInf: 0
isTTSemilepIncHT0Njet0: 0
isTTSemilepIncHT500Njet9: 0
outTTLF: 0
outTTCC: 0
outTTBB: 0
outTT1B: 0
outTT2B: 0
>> Completed 0 out of 1050 events
[INFO] Defaulting to central deepJet weight for: nominal
>> Completed 1000 out of 1050 events
Nelectrons      = 460 / 1050
Npassed_ElEta   = 460 / 1050
Nmuons          = 590 / 1050
NrelIsoFail     = 0 / 1050
Npassed_MuEta   = 590 / 1050
Npassed_nAK8Jets= 1050 / 1050
Npassed_Trigger = 1017 / 1050
Npassed_MET     = 969 / 1050
Npassed_lepPt   = 971 / 1050
Npassed_HT      = 1049 / 1050
npass_Njets     = 1047 / 1050
Npassed_ALL     = 889 / 1050

>> Running /isilon/hadoop/store/group/bruxljm/FWLJMET106XUL_singleLep2017UL_RunIISummer20_X53X53/PairVLQ_x53x53_tWtW_narrow_RH_M1600_TuneCP5_13TeV-madgraph-pythia8/singleLep2017UL/230310_182613/0000/PairVLQ_x53x53_tWtW_narrow_RH_M1600_TuneCP5_13TeV-madgraph-pythia8_146.root for shift: nominal
[step1.h] Opening file: /isilon/hadoop/store/group/bruxljm/FWLJMET106XUL_singleLep2017UL_RunIISummer20_X53X53/PairVLQ_x53x53_tWtW_narrow_RH_M1600_TuneCP5_13TeV-madgraph-pythia8/singleLep2017UL/230310_182613/0000/PairVLQ_x53x53_tWtW_narrow_RH_M1600_TuneCP5_13TeV-madgraph-pythia8_146.root
[step1.h] Finished initializing
RUN CONFIG: YEAR = 2017
Era = 
isMC = 1, isSig = 1, SigMass = 9
isHad =0, isSE =0, isSM =0
isTTTT = 0, isXX = 1, isTpTp = 0, isBpBp = 0
For W's: isTT = 0, isSTt = 0, isSTtW = 0
For jets & PDF: isTOP = 0, isMadgraphBkg = 1
For HOTTagger Efficiencies: isTTV = 0, isTTHbb = 0, isTTHnonbb = 0, isTTTX = 0
isTTVV = 0, isST = 0, isTTToSemiLeptonHT500Njet9 = 0
Pileup sample key: PairVLQ_x53x53_tWtW_narrow_RH_M1600_TuneCP5_13TeV-madgraph-pythia8
b-tagging working points: 0.304(DeepJet)0.4506(DeepCSV)
isTTincMtt0to700: 0
isTTincMtt0to1000: 0
isTTincMtt700to1000: 0
isTTincMtt1000toInf: 0
isTTSemilepIncHT0Njet0: 0
isTTSemilepIncHT500Njet9: 0
outTTLF: 0
outTTCC: 0
outTTBB: 0
outTT1B: 0
outTT2B: 0
>> Completed 0 out of 1044 events
[INFO] Defaulting to central deepJet weight for: nominal
>> Completed 1000 out of 1044 events
Nelectrons      = 479 / 1044
Npassed_ElEta   = 479 / 1044
Nmuons          = 565 / 1044
NrelIsoFail     = 0 / 1044
Npassed_MuEta   = 565 / 1044
Npassed_nAK8Jets= 1044 / 1044
Npassed_Trigger = 1013 / 1044
Npassed_MET     = 956 / 1044
Npassed_lepPt   = 971 / 1044
Npassed_HT      = 1041 / 1044
npass_Njets     = 1033 / 1044
Npassed_ALL     = 880 / 1044

>> Running /isilon/hadoop/store/group/bruxljm/FWLJMET106XUL_singleLep2017UL_RunIISummer20_X53X53/PairVLQ_x53x53_tWtW_narrow_RH_M1600_TuneCP5_13TeV-madgraph-pythia8/singleLep2017UL/230310_182613/0000/PairVLQ_x53x53_tWtW_narrow_RH_M1600_TuneCP5_13TeV-madgraph-pythia8_147.root for shift: nominal
[step1.h] Opening file: /isilon/hadoop/store/group/bruxljm/FWLJMET106XUL_singleLep2017UL_RunIISummer20_X53X53/PairVLQ_x53x53_tWtW_narrow_RH_M1600_TuneCP5_13TeV-madgraph-pythia8/singleLep2017UL/230310_182613/0000/PairVLQ_x53x53_tWtW_narrow_RH_M1600_TuneCP5_13TeV-madgraph-pythia8_147.root
[step1.h] Finished initializing
RUN CONFIG: YEAR = 2017
Era = 
isMC = 1, isSig = 1, SigMass = 9
isHad =0, isSE =0, isSM =0
isTTTT = 0, isXX = 1, isTpTp = 0, isBpBp = 0
For W's: isTT = 0, isSTt = 0, isSTtW = 0
For jets & PDF: isTOP = 0, isMadgraphBkg = 1
For HOTTagger Efficiencies: isTTV = 0, isTTHbb = 0, isTTHnonbb = 0, isTTTX = 0
isTTVV = 0, isST = 0, isTTToSemiLeptonHT500Njet9 = 0
Pileup sample key: PairVLQ_x53x53_tWtW_narrow_RH_M1600_TuneCP5_13TeV-madgraph-pythia8
b-tagging working points: 0.304(DeepJet)0.4506(DeepCSV)
isTTincMtt0to700: 0
isTTincMtt0to1000: 0
isTTincMtt700to1000: 0
isTTincMtt1000toInf: 0
isTTSemilepIncHT0Njet0: 0
isTTSemilepIncHT500Njet9: 0
outTTLF: 0
outTTCC: 0
outTTBB: 0
outTT1B: 0
outTT2B: 0
>> Completed 0 out of 1084 events
[INFO] Defaulting to central deepJet weight for: nominal
>> Completed 1000 out of 1084 events
Nelectrons      = 504 / 1084
Npassed_ElEta   = 504 / 1084
Nmuons          = 580 / 1084
NrelIsoFail     = 0 / 1084
Npassed_MuEta   = 580 / 1084
Npassed_nAK8Jets= 1084 / 1084
Npassed_Trigger = 1057 / 1084
Npassed_MET     = 981 / 1084
Npassed_lepPt   = 1009 / 1084
Npassed_HT      = 1080 / 1084
npass_Njets     = 1078 / 1084
Npassed_ALL     = 907 / 1084

>> Running /isilon/hadoop/store/group/bruxljm/FWLJMET106XUL_singleLep2017UL_RunIISummer20_X53X53/PairVLQ_x53x53_tWtW_narrow_RH_M1600_TuneCP5_13TeV-madgraph-pythia8/singleLep2017UL/230310_182613/0000/PairVLQ_x53x53_tWtW_narrow_RH_M1600_TuneCP5_13TeV-madgraph-pythia8_148.root for shift: nominal
[step1.h] Opening file: /isilon/hadoop/store/group/bruxljm/FWLJMET106XUL_singleLep2017UL_RunIISummer20_X53X53/PairVLQ_x53x53_tWtW_narrow_RH_M1600_TuneCP5_13TeV-madgraph-pythia8/singleLep2017UL/230310_182613/0000/PairVLQ_x53x53_tWtW_narrow_RH_M1600_TuneCP5_13TeV-madgraph-pythia8_148.root
[step1.h] Finished initializing
RUN CONFIG: YEAR = 2017
Era = 
isMC = 1, isSig = 1, SigMass = 9
isHad =0, isSE =0, isSM =0
isTTTT = 0, isXX = 1, isTpTp = 0, isBpBp = 0
For W's: isTT = 0, isSTt = 0, isSTtW = 0
For jets & PDF: isTOP = 0, isMadgraphBkg = 1
For HOTTagger Efficiencies: isTTV = 0, isTTHbb = 0, isTTHnonbb = 0, isTTTX = 0
isTTVV = 0, isST = 0, isTTToSemiLeptonHT500Njet9 = 0
Pileup sample key: PairVLQ_x53x53_tWtW_narrow_RH_M1600_TuneCP5_13TeV-madgraph-pythia8
b-tagging working points: 0.304(DeepJet)0.4506(DeepCSV)
isTTincMtt0to700: 0
isTTincMtt0to1000: 0
isTTincMtt700to1000: 0
isTTincMtt1000toInf: 0
isTTSemilepIncHT0Njet0: 0
isTTSemilepIncHT500Njet9: 0
outTTLF: 0
outTTCC: 0
outTTBB: 0
outTT1B: 0
outTT2B: 0
>> Completed 0 out of 1093 events
[INFO] Defaulting to central deepJet weight for: nominal
>> Completed 1000 out of 1093 events
Nelectrons      = 485 / 1093
Npassed_ElEta   = 485 / 1093
Nmuons          = 608 / 1093
NrelIsoFail     = 0 / 1093
Npassed_MuEta   = 608 / 1093
Npassed_nAK8Jets= 1093 / 1093
Npassed_Trigger = 1059 / 1093
Npassed_MET     = 1004 / 1093
Npassed_lepPt   = 1016 / 1093
Npassed_HT      = 1093 / 1093
npass_Njets     = 1091 / 1093
Npassed_ALL     = 932 / 1093

>> Running /isilon/hadoop/store/group/bruxljm/FWLJMET106XUL_singleLep2017UL_RunIISummer20_X53X53/PairVLQ_x53x53_tWtW_narrow_RH_M1600_TuneCP5_13TeV-madgraph-pythia8/singleLep2017UL/230310_182613/0000/PairVLQ_x53x53_tWtW_narrow_RH_M1600_TuneCP5_13TeV-madgraph-pythia8_149.root for shift: nominal
[step1.h] Opening file: /isilon/hadoop/store/group/bruxljm/FWLJMET106XUL_singleLep2017UL_RunIISummer20_X53X53/PairVLQ_x53x53_tWtW_narrow_RH_M1600_TuneCP5_13TeV-madgraph-pythia8/singleLep2017UL/230310_182613/0000/PairVLQ_x53x53_tWtW_narrow_RH_M1600_TuneCP5_13TeV-madgraph-pythia8_149.root
[step1.h] Finished initializing
RUN CONFIG: YEAR = 2017
Era = 
isMC = 1, isSig = 1, SigMass = 9
isHad =0, isSE =0, isSM =0
isTTTT = 0, isXX = 1, isTpTp = 0, isBpBp = 0
For W's: isTT = 0, isSTt = 0, isSTtW = 0
For jets & PDF: isTOP = 0, isMadgraphBkg = 1
For HOTTagger Efficiencies: isTTV = 0, isTTHbb = 0, isTTHnonbb = 0, isTTTX = 0
isTTVV = 0, isST = 0, isTTToSemiLeptonHT500Njet9 = 0
Pileup sample key: PairVLQ_x53x53_tWtW_narrow_RH_M1600_TuneCP5_13TeV-madgraph-pythia8
b-tagging working points: 0.304(DeepJet)0.4506(DeepCSV)
isTTincMtt0to700: 0
isTTincMtt0to1000: 0
isTTincMtt700to1000: 0
isTTincMtt1000toInf: 0
isTTSemilepIncHT0Njet0: 0
isTTSemilepIncHT500Njet9: 0
outTTLF: 0
outTTCC: 0
outTTBB: 0
outTT1B: 0
outTT2B: 0
>> Completed 0 out of 1072 events
[INFO] Defaulting to central deepJet weight for: nominal
>> Completed 1000 out of 1072 events
Nelectrons      = 464 / 1072
Npassed_ElEta   = 464 / 1072
Nmuons          = 608 / 1072
NrelIsoFail     = 0 / 1072
Npassed_MuEta   = 608 / 1072
Npassed_nAK8Jets= 1072 / 1072
Npassed_Trigger = 1042 / 1072
Npassed_MET     = 977 / 1072
Npassed_lepPt   = 998 / 1072
Npassed_HT      = 1071 / 1072
npass_Njets     = 1064 / 1072
Npassed_ALL     = 905 / 1072

>> Running /isilon/hadoop/store/group/bruxljm/FWLJMET106XUL_singleLep2017UL_RunIISummer20_X53X53/PairVLQ_x53x53_tWtW_narrow_RH_M1600_TuneCP5_13TeV-madgraph-pythia8/singleLep2017UL/230310_182613/0000/PairVLQ_x53x53_tWtW_narrow_RH_M1600_TuneCP5_13TeV-madgraph-pythia8_15.root for shift: nominal
[step1.h] Opening file: /isilon/hadoop/store/group/bruxljm/FWLJMET106XUL_singleLep2017UL_RunIISummer20_X53X53/PairVLQ_x53x53_tWtW_narrow_RH_M1600_TuneCP5_13TeV-madgraph-pythia8/singleLep2017UL/230310_182613/0000/PairVLQ_x53x53_tWtW_narrow_RH_M1600_TuneCP5_13TeV-madgraph-pythia8_15.root
[step1.h] Finished initializing
RUN CONFIG: YEAR = 2017
Era = 
isMC = 1, isSig = 1, SigMass = 9
isHad =0, isSE =0, isSM =0
isTTTT = 0, isXX = 1, isTpTp = 0, isBpBp = 0
For W's: isTT = 0, isSTt = 0, isSTtW = 0
For jets & PDF: isTOP = 0, isMadgraphBkg = 1
For HOTTagger Efficiencies: isTTV = 0, isTTHbb = 0, isTTHnonbb = 0, isTTTX = 0
isTTVV = 0, isST = 0, isTTToSemiLeptonHT500Njet9 = 0
Pileup sample key: PairVLQ_x53x53_tWtW_narrow_RH_M1600_TuneCP5_13TeV-madgraph-pythia8
b-tagging working points: 0.304(DeepJet)0.4506(DeepCSV)
isTTincMtt0to700: 0
isTTincMtt0to1000: 0
isTTincMtt700to1000: 0
isTTincMtt1000toInf: 0
isTTSemilepIncHT0Njet0: 0
isTTSemilepIncHT500Njet9: 0
outTTLF: 0
outTTCC: 0
outTTBB: 0
outTT1B: 0
outTT2B: 0
>> Completed 0 out of 1045 events
[INFO] Defaulting to central deepJet weight for: nominal
>> Completed 1000 out of 1045 events
Nelectrons      = 482 / 1045
Npassed_ElEta   = 482 / 1045
Nmuons          = 563 / 1045
NrelIsoFail     = 0 / 1045
Npassed_MuEta   = 563 / 1045
Npassed_nAK8Jets= 1045 / 1045
Npassed_Trigger = 1009 / 1045
Npassed_MET     = 961 / 1045
Npassed_lepPt   = 978 / 1045
Npassed_HT      = 1045 / 1045
npass_Njets     = 1041 / 1045
Npassed_ALL     = 896 / 1045

>> Running /isilon/hadoop/store/group/bruxljm/FWLJMET106XUL_singleLep2017UL_RunIISummer20_X53X53/PairVLQ_x53x53_tWtW_narrow_RH_M1600_TuneCP5_13TeV-madgraph-pythia8/singleLep2017UL/230310_182613/0000/PairVLQ_x53x53_tWtW_narrow_RH_M1600_TuneCP5_13TeV-madgraph-pythia8_150.root for shift: nominal
[step1.h] Opening file: /isilon/hadoop/store/group/bruxljm/FWLJMET106XUL_singleLep2017UL_RunIISummer20_X53X53/PairVLQ_x53x53_tWtW_narrow_RH_M1600_TuneCP5_13TeV-madgraph-pythia8/singleLep2017UL/230310_182613/0000/PairVLQ_x53x53_tWtW_narrow_RH_M1600_TuneCP5_13TeV-madgraph-pythia8_150.root
[step1.h] Finished initializing
RUN CONFIG: YEAR = 2017
Era = 
isMC = 1, isSig = 1, SigMass = 9
isHad =0, isSE =0, isSM =0
isTTTT = 0, isXX = 1, isTpTp = 0, isBpBp = 0
For W's: isTT = 0, isSTt = 0, isSTtW = 0
For jets & PDF: isTOP = 0, isMadgraphBkg = 1
For HOTTagger Efficiencies: isTTV = 0, isTTHbb = 0, isTTHnonbb = 0, isTTTX = 0
isTTVV = 0, isST = 0, isTTToSemiLeptonHT500Njet9 = 0
Pileup sample key: PairVLQ_x53x53_tWtW_narrow_RH_M1600_TuneCP5_13TeV-madgraph-pythia8
b-tagging working points: 0.304(DeepJet)0.4506(DeepCSV)
isTTincMtt0to700: 0
isTTincMtt0to1000: 0
isTTincMtt700to1000: 0
isTTincMtt1000toInf: 0
isTTSemilepIncHT0Njet0: 0
isTTSemilepIncHT500Njet9: 0
outTTLF: 0
outTTCC: 0
outTTBB: 0
outTT1B: 0
outTT2B: 0
>> Completed 0 out of 1057 events
[INFO] Defaulting to central deepJet weight for: nominal
>> Completed 1000 out of 1057 events
Nelectrons      = 507 / 1057
Npassed_ElEta   = 507 / 1057
Nmuons          = 550 / 1057
NrelIsoFail     = 0 / 1057
Npassed_MuEta   = 550 / 1057
Npassed_nAK8Jets= 1057 / 1057
Npassed_Trigger = 1020 / 1057
Npassed_MET     = 960 / 1057
Npassed_lepPt   = 990 / 1057
Npassed_HT      = 1056 / 1057
npass_Njets     = 1055 / 1057
Npassed_ALL     = 895 / 1057

>> Running /isilon/hadoop/store/group/bruxljm/FWLJMET106XUL_singleLep2017UL_RunIISummer20_X53X53/PairVLQ_x53x53_tWtW_narrow_RH_M1600_TuneCP5_13TeV-madgraph-pythia8/singleLep2017UL/230310_182613/0000/PairVLQ_x53x53_tWtW_narrow_RH_M1600_TuneCP5_13TeV-madgraph-pythia8_151.root for shift: nominal
[step1.h] Opening file: /isilon/hadoop/store/group/bruxljm/FWLJMET106XUL_singleLep2017UL_RunIISummer20_X53X53/PairVLQ_x53x53_tWtW_narrow_RH_M1600_TuneCP5_13TeV-madgraph-pythia8/singleLep2017UL/230310_182613/0000/PairVLQ_x53x53_tWtW_narrow_RH_M1600_TuneCP5_13TeV-madgraph-pythia8_151.root
[step1.h] Finished initializing
RUN CONFIG: YEAR = 2017
Era = 
isMC = 1, isSig = 1, SigMass = 9
isHad =0, isSE =0, isSM =0
isTTTT = 0, isXX = 1, isTpTp = 0, isBpBp = 0
For W's: isTT = 0, isSTt = 0, isSTtW = 0
For jets & PDF: isTOP = 0, isMadgraphBkg = 1
For HOTTagger Efficiencies: isTTV = 0, isTTHbb = 0, isTTHnonbb = 0, isTTTX = 0
isTTVV = 0, isST = 0, isTTToSemiLeptonHT500Njet9 = 0
Pileup sample key: PairVLQ_x53x53_tWtW_narrow_RH_M1600_TuneCP5_13TeV-madgraph-pythia8
b-tagging working points: 0.304(DeepJet)0.4506(DeepCSV)
isTTincMtt0to700: 0
isTTincMtt0to1000: 0
isTTincMtt700to1000: 0
isTTincMtt1000toInf: 0
isTTSemilepIncHT0Njet0: 0
isTTSemilepIncHT500Njet9: 0
outTTLF: 0
outTTCC: 0
outTTBB: 0
outTT1B: 0
outTT2B: 0
>> Completed 0 out of 1041 events
[INFO] Defaulting to central deepJet weight for: nominal
>> Completed 1000 out of 1041 events
Nelectrons      = 490 / 1041
Npassed_ElEta   = 490 / 1041
Nmuons          = 551 / 1041
NrelIsoFail     = 0 / 1041
Npassed_MuEta   = 551 / 1041
Npassed_nAK8Jets= 1041 / 1041
Npassed_Trigger = 1006 / 1041
Npassed_MET     = 964 / 1041
Npassed_lepPt   = 978 / 1041
Npassed_HT      = 1041 / 1041
npass_Njets     = 1036 / 1041
Npassed_ALL     = 902 / 1041

>> Running /isilon/hadoop/store/group/bruxljm/FWLJMET106XUL_singleLep2017UL_RunIISummer20_X53X53/PairVLQ_x53x53_tWtW_narrow_RH_M1600_TuneCP5_13TeV-madgraph-pythia8/singleLep2017UL/230310_182613/0000/PairVLQ_x53x53_tWtW_narrow_RH_M1600_TuneCP5_13TeV-madgraph-pythia8_152.root for shift: nominal
[step1.h] Opening file: /isilon/hadoop/store/group/bruxljm/FWLJMET106XUL_singleLep2017UL_RunIISummer20_X53X53/PairVLQ_x53x53_tWtW_narrow_RH_M1600_TuneCP5_13TeV-madgraph-pythia8/singleLep2017UL/230310_182613/0000/PairVLQ_x53x53_tWtW_narrow_RH_M1600_TuneCP5_13TeV-madgraph-pythia8_152.root
[step1.h] Finished initializing
RUN CONFIG: YEAR = 2017
Era = 
isMC = 1, isSig = 1, SigMass = 9
isHad =0, isSE =0, isSM =0
isTTTT = 0, isXX = 1, isTpTp = 0, isBpBp = 0
For W's: isTT = 0, isSTt = 0, isSTtW = 0
For jets & PDF: isTOP = 0, isMadgraphBkg = 1
For HOTTagger Efficiencies: isTTV = 0, isTTHbb = 0, isTTHnonbb = 0, isTTTX = 0
isTTVV = 0, isST = 0, isTTToSemiLeptonHT500Njet9 = 0
Pileup sample key: PairVLQ_x53x53_tWtW_narrow_RH_M1600_TuneCP5_13TeV-madgraph-pythia8
b-tagging working points: 0.304(DeepJet)0.4506(DeepCSV)
isTTincMtt0to700: 0
isTTincMtt0to1000: 0
isTTincMtt700to1000: 0
isTTincMtt1000toInf: 0
isTTSemilepIncHT0Njet0: 0
isTTSemilepIncHT500Njet9: 0
outTTLF: 0
outTTCC: 0
outTTBB: 0
outTT1B: 0
outTT2B: 0
>> Completed 0 out of 1081 events
[INFO] Defaulting to central deepJet weight for: nominal
>> Completed 1000 out of 1081 events
Nelectrons      = 484 / 1081
Npassed_ElEta   = 484 / 1081
Nmuons          = 597 / 1081
NrelIsoFail     = 0 / 1081
Npassed_MuEta   = 597 / 1081
Npassed_nAK8Jets= 1081 / 1081
Npassed_Trigger = 1046 / 1081
Npassed_MET     = 986 / 1081
Npassed_lepPt   = 1017 / 1081
Npassed_HT      = 1080 / 1081
npass_Njets     = 1075 / 1081
Npassed_ALL     = 925 / 1081
>> Available ROOT Files:
-rw-r--r-- 1 fsimpson gridusers 3274941 Apr 24 09:16 PairVLQ_x53x53_tWtW_narrow_RH_M1600_TuneCP5_13TeV-madgraph-pythia8_126nominal.root
-rw-r--r-- 1 fsimpson gridusers 2994639 Apr 24 09:16 PairVLQ_x53x53_tWtW_narrow_RH_M1600_TuneCP5_13TeV-madgraph-pythia8_127nominal.root
-rw-r--r-- 1 fsimpson gridusers 3020337 Apr 24 09:16 PairVLQ_x53x53_tWtW_narrow_RH_M1600_TuneCP5_13TeV-madgraph-pythia8_128nominal.root
-rw-r--r-- 1 fsimpson gridusers 3024148 Apr 24 09:16 PairVLQ_x53x53_tWtW_narrow_RH_M1600_TuneCP5_13TeV-madgraph-pythia8_129nominal.root
-rw-r--r-- 1 fsimpson gridusers 2999342 Apr 24 09:16 PairVLQ_x53x53_tWtW_narrow_RH_M1600_TuneCP5_13TeV-madgraph-pythia8_130nominal.root
-rw-r--r-- 1 fsimpson gridusers 2995800 Apr 24 09:16 PairVLQ_x53x53_tWtW_narrow_RH_M1600_TuneCP5_13TeV-madgraph-pythia8_131nominal.root
-rw-r--r-- 1 fsimpson gridusers 3138215 Apr 24 09:16 PairVLQ_x53x53_tWtW_narrow_RH_M1600_TuneCP5_13TeV-madgraph-pythia8_132nominal.root
-rw-r--r-- 1 fsimpson gridusers 3027757 Apr 24 09:16 PairVLQ_x53x53_tWtW_narrow_RH_M1600_TuneCP5_13TeV-madgraph-pythia8_133nominal.root
-rw-r--r-- 1 fsimpson gridusers 3058556 Apr 24 09:16 PairVLQ_x53x53_tWtW_narrow_RH_M1600_TuneCP5_13TeV-madgraph-pythia8_134nominal.root
-rw-r--r-- 1 fsimpson gridusers 2984961 Apr 24 09:16 PairVLQ_x53x53_tWtW_narrow_RH_M1600_TuneCP5_13TeV-madgraph-pythia8_135nominal.root
-rw-r--r-- 1 fsimpson gridusers 3228747 Apr 24 09:16 PairVLQ_x53x53_tWtW_narrow_RH_M1600_TuneCP5_13TeV-madgraph-pythia8_136nominal.root
-rw-r--r-- 1 fsimpson gridusers 2989198 Apr 24 09:16 PairVLQ_x53x53_tWtW_narrow_RH_M1600_TuneCP5_13TeV-madgraph-pythia8_137nominal.root
-rw-r--r-- 1 fsimpson gridusers 3052207 Apr 24 09:16 PairVLQ_x53x53_tWtW_narrow_RH_M1600_TuneCP5_13TeV-madgraph-pythia8_138nominal.root
-rw-r--r-- 1 fsimpson gridusers 3097811 Apr 24 09:16 PairVLQ_x53x53_tWtW_narrow_RH_M1600_TuneCP5_13TeV-madgraph-pythia8_139nominal.root
-rw-r--r-- 1 fsimpson gridusers 3206197 Apr 24 09:16 PairVLQ_x53x53_tWtW_narrow_RH_M1600_TuneCP5_13TeV-madgraph-pythia8_13nominal.root
-rw-r--r-- 1 fsimpson gridusers 2969800 Apr 24 09:16 PairVLQ_x53x53_tWtW_narrow_RH_M1600_TuneCP5_13TeV-madgraph-pythia8_140nominal.root
-rw-r--r-- 1 fsimpson gridusers 3296972 Apr 24 09:16 PairVLQ_x53x53_tWtW_narrow_RH_M1600_TuneCP5_13TeV-madgraph-pythia8_141nominal.root
-rw-r--r-- 1 fsimpson gridusers 3155819 Apr 24 09:16 PairVLQ_x53x53_tWtW_narrow_RH_M1600_TuneCP5_13TeV-madgraph-pythia8_142nominal.root
-rw-r--r-- 1 fsimpson gridusers 3127255 Apr 24 09:16 PairVLQ_x53x53_tWtW_narrow_RH_M1600_TuneCP5_13TeV-madgraph-pythia8_143nominal.root
-rw-r--r-- 1 fsimpson gridusers 3091832 Apr 24 09:16 PairVLQ_x53x53_tWtW_narrow_RH_M1600_TuneCP5_13TeV-madgraph-pythia8_144nominal.root
-rw-r--r-- 1 fsimpson gridusers 3077252 Apr 24 09:16 PairVLQ_x53x53_tWtW_narrow_RH_M1600_TuneCP5_13TeV-madgraph-pythia8_145nominal.root
-rw-r--r-- 1 fsimpson gridusers 3063309 Apr 24 09:16 PairVLQ_x53x53_tWtW_narrow_RH_M1600_TuneCP5_13TeV-madgraph-pythia8_146nominal.root
-rw-r--r-- 1 fsimpson gridusers 3161491 Apr 24 09:16 PairVLQ_x53x53_tWtW_narrow_RH_M1600_TuneCP5_13TeV-madgraph-pythia8_147nominal.root
-rw-r--r-- 1 fsimpson gridusers 3242970 Apr 24 09:16 PairVLQ_x53x53_tWtW_narrow_RH_M1600_TuneCP5_13TeV-madgraph-pythia8_148nominal.root
-rw-r--r-- 1 fsimpson gridusers 3193536 Apr 24 09:16 PairVLQ_x53x53_tWtW_narrow_RH_M1600_TuneCP5_13TeV-madgraph-pythia8_149nominal.root
-rw-r--r-- 1 fsimpson gridusers 3089802 Apr 24 09:16 PairVLQ_x53x53_tWtW_narrow_RH_M1600_TuneCP5_13TeV-madgraph-pythia8_14nominal.root
-rw-r--r-- 1 fsimpson gridusers 3141351 Apr 24 09:16 PairVLQ_x53x53_tWtW_narrow_RH_M1600_TuneCP5_13TeV-madgraph-pythia8_150nominal.root
-rw-r--r-- 1 fsimpson gridusers 3160708 Apr 24 09:16 PairVLQ_x53x53_tWtW_narrow_RH_M1600_TuneCP5_13TeV-madgraph-pythia8_151nominal.root
-rw-r--r-- 1 fsimpson gridusers 3242892 Apr 24 09:16 PairVLQ_x53x53_tWtW_narrow_RH_M1600_TuneCP5_13TeV-madgraph-pythia8_152nominal.root
-rw-r--r-- 1 fsimpson gridusers 3126100 Apr 24 09:16 PairVLQ_x53x53_tWtW_narrow_RH_M1600_TuneCP5_13TeV-madgraph-pythia8_15nominal.root
>> xrdcp output for condor
hadd Target file: PairVLQ_x53x53_tWtW_narrow_RH_M1600_TuneCP5_13TeV-madgraph-pythia8_2nominal_hadd.root
hadd compression setting for all ouput: 1
hadd Source file 1: PairVLQ_x53x53_tWtW_narrow_RH_M1600_TuneCP5_13TeV-madgraph-pythia8_126nominal.root
hadd Source file 2: PairVLQ_x53x53_tWtW_narrow_RH_M1600_TuneCP5_13TeV-madgraph-pythia8_127nominal.root
hadd Source file 3: PairVLQ_x53x53_tWtW_narrow_RH_M1600_TuneCP5_13TeV-madgraph-pythia8_128nominal.root
hadd Source file 4: PairVLQ_x53x53_tWtW_narrow_RH_M1600_TuneCP5_13TeV-madgraph-pythia8_129nominal.root
hadd Source file 5: PairVLQ_x53x53_tWtW_narrow_RH_M1600_TuneCP5_13TeV-madgraph-pythia8_130nominal.root
hadd Source file 6: PairVLQ_x53x53_tWtW_narrow_RH_M1600_TuneCP5_13TeV-madgraph-pythia8_131nominal.root
hadd Source file 7: PairVLQ_x53x53_tWtW_narrow_RH_M1600_TuneCP5_13TeV-madgraph-pythia8_132nominal.root
hadd Source file 8: PairVLQ_x53x53_tWtW_narrow_RH_M1600_TuneCP5_13TeV-madgraph-pythia8_133nominal.root
hadd Source file 9: PairVLQ_x53x53_tWtW_narrow_RH_M1600_TuneCP5_13TeV-madgraph-pythia8_134nominal.root
hadd Source file 10: PairVLQ_x53x53_tWtW_narrow_RH_M1600_TuneCP5_13TeV-madgraph-pythia8_135nominal.root
hadd Source file 11: PairVLQ_x53x53_tWtW_narrow_RH_M1600_TuneCP5_13TeV-madgraph-pythia8_136nominal.root
hadd Source file 12: PairVLQ_x53x53_tWtW_narrow_RH_M1600_TuneCP5_13TeV-madgraph-pythia8_137nominal.root
hadd Source file 13: PairVLQ_x53x53_tWtW_narrow_RH_M1600_TuneCP5_13TeV-madgraph-pythia8_138nominal.root
hadd Source file 14: PairVLQ_x53x53_tWtW_narrow_RH_M1600_TuneCP5_13TeV-madgraph-pythia8_139nominal.root
hadd Source file 15: PairVLQ_x53x53_tWtW_narrow_RH_M1600_TuneCP5_13TeV-madgraph-pythia8_13nominal.root
hadd Source file 16: PairVLQ_x53x53_tWtW_narrow_RH_M1600_TuneCP5_13TeV-madgraph-pythia8_140nominal.root
hadd Source file 17: PairVLQ_x53x53_tWtW_narrow_RH_M1600_TuneCP5_13TeV-madgraph-pythia8_141nominal.root
hadd Source file 18: PairVLQ_x53x53_tWtW_narrow_RH_M1600_TuneCP5_13TeV-madgraph-pythia8_142nominal.root
hadd Source file 19: PairVLQ_x53x53_tWtW_narrow_RH_M1600_TuneCP5_13TeV-madgraph-pythia8_143nominal.root
hadd Source file 20: PairVLQ_x53x53_tWtW_narrow_RH_M1600_TuneCP5_13TeV-madgraph-pythia8_144nominal.root
hadd Source file 21: PairVLQ_x53x53_tWtW_narrow_RH_M1600_TuneCP5_13TeV-madgraph-pythia8_145nominal.root
hadd Source file 22: PairVLQ_x53x53_tWtW_narrow_RH_M1600_TuneCP5_13TeV-madgraph-pythia8_146nominal.root
hadd Source file 23: PairVLQ_x53x53_tWtW_narrow_RH_M1600_TuneCP5_13TeV-madgraph-pythia8_147nominal.root
hadd Source file 24: PairVLQ_x53x53_tWtW_narrow_RH_M1600_TuneCP5_13TeV-madgraph-pythia8_148nominal.root
hadd Source file 25: PairVLQ_x53x53_tWtW_narrow_RH_M1600_TuneCP5_13TeV-madgraph-pythia8_149nominal.root
hadd Source file 26: PairVLQ_x53x53_tWtW_narrow_RH_M1600_TuneCP5_13TeV-madgraph-pythia8_14nominal.root
hadd Source file 27: PairVLQ_x53x53_tWtW_narrow_RH_M1600_TuneCP5_13TeV-madgraph-pythia8_150nominal.root
hadd Source file 28: PairVLQ_x53x53_tWtW_narrow_RH_M1600_TuneCP5_13TeV-madgraph-pythia8_151nominal.root
hadd Source file 29: PairVLQ_x53x53_tWtW_narrow_RH_M1600_TuneCP5_13TeV-madgraph-pythia8_152nominal.root
hadd Source file 30: PairVLQ_x53x53_tWtW_narrow_RH_M1600_TuneCP5_13TeV-madgraph-pythia8_15nominal.root
hadd Target path: PairVLQ_x53x53_tWtW_narrow_RH_M1600_TuneCP5_13TeV-madgraph-pythia8_2nominal_hadd.root:/
>> mv PairVLQ_x53x53_tWtW_narrow_RH_M1600_TuneCP5_13TeV-madgraph-pythia8_2nominal_hadd.root /isilon/hadoop/store/group/bruxljm/FWLJMET106XUL_singleLep2017UL_RunIISummer20_X53X53_step1/nominal/PairVLQ_x53x53_tWtW_narrow_RH_M1600_TuneCP5_13TeV-madgraph-pythia8/PairVLQ_x53x53_tWtW_narrow_RH_M1600_TuneCP5_13TeV-madgraph-pythia8_2.root
[DONE]
