/isilon/condor/hep107.hep.brown.edu/execute/dir_245017
>> Setting macroDir to PWD

Processing compile_step1.C...
>> Running on BRUX, PairVLQ_x53x53_tWtW_narrow_RH_M1500_TuneCP5_13TeV-madgraph-pythia8 stored on BRUX
>> Input file path: /isilon/hadoop/store/group/bruxljm/FWLJMET106XUL_singleLep2017UL_RunIISummer20_X53X53/PairVLQ_x53x53_tWtW_narrow_RH_M1500_TuneCP5_13TeV-madgraph-pythia8/singleLep2017UL/230310_180718/0000
>> Running step1 over list: 18 19 2 20 21 22 23 24 25 26 27 28 29 3 30 31 32 33 34 35 36 37 38 39 4 40 41 42 43 44
>> Adding PairVLQ_x53x53_tWtW_narrow_RH_M1500_TuneCP5_13TeV-madgraph-pythia8_18.root to the list by reading PairVLQ_x53x53_tWtW_narrow_RH_M1500_TuneCP5_13TeV-madgraph-pythia8_18
>> Adding PairVLQ_x53x53_tWtW_narrow_RH_M1500_TuneCP5_13TeV-madgraph-pythia8_19.root to the list by reading PairVLQ_x53x53_tWtW_narrow_RH_M1500_TuneCP5_13TeV-madgraph-pythia8_19
>> Adding PairVLQ_x53x53_tWtW_narrow_RH_M1500_TuneCP5_13TeV-madgraph-pythia8_2.root to the list by reading PairVLQ_x53x53_tWtW_narrow_RH_M1500_TuneCP5_13TeV-madgraph-pythia8_2
>> Adding PairVLQ_x53x53_tWtW_narrow_RH_M1500_TuneCP5_13TeV-madgraph-pythia8_20.root to the list by reading PairVLQ_x53x53_tWtW_narrow_RH_M1500_TuneCP5_13TeV-madgraph-pythia8_20
>> Adding PairVLQ_x53x53_tWtW_narrow_RH_M1500_TuneCP5_13TeV-madgraph-pythia8_21.root to the list by reading PairVLQ_x53x53_tWtW_narrow_RH_M1500_TuneCP5_13TeV-madgraph-pythia8_21
>> Adding PairVLQ_x53x53_tWtW_narrow_RH_M1500_TuneCP5_13TeV-madgraph-pythia8_22.root to the list by reading PairVLQ_x53x53_tWtW_narrow_RH_M1500_TuneCP5_13TeV-madgraph-pythia8_22
>> Adding PairVLQ_x53x53_tWtW_narrow_RH_M1500_TuneCP5_13TeV-madgraph-pythia8_23.root to the list by reading PairVLQ_x53x53_tWtW_narrow_RH_M1500_TuneCP5_13TeV-madgraph-pythia8_23
>> Adding PairVLQ_x53x53_tWtW_narrow_RH_M1500_TuneCP5_13TeV-madgraph-pythia8_24.root to the list by reading PairVLQ_x53x53_tWtW_narrow_RH_M1500_TuneCP5_13TeV-madgraph-pythia8_24
>> Adding PairVLQ_x53x53_tWtW_narrow_RH_M1500_TuneCP5_13TeV-madgraph-pythia8_25.root to the list by reading PairVLQ_x53x53_tWtW_narrow_RH_M1500_TuneCP5_13TeV-madgraph-pythia8_25
>> Adding PairVLQ_x53x53_tWtW_narrow_RH_M1500_TuneCP5_13TeV-madgraph-pythia8_26.root to the list by reading PairVLQ_x53x53_tWtW_narrow_RH_M1500_TuneCP5_13TeV-madgraph-pythia8_26
>> Adding PairVLQ_x53x53_tWtW_narrow_RH_M1500_TuneCP5_13TeV-madgraph-pythia8_27.root to the list by reading PairVLQ_x53x53_tWtW_narrow_RH_M1500_TuneCP5_13TeV-madgraph-pythia8_27
>> Adding PairVLQ_x53x53_tWtW_narrow_RH_M1500_TuneCP5_13TeV-madgraph-pythia8_28.root to the list by reading PairVLQ_x53x53_tWtW_narrow_RH_M1500_TuneCP5_13TeV-madgraph-pythia8_28
>> Adding PairVLQ_x53x53_tWtW_narrow_RH_M1500_TuneCP5_13TeV-madgraph-pythia8_29.root to the list by reading PairVLQ_x53x53_tWtW_narrow_RH_M1500_TuneCP5_13TeV-madgraph-pythia8_29
>> Adding PairVLQ_x53x53_tWtW_narrow_RH_M1500_TuneCP5_13TeV-madgraph-pythia8_3.root to the list by reading PairVLQ_x53x53_tWtW_narrow_RH_M1500_TuneCP5_13TeV-madgraph-pythia8_3
>> Adding PairVLQ_x53x53_tWtW_narrow_RH_M1500_TuneCP5_13TeV-madgraph-pythia8_30.root to the list by reading PairVLQ_x53x53_tWtW_narrow_RH_M1500_TuneCP5_13TeV-madgraph-pythia8_30
>> Adding PairVLQ_x53x53_tWtW_narrow_RH_M1500_TuneCP5_13TeV-madgraph-pythia8_31.root to the list by reading PairVLQ_x53x53_tWtW_narrow_RH_M1500_TuneCP5_13TeV-madgraph-pythia8_31
>> Adding PairVLQ_x53x53_tWtW_narrow_RH_M1500_TuneCP5_13TeV-madgraph-pythia8_32.root to the list by reading PairVLQ_x53x53_tWtW_narrow_RH_M1500_TuneCP5_13TeV-madgraph-pythia8_32
>> Adding PairVLQ_x53x53_tWtW_narrow_RH_M1500_TuneCP5_13TeV-madgraph-pythia8_33.root to the list by reading PairVLQ_x53x53_tWtW_narrow_RH_M1500_TuneCP5_13TeV-madgraph-pythia8_33
>> Adding PairVLQ_x53x53_tWtW_narrow_RH_M1500_TuneCP5_13TeV-madgraph-pythia8_34.root to the list by reading PairVLQ_x53x53_tWtW_narrow_RH_M1500_TuneCP5_13TeV-madgraph-pythia8_34
>> Adding PairVLQ_x53x53_tWtW_narrow_RH_M1500_TuneCP5_13TeV-madgraph-pythia8_35.root to the list by reading PairVLQ_x53x53_tWtW_narrow_RH_M1500_TuneCP5_13TeV-madgraph-pythia8_35
>> Adding PairVLQ_x53x53_tWtW_narrow_RH_M1500_TuneCP5_13TeV-madgraph-pythia8_36.root to the list by reading PairVLQ_x53x53_tWtW_narrow_RH_M1500_TuneCP5_13TeV-madgraph-pythia8_36
>> Adding PairVLQ_x53x53_tWtW_narrow_RH_M1500_TuneCP5_13TeV-madgraph-pythia8_37.root to the list by reading PairVLQ_x53x53_tWtW_narrow_RH_M1500_TuneCP5_13TeV-madgraph-pythia8_37
>> Adding PairVLQ_x53x53_tWtW_narrow_RH_M1500_TuneCP5_13TeV-madgraph-pythia8_38.root to the list by reading PairVLQ_x53x53_tWtW_narrow_RH_M1500_TuneCP5_13TeV-madgraph-pythia8_38
>> Adding PairVLQ_x53x53_tWtW_narrow_RH_M1500_TuneCP5_13TeV-madgraph-pythia8_39.root to the list by reading PairVLQ_x53x53_tWtW_narrow_RH_M1500_TuneCP5_13TeV-madgraph-pythia8_39
>> Adding PairVLQ_x53x53_tWtW_narrow_RH_M1500_TuneCP5_13TeV-madgraph-pythia8_4.root to the list by reading PairVLQ_x53x53_tWtW_narrow_RH_M1500_TuneCP5_13TeV-madgraph-pythia8_4
>> Adding PairVLQ_x53x53_tWtW_narrow_RH_M1500_TuneCP5_13TeV-madgraph-pythia8_40.root to the list by reading PairVLQ_x53x53_tWtW_narrow_RH_M1500_TuneCP5_13TeV-madgraph-pythia8_40
>> Adding PairVLQ_x53x53_tWtW_narrow_RH_M1500_TuneCP5_13TeV-madgraph-pythia8_41.root to the list by reading PairVLQ_x53x53_tWtW_narrow_RH_M1500_TuneCP5_13TeV-madgraph-pythia8_41
>> Adding PairVLQ_x53x53_tWtW_narrow_RH_M1500_TuneCP5_13TeV-madgraph-pythia8_42.root to the list by reading PairVLQ_x53x53_tWtW_narrow_RH_M1500_TuneCP5_13TeV-madgraph-pythia8_42
>> Adding PairVLQ_x53x53_tWtW_narrow_RH_M1500_TuneCP5_13TeV-madgraph-pythia8_43.root to the list by reading PairVLQ_x53x53_tWtW_narrow_RH_M1500_TuneCP5_13TeV-madgraph-pythia8_43
>> Adding PairVLQ_x53x53_tWtW_narrow_RH_M1500_TuneCP5_13TeV-madgraph-pythia8_44.root to the list by reading PairVLQ_x53x53_tWtW_narrow_RH_M1500_TuneCP5_13TeV-madgraph-pythia8_44
[OPT] Using deepCSV reshaping file: reshaping_deepCSV_106XUL17_v4.csv
[OPT] Using deepJet reshaping file: reshaping_deepJet_106XUL17_v4.csv

>> Running /isilon/hadoop/store/group/bruxljm/FWLJMET106XUL_singleLep2017UL_RunIISummer20_X53X53/PairVLQ_x53x53_tWtW_narrow_RH_M1500_TuneCP5_13TeV-madgraph-pythia8/singleLep2017UL/230310_180718/0000/PairVLQ_x53x53_tWtW_narrow_RH_M1500_TuneCP5_13TeV-madgraph-pythia8_18.root for shift: nominal
[step1.h] Opening file: /isilon/hadoop/store/group/bruxljm/FWLJMET106XUL_singleLep2017UL_RunIISummer20_X53X53/PairVLQ_x53x53_tWtW_narrow_RH_M1500_TuneCP5_13TeV-madgraph-pythia8/singleLep2017UL/230310_180718/0000/PairVLQ_x53x53_tWtW_narrow_RH_M1500_TuneCP5_13TeV-madgraph-pythia8_18.root
[step1.h] Finished initializing
RUN CONFIG: YEAR = 2017
Era = 
isMC = 1, isSig = 1, SigMass = 8
isHad =0, isSE =0, isSM =0
isTTTT = 0, isXX = 1, isTpTp = 0, isBpBp = 0
For W's: isTT = 0, isSTt = 0, isSTtW = 0
For jets & PDF: isTOP = 0, isMadgraphBkg = 1
For HOTTagger Efficiencies: isTTV = 0, isTTHbb = 0, isTTHnonbb = 0, isTTTX = 0
isTTVV = 0, isST = 0, isTTToSemiLeptonHT500Njet9 = 0
Pileup sample key: PairVLQ_x53x53_tWtW_narrow_RH_M1500_TuneCP5_13TeV-madgraph-pythia8
b-tagging working points: 0.304(DeepJet)0.4506(DeepCSV)
isTTincMtt0to700: 0
isTTincMtt0to1000: 0
isTTincMtt700to1000: 0
isTTincMtt1000toInf: 0
isTTSemilepIncHT0Njet0: 0
isTTSemilepIncHT500Njet9: 0
outTTLF: 0
outTTCC: 0
outTTBB: 0
outTT1B: 0
outTT2B: 0
>> Completed 0 out of 522 events
[INFO] Defaulting to central deepJet weight for: nominal
Nelectrons      = 229 / 522
Npassed_ElEta   = 229 / 522
Nmuons          = 293 / 522
NrelIsoFail     = 0 / 522
Npassed_MuEta   = 293 / 522
Npassed_nAK8Jets= 522 / 522
Npassed_Trigger = 508 / 522
Npassed_MET     = 468 / 522
Npassed_lepPt   = 485 / 522
Npassed_HT      = 520 / 522
npass_Njets     = 520 / 522
Npassed_ALL     = 432 / 522

>> Running /isilon/hadoop/store/group/bruxljm/FWLJMET106XUL_singleLep2017UL_RunIISummer20_X53X53/PairVLQ_x53x53_tWtW_narrow_RH_M1500_TuneCP5_13TeV-madgraph-pythia8/singleLep2017UL/230310_180718/0000/PairVLQ_x53x53_tWtW_narrow_RH_M1500_TuneCP5_13TeV-madgraph-pythia8_19.root for shift: nominal
[step1.h] Opening file: /isilon/hadoop/store/group/bruxljm/FWLJMET106XUL_singleLep2017UL_RunIISummer20_X53X53/PairVLQ_x53x53_tWtW_narrow_RH_M1500_TuneCP5_13TeV-madgraph-pythia8/singleLep2017UL/230310_180718/0000/PairVLQ_x53x53_tWtW_narrow_RH_M1500_TuneCP5_13TeV-madgraph-pythia8_19.root
[step1.h] Finished initializing
RUN CONFIG: YEAR = 2017
Era = 
isMC = 1, isSig = 1, SigMass = 8
isHad =0, isSE =0, isSM =0
isTTTT = 0, isXX = 1, isTpTp = 0, isBpBp = 0
For W's: isTT = 0, isSTt = 0, isSTtW = 0
For jets & PDF: isTOP = 0, isMadgraphBkg = 1
For HOTTagger Efficiencies: isTTV = 0, isTTHbb = 0, isTTHnonbb = 0, isTTTX = 0
isTTVV = 0, isST = 0, isTTToSemiLeptonHT500Njet9 = 0
Pileup sample key: PairVLQ_x53x53_tWtW_narrow_RH_M1500_TuneCP5_13TeV-madgraph-pythia8
b-tagging working points: 0.304(DeepJet)0.4506(DeepCSV)
isTTincMtt0to700: 0
isTTincMtt0to1000: 0
isTTincMtt700to1000: 0
isTTincMtt1000toInf: 0
isTTSemilepIncHT0Njet0: 0
isTTSemilepIncHT500Njet9: 0
outTTLF: 0
outTTCC: 0
outTTBB: 0
outTT1B: 0
outTT2B: 0
>> Completed 0 out of 1061 events
[INFO] Defaulting to central deepJet weight for: nominal
>> Completed 1000 out of 1061 events
Nelectrons      = 470 / 1061
Npassed_ElEta   = 470 / 1061
Nmuons          = 591 / 1061
NrelIsoFail     = 0 / 1061
Npassed_MuEta   = 591 / 1061
Npassed_nAK8Jets= 1061 / 1061
Npassed_Trigger = 1028 / 1061
Npassed_MET     = 975 / 1061
Npassed_lepPt   = 972 / 1061
Npassed_HT      = 1060 / 1061
npass_Njets     = 1056 / 1061
Npassed_ALL     = 889 / 1061

>> Running /isilon/hadoop/store/group/bruxljm/FWLJMET106XUL_singleLep2017UL_RunIISummer20_X53X53/PairVLQ_x53x53_tWtW_narrow_RH_M1500_TuneCP5_13TeV-madgraph-pythia8/singleLep2017UL/230310_180718/0000/PairVLQ_x53x53_tWtW_narrow_RH_M1500_TuneCP5_13TeV-madgraph-pythia8_2.root for shift: nominal
[step1.h] Opening file: /isilon/hadoop/store/group/bruxljm/FWLJMET106XUL_singleLep2017UL_RunIISummer20_X53X53/PairVLQ_x53x53_tWtW_narrow_RH_M1500_TuneCP5_13TeV-madgraph-pythia8/singleLep2017UL/230310_180718/0000/PairVLQ_x53x53_tWtW_narrow_RH_M1500_TuneCP5_13TeV-madgraph-pythia8_2.root
[step1.h] Finished initializing
RUN CONFIG: YEAR = 2017
Era = 
isMC = 1, isSig = 1, SigMass = 8
isHad =0, isSE =0, isSM =0
isTTTT = 0, isXX = 1, isTpTp = 0, isBpBp = 0
For W's: isTT = 0, isSTt = 0, isSTtW = 0
For jets & PDF: isTOP = 0, isMadgraphBkg = 1
For HOTTagger Efficiencies: isTTV = 0, isTTHbb = 0, isTTHnonbb = 0, isTTTX = 0
isTTVV = 0, isST = 0, isTTToSemiLeptonHT500Njet9 = 0
Pileup sample key: PairVLQ_x53x53_tWtW_narrow_RH_M1500_TuneCP5_13TeV-madgraph-pythia8
b-tagging working points: 0.304(DeepJet)0.4506(DeepCSV)
isTTincMtt0to700: 0
isTTincMtt0to1000: 0
isTTincMtt700to1000: 0
isTTincMtt1000toInf: 0
isTTSemilepIncHT0Njet0: 0
isTTSemilepIncHT500Njet9: 0
outTTLF: 0
outTTCC: 0
outTTBB: 0
outTT1B: 0
outTT2B: 0
>> Completed 0 out of 1076 events
[INFO] Defaulting to central deepJet weight for: nominal
>> Completed 1000 out of 1076 events
Nelectrons      = 498 / 1076
Npassed_ElEta   = 498 / 1076
Nmuons          = 578 / 1076
NrelIsoFail     = 0 / 1076
Npassed_MuEta   = 578 / 1076
Npassed_nAK8Jets= 1076 / 1076
Npassed_Trigger = 1032 / 1076
Npassed_MET     = 967 / 1076
Npassed_lepPt   = 999 / 1076
Npassed_HT      = 1076 / 1076
npass_Njets     = 1069 / 1076
Npassed_ALL     = 890 / 1076

>> Running /isilon/hadoop/store/group/bruxljm/FWLJMET106XUL_singleLep2017UL_RunIISummer20_X53X53/PairVLQ_x53x53_tWtW_narrow_RH_M1500_TuneCP5_13TeV-madgraph-pythia8/singleLep2017UL/230310_180718/0000/PairVLQ_x53x53_tWtW_narrow_RH_M1500_TuneCP5_13TeV-madgraph-pythia8_20.root for shift: nominal
[step1.h] Opening file: /isilon/hadoop/store/group/bruxljm/FWLJMET106XUL_singleLep2017UL_RunIISummer20_X53X53/PairVLQ_x53x53_tWtW_narrow_RH_M1500_TuneCP5_13TeV-madgraph-pythia8/singleLep2017UL/230310_180718/0000/PairVLQ_x53x53_tWtW_narrow_RH_M1500_TuneCP5_13TeV-madgraph-pythia8_20.root
[step1.h] Finished initializing
RUN CONFIG: YEAR = 2017
Era = 
isMC = 1, isSig = 1, SigMass = 8
isHad =0, isSE =0, isSM =0
isTTTT = 0, isXX = 1, isTpTp = 0, isBpBp = 0
For W's: isTT = 0, isSTt = 0, isSTtW = 0
For jets & PDF: isTOP = 0, isMadgraphBkg = 1
For HOTTagger Efficiencies: isTTV = 0, isTTHbb = 0, isTTHnonbb = 0, isTTTX = 0
isTTVV = 0, isST = 0, isTTToSemiLeptonHT500Njet9 = 0
Pileup sample key: PairVLQ_x53x53_tWtW_narrow_RH_M1500_TuneCP5_13TeV-madgraph-pythia8
b-tagging working points: 0.304(DeepJet)0.4506(DeepCSV)
isTTincMtt0to700: 0
isTTincMtt0to1000: 0
isTTincMtt700to1000: 0
isTTincMtt1000toInf: 0
isTTSemilepIncHT0Njet0: 0
isTTSemilepIncHT500Njet9: 0
outTTLF: 0
outTTCC: 0
outTTBB: 0
outTT1B: 0
outTT2B: 0
>> Completed 0 out of 1076 events
[INFO] Defaulting to central deepJet weight for: nominal
>> Completed 1000 out of 1076 events
Nelectrons      = 499 / 1076
Npassed_ElEta   = 499 / 1076
Nmuons          = 577 / 1076
NrelIsoFail     = 0 / 1076
Npassed_MuEta   = 577 / 1076
Npassed_nAK8Jets= 1076 / 1076
Npassed_Trigger = 1038 / 1076
Npassed_MET     = 960 / 1076
Npassed_lepPt   = 1004 / 1076
Npassed_HT      = 1074 / 1076
npass_Njets     = 1074 / 1076
Npassed_ALL     = 892 / 1076

>> Running /isilon/hadoop/store/group/bruxljm/FWLJMET106XUL_singleLep2017UL_RunIISummer20_X53X53/PairVLQ_x53x53_tWtW_narrow_RH_M1500_TuneCP5_13TeV-madgraph-pythia8/singleLep2017UL/230310_180718/0000/PairVLQ_x53x53_tWtW_narrow_RH_M1500_TuneCP5_13TeV-madgraph-pythia8_21.root for shift: nominal
[step1.h] Opening file: /isilon/hadoop/store/group/bruxljm/FWLJMET106XUL_singleLep2017UL_RunIISummer20_X53X53/PairVLQ_x53x53_tWtW_narrow_RH_M1500_TuneCP5_13TeV-madgraph-pythia8/singleLep2017UL/230310_180718/0000/PairVLQ_x53x53_tWtW_narrow_RH_M1500_TuneCP5_13TeV-madgraph-pythia8_21.root
[step1.h] Finished initializing
RUN CONFIG: YEAR = 2017
Era = 
isMC = 1, isSig = 1, SigMass = 8
isHad =0, isSE =0, isSM =0
isTTTT = 0, isXX = 1, isTpTp = 0, isBpBp = 0
For W's: isTT = 0, isSTt = 0, isSTtW = 0
For jets & PDF: isTOP = 0, isMadgraphBkg = 1
For HOTTagger Efficiencies: isTTV = 0, isTTHbb = 0, isTTHnonbb = 0, isTTTX = 0
isTTVV = 0, isST = 0, isTTToSemiLeptonHT500Njet9 = 0
Pileup sample key: PairVLQ_x53x53_tWtW_narrow_RH_M1500_TuneCP5_13TeV-madgraph-pythia8
b-tagging working points: 0.304(DeepJet)0.4506(DeepCSV)
isTTincMtt0to700: 0
isTTincMtt0to1000: 0
isTTincMtt700to1000: 0
isTTincMtt1000toInf: 0
isTTSemilepIncHT0Njet0: 0
isTTSemilepIncHT500Njet9: 0
outTTLF: 0
outTTCC: 0
outTTBB: 0
outTT1B: 0
outTT2B: 0
>> Completed 0 out of 1046 events
[INFO] Defaulting to central deepJet weight for: nominal
>> Completed 1000 out of 1046 events
Nelectrons      = 494 / 1046
Npassed_ElEta   = 494 / 1046
Nmuons          = 552 / 1046
NrelIsoFail     = 0 / 1046
Npassed_MuEta   = 552 / 1046
Npassed_nAK8Jets= 1046 / 1046
Npassed_Trigger = 1000 / 1046
Npassed_MET     = 946 / 1046
Npassed_lepPt   = 983 / 1046
Npassed_HT      = 1043 / 1046
npass_Njets     = 1043 / 1046
Npassed_ALL     = 883 / 1046

>> Running /isilon/hadoop/store/group/bruxljm/FWLJMET106XUL_singleLep2017UL_RunIISummer20_X53X53/PairVLQ_x53x53_tWtW_narrow_RH_M1500_TuneCP5_13TeV-madgraph-pythia8/singleLep2017UL/230310_180718/0000/PairVLQ_x53x53_tWtW_narrow_RH_M1500_TuneCP5_13TeV-madgraph-pythia8_22.root for shift: nominal
[step1.h] Opening file: /isilon/hadoop/store/group/bruxljm/FWLJMET106XUL_singleLep2017UL_RunIISummer20_X53X53/PairVLQ_x53x53_tWtW_narrow_RH_M1500_TuneCP5_13TeV-madgraph-pythia8/singleLep2017UL/230310_180718/0000/PairVLQ_x53x53_tWtW_narrow_RH_M1500_TuneCP5_13TeV-madgraph-pythia8_22.root
[step1.h] Finished initializing
RUN CONFIG: YEAR = 2017
Era = 
isMC = 1, isSig = 1, SigMass = 8
isHad =0, isSE =0, isSM =0
isTTTT = 0, isXX = 1, isTpTp = 0, isBpBp = 0
For W's: isTT = 0, isSTt = 0, isSTtW = 0
For jets & PDF: isTOP = 0, isMadgraphBkg = 1
For HOTTagger Efficiencies: isTTV = 0, isTTHbb = 0, isTTHnonbb = 0, isTTTX = 0
isTTVV = 0, isST = 0, isTTToSemiLeptonHT500Njet9 = 0
Pileup sample key: PairVLQ_x53x53_tWtW_narrow_RH_M1500_TuneCP5_13TeV-madgraph-pythia8
b-tagging working points: 0.304(DeepJet)0.4506(DeepCSV)
isTTincMtt0to700: 0
isTTincMtt0to1000: 0
isTTincMtt700to1000: 0
isTTincMtt1000toInf: 0
isTTSemilepIncHT0Njet0: 0
isTTSemilepIncHT500Njet9: 0
outTTLF: 0
outTTCC: 0
outTTBB: 0
outTT1B: 0
outTT2B: 0
>> Completed 0 out of 1048 events
[INFO] Defaulting to central deepJet weight for: nominal
>> Completed 1000 out of 1048 events
Nelectrons      = 481 / 1048
Npassed_ElEta   = 481 / 1048
Nmuons          = 567 / 1048
NrelIsoFail     = 0 / 1048
Npassed_MuEta   = 567 / 1048
Npassed_nAK8Jets= 1048 / 1048
Npassed_Trigger = 1011 / 1048
Npassed_MET     = 946 / 1048
Npassed_lepPt   = 970 / 1048
Npassed_HT      = 1046 / 1048
npass_Njets     = 1044 / 1048
Npassed_ALL     = 868 / 1048

>> Running /isilon/hadoop/store/group/bruxljm/FWLJMET106XUL_singleLep2017UL_RunIISummer20_X53X53/PairVLQ_x53x53_tWtW_narrow_RH_M1500_TuneCP5_13TeV-madgraph-pythia8/singleLep2017UL/230310_180718/0000/PairVLQ_x53x53_tWtW_narrow_RH_M1500_TuneCP5_13TeV-madgraph-pythia8_23.root for shift: nominal
[step1.h] Opening file: /isilon/hadoop/store/group/bruxljm/FWLJMET106XUL_singleLep2017UL_RunIISummer20_X53X53/PairVLQ_x53x53_tWtW_narrow_RH_M1500_TuneCP5_13TeV-madgraph-pythia8/singleLep2017UL/230310_180718/0000/PairVLQ_x53x53_tWtW_narrow_RH_M1500_TuneCP5_13TeV-madgraph-pythia8_23.root
[step1.h] Finished initializing
RUN CONFIG: YEAR = 2017
Era = 
isMC = 1, isSig = 1, SigMass = 8
isHad =0, isSE =0, isSM =0
isTTTT = 0, isXX = 1, isTpTp = 0, isBpBp = 0
For W's: isTT = 0, isSTt = 0, isSTtW = 0
For jets & PDF: isTOP = 0, isMadgraphBkg = 1
For HOTTagger Efficiencies: isTTV = 0, isTTHbb = 0, isTTHnonbb = 0, isTTTX = 0
isTTVV = 0, isST = 0, isTTToSemiLeptonHT500Njet9 = 0
Pileup sample key: PairVLQ_x53x53_tWtW_narrow_RH_M1500_TuneCP5_13TeV-madgraph-pythia8
b-tagging working points: 0.304(DeepJet)0.4506(DeepCSV)
isTTincMtt0to700: 0
isTTincMtt0to1000: 0
isTTincMtt700to1000: 0
isTTincMtt1000toInf: 0
isTTSemilepIncHT0Njet0: 0
isTTSemilepIncHT500Njet9: 0
outTTLF: 0
outTTCC: 0
outTTBB: 0
outTT1B: 0
outTT2B: 0
>> Completed 0 out of 1000 events
[INFO] Defaulting to central deepJet weight for: nominal
Nelectrons      = 467 / 1000
Npassed_ElEta   = 467 / 1000
Nmuons          = 533 / 1000
NrelIsoFail     = 0 / 1000
Npassed_MuEta   = 533 / 1000
Npassed_nAK8Jets= 1000 / 1000
Npassed_Trigger = 969 / 1000
Npassed_MET     = 907 / 1000
Npassed_lepPt   = 920 / 1000
Npassed_HT      = 998 / 1000
npass_Njets     = 996 / 1000
Npassed_ALL     = 831 / 1000

>> Running /isilon/hadoop/store/group/bruxljm/FWLJMET106XUL_singleLep2017UL_RunIISummer20_X53X53/PairVLQ_x53x53_tWtW_narrow_RH_M1500_TuneCP5_13TeV-madgraph-pythia8/singleLep2017UL/230310_180718/0000/PairVLQ_x53x53_tWtW_narrow_RH_M1500_TuneCP5_13TeV-madgraph-pythia8_24.root for shift: nominal
[step1.h] Opening file: /isilon/hadoop/store/group/bruxljm/FWLJMET106XUL_singleLep2017UL_RunIISummer20_X53X53/PairVLQ_x53x53_tWtW_narrow_RH_M1500_TuneCP5_13TeV-madgraph-pythia8/singleLep2017UL/230310_180718/0000/PairVLQ_x53x53_tWtW_narrow_RH_M1500_TuneCP5_13TeV-madgraph-pythia8_24.root
[step1.h] Finished initializing
RUN CONFIG: YEAR = 2017
Era = 
isMC = 1, isSig = 1, SigMass = 8
isHad =0, isSE =0, isSM =0
isTTTT = 0, isXX = 1, isTpTp = 0, isBpBp = 0
For W's: isTT = 0, isSTt = 0, isSTtW = 0
For jets & PDF: isTOP = 0, isMadgraphBkg = 1
For HOTTagger Efficiencies: isTTV = 0, isTTHbb = 0, isTTHnonbb = 0, isTTTX = 0
isTTVV = 0, isST = 0, isTTToSemiLeptonHT500Njet9 = 0
Pileup sample key: PairVLQ_x53x53_tWtW_narrow_RH_M1500_TuneCP5_13TeV-madgraph-pythia8
b-tagging working points: 0.304(DeepJet)0.4506(DeepCSV)
isTTincMtt0to700: 0
isTTincMtt0to1000: 0
isTTincMtt700to1000: 0
isTTincMtt1000toInf: 0
isTTSemilepIncHT0Njet0: 0
isTTSemilepIncHT500Njet9: 0
outTTLF: 0
outTTCC: 0
outTTBB: 0
outTT1B: 0
outTT2B: 0
>> Completed 0 out of 1031 events
[INFO] Defaulting to central deepJet weight for: nominal
>> Completed 1000 out of 1031 events
Nelectrons      = 449 / 1031
Npassed_ElEta   = 449 / 1031
Nmuons          = 582 / 1031
NrelIsoFail     = 0 / 1031
Npassed_MuEta   = 582 / 1031
Npassed_nAK8Jets= 1031 / 1031
Npassed_Trigger = 1000 / 1031
Npassed_MET     = 945 / 1031
Npassed_lepPt   = 953 / 1031
Npassed_HT      = 1027 / 1031
npass_Njets     = 1027 / 1031
Npassed_ALL     = 867 / 1031

>> Running /isilon/hadoop/store/group/bruxljm/FWLJMET106XUL_singleLep2017UL_RunIISummer20_X53X53/PairVLQ_x53x53_tWtW_narrow_RH_M1500_TuneCP5_13TeV-madgraph-pythia8/singleLep2017UL/230310_180718/0000/PairVLQ_x53x53_tWtW_narrow_RH_M1500_TuneCP5_13TeV-madgraph-pythia8_25.root for shift: nominal
[step1.h] Opening file: /isilon/hadoop/store/group/bruxljm/FWLJMET106XUL_singleLep2017UL_RunIISummer20_X53X53/PairVLQ_x53x53_tWtW_narrow_RH_M1500_TuneCP5_13TeV-madgraph-pythia8/singleLep2017UL/230310_180718/0000/PairVLQ_x53x53_tWtW_narrow_RH_M1500_TuneCP5_13TeV-madgraph-pythia8_25.root
[step1.h] Finished initializing
RUN CONFIG: YEAR = 2017
Era = 
isMC = 1, isSig = 1, SigMass = 8
isHad =0, isSE =0, isSM =0
isTTTT = 0, isXX = 1, isTpTp = 0, isBpBp = 0
For W's: isTT = 0, isSTt = 0, isSTtW = 0
For jets & PDF: isTOP = 0, isMadgraphBkg = 1
For HOTTagger Efficiencies: isTTV = 0, isTTHbb = 0, isTTHnonbb = 0, isTTTX = 0
isTTVV = 0, isST = 0, isTTToSemiLeptonHT500Njet9 = 0
Pileup sample key: PairVLQ_x53x53_tWtW_narrow_RH_M1500_TuneCP5_13TeV-madgraph-pythia8
b-tagging working points: 0.304(DeepJet)0.4506(DeepCSV)
isTTincMtt0to700: 0
isTTincMtt0to1000: 0
isTTincMtt700to1000: 0
isTTincMtt1000toInf: 0
isTTSemilepIncHT0Njet0: 0
isTTSemilepIncHT500Njet9: 0
outTTLF: 0
outTTCC: 0
outTTBB: 0
outTT1B: 0
outTT2B: 0
>> Completed 0 out of 1069 events
[INFO] Defaulting to central deepJet weight for: nominal
>> Completed 1000 out of 1069 events
Nelectrons      = 486 / 1069
Npassed_ElEta   = 486 / 1069
Nmuons          = 583 / 1069
NrelIsoFail     = 0 / 1069
Npassed_MuEta   = 583 / 1069
Npassed_nAK8Jets= 1069 / 1069
Npassed_Trigger = 1039 / 1069
Npassed_MET     = 972 / 1069
Npassed_lepPt   = 999 / 1069
Npassed_HT      = 1068 / 1069
npass_Njets     = 1063 / 1069
Npassed_ALL     = 899 / 1069

>> Running /isilon/hadoop/store/group/bruxljm/FWLJMET106XUL_singleLep2017UL_RunIISummer20_X53X53/PairVLQ_x53x53_tWtW_narrow_RH_M1500_TuneCP5_13TeV-madgraph-pythia8/singleLep2017UL/230310_180718/0000/PairVLQ_x53x53_tWtW_narrow_RH_M1500_TuneCP5_13TeV-madgraph-pythia8_26.root for shift: nominal
[step1.h] Opening file: /isilon/hadoop/store/group/bruxljm/FWLJMET106XUL_singleLep2017UL_RunIISummer20_X53X53/PairVLQ_x53x53_tWtW_narrow_RH_M1500_TuneCP5_13TeV-madgraph-pythia8/singleLep2017UL/230310_180718/0000/PairVLQ_x53x53_tWtW_narrow_RH_M1500_TuneCP5_13TeV-madgraph-pythia8_26.root
[step1.h] Finished initializing
RUN CONFIG: YEAR = 2017
Era = 
isMC = 1, isSig = 1, SigMass = 8
isHad =0, isSE =0, isSM =0
isTTTT = 0, isXX = 1, isTpTp = 0, isBpBp = 0
For W's: isTT = 0, isSTt = 0, isSTtW = 0
For jets & PDF: isTOP = 0, isMadgraphBkg = 1
For HOTTagger Efficiencies: isTTV = 0, isTTHbb = 0, isTTHnonbb = 0, isTTTX = 0
isTTVV = 0, isST = 0, isTTToSemiLeptonHT500Njet9 = 0
Pileup sample key: PairVLQ_x53x53_tWtW_narrow_RH_M1500_TuneCP5_13TeV-madgraph-pythia8
b-tagging working points: 0.304(DeepJet)0.4506(DeepCSV)
isTTincMtt0to700: 0
isTTincMtt0to1000: 0
isTTincMtt700to1000: 0
isTTincMtt1000toInf: 0
isTTSemilepIncHT0Njet0: 0
isTTSemilepIncHT500Njet9: 0
outTTLF: 0
outTTCC: 0
outTTBB: 0
outTT1B: 0
outTT2B: 0
>> Completed 0 out of 1043 events
[INFO] Defaulting to central deepJet weight for: nominal
>> Completed 1000 out of 1043 events
Nelectrons      = 477 / 1043
Npassed_ElEta   = 477 / 1043
Nmuons          = 566 / 1043
NrelIsoFail     = 0 / 1043
Npassed_MuEta   = 566 / 1043
Npassed_nAK8Jets= 1043 / 1043
Npassed_Trigger = 1013 / 1043
Npassed_MET     = 960 / 1043
Npassed_lepPt   = 971 / 1043
Npassed_HT      = 1041 / 1043
npass_Njets     = 1036 / 1043
Npassed_ALL     = 889 / 1043

>> Running /isilon/hadoop/store/group/bruxljm/FWLJMET106XUL_singleLep2017UL_RunIISummer20_X53X53/PairVLQ_x53x53_tWtW_narrow_RH_M1500_TuneCP5_13TeV-madgraph-pythia8/singleLep2017UL/230310_180718/0000/PairVLQ_x53x53_tWtW_narrow_RH_M1500_TuneCP5_13TeV-madgraph-pythia8_27.root for shift: nominal
[step1.h] Opening file: /isilon/hadoop/store/group/bruxljm/FWLJMET106XUL_singleLep2017UL_RunIISummer20_X53X53/PairVLQ_x53x53_tWtW_narrow_RH_M1500_TuneCP5_13TeV-madgraph-pythia8/singleLep2017UL/230310_180718/0000/PairVLQ_x53x53_tWtW_narrow_RH_M1500_TuneCP5_13TeV-madgraph-pythia8_27.root
[step1.h] Finished initializing
RUN CONFIG: YEAR = 2017
Era = 
isMC = 1, isSig = 1, SigMass = 8
isHad =0, isSE =0, isSM =0
isTTTT = 0, isXX = 1, isTpTp = 0, isBpBp = 0
For W's: isTT = 0, isSTt = 0, isSTtW = 0
For jets & PDF: isTOP = 0, isMadgraphBkg = 1
For HOTTagger Efficiencies: isTTV = 0, isTTHbb = 0, isTTHnonbb = 0, isTTTX = 0
isTTVV = 0, isST = 0, isTTToSemiLeptonHT500Njet9 = 0
Pileup sample key: PairVLQ_x53x53_tWtW_narrow_RH_M1500_TuneCP5_13TeV-madgraph-pythia8
b-tagging working points: 0.304(DeepJet)0.4506(DeepCSV)
isTTincMtt0to700: 0
isTTincMtt0to1000: 0
isTTincMtt700to1000: 0
isTTincMtt1000toInf: 0
isTTSemilepIncHT0Njet0: 0
isTTSemilepIncHT500Njet9: 0
outTTLF: 0
outTTCC: 0
outTTBB: 0
outTT1B: 0
outTT2B: 0
>> Completed 0 out of 1066 events
[INFO] Defaulting to central deepJet weight for: nominal
>> Completed 1000 out of 1066 events
Nelectrons      = 507 / 1066
Npassed_ElEta   = 507 / 1066
Nmuons          = 559 / 1066
NrelIsoFail     = 0 / 1066
Npassed_MuEta   = 559 / 1066
Npassed_nAK8Jets= 1066 / 1066
Npassed_Trigger = 1023 / 1066
Npassed_MET     = 978 / 1066
Npassed_lepPt   = 978 / 1066
Npassed_HT      = 1066 / 1066
npass_Njets     = 1058 / 1066
Npassed_ALL     = 888 / 1066

>> Running /isilon/hadoop/store/group/bruxljm/FWLJMET106XUL_singleLep2017UL_RunIISummer20_X53X53/PairVLQ_x53x53_tWtW_narrow_RH_M1500_TuneCP5_13TeV-madgraph-pythia8/singleLep2017UL/230310_180718/0000/PairVLQ_x53x53_tWtW_narrow_RH_M1500_TuneCP5_13TeV-madgraph-pythia8_28.root for shift: nominal
[step1.h] Opening file: /isilon/hadoop/store/group/bruxljm/FWLJMET106XUL_singleLep2017UL_RunIISummer20_X53X53/PairVLQ_x53x53_tWtW_narrow_RH_M1500_TuneCP5_13TeV-madgraph-pythia8/singleLep2017UL/230310_180718/0000/PairVLQ_x53x53_tWtW_narrow_RH_M1500_TuneCP5_13TeV-madgraph-pythia8_28.root
[step1.h] Finished initializing
RUN CONFIG: YEAR = 2017
Era = 
isMC = 1, isSig = 1, SigMass = 8
isHad =0, isSE =0, isSM =0
isTTTT = 0, isXX = 1, isTpTp = 0, isBpBp = 0
For W's: isTT = 0, isSTt = 0, isSTtW = 0
For jets & PDF: isTOP = 0, isMadgraphBkg = 1
For HOTTagger Efficiencies: isTTV = 0, isTTHbb = 0, isTTHnonbb = 0, isTTTX = 0
isTTVV = 0, isST = 0, isTTToSemiLeptonHT500Njet9 = 0
Pileup sample key: PairVLQ_x53x53_tWtW_narrow_RH_M1500_TuneCP5_13TeV-madgraph-pythia8
b-tagging working points: 0.304(DeepJet)0.4506(DeepCSV)
isTTincMtt0to700: 0
isTTincMtt0to1000: 0
isTTincMtt700to1000: 0
isTTincMtt1000toInf: 0
isTTSemilepIncHT0Njet0: 0
isTTSemilepIncHT500Njet9: 0
outTTLF: 0
outTTCC: 0
outTTBB: 0
outTT1B: 0
outTT2B: 0
>> Completed 0 out of 1026 events
[INFO] Defaulting to central deepJet weight for: nominal
>> Completed 1000 out of 1026 events
Nelectrons      = 454 / 1026
Npassed_ElEta   = 454 / 1026
Nmuons          = 572 / 1026
NrelIsoFail     = 0 / 1026
Npassed_MuEta   = 572 / 1026
Npassed_nAK8Jets= 1026 / 1026
Npassed_Trigger = 978 / 1026
Npassed_MET     = 937 / 1026
Npassed_lepPt   = 960 / 1026
Npassed_HT      = 1024 / 1026
npass_Njets     = 1020 / 1026
Npassed_ALL     = 875 / 1026

>> Running /isilon/hadoop/store/group/bruxljm/FWLJMET106XUL_singleLep2017UL_RunIISummer20_X53X53/PairVLQ_x53x53_tWtW_narrow_RH_M1500_TuneCP5_13TeV-madgraph-pythia8/singleLep2017UL/230310_180718/0000/PairVLQ_x53x53_tWtW_narrow_RH_M1500_TuneCP5_13TeV-madgraph-pythia8_29.root for shift: nominal
[step1.h] Opening file: /isilon/hadoop/store/group/bruxljm/FWLJMET106XUL_singleLep2017UL_RunIISummer20_X53X53/PairVLQ_x53x53_tWtW_narrow_RH_M1500_TuneCP5_13TeV-madgraph-pythia8/singleLep2017UL/230310_180718/0000/PairVLQ_x53x53_tWtW_narrow_RH_M1500_TuneCP5_13TeV-madgraph-pythia8_29.root
[step1.h] Finished initializing
RUN CONFIG: YEAR = 2017
Era = 
isMC = 1, isSig = 1, SigMass = 8
isHad =0, isSE =0, isSM =0
isTTTT = 0, isXX = 1, isTpTp = 0, isBpBp = 0
For W's: isTT = 0, isSTt = 0, isSTtW = 0
For jets & PDF: isTOP = 0, isMadgraphBkg = 1
For HOTTagger Efficiencies: isTTV = 0, isTTHbb = 0, isTTHnonbb = 0, isTTTX = 0
isTTVV = 0, isST = 0, isTTToSemiLeptonHT500Njet9 = 0
Pileup sample key: PairVLQ_x53x53_tWtW_narrow_RH_M1500_TuneCP5_13TeV-madgraph-pythia8
b-tagging working points: 0.304(DeepJet)0.4506(DeepCSV)
isTTincMtt0to700: 0
isTTincMtt0to1000: 0
isTTincMtt700to1000: 0
isTTincMtt1000toInf: 0
isTTSemilepIncHT0Njet0: 0
isTTSemilepIncHT500Njet9: 0
outTTLF: 0
outTTCC: 0
outTTBB: 0
outTT1B: 0
outTT2B: 0
>> Completed 0 out of 1016 events
[INFO] Defaulting to central deepJet weight for: nominal
>> Completed 1000 out of 1016 events
Nelectrons      = 478 / 1016
Npassed_ElEta   = 478 / 1016
Nmuons          = 538 / 1016
NrelIsoFail     = 0 / 1016
Npassed_MuEta   = 538 / 1016
Npassed_nAK8Jets= 1016 / 1016
Npassed_Trigger = 980 / 1016
Npassed_MET     = 924 / 1016
Npassed_lepPt   = 936 / 1016
Npassed_HT      = 1015 / 1016
npass_Njets     = 1010 / 1016
Npassed_ALL     = 846 / 1016

>> Running /isilon/hadoop/store/group/bruxljm/FWLJMET106XUL_singleLep2017UL_RunIISummer20_X53X53/PairVLQ_x53x53_tWtW_narrow_RH_M1500_TuneCP5_13TeV-madgraph-pythia8/singleLep2017UL/230310_180718/0000/PairVLQ_x53x53_tWtW_narrow_RH_M1500_TuneCP5_13TeV-madgraph-pythia8_3.root for shift: nominal
[step1.h] Opening file: /isilon/hadoop/store/group/bruxljm/FWLJMET106XUL_singleLep2017UL_RunIISummer20_X53X53/PairVLQ_x53x53_tWtW_narrow_RH_M1500_TuneCP5_13TeV-madgraph-pythia8/singleLep2017UL/230310_180718/0000/PairVLQ_x53x53_tWtW_narrow_RH_M1500_TuneCP5_13TeV-madgraph-pythia8_3.root
[step1.h] Finished initializing
RUN CONFIG: YEAR = 2017
Era = 
isMC = 1, isSig = 1, SigMass = 8
isHad =0, isSE =0, isSM =0
isTTTT = 0, isXX = 1, isTpTp = 0, isBpBp = 0
For W's: isTT = 0, isSTt = 0, isSTtW = 0
For jets & PDF: isTOP = 0, isMadgraphBkg = 1
For HOTTagger Efficiencies: isTTV = 0, isTTHbb = 0, isTTHnonbb = 0, isTTTX = 0
isTTVV = 0, isST = 0, isTTToSemiLeptonHT500Njet9 = 0
Pileup sample key: PairVLQ_x53x53_tWtW_narrow_RH_M1500_TuneCP5_13TeV-madgraph-pythia8
b-tagging working points: 0.304(DeepJet)0.4506(DeepCSV)
isTTincMtt0to700: 0
isTTincMtt0to1000: 0
isTTincMtt700to1000: 0
isTTincMtt1000toInf: 0
isTTSemilepIncHT0Njet0: 0
isTTSemilepIncHT500Njet9: 0
outTTLF: 0
outTTCC: 0
outTTBB: 0
outTT1B: 0
outTT2B: 0
>> Completed 0 out of 1075 events
[INFO] Defaulting to central deepJet weight for: nominal
>> Completed 1000 out of 1075 events
Nelectrons      = 489 / 1075
Npassed_ElEta   = 489 / 1075
Nmuons          = 586 / 1075
NrelIsoFail     = 0 / 1075
Npassed_MuEta   = 586 / 1075
Npassed_nAK8Jets= 1075 / 1075
Npassed_Trigger = 1041 / 1075
Npassed_MET     = 956 / 1075
Npassed_lepPt   = 1011 / 1075
Npassed_HT      = 1075 / 1075
npass_Njets     = 1071 / 1075
Npassed_ALL     = 894 / 1075

>> Running /isilon/hadoop/store/group/bruxljm/FWLJMET106XUL_singleLep2017UL_RunIISummer20_X53X53/PairVLQ_x53x53_tWtW_narrow_RH_M1500_TuneCP5_13TeV-madgraph-pythia8/singleLep2017UL/230310_180718/0000/PairVLQ_x53x53_tWtW_narrow_RH_M1500_TuneCP5_13TeV-madgraph-pythia8_30.root for shift: nominal
[step1.h] Opening file: /isilon/hadoop/store/group/bruxljm/FWLJMET106XUL_singleLep2017UL_RunIISummer20_X53X53/PairVLQ_x53x53_tWtW_narrow_RH_M1500_TuneCP5_13TeV-madgraph-pythia8/singleLep2017UL/230310_180718/0000/PairVLQ_x53x53_tWtW_narrow_RH_M1500_TuneCP5_13TeV-madgraph-pythia8_30.root
[step1.h] Finished initializing
RUN CONFIG: YEAR = 2017
Era = 
isMC = 1, isSig = 1, SigMass = 8
isHad =0, isSE =0, isSM =0
isTTTT = 0, isXX = 1, isTpTp = 0, isBpBp = 0
For W's: isTT = 0, isSTt = 0, isSTtW = 0
For jets & PDF: isTOP = 0, isMadgraphBkg = 1
For HOTTagger Efficiencies: isTTV = 0, isTTHbb = 0, isTTHnonbb = 0, isTTTX = 0
isTTVV = 0, isST = 0, isTTToSemiLeptonHT500Njet9 = 0
Pileup sample key: PairVLQ_x53x53_tWtW_narrow_RH_M1500_TuneCP5_13TeV-madgraph-pythia8
b-tagging working points: 0.304(DeepJet)0.4506(DeepCSV)
isTTincMtt0to700: 0
isTTincMtt0to1000: 0
isTTincMtt700to1000: 0
isTTincMtt1000toInf: 0
isTTSemilepIncHT0Njet0: 0
isTTSemilepIncHT500Njet9: 0
outTTLF: 0
outTTCC: 0
outTTBB: 0
outTT1B: 0
outTT2B: 0
>> Completed 0 out of 1069 events
[INFO] Defaulting to central deepJet weight for: nominal
>> Completed 1000 out of 1069 events
Nelectrons      = 489 / 1069
Npassed_ElEta   = 489 / 1069
Nmuons          = 580 / 1069
NrelIsoFail     = 0 / 1069
Npassed_MuEta   = 580 / 1069
Npassed_nAK8Jets= 1069 / 1069
Npassed_Trigger = 1020 / 1069
Npassed_MET     = 960 / 1069
Npassed_lepPt   = 1007 / 1069
Npassed_HT      = 1068 / 1069
npass_Njets     = 1063 / 1069
Npassed_ALL     = 894 / 1069

>> Running /isilon/hadoop/store/group/bruxljm/FWLJMET106XUL_singleLep2017UL_RunIISummer20_X53X53/PairVLQ_x53x53_tWtW_narrow_RH_M1500_TuneCP5_13TeV-madgraph-pythia8/singleLep2017UL/230310_180718/0000/PairVLQ_x53x53_tWtW_narrow_RH_M1500_TuneCP5_13TeV-madgraph-pythia8_31.root for shift: nominal
[step1.h] Opening file: /isilon/hadoop/store/group/bruxljm/FWLJMET106XUL_singleLep2017UL_RunIISummer20_X53X53/PairVLQ_x53x53_tWtW_narrow_RH_M1500_TuneCP5_13TeV-madgraph-pythia8/singleLep2017UL/230310_180718/0000/PairVLQ_x53x53_tWtW_narrow_RH_M1500_TuneCP5_13TeV-madgraph-pythia8_31.root
[step1.h] Finished initializing
RUN CONFIG: YEAR = 2017
Era = 
isMC = 1, isSig = 1, SigMass = 8
isHad =0, isSE =0, isSM =0
isTTTT = 0, isXX = 1, isTpTp = 0, isBpBp = 0
For W's: isTT = 0, isSTt = 0, isSTtW = 0
For jets & PDF: isTOP = 0, isMadgraphBkg = 1
For HOTTagger Efficiencies: isTTV = 0, isTTHbb = 0, isTTHnonbb = 0, isTTTX = 0
isTTVV = 0, isST = 0, isTTToSemiLeptonHT500Njet9 = 0
Pileup sample key: PairVLQ_x53x53_tWtW_narrow_RH_M1500_TuneCP5_13TeV-madgraph-pythia8
b-tagging working points: 0.304(DeepJet)0.4506(DeepCSV)
isTTincMtt0to700: 0
isTTincMtt0to1000: 0
isTTincMtt700to1000: 0
isTTincMtt1000toInf: 0
isTTSemilepIncHT0Njet0: 0
isTTSemilepIncHT500Njet9: 0
outTTLF: 0
outTTCC: 0
outTTBB: 0
outTT1B: 0
outTT2B: 0
>> Completed 0 out of 1030 events
[INFO] Defaulting to central deepJet weight for: nominal
>> Completed 1000 out of 1030 events
Nelectrons      = 509 / 1030
Npassed_ElEta   = 509 / 1030
Nmuons          = 521 / 1030
NrelIsoFail     = 0 / 1030
Npassed_MuEta   = 521 / 1030
Npassed_nAK8Jets= 1030 / 1030
Npassed_Trigger = 988 / 1030
Npassed_MET     = 947 / 1030
Npassed_lepPt   = 950 / 1030
Npassed_HT      = 1029 / 1030
npass_Njets     = 1023 / 1030
Npassed_ALL     = 862 / 1030

>> Running /isilon/hadoop/store/group/bruxljm/FWLJMET106XUL_singleLep2017UL_RunIISummer20_X53X53/PairVLQ_x53x53_tWtW_narrow_RH_M1500_TuneCP5_13TeV-madgraph-pythia8/singleLep2017UL/230310_180718/0000/PairVLQ_x53x53_tWtW_narrow_RH_M1500_TuneCP5_13TeV-madgraph-pythia8_32.root for shift: nominal
[step1.h] Opening file: /isilon/hadoop/store/group/bruxljm/FWLJMET106XUL_singleLep2017UL_RunIISummer20_X53X53/PairVLQ_x53x53_tWtW_narrow_RH_M1500_TuneCP5_13TeV-madgraph-pythia8/singleLep2017UL/230310_180718/0000/PairVLQ_x53x53_tWtW_narrow_RH_M1500_TuneCP5_13TeV-madgraph-pythia8_32.root
[step1.h] Finished initializing
RUN CONFIG: YEAR = 2017
Era = 
isMC = 1, isSig = 1, SigMass = 8
isHad =0, isSE =0, isSM =0
isTTTT = 0, isXX = 1, isTpTp = 0, isBpBp = 0
For W's: isTT = 0, isSTt = 0, isSTtW = 0
For jets & PDF: isTOP = 0, isMadgraphBkg = 1
For HOTTagger Efficiencies: isTTV = 0, isTTHbb = 0, isTTHnonbb = 0, isTTTX = 0
isTTVV = 0, isST = 0, isTTToSemiLeptonHT500Njet9 = 0
Pileup sample key: PairVLQ_x53x53_tWtW_narrow_RH_M1500_TuneCP5_13TeV-madgraph-pythia8
b-tagging working points: 0.304(DeepJet)0.4506(DeepCSV)
isTTincMtt0to700: 0
isTTincMtt0to1000: 0
isTTincMtt700to1000: 0
isTTincMtt1000toInf: 0
isTTSemilepIncHT0Njet0: 0
isTTSemilepIncHT500Njet9: 0
outTTLF: 0
outTTCC: 0
outTTBB: 0
outTT1B: 0
outTT2B: 0
>> Completed 0 out of 1052 events
[INFO] Defaulting to central deepJet weight for: nominal
>> Completed 1000 out of 1052 events
Nelectrons      = 502 / 1052
Npassed_ElEta   = 502 / 1052
Nmuons          = 550 / 1052
NrelIsoFail     = 0 / 1052
Npassed_MuEta   = 550 / 1052
Npassed_nAK8Jets= 1052 / 1052
Npassed_Trigger = 1013 / 1052
Npassed_MET     = 941 / 1052
Npassed_lepPt   = 973 / 1052
Npassed_HT      = 1052 / 1052
npass_Njets     = 1048 / 1052
Npassed_ALL     = 866 / 1052

>> Running /isilon/hadoop/store/group/bruxljm/FWLJMET106XUL_singleLep2017UL_RunIISummer20_X53X53/PairVLQ_x53x53_tWtW_narrow_RH_M1500_TuneCP5_13TeV-madgraph-pythia8/singleLep2017UL/230310_180718/0000/PairVLQ_x53x53_tWtW_narrow_RH_M1500_TuneCP5_13TeV-madgraph-pythia8_33.root for shift: nominal
[step1.h] Opening file: /isilon/hadoop/store/group/bruxljm/FWLJMET106XUL_singleLep2017UL_RunIISummer20_X53X53/PairVLQ_x53x53_tWtW_narrow_RH_M1500_TuneCP5_13TeV-madgraph-pythia8/singleLep2017UL/230310_180718/0000/PairVLQ_x53x53_tWtW_narrow_RH_M1500_TuneCP5_13TeV-madgraph-pythia8_33.root
[step1.h] Finished initializing
RUN CONFIG: YEAR = 2017
Era = 
isMC = 1, isSig = 1, SigMass = 8
isHad =0, isSE =0, isSM =0
isTTTT = 0, isXX = 1, isTpTp = 0, isBpBp = 0
For W's: isTT = 0, isSTt = 0, isSTtW = 0
For jets & PDF: isTOP = 0, isMadgraphBkg = 1
For HOTTagger Efficiencies: isTTV = 0, isTTHbb = 0, isTTHnonbb = 0, isTTTX = 0
isTTVV = 0, isST = 0, isTTToSemiLeptonHT500Njet9 = 0
Pileup sample key: PairVLQ_x53x53_tWtW_narrow_RH_M1500_TuneCP5_13TeV-madgraph-pythia8
b-tagging working points: 0.304(DeepJet)0.4506(DeepCSV)
isTTincMtt0to700: 0
isTTincMtt0to1000: 0
isTTincMtt700to1000: 0
isTTincMtt1000toInf: 0
isTTSemilepIncHT0Njet0: 0
isTTSemilepIncHT500Njet9: 0
outTTLF: 0
outTTCC: 0
outTTBB: 0
outTT1B: 0
outTT2B: 0
>> Completed 0 out of 1062 events
[INFO] Defaulting to central deepJet weight for: nominal
>> Completed 1000 out of 1062 events
Nelectrons      = 491 / 1062
Npassed_ElEta   = 491 / 1062
Nmuons          = 571 / 1062
NrelIsoFail     = 0 / 1062
Npassed_MuEta   = 571 / 1062
Npassed_nAK8Jets= 1062 / 1062
Npassed_Trigger = 1018 / 1062
Npassed_MET     = 963 / 1062
Npassed_lepPt   = 969 / 1062
Npassed_HT      = 1062 / 1062
npass_Njets     = 1061 / 1062
Npassed_ALL     = 876 / 1062

>> Running /isilon/hadoop/store/group/bruxljm/FWLJMET106XUL_singleLep2017UL_RunIISummer20_X53X53/PairVLQ_x53x53_tWtW_narrow_RH_M1500_TuneCP5_13TeV-madgraph-pythia8/singleLep2017UL/230310_180718/0000/PairVLQ_x53x53_tWtW_narrow_RH_M1500_TuneCP5_13TeV-madgraph-pythia8_34.root for shift: nominal
[step1.h] Opening file: /isilon/hadoop/store/group/bruxljm/FWLJMET106XUL_singleLep2017UL_RunIISummer20_X53X53/PairVLQ_x53x53_tWtW_narrow_RH_M1500_TuneCP5_13TeV-madgraph-pythia8/singleLep2017UL/230310_180718/0000/PairVLQ_x53x53_tWtW_narrow_RH_M1500_TuneCP5_13TeV-madgraph-pythia8_34.root
[step1.h] Finished initializing
RUN CONFIG: YEAR = 2017
Era = 
isMC = 1, isSig = 1, SigMass = 8
isHad =0, isSE =0, isSM =0
isTTTT = 0, isXX = 1, isTpTp = 0, isBpBp = 0
For W's: isTT = 0, isSTt = 0, isSTtW = 0
For jets & PDF: isTOP = 0, isMadgraphBkg = 1
For HOTTagger Efficiencies: isTTV = 0, isTTHbb = 0, isTTHnonbb = 0, isTTTX = 0
isTTVV = 0, isST = 0, isTTToSemiLeptonHT500Njet9 = 0
Pileup sample key: PairVLQ_x53x53_tWtW_narrow_RH_M1500_TuneCP5_13TeV-madgraph-pythia8
b-tagging working points: 0.304(DeepJet)0.4506(DeepCSV)
isTTincMtt0to700: 0
isTTincMtt0to1000: 0
isTTincMtt700to1000: 0
isTTincMtt1000toInf: 0
isTTSemilepIncHT0Njet0: 0
isTTSemilepIncHT500Njet9: 0
outTTLF: 0
outTTCC: 0
outTTBB: 0
outTT1B: 0
outTT2B: 0
>> Completed 0 out of 1032 events
[INFO] Defaulting to central deepJet weight for: nominal
>> Completed 1000 out of 1032 events
Nelectrons      = 473 / 1032
Npassed_ElEta   = 473 / 1032
Nmuons          = 559 / 1032
NrelIsoFail     = 0 / 1032
Npassed_MuEta   = 559 / 1032
Npassed_nAK8Jets= 1032 / 1032
Npassed_Trigger = 989 / 1032
Npassed_MET     = 928 / 1032
Npassed_lepPt   = 960 / 1032
Npassed_HT      = 1032 / 1032
npass_Njets     = 1027 / 1032
Npassed_ALL     = 856 / 1032

>> Running /isilon/hadoop/store/group/bruxljm/FWLJMET106XUL_singleLep2017UL_RunIISummer20_X53X53/PairVLQ_x53x53_tWtW_narrow_RH_M1500_TuneCP5_13TeV-madgraph-pythia8/singleLep2017UL/230310_180718/0000/PairVLQ_x53x53_tWtW_narrow_RH_M1500_TuneCP5_13TeV-madgraph-pythia8_35.root for shift: nominal
[step1.h] Opening file: /isilon/hadoop/store/group/bruxljm/FWLJMET106XUL_singleLep2017UL_RunIISummer20_X53X53/PairVLQ_x53x53_tWtW_narrow_RH_M1500_TuneCP5_13TeV-madgraph-pythia8/singleLep2017UL/230310_180718/0000/PairVLQ_x53x53_tWtW_narrow_RH_M1500_TuneCP5_13TeV-madgraph-pythia8_35.root
[step1.h] Finished initializing
RUN CONFIG: YEAR = 2017
Era = 
isMC = 1, isSig = 1, SigMass = 8
isHad =0, isSE =0, isSM =0
isTTTT = 0, isXX = 1, isTpTp = 0, isBpBp = 0
For W's: isTT = 0, isSTt = 0, isSTtW = 0
For jets & PDF: isTOP = 0, isMadgraphBkg = 1
For HOTTagger Efficiencies: isTTV = 0, isTTHbb = 0, isTTHnonbb = 0, isTTTX = 0
isTTVV = 0, isST = 0, isTTToSemiLeptonHT500Njet9 = 0
Pileup sample key: PairVLQ_x53x53_tWtW_narrow_RH_M1500_TuneCP5_13TeV-madgraph-pythia8
b-tagging working points: 0.304(DeepJet)0.4506(DeepCSV)
isTTincMtt0to700: 0
isTTincMtt0to1000: 0
isTTincMtt700to1000: 0
isTTincMtt1000toInf: 0
isTTSemilepIncHT0Njet0: 0
isTTSemilepIncHT500Njet9: 0
outTTLF: 0
outTTCC: 0
outTTBB: 0
outTT1B: 0
outTT2B: 0
>> Completed 0 out of 541 events
[INFO] Defaulting to central deepJet weight for: nominal
Nelectrons      = 269 / 541
Npassed_ElEta   = 269 / 541
Nmuons          = 272 / 541
NrelIsoFail     = 0 / 541
Npassed_MuEta   = 272 / 541
Npassed_nAK8Jets= 541 / 541
Npassed_Trigger = 523 / 541
Npassed_MET     = 492 / 541
Npassed_lepPt   = 498 / 541
Npassed_HT      = 540 / 541
npass_Njets     = 536 / 541
Npassed_ALL     = 448 / 541

>> Running /isilon/hadoop/store/group/bruxljm/FWLJMET106XUL_singleLep2017UL_RunIISummer20_X53X53/PairVLQ_x53x53_tWtW_narrow_RH_M1500_TuneCP5_13TeV-madgraph-pythia8/singleLep2017UL/230310_180718/0000/PairVLQ_x53x53_tWtW_narrow_RH_M1500_TuneCP5_13TeV-madgraph-pythia8_36.root for shift: nominal
[step1.h] Opening file: /isilon/hadoop/store/group/bruxljm/FWLJMET106XUL_singleLep2017UL_RunIISummer20_X53X53/PairVLQ_x53x53_tWtW_narrow_RH_M1500_TuneCP5_13TeV-madgraph-pythia8/singleLep2017UL/230310_180718/0000/PairVLQ_x53x53_tWtW_narrow_RH_M1500_TuneCP5_13TeV-madgraph-pythia8_36.root
[step1.h] Finished initializing
RUN CONFIG: YEAR = 2017
Era = 
isMC = 1, isSig = 1, SigMass = 8
isHad =0, isSE =0, isSM =0
isTTTT = 0, isXX = 1, isTpTp = 0, isBpBp = 0
For W's: isTT = 0, isSTt = 0, isSTtW = 0
For jets & PDF: isTOP = 0, isMadgraphBkg = 1
For HOTTagger Efficiencies: isTTV = 0, isTTHbb = 0, isTTHnonbb = 0, isTTTX = 0
isTTVV = 0, isST = 0, isTTToSemiLeptonHT500Njet9 = 0
Pileup sample key: PairVLQ_x53x53_tWtW_narrow_RH_M1500_TuneCP5_13TeV-madgraph-pythia8
b-tagging working points: 0.304(DeepJet)0.4506(DeepCSV)
isTTincMtt0to700: 0
isTTincMtt0to1000: 0
isTTincMtt700to1000: 0
isTTincMtt1000toInf: 0
isTTSemilepIncHT0Njet0: 0
isTTSemilepIncHT500Njet9: 0
outTTLF: 0
outTTCC: 0
outTTBB: 0
outTT1B: 0
outTT2B: 0
>> Completed 0 out of 1037 events
[INFO] Defaulting to central deepJet weight for: nominal
>> Completed 1000 out of 1037 events
Nelectrons      = 481 / 1037
Npassed_ElEta   = 481 / 1037
Nmuons          = 556 / 1037
NrelIsoFail     = 0 / 1037
Npassed_MuEta   = 556 / 1037
Npassed_nAK8Jets= 1037 / 1037
Npassed_Trigger = 1008 / 1037
Npassed_MET     = 932 / 1037
Npassed_lepPt   = 952 / 1037
Npassed_HT      = 1035 / 1037
npass_Njets     = 1034 / 1037
Npassed_ALL     = 849 / 1037

>> Running /isilon/hadoop/store/group/bruxljm/FWLJMET106XUL_singleLep2017UL_RunIISummer20_X53X53/PairVLQ_x53x53_tWtW_narrow_RH_M1500_TuneCP5_13TeV-madgraph-pythia8/singleLep2017UL/230310_180718/0000/PairVLQ_x53x53_tWtW_narrow_RH_M1500_TuneCP5_13TeV-madgraph-pythia8_37.root for shift: nominal
[step1.h] Opening file: /isilon/hadoop/store/group/bruxljm/FWLJMET106XUL_singleLep2017UL_RunIISummer20_X53X53/PairVLQ_x53x53_tWtW_narrow_RH_M1500_TuneCP5_13TeV-madgraph-pythia8/singleLep2017UL/230310_180718/0000/PairVLQ_x53x53_tWtW_narrow_RH_M1500_TuneCP5_13TeV-madgraph-pythia8_37.root
[step1.h] Finished initializing
RUN CONFIG: YEAR = 2017
Era = 
isMC = 1, isSig = 1, SigMass = 8
isHad =0, isSE =0, isSM =0
isTTTT = 0, isXX = 1, isTpTp = 0, isBpBp = 0
For W's: isTT = 0, isSTt = 0, isSTtW = 0
For jets & PDF: isTOP = 0, isMadgraphBkg = 1
For HOTTagger Efficiencies: isTTV = 0, isTTHbb = 0, isTTHnonbb = 0, isTTTX = 0
isTTVV = 0, isST = 0, isTTToSemiLeptonHT500Njet9 = 0
Pileup sample key: PairVLQ_x53x53_tWtW_narrow_RH_M1500_TuneCP5_13TeV-madgraph-pythia8
b-tagging working points: 0.304(DeepJet)0.4506(DeepCSV)
isTTincMtt0to700: 0
isTTincMtt0to1000: 0
isTTincMtt700to1000: 0
isTTincMtt1000toInf: 0
isTTSemilepIncHT0Njet0: 0
isTTSemilepIncHT500Njet9: 0
outTTLF: 0
outTTCC: 0
outTTBB: 0
outTT1B: 0
outTT2B: 0
>> Completed 0 out of 1058 events
[INFO] Defaulting to central deepJet weight for: nominal
>> Completed 1000 out of 1058 events
Nelectrons      = 478 / 1058
Npassed_ElEta   = 478 / 1058
Nmuons          = 580 / 1058
NrelIsoFail     = 0 / 1058
Npassed_MuEta   = 580 / 1058
Npassed_nAK8Jets= 1058 / 1058
Npassed_Trigger = 1012 / 1058
Npassed_MET     = 955 / 1058
Npassed_lepPt   = 994 / 1058
Npassed_HT      = 1058 / 1058
npass_Njets     = 1051 / 1058
Npassed_ALL     = 889 / 1058

>> Running /isilon/hadoop/store/group/bruxljm/FWLJMET106XUL_singleLep2017UL_RunIISummer20_X53X53/PairVLQ_x53x53_tWtW_narrow_RH_M1500_TuneCP5_13TeV-madgraph-pythia8/singleLep2017UL/230310_180718/0000/PairVLQ_x53x53_tWtW_narrow_RH_M1500_TuneCP5_13TeV-madgraph-pythia8_38.root for shift: nominal
[step1.h] Opening file: /isilon/hadoop/store/group/bruxljm/FWLJMET106XUL_singleLep2017UL_RunIISummer20_X53X53/PairVLQ_x53x53_tWtW_narrow_RH_M1500_TuneCP5_13TeV-madgraph-pythia8/singleLep2017UL/230310_180718/0000/PairVLQ_x53x53_tWtW_narrow_RH_M1500_TuneCP5_13TeV-madgraph-pythia8_38.root
[step1.h] Finished initializing
RUN CONFIG: YEAR = 2017
Era = 
isMC = 1, isSig = 1, SigMass = 8
isHad =0, isSE =0, isSM =0
isTTTT = 0, isXX = 1, isTpTp = 0, isBpBp = 0
For W's: isTT = 0, isSTt = 0, isSTtW = 0
For jets & PDF: isTOP = 0, isMadgraphBkg = 1
For HOTTagger Efficiencies: isTTV = 0, isTTHbb = 0, isTTHnonbb = 0, isTTTX = 0
isTTVV = 0, isST = 0, isTTToSemiLeptonHT500Njet9 = 0
Pileup sample key: PairVLQ_x53x53_tWtW_narrow_RH_M1500_TuneCP5_13TeV-madgraph-pythia8
b-tagging working points: 0.304(DeepJet)0.4506(DeepCSV)
isTTincMtt0to700: 0
isTTincMtt0to1000: 0
isTTincMtt700to1000: 0
isTTincMtt1000toInf: 0
isTTSemilepIncHT0Njet0: 0
isTTSemilepIncHT500Njet9: 0
outTTLF: 0
outTTCC: 0
outTTBB: 0
outTT1B: 0
outTT2B: 0
>> Completed 0 out of 1043 events
[INFO] Defaulting to central deepJet weight for: nominal
>> Completed 1000 out of 1043 events
Nelectrons      = 502 / 1043
Npassed_ElEta   = 502 / 1043
Nmuons          = 541 / 1043
NrelIsoFail     = 0 / 1043
Npassed_MuEta   = 541 / 1043
Npassed_nAK8Jets= 1043 / 1043
Npassed_Trigger = 1000 / 1043
Npassed_MET     = 937 / 1043
Npassed_lepPt   = 976 / 1043
Npassed_HT      = 1043 / 1043
npass_Njets     = 1038 / 1043
Npassed_ALL     = 872 / 1043

>> Running /isilon/hadoop/store/group/bruxljm/FWLJMET106XUL_singleLep2017UL_RunIISummer20_X53X53/PairVLQ_x53x53_tWtW_narrow_RH_M1500_TuneCP5_13TeV-madgraph-pythia8/singleLep2017UL/230310_180718/0000/PairVLQ_x53x53_tWtW_narrow_RH_M1500_TuneCP5_13TeV-madgraph-pythia8_39.root for shift: nominal
[step1.h] Opening file: /isilon/hadoop/store/group/bruxljm/FWLJMET106XUL_singleLep2017UL_RunIISummer20_X53X53/PairVLQ_x53x53_tWtW_narrow_RH_M1500_TuneCP5_13TeV-madgraph-pythia8/singleLep2017UL/230310_180718/0000/PairVLQ_x53x53_tWtW_narrow_RH_M1500_TuneCP5_13TeV-madgraph-pythia8_39.root
[step1.h] Finished initializing
RUN CONFIG: YEAR = 2017
Era = 
isMC = 1, isSig = 1, SigMass = 8
isHad =0, isSE =0, isSM =0
isTTTT = 0, isXX = 1, isTpTp = 0, isBpBp = 0
For W's: isTT = 0, isSTt = 0, isSTtW = 0
For jets & PDF: isTOP = 0, isMadgraphBkg = 1
For HOTTagger Efficiencies: isTTV = 0, isTTHbb = 0, isTTHnonbb = 0, isTTTX = 0
isTTVV = 0, isST = 0, isTTToSemiLeptonHT500Njet9 = 0
Pileup sample key: PairVLQ_x53x53_tWtW_narrow_RH_M1500_TuneCP5_13TeV-madgraph-pythia8
b-tagging working points: 0.304(DeepJet)0.4506(DeepCSV)
isTTincMtt0to700: 0
isTTincMtt0to1000: 0
isTTincMtt700to1000: 0
isTTincMtt1000toInf: 0
isTTSemilepIncHT0Njet0: 0
isTTSemilepIncHT500Njet9: 0
outTTLF: 0
outTTCC: 0
outTTBB: 0
outTT1B: 0
outTT2B: 0
>> Completed 0 out of 1051 events
[INFO] Defaulting to central deepJet weight for: nominal
>> Completed 1000 out of 1051 events
Nelectrons      = 463 / 1051
Npassed_ElEta   = 463 / 1051
Nmuons          = 588 / 1051
NrelIsoFail     = 0 / 1051
Npassed_MuEta   = 588 / 1051
Npassed_nAK8Jets= 1051 / 1051
Npassed_Trigger = 1024 / 1051
Npassed_MET     = 967 / 1051
Npassed_lepPt   = 966 / 1051
Npassed_HT      = 1050 / 1051
npass_Njets     = 1047 / 1051
Npassed_ALL     = 884 / 1051

>> Running /isilon/hadoop/store/group/bruxljm/FWLJMET106XUL_singleLep2017UL_RunIISummer20_X53X53/PairVLQ_x53x53_tWtW_narrow_RH_M1500_TuneCP5_13TeV-madgraph-pythia8/singleLep2017UL/230310_180718/0000/PairVLQ_x53x53_tWtW_narrow_RH_M1500_TuneCP5_13TeV-madgraph-pythia8_4.root for shift: nominal
[step1.h] Opening file: /isilon/hadoop/store/group/bruxljm/FWLJMET106XUL_singleLep2017UL_RunIISummer20_X53X53/PairVLQ_x53x53_tWtW_narrow_RH_M1500_TuneCP5_13TeV-madgraph-pythia8/singleLep2017UL/230310_180718/0000/PairVLQ_x53x53_tWtW_narrow_RH_M1500_TuneCP5_13TeV-madgraph-pythia8_4.root
[step1.h] Finished initializing
RUN CONFIG: YEAR = 2017
Era = 
isMC = 1, isSig = 1, SigMass = 8
isHad =0, isSE =0, isSM =0
isTTTT = 0, isXX = 1, isTpTp = 0, isBpBp = 0
For W's: isTT = 0, isSTt = 0, isSTtW = 0
For jets & PDF: isTOP = 0, isMadgraphBkg = 1
For HOTTagger Efficiencies: isTTV = 0, isTTHbb = 0, isTTHnonbb = 0, isTTTX = 0
isTTVV = 0, isST = 0, isTTToSemiLeptonHT500Njet9 = 0
Pileup sample key: PairVLQ_x53x53_tWtW_narrow_RH_M1500_TuneCP5_13TeV-madgraph-pythia8
b-tagging working points: 0.304(DeepJet)0.4506(DeepCSV)
isTTincMtt0to700: 0
isTTincMtt0to1000: 0
isTTincMtt700to1000: 0
isTTincMtt1000toInf: 0
isTTSemilepIncHT0Njet0: 0
isTTSemilepIncHT500Njet9: 0
outTTLF: 0
outTTCC: 0
outTTBB: 0
outTT1B: 0
outTT2B: 0
>> Completed 0 out of 1048 events
[INFO] Defaulting to central deepJet weight for: nominal
>> Completed 1000 out of 1048 events
Nelectrons      = 497 / 1048
Npassed_ElEta   = 497 / 1048
Nmuons          = 551 / 1048
NrelIsoFail     = 0 / 1048
Npassed_MuEta   = 551 / 1048
Npassed_nAK8Jets= 1048 / 1048
Npassed_Trigger = 1007 / 1048
Npassed_MET     = 953 / 1048
Npassed_lepPt   = 968 / 1048
Npassed_HT      = 1046 / 1048
npass_Njets     = 1042 / 1048
Npassed_ALL     = 868 / 1048

>> Running /isilon/hadoop/store/group/bruxljm/FWLJMET106XUL_singleLep2017UL_RunIISummer20_X53X53/PairVLQ_x53x53_tWtW_narrow_RH_M1500_TuneCP5_13TeV-madgraph-pythia8/singleLep2017UL/230310_180718/0000/PairVLQ_x53x53_tWtW_narrow_RH_M1500_TuneCP5_13TeV-madgraph-pythia8_40.root for shift: nominal
[step1.h] Opening file: /isilon/hadoop/store/group/bruxljm/FWLJMET106XUL_singleLep2017UL_RunIISummer20_X53X53/PairVLQ_x53x53_tWtW_narrow_RH_M1500_TuneCP5_13TeV-madgraph-pythia8/singleLep2017UL/230310_180718/0000/PairVLQ_x53x53_tWtW_narrow_RH_M1500_TuneCP5_13TeV-madgraph-pythia8_40.root
[step1.h] Finished initializing
RUN CONFIG: YEAR = 2017
Era = 
isMC = 1, isSig = 1, SigMass = 8
isHad =0, isSE =0, isSM =0
isTTTT = 0, isXX = 1, isTpTp = 0, isBpBp = 0
For W's: isTT = 0, isSTt = 0, isSTtW = 0
For jets & PDF: isTOP = 0, isMadgraphBkg = 1
For HOTTagger Efficiencies: isTTV = 0, isTTHbb = 0, isTTHnonbb = 0, isTTTX = 0
isTTVV = 0, isST = 0, isTTToSemiLeptonHT500Njet9 = 0
Pileup sample key: PairVLQ_x53x53_tWtW_narrow_RH_M1500_TuneCP5_13TeV-madgraph-pythia8
b-tagging working points: 0.304(DeepJet)0.4506(DeepCSV)
isTTincMtt0to700: 0
isTTincMtt0to1000: 0
isTTincMtt700to1000: 0
isTTincMtt1000toInf: 0
isTTSemilepIncHT0Njet0: 0
isTTSemilepIncHT500Njet9: 0
outTTLF: 0
outTTCC: 0
outTTBB: 0
outTT1B: 0
outTT2B: 0
>> Completed 0 out of 1075 events
[INFO] Defaulting to central deepJet weight for: nominal
>> Completed 1000 out of 1075 events
Nelectrons      = 495 / 1075
Npassed_ElEta   = 495 / 1075
Nmuons          = 580 / 1075
NrelIsoFail     = 0 / 1075
Npassed_MuEta   = 580 / 1075
Npassed_nAK8Jets= 1075 / 1075
Npassed_Trigger = 1037 / 1075
Npassed_MET     = 974 / 1075
Npassed_lepPt   = 1005 / 1075
Npassed_HT      = 1075 / 1075
npass_Njets     = 1069 / 1075
Npassed_ALL     = 904 / 1075

>> Running /isilon/hadoop/store/group/bruxljm/FWLJMET106XUL_singleLep2017UL_RunIISummer20_X53X53/PairVLQ_x53x53_tWtW_narrow_RH_M1500_TuneCP5_13TeV-madgraph-pythia8/singleLep2017UL/230310_180718/0000/PairVLQ_x53x53_tWtW_narrow_RH_M1500_TuneCP5_13TeV-madgraph-pythia8_41.root for shift: nominal
[step1.h] Opening file: /isilon/hadoop/store/group/bruxljm/FWLJMET106XUL_singleLep2017UL_RunIISummer20_X53X53/PairVLQ_x53x53_tWtW_narrow_RH_M1500_TuneCP5_13TeV-madgraph-pythia8/singleLep2017UL/230310_180718/0000/PairVLQ_x53x53_tWtW_narrow_RH_M1500_TuneCP5_13TeV-madgraph-pythia8_41.root
[step1.h] Finished initializing
RUN CONFIG: YEAR = 2017
Era = 
isMC = 1, isSig = 1, SigMass = 8
isHad =0, isSE =0, isSM =0
isTTTT = 0, isXX = 1, isTpTp = 0, isBpBp = 0
For W's: isTT = 0, isSTt = 0, isSTtW = 0
For jets & PDF: isTOP = 0, isMadgraphBkg = 1
For HOTTagger Efficiencies: isTTV = 0, isTTHbb = 0, isTTHnonbb = 0, isTTTX = 0
isTTVV = 0, isST = 0, isTTToSemiLeptonHT500Njet9 = 0
Pileup sample key: PairVLQ_x53x53_tWtW_narrow_RH_M1500_TuneCP5_13TeV-madgraph-pythia8
b-tagging working points: 0.304(DeepJet)0.4506(DeepCSV)
isTTincMtt0to700: 0
isTTincMtt0to1000: 0
isTTincMtt700to1000: 0
isTTincMtt1000toInf: 0
isTTSemilepIncHT0Njet0: 0
isTTSemilepIncHT500Njet9: 0
outTTLF: 0
outTTCC: 0
outTTBB: 0
outTT1B: 0
outTT2B: 0
>> Completed 0 out of 1038 events
[INFO] Defaulting to central deepJet weight for: nominal
>> Completed 1000 out of 1038 events
Nelectrons      = 497 / 1038
Npassed_ElEta   = 497 / 1038
Nmuons          = 541 / 1038
NrelIsoFail     = 0 / 1038
Npassed_MuEta   = 541 / 1038
Npassed_nAK8Jets= 1038 / 1038
Npassed_Trigger = 1003 / 1038
Npassed_MET     = 925 / 1038
Npassed_lepPt   = 963 / 1038
Npassed_HT      = 1034 / 1038
npass_Njets     = 1031 / 1038
Npassed_ALL     = 844 / 1038

>> Running /isilon/hadoop/store/group/bruxljm/FWLJMET106XUL_singleLep2017UL_RunIISummer20_X53X53/PairVLQ_x53x53_tWtW_narrow_RH_M1500_TuneCP5_13TeV-madgraph-pythia8/singleLep2017UL/230310_180718/0000/PairVLQ_x53x53_tWtW_narrow_RH_M1500_TuneCP5_13TeV-madgraph-pythia8_42.root for shift: nominal
[step1.h] Opening file: /isilon/hadoop/store/group/bruxljm/FWLJMET106XUL_singleLep2017UL_RunIISummer20_X53X53/PairVLQ_x53x53_tWtW_narrow_RH_M1500_TuneCP5_13TeV-madgraph-pythia8/singleLep2017UL/230310_180718/0000/PairVLQ_x53x53_tWtW_narrow_RH_M1500_TuneCP5_13TeV-madgraph-pythia8_42.root
[step1.h] Finished initializing
RUN CONFIG: YEAR = 2017
Era = 
isMC = 1, isSig = 1, SigMass = 8
isHad =0, isSE =0, isSM =0
isTTTT = 0, isXX = 1, isTpTp = 0, isBpBp = 0
For W's: isTT = 0, isSTt = 0, isSTtW = 0
For jets & PDF: isTOP = 0, isMadgraphBkg = 1
For HOTTagger Efficiencies: isTTV = 0, isTTHbb = 0, isTTHnonbb = 0, isTTTX = 0
isTTVV = 0, isST = 0, isTTToSemiLeptonHT500Njet9 = 0
Pileup sample key: PairVLQ_x53x53_tWtW_narrow_RH_M1500_TuneCP5_13TeV-madgraph-pythia8
b-tagging working points: 0.304(DeepJet)0.4506(DeepCSV)
isTTincMtt0to700: 0
isTTincMtt0to1000: 0
isTTincMtt700to1000: 0
isTTincMtt1000toInf: 0
isTTSemilepIncHT0Njet0: 0
isTTSemilepIncHT500Njet9: 0
outTTLF: 0
outTTCC: 0
outTTBB: 0
outTT1B: 0
outTT2B: 0
>> Completed 0 out of 1058 events
[INFO] Defaulting to central deepJet weight for: nominal
>> Completed 1000 out of 1058 events
Nelectrons      = 491 / 1058
Npassed_ElEta   = 491 / 1058
Nmuons          = 567 / 1058
NrelIsoFail     = 0 / 1058
Npassed_MuEta   = 567 / 1058
Npassed_nAK8Jets= 1058 / 1058
Npassed_Trigger = 1019 / 1058
Npassed_MET     = 946 / 1058
Npassed_lepPt   = 969 / 1058
Npassed_HT      = 1057 / 1058
npass_Njets     = 1055 / 1058
Npassed_ALL     = 863 / 1058

>> Running /isilon/hadoop/store/group/bruxljm/FWLJMET106XUL_singleLep2017UL_RunIISummer20_X53X53/PairVLQ_x53x53_tWtW_narrow_RH_M1500_TuneCP5_13TeV-madgraph-pythia8/singleLep2017UL/230310_180718/0000/PairVLQ_x53x53_tWtW_narrow_RH_M1500_TuneCP5_13TeV-madgraph-pythia8_43.root for shift: nominal
[step1.h] Opening file: /isilon/hadoop/store/group/bruxljm/FWLJMET106XUL_singleLep2017UL_RunIISummer20_X53X53/PairVLQ_x53x53_tWtW_narrow_RH_M1500_TuneCP5_13TeV-madgraph-pythia8/singleLep2017UL/230310_180718/0000/PairVLQ_x53x53_tWtW_narrow_RH_M1500_TuneCP5_13TeV-madgraph-pythia8_43.root
[step1.h] Finished initializing
RUN CONFIG: YEAR = 2017
Era = 
isMC = 1, isSig = 1, SigMass = 8
isHad =0, isSE =0, isSM =0
isTTTT = 0, isXX = 1, isTpTp = 0, isBpBp = 0
For W's: isTT = 0, isSTt = 0, isSTtW = 0
For jets & PDF: isTOP = 0, isMadgraphBkg = 1
For HOTTagger Efficiencies: isTTV = 0, isTTHbb = 0, isTTHnonbb = 0, isTTTX = 0
isTTVV = 0, isST = 0, isTTToSemiLeptonHT500Njet9 = 0
Pileup sample key: PairVLQ_x53x53_tWtW_narrow_RH_M1500_TuneCP5_13TeV-madgraph-pythia8
b-tagging working points: 0.304(DeepJet)0.4506(DeepCSV)
isTTincMtt0to700: 0
isTTincMtt0to1000: 0
isTTincMtt700to1000: 0
isTTincMtt1000toInf: 0
isTTSemilepIncHT0Njet0: 0
isTTSemilepIncHT500Njet9: 0
outTTLF: 0
outTTCC: 0
outTTBB: 0
outTT1B: 0
outTT2B: 0
>> Completed 0 out of 1062 events
[INFO] Defaulting to central deepJet weight for: nominal
>> Completed 1000 out of 1062 events
Nelectrons      = 495 / 1062
Npassed_ElEta   = 495 / 1062
Nmuons          = 567 / 1062
NrelIsoFail     = 0 / 1062
Npassed_MuEta   = 567 / 1062
Npassed_nAK8Jets= 1062 / 1062
Npassed_Trigger = 1028 / 1062
Npassed_MET     = 943 / 1062
Npassed_lepPt   = 982 / 1062
Npassed_HT      = 1061 / 1062
npass_Njets     = 1057 / 1062
Npassed_ALL     = 870 / 1062

>> Running /isilon/hadoop/store/group/bruxljm/FWLJMET106XUL_singleLep2017UL_RunIISummer20_X53X53/PairVLQ_x53x53_tWtW_narrow_RH_M1500_TuneCP5_13TeV-madgraph-pythia8/singleLep2017UL/230310_180718/0000/PairVLQ_x53x53_tWtW_narrow_RH_M1500_TuneCP5_13TeV-madgraph-pythia8_44.root for shift: nominal
[step1.h] Opening file: /isilon/hadoop/store/group/bruxljm/FWLJMET106XUL_singleLep2017UL_RunIISummer20_X53X53/PairVLQ_x53x53_tWtW_narrow_RH_M1500_TuneCP5_13TeV-madgraph-pythia8/singleLep2017UL/230310_180718/0000/PairVLQ_x53x53_tWtW_narrow_RH_M1500_TuneCP5_13TeV-madgraph-pythia8_44.root
[step1.h] Finished initializing
RUN CONFIG: YEAR = 2017
Era = 
isMC = 1, isSig = 1, SigMass = 8
isHad =0, isSE =0, isSM =0
isTTTT = 0, isXX = 1, isTpTp = 0, isBpBp = 0
For W's: isTT = 0, isSTt = 0, isSTtW = 0
For jets & PDF: isTOP = 0, isMadgraphBkg = 1
For HOTTagger Efficiencies: isTTV = 0, isTTHbb = 0, isTTHnonbb = 0, isTTTX = 0
isTTVV = 0, isST = 0, isTTToSemiLeptonHT500Njet9 = 0
Pileup sample key: PairVLQ_x53x53_tWtW_narrow_RH_M1500_TuneCP5_13TeV-madgraph-pythia8
b-tagging working points: 0.304(DeepJet)0.4506(DeepCSV)
isTTincMtt0to700: 0
isTTincMtt0to1000: 0
isTTincMtt700to1000: 0
isTTincMtt1000toInf: 0
isTTSemilepIncHT0Njet0: 0
isTTSemilepIncHT500Njet9: 0
outTTLF: 0
outTTCC: 0
outTTBB: 0
outTT1B: 0
outTT2B: 0
>> Completed 0 out of 1073 events
[INFO] Defaulting to central deepJet weight for: nominal
>> Completed 1000 out of 1073 events
Nelectrons      = 478 / 1073
Npassed_ElEta   = 478 / 1073
Nmuons          = 595 / 1073
NrelIsoFail     = 0 / 1073
Npassed_MuEta   = 595 / 1073
Npassed_nAK8Jets= 1073 / 1073
Npassed_Trigger = 1037 / 1073
Npassed_MET     = 989 / 1073
Npassed_lepPt   = 1001 / 1073
Npassed_HT      = 1070 / 1073
npass_Njets     = 1067 / 1073
Npassed_ALL     = 915 / 1073
>> Available ROOT Files:
-rw-r--r-- 1 fsimpson gridusers 1513158 Apr 24 09:17 PairVLQ_x53x53_tWtW_narrow_RH_M1500_TuneCP5_13TeV-madgraph-pythia8_18nominal.root
-rw-r--r-- 1 fsimpson gridusers 3095698 Apr 24 09:17 PairVLQ_x53x53_tWtW_narrow_RH_M1500_TuneCP5_13TeV-madgraph-pythia8_19nominal.root
-rw-r--r-- 1 fsimpson gridusers 3162625 Apr 24 09:17 PairVLQ_x53x53_tWtW_narrow_RH_M1500_TuneCP5_13TeV-madgraph-pythia8_20nominal.root
-rw-r--r-- 1 fsimpson gridusers 3149892 Apr 24 09:17 PairVLQ_x53x53_tWtW_narrow_RH_M1500_TuneCP5_13TeV-madgraph-pythia8_21nominal.root
-rw-r--r-- 1 fsimpson gridusers 3036049 Apr 24 09:17 PairVLQ_x53x53_tWtW_narrow_RH_M1500_TuneCP5_13TeV-madgraph-pythia8_22nominal.root
-rw-r--r-- 1 fsimpson gridusers 2948972 Apr 24 09:17 PairVLQ_x53x53_tWtW_narrow_RH_M1500_TuneCP5_13TeV-madgraph-pythia8_23nominal.root
-rw-r--r-- 1 fsimpson gridusers 3003735 Apr 24 09:17 PairVLQ_x53x53_tWtW_narrow_RH_M1500_TuneCP5_13TeV-madgraph-pythia8_24nominal.root
-rw-r--r-- 1 fsimpson gridusers 3207965 Apr 24 09:17 PairVLQ_x53x53_tWtW_narrow_RH_M1500_TuneCP5_13TeV-madgraph-pythia8_25nominal.root
-rw-r--r-- 1 fsimpson gridusers 3122550 Apr 24 09:17 PairVLQ_x53x53_tWtW_narrow_RH_M1500_TuneCP5_13TeV-madgraph-pythia8_26nominal.root
-rw-r--r-- 1 fsimpson gridusers 3119273 Apr 24 09:17 PairVLQ_x53x53_tWtW_narrow_RH_M1500_TuneCP5_13TeV-madgraph-pythia8_27nominal.root
-rw-r--r-- 1 fsimpson gridusers 3116107 Apr 24 09:17 PairVLQ_x53x53_tWtW_narrow_RH_M1500_TuneCP5_13TeV-madgraph-pythia8_28nominal.root
-rw-r--r-- 1 fsimpson gridusers 2941974 Apr 24 09:17 PairVLQ_x53x53_tWtW_narrow_RH_M1500_TuneCP5_13TeV-madgraph-pythia8_29nominal.root
-rw-r--r-- 1 fsimpson gridusers 3097262 Apr 24 09:17 PairVLQ_x53x53_tWtW_narrow_RH_M1500_TuneCP5_13TeV-madgraph-pythia8_2nominal.root
-rw-r--r-- 1 fsimpson gridusers 3149303 Apr 24 09:17 PairVLQ_x53x53_tWtW_narrow_RH_M1500_TuneCP5_13TeV-madgraph-pythia8_30nominal.root
-rw-r--r-- 1 fsimpson gridusers 3020000 Apr 24 09:17 PairVLQ_x53x53_tWtW_narrow_RH_M1500_TuneCP5_13TeV-madgraph-pythia8_31nominal.root
-rw-r--r-- 1 fsimpson gridusers 2988900 Apr 24 09:17 PairVLQ_x53x53_tWtW_narrow_RH_M1500_TuneCP5_13TeV-madgraph-pythia8_32nominal.root
-rw-r--r-- 1 fsimpson gridusers 3123404 Apr 24 09:17 PairVLQ_x53x53_tWtW_narrow_RH_M1500_TuneCP5_13TeV-madgraph-pythia8_33nominal.root
-rw-r--r-- 1 fsimpson gridusers 3005096 Apr 24 09:17 PairVLQ_x53x53_tWtW_narrow_RH_M1500_TuneCP5_13TeV-madgraph-pythia8_34nominal.root
-rw-r--r-- 1 fsimpson gridusers 1606488 Apr 24 09:17 PairVLQ_x53x53_tWtW_narrow_RH_M1500_TuneCP5_13TeV-madgraph-pythia8_35nominal.root
-rw-r--r-- 1 fsimpson gridusers 2993737 Apr 24 09:17 PairVLQ_x53x53_tWtW_narrow_RH_M1500_TuneCP5_13TeV-madgraph-pythia8_36nominal.root
-rw-r--r-- 1 fsimpson gridusers 3118965 Apr 24 09:17 PairVLQ_x53x53_tWtW_narrow_RH_M1500_TuneCP5_13TeV-madgraph-pythia8_37nominal.root
-rw-r--r-- 1 fsimpson gridusers 3068905 Apr 24 09:17 PairVLQ_x53x53_tWtW_narrow_RH_M1500_TuneCP5_13TeV-madgraph-pythia8_38nominal.root
-rw-r--r-- 1 fsimpson gridusers 3115456 Apr 24 09:17 PairVLQ_x53x53_tWtW_narrow_RH_M1500_TuneCP5_13TeV-madgraph-pythia8_39nominal.root
-rw-r--r-- 1 fsimpson gridusers 3155710 Apr 24 09:17 PairVLQ_x53x53_tWtW_narrow_RH_M1500_TuneCP5_13TeV-madgraph-pythia8_3nominal.root
-rw-r--r-- 1 fsimpson gridusers 3166836 Apr 24 09:17 PairVLQ_x53x53_tWtW_narrow_RH_M1500_TuneCP5_13TeV-madgraph-pythia8_40nominal.root
-rw-r--r-- 1 fsimpson gridusers 2945645 Apr 24 09:17 PairVLQ_x53x53_tWtW_narrow_RH_M1500_TuneCP5_13TeV-madgraph-pythia8_41nominal.root
-rw-r--r-- 1 fsimpson gridusers 3028987 Apr 24 09:17 PairVLQ_x53x53_tWtW_narrow_RH_M1500_TuneCP5_13TeV-madgraph-pythia8_42nominal.root
-rw-r--r-- 1 fsimpson gridusers 3112985 Apr 24 09:17 PairVLQ_x53x53_tWtW_narrow_RH_M1500_TuneCP5_13TeV-madgraph-pythia8_43nominal.root
-rw-r--r-- 1 fsimpson gridusers 3216496 Apr 24 09:17 PairVLQ_x53x53_tWtW_narrow_RH_M1500_TuneCP5_13TeV-madgraph-pythia8_44nominal.root
-rw-r--r-- 1 fsimpson gridusers 3018130 Apr 24 09:17 PairVLQ_x53x53_tWtW_narrow_RH_M1500_TuneCP5_13TeV-madgraph-pythia8_4nominal.root
>> xrdcp output for condor
hadd Target file: PairVLQ_x53x53_tWtW_narrow_RH_M1500_TuneCP5_13TeV-madgraph-pythia8_3nominal_hadd.root
hadd compression setting for all ouput: 1
hadd Source file 1: PairVLQ_x53x53_tWtW_narrow_RH_M1500_TuneCP5_13TeV-madgraph-pythia8_18nominal.root
hadd Source file 2: PairVLQ_x53x53_tWtW_narrow_RH_M1500_TuneCP5_13TeV-madgraph-pythia8_19nominal.root
hadd Source file 3: PairVLQ_x53x53_tWtW_narrow_RH_M1500_TuneCP5_13TeV-madgraph-pythia8_20nominal.root
hadd Source file 4: PairVLQ_x53x53_tWtW_narrow_RH_M1500_TuneCP5_13TeV-madgraph-pythia8_21nominal.root
hadd Source file 5: PairVLQ_x53x53_tWtW_narrow_RH_M1500_TuneCP5_13TeV-madgraph-pythia8_22nominal.root
hadd Source file 6: PairVLQ_x53x53_tWtW_narrow_RH_M1500_TuneCP5_13TeV-madgraph-pythia8_23nominal.root
hadd Source file 7: PairVLQ_x53x53_tWtW_narrow_RH_M1500_TuneCP5_13TeV-madgraph-pythia8_24nominal.root
hadd Source file 8: PairVLQ_x53x53_tWtW_narrow_RH_M1500_TuneCP5_13TeV-madgraph-pythia8_25nominal.root
hadd Source file 9: PairVLQ_x53x53_tWtW_narrow_RH_M1500_TuneCP5_13TeV-madgraph-pythia8_26nominal.root
hadd Source file 10: PairVLQ_x53x53_tWtW_narrow_RH_M1500_TuneCP5_13TeV-madgraph-pythia8_27nominal.root
hadd Source file 11: PairVLQ_x53x53_tWtW_narrow_RH_M1500_TuneCP5_13TeV-madgraph-pythia8_28nominal.root
hadd Source file 12: PairVLQ_x53x53_tWtW_narrow_RH_M1500_TuneCP5_13TeV-madgraph-pythia8_29nominal.root
hadd Source file 13: PairVLQ_x53x53_tWtW_narrow_RH_M1500_TuneCP5_13TeV-madgraph-pythia8_2nominal.root
hadd Source file 14: PairVLQ_x53x53_tWtW_narrow_RH_M1500_TuneCP5_13TeV-madgraph-pythia8_30nominal.root
hadd Source file 15: PairVLQ_x53x53_tWtW_narrow_RH_M1500_TuneCP5_13TeV-madgraph-pythia8_31nominal.root
hadd Source file 16: PairVLQ_x53x53_tWtW_narrow_RH_M1500_TuneCP5_13TeV-madgraph-pythia8_32nominal.root
hadd Source file 17: PairVLQ_x53x53_tWtW_narrow_RH_M1500_TuneCP5_13TeV-madgraph-pythia8_33nominal.root
hadd Source file 18: PairVLQ_x53x53_tWtW_narrow_RH_M1500_TuneCP5_13TeV-madgraph-pythia8_34nominal.root
hadd Source file 19: PairVLQ_x53x53_tWtW_narrow_RH_M1500_TuneCP5_13TeV-madgraph-pythia8_35nominal.root
hadd Source file 20: PairVLQ_x53x53_tWtW_narrow_RH_M1500_TuneCP5_13TeV-madgraph-pythia8_36nominal.root
hadd Source file 21: PairVLQ_x53x53_tWtW_narrow_RH_M1500_TuneCP5_13TeV-madgraph-pythia8_37nominal.root
hadd Source file 22: PairVLQ_x53x53_tWtW_narrow_RH_M1500_TuneCP5_13TeV-madgraph-pythia8_38nominal.root
hadd Source file 23: PairVLQ_x53x53_tWtW_narrow_RH_M1500_TuneCP5_13TeV-madgraph-pythia8_39nominal.root
hadd Source file 24: PairVLQ_x53x53_tWtW_narrow_RH_M1500_TuneCP5_13TeV-madgraph-pythia8_3nominal.root
hadd Source file 25: PairVLQ_x53x53_tWtW_narrow_RH_M1500_TuneCP5_13TeV-madgraph-pythia8_40nominal.root
hadd Source file 26: PairVLQ_x53x53_tWtW_narrow_RH_M1500_TuneCP5_13TeV-madgraph-pythia8_41nominal.root
hadd Source file 27: PairVLQ_x53x53_tWtW_narrow_RH_M1500_TuneCP5_13TeV-madgraph-pythia8_42nominal.root
hadd Source file 28: PairVLQ_x53x53_tWtW_narrow_RH_M1500_TuneCP5_13TeV-madgraph-pythia8_43nominal.root
hadd Source file 29: PairVLQ_x53x53_tWtW_narrow_RH_M1500_TuneCP5_13TeV-madgraph-pythia8_44nominal.root
hadd Source file 30: PairVLQ_x53x53_tWtW_narrow_RH_M1500_TuneCP5_13TeV-madgraph-pythia8_4nominal.root
hadd Target path: PairVLQ_x53x53_tWtW_narrow_RH_M1500_TuneCP5_13TeV-madgraph-pythia8_3nominal_hadd.root:/
>> mv PairVLQ_x53x53_tWtW_narrow_RH_M1500_TuneCP5_13TeV-madgraph-pythia8_3nominal_hadd.root /isilon/hadoop/store/group/bruxljm/FWLJMET106XUL_singleLep2017UL_RunIISummer20_X53X53_step1/nominal/PairVLQ_x53x53_tWtW_narrow_RH_M1500_TuneCP5_13TeV-madgraph-pythia8/PairVLQ_x53x53_tWtW_narrow_RH_M1500_TuneCP5_13TeV-madgraph-pythia8_3.root
[DONE]
