000 (630070.000.000) 04/24 07:51:59 Job submitted from host: <172.20.3.187:9618?addrs=172.20.3.187-9618&noUDP&sock=2297_2121_3>
...
001 (630070.000.000) 04/24 07:52:12 Job executing on host: <172.20.225.7:9618?addrs=172.20.225.7-9618&noUDP&sock=3394_9486_3>
...
006 (630070.000.000) 04/24 07:52:21 Image size of job updated: 79072
	56  -  MemoryUsage of job (MB)
	56860  -  ResidentSetSize of job (KB)
...
006 (630070.000.000) 04/24 07:57:23 Image size of job updated: 724088
	707  -  MemoryUsage of job (MB)
	723688  -  ResidentSetSize of job (KB)
...
006 (630070.000.000) 04/24 08:02:23 Image size of job updated: 992496
	969  -  MemoryUsage of job (MB)
	991428  -  ResidentSetSize of job (KB)
...
006 (630070.000.000) 04/24 08:07:24 Image size of job updated: 1189292
	1162  -  MemoryUsage of job (MB)
	1189092  -  ResidentSetSize of job (KB)
...
006 (630070.000.000) 04/24 08:12:24 Image size of job updated: 1366076
	1334  -  MemoryUsage of job (MB)
	1365876  -  ResidentSetSize of job (KB)
...
006 (630070.000.000) 04/24 08:17:25 Image size of job updated: 1514224
	1478  -  MemoryUsage of job (MB)
	1513096  -  ResidentSetSize of job (KB)
...
006 (630070.000.000) 04/24 08:18:43 Image size of job updated: 1514224
	1478  -  MemoryUsage of job (MB)
	1513124  -  ResidentSetSize of job (KB)
...
005 (630070.000.000) 04/24 08:18:43 Job terminated.
	(1) Normal termination (return value 0)
		Usr 0 00:25:07, Sys 0 00:00:30  -  Run Remote Usage
		Usr 0 00:00:00, Sys 0 00:00:00  -  Run Local Usage
		Usr 0 00:25:07, Sys 0 00:00:30  -  Total Remote Usage
		Usr 0 00:00:00, Sys 0 00:00:00  -  Total Local Usage
	1715268  -  Run Bytes Sent By Job
	8620734  -  Run Bytes Received By Job
	1715268  -  Total Bytes Sent By Job
	8620734  -  Total Bytes Received By Job
	Partitionable Resources :    Usage  Request Allocated 
	   Cpus                 :     0.98        1         1 
	   Disk (KB)            : 10649       10000 479738639 
	   Memory (MB)          :  1478        6144      8033 
...
000 (630129.000.000) 04/24 08:39:24 Job submitted from host: <172.20.3.187:9618?addrs=172.20.3.187-9618&noUDP&sock=2297_2121_3>
...
001 (630129.000.000) 04/24 08:40:31 Job executing on host: <172.20.225.2:9618?addrs=172.20.225.2-9618&noUDP&sock=3424_285d_3>
...
006 (630129.000.000) 04/24 08:40:41 Image size of job updated: 460
	1  -  MemoryUsage of job (MB)
	460  -  ResidentSetSize of job (KB)
...
006 (630129.000.000) 04/24 08:45:41 Image size of job updated: 662112
	646  -  MemoryUsage of job (MB)
	660604  -  ResidentSetSize of job (KB)
...
006 (630129.000.000) 04/24 08:50:41 Image size of job updated: 924844
	903  -  MemoryUsage of job (MB)
	924568  -  ResidentSetSize of job (KB)
...
006 (630129.000.000) 04/24 08:55:41 Image size of job updated: 1133160
	1106  -  MemoryUsage of job (MB)
	1132272  -  ResidentSetSize of job (KB)
...
006 (630129.000.000) 04/24 09:00:42 Image size of job updated: 1313992
	1283  -  MemoryUsage of job (MB)
	1313620  -  ResidentSetSize of job (KB)
...
006 (630129.000.000) 04/24 09:05:42 Image size of job updated: 1461408
	1427  -  MemoryUsage of job (MB)
	1461116  -  ResidentSetSize of job (KB)
...
005 (630129.000.000) 04/24 09:09:44 Job terminated.
	(1) Normal termination (return value 0)
		Usr 0 00:27:04, Sys 0 00:00:43  -  Run Remote Usage
		Usr 0 00:00:00, Sys 0 00:00:00  -  Run Local Usage
		Usr 0 00:27:04, Sys 0 00:00:43  -  Total Remote Usage
		Usr 0 00:00:00, Sys 0 00:00:00  -  Total Local Usage
	1773642  -  Run Bytes Sent By Job
	8620823  -  Run Bytes Received By Job
	1773642  -  Total Bytes Sent By Job
	8620823  -  Total Bytes Received By Job
	Partitionable Resources :    Usage  Request Allocated 
	   Cpus                 :     0.99        1         1 
	   Disk (KB)            : 10707       10000 479786084 
	   Memory (MB)          :  1427        6144      8033 
...
