000 (630108.000.000) 04/24 07:52:02 Job submitted from host: <172.20.3.187:9618?addrs=172.20.3.187-9618&noUDP&sock=2297_2121_3>
...
001 (630108.000.000) 04/24 07:55:13 Job executing on host: <172.20.225.4:9618?addrs=172.20.225.4-9618&noUDP&sock=3366_5fdf_3>
...
006 (630108.000.000) 04/24 07:55:24 Image size of job updated: 75568
	56  -  MemoryUsage of job (MB)
	57300  -  ResidentSetSize of job (KB)
...
006 (630108.000.000) 04/24 08:00:23 Image size of job updated: 682992
	667  -  MemoryUsage of job (MB)
	682564  -  ResidentSetSize of job (KB)
...
006 (630108.000.000) 04/24 08:05:24 Image size of job updated: 949296
	927  -  MemoryUsage of job (MB)
	948760  -  ResidentSetSize of job (KB)
...
006 (630108.000.000) 04/24 08:10:24 Image size of job updated: 1149040
	1122  -  MemoryUsage of job (MB)
	1148464  -  ResidentSetSize of job (KB)
...
006 (630108.000.000) 04/24 08:15:25 Image size of job updated: 1319400
	1288  -  MemoryUsage of job (MB)
	1318652  -  ResidentSetSize of job (KB)
...
006 (630108.000.000) 04/24 08:20:25 Image size of job updated: 1464188
	1430  -  MemoryUsage of job (MB)
	1463932  -  ResidentSetSize of job (KB)
...
005 (630108.000.000) 04/24 08:23:47 Job terminated.
	(1) Normal termination (return value 0)
		Usr 0 00:26:45, Sys 0 00:01:00  -  Run Remote Usage
		Usr 0 00:00:00, Sys 0 00:00:00  -  Run Local Usage
		Usr 0 00:26:45, Sys 0 00:01:00  -  Total Remote Usage
		Usr 0 00:00:00, Sys 0 00:00:00  -  Total Local Usage
	1715195  -  Run Bytes Sent By Job
	8620734  -  Run Bytes Received By Job
	1715195  -  Total Bytes Sent By Job
	8620734  -  Total Bytes Received By Job
	Partitionable Resources :    Usage  Request Allocated 
	   Cpus                 :     0.99        1         1 
	   Disk (KB)            : 10650       10000 479779449 
	   Memory (MB)          :  1430        6144      8033 
...
000 (630167.000.000) 04/24 08:39:27 Job submitted from host: <172.20.3.187:9618?addrs=172.20.3.187-9618&noUDP&sock=2297_2121_3>
...
001 (630167.000.000) 04/24 08:49:32 Job executing on host: <172.20.225.8:9618?addrs=172.20.225.8-9618&noUDP&sock=3440_21e1_3>
...
006 (630167.000.000) 04/24 08:49:41 Image size of job updated: 52548
	38  -  MemoryUsage of job (MB)
	38528  -  ResidentSetSize of job (KB)
...
006 (630167.000.000) 04/24 08:54:42 Image size of job updated: 678996
	663  -  MemoryUsage of job (MB)
	678620  -  ResidentSetSize of job (KB)
...
006 (630167.000.000) 04/24 08:59:42 Image size of job updated: 959564
	937  -  MemoryUsage of job (MB)
	959220  -  ResidentSetSize of job (KB)
...
006 (630167.000.000) 04/24 09:04:43 Image size of job updated: 1161416
	1134  -  MemoryUsage of job (MB)
	1161140  -  ResidentSetSize of job (KB)
...
006 (630167.000.000) 04/24 09:09:44 Image size of job updated: 1331008
	1300  -  MemoryUsage of job (MB)
	1330772  -  ResidentSetSize of job (KB)
...
006 (630167.000.000) 04/24 09:14:44 Image size of job updated: 1466280
	1432  -  MemoryUsage of job (MB)
	1465748  -  ResidentSetSize of job (KB)
...
006 (630167.000.000) 04/24 09:18:47 Image size of job updated: 1466280
	1432  -  MemoryUsage of job (MB)
	1465756  -  ResidentSetSize of job (KB)
...
005 (630167.000.000) 04/24 09:18:48 Job terminated.
	(1) Normal termination (return value 0)
		Usr 0 00:26:49, Sys 0 00:01:00  -  Run Remote Usage
		Usr 0 00:00:00, Sys 0 00:00:00  -  Run Local Usage
		Usr 0 00:26:49, Sys 0 00:01:00  -  Total Remote Usage
		Usr 0 00:00:00, Sys 0 00:00:00  -  Total Local Usage
	1773140  -  Run Bytes Sent By Job
	8620823  -  Run Bytes Received By Job
	1773140  -  Total Bytes Sent By Job
	8620823  -  Total Bytes Received By Job
	Partitionable Resources :    Usage  Request Allocated 
	   Cpus                 :     0.83        1         1 
	   Disk (KB)            : 10706       10000 479737977 
	   Memory (MB)          :  1432        6144      8033 
...
