/isilon/condor/hep107.hep.brown.edu/execute/dir_244461
>> Setting macroDir to PWD

Processing compile_step1.C...
>> Running on BRUX, PairVLQ_x53x53_tWtW_narrow_RH_M1300_TuneCP5_13TeV-madgraph-pythia8 stored on BRUX
>> Input file path: /isilon/hadoop/store/group/bruxljm/FWLJMET106XUL_singleLep2017UL_RunIISummer20_X53X53/PairVLQ_x53x53_tWtW_narrow_RH_M1300_TuneCP5_13TeV-madgraph-pythia8/singleLep2017UL/230310_182847/0000
>> Running step1 over list: 40 41 42 43 44 45 46 47 48 49 5 50 51 52 53 54 55 56 57 58 59 6 60 61 62 63 64 65 66 67
>> Adding PairVLQ_x53x53_tWtW_narrow_RH_M1300_TuneCP5_13TeV-madgraph-pythia8_40.root to the list by reading PairVLQ_x53x53_tWtW_narrow_RH_M1300_TuneCP5_13TeV-madgraph-pythia8_40
>> Adding PairVLQ_x53x53_tWtW_narrow_RH_M1300_TuneCP5_13TeV-madgraph-pythia8_41.root to the list by reading PairVLQ_x53x53_tWtW_narrow_RH_M1300_TuneCP5_13TeV-madgraph-pythia8_41
>> Adding PairVLQ_x53x53_tWtW_narrow_RH_M1300_TuneCP5_13TeV-madgraph-pythia8_42.root to the list by reading PairVLQ_x53x53_tWtW_narrow_RH_M1300_TuneCP5_13TeV-madgraph-pythia8_42
>> Adding PairVLQ_x53x53_tWtW_narrow_RH_M1300_TuneCP5_13TeV-madgraph-pythia8_43.root to the list by reading PairVLQ_x53x53_tWtW_narrow_RH_M1300_TuneCP5_13TeV-madgraph-pythia8_43
>> Adding PairVLQ_x53x53_tWtW_narrow_RH_M1300_TuneCP5_13TeV-madgraph-pythia8_44.root to the list by reading PairVLQ_x53x53_tWtW_narrow_RH_M1300_TuneCP5_13TeV-madgraph-pythia8_44
>> Adding PairVLQ_x53x53_tWtW_narrow_RH_M1300_TuneCP5_13TeV-madgraph-pythia8_45.root to the list by reading PairVLQ_x53x53_tWtW_narrow_RH_M1300_TuneCP5_13TeV-madgraph-pythia8_45
>> Adding PairVLQ_x53x53_tWtW_narrow_RH_M1300_TuneCP5_13TeV-madgraph-pythia8_46.root to the list by reading PairVLQ_x53x53_tWtW_narrow_RH_M1300_TuneCP5_13TeV-madgraph-pythia8_46
>> Adding PairVLQ_x53x53_tWtW_narrow_RH_M1300_TuneCP5_13TeV-madgraph-pythia8_47.root to the list by reading PairVLQ_x53x53_tWtW_narrow_RH_M1300_TuneCP5_13TeV-madgraph-pythia8_47
>> Adding PairVLQ_x53x53_tWtW_narrow_RH_M1300_TuneCP5_13TeV-madgraph-pythia8_48.root to the list by reading PairVLQ_x53x53_tWtW_narrow_RH_M1300_TuneCP5_13TeV-madgraph-pythia8_48
>> Adding PairVLQ_x53x53_tWtW_narrow_RH_M1300_TuneCP5_13TeV-madgraph-pythia8_49.root to the list by reading PairVLQ_x53x53_tWtW_narrow_RH_M1300_TuneCP5_13TeV-madgraph-pythia8_49
>> Adding PairVLQ_x53x53_tWtW_narrow_RH_M1300_TuneCP5_13TeV-madgraph-pythia8_5.root to the list by reading PairVLQ_x53x53_tWtW_narrow_RH_M1300_TuneCP5_13TeV-madgraph-pythia8_5
>> Adding PairVLQ_x53x53_tWtW_narrow_RH_M1300_TuneCP5_13TeV-madgraph-pythia8_50.root to the list by reading PairVLQ_x53x53_tWtW_narrow_RH_M1300_TuneCP5_13TeV-madgraph-pythia8_50
>> Adding PairVLQ_x53x53_tWtW_narrow_RH_M1300_TuneCP5_13TeV-madgraph-pythia8_51.root to the list by reading PairVLQ_x53x53_tWtW_narrow_RH_M1300_TuneCP5_13TeV-madgraph-pythia8_51
>> Adding PairVLQ_x53x53_tWtW_narrow_RH_M1300_TuneCP5_13TeV-madgraph-pythia8_52.root to the list by reading PairVLQ_x53x53_tWtW_narrow_RH_M1300_TuneCP5_13TeV-madgraph-pythia8_52
>> Adding PairVLQ_x53x53_tWtW_narrow_RH_M1300_TuneCP5_13TeV-madgraph-pythia8_53.root to the list by reading PairVLQ_x53x53_tWtW_narrow_RH_M1300_TuneCP5_13TeV-madgraph-pythia8_53
>> Adding PairVLQ_x53x53_tWtW_narrow_RH_M1300_TuneCP5_13TeV-madgraph-pythia8_54.root to the list by reading PairVLQ_x53x53_tWtW_narrow_RH_M1300_TuneCP5_13TeV-madgraph-pythia8_54
>> Adding PairVLQ_x53x53_tWtW_narrow_RH_M1300_TuneCP5_13TeV-madgraph-pythia8_55.root to the list by reading PairVLQ_x53x53_tWtW_narrow_RH_M1300_TuneCP5_13TeV-madgraph-pythia8_55
>> Adding PairVLQ_x53x53_tWtW_narrow_RH_M1300_TuneCP5_13TeV-madgraph-pythia8_56.root to the list by reading PairVLQ_x53x53_tWtW_narrow_RH_M1300_TuneCP5_13TeV-madgraph-pythia8_56
>> Adding PairVLQ_x53x53_tWtW_narrow_RH_M1300_TuneCP5_13TeV-madgraph-pythia8_57.root to the list by reading PairVLQ_x53x53_tWtW_narrow_RH_M1300_TuneCP5_13TeV-madgraph-pythia8_57
>> Adding PairVLQ_x53x53_tWtW_narrow_RH_M1300_TuneCP5_13TeV-madgraph-pythia8_58.root to the list by reading PairVLQ_x53x53_tWtW_narrow_RH_M1300_TuneCP5_13TeV-madgraph-pythia8_58
>> Adding PairVLQ_x53x53_tWtW_narrow_RH_M1300_TuneCP5_13TeV-madgraph-pythia8_59.root to the list by reading PairVLQ_x53x53_tWtW_narrow_RH_M1300_TuneCP5_13TeV-madgraph-pythia8_59
>> Adding PairVLQ_x53x53_tWtW_narrow_RH_M1300_TuneCP5_13TeV-madgraph-pythia8_6.root to the list by reading PairVLQ_x53x53_tWtW_narrow_RH_M1300_TuneCP5_13TeV-madgraph-pythia8_6
>> Adding PairVLQ_x53x53_tWtW_narrow_RH_M1300_TuneCP5_13TeV-madgraph-pythia8_60.root to the list by reading PairVLQ_x53x53_tWtW_narrow_RH_M1300_TuneCP5_13TeV-madgraph-pythia8_60
>> Adding PairVLQ_x53x53_tWtW_narrow_RH_M1300_TuneCP5_13TeV-madgraph-pythia8_61.root to the list by reading PairVLQ_x53x53_tWtW_narrow_RH_M1300_TuneCP5_13TeV-madgraph-pythia8_61
>> Adding PairVLQ_x53x53_tWtW_narrow_RH_M1300_TuneCP5_13TeV-madgraph-pythia8_62.root to the list by reading PairVLQ_x53x53_tWtW_narrow_RH_M1300_TuneCP5_13TeV-madgraph-pythia8_62
>> Adding PairVLQ_x53x53_tWtW_narrow_RH_M1300_TuneCP5_13TeV-madgraph-pythia8_63.root to the list by reading PairVLQ_x53x53_tWtW_narrow_RH_M1300_TuneCP5_13TeV-madgraph-pythia8_63
>> Adding PairVLQ_x53x53_tWtW_narrow_RH_M1300_TuneCP5_13TeV-madgraph-pythia8_64.root to the list by reading PairVLQ_x53x53_tWtW_narrow_RH_M1300_TuneCP5_13TeV-madgraph-pythia8_64
>> Adding PairVLQ_x53x53_tWtW_narrow_RH_M1300_TuneCP5_13TeV-madgraph-pythia8_65.root to the list by reading PairVLQ_x53x53_tWtW_narrow_RH_M1300_TuneCP5_13TeV-madgraph-pythia8_65
>> Adding PairVLQ_x53x53_tWtW_narrow_RH_M1300_TuneCP5_13TeV-madgraph-pythia8_66.root to the list by reading PairVLQ_x53x53_tWtW_narrow_RH_M1300_TuneCP5_13TeV-madgraph-pythia8_66
>> Adding PairVLQ_x53x53_tWtW_narrow_RH_M1300_TuneCP5_13TeV-madgraph-pythia8_67.root to the list by reading PairVLQ_x53x53_tWtW_narrow_RH_M1300_TuneCP5_13TeV-madgraph-pythia8_67
[OPT] Using deepCSV reshaping file: reshaping_deepCSV_106XUL17_v4.csv
[OPT] Using deepJet reshaping file: reshaping_deepJet_106XUL17_v4.csv

>> Running /isilon/hadoop/store/group/bruxljm/FWLJMET106XUL_singleLep2017UL_RunIISummer20_X53X53/PairVLQ_x53x53_tWtW_narrow_RH_M1300_TuneCP5_13TeV-madgraph-pythia8/singleLep2017UL/230310_182847/0000/PairVLQ_x53x53_tWtW_narrow_RH_M1300_TuneCP5_13TeV-madgraph-pythia8_40.root for shift: nominal
[step1.h] Opening file: /isilon/hadoop/store/group/bruxljm/FWLJMET106XUL_singleLep2017UL_RunIISummer20_X53X53/PairVLQ_x53x53_tWtW_narrow_RH_M1300_TuneCP5_13TeV-madgraph-pythia8/singleLep2017UL/230310_182847/0000/PairVLQ_x53x53_tWtW_narrow_RH_M1300_TuneCP5_13TeV-madgraph-pythia8_40.root
[step1.h] Finished initializing
RUN CONFIG: YEAR = 2017
Era = 
isMC = 1, isSig = 1, SigMass = 6
isHad =0, isSE =0, isSM =0
isTTTT = 0, isXX = 1, isTpTp = 0, isBpBp = 0
For W's: isTT = 0, isSTt = 0, isSTtW = 0
For jets & PDF: isTOP = 0, isMadgraphBkg = 1
For HOTTagger Efficiencies: isTTV = 0, isTTHbb = 0, isTTHnonbb = 0, isTTTX = 0
isTTVV = 0, isST = 0, isTTToSemiLeptonHT500Njet9 = 0
Pileup sample key: PairVLQ_x53x53_tWtW_narrow_RH_M1300_TuneCP5_13TeV-madgraph-pythia8
b-tagging working points: 0.304(DeepJet)0.4506(DeepCSV)
isTTincMtt0to700: 0
isTTincMtt0to1000: 0
isTTincMtt700to1000: 0
isTTincMtt1000toInf: 0
isTTSemilepIncHT0Njet0: 0
isTTSemilepIncHT500Njet9: 0
outTTLF: 0
outTTCC: 0
outTTBB: 0
outTT1B: 0
outTT2B: 0
>> Completed 0 out of 527 events
[INFO] Defaulting to central deepJet weight for: nominal
Nelectrons      = 242 / 527
Npassed_ElEta   = 242 / 527
Nmuons          = 285 / 527
NrelIsoFail     = 0 / 527
Npassed_MuEta   = 285 / 527
Npassed_nAK8Jets= 527 / 527
Npassed_Trigger = 508 / 527
Npassed_MET     = 474 / 527
Npassed_lepPt   = 471 / 527
Npassed_HT      = 526 / 527
npass_Njets     = 527 / 527
Npassed_ALL     = 421 / 527

>> Running /isilon/hadoop/store/group/bruxljm/FWLJMET106XUL_singleLep2017UL_RunIISummer20_X53X53/PairVLQ_x53x53_tWtW_narrow_RH_M1300_TuneCP5_13TeV-madgraph-pythia8/singleLep2017UL/230310_182847/0000/PairVLQ_x53x53_tWtW_narrow_RH_M1300_TuneCP5_13TeV-madgraph-pythia8_41.root for shift: nominal
[step1.h] Opening file: /isilon/hadoop/store/group/bruxljm/FWLJMET106XUL_singleLep2017UL_RunIISummer20_X53X53/PairVLQ_x53x53_tWtW_narrow_RH_M1300_TuneCP5_13TeV-madgraph-pythia8/singleLep2017UL/230310_182847/0000/PairVLQ_x53x53_tWtW_narrow_RH_M1300_TuneCP5_13TeV-madgraph-pythia8_41.root
[step1.h] Finished initializing
RUN CONFIG: YEAR = 2017
Era = 
isMC = 1, isSig = 1, SigMass = 6
isHad =0, isSE =0, isSM =0
isTTTT = 0, isXX = 1, isTpTp = 0, isBpBp = 0
For W's: isTT = 0, isSTt = 0, isSTtW = 0
For jets & PDF: isTOP = 0, isMadgraphBkg = 1
For HOTTagger Efficiencies: isTTV = 0, isTTHbb = 0, isTTHnonbb = 0, isTTTX = 0
isTTVV = 0, isST = 0, isTTToSemiLeptonHT500Njet9 = 0
Pileup sample key: PairVLQ_x53x53_tWtW_narrow_RH_M1300_TuneCP5_13TeV-madgraph-pythia8
b-tagging working points: 0.304(DeepJet)0.4506(DeepCSV)
isTTincMtt0to700: 0
isTTincMtt0to1000: 0
isTTincMtt700to1000: 0
isTTincMtt1000toInf: 0
isTTSemilepIncHT0Njet0: 0
isTTSemilepIncHT500Njet9: 0
outTTLF: 0
outTTCC: 0
outTTBB: 0
outTT1B: 0
outTT2B: 0
>> Completed 0 out of 536 events
[INFO] Defaulting to central deepJet weight for: nominal
Nelectrons      = 253 / 536
Npassed_ElEta   = 253 / 536
Nmuons          = 283 / 536
NrelIsoFail     = 0 / 536
Npassed_MuEta   = 283 / 536
Npassed_nAK8Jets= 536 / 536
Npassed_Trigger = 519 / 536
Npassed_MET     = 473 / 536
Npassed_lepPt   = 492 / 536
Npassed_HT      = 536 / 536
npass_Njets     = 535 / 536
Npassed_ALL     = 434 / 536

>> Running /isilon/hadoop/store/group/bruxljm/FWLJMET106XUL_singleLep2017UL_RunIISummer20_X53X53/PairVLQ_x53x53_tWtW_narrow_RH_M1300_TuneCP5_13TeV-madgraph-pythia8/singleLep2017UL/230310_182847/0000/PairVLQ_x53x53_tWtW_narrow_RH_M1300_TuneCP5_13TeV-madgraph-pythia8_42.root for shift: nominal
[step1.h] Opening file: /isilon/hadoop/store/group/bruxljm/FWLJMET106XUL_singleLep2017UL_RunIISummer20_X53X53/PairVLQ_x53x53_tWtW_narrow_RH_M1300_TuneCP5_13TeV-madgraph-pythia8/singleLep2017UL/230310_182847/0000/PairVLQ_x53x53_tWtW_narrow_RH_M1300_TuneCP5_13TeV-madgraph-pythia8_42.root
[step1.h] Finished initializing
RUN CONFIG: YEAR = 2017
Era = 
isMC = 1, isSig = 1, SigMass = 6
isHad =0, isSE =0, isSM =0
isTTTT = 0, isXX = 1, isTpTp = 0, isBpBp = 0
For W's: isTT = 0, isSTt = 0, isSTtW = 0
For jets & PDF: isTOP = 0, isMadgraphBkg = 1
For HOTTagger Efficiencies: isTTV = 0, isTTHbb = 0, isTTHnonbb = 0, isTTTX = 0
isTTVV = 0, isST = 0, isTTToSemiLeptonHT500Njet9 = 0
Pileup sample key: PairVLQ_x53x53_tWtW_narrow_RH_M1300_TuneCP5_13TeV-madgraph-pythia8
b-tagging working points: 0.304(DeepJet)0.4506(DeepCSV)
isTTincMtt0to700: 0
isTTincMtt0to1000: 0
isTTincMtt700to1000: 0
isTTincMtt1000toInf: 0
isTTSemilepIncHT0Njet0: 0
isTTSemilepIncHT500Njet9: 0
outTTLF: 0
outTTCC: 0
outTTBB: 0
outTT1B: 0
outTT2B: 0
>> Completed 0 out of 526 events
[INFO] Defaulting to central deepJet weight for: nominal
Nelectrons      = 236 / 526
Npassed_ElEta   = 236 / 526
Nmuons          = 290 / 526
NrelIsoFail     = 0 / 526
Npassed_MuEta   = 290 / 526
Npassed_nAK8Jets= 526 / 526
Npassed_Trigger = 508 / 526
Npassed_MET     = 473 / 526
Npassed_lepPt   = 478 / 526
Npassed_HT      = 526 / 526
npass_Njets     = 524 / 526
Npassed_ALL     = 428 / 526

>> Running /isilon/hadoop/store/group/bruxljm/FWLJMET106XUL_singleLep2017UL_RunIISummer20_X53X53/PairVLQ_x53x53_tWtW_narrow_RH_M1300_TuneCP5_13TeV-madgraph-pythia8/singleLep2017UL/230310_182847/0000/PairVLQ_x53x53_tWtW_narrow_RH_M1300_TuneCP5_13TeV-madgraph-pythia8_43.root for shift: nominal
[step1.h] Opening file: /isilon/hadoop/store/group/bruxljm/FWLJMET106XUL_singleLep2017UL_RunIISummer20_X53X53/PairVLQ_x53x53_tWtW_narrow_RH_M1300_TuneCP5_13TeV-madgraph-pythia8/singleLep2017UL/230310_182847/0000/PairVLQ_x53x53_tWtW_narrow_RH_M1300_TuneCP5_13TeV-madgraph-pythia8_43.root
[step1.h] Finished initializing
RUN CONFIG: YEAR = 2017
Era = 
isMC = 1, isSig = 1, SigMass = 6
isHad =0, isSE =0, isSM =0
isTTTT = 0, isXX = 1, isTpTp = 0, isBpBp = 0
For W's: isTT = 0, isSTt = 0, isSTtW = 0
For jets & PDF: isTOP = 0, isMadgraphBkg = 1
For HOTTagger Efficiencies: isTTV = 0, isTTHbb = 0, isTTHnonbb = 0, isTTTX = 0
isTTVV = 0, isST = 0, isTTToSemiLeptonHT500Njet9 = 0
Pileup sample key: PairVLQ_x53x53_tWtW_narrow_RH_M1300_TuneCP5_13TeV-madgraph-pythia8
b-tagging working points: 0.304(DeepJet)0.4506(DeepCSV)
isTTincMtt0to700: 0
isTTincMtt0to1000: 0
isTTincMtt700to1000: 0
isTTincMtt1000toInf: 0
isTTSemilepIncHT0Njet0: 0
isTTSemilepIncHT500Njet9: 0
outTTLF: 0
outTTCC: 0
outTTBB: 0
outTT1B: 0
outTT2B: 0
>> Completed 0 out of 1086 events
[INFO] Defaulting to central deepJet weight for: nominal
>> Completed 1000 out of 1086 events
Nelectrons      = 488 / 1086
Npassed_ElEta   = 488 / 1086
Nmuons          = 598 / 1086
NrelIsoFail     = 0 / 1086
Npassed_MuEta   = 598 / 1086
Npassed_nAK8Jets= 1086 / 1086
Npassed_Trigger = 1050 / 1086
Npassed_MET     = 964 / 1086
Npassed_lepPt   = 990 / 1086
Npassed_HT      = 1085 / 1086
npass_Njets     = 1079 / 1086
Npassed_ALL     = 877 / 1086

>> Running /isilon/hadoop/store/group/bruxljm/FWLJMET106XUL_singleLep2017UL_RunIISummer20_X53X53/PairVLQ_x53x53_tWtW_narrow_RH_M1300_TuneCP5_13TeV-madgraph-pythia8/singleLep2017UL/230310_182847/0000/PairVLQ_x53x53_tWtW_narrow_RH_M1300_TuneCP5_13TeV-madgraph-pythia8_44.root for shift: nominal
[step1.h] Opening file: /isilon/hadoop/store/group/bruxljm/FWLJMET106XUL_singleLep2017UL_RunIISummer20_X53X53/PairVLQ_x53x53_tWtW_narrow_RH_M1300_TuneCP5_13TeV-madgraph-pythia8/singleLep2017UL/230310_182847/0000/PairVLQ_x53x53_tWtW_narrow_RH_M1300_TuneCP5_13TeV-madgraph-pythia8_44.root
[step1.h] Finished initializing
RUN CONFIG: YEAR = 2017
Era = 
isMC = 1, isSig = 1, SigMass = 6
isHad =0, isSE =0, isSM =0
isTTTT = 0, isXX = 1, isTpTp = 0, isBpBp = 0
For W's: isTT = 0, isSTt = 0, isSTtW = 0
For jets & PDF: isTOP = 0, isMadgraphBkg = 1
For HOTTagger Efficiencies: isTTV = 0, isTTHbb = 0, isTTHnonbb = 0, isTTTX = 0
isTTVV = 0, isST = 0, isTTToSemiLeptonHT500Njet9 = 0
Pileup sample key: PairVLQ_x53x53_tWtW_narrow_RH_M1300_TuneCP5_13TeV-madgraph-pythia8
b-tagging working points: 0.304(DeepJet)0.4506(DeepCSV)
isTTincMtt0to700: 0
isTTincMtt0to1000: 0
isTTincMtt700to1000: 0
isTTincMtt1000toInf: 0
isTTSemilepIncHT0Njet0: 0
isTTSemilepIncHT500Njet9: 0
outTTLF: 0
outTTCC: 0
outTTBB: 0
outTT1B: 0
outTT2B: 0
>> Completed 0 out of 1093 events
[INFO] Defaulting to central deepJet weight for: nominal
>> Completed 1000 out of 1093 events
Nelectrons      = 516 / 1093
Npassed_ElEta   = 516 / 1093
Nmuons          = 577 / 1093
NrelIsoFail     = 0 / 1093
Npassed_MuEta   = 577 / 1093
Npassed_nAK8Jets= 1093 / 1093
Npassed_Trigger = 1053 / 1093
Npassed_MET     = 973 / 1093
Npassed_lepPt   = 990 / 1093
Npassed_HT      = 1091 / 1093
npass_Njets     = 1086 / 1093
Npassed_ALL     = 872 / 1093

>> Running /isilon/hadoop/store/group/bruxljm/FWLJMET106XUL_singleLep2017UL_RunIISummer20_X53X53/PairVLQ_x53x53_tWtW_narrow_RH_M1300_TuneCP5_13TeV-madgraph-pythia8/singleLep2017UL/230310_182847/0000/PairVLQ_x53x53_tWtW_narrow_RH_M1300_TuneCP5_13TeV-madgraph-pythia8_45.root for shift: nominal
[step1.h] Opening file: /isilon/hadoop/store/group/bruxljm/FWLJMET106XUL_singleLep2017UL_RunIISummer20_X53X53/PairVLQ_x53x53_tWtW_narrow_RH_M1300_TuneCP5_13TeV-madgraph-pythia8/singleLep2017UL/230310_182847/0000/PairVLQ_x53x53_tWtW_narrow_RH_M1300_TuneCP5_13TeV-madgraph-pythia8_45.root
[step1.h] Finished initializing
RUN CONFIG: YEAR = 2017
Era = 
isMC = 1, isSig = 1, SigMass = 6
isHad =0, isSE =0, isSM =0
isTTTT = 0, isXX = 1, isTpTp = 0, isBpBp = 0
For W's: isTT = 0, isSTt = 0, isSTtW = 0
For jets & PDF: isTOP = 0, isMadgraphBkg = 1
For HOTTagger Efficiencies: isTTV = 0, isTTHbb = 0, isTTHnonbb = 0, isTTTX = 0
isTTVV = 0, isST = 0, isTTToSemiLeptonHT500Njet9 = 0
Pileup sample key: PairVLQ_x53x53_tWtW_narrow_RH_M1300_TuneCP5_13TeV-madgraph-pythia8
b-tagging working points: 0.304(DeepJet)0.4506(DeepCSV)
isTTincMtt0to700: 0
isTTincMtt0to1000: 0
isTTincMtt700to1000: 0
isTTincMtt1000toInf: 0
isTTSemilepIncHT0Njet0: 0
isTTSemilepIncHT500Njet9: 0
outTTLF: 0
outTTCC: 0
outTTBB: 0
outTT1B: 0
outTT2B: 0
>> Completed 0 out of 1077 events
[INFO] Defaulting to central deepJet weight for: nominal
>> Completed 1000 out of 1077 events
Nelectrons      = 508 / 1077
Npassed_ElEta   = 508 / 1077
Nmuons          = 569 / 1077
NrelIsoFail     = 0 / 1077
Npassed_MuEta   = 569 / 1077
Npassed_nAK8Jets= 1077 / 1077
Npassed_Trigger = 1047 / 1077
Npassed_MET     = 951 / 1077
Npassed_lepPt   = 978 / 1077
Npassed_HT      = 1076 / 1077
npass_Njets     = 1074 / 1077
Npassed_ALL     = 862 / 1077

>> Running /isilon/hadoop/store/group/bruxljm/FWLJMET106XUL_singleLep2017UL_RunIISummer20_X53X53/PairVLQ_x53x53_tWtW_narrow_RH_M1300_TuneCP5_13TeV-madgraph-pythia8/singleLep2017UL/230310_182847/0000/PairVLQ_x53x53_tWtW_narrow_RH_M1300_TuneCP5_13TeV-madgraph-pythia8_46.root for shift: nominal
[step1.h] Opening file: /isilon/hadoop/store/group/bruxljm/FWLJMET106XUL_singleLep2017UL_RunIISummer20_X53X53/PairVLQ_x53x53_tWtW_narrow_RH_M1300_TuneCP5_13TeV-madgraph-pythia8/singleLep2017UL/230310_182847/0000/PairVLQ_x53x53_tWtW_narrow_RH_M1300_TuneCP5_13TeV-madgraph-pythia8_46.root
[step1.h] Finished initializing
RUN CONFIG: YEAR = 2017
Era = 
isMC = 1, isSig = 1, SigMass = 6
isHad =0, isSE =0, isSM =0
isTTTT = 0, isXX = 1, isTpTp = 0, isBpBp = 0
For W's: isTT = 0, isSTt = 0, isSTtW = 0
For jets & PDF: isTOP = 0, isMadgraphBkg = 1
For HOTTagger Efficiencies: isTTV = 0, isTTHbb = 0, isTTHnonbb = 0, isTTTX = 0
isTTVV = 0, isST = 0, isTTToSemiLeptonHT500Njet9 = 0
Pileup sample key: PairVLQ_x53x53_tWtW_narrow_RH_M1300_TuneCP5_13TeV-madgraph-pythia8
b-tagging working points: 0.304(DeepJet)0.4506(DeepCSV)
isTTincMtt0to700: 0
isTTincMtt0to1000: 0
isTTincMtt700to1000: 0
isTTincMtt1000toInf: 0
isTTSemilepIncHT0Njet0: 0
isTTSemilepIncHT500Njet9: 0
outTTLF: 0
outTTCC: 0
outTTBB: 0
outTT1B: 0
outTT2B: 0
>> Completed 0 out of 1033 events
[INFO] Defaulting to central deepJet weight for: nominal
>> Completed 1000 out of 1033 events
Nelectrons      = 466 / 1033
Npassed_ElEta   = 466 / 1033
Nmuons          = 567 / 1033
NrelIsoFail     = 0 / 1033
Npassed_MuEta   = 567 / 1033
Npassed_nAK8Jets= 1033 / 1033
Npassed_Trigger = 991 / 1033
Npassed_MET     = 931 / 1033
Npassed_lepPt   = 947 / 1033
Npassed_HT      = 1033 / 1033
npass_Njets     = 1031 / 1033
Npassed_ALL     = 854 / 1033

>> Running /isilon/hadoop/store/group/bruxljm/FWLJMET106XUL_singleLep2017UL_RunIISummer20_X53X53/PairVLQ_x53x53_tWtW_narrow_RH_M1300_TuneCP5_13TeV-madgraph-pythia8/singleLep2017UL/230310_182847/0000/PairVLQ_x53x53_tWtW_narrow_RH_M1300_TuneCP5_13TeV-madgraph-pythia8_47.root for shift: nominal
[step1.h] Opening file: /isilon/hadoop/store/group/bruxljm/FWLJMET106XUL_singleLep2017UL_RunIISummer20_X53X53/PairVLQ_x53x53_tWtW_narrow_RH_M1300_TuneCP5_13TeV-madgraph-pythia8/singleLep2017UL/230310_182847/0000/PairVLQ_x53x53_tWtW_narrow_RH_M1300_TuneCP5_13TeV-madgraph-pythia8_47.root
[step1.h] Finished initializing
RUN CONFIG: YEAR = 2017
Era = 
isMC = 1, isSig = 1, SigMass = 6
isHad =0, isSE =0, isSM =0
isTTTT = 0, isXX = 1, isTpTp = 0, isBpBp = 0
For W's: isTT = 0, isSTt = 0, isSTtW = 0
For jets & PDF: isTOP = 0, isMadgraphBkg = 1
For HOTTagger Efficiencies: isTTV = 0, isTTHbb = 0, isTTHnonbb = 0, isTTTX = 0
isTTVV = 0, isST = 0, isTTToSemiLeptonHT500Njet9 = 0
Pileup sample key: PairVLQ_x53x53_tWtW_narrow_RH_M1300_TuneCP5_13TeV-madgraph-pythia8
b-tagging working points: 0.304(DeepJet)0.4506(DeepCSV)
isTTincMtt0to700: 0
isTTincMtt0to1000: 0
isTTincMtt700to1000: 0
isTTincMtt1000toInf: 0
isTTSemilepIncHT0Njet0: 0
isTTSemilepIncHT500Njet9: 0
outTTLF: 0
outTTCC: 0
outTTBB: 0
outTT1B: 0
outTT2B: 0
>> Completed 0 out of 1043 events
[INFO] Defaulting to central deepJet weight for: nominal
>> Completed 1000 out of 1043 events
Nelectrons      = 485 / 1043
Npassed_ElEta   = 485 / 1043
Nmuons          = 558 / 1043
NrelIsoFail     = 0 / 1043
Npassed_MuEta   = 558 / 1043
Npassed_nAK8Jets= 1043 / 1043
Npassed_Trigger = 1011 / 1043
Npassed_MET     = 938 / 1043
Npassed_lepPt   = 945 / 1043
Npassed_HT      = 1043 / 1043
npass_Njets     = 1037 / 1043
Npassed_ALL     = 840 / 1043

>> Running /isilon/hadoop/store/group/bruxljm/FWLJMET106XUL_singleLep2017UL_RunIISummer20_X53X53/PairVLQ_x53x53_tWtW_narrow_RH_M1300_TuneCP5_13TeV-madgraph-pythia8/singleLep2017UL/230310_182847/0000/PairVLQ_x53x53_tWtW_narrow_RH_M1300_TuneCP5_13TeV-madgraph-pythia8_48.root for shift: nominal
[step1.h] Opening file: /isilon/hadoop/store/group/bruxljm/FWLJMET106XUL_singleLep2017UL_RunIISummer20_X53X53/PairVLQ_x53x53_tWtW_narrow_RH_M1300_TuneCP5_13TeV-madgraph-pythia8/singleLep2017UL/230310_182847/0000/PairVLQ_x53x53_tWtW_narrow_RH_M1300_TuneCP5_13TeV-madgraph-pythia8_48.root
[step1.h] Finished initializing
RUN CONFIG: YEAR = 2017
Era = 
isMC = 1, isSig = 1, SigMass = 6
isHad =0, isSE =0, isSM =0
isTTTT = 0, isXX = 1, isTpTp = 0, isBpBp = 0
For W's: isTT = 0, isSTt = 0, isSTtW = 0
For jets & PDF: isTOP = 0, isMadgraphBkg = 1
For HOTTagger Efficiencies: isTTV = 0, isTTHbb = 0, isTTHnonbb = 0, isTTTX = 0
isTTVV = 0, isST = 0, isTTToSemiLeptonHT500Njet9 = 0
Pileup sample key: PairVLQ_x53x53_tWtW_narrow_RH_M1300_TuneCP5_13TeV-madgraph-pythia8
b-tagging working points: 0.304(DeepJet)0.4506(DeepCSV)
isTTincMtt0to700: 0
isTTincMtt0to1000: 0
isTTincMtt700to1000: 0
isTTincMtt1000toInf: 0
isTTSemilepIncHT0Njet0: 0
isTTSemilepIncHT500Njet9: 0
outTTLF: 0
outTTCC: 0
outTTBB: 0
outTT1B: 0
outTT2B: 0
>> Completed 0 out of 1041 events
[INFO] Defaulting to central deepJet weight for: nominal
>> Completed 1000 out of 1041 events
Nelectrons      = 478 / 1041
Npassed_ElEta   = 478 / 1041
Nmuons          = 563 / 1041
NrelIsoFail     = 0 / 1041
Npassed_MuEta   = 563 / 1041
Npassed_nAK8Jets= 1041 / 1041
Npassed_Trigger = 1001 / 1041
Npassed_MET     = 933 / 1041
Npassed_lepPt   = 947 / 1041
Npassed_HT      = 1041 / 1041
npass_Njets     = 1033 / 1041
Npassed_ALL     = 843 / 1041

>> Running /isilon/hadoop/store/group/bruxljm/FWLJMET106XUL_singleLep2017UL_RunIISummer20_X53X53/PairVLQ_x53x53_tWtW_narrow_RH_M1300_TuneCP5_13TeV-madgraph-pythia8/singleLep2017UL/230310_182847/0000/PairVLQ_x53x53_tWtW_narrow_RH_M1300_TuneCP5_13TeV-madgraph-pythia8_49.root for shift: nominal
[step1.h] Opening file: /isilon/hadoop/store/group/bruxljm/FWLJMET106XUL_singleLep2017UL_RunIISummer20_X53X53/PairVLQ_x53x53_tWtW_narrow_RH_M1300_TuneCP5_13TeV-madgraph-pythia8/singleLep2017UL/230310_182847/0000/PairVLQ_x53x53_tWtW_narrow_RH_M1300_TuneCP5_13TeV-madgraph-pythia8_49.root
[step1.h] Finished initializing
RUN CONFIG: YEAR = 2017
Era = 
isMC = 1, isSig = 1, SigMass = 6
isHad =0, isSE =0, isSM =0
isTTTT = 0, isXX = 1, isTpTp = 0, isBpBp = 0
For W's: isTT = 0, isSTt = 0, isSTtW = 0
For jets & PDF: isTOP = 0, isMadgraphBkg = 1
For HOTTagger Efficiencies: isTTV = 0, isTTHbb = 0, isTTHnonbb = 0, isTTTX = 0
isTTVV = 0, isST = 0, isTTToSemiLeptonHT500Njet9 = 0
Pileup sample key: PairVLQ_x53x53_tWtW_narrow_RH_M1300_TuneCP5_13TeV-madgraph-pythia8
b-tagging working points: 0.304(DeepJet)0.4506(DeepCSV)
isTTincMtt0to700: 0
isTTincMtt0to1000: 0
isTTincMtt700to1000: 0
isTTincMtt1000toInf: 0
isTTSemilepIncHT0Njet0: 0
isTTSemilepIncHT500Njet9: 0
outTTLF: 0
outTTCC: 0
outTTBB: 0
outTT1B: 0
outTT2B: 0
>> Completed 0 out of 1070 events
[INFO] Defaulting to central deepJet weight for: nominal
>> Completed 1000 out of 1070 events
Nelectrons      = 512 / 1070
Npassed_ElEta   = 512 / 1070
Nmuons          = 558 / 1070
NrelIsoFail     = 0 / 1070
Npassed_MuEta   = 558 / 1070
Npassed_nAK8Jets= 1070 / 1070
Npassed_Trigger = 1033 / 1070
Npassed_MET     = 972 / 1070
Npassed_lepPt   = 981 / 1070
Npassed_HT      = 1068 / 1070
npass_Njets     = 1065 / 1070
Npassed_ALL     = 883 / 1070

>> Running /isilon/hadoop/store/group/bruxljm/FWLJMET106XUL_singleLep2017UL_RunIISummer20_X53X53/PairVLQ_x53x53_tWtW_narrow_RH_M1300_TuneCP5_13TeV-madgraph-pythia8/singleLep2017UL/230310_182847/0000/PairVLQ_x53x53_tWtW_narrow_RH_M1300_TuneCP5_13TeV-madgraph-pythia8_5.root for shift: nominal
[step1.h] Opening file: /isilon/hadoop/store/group/bruxljm/FWLJMET106XUL_singleLep2017UL_RunIISummer20_X53X53/PairVLQ_x53x53_tWtW_narrow_RH_M1300_TuneCP5_13TeV-madgraph-pythia8/singleLep2017UL/230310_182847/0000/PairVLQ_x53x53_tWtW_narrow_RH_M1300_TuneCP5_13TeV-madgraph-pythia8_5.root
[step1.h] Finished initializing
RUN CONFIG: YEAR = 2017
Era = 
isMC = 1, isSig = 1, SigMass = 6
isHad =0, isSE =0, isSM =0
isTTTT = 0, isXX = 1, isTpTp = 0, isBpBp = 0
For W's: isTT = 0, isSTt = 0, isSTtW = 0
For jets & PDF: isTOP = 0, isMadgraphBkg = 1
For HOTTagger Efficiencies: isTTV = 0, isTTHbb = 0, isTTHnonbb = 0, isTTTX = 0
isTTVV = 0, isST = 0, isTTToSemiLeptonHT500Njet9 = 0
Pileup sample key: PairVLQ_x53x53_tWtW_narrow_RH_M1300_TuneCP5_13TeV-madgraph-pythia8
b-tagging working points: 0.304(DeepJet)0.4506(DeepCSV)
isTTincMtt0to700: 0
isTTincMtt0to1000: 0
isTTincMtt700to1000: 0
isTTincMtt1000toInf: 0
isTTSemilepIncHT0Njet0: 0
isTTSemilepIncHT500Njet9: 0
outTTLF: 0
outTTCC: 0
outTTBB: 0
outTT1B: 0
outTT2B: 0
>> Completed 0 out of 522 events
[INFO] Defaulting to central deepJet weight for: nominal
Nelectrons      = 263 / 522
Npassed_ElEta   = 263 / 522
Nmuons          = 259 / 522
NrelIsoFail     = 0 / 522
Npassed_MuEta   = 259 / 522
Npassed_nAK8Jets= 522 / 522
Npassed_Trigger = 505 / 522
Npassed_MET     = 467 / 522
Npassed_lepPt   = 469 / 522
Npassed_HT      = 521 / 522
npass_Njets     = 521 / 522
Npassed_ALL     = 418 / 522

>> Running /isilon/hadoop/store/group/bruxljm/FWLJMET106XUL_singleLep2017UL_RunIISummer20_X53X53/PairVLQ_x53x53_tWtW_narrow_RH_M1300_TuneCP5_13TeV-madgraph-pythia8/singleLep2017UL/230310_182847/0000/PairVLQ_x53x53_tWtW_narrow_RH_M1300_TuneCP5_13TeV-madgraph-pythia8_50.root for shift: nominal
[step1.h] Opening file: /isilon/hadoop/store/group/bruxljm/FWLJMET106XUL_singleLep2017UL_RunIISummer20_X53X53/PairVLQ_x53x53_tWtW_narrow_RH_M1300_TuneCP5_13TeV-madgraph-pythia8/singleLep2017UL/230310_182847/0000/PairVLQ_x53x53_tWtW_narrow_RH_M1300_TuneCP5_13TeV-madgraph-pythia8_50.root
[step1.h] Finished initializing
RUN CONFIG: YEAR = 2017
Era = 
isMC = 1, isSig = 1, SigMass = 6
isHad =0, isSE =0, isSM =0
isTTTT = 0, isXX = 1, isTpTp = 0, isBpBp = 0
For W's: isTT = 0, isSTt = 0, isSTtW = 0
For jets & PDF: isTOP = 0, isMadgraphBkg = 1
For HOTTagger Efficiencies: isTTV = 0, isTTHbb = 0, isTTHnonbb = 0, isTTTX = 0
isTTVV = 0, isST = 0, isTTToSemiLeptonHT500Njet9 = 0
Pileup sample key: PairVLQ_x53x53_tWtW_narrow_RH_M1300_TuneCP5_13TeV-madgraph-pythia8
b-tagging working points: 0.304(DeepJet)0.4506(DeepCSV)
isTTincMtt0to700: 0
isTTincMtt0to1000: 0
isTTincMtt700to1000: 0
isTTincMtt1000toInf: 0
isTTSemilepIncHT0Njet0: 0
isTTSemilepIncHT500Njet9: 0
outTTLF: 0
outTTCC: 0
outTTBB: 0
outTT1B: 0
outTT2B: 0
>> Completed 0 out of 1047 events
[INFO] Defaulting to central deepJet weight for: nominal
>> Completed 1000 out of 1047 events
Nelectrons      = 489 / 1047
Npassed_ElEta   = 489 / 1047
Nmuons          = 558 / 1047
NrelIsoFail     = 0 / 1047
Npassed_MuEta   = 558 / 1047
Npassed_nAK8Jets= 1047 / 1047
Npassed_Trigger = 1001 / 1047
Npassed_MET     = 927 / 1047
Npassed_lepPt   = 957 / 1047
Npassed_HT      = 1047 / 1047
npass_Njets     = 1044 / 1047
Npassed_ALL     = 851 / 1047

>> Running /isilon/hadoop/store/group/bruxljm/FWLJMET106XUL_singleLep2017UL_RunIISummer20_X53X53/PairVLQ_x53x53_tWtW_narrow_RH_M1300_TuneCP5_13TeV-madgraph-pythia8/singleLep2017UL/230310_182847/0000/PairVLQ_x53x53_tWtW_narrow_RH_M1300_TuneCP5_13TeV-madgraph-pythia8_51.root for shift: nominal
[step1.h] Opening file: /isilon/hadoop/store/group/bruxljm/FWLJMET106XUL_singleLep2017UL_RunIISummer20_X53X53/PairVLQ_x53x53_tWtW_narrow_RH_M1300_TuneCP5_13TeV-madgraph-pythia8/singleLep2017UL/230310_182847/0000/PairVLQ_x53x53_tWtW_narrow_RH_M1300_TuneCP5_13TeV-madgraph-pythia8_51.root
[step1.h] Finished initializing
RUN CONFIG: YEAR = 2017
Era = 
isMC = 1, isSig = 1, SigMass = 6
isHad =0, isSE =0, isSM =0
isTTTT = 0, isXX = 1, isTpTp = 0, isBpBp = 0
For W's: isTT = 0, isSTt = 0, isSTtW = 0
For jets & PDF: isTOP = 0, isMadgraphBkg = 1
For HOTTagger Efficiencies: isTTV = 0, isTTHbb = 0, isTTHnonbb = 0, isTTTX = 0
isTTVV = 0, isST = 0, isTTToSemiLeptonHT500Njet9 = 0
Pileup sample key: PairVLQ_x53x53_tWtW_narrow_RH_M1300_TuneCP5_13TeV-madgraph-pythia8
b-tagging working points: 0.304(DeepJet)0.4506(DeepCSV)
isTTincMtt0to700: 0
isTTincMtt0to1000: 0
isTTincMtt700to1000: 0
isTTincMtt1000toInf: 0
isTTSemilepIncHT0Njet0: 0
isTTSemilepIncHT500Njet9: 0
outTTLF: 0
outTTCC: 0
outTTBB: 0
outTT1B: 0
outTT2B: 0
>> Completed 0 out of 1019 events
[INFO] Defaulting to central deepJet weight for: nominal
>> Completed 1000 out of 1019 events
Nelectrons      = 449 / 1019
Npassed_ElEta   = 449 / 1019
Nmuons          = 570 / 1019
NrelIsoFail     = 0 / 1019
Npassed_MuEta   = 570 / 1019
Npassed_nAK8Jets= 1019 / 1019
Npassed_Trigger = 982 / 1019
Npassed_MET     = 921 / 1019
Npassed_lepPt   = 947 / 1019
Npassed_HT      = 1018 / 1019
npass_Njets     = 1013 / 1019
Npassed_ALL     = 850 / 1019

>> Running /isilon/hadoop/store/group/bruxljm/FWLJMET106XUL_singleLep2017UL_RunIISummer20_X53X53/PairVLQ_x53x53_tWtW_narrow_RH_M1300_TuneCP5_13TeV-madgraph-pythia8/singleLep2017UL/230310_182847/0000/PairVLQ_x53x53_tWtW_narrow_RH_M1300_TuneCP5_13TeV-madgraph-pythia8_52.root for shift: nominal
[step1.h] Opening file: /isilon/hadoop/store/group/bruxljm/FWLJMET106XUL_singleLep2017UL_RunIISummer20_X53X53/PairVLQ_x53x53_tWtW_narrow_RH_M1300_TuneCP5_13TeV-madgraph-pythia8/singleLep2017UL/230310_182847/0000/PairVLQ_x53x53_tWtW_narrow_RH_M1300_TuneCP5_13TeV-madgraph-pythia8_52.root
[step1.h] Finished initializing
RUN CONFIG: YEAR = 2017
Era = 
isMC = 1, isSig = 1, SigMass = 6
isHad =0, isSE =0, isSM =0
isTTTT = 0, isXX = 1, isTpTp = 0, isBpBp = 0
For W's: isTT = 0, isSTt = 0, isSTtW = 0
For jets & PDF: isTOP = 0, isMadgraphBkg = 1
For HOTTagger Efficiencies: isTTV = 0, isTTHbb = 0, isTTHnonbb = 0, isTTTX = 0
isTTVV = 0, isST = 0, isTTToSemiLeptonHT500Njet9 = 0
Pileup sample key: PairVLQ_x53x53_tWtW_narrow_RH_M1300_TuneCP5_13TeV-madgraph-pythia8
b-tagging working points: 0.304(DeepJet)0.4506(DeepCSV)
isTTincMtt0to700: 0
isTTincMtt0to1000: 0
isTTincMtt700to1000: 0
isTTincMtt1000toInf: 0
isTTSemilepIncHT0Njet0: 0
isTTSemilepIncHT500Njet9: 0
outTTLF: 0
outTTCC: 0
outTTBB: 0
outTT1B: 0
outTT2B: 0
>> Completed 0 out of 1073 events
[INFO] Defaulting to central deepJet weight for: nominal
>> Completed 1000 out of 1073 events
Nelectrons      = 457 / 1073
Npassed_ElEta   = 457 / 1073
Nmuons          = 616 / 1073
NrelIsoFail     = 0 / 1073
Npassed_MuEta   = 616 / 1073
Npassed_nAK8Jets= 1073 / 1073
Npassed_Trigger = 1041 / 1073
Npassed_MET     = 965 / 1073
Npassed_lepPt   = 982 / 1073
Npassed_HT      = 1071 / 1073
npass_Njets     = 1072 / 1073
Npassed_ALL     = 876 / 1073

>> Running /isilon/hadoop/store/group/bruxljm/FWLJMET106XUL_singleLep2017UL_RunIISummer20_X53X53/PairVLQ_x53x53_tWtW_narrow_RH_M1300_TuneCP5_13TeV-madgraph-pythia8/singleLep2017UL/230310_182847/0000/PairVLQ_x53x53_tWtW_narrow_RH_M1300_TuneCP5_13TeV-madgraph-pythia8_53.root for shift: nominal
[step1.h] Opening file: /isilon/hadoop/store/group/bruxljm/FWLJMET106XUL_singleLep2017UL_RunIISummer20_X53X53/PairVLQ_x53x53_tWtW_narrow_RH_M1300_TuneCP5_13TeV-madgraph-pythia8/singleLep2017UL/230310_182847/0000/PairVLQ_x53x53_tWtW_narrow_RH_M1300_TuneCP5_13TeV-madgraph-pythia8_53.root
[step1.h] Finished initializing
RUN CONFIG: YEAR = 2017
Era = 
isMC = 1, isSig = 1, SigMass = 6
isHad =0, isSE =0, isSM =0
isTTTT = 0, isXX = 1, isTpTp = 0, isBpBp = 0
For W's: isTT = 0, isSTt = 0, isSTtW = 0
For jets & PDF: isTOP = 0, isMadgraphBkg = 1
For HOTTagger Efficiencies: isTTV = 0, isTTHbb = 0, isTTHnonbb = 0, isTTTX = 0
isTTVV = 0, isST = 0, isTTToSemiLeptonHT500Njet9 = 0
Pileup sample key: PairVLQ_x53x53_tWtW_narrow_RH_M1300_TuneCP5_13TeV-madgraph-pythia8
b-tagging working points: 0.304(DeepJet)0.4506(DeepCSV)
isTTincMtt0to700: 0
isTTincMtt0to1000: 0
isTTincMtt700to1000: 0
isTTincMtt1000toInf: 0
isTTSemilepIncHT0Njet0: 0
isTTSemilepIncHT500Njet9: 0
outTTLF: 0
outTTCC: 0
outTTBB: 0
outTT1B: 0
outTT2B: 0
>> Completed 0 out of 1080 events
[INFO] Defaulting to central deepJet weight for: nominal
>> Completed 1000 out of 1080 events
Nelectrons      = 501 / 1080
Npassed_ElEta   = 501 / 1080
Nmuons          = 579 / 1080
NrelIsoFail     = 0 / 1080
Npassed_MuEta   = 579 / 1080
Npassed_nAK8Jets= 1080 / 1080
Npassed_Trigger = 1039 / 1080
Npassed_MET     = 957 / 1080
Npassed_lepPt   = 989 / 1080
Npassed_HT      = 1078 / 1080
npass_Njets     = 1075 / 1080
Npassed_ALL     = 868 / 1080

>> Running /isilon/hadoop/store/group/bruxljm/FWLJMET106XUL_singleLep2017UL_RunIISummer20_X53X53/PairVLQ_x53x53_tWtW_narrow_RH_M1300_TuneCP5_13TeV-madgraph-pythia8/singleLep2017UL/230310_182847/0000/PairVLQ_x53x53_tWtW_narrow_RH_M1300_TuneCP5_13TeV-madgraph-pythia8_54.root for shift: nominal
[step1.h] Opening file: /isilon/hadoop/store/group/bruxljm/FWLJMET106XUL_singleLep2017UL_RunIISummer20_X53X53/PairVLQ_x53x53_tWtW_narrow_RH_M1300_TuneCP5_13TeV-madgraph-pythia8/singleLep2017UL/230310_182847/0000/PairVLQ_x53x53_tWtW_narrow_RH_M1300_TuneCP5_13TeV-madgraph-pythia8_54.root
[step1.h] Finished initializing
RUN CONFIG: YEAR = 2017
Era = 
isMC = 1, isSig = 1, SigMass = 6
isHad =0, isSE =0, isSM =0
isTTTT = 0, isXX = 1, isTpTp = 0, isBpBp = 0
For W's: isTT = 0, isSTt = 0, isSTtW = 0
For jets & PDF: isTOP = 0, isMadgraphBkg = 1
For HOTTagger Efficiencies: isTTV = 0, isTTHbb = 0, isTTHnonbb = 0, isTTTX = 0
isTTVV = 0, isST = 0, isTTToSemiLeptonHT500Njet9 = 0
Pileup sample key: PairVLQ_x53x53_tWtW_narrow_RH_M1300_TuneCP5_13TeV-madgraph-pythia8
b-tagging working points: 0.304(DeepJet)0.4506(DeepCSV)
isTTincMtt0to700: 0
isTTincMtt0to1000: 0
isTTincMtt700to1000: 0
isTTincMtt1000toInf: 0
isTTSemilepIncHT0Njet0: 0
isTTSemilepIncHT500Njet9: 0
outTTLF: 0
outTTCC: 0
outTTBB: 0
outTT1B: 0
outTT2B: 0
>> Completed 0 out of 1038 events
[INFO] Defaulting to central deepJet weight for: nominal
>> Completed 1000 out of 1038 events
Nelectrons      = 470 / 1038
Npassed_ElEta   = 470 / 1038
Nmuons          = 568 / 1038
NrelIsoFail     = 0 / 1038
Npassed_MuEta   = 568 / 1038
Npassed_nAK8Jets= 1038 / 1038
Npassed_Trigger = 995 / 1038
Npassed_MET     = 931 / 1038
Npassed_lepPt   = 953 / 1038
Npassed_HT      = 1038 / 1038
npass_Njets     = 1034 / 1038
Npassed_ALL     = 852 / 1038

>> Running /isilon/hadoop/store/group/bruxljm/FWLJMET106XUL_singleLep2017UL_RunIISummer20_X53X53/PairVLQ_x53x53_tWtW_narrow_RH_M1300_TuneCP5_13TeV-madgraph-pythia8/singleLep2017UL/230310_182847/0000/PairVLQ_x53x53_tWtW_narrow_RH_M1300_TuneCP5_13TeV-madgraph-pythia8_55.root for shift: nominal
[step1.h] Opening file: /isilon/hadoop/store/group/bruxljm/FWLJMET106XUL_singleLep2017UL_RunIISummer20_X53X53/PairVLQ_x53x53_tWtW_narrow_RH_M1300_TuneCP5_13TeV-madgraph-pythia8/singleLep2017UL/230310_182847/0000/PairVLQ_x53x53_tWtW_narrow_RH_M1300_TuneCP5_13TeV-madgraph-pythia8_55.root
[step1.h] Finished initializing
RUN CONFIG: YEAR = 2017
Era = 
isMC = 1, isSig = 1, SigMass = 6
isHad =0, isSE =0, isSM =0
isTTTT = 0, isXX = 1, isTpTp = 0, isBpBp = 0
For W's: isTT = 0, isSTt = 0, isSTtW = 0
For jets & PDF: isTOP = 0, isMadgraphBkg = 1
For HOTTagger Efficiencies: isTTV = 0, isTTHbb = 0, isTTHnonbb = 0, isTTTX = 0
isTTVV = 0, isST = 0, isTTToSemiLeptonHT500Njet9 = 0
Pileup sample key: PairVLQ_x53x53_tWtW_narrow_RH_M1300_TuneCP5_13TeV-madgraph-pythia8
b-tagging working points: 0.304(DeepJet)0.4506(DeepCSV)
isTTincMtt0to700: 0
isTTincMtt0to1000: 0
isTTincMtt700to1000: 0
isTTincMtt1000toInf: 0
isTTSemilepIncHT0Njet0: 0
isTTSemilepIncHT500Njet9: 0
outTTLF: 0
outTTCC: 0
outTTBB: 0
outTT1B: 0
outTT2B: 0
>> Completed 0 out of 1079 events
[INFO] Defaulting to central deepJet weight for: nominal
>> Completed 1000 out of 1079 events
Nelectrons      = 516 / 1079
Npassed_ElEta   = 516 / 1079
Nmuons          = 563 / 1079
NrelIsoFail     = 0 / 1079
Npassed_MuEta   = 563 / 1079
Npassed_nAK8Jets= 1079 / 1079
Npassed_Trigger = 1037 / 1079
Npassed_MET     = 953 / 1079
Npassed_lepPt   = 996 / 1079
Npassed_HT      = 1077 / 1079
npass_Njets     = 1072 / 1079
Npassed_ALL     = 871 / 1079

>> Running /isilon/hadoop/store/group/bruxljm/FWLJMET106XUL_singleLep2017UL_RunIISummer20_X53X53/PairVLQ_x53x53_tWtW_narrow_RH_M1300_TuneCP5_13TeV-madgraph-pythia8/singleLep2017UL/230310_182847/0000/PairVLQ_x53x53_tWtW_narrow_RH_M1300_TuneCP5_13TeV-madgraph-pythia8_56.root for shift: nominal
[step1.h] Opening file: /isilon/hadoop/store/group/bruxljm/FWLJMET106XUL_singleLep2017UL_RunIISummer20_X53X53/PairVLQ_x53x53_tWtW_narrow_RH_M1300_TuneCP5_13TeV-madgraph-pythia8/singleLep2017UL/230310_182847/0000/PairVLQ_x53x53_tWtW_narrow_RH_M1300_TuneCP5_13TeV-madgraph-pythia8_56.root
[step1.h] Finished initializing
RUN CONFIG: YEAR = 2017
Era = 
isMC = 1, isSig = 1, SigMass = 6
isHad =0, isSE =0, isSM =0
isTTTT = 0, isXX = 1, isTpTp = 0, isBpBp = 0
For W's: isTT = 0, isSTt = 0, isSTtW = 0
For jets & PDF: isTOP = 0, isMadgraphBkg = 1
For HOTTagger Efficiencies: isTTV = 0, isTTHbb = 0, isTTHnonbb = 0, isTTTX = 0
isTTVV = 0, isST = 0, isTTToSemiLeptonHT500Njet9 = 0
Pileup sample key: PairVLQ_x53x53_tWtW_narrow_RH_M1300_TuneCP5_13TeV-madgraph-pythia8
b-tagging working points: 0.304(DeepJet)0.4506(DeepCSV)
isTTincMtt0to700: 0
isTTincMtt0to1000: 0
isTTincMtt700to1000: 0
isTTincMtt1000toInf: 0
isTTSemilepIncHT0Njet0: 0
isTTSemilepIncHT500Njet9: 0
outTTLF: 0
outTTCC: 0
outTTBB: 0
outTT1B: 0
outTT2B: 0
>> Completed 0 out of 1081 events
[INFO] Defaulting to central deepJet weight for: nominal
>> Completed 1000 out of 1081 events
Nelectrons      = 495 / 1081
Npassed_ElEta   = 495 / 1081
Nmuons          = 586 / 1081
NrelIsoFail     = 0 / 1081
Npassed_MuEta   = 586 / 1081
Npassed_nAK8Jets= 1081 / 1081
Npassed_Trigger = 1058 / 1081
Npassed_MET     = 964 / 1081
Npassed_lepPt   = 986 / 1081
Npassed_HT      = 1076 / 1081
npass_Njets     = 1078 / 1081
Npassed_ALL     = 874 / 1081

>> Running /isilon/hadoop/store/group/bruxljm/FWLJMET106XUL_singleLep2017UL_RunIISummer20_X53X53/PairVLQ_x53x53_tWtW_narrow_RH_M1300_TuneCP5_13TeV-madgraph-pythia8/singleLep2017UL/230310_182847/0000/PairVLQ_x53x53_tWtW_narrow_RH_M1300_TuneCP5_13TeV-madgraph-pythia8_57.root for shift: nominal
[step1.h] Opening file: /isilon/hadoop/store/group/bruxljm/FWLJMET106XUL_singleLep2017UL_RunIISummer20_X53X53/PairVLQ_x53x53_tWtW_narrow_RH_M1300_TuneCP5_13TeV-madgraph-pythia8/singleLep2017UL/230310_182847/0000/PairVLQ_x53x53_tWtW_narrow_RH_M1300_TuneCP5_13TeV-madgraph-pythia8_57.root
[step1.h] Finished initializing
RUN CONFIG: YEAR = 2017
Era = 
isMC = 1, isSig = 1, SigMass = 6
isHad =0, isSE =0, isSM =0
isTTTT = 0, isXX = 1, isTpTp = 0, isBpBp = 0
For W's: isTT = 0, isSTt = 0, isSTtW = 0
For jets & PDF: isTOP = 0, isMadgraphBkg = 1
For HOTTagger Efficiencies: isTTV = 0, isTTHbb = 0, isTTHnonbb = 0, isTTTX = 0
isTTVV = 0, isST = 0, isTTToSemiLeptonHT500Njet9 = 0
Pileup sample key: PairVLQ_x53x53_tWtW_narrow_RH_M1300_TuneCP5_13TeV-madgraph-pythia8
b-tagging working points: 0.304(DeepJet)0.4506(DeepCSV)
isTTincMtt0to700: 0
isTTincMtt0to1000: 0
isTTincMtt700to1000: 0
isTTincMtt1000toInf: 0
isTTSemilepIncHT0Njet0: 0
isTTSemilepIncHT500Njet9: 0
outTTLF: 0
outTTCC: 0
outTTBB: 0
outTT1B: 0
outTT2B: 0
>> Completed 0 out of 1092 events
[INFO] Defaulting to central deepJet weight for: nominal
>> Completed 1000 out of 1092 events
Nelectrons      = 502 / 1092
Npassed_ElEta   = 502 / 1092
Nmuons          = 590 / 1092
NrelIsoFail     = 0 / 1092
Npassed_MuEta   = 590 / 1092
Npassed_nAK8Jets= 1092 / 1092
Npassed_Trigger = 1045 / 1092
Npassed_MET     = 963 / 1092
Npassed_lepPt   = 996 / 1092
Npassed_HT      = 1090 / 1092
npass_Njets     = 1090 / 1092
Npassed_ALL     = 876 / 1092

>> Running /isilon/hadoop/store/group/bruxljm/FWLJMET106XUL_singleLep2017UL_RunIISummer20_X53X53/PairVLQ_x53x53_tWtW_narrow_RH_M1300_TuneCP5_13TeV-madgraph-pythia8/singleLep2017UL/230310_182847/0000/PairVLQ_x53x53_tWtW_narrow_RH_M1300_TuneCP5_13TeV-madgraph-pythia8_58.root for shift: nominal
[step1.h] Opening file: /isilon/hadoop/store/group/bruxljm/FWLJMET106XUL_singleLep2017UL_RunIISummer20_X53X53/PairVLQ_x53x53_tWtW_narrow_RH_M1300_TuneCP5_13TeV-madgraph-pythia8/singleLep2017UL/230310_182847/0000/PairVLQ_x53x53_tWtW_narrow_RH_M1300_TuneCP5_13TeV-madgraph-pythia8_58.root
[step1.h] Finished initializing
RUN CONFIG: YEAR = 2017
Era = 
isMC = 1, isSig = 1, SigMass = 6
isHad =0, isSE =0, isSM =0
isTTTT = 0, isXX = 1, isTpTp = 0, isBpBp = 0
For W's: isTT = 0, isSTt = 0, isSTtW = 0
For jets & PDF: isTOP = 0, isMadgraphBkg = 1
For HOTTagger Efficiencies: isTTV = 0, isTTHbb = 0, isTTHnonbb = 0, isTTTX = 0
isTTVV = 0, isST = 0, isTTToSemiLeptonHT500Njet9 = 0
Pileup sample key: PairVLQ_x53x53_tWtW_narrow_RH_M1300_TuneCP5_13TeV-madgraph-pythia8
b-tagging working points: 0.304(DeepJet)0.4506(DeepCSV)
isTTincMtt0to700: 0
isTTincMtt0to1000: 0
isTTincMtt700to1000: 0
isTTincMtt1000toInf: 0
isTTSemilepIncHT0Njet0: 0
isTTSemilepIncHT500Njet9: 0
outTTLF: 0
outTTCC: 0
outTTBB: 0
outTT1B: 0
outTT2B: 0
>> Completed 0 out of 1074 events
[INFO] Defaulting to central deepJet weight for: nominal
>> Completed 1000 out of 1074 events
Nelectrons      = 497 / 1074
Npassed_ElEta   = 497 / 1074
Nmuons          = 577 / 1074
NrelIsoFail     = 0 / 1074
Npassed_MuEta   = 577 / 1074
Npassed_nAK8Jets= 1074 / 1074
Npassed_Trigger = 1039 / 1074
Npassed_MET     = 955 / 1074
Npassed_lepPt   = 979 / 1074
Npassed_HT      = 1074 / 1074
npass_Njets     = 1071 / 1074
Npassed_ALL     = 870 / 1074

>> Running /isilon/hadoop/store/group/bruxljm/FWLJMET106XUL_singleLep2017UL_RunIISummer20_X53X53/PairVLQ_x53x53_tWtW_narrow_RH_M1300_TuneCP5_13TeV-madgraph-pythia8/singleLep2017UL/230310_182847/0000/PairVLQ_x53x53_tWtW_narrow_RH_M1300_TuneCP5_13TeV-madgraph-pythia8_59.root for shift: nominal
[step1.h] Opening file: /isilon/hadoop/store/group/bruxljm/FWLJMET106XUL_singleLep2017UL_RunIISummer20_X53X53/PairVLQ_x53x53_tWtW_narrow_RH_M1300_TuneCP5_13TeV-madgraph-pythia8/singleLep2017UL/230310_182847/0000/PairVLQ_x53x53_tWtW_narrow_RH_M1300_TuneCP5_13TeV-madgraph-pythia8_59.root
[step1.h] Finished initializing
RUN CONFIG: YEAR = 2017
Era = 
isMC = 1, isSig = 1, SigMass = 6
isHad =0, isSE =0, isSM =0
isTTTT = 0, isXX = 1, isTpTp = 0, isBpBp = 0
For W's: isTT = 0, isSTt = 0, isSTtW = 0
For jets & PDF: isTOP = 0, isMadgraphBkg = 1
For HOTTagger Efficiencies: isTTV = 0, isTTHbb = 0, isTTHnonbb = 0, isTTTX = 0
isTTVV = 0, isST = 0, isTTToSemiLeptonHT500Njet9 = 0
Pileup sample key: PairVLQ_x53x53_tWtW_narrow_RH_M1300_TuneCP5_13TeV-madgraph-pythia8
b-tagging working points: 0.304(DeepJet)0.4506(DeepCSV)
isTTincMtt0to700: 0
isTTincMtt0to1000: 0
isTTincMtt700to1000: 0
isTTincMtt1000toInf: 0
isTTSemilepIncHT0Njet0: 0
isTTSemilepIncHT500Njet9: 0
outTTLF: 0
outTTCC: 0
outTTBB: 0
outTT1B: 0
outTT2B: 0
>> Completed 0 out of 1087 events
[INFO] Defaulting to central deepJet weight for: nominal
>> Completed 1000 out of 1087 events
Nelectrons      = 513 / 1087
Npassed_ElEta   = 513 / 1087
Nmuons          = 574 / 1087
NrelIsoFail     = 0 / 1087
Npassed_MuEta   = 574 / 1087
Npassed_nAK8Jets= 1087 / 1087
Npassed_Trigger = 1046 / 1087
Npassed_MET     = 970 / 1087
Npassed_lepPt   = 1002 / 1087
Npassed_HT      = 1083 / 1087
npass_Njets     = 1081 / 1087
Npassed_ALL     = 889 / 1087

>> Running /isilon/hadoop/store/group/bruxljm/FWLJMET106XUL_singleLep2017UL_RunIISummer20_X53X53/PairVLQ_x53x53_tWtW_narrow_RH_M1300_TuneCP5_13TeV-madgraph-pythia8/singleLep2017UL/230310_182847/0000/PairVLQ_x53x53_tWtW_narrow_RH_M1300_TuneCP5_13TeV-madgraph-pythia8_6.root for shift: nominal
[step1.h] Opening file: /isilon/hadoop/store/group/bruxljm/FWLJMET106XUL_singleLep2017UL_RunIISummer20_X53X53/PairVLQ_x53x53_tWtW_narrow_RH_M1300_TuneCP5_13TeV-madgraph-pythia8/singleLep2017UL/230310_182847/0000/PairVLQ_x53x53_tWtW_narrow_RH_M1300_TuneCP5_13TeV-madgraph-pythia8_6.root
[step1.h] Finished initializing
RUN CONFIG: YEAR = 2017
Era = 
isMC = 1, isSig = 1, SigMass = 6
isHad =0, isSE =0, isSM =0
isTTTT = 0, isXX = 1, isTpTp = 0, isBpBp = 0
For W's: isTT = 0, isSTt = 0, isSTtW = 0
For jets & PDF: isTOP = 0, isMadgraphBkg = 1
For HOTTagger Efficiencies: isTTV = 0, isTTHbb = 0, isTTHnonbb = 0, isTTTX = 0
isTTVV = 0, isST = 0, isTTToSemiLeptonHT500Njet9 = 0
Pileup sample key: PairVLQ_x53x53_tWtW_narrow_RH_M1300_TuneCP5_13TeV-madgraph-pythia8
b-tagging working points: 0.304(DeepJet)0.4506(DeepCSV)
isTTincMtt0to700: 0
isTTincMtt0to1000: 0
isTTincMtt700to1000: 0
isTTincMtt1000toInf: 0
isTTSemilepIncHT0Njet0: 0
isTTSemilepIncHT500Njet9: 0
outTTLF: 0
outTTCC: 0
outTTBB: 0
outTT1B: 0
outTT2B: 0
>> Completed 0 out of 1025 events
[INFO] Defaulting to central deepJet weight for: nominal
>> Completed 1000 out of 1025 events
Nelectrons      = 473 / 1025
Npassed_ElEta   = 473 / 1025
Nmuons          = 552 / 1025
NrelIsoFail     = 0 / 1025
Npassed_MuEta   = 552 / 1025
Npassed_nAK8Jets= 1025 / 1025
Npassed_Trigger = 976 / 1025
Npassed_MET     = 919 / 1025
Npassed_lepPt   = 931 / 1025
Npassed_HT      = 1023 / 1025
npass_Njets     = 1021 / 1025
Npassed_ALL     = 826 / 1025

>> Running /isilon/hadoop/store/group/bruxljm/FWLJMET106XUL_singleLep2017UL_RunIISummer20_X53X53/PairVLQ_x53x53_tWtW_narrow_RH_M1300_TuneCP5_13TeV-madgraph-pythia8/singleLep2017UL/230310_182847/0000/PairVLQ_x53x53_tWtW_narrow_RH_M1300_TuneCP5_13TeV-madgraph-pythia8_60.root for shift: nominal
[step1.h] Opening file: /isilon/hadoop/store/group/bruxljm/FWLJMET106XUL_singleLep2017UL_RunIISummer20_X53X53/PairVLQ_x53x53_tWtW_narrow_RH_M1300_TuneCP5_13TeV-madgraph-pythia8/singleLep2017UL/230310_182847/0000/PairVLQ_x53x53_tWtW_narrow_RH_M1300_TuneCP5_13TeV-madgraph-pythia8_60.root
[step1.h] Finished initializing
RUN CONFIG: YEAR = 2017
Era = 
isMC = 1, isSig = 1, SigMass = 6
isHad =0, isSE =0, isSM =0
isTTTT = 0, isXX = 1, isTpTp = 0, isBpBp = 0
For W's: isTT = 0, isSTt = 0, isSTtW = 0
For jets & PDF: isTOP = 0, isMadgraphBkg = 1
For HOTTagger Efficiencies: isTTV = 0, isTTHbb = 0, isTTHnonbb = 0, isTTTX = 0
isTTVV = 0, isST = 0, isTTToSemiLeptonHT500Njet9 = 0
Pileup sample key: PairVLQ_x53x53_tWtW_narrow_RH_M1300_TuneCP5_13TeV-madgraph-pythia8
b-tagging working points: 0.304(DeepJet)0.4506(DeepCSV)
isTTincMtt0to700: 0
isTTincMtt0to1000: 0
isTTincMtt700to1000: 0
isTTincMtt1000toInf: 0
isTTSemilepIncHT0Njet0: 0
isTTSemilepIncHT500Njet9: 0
outTTLF: 0
outTTCC: 0
outTTBB: 0
outTT1B: 0
outTT2B: 0
>> Completed 0 out of 1044 events
[INFO] Defaulting to central deepJet weight for: nominal
>> Completed 1000 out of 1044 events
Nelectrons      = 482 / 1044
Npassed_ElEta   = 482 / 1044
Nmuons          = 562 / 1044
NrelIsoFail     = 0 / 1044
Npassed_MuEta   = 562 / 1044
Npassed_nAK8Jets= 1044 / 1044
Npassed_Trigger = 997 / 1044
Npassed_MET     = 919 / 1044
Npassed_lepPt   = 941 / 1044
Npassed_HT      = 1044 / 1044
npass_Njets     = 1040 / 1044
Npassed_ALL     = 820 / 1044

>> Running /isilon/hadoop/store/group/bruxljm/FWLJMET106XUL_singleLep2017UL_RunIISummer20_X53X53/PairVLQ_x53x53_tWtW_narrow_RH_M1300_TuneCP5_13TeV-madgraph-pythia8/singleLep2017UL/230310_182847/0000/PairVLQ_x53x53_tWtW_narrow_RH_M1300_TuneCP5_13TeV-madgraph-pythia8_61.root for shift: nominal
[step1.h] Opening file: /isilon/hadoop/store/group/bruxljm/FWLJMET106XUL_singleLep2017UL_RunIISummer20_X53X53/PairVLQ_x53x53_tWtW_narrow_RH_M1300_TuneCP5_13TeV-madgraph-pythia8/singleLep2017UL/230310_182847/0000/PairVLQ_x53x53_tWtW_narrow_RH_M1300_TuneCP5_13TeV-madgraph-pythia8_61.root
[step1.h] Finished initializing
RUN CONFIG: YEAR = 2017
Era = 
isMC = 1, isSig = 1, SigMass = 6
isHad =0, isSE =0, isSM =0
isTTTT = 0, isXX = 1, isTpTp = 0, isBpBp = 0
For W's: isTT = 0, isSTt = 0, isSTtW = 0
For jets & PDF: isTOP = 0, isMadgraphBkg = 1
For HOTTagger Efficiencies: isTTV = 0, isTTHbb = 0, isTTHnonbb = 0, isTTTX = 0
isTTVV = 0, isST = 0, isTTToSemiLeptonHT500Njet9 = 0
Pileup sample key: PairVLQ_x53x53_tWtW_narrow_RH_M1300_TuneCP5_13TeV-madgraph-pythia8
b-tagging working points: 0.304(DeepJet)0.4506(DeepCSV)
isTTincMtt0to700: 0
isTTincMtt0to1000: 0
isTTincMtt700to1000: 0
isTTincMtt1000toInf: 0
isTTSemilepIncHT0Njet0: 0
isTTSemilepIncHT500Njet9: 0
outTTLF: 0
outTTCC: 0
outTTBB: 0
outTT1B: 0
outTT2B: 0
>> Completed 0 out of 1059 events
[INFO] Defaulting to central deepJet weight for: nominal
>> Completed 1000 out of 1059 events
Nelectrons      = 495 / 1059
Npassed_ElEta   = 495 / 1059
Nmuons          = 564 / 1059
NrelIsoFail     = 0 / 1059
Npassed_MuEta   = 564 / 1059
Npassed_nAK8Jets= 1059 / 1059
Npassed_Trigger = 1018 / 1059
Npassed_MET     = 927 / 1059
Npassed_lepPt   = 977 / 1059
Npassed_HT      = 1058 / 1059
npass_Njets     = 1055 / 1059
Npassed_ALL     = 850 / 1059

>> Running /isilon/hadoop/store/group/bruxljm/FWLJMET106XUL_singleLep2017UL_RunIISummer20_X53X53/PairVLQ_x53x53_tWtW_narrow_RH_M1300_TuneCP5_13TeV-madgraph-pythia8/singleLep2017UL/230310_182847/0000/PairVLQ_x53x53_tWtW_narrow_RH_M1300_TuneCP5_13TeV-madgraph-pythia8_62.root for shift: nominal
[step1.h] Opening file: /isilon/hadoop/store/group/bruxljm/FWLJMET106XUL_singleLep2017UL_RunIISummer20_X53X53/PairVLQ_x53x53_tWtW_narrow_RH_M1300_TuneCP5_13TeV-madgraph-pythia8/singleLep2017UL/230310_182847/0000/PairVLQ_x53x53_tWtW_narrow_RH_M1300_TuneCP5_13TeV-madgraph-pythia8_62.root
[step1.h] Finished initializing
RUN CONFIG: YEAR = 2017
Era = 
isMC = 1, isSig = 1, SigMass = 6
isHad =0, isSE =0, isSM =0
isTTTT = 0, isXX = 1, isTpTp = 0, isBpBp = 0
For W's: isTT = 0, isSTt = 0, isSTtW = 0
For jets & PDF: isTOP = 0, isMadgraphBkg = 1
For HOTTagger Efficiencies: isTTV = 0, isTTHbb = 0, isTTHnonbb = 0, isTTTX = 0
isTTVV = 0, isST = 0, isTTToSemiLeptonHT500Njet9 = 0
Pileup sample key: PairVLQ_x53x53_tWtW_narrow_RH_M1300_TuneCP5_13TeV-madgraph-pythia8
b-tagging working points: 0.304(DeepJet)0.4506(DeepCSV)
isTTincMtt0to700: 0
isTTincMtt0to1000: 0
isTTincMtt700to1000: 0
isTTincMtt1000toInf: 0
isTTSemilepIncHT0Njet0: 0
isTTSemilepIncHT500Njet9: 0
outTTLF: 0
outTTCC: 0
outTTBB: 0
outTT1B: 0
outTT2B: 0
>> Completed 0 out of 1040 events
[INFO] Defaulting to central deepJet weight for: nominal
>> Completed 1000 out of 1040 events
Nelectrons      = 451 / 1040
Npassed_ElEta   = 451 / 1040
Nmuons          = 589 / 1040
NrelIsoFail     = 0 / 1040
Npassed_MuEta   = 589 / 1040
Npassed_nAK8Jets= 1040 / 1040
Npassed_Trigger = 1007 / 1040
Npassed_MET     = 917 / 1040
Npassed_lepPt   = 950 / 1040
Npassed_HT      = 1036 / 1040
npass_Njets     = 1031 / 1040
Npassed_ALL     = 829 / 1040

>> Running /isilon/hadoop/store/group/bruxljm/FWLJMET106XUL_singleLep2017UL_RunIISummer20_X53X53/PairVLQ_x53x53_tWtW_narrow_RH_M1300_TuneCP5_13TeV-madgraph-pythia8/singleLep2017UL/230310_182847/0000/PairVLQ_x53x53_tWtW_narrow_RH_M1300_TuneCP5_13TeV-madgraph-pythia8_63.root for shift: nominal
[step1.h] Opening file: /isilon/hadoop/store/group/bruxljm/FWLJMET106XUL_singleLep2017UL_RunIISummer20_X53X53/PairVLQ_x53x53_tWtW_narrow_RH_M1300_TuneCP5_13TeV-madgraph-pythia8/singleLep2017UL/230310_182847/0000/PairVLQ_x53x53_tWtW_narrow_RH_M1300_TuneCP5_13TeV-madgraph-pythia8_63.root
[step1.h] Finished initializing
RUN CONFIG: YEAR = 2017
Era = 
isMC = 1, isSig = 1, SigMass = 6
isHad =0, isSE =0, isSM =0
isTTTT = 0, isXX = 1, isTpTp = 0, isBpBp = 0
For W's: isTT = 0, isSTt = 0, isSTtW = 0
For jets & PDF: isTOP = 0, isMadgraphBkg = 1
For HOTTagger Efficiencies: isTTV = 0, isTTHbb = 0, isTTHnonbb = 0, isTTTX = 0
isTTVV = 0, isST = 0, isTTToSemiLeptonHT500Njet9 = 0
Pileup sample key: PairVLQ_x53x53_tWtW_narrow_RH_M1300_TuneCP5_13TeV-madgraph-pythia8
b-tagging working points: 0.304(DeepJet)0.4506(DeepCSV)
isTTincMtt0to700: 0
isTTincMtt0to1000: 0
isTTincMtt700to1000: 0
isTTincMtt1000toInf: 0
isTTSemilepIncHT0Njet0: 0
isTTSemilepIncHT500Njet9: 0
outTTLF: 0
outTTCC: 0
outTTBB: 0
outTT1B: 0
outTT2B: 0
>> Completed 0 out of 1067 events
[INFO] Defaulting to central deepJet weight for: nominal
>> Completed 1000 out of 1067 events
Nelectrons      = 516 / 1067
Npassed_ElEta   = 516 / 1067
Nmuons          = 551 / 1067
NrelIsoFail     = 0 / 1067
Npassed_MuEta   = 551 / 1067
Npassed_nAK8Jets= 1067 / 1067
Npassed_Trigger = 1026 / 1067
Npassed_MET     = 949 / 1067
Npassed_lepPt   = 982 / 1067
Npassed_HT      = 1064 / 1067
npass_Njets     = 1062 / 1067
Npassed_ALL     = 862 / 1067

>> Running /isilon/hadoop/store/group/bruxljm/FWLJMET106XUL_singleLep2017UL_RunIISummer20_X53X53/PairVLQ_x53x53_tWtW_narrow_RH_M1300_TuneCP5_13TeV-madgraph-pythia8/singleLep2017UL/230310_182847/0000/PairVLQ_x53x53_tWtW_narrow_RH_M1300_TuneCP5_13TeV-madgraph-pythia8_64.root for shift: nominal
[step1.h] Opening file: /isilon/hadoop/store/group/bruxljm/FWLJMET106XUL_singleLep2017UL_RunIISummer20_X53X53/PairVLQ_x53x53_tWtW_narrow_RH_M1300_TuneCP5_13TeV-madgraph-pythia8/singleLep2017UL/230310_182847/0000/PairVLQ_x53x53_tWtW_narrow_RH_M1300_TuneCP5_13TeV-madgraph-pythia8_64.root
[step1.h] Finished initializing
RUN CONFIG: YEAR = 2017
Era = 
isMC = 1, isSig = 1, SigMass = 6
isHad =0, isSE =0, isSM =0
isTTTT = 0, isXX = 1, isTpTp = 0, isBpBp = 0
For W's: isTT = 0, isSTt = 0, isSTtW = 0
For jets & PDF: isTOP = 0, isMadgraphBkg = 1
For HOTTagger Efficiencies: isTTV = 0, isTTHbb = 0, isTTHnonbb = 0, isTTTX = 0
isTTVV = 0, isST = 0, isTTToSemiLeptonHT500Njet9 = 0
Pileup sample key: PairVLQ_x53x53_tWtW_narrow_RH_M1300_TuneCP5_13TeV-madgraph-pythia8
b-tagging working points: 0.304(DeepJet)0.4506(DeepCSV)
isTTincMtt0to700: 0
isTTincMtt0to1000: 0
isTTincMtt700to1000: 0
isTTincMtt1000toInf: 0
isTTSemilepIncHT0Njet0: 0
isTTSemilepIncHT500Njet9: 0
outTTLF: 0
outTTCC: 0
outTTBB: 0
outTT1B: 0
outTT2B: 0
>> Completed 0 out of 1057 events
[INFO] Defaulting to central deepJet weight for: nominal
>> Completed 1000 out of 1057 events
Nelectrons      = 485 / 1057
Npassed_ElEta   = 485 / 1057
Nmuons          = 572 / 1057
NrelIsoFail     = 0 / 1057
Npassed_MuEta   = 572 / 1057
Npassed_nAK8Jets= 1057 / 1057
Npassed_Trigger = 1024 / 1057
Npassed_MET     = 930 / 1057
Npassed_lepPt   = 961 / 1057
Npassed_HT      = 1056 / 1057
npass_Njets     = 1057 / 1057
Npassed_ALL     = 841 / 1057

>> Running /isilon/hadoop/store/group/bruxljm/FWLJMET106XUL_singleLep2017UL_RunIISummer20_X53X53/PairVLQ_x53x53_tWtW_narrow_RH_M1300_TuneCP5_13TeV-madgraph-pythia8/singleLep2017UL/230310_182847/0000/PairVLQ_x53x53_tWtW_narrow_RH_M1300_TuneCP5_13TeV-madgraph-pythia8_65.root for shift: nominal
[step1.h] Opening file: /isilon/hadoop/store/group/bruxljm/FWLJMET106XUL_singleLep2017UL_RunIISummer20_X53X53/PairVLQ_x53x53_tWtW_narrow_RH_M1300_TuneCP5_13TeV-madgraph-pythia8/singleLep2017UL/230310_182847/0000/PairVLQ_x53x53_tWtW_narrow_RH_M1300_TuneCP5_13TeV-madgraph-pythia8_65.root
[step1.h] Finished initializing
RUN CONFIG: YEAR = 2017
Era = 
isMC = 1, isSig = 1, SigMass = 6
isHad =0, isSE =0, isSM =0
isTTTT = 0, isXX = 1, isTpTp = 0, isBpBp = 0
For W's: isTT = 0, isSTt = 0, isSTtW = 0
For jets & PDF: isTOP = 0, isMadgraphBkg = 1
For HOTTagger Efficiencies: isTTV = 0, isTTHbb = 0, isTTHnonbb = 0, isTTTX = 0
isTTVV = 0, isST = 0, isTTToSemiLeptonHT500Njet9 = 0
Pileup sample key: PairVLQ_x53x53_tWtW_narrow_RH_M1300_TuneCP5_13TeV-madgraph-pythia8
b-tagging working points: 0.304(DeepJet)0.4506(DeepCSV)
isTTincMtt0to700: 0
isTTincMtt0to1000: 0
isTTincMtt700to1000: 0
isTTincMtt1000toInf: 0
isTTSemilepIncHT0Njet0: 0
isTTSemilepIncHT500Njet9: 0
outTTLF: 0
outTTCC: 0
outTTBB: 0
outTT1B: 0
outTT2B: 0
>> Completed 0 out of 1058 events
[INFO] Defaulting to central deepJet weight for: nominal
>> Completed 1000 out of 1058 events
Nelectrons      = 476 / 1058
Npassed_ElEta   = 476 / 1058
Nmuons          = 582 / 1058
NrelIsoFail     = 0 / 1058
Npassed_MuEta   = 582 / 1058
Npassed_nAK8Jets= 1058 / 1058
Npassed_Trigger = 1025 / 1058
Npassed_MET     = 938 / 1058
Npassed_lepPt   = 960 / 1058
Npassed_HT      = 1055 / 1058
npass_Njets     = 1057 / 1058
Npassed_ALL     = 847 / 1058

>> Running /isilon/hadoop/store/group/bruxljm/FWLJMET106XUL_singleLep2017UL_RunIISummer20_X53X53/PairVLQ_x53x53_tWtW_narrow_RH_M1300_TuneCP5_13TeV-madgraph-pythia8/singleLep2017UL/230310_182847/0000/PairVLQ_x53x53_tWtW_narrow_RH_M1300_TuneCP5_13TeV-madgraph-pythia8_66.root for shift: nominal
[step1.h] Opening file: /isilon/hadoop/store/group/bruxljm/FWLJMET106XUL_singleLep2017UL_RunIISummer20_X53X53/PairVLQ_x53x53_tWtW_narrow_RH_M1300_TuneCP5_13TeV-madgraph-pythia8/singleLep2017UL/230310_182847/0000/PairVLQ_x53x53_tWtW_narrow_RH_M1300_TuneCP5_13TeV-madgraph-pythia8_66.root
[step1.h] Finished initializing
RUN CONFIG: YEAR = 2017
Era = 
isMC = 1, isSig = 1, SigMass = 6
isHad =0, isSE =0, isSM =0
isTTTT = 0, isXX = 1, isTpTp = 0, isBpBp = 0
For W's: isTT = 0, isSTt = 0, isSTtW = 0
For jets & PDF: isTOP = 0, isMadgraphBkg = 1
For HOTTagger Efficiencies: isTTV = 0, isTTHbb = 0, isTTHnonbb = 0, isTTTX = 0
isTTVV = 0, isST = 0, isTTToSemiLeptonHT500Njet9 = 0
Pileup sample key: PairVLQ_x53x53_tWtW_narrow_RH_M1300_TuneCP5_13TeV-madgraph-pythia8
b-tagging working points: 0.304(DeepJet)0.4506(DeepCSV)
isTTincMtt0to700: 0
isTTincMtt0to1000: 0
isTTincMtt700to1000: 0
isTTincMtt1000toInf: 0
isTTSemilepIncHT0Njet0: 0
isTTSemilepIncHT500Njet9: 0
outTTLF: 0
outTTCC: 0
outTTBB: 0
outTT1B: 0
outTT2B: 0
>> Completed 0 out of 1077 events
[INFO] Defaulting to central deepJet weight for: nominal
>> Completed 1000 out of 1077 events
Nelectrons      = 502 / 1077
Npassed_ElEta   = 502 / 1077
Nmuons          = 575 / 1077
NrelIsoFail     = 0 / 1077
Npassed_MuEta   = 575 / 1077
Npassed_nAK8Jets= 1077 / 1077
Npassed_Trigger = 1041 / 1077
Npassed_MET     = 964 / 1077
Npassed_lepPt   = 987 / 1077
Npassed_HT      = 1074 / 1077
npass_Njets     = 1072 / 1077
Npassed_ALL     = 884 / 1077

>> Running /isilon/hadoop/store/group/bruxljm/FWLJMET106XUL_singleLep2017UL_RunIISummer20_X53X53/PairVLQ_x53x53_tWtW_narrow_RH_M1300_TuneCP5_13TeV-madgraph-pythia8/singleLep2017UL/230310_182847/0000/PairVLQ_x53x53_tWtW_narrow_RH_M1300_TuneCP5_13TeV-madgraph-pythia8_67.root for shift: nominal
[step1.h] Opening file: /isilon/hadoop/store/group/bruxljm/FWLJMET106XUL_singleLep2017UL_RunIISummer20_X53X53/PairVLQ_x53x53_tWtW_narrow_RH_M1300_TuneCP5_13TeV-madgraph-pythia8/singleLep2017UL/230310_182847/0000/PairVLQ_x53x53_tWtW_narrow_RH_M1300_TuneCP5_13TeV-madgraph-pythia8_67.root
[step1.h] Finished initializing
RUN CONFIG: YEAR = 2017
Era = 
isMC = 1, isSig = 1, SigMass = 6
isHad =0, isSE =0, isSM =0
isTTTT = 0, isXX = 1, isTpTp = 0, isBpBp = 0
For W's: isTT = 0, isSTt = 0, isSTtW = 0
For jets & PDF: isTOP = 0, isMadgraphBkg = 1
For HOTTagger Efficiencies: isTTV = 0, isTTHbb = 0, isTTHnonbb = 0, isTTTX = 0
isTTVV = 0, isST = 0, isTTToSemiLeptonHT500Njet9 = 0
Pileup sample key: PairVLQ_x53x53_tWtW_narrow_RH_M1300_TuneCP5_13TeV-madgraph-pythia8
b-tagging working points: 0.304(DeepJet)0.4506(DeepCSV)
isTTincMtt0to700: 0
isTTincMtt0to1000: 0
isTTincMtt700to1000: 0
isTTincMtt1000toInf: 0
isTTSemilepIncHT0Njet0: 0
isTTSemilepIncHT500Njet9: 0
outTTLF: 0
outTTCC: 0
outTTBB: 0
outTT1B: 0
outTT2B: 0
>> Completed 0 out of 1085 events
[INFO] Defaulting to central deepJet weight for: nominal
>> Completed 1000 out of 1085 events
Nelectrons      = 496 / 1085
Npassed_ElEta   = 496 / 1085
Nmuons          = 589 / 1085
NrelIsoFail     = 0 / 1085
Npassed_MuEta   = 589 / 1085
Npassed_nAK8Jets= 1085 / 1085
Npassed_Trigger = 1043 / 1085
Npassed_MET     = 945 / 1085
Npassed_lepPt   = 989 / 1085
Npassed_HT      = 1085 / 1085
npass_Njets     = 1081 / 1085
Npassed_ALL     = 857 / 1085
>> Available ROOT Files:
-rw-r--r-- 1 fsimpson gridusers 1510239 Apr 24 09:14 PairVLQ_x53x53_tWtW_narrow_RH_M1300_TuneCP5_13TeV-madgraph-pythia8_40nominal.root
-rw-r--r-- 1 fsimpson gridusers 1530638 Apr 24 09:14 PairVLQ_x53x53_tWtW_narrow_RH_M1300_TuneCP5_13TeV-madgraph-pythia8_41nominal.root
-rw-r--r-- 1 fsimpson gridusers 1546755 Apr 24 09:14 PairVLQ_x53x53_tWtW_narrow_RH_M1300_TuneCP5_13TeV-madgraph-pythia8_42nominal.root
-rw-r--r-- 1 fsimpson gridusers 3081326 Apr 24 09:14 PairVLQ_x53x53_tWtW_narrow_RH_M1300_TuneCP5_13TeV-madgraph-pythia8_43nominal.root
-rw-r--r-- 1 fsimpson gridusers 3154046 Apr 24 09:14 PairVLQ_x53x53_tWtW_narrow_RH_M1300_TuneCP5_13TeV-madgraph-pythia8_44nominal.root
-rw-r--r-- 1 fsimpson gridusers 3061256 Apr 24 09:14 PairVLQ_x53x53_tWtW_narrow_RH_M1300_TuneCP5_13TeV-madgraph-pythia8_45nominal.root
-rw-r--r-- 1 fsimpson gridusers 3016363 Apr 24 09:14 PairVLQ_x53x53_tWtW_narrow_RH_M1300_TuneCP5_13TeV-madgraph-pythia8_46nominal.root
-rw-r--r-- 1 fsimpson gridusers 3009084 Apr 24 09:14 PairVLQ_x53x53_tWtW_narrow_RH_M1300_TuneCP5_13TeV-madgraph-pythia8_47nominal.root
-rw-r--r-- 1 fsimpson gridusers 2962946 Apr 24 09:14 PairVLQ_x53x53_tWtW_narrow_RH_M1300_TuneCP5_13TeV-madgraph-pythia8_48nominal.root
-rw-r--r-- 1 fsimpson gridusers 3086876 Apr 24 09:14 PairVLQ_x53x53_tWtW_narrow_RH_M1300_TuneCP5_13TeV-madgraph-pythia8_49nominal.root
-rw-r--r-- 1 fsimpson gridusers 2931703 Apr 24 09:14 PairVLQ_x53x53_tWtW_narrow_RH_M1300_TuneCP5_13TeV-madgraph-pythia8_50nominal.root
-rw-r--r-- 1 fsimpson gridusers 3005255 Apr 24 09:14 PairVLQ_x53x53_tWtW_narrow_RH_M1300_TuneCP5_13TeV-madgraph-pythia8_51nominal.root
-rw-r--r-- 1 fsimpson gridusers 3137791 Apr 24 09:14 PairVLQ_x53x53_tWtW_narrow_RH_M1300_TuneCP5_13TeV-madgraph-pythia8_52nominal.root
-rw-r--r-- 1 fsimpson gridusers 3070974 Apr 24 09:14 PairVLQ_x53x53_tWtW_narrow_RH_M1300_TuneCP5_13TeV-madgraph-pythia8_53nominal.root
-rw-r--r-- 1 fsimpson gridusers 3061789 Apr 24 09:14 PairVLQ_x53x53_tWtW_narrow_RH_M1300_TuneCP5_13TeV-madgraph-pythia8_54nominal.root
-rw-r--r-- 1 fsimpson gridusers 3081486 Apr 24 09:14 PairVLQ_x53x53_tWtW_narrow_RH_M1300_TuneCP5_13TeV-madgraph-pythia8_55nominal.root
-rw-r--r-- 1 fsimpson gridusers 3020584 Apr 24 09:14 PairVLQ_x53x53_tWtW_narrow_RH_M1300_TuneCP5_13TeV-madgraph-pythia8_56nominal.root
-rw-r--r-- 1 fsimpson gridusers 3093163 Apr 24 09:14 PairVLQ_x53x53_tWtW_narrow_RH_M1300_TuneCP5_13TeV-madgraph-pythia8_57nominal.root
-rw-r--r-- 1 fsimpson gridusers 3136362 Apr 24 09:14 PairVLQ_x53x53_tWtW_narrow_RH_M1300_TuneCP5_13TeV-madgraph-pythia8_58nominal.root
-rw-r--r-- 1 fsimpson gridusers 3163831 Apr 24 09:14 PairVLQ_x53x53_tWtW_narrow_RH_M1300_TuneCP5_13TeV-madgraph-pythia8_59nominal.root
-rw-r--r-- 1 fsimpson gridusers 1493663 Apr 24 09:14 PairVLQ_x53x53_tWtW_narrow_RH_M1300_TuneCP5_13TeV-madgraph-pythia8_5nominal.root
-rw-r--r-- 1 fsimpson gridusers 2884113 Apr 24 09:14 PairVLQ_x53x53_tWtW_narrow_RH_M1300_TuneCP5_13TeV-madgraph-pythia8_60nominal.root
-rw-r--r-- 1 fsimpson gridusers 3025448 Apr 24 09:14 PairVLQ_x53x53_tWtW_narrow_RH_M1300_TuneCP5_13TeV-madgraph-pythia8_61nominal.root
-rw-r--r-- 1 fsimpson gridusers 2894383 Apr 24 09:14 PairVLQ_x53x53_tWtW_narrow_RH_M1300_TuneCP5_13TeV-madgraph-pythia8_62nominal.root
-rw-r--r-- 1 fsimpson gridusers 3025820 Apr 24 09:14 PairVLQ_x53x53_tWtW_narrow_RH_M1300_TuneCP5_13TeV-madgraph-pythia8_63nominal.root
-rw-r--r-- 1 fsimpson gridusers 2963978 Apr 24 09:14 PairVLQ_x53x53_tWtW_narrow_RH_M1300_TuneCP5_13TeV-madgraph-pythia8_64nominal.root
-rw-r--r-- 1 fsimpson gridusers 2945383 Apr 24 09:14 PairVLQ_x53x53_tWtW_narrow_RH_M1300_TuneCP5_13TeV-madgraph-pythia8_65nominal.root
-rw-r--r-- 1 fsimpson gridusers 3126119 Apr 24 09:14 PairVLQ_x53x53_tWtW_narrow_RH_M1300_TuneCP5_13TeV-madgraph-pythia8_66nominal.root
-rw-r--r-- 1 fsimpson gridusers 3019312 Apr 24 09:14 PairVLQ_x53x53_tWtW_narrow_RH_M1300_TuneCP5_13TeV-madgraph-pythia8_67nominal.root
-rw-r--r-- 1 fsimpson gridusers 2904509 Apr 24 09:14 PairVLQ_x53x53_tWtW_narrow_RH_M1300_TuneCP5_13TeV-madgraph-pythia8_6nominal.root
>> xrdcp output for condor
hadd Target file: PairVLQ_x53x53_tWtW_narrow_RH_M1300_TuneCP5_13TeV-madgraph-pythia8_4nominal_hadd.root
hadd compression setting for all ouput: 1
hadd Source file 1: PairVLQ_x53x53_tWtW_narrow_RH_M1300_TuneCP5_13TeV-madgraph-pythia8_40nominal.root
hadd Source file 2: PairVLQ_x53x53_tWtW_narrow_RH_M1300_TuneCP5_13TeV-madgraph-pythia8_41nominal.root
hadd Source file 3: PairVLQ_x53x53_tWtW_narrow_RH_M1300_TuneCP5_13TeV-madgraph-pythia8_42nominal.root
hadd Source file 4: PairVLQ_x53x53_tWtW_narrow_RH_M1300_TuneCP5_13TeV-madgraph-pythia8_43nominal.root
hadd Source file 5: PairVLQ_x53x53_tWtW_narrow_RH_M1300_TuneCP5_13TeV-madgraph-pythia8_44nominal.root
hadd Source file 6: PairVLQ_x53x53_tWtW_narrow_RH_M1300_TuneCP5_13TeV-madgraph-pythia8_45nominal.root
hadd Source file 7: PairVLQ_x53x53_tWtW_narrow_RH_M1300_TuneCP5_13TeV-madgraph-pythia8_46nominal.root
hadd Source file 8: PairVLQ_x53x53_tWtW_narrow_RH_M1300_TuneCP5_13TeV-madgraph-pythia8_47nominal.root
hadd Source file 9: PairVLQ_x53x53_tWtW_narrow_RH_M1300_TuneCP5_13TeV-madgraph-pythia8_48nominal.root
hadd Source file 10: PairVLQ_x53x53_tWtW_narrow_RH_M1300_TuneCP5_13TeV-madgraph-pythia8_49nominal.root
hadd Source file 11: PairVLQ_x53x53_tWtW_narrow_RH_M1300_TuneCP5_13TeV-madgraph-pythia8_50nominal.root
hadd Source file 12: PairVLQ_x53x53_tWtW_narrow_RH_M1300_TuneCP5_13TeV-madgraph-pythia8_51nominal.root
hadd Source file 13: PairVLQ_x53x53_tWtW_narrow_RH_M1300_TuneCP5_13TeV-madgraph-pythia8_52nominal.root
hadd Source file 14: PairVLQ_x53x53_tWtW_narrow_RH_M1300_TuneCP5_13TeV-madgraph-pythia8_53nominal.root
hadd Source file 15: PairVLQ_x53x53_tWtW_narrow_RH_M1300_TuneCP5_13TeV-madgraph-pythia8_54nominal.root
hadd Source file 16: PairVLQ_x53x53_tWtW_narrow_RH_M1300_TuneCP5_13TeV-madgraph-pythia8_55nominal.root
hadd Source file 17: PairVLQ_x53x53_tWtW_narrow_RH_M1300_TuneCP5_13TeV-madgraph-pythia8_56nominal.root
hadd Source file 18: PairVLQ_x53x53_tWtW_narrow_RH_M1300_TuneCP5_13TeV-madgraph-pythia8_57nominal.root
hadd Source file 19: PairVLQ_x53x53_tWtW_narrow_RH_M1300_TuneCP5_13TeV-madgraph-pythia8_58nominal.root
hadd Source file 20: PairVLQ_x53x53_tWtW_narrow_RH_M1300_TuneCP5_13TeV-madgraph-pythia8_59nominal.root
hadd Source file 21: PairVLQ_x53x53_tWtW_narrow_RH_M1300_TuneCP5_13TeV-madgraph-pythia8_5nominal.root
hadd Source file 22: PairVLQ_x53x53_tWtW_narrow_RH_M1300_TuneCP5_13TeV-madgraph-pythia8_60nominal.root
hadd Source file 23: PairVLQ_x53x53_tWtW_narrow_RH_M1300_TuneCP5_13TeV-madgraph-pythia8_61nominal.root
hadd Source file 24: PairVLQ_x53x53_tWtW_narrow_RH_M1300_TuneCP5_13TeV-madgraph-pythia8_62nominal.root
hadd Source file 25: PairVLQ_x53x53_tWtW_narrow_RH_M1300_TuneCP5_13TeV-madgraph-pythia8_63nominal.root
hadd Source file 26: PairVLQ_x53x53_tWtW_narrow_RH_M1300_TuneCP5_13TeV-madgraph-pythia8_64nominal.root
hadd Source file 27: PairVLQ_x53x53_tWtW_narrow_RH_M1300_TuneCP5_13TeV-madgraph-pythia8_65nominal.root
hadd Source file 28: PairVLQ_x53x53_tWtW_narrow_RH_M1300_TuneCP5_13TeV-madgraph-pythia8_66nominal.root
hadd Source file 29: PairVLQ_x53x53_tWtW_narrow_RH_M1300_TuneCP5_13TeV-madgraph-pythia8_67nominal.root
hadd Source file 30: PairVLQ_x53x53_tWtW_narrow_RH_M1300_TuneCP5_13TeV-madgraph-pythia8_6nominal.root
hadd Target path: PairVLQ_x53x53_tWtW_narrow_RH_M1300_TuneCP5_13TeV-madgraph-pythia8_4nominal_hadd.root:/
>> mv PairVLQ_x53x53_tWtW_narrow_RH_M1300_TuneCP5_13TeV-madgraph-pythia8_4nominal_hadd.root /isilon/hadoop/store/group/bruxljm/FWLJMET106XUL_singleLep2017UL_RunIISummer20_X53X53_step1/nominal/PairVLQ_x53x53_tWtW_narrow_RH_M1300_TuneCP5_13TeV-madgraph-pythia8/PairVLQ_x53x53_tWtW_narrow_RH_M1300_TuneCP5_13TeV-madgraph-pythia8_4.root
[DONE]
