000 (630071.000.000) 04/24 07:51:59 Job submitted from host: <172.20.3.187:9618?addrs=172.20.3.187-9618&noUDP&sock=2297_2121_3>
...
001 (630071.000.000) 04/24 07:52:12 Job executing on host: <172.20.225.5:9618?addrs=172.20.225.5-9618&noUDP&sock=3375_8c39_3>
...
006 (630071.000.000) 04/24 07:52:21 Image size of job updated: 65984
	56  -  MemoryUsage of job (MB)
	56856  -  ResidentSetSize of job (KB)
...
006 (630071.000.000) 04/24 07:57:22 Image size of job updated: 703980
	688  -  MemoryUsage of job (MB)
	703620  -  ResidentSetSize of job (KB)
...
006 (630071.000.000) 04/24 08:02:23 Image size of job updated: 977744
	955  -  MemoryUsage of job (MB)
	977360  -  ResidentSetSize of job (KB)
...
006 (630071.000.000) 04/24 08:07:23 Image size of job updated: 1179760
	1152  -  MemoryUsage of job (MB)
	1179516  -  ResidentSetSize of job (KB)
...
006 (630071.000.000) 04/24 08:12:24 Image size of job updated: 1352268
	1321  -  MemoryUsage of job (MB)
	1352024  -  ResidentSetSize of job (KB)
...
006 (630071.000.000) 04/24 08:17:24 Image size of job updated: 1490824
	1456  -  MemoryUsage of job (MB)
	1490144  -  ResidentSetSize of job (KB)
...
006 (630071.000.000) 04/24 08:19:40 Image size of job updated: 1490824
	1456  -  MemoryUsage of job (MB)
	1490152  -  ResidentSetSize of job (KB)
...
005 (630071.000.000) 04/24 08:19:40 Job terminated.
	(1) Normal termination (return value 0)
		Usr 0 00:25:47, Sys 0 00:00:51  -  Run Remote Usage
		Usr 0 00:00:00, Sys 0 00:00:00  -  Run Local Usage
		Usr 0 00:25:47, Sys 0 00:00:51  -  Total Remote Usage
		Usr 0 00:00:00, Sys 0 00:00:00  -  Total Local Usage
	1715273  -  Run Bytes Sent By Job
	8620734  -  Run Bytes Received By Job
	1715273  -  Total Bytes Sent By Job
	8620734  -  Total Bytes Received By Job
	Partitionable Resources :    Usage  Request Allocated 
	   Cpus                 :     0.99        1         1 
	   Disk (KB)            : 10650       10000 479749220 
	   Memory (MB)          :  1456        6144      8033 
...
000 (630130.000.000) 04/24 08:39:24 Job submitted from host: <172.20.3.187:9618?addrs=172.20.3.187-9618&noUDP&sock=2297_2121_3>
...
001 (630130.000.000) 04/24 08:40:32 Job executing on host: <172.20.225.2:9618?addrs=172.20.225.2-9618&noUDP&sock=3424_285d_3>
...
006 (630130.000.000) 04/24 08:40:41 Image size of job updated: 12200
	12  -  MemoryUsage of job (MB)
	12200  -  ResidentSetSize of job (KB)
...
006 (630130.000.000) 04/24 08:45:42 Image size of job updated: 702000
	685  -  MemoryUsage of job (MB)
	700720  -  ResidentSetSize of job (KB)
...
006 (630130.000.000) 04/24 08:50:42 Image size of job updated: 975772
	951  -  MemoryUsage of job (MB)
	973668  -  ResidentSetSize of job (KB)
...
006 (630130.000.000) 04/24 08:55:42 Image size of job updated: 1177688
	1150  -  MemoryUsage of job (MB)
	1177140  -  ResidentSetSize of job (KB)
...
006 (630130.000.000) 04/24 09:00:42 Image size of job updated: 1353220
	1322  -  MemoryUsage of job (MB)
	1352932  -  ResidentSetSize of job (KB)
...
006 (630130.000.000) 04/24 09:05:43 Image size of job updated: 1499132
	1464  -  MemoryUsage of job (MB)
	1498960  -  ResidentSetSize of job (KB)
...
005 (630130.000.000) 04/24 09:08:23 Job terminated.
	(1) Normal termination (return value 0)
		Usr 0 00:25:50, Sys 0 00:00:33  -  Run Remote Usage
		Usr 0 00:00:00, Sys 0 00:00:00  -  Run Local Usage
		Usr 0 00:25:50, Sys 0 00:00:33  -  Total Remote Usage
		Usr 0 00:00:00, Sys 0 00:00:00  -  Total Local Usage
	1773327  -  Run Bytes Sent By Job
	8620823  -  Run Bytes Received By Job
	1773327  -  Total Bytes Sent By Job
	8620823  -  Total Bytes Received By Job
	Partitionable Resources :    Usage  Request Allocated 
	   Cpus                 :     0.98        1         1 
	   Disk (KB)            : 10706       10000 479786084 
	   Memory (MB)          :  1464        6144      8033 
...
