000 (630080.000.000) 04/24 07:52:00 Job submitted from host: <172.20.3.187:9618?addrs=172.20.3.187-9618&noUDP&sock=2297_2121_3>
...
001 (630080.000.000) 04/24 07:53:12 Job executing on host: <172.20.225.7:9618?addrs=172.20.225.7-9618&noUDP&sock=3394_9486_3>
...
006 (630080.000.000) 04/24 07:53:21 Image size of job updated: 142784
	119  -  MemoryUsage of job (MB)
	121256  -  ResidentSetSize of job (KB)
...
006 (630080.000.000) 04/24 07:58:23 Image size of job updated: 721964
	705  -  MemoryUsage of job (MB)
	721400  -  ResidentSetSize of job (KB)
...
006 (630080.000.000) 04/24 08:03:23 Image size of job updated: 991096
	968  -  MemoryUsage of job (MB)
	990608  -  ResidentSetSize of job (KB)
...
006 (630080.000.000) 04/24 08:08:23 Image size of job updated: 1190292
	1162  -  MemoryUsage of job (MB)
	1189848  -  ResidentSetSize of job (KB)
...
006 (630080.000.000) 04/24 08:13:23 Image size of job updated: 1366868
	1335  -  MemoryUsage of job (MB)
	1366424  -  ResidentSetSize of job (KB)
...
006 (630080.000.000) 04/24 08:18:25 Image size of job updated: 1515448
	1480  -  MemoryUsage of job (MB)
	1515200  -  ResidentSetSize of job (KB)
...
006 (630080.000.000) 04/24 08:19:40 Image size of job updated: 1570240
	1480  -  MemoryUsage of job (MB)
	1515240  -  ResidentSetSize of job (KB)
...
005 (630080.000.000) 04/24 08:19:40 Job terminated.
	(1) Normal termination (return value 0)
		Usr 0 00:25:11, Sys 0 00:00:25  -  Run Remote Usage
		Usr 0 00:00:00, Sys 0 00:00:00  -  Run Local Usage
		Usr 0 00:25:11, Sys 0 00:00:25  -  Total Remote Usage
		Usr 0 00:00:00, Sys 0 00:00:00  -  Total Local Usage
	1715425  -  Run Bytes Sent By Job
	8620734  -  Run Bytes Received By Job
	1715425  -  Total Bytes Sent By Job
	8620734  -  Total Bytes Received By Job
	Partitionable Resources :    Usage  Request Allocated 
	   Cpus                 :     0.99        1         1 
	   Disk (KB)            : 10650       10000 479738639 
	   Memory (MB)          :  1480        6144      8033 
...
000 (630139.000.000) 04/24 08:39:25 Job submitted from host: <172.20.3.187:9618?addrs=172.20.3.187-9618&noUDP&sock=2297_2121_3>
...
001 (630139.000.000) 04/24 08:44:32 Job executing on host: <172.20.225.7:9618?addrs=172.20.225.7-9618&noUDP&sock=3394_9486_3>
...
006 (630139.000.000) 04/24 08:44:42 Image size of job updated: 27232
	27  -  MemoryUsage of job (MB)
	27232  -  ResidentSetSize of job (KB)
...
006 (630139.000.000) 04/24 08:49:42 Image size of job updated: 699512
	683  -  MemoryUsage of job (MB)
	698988  -  ResidentSetSize of job (KB)
...
006 (630139.000.000) 04/24 08:54:42 Image size of job updated: 967108
	944  -  MemoryUsage of job (MB)
	966060  -  ResidentSetSize of job (KB)
...
006 (630139.000.000) 04/24 08:59:42 Image size of job updated: 1170152
	1143  -  MemoryUsage of job (MB)
	1169760  -  ResidentSetSize of job (KB)
...
006 (630139.000.000) 04/24 09:04:43 Image size of job updated: 1348736
	1317  -  MemoryUsage of job (MB)
	1348560  -  ResidentSetSize of job (KB)
...
006 (630139.000.000) 04/24 09:09:43 Image size of job updated: 1491340
	1456  -  MemoryUsage of job (MB)
	1490828  -  ResidentSetSize of job (KB)
...
005 (630139.000.000) 04/24 09:12:34 Job terminated.
	(1) Normal termination (return value 0)
		Usr 0 00:25:47, Sys 0 00:00:37  -  Run Remote Usage
		Usr 0 00:00:00, Sys 0 00:00:00  -  Run Local Usage
		Usr 0 00:25:47, Sys 0 00:00:37  -  Total Remote Usage
		Usr 0 00:00:00, Sys 0 00:00:00  -  Total Local Usage
	1773808  -  Run Bytes Sent By Job
	8620823  -  Run Bytes Received By Job
	1773808  -  Total Bytes Sent By Job
	8620823  -  Total Bytes Received By Job
	Partitionable Resources :    Usage  Request Allocated 
	   Cpus                 :        0        1         1 
	   Disk (KB)            :    10707    10000 479738639 
	   Memory (MB)          :     1456     6144      8033 
...
