000 (630069.000.000) 04/24 07:51:59 Job submitted from host: <172.20.3.187:9618?addrs=172.20.3.187-9618&noUDP&sock=2297_2121_3>
...
001 (630069.000.000) 04/24 07:52:12 Job executing on host: <172.20.225.4:9618?addrs=172.20.225.4-9618&noUDP&sock=3366_5fdf_3>
...
006 (630069.000.000) 04/24 07:52:21 Image size of job updated: 53412
	39  -  MemoryUsage of job (MB)
	39316  -  ResidentSetSize of job (KB)
...
006 (630069.000.000) 04/24 07:57:23 Image size of job updated: 679312
	664  -  MemoryUsage of job (MB)
	678944  -  ResidentSetSize of job (KB)
...
006 (630069.000.000) 04/24 08:02:23 Image size of job updated: 949620
	928  -  MemoryUsage of job (MB)
	949372  -  ResidentSetSize of job (KB)
...
006 (630069.000.000) 04/24 08:07:24 Image size of job updated: 1153056
	1126  -  MemoryUsage of job (MB)
	1152604  -  ResidentSetSize of job (KB)
...
006 (630069.000.000) 04/24 08:12:24 Image size of job updated: 1333660
	1302  -  MemoryUsage of job (MB)
	1333196  -  ResidentSetSize of job (KB)
...
006 (630069.000.000) 04/24 08:17:24 Image size of job updated: 1478356
	1444  -  MemoryUsage of job (MB)
	1478152  -  ResidentSetSize of job (KB)
...
006 (630069.000.000) 04/24 08:20:03 Image size of job updated: 1478356
	1444  -  MemoryUsage of job (MB)
	1478184  -  ResidentSetSize of job (KB)
...
005 (630069.000.000) 04/24 08:20:03 Job terminated.
	(1) Normal termination (return value 0)
		Usr 0 00:26:18, Sys 0 00:00:39  -  Run Remote Usage
		Usr 0 00:00:00, Sys 0 00:00:00  -  Run Local Usage
		Usr 0 00:26:18, Sys 0 00:00:39  -  Total Remote Usage
		Usr 0 00:00:00, Sys 0 00:00:00  -  Total Local Usage
	1715230  -  Run Bytes Sent By Job
	8620734  -  Run Bytes Received By Job
	1715230  -  Total Bytes Sent By Job
	8620734  -  Total Bytes Received By Job
	Partitionable Resources :    Usage  Request Allocated 
	   Cpus                 :     0.99        1         1 
	   Disk (KB)            : 10650       10000 479779449 
	   Memory (MB)          :  1444        6144      8033 
...
000 (630128.000.000) 04/24 08:39:24 Job submitted from host: <172.20.3.187:9618?addrs=172.20.3.187-9618&noUDP&sock=2297_2121_3>
...
001 (630128.000.000) 04/24 08:39:33 Job executing on host: <172.20.225.5:9618?addrs=172.20.225.5-9618&noUDP&sock=3375_8c39_3>
...
006 (630128.000.000) 04/24 08:39:41 Image size of job updated: 12340
	13  -  MemoryUsage of job (MB)
	12340  -  ResidentSetSize of job (KB)
...
006 (630128.000.000) 04/24 08:44:41 Image size of job updated: 667040
	651  -  MemoryUsage of job (MB)
	665968  -  ResidentSetSize of job (KB)
...
006 (630128.000.000) 04/24 08:49:41 Image size of job updated: 954560
	932  -  MemoryUsage of job (MB)
	954208  -  ResidentSetSize of job (KB)
...
006 (630128.000.000) 04/24 08:54:42 Image size of job updated: 1163024
	1135  -  MemoryUsage of job (MB)
	1161452  -  ResidentSetSize of job (KB)
...
006 (630128.000.000) 04/24 08:59:42 Image size of job updated: 1345276
	1314  -  MemoryUsage of job (MB)
	1344728  -  ResidentSetSize of job (KB)
...
006 (630128.000.000) 04/24 09:04:43 Image size of job updated: 1490760
	1456  -  MemoryUsage of job (MB)
	1490608  -  ResidentSetSize of job (KB)
...
005 (630128.000.000) 04/24 09:07:35 Job terminated.
	(1) Normal termination (return value 0)
		Usr 0 00:25:53, Sys 0 00:00:38  -  Run Remote Usage
		Usr 0 00:00:00, Sys 0 00:00:00  -  Run Local Usage
		Usr 0 00:25:53, Sys 0 00:00:38  -  Total Remote Usage
		Usr 0 00:00:00, Sys 0 00:00:00  -  Total Local Usage
	1773427  -  Run Bytes Sent By Job
	8620823  -  Run Bytes Received By Job
	1773427  -  Total Bytes Sent By Job
	8620823  -  Total Bytes Received By Job
	Partitionable Resources :    Usage  Request Allocated 
	   Cpus                 :     0.79        1         1 
	   Disk (KB)            : 10707       10000 479749220 
	   Memory (MB)          :  1456        6144      8033 
...
