000 (630095.000.000) 04/24 07:52:01 Job submitted from host: <172.20.3.187:9618?addrs=172.20.3.187-9618&noUDP&sock=2297_2121_3>
...
001 (630095.000.000) 04/24 07:54:12 Job executing on host: <172.20.225.7:9618?addrs=172.20.225.7-9618&noUDP&sock=3394_9486_3>
...
006 (630095.000.000) 04/24 07:54:21 Image size of job updated: 59560
	56  -  MemoryUsage of job (MB)
	56872  -  ResidentSetSize of job (KB)
...
006 (630095.000.000) 04/24 07:59:21 Image size of job updated: 707160
	691  -  MemoryUsage of job (MB)
	706592  -  ResidentSetSize of job (KB)
...
006 (630095.000.000) 04/24 08:04:22 Image size of job updated: 979444
	957  -  MemoryUsage of job (MB)
	978972  -  ResidentSetSize of job (KB)
...
006 (630095.000.000) 04/24 08:09:22 Image size of job updated: 1165872
	1139  -  MemoryUsage of job (MB)
	1165524  -  ResidentSetSize of job (KB)
...
006 (630095.000.000) 04/24 08:14:23 Image size of job updated: 1330536
	1300  -  MemoryUsage of job (MB)
	1330188  -  ResidentSetSize of job (KB)
...
006 (630095.000.000) 04/24 08:19:23 Image size of job updated: 1472636
	1438  -  MemoryUsage of job (MB)
	1472364  -  ResidentSetSize of job (KB)
...
006 (630095.000.000) 04/24 08:22:16 Image size of job updated: 1576664
	1438  -  MemoryUsage of job (MB)
	1472364  -  ResidentSetSize of job (KB)
...
005 (630095.000.000) 04/24 08:22:16 Job terminated.
	(1) Normal termination (return value 0)
		Usr 0 00:26:11, Sys 0 00:00:56  -  Run Remote Usage
		Usr 0 00:00:00, Sys 0 00:00:00  -  Run Local Usage
		Usr 0 00:26:11, Sys 0 00:00:56  -  Total Remote Usage
		Usr 0 00:00:00, Sys 0 00:00:00  -  Total Local Usage
	1715268  -  Run Bytes Sent By Job
	8620734  -  Run Bytes Received By Job
	1715268  -  Total Bytes Sent By Job
	8620734  -  Total Bytes Received By Job
	Partitionable Resources :    Usage  Request Allocated 
	   Cpus                 :     0.98        1         1 
	   Disk (KB)            : 10650       10000 479738639 
	   Memory (MB)          :  1438        6144      8033 
...
000 (630154.000.000) 04/24 08:39:26 Job submitted from host: <172.20.3.187:9618?addrs=172.20.3.187-9618&noUDP&sock=2297_2121_3>
...
001 (630154.000.000) 04/24 08:48:32 Job executing on host: <172.20.225.4:9618?addrs=172.20.225.4-9618&noUDP&sock=3366_5fdf_3>
...
006 (630154.000.000) 04/24 08:48:41 Image size of job updated: 12332
	13  -  MemoryUsage of job (MB)
	12332  -  ResidentSetSize of job (KB)
...
006 (630154.000.000) 04/24 08:53:43 Image size of job updated: 714840
	696  -  MemoryUsage of job (MB)
	712260  -  ResidentSetSize of job (KB)
...
006 (630154.000.000) 04/24 08:58:43 Image size of job updated: 981996
	959  -  MemoryUsage of job (MB)
	981432  -  ResidentSetSize of job (KB)
...
006 (630154.000.000) 04/24 09:03:43 Image size of job updated: 1184548
	1157  -  MemoryUsage of job (MB)
	1183956  -  ResidentSetSize of job (KB)
...
006 (630154.000.000) 04/24 09:08:44 Image size of job updated: 1354256
	1323  -  MemoryUsage of job (MB)
	1353756  -  ResidentSetSize of job (KB)
...
006 (630154.000.000) 04/24 09:13:45 Image size of job updated: 1498724
	1464  -  MemoryUsage of job (MB)
	1498488  -  ResidentSetSize of job (KB)
...
005 (630154.000.000) 04/24 09:16:22 Job terminated.
	(1) Normal termination (return value 0)
		Usr 0 00:25:41, Sys 0 00:00:38  -  Run Remote Usage
		Usr 0 00:00:00, Sys 0 00:00:00  -  Run Local Usage
		Usr 0 00:25:41, Sys 0 00:00:38  -  Total Remote Usage
		Usr 0 00:00:00, Sys 0 00:00:00  -  Total Local Usage
	1773502  -  Run Bytes Sent By Job
	8620823  -  Run Bytes Received By Job
	1773502  -  Total Bytes Sent By Job
	8620823  -  Total Bytes Received By Job
	Partitionable Resources :    Usage  Request Allocated 
	   Cpus                 :     0.99        1         1 
	   Disk (KB)            : 10707       10000 479779449 
	   Memory (MB)          :  1464        6144      8033 
...
