/isilon/condor/hep104.hep.brown.edu/execute/dir_51148
>> Setting macroDir to PWD

Processing compile_step1.C...
>> Running on BRUX, PairVLQ_x53x53_tWtW_narrow_RH_M1100_TuneCP5_13TeV-madgraph-pythia8 stored on BRUX
>> Input file path: /isilon/hadoop/store/group/bruxljm/FWLJMET106XUL_singleLep2017UL_RunIISummer20_X53X53/PairVLQ_x53x53_tWtW_narrow_RH_M1100_TuneCP5_13TeV-madgraph-pythia8/singleLep2017UL/230310_181922/0000
>> Running step1 over list: 95 96 97 98 99
>> Adding PairVLQ_x53x53_tWtW_narrow_RH_M1100_TuneCP5_13TeV-madgraph-pythia8_95.root to the list by reading PairVLQ_x53x53_tWtW_narrow_RH_M1100_TuneCP5_13TeV-madgraph-pythia8_95
>> Adding PairVLQ_x53x53_tWtW_narrow_RH_M1100_TuneCP5_13TeV-madgraph-pythia8_96.root to the list by reading PairVLQ_x53x53_tWtW_narrow_RH_M1100_TuneCP5_13TeV-madgraph-pythia8_96
>> Adding PairVLQ_x53x53_tWtW_narrow_RH_M1100_TuneCP5_13TeV-madgraph-pythia8_97.root to the list by reading PairVLQ_x53x53_tWtW_narrow_RH_M1100_TuneCP5_13TeV-madgraph-pythia8_97
>> Adding PairVLQ_x53x53_tWtW_narrow_RH_M1100_TuneCP5_13TeV-madgraph-pythia8_98.root to the list by reading PairVLQ_x53x53_tWtW_narrow_RH_M1100_TuneCP5_13TeV-madgraph-pythia8_98
>> Adding PairVLQ_x53x53_tWtW_narrow_RH_M1100_TuneCP5_13TeV-madgraph-pythia8_99.root to the list by reading PairVLQ_x53x53_tWtW_narrow_RH_M1100_TuneCP5_13TeV-madgraph-pythia8_99
[OPT] Using deepCSV reshaping file: reshaping_deepCSV_106XUL17_v4.csv
[OPT] Using deepJet reshaping file: reshaping_deepJet_106XUL17_v4.csv

>> Running /isilon/hadoop/store/group/bruxljm/FWLJMET106XUL_singleLep2017UL_RunIISummer20_X53X53/PairVLQ_x53x53_tWtW_narrow_RH_M1100_TuneCP5_13TeV-madgraph-pythia8/singleLep2017UL/230310_181922/0000/PairVLQ_x53x53_tWtW_narrow_RH_M1100_TuneCP5_13TeV-madgraph-pythia8_95.root for shift: nominal
[step1.h] Opening file: /isilon/hadoop/store/group/bruxljm/FWLJMET106XUL_singleLep2017UL_RunIISummer20_X53X53/PairVLQ_x53x53_tWtW_narrow_RH_M1100_TuneCP5_13TeV-madgraph-pythia8/singleLep2017UL/230310_181922/0000/PairVLQ_x53x53_tWtW_narrow_RH_M1100_TuneCP5_13TeV-madgraph-pythia8_95.root
[step1.h] Finished initializing
RUN CONFIG: YEAR = 2017
Era = 
isMC = 1, isSig = 1, SigMass = 4
isHad =0, isSE =0, isSM =0
isTTTT = 0, isXX = 1, isTpTp = 0, isBpBp = 0
For W's: isTT = 0, isSTt = 0, isSTtW = 0
For jets & PDF: isTOP = 0, isMadgraphBkg = 1
For HOTTagger Efficiencies: isTTV = 0, isTTHbb = 0, isTTHnonbb = 0, isTTTX = 0
isTTVV = 0, isST = 0, isTTToSemiLeptonHT500Njet9 = 0
Pileup sample key: PairVLQ_x53x53_tWtW_narrow_RH_M1100_TuneCP5_13TeV-madgraph-pythia8
b-tagging working points: 0.304(DeepJet)0.4506(DeepCSV)
isTTincMtt0to700: 0
isTTincMtt0to1000: 0
isTTincMtt700to1000: 0
isTTincMtt1000toInf: 0
isTTSemilepIncHT0Njet0: 0
isTTSemilepIncHT500Njet9: 0
outTTLF: 0
outTTCC: 0
outTTBB: 0
outTT1B: 0
outTT2B: 0
>> Completed 0 out of 1049 events
[INFO] Defaulting to central deepJet weight for: nominal
>> Completed 1000 out of 1049 events
Nelectrons      = 465 / 1049
Npassed_ElEta   = 465 / 1049
Nmuons          = 584 / 1049
NrelIsoFail     = 0 / 1049
Npassed_MuEta   = 584 / 1049
Npassed_nAK8Jets= 1049 / 1049
Npassed_Trigger = 1003 / 1049
Npassed_MET     = 915 / 1049
Npassed_lepPt   = 964 / 1049
Npassed_HT      = 1046 / 1049
npass_Njets     = 1044 / 1049
Npassed_ALL     = 839 / 1049

>> Running /isilon/hadoop/store/group/bruxljm/FWLJMET106XUL_singleLep2017UL_RunIISummer20_X53X53/PairVLQ_x53x53_tWtW_narrow_RH_M1100_TuneCP5_13TeV-madgraph-pythia8/singleLep2017UL/230310_181922/0000/PairVLQ_x53x53_tWtW_narrow_RH_M1100_TuneCP5_13TeV-madgraph-pythia8_96.root for shift: nominal
[step1.h] Opening file: /isilon/hadoop/store/group/bruxljm/FWLJMET106XUL_singleLep2017UL_RunIISummer20_X53X53/PairVLQ_x53x53_tWtW_narrow_RH_M1100_TuneCP5_13TeV-madgraph-pythia8/singleLep2017UL/230310_181922/0000/PairVLQ_x53x53_tWtW_narrow_RH_M1100_TuneCP5_13TeV-madgraph-pythia8_96.root
[step1.h] Finished initializing
RUN CONFIG: YEAR = 2017
Era = 
isMC = 1, isSig = 1, SigMass = 4
isHad =0, isSE =0, isSM =0
isTTTT = 0, isXX = 1, isTpTp = 0, isBpBp = 0
For W's: isTT = 0, isSTt = 0, isSTtW = 0
For jets & PDF: isTOP = 0, isMadgraphBkg = 1
For HOTTagger Efficiencies: isTTV = 0, isTTHbb = 0, isTTHnonbb = 0, isTTTX = 0
isTTVV = 0, isST = 0, isTTToSemiLeptonHT500Njet9 = 0
Pileup sample key: PairVLQ_x53x53_tWtW_narrow_RH_M1100_TuneCP5_13TeV-madgraph-pythia8
b-tagging working points: 0.304(DeepJet)0.4506(DeepCSV)
isTTincMtt0to700: 0
isTTincMtt0to1000: 0
isTTincMtt700to1000: 0
isTTincMtt1000toInf: 0
isTTSemilepIncHT0Njet0: 0
isTTSemilepIncHT500Njet9: 0
outTTLF: 0
outTTCC: 0
outTTBB: 0
outTT1B: 0
outTT2B: 0
>> Completed 0 out of 1030 events
[INFO] Defaulting to central deepJet weight for: nominal
>> Completed 1000 out of 1030 events
Nelectrons      = 450 / 1030
Npassed_ElEta   = 450 / 1030
Nmuons          = 580 / 1030
NrelIsoFail     = 0 / 1030
Npassed_MuEta   = 580 / 1030
Npassed_nAK8Jets= 1030 / 1030
Npassed_Trigger = 989 / 1030
Npassed_MET     = 867 / 1030
Npassed_lepPt   = 920 / 1030
Npassed_HT      = 1028 / 1030
npass_Njets     = 1027 / 1030
Npassed_ALL     = 775 / 1030

>> Running /isilon/hadoop/store/group/bruxljm/FWLJMET106XUL_singleLep2017UL_RunIISummer20_X53X53/PairVLQ_x53x53_tWtW_narrow_RH_M1100_TuneCP5_13TeV-madgraph-pythia8/singleLep2017UL/230310_181922/0000/PairVLQ_x53x53_tWtW_narrow_RH_M1100_TuneCP5_13TeV-madgraph-pythia8_97.root for shift: nominal
[step1.h] Opening file: /isilon/hadoop/store/group/bruxljm/FWLJMET106XUL_singleLep2017UL_RunIISummer20_X53X53/PairVLQ_x53x53_tWtW_narrow_RH_M1100_TuneCP5_13TeV-madgraph-pythia8/singleLep2017UL/230310_181922/0000/PairVLQ_x53x53_tWtW_narrow_RH_M1100_TuneCP5_13TeV-madgraph-pythia8_97.root
[step1.h] Finished initializing
RUN CONFIG: YEAR = 2017
Era = 
isMC = 1, isSig = 1, SigMass = 4
isHad =0, isSE =0, isSM =0
isTTTT = 0, isXX = 1, isTpTp = 0, isBpBp = 0
For W's: isTT = 0, isSTt = 0, isSTtW = 0
For jets & PDF: isTOP = 0, isMadgraphBkg = 1
For HOTTagger Efficiencies: isTTV = 0, isTTHbb = 0, isTTHnonbb = 0, isTTTX = 0
isTTVV = 0, isST = 0, isTTToSemiLeptonHT500Njet9 = 0
Pileup sample key: PairVLQ_x53x53_tWtW_narrow_RH_M1100_TuneCP5_13TeV-madgraph-pythia8
b-tagging working points: 0.304(DeepJet)0.4506(DeepCSV)
isTTincMtt0to700: 0
isTTincMtt0to1000: 0
isTTincMtt700to1000: 0
isTTincMtt1000toInf: 0
isTTSemilepIncHT0Njet0: 0
isTTSemilepIncHT500Njet9: 0
outTTLF: 0
outTTCC: 0
outTTBB: 0
outTT1B: 0
outTT2B: 0
>> Completed 0 out of 1102 events
[INFO] Defaulting to central deepJet weight for: nominal
>> Completed 1000 out of 1102 events
Nelectrons      = 507 / 1102
Npassed_ElEta   = 507 / 1102
Nmuons          = 595 / 1102
NrelIsoFail     = 0 / 1102
Npassed_MuEta   = 595 / 1102
Npassed_nAK8Jets= 1102 / 1102
Npassed_Trigger = 1057 / 1102
Npassed_MET     = 944 / 1102
Npassed_lepPt   = 981 / 1102
Npassed_HT      = 1099 / 1102
npass_Njets     = 1102 / 1102
Npassed_ALL     = 832 / 1102

>> Running /isilon/hadoop/store/group/bruxljm/FWLJMET106XUL_singleLep2017UL_RunIISummer20_X53X53/PairVLQ_x53x53_tWtW_narrow_RH_M1100_TuneCP5_13TeV-madgraph-pythia8/singleLep2017UL/230310_181922/0000/PairVLQ_x53x53_tWtW_narrow_RH_M1100_TuneCP5_13TeV-madgraph-pythia8_98.root for shift: nominal
[step1.h] Opening file: /isilon/hadoop/store/group/bruxljm/FWLJMET106XUL_singleLep2017UL_RunIISummer20_X53X53/PairVLQ_x53x53_tWtW_narrow_RH_M1100_TuneCP5_13TeV-madgraph-pythia8/singleLep2017UL/230310_181922/0000/PairVLQ_x53x53_tWtW_narrow_RH_M1100_TuneCP5_13TeV-madgraph-pythia8_98.root
[step1.h] Finished initializing
RUN CONFIG: YEAR = 2017
Era = 
isMC = 1, isSig = 1, SigMass = 4
isHad =0, isSE =0, isSM =0
isTTTT = 0, isXX = 1, isTpTp = 0, isBpBp = 0
For W's: isTT = 0, isSTt = 0, isSTtW = 0
For jets & PDF: isTOP = 0, isMadgraphBkg = 1
For HOTTagger Efficiencies: isTTV = 0, isTTHbb = 0, isTTHnonbb = 0, isTTTX = 0
isTTVV = 0, isST = 0, isTTToSemiLeptonHT500Njet9 = 0
Pileup sample key: PairVLQ_x53x53_tWtW_narrow_RH_M1100_TuneCP5_13TeV-madgraph-pythia8
b-tagging working points: 0.304(DeepJet)0.4506(DeepCSV)
isTTincMtt0to700: 0
isTTincMtt0to1000: 0
isTTincMtt700to1000: 0
isTTincMtt1000toInf: 0
isTTSemilepIncHT0Njet0: 0
isTTSemilepIncHT500Njet9: 0
outTTLF: 0
outTTCC: 0
outTTBB: 0
outTT1B: 0
outTT2B: 0
>> Completed 0 out of 1056 events
[INFO] Defaulting to central deepJet weight for: nominal
>> Completed 1000 out of 1056 events
Nelectrons      = 484 / 1056
Npassed_ElEta   = 484 / 1056
Nmuons          = 572 / 1056
NrelIsoFail     = 0 / 1056
Npassed_MuEta   = 572 / 1056
Npassed_nAK8Jets= 1056 / 1056
Npassed_Trigger = 1018 / 1056
Npassed_MET     = 912 / 1056
Npassed_lepPt   = 943 / 1056
Npassed_HT      = 1051 / 1056
npass_Njets     = 1054 / 1056
Npassed_ALL     = 804 / 1056

>> Running /isilon/hadoop/store/group/bruxljm/FWLJMET106XUL_singleLep2017UL_RunIISummer20_X53X53/PairVLQ_x53x53_tWtW_narrow_RH_M1100_TuneCP5_13TeV-madgraph-pythia8/singleLep2017UL/230310_181922/0000/PairVLQ_x53x53_tWtW_narrow_RH_M1100_TuneCP5_13TeV-madgraph-pythia8_99.root for shift: nominal
[step1.h] Opening file: /isilon/hadoop/store/group/bruxljm/FWLJMET106XUL_singleLep2017UL_RunIISummer20_X53X53/PairVLQ_x53x53_tWtW_narrow_RH_M1100_TuneCP5_13TeV-madgraph-pythia8/singleLep2017UL/230310_181922/0000/PairVLQ_x53x53_tWtW_narrow_RH_M1100_TuneCP5_13TeV-madgraph-pythia8_99.root
[step1.h] Finished initializing
RUN CONFIG: YEAR = 2017
Era = 
isMC = 1, isSig = 1, SigMass = 4
isHad =0, isSE =0, isSM =0
isTTTT = 0, isXX = 1, isTpTp = 0, isBpBp = 0
For W's: isTT = 0, isSTt = 0, isSTtW = 0
For jets & PDF: isTOP = 0, isMadgraphBkg = 1
For HOTTagger Efficiencies: isTTV = 0, isTTHbb = 0, isTTHnonbb = 0, isTTTX = 0
isTTVV = 0, isST = 0, isTTToSemiLeptonHT500Njet9 = 0
Pileup sample key: PairVLQ_x53x53_tWtW_narrow_RH_M1100_TuneCP5_13TeV-madgraph-pythia8
b-tagging working points: 0.304(DeepJet)0.4506(DeepCSV)
isTTincMtt0to700: 0
isTTincMtt0to1000: 0
isTTincMtt700to1000: 0
isTTincMtt1000toInf: 0
isTTSemilepIncHT0Njet0: 0
isTTSemilepIncHT500Njet9: 0
outTTLF: 0
outTTCC: 0
outTTBB: 0
outTT1B: 0
outTT2B: 0
>> Completed 0 out of 1061 events
[INFO] Defaulting to central deepJet weight for: nominal
>> Completed 1000 out of 1061 events
Nelectrons      = 499 / 1061
Npassed_ElEta   = 499 / 1061
Nmuons          = 562 / 1061
NrelIsoFail     = 0 / 1061
Npassed_MuEta   = 562 / 1061
Npassed_nAK8Jets= 1061 / 1061
Npassed_Trigger = 1027 / 1061
Npassed_MET     = 921 / 1061
Npassed_lepPt   = 952 / 1061
Npassed_HT      = 1057 / 1061
npass_Njets     = 1053 / 1061
Npassed_ALL     = 813 / 1061
>> Available ROOT Files:
-rw-r--r-- 1 fsimpson gridusers 2961541 Apr 24 09:11 PairVLQ_x53x53_tWtW_narrow_RH_M1100_TuneCP5_13TeV-madgraph-pythia8_95nominal.root
-rw-r--r-- 1 fsimpson gridusers 2742344 Apr 24 09:11 PairVLQ_x53x53_tWtW_narrow_RH_M1100_TuneCP5_13TeV-madgraph-pythia8_96nominal.root
-rw-r--r-- 1 fsimpson gridusers 2909293 Apr 24 09:11 PairVLQ_x53x53_tWtW_narrow_RH_M1100_TuneCP5_13TeV-madgraph-pythia8_97nominal.root
-rw-r--r-- 1 fsimpson gridusers 2828215 Apr 24 09:11 PairVLQ_x53x53_tWtW_narrow_RH_M1100_TuneCP5_13TeV-madgraph-pythia8_98nominal.root
-rw-r--r-- 1 fsimpson gridusers 2853605 Apr 24 09:11 PairVLQ_x53x53_tWtW_narrow_RH_M1100_TuneCP5_13TeV-madgraph-pythia8_99nominal.root
>> xrdcp output for condor
hadd Target file: PairVLQ_x53x53_tWtW_narrow_RH_M1100_TuneCP5_13TeV-madgraph-pythia8_6nominal_hadd.root
hadd compression setting for all ouput: 1
hadd Source file 1: PairVLQ_x53x53_tWtW_narrow_RH_M1100_TuneCP5_13TeV-madgraph-pythia8_95nominal.root
hadd Source file 2: PairVLQ_x53x53_tWtW_narrow_RH_M1100_TuneCP5_13TeV-madgraph-pythia8_96nominal.root
hadd Source file 3: PairVLQ_x53x53_tWtW_narrow_RH_M1100_TuneCP5_13TeV-madgraph-pythia8_97nominal.root
hadd Source file 4: PairVLQ_x53x53_tWtW_narrow_RH_M1100_TuneCP5_13TeV-madgraph-pythia8_98nominal.root
hadd Source file 5: PairVLQ_x53x53_tWtW_narrow_RH_M1100_TuneCP5_13TeV-madgraph-pythia8_99nominal.root
hadd Target path: PairVLQ_x53x53_tWtW_narrow_RH_M1100_TuneCP5_13TeV-madgraph-pythia8_6nominal_hadd.root:/
>> mv PairVLQ_x53x53_tWtW_narrow_RH_M1100_TuneCP5_13TeV-madgraph-pythia8_6nominal_hadd.root /isilon/hadoop/store/group/bruxljm/FWLJMET106XUL_singleLep2017UL_RunIISummer20_X53X53_step1/nominal/PairVLQ_x53x53_tWtW_narrow_RH_M1100_TuneCP5_13TeV-madgraph-pythia8/PairVLQ_x53x53_tWtW_narrow_RH_M1100_TuneCP5_13TeV-madgraph-pythia8_6.root
[DONE]
