000 (630098.000.000) 04/24 07:52:01 Job submitted from host: <172.20.3.187:9618?addrs=172.20.3.187-9618&noUDP&sock=2297_2121_3>
...
001 (630098.000.000) 04/24 07:54:12 Job executing on host: <172.20.225.2:9618?addrs=172.20.225.2-9618&noUDP&sock=3424_285d_3>
...
006 (630098.000.000) 04/24 07:54:21 Image size of job updated: 38660
	38  -  MemoryUsage of job (MB)
	38444  -  ResidentSetSize of job (KB)
...
006 (630098.000.000) 04/24 07:59:22 Image size of job updated: 726376
	710  -  MemoryUsage of job (MB)
	726020  -  ResidentSetSize of job (KB)
...
006 (630098.000.000) 04/24 08:04:22 Image size of job updated: 988672
	965  -  MemoryUsage of job (MB)
	988136  -  ResidentSetSize of job (KB)
...
006 (630098.000.000) 04/24 08:09:23 Image size of job updated: 1178300
	1151  -  MemoryUsage of job (MB)
	1177936  -  ResidentSetSize of job (KB)
...
006 (630098.000.000) 04/24 08:14:23 Image size of job updated: 1342272
	1311  -  MemoryUsage of job (MB)
	1341908  -  ResidentSetSize of job (KB)
...
006 (630098.000.000) 04/24 08:19:24 Image size of job updated: 1475692
	1441  -  MemoryUsage of job (MB)
	1475424  -  ResidentSetSize of job (KB)
...
005 (630098.000.000) 04/24 08:22:14 Job terminated.
	(1) Normal termination (return value 0)
		Usr 0 00:25:47, Sys 0 00:01:14  -  Run Remote Usage
		Usr 0 00:00:00, Sys 0 00:00:00  -  Run Local Usage
		Usr 0 00:25:47, Sys 0 00:01:14  -  Total Remote Usage
		Usr 0 00:00:00, Sys 0 00:00:00  -  Total Local Usage
	1715415  -  Run Bytes Sent By Job
	8620734  -  Run Bytes Received By Job
	1715415  -  Total Bytes Sent By Job
	8620734  -  Total Bytes Received By Job
	Partitionable Resources :    Usage  Request Allocated 
	   Cpus                 :     0.98        1         1 
	   Disk (KB)            : 10650       10000 479786084 
	   Memory (MB)          :  1441        6144      8033 
...
000 (630157.000.000) 04/24 08:39:26 Job submitted from host: <172.20.3.187:9618?addrs=172.20.3.187-9618&noUDP&sock=2297_2121_3>
...
001 (630157.000.000) 04/24 08:48:34 Job executing on host: <172.20.225.7:9618?addrs=172.20.225.7-9618&noUDP&sock=3394_9486_3>
...
006 (630157.000.000) 04/24 08:48:45 Image size of job updated: 119024
	108  -  MemoryUsage of job (MB)
	110244  -  ResidentSetSize of job (KB)
...
006 (630157.000.000) 04/24 08:53:44 Image size of job updated: 678056
	662  -  MemoryUsage of job (MB)
	677340  -  ResidentSetSize of job (KB)
...
006 (630157.000.000) 04/24 08:58:44 Image size of job updated: 958156
	935  -  MemoryUsage of job (MB)
	957404  -  ResidentSetSize of job (KB)
...
006 (630157.000.000) 04/24 09:03:45 Image size of job updated: 1162416
	1135  -  MemoryUsage of job (MB)
	1162020  -  ResidentSetSize of job (KB)
...
006 (630157.000.000) 04/24 09:08:45 Image size of job updated: 1335900
	1305  -  MemoryUsage of job (MB)
	1335668  -  ResidentSetSize of job (KB)
...
006 (630157.000.000) 04/24 09:13:46 Image size of job updated: 1484892
	1450  -  MemoryUsage of job (MB)
	1484688  -  ResidentSetSize of job (KB)
...
006 (630157.000.000) 04/24 09:16:50 Image size of job updated: 1639872
	1450  -  MemoryUsage of job (MB)
	1484732  -  ResidentSetSize of job (KB)
...
005 (630157.000.000) 04/24 09:16:51 Job terminated.
	(1) Normal termination (return value 0)
		Usr 0 00:26:18, Sys 0 00:00:36  -  Run Remote Usage
		Usr 0 00:00:00, Sys 0 00:00:00  -  Run Local Usage
		Usr 0 00:26:18, Sys 0 00:00:36  -  Total Remote Usage
		Usr 0 00:00:00, Sys 0 00:00:00  -  Total Local Usage
	1773741  -  Run Bytes Sent By Job
	8620823  -  Run Bytes Received By Job
	1773741  -  Total Bytes Sent By Job
	8620823  -  Total Bytes Received By Job
	Partitionable Resources :    Usage  Request Allocated 
	   Cpus                 :     0.73        1         1 
	   Disk (KB)            : 10707       10000 479738639 
	   Memory (MB)          :  1450        6144      8033 
...
