/isilon/condor/hep108.hep.brown.edu/execute/dir_238698
>> Setting macroDir to PWD

Processing compile_step1.C...
>> Running on BRUX, PairVLQ_x53x53_tWtW_narrow_RH_M700_TuneCP5_13TeV-madgraph-pythia8 stored on BRUX
>> Input file path: /isilon/hadoop/store/group/bruxljm/FWLJMET106XUL_singleLep2017UL_RunIISummer20_X53X53/PairVLQ_x53x53_tWtW_narrow_RH_M700_TuneCP5_13TeV-madgraph-pythia8/singleLep2017UL/230310_182013/0000
>> Running step1 over list: 153 154 155 16 17 18 19 2 20 21 22 23 24 25 26 27 28 29 3 30 31 32 33 34 35 36 37 38 39 4
>> Adding PairVLQ_x53x53_tWtW_narrow_RH_M700_TuneCP5_13TeV-madgraph-pythia8_153.root to the list by reading PairVLQ_x53x53_tWtW_narrow_RH_M700_TuneCP5_13TeV-madgraph-pythia8_153
>> Adding PairVLQ_x53x53_tWtW_narrow_RH_M700_TuneCP5_13TeV-madgraph-pythia8_154.root to the list by reading PairVLQ_x53x53_tWtW_narrow_RH_M700_TuneCP5_13TeV-madgraph-pythia8_154
>> Adding PairVLQ_x53x53_tWtW_narrow_RH_M700_TuneCP5_13TeV-madgraph-pythia8_155.root to the list by reading PairVLQ_x53x53_tWtW_narrow_RH_M700_TuneCP5_13TeV-madgraph-pythia8_155
>> Adding PairVLQ_x53x53_tWtW_narrow_RH_M700_TuneCP5_13TeV-madgraph-pythia8_16.root to the list by reading PairVLQ_x53x53_tWtW_narrow_RH_M700_TuneCP5_13TeV-madgraph-pythia8_16
>> Adding PairVLQ_x53x53_tWtW_narrow_RH_M700_TuneCP5_13TeV-madgraph-pythia8_17.root to the list by reading PairVLQ_x53x53_tWtW_narrow_RH_M700_TuneCP5_13TeV-madgraph-pythia8_17
>> Adding PairVLQ_x53x53_tWtW_narrow_RH_M700_TuneCP5_13TeV-madgraph-pythia8_18.root to the list by reading PairVLQ_x53x53_tWtW_narrow_RH_M700_TuneCP5_13TeV-madgraph-pythia8_18
>> Adding PairVLQ_x53x53_tWtW_narrow_RH_M700_TuneCP5_13TeV-madgraph-pythia8_19.root to the list by reading PairVLQ_x53x53_tWtW_narrow_RH_M700_TuneCP5_13TeV-madgraph-pythia8_19
>> Adding PairVLQ_x53x53_tWtW_narrow_RH_M700_TuneCP5_13TeV-madgraph-pythia8_2.root to the list by reading PairVLQ_x53x53_tWtW_narrow_RH_M700_TuneCP5_13TeV-madgraph-pythia8_2
>> Adding PairVLQ_x53x53_tWtW_narrow_RH_M700_TuneCP5_13TeV-madgraph-pythia8_20.root to the list by reading PairVLQ_x53x53_tWtW_narrow_RH_M700_TuneCP5_13TeV-madgraph-pythia8_20
>> Adding PairVLQ_x53x53_tWtW_narrow_RH_M700_TuneCP5_13TeV-madgraph-pythia8_21.root to the list by reading PairVLQ_x53x53_tWtW_narrow_RH_M700_TuneCP5_13TeV-madgraph-pythia8_21
>> Adding PairVLQ_x53x53_tWtW_narrow_RH_M700_TuneCP5_13TeV-madgraph-pythia8_22.root to the list by reading PairVLQ_x53x53_tWtW_narrow_RH_M700_TuneCP5_13TeV-madgraph-pythia8_22
>> Adding PairVLQ_x53x53_tWtW_narrow_RH_M700_TuneCP5_13TeV-madgraph-pythia8_23.root to the list by reading PairVLQ_x53x53_tWtW_narrow_RH_M700_TuneCP5_13TeV-madgraph-pythia8_23
>> Adding PairVLQ_x53x53_tWtW_narrow_RH_M700_TuneCP5_13TeV-madgraph-pythia8_24.root to the list by reading PairVLQ_x53x53_tWtW_narrow_RH_M700_TuneCP5_13TeV-madgraph-pythia8_24
>> Adding PairVLQ_x53x53_tWtW_narrow_RH_M700_TuneCP5_13TeV-madgraph-pythia8_25.root to the list by reading PairVLQ_x53x53_tWtW_narrow_RH_M700_TuneCP5_13TeV-madgraph-pythia8_25
>> Adding PairVLQ_x53x53_tWtW_narrow_RH_M700_TuneCP5_13TeV-madgraph-pythia8_26.root to the list by reading PairVLQ_x53x53_tWtW_narrow_RH_M700_TuneCP5_13TeV-madgraph-pythia8_26
>> Adding PairVLQ_x53x53_tWtW_narrow_RH_M700_TuneCP5_13TeV-madgraph-pythia8_27.root to the list by reading PairVLQ_x53x53_tWtW_narrow_RH_M700_TuneCP5_13TeV-madgraph-pythia8_27
>> Adding PairVLQ_x53x53_tWtW_narrow_RH_M700_TuneCP5_13TeV-madgraph-pythia8_28.root to the list by reading PairVLQ_x53x53_tWtW_narrow_RH_M700_TuneCP5_13TeV-madgraph-pythia8_28
>> Adding PairVLQ_x53x53_tWtW_narrow_RH_M700_TuneCP5_13TeV-madgraph-pythia8_29.root to the list by reading PairVLQ_x53x53_tWtW_narrow_RH_M700_TuneCP5_13TeV-madgraph-pythia8_29
>> Adding PairVLQ_x53x53_tWtW_narrow_RH_M700_TuneCP5_13TeV-madgraph-pythia8_3.root to the list by reading PairVLQ_x53x53_tWtW_narrow_RH_M700_TuneCP5_13TeV-madgraph-pythia8_3
>> Adding PairVLQ_x53x53_tWtW_narrow_RH_M700_TuneCP5_13TeV-madgraph-pythia8_30.root to the list by reading PairVLQ_x53x53_tWtW_narrow_RH_M700_TuneCP5_13TeV-madgraph-pythia8_30
>> Adding PairVLQ_x53x53_tWtW_narrow_RH_M700_TuneCP5_13TeV-madgraph-pythia8_31.root to the list by reading PairVLQ_x53x53_tWtW_narrow_RH_M700_TuneCP5_13TeV-madgraph-pythia8_31
>> Adding PairVLQ_x53x53_tWtW_narrow_RH_M700_TuneCP5_13TeV-madgraph-pythia8_32.root to the list by reading PairVLQ_x53x53_tWtW_narrow_RH_M700_TuneCP5_13TeV-madgraph-pythia8_32
>> Adding PairVLQ_x53x53_tWtW_narrow_RH_M700_TuneCP5_13TeV-madgraph-pythia8_33.root to the list by reading PairVLQ_x53x53_tWtW_narrow_RH_M700_TuneCP5_13TeV-madgraph-pythia8_33
>> Adding PairVLQ_x53x53_tWtW_narrow_RH_M700_TuneCP5_13TeV-madgraph-pythia8_34.root to the list by reading PairVLQ_x53x53_tWtW_narrow_RH_M700_TuneCP5_13TeV-madgraph-pythia8_34
>> Adding PairVLQ_x53x53_tWtW_narrow_RH_M700_TuneCP5_13TeV-madgraph-pythia8_35.root to the list by reading PairVLQ_x53x53_tWtW_narrow_RH_M700_TuneCP5_13TeV-madgraph-pythia8_35
>> Adding PairVLQ_x53x53_tWtW_narrow_RH_M700_TuneCP5_13TeV-madgraph-pythia8_36.root to the list by reading PairVLQ_x53x53_tWtW_narrow_RH_M700_TuneCP5_13TeV-madgraph-pythia8_36
>> Adding PairVLQ_x53x53_tWtW_narrow_RH_M700_TuneCP5_13TeV-madgraph-pythia8_37.root to the list by reading PairVLQ_x53x53_tWtW_narrow_RH_M700_TuneCP5_13TeV-madgraph-pythia8_37
>> Adding PairVLQ_x53x53_tWtW_narrow_RH_M700_TuneCP5_13TeV-madgraph-pythia8_38.root to the list by reading PairVLQ_x53x53_tWtW_narrow_RH_M700_TuneCP5_13TeV-madgraph-pythia8_38
>> Adding PairVLQ_x53x53_tWtW_narrow_RH_M700_TuneCP5_13TeV-madgraph-pythia8_39.root to the list by reading PairVLQ_x53x53_tWtW_narrow_RH_M700_TuneCP5_13TeV-madgraph-pythia8_39
>> Adding PairVLQ_x53x53_tWtW_narrow_RH_M700_TuneCP5_13TeV-madgraph-pythia8_4.root to the list by reading PairVLQ_x53x53_tWtW_narrow_RH_M700_TuneCP5_13TeV-madgraph-pythia8_4
[OPT] Using deepCSV reshaping file: reshaping_deepCSV_106XUL17_v4.csv
[OPT] Using deepJet reshaping file: reshaping_deepJet_106XUL17_v4.csv

>> Running /isilon/hadoop/store/group/bruxljm/FWLJMET106XUL_singleLep2017UL_RunIISummer20_X53X53/PairVLQ_x53x53_tWtW_narrow_RH_M700_TuneCP5_13TeV-madgraph-pythia8/singleLep2017UL/230310_182013/0000/PairVLQ_x53x53_tWtW_narrow_RH_M700_TuneCP5_13TeV-madgraph-pythia8_153.root for shift: nominal
[step1.h] Opening file: /isilon/hadoop/store/group/bruxljm/FWLJMET106XUL_singleLep2017UL_RunIISummer20_X53X53/PairVLQ_x53x53_tWtW_narrow_RH_M700_TuneCP5_13TeV-madgraph-pythia8/singleLep2017UL/230310_182013/0000/PairVLQ_x53x53_tWtW_narrow_RH_M700_TuneCP5_13TeV-madgraph-pythia8_153.root
[step1.h] Finished initializing
RUN CONFIG: YEAR = 2017
Era = 
isMC = 1, isSig = 1, SigMass = 0
isHad =0, isSE =0, isSM =0
isTTTT = 0, isXX = 1, isTpTp = 0, isBpBp = 0
For W's: isTT = 0, isSTt = 0, isSTtW = 0
For jets & PDF: isTOP = 0, isMadgraphBkg = 1
For HOTTagger Efficiencies: isTTV = 0, isTTHbb = 0, isTTHnonbb = 0, isTTTX = 0
isTTVV = 0, isST = 0, isTTToSemiLeptonHT500Njet9 = 0
Pileup sample key: PairVLQ_x53x53_tWtW_narrow_RH_M700_TuneCP5_13TeV-madgraph-pythia8
b-tagging working points: 0.304(DeepJet)0.4506(DeepCSV)
isTTincMtt0to700: 0
isTTincMtt0to1000: 0
isTTincMtt700to1000: 0
isTTincMtt1000toInf: 0
isTTSemilepIncHT0Njet0: 0
isTTSemilepIncHT500Njet9: 0
outTTLF: 0
outTTCC: 0
outTTBB: 0
outTT1B: 0
outTT2B: 0
>> Completed 0 out of 1033 events
[INFO] Defaulting to central deepJet weight for: nominal
>> Completed 1000 out of 1033 events
Nelectrons      = 487 / 1033
Npassed_ElEta   = 487 / 1033
Nmuons          = 546 / 1033
NrelIsoFail     = 0 / 1033
Npassed_MuEta   = 546 / 1033
Npassed_nAK8Jets= 1033 / 1033
Npassed_Trigger = 1001 / 1033
Npassed_MET     = 780 / 1033
Npassed_lepPt   = 834 / 1033
Npassed_HT      = 999 / 1033
npass_Njets     = 1029 / 1033
Npassed_ALL     = 606 / 1033

>> Running /isilon/hadoop/store/group/bruxljm/FWLJMET106XUL_singleLep2017UL_RunIISummer20_X53X53/PairVLQ_x53x53_tWtW_narrow_RH_M700_TuneCP5_13TeV-madgraph-pythia8/singleLep2017UL/230310_182013/0000/PairVLQ_x53x53_tWtW_narrow_RH_M700_TuneCP5_13TeV-madgraph-pythia8_154.root for shift: nominal
[step1.h] Opening file: /isilon/hadoop/store/group/bruxljm/FWLJMET106XUL_singleLep2017UL_RunIISummer20_X53X53/PairVLQ_x53x53_tWtW_narrow_RH_M700_TuneCP5_13TeV-madgraph-pythia8/singleLep2017UL/230310_182013/0000/PairVLQ_x53x53_tWtW_narrow_RH_M700_TuneCP5_13TeV-madgraph-pythia8_154.root
[step1.h] Finished initializing
RUN CONFIG: YEAR = 2017
Era = 
isMC = 1, isSig = 1, SigMass = 0
isHad =0, isSE =0, isSM =0
isTTTT = 0, isXX = 1, isTpTp = 0, isBpBp = 0
For W's: isTT = 0, isSTt = 0, isSTtW = 0
For jets & PDF: isTOP = 0, isMadgraphBkg = 1
For HOTTagger Efficiencies: isTTV = 0, isTTHbb = 0, isTTHnonbb = 0, isTTTX = 0
isTTVV = 0, isST = 0, isTTToSemiLeptonHT500Njet9 = 0
Pileup sample key: PairVLQ_x53x53_tWtW_narrow_RH_M700_TuneCP5_13TeV-madgraph-pythia8
b-tagging working points: 0.304(DeepJet)0.4506(DeepCSV)
isTTincMtt0to700: 0
isTTincMtt0to1000: 0
isTTincMtt700to1000: 0
isTTincMtt1000toInf: 0
isTTSemilepIncHT0Njet0: 0
isTTSemilepIncHT500Njet9: 0
outTTLF: 0
outTTCC: 0
outTTBB: 0
outTT1B: 0
outTT2B: 0
>> Completed 0 out of 1014 events
[INFO] Defaulting to central deepJet weight for: nominal
>> Completed 1000 out of 1014 events
Nelectrons      = 469 / 1014
Npassed_ElEta   = 469 / 1014
Nmuons          = 545 / 1014
NrelIsoFail     = 0 / 1014
Npassed_MuEta   = 545 / 1014
Npassed_nAK8Jets= 1014 / 1014
Npassed_Trigger = 974 / 1014
Npassed_MET     = 771 / 1014
Npassed_lepPt   = 817 / 1014
Npassed_HT      = 995 / 1014
npass_Njets     = 1010 / 1014
Npassed_ALL     = 604 / 1014

>> Running /isilon/hadoop/store/group/bruxljm/FWLJMET106XUL_singleLep2017UL_RunIISummer20_X53X53/PairVLQ_x53x53_tWtW_narrow_RH_M700_TuneCP5_13TeV-madgraph-pythia8/singleLep2017UL/230310_182013/0000/PairVLQ_x53x53_tWtW_narrow_RH_M700_TuneCP5_13TeV-madgraph-pythia8_155.root for shift: nominal
[step1.h] Opening file: /isilon/hadoop/store/group/bruxljm/FWLJMET106XUL_singleLep2017UL_RunIISummer20_X53X53/PairVLQ_x53x53_tWtW_narrow_RH_M700_TuneCP5_13TeV-madgraph-pythia8/singleLep2017UL/230310_182013/0000/PairVLQ_x53x53_tWtW_narrow_RH_M700_TuneCP5_13TeV-madgraph-pythia8_155.root
[step1.h] Finished initializing
RUN CONFIG: YEAR = 2017
Era = 
isMC = 1, isSig = 1, SigMass = 0
isHad =0, isSE =0, isSM =0
isTTTT = 0, isXX = 1, isTpTp = 0, isBpBp = 0
For W's: isTT = 0, isSTt = 0, isSTtW = 0
For jets & PDF: isTOP = 0, isMadgraphBkg = 1
For HOTTagger Efficiencies: isTTV = 0, isTTHbb = 0, isTTHnonbb = 0, isTTTX = 0
isTTVV = 0, isST = 0, isTTToSemiLeptonHT500Njet9 = 0
Pileup sample key: PairVLQ_x53x53_tWtW_narrow_RH_M700_TuneCP5_13TeV-madgraph-pythia8
b-tagging working points: 0.304(DeepJet)0.4506(DeepCSV)
isTTincMtt0to700: 0
isTTincMtt0to1000: 0
isTTincMtt700to1000: 0
isTTincMtt1000toInf: 0
isTTSemilepIncHT0Njet0: 0
isTTSemilepIncHT500Njet9: 0
outTTLF: 0
outTTCC: 0
outTTBB: 0
outTT1B: 0
outTT2B: 0
>> Completed 0 out of 995 events
[INFO] Defaulting to central deepJet weight for: nominal
Nelectrons      = 466 / 995
Npassed_ElEta   = 466 / 995
Nmuons          = 529 / 995
NrelIsoFail     = 0 / 995
Npassed_MuEta   = 529 / 995
Npassed_nAK8Jets= 995 / 995
Npassed_Trigger = 961 / 995
Npassed_MET     = 767 / 995
Npassed_lepPt   = 825 / 995
Npassed_HT      = 966 / 995
npass_Njets     = 993 / 995
Npassed_ALL     = 612 / 995

>> Running /isilon/hadoop/store/group/bruxljm/FWLJMET106XUL_singleLep2017UL_RunIISummer20_X53X53/PairVLQ_x53x53_tWtW_narrow_RH_M700_TuneCP5_13TeV-madgraph-pythia8/singleLep2017UL/230310_182013/0000/PairVLQ_x53x53_tWtW_narrow_RH_M700_TuneCP5_13TeV-madgraph-pythia8_16.root for shift: nominal
[step1.h] Opening file: /isilon/hadoop/store/group/bruxljm/FWLJMET106XUL_singleLep2017UL_RunIISummer20_X53X53/PairVLQ_x53x53_tWtW_narrow_RH_M700_TuneCP5_13TeV-madgraph-pythia8/singleLep2017UL/230310_182013/0000/PairVLQ_x53x53_tWtW_narrow_RH_M700_TuneCP5_13TeV-madgraph-pythia8_16.root
[step1.h] Finished initializing
RUN CONFIG: YEAR = 2017
Era = 
isMC = 1, isSig = 1, SigMass = 0
isHad =0, isSE =0, isSM =0
isTTTT = 0, isXX = 1, isTpTp = 0, isBpBp = 0
For W's: isTT = 0, isSTt = 0, isSTtW = 0
For jets & PDF: isTOP = 0, isMadgraphBkg = 1
For HOTTagger Efficiencies: isTTV = 0, isTTHbb = 0, isTTHnonbb = 0, isTTTX = 0
isTTVV = 0, isST = 0, isTTToSemiLeptonHT500Njet9 = 0
Pileup sample key: PairVLQ_x53x53_tWtW_narrow_RH_M700_TuneCP5_13TeV-madgraph-pythia8
b-tagging working points: 0.304(DeepJet)0.4506(DeepCSV)
isTTincMtt0to700: 0
isTTincMtt0to1000: 0
isTTincMtt700to1000: 0
isTTincMtt1000toInf: 0
isTTSemilepIncHT0Njet0: 0
isTTSemilepIncHT500Njet9: 0
outTTLF: 0
outTTCC: 0
outTTBB: 0
outTT1B: 0
outTT2B: 0
>> Completed 0 out of 515 events
[INFO] Defaulting to central deepJet weight for: nominal
Nelectrons      = 239 / 515
Npassed_ElEta   = 239 / 515
Nmuons          = 276 / 515
NrelIsoFail     = 0 / 515
Npassed_MuEta   = 276 / 515
Npassed_nAK8Jets= 515 / 515
Npassed_Trigger = 496 / 515
Npassed_MET     = 400 / 515
Npassed_lepPt   = 404 / 515
Npassed_HT      = 507 / 515
npass_Njets     = 514 / 515
Npassed_ALL     = 308 / 515

>> Running /isilon/hadoop/store/group/bruxljm/FWLJMET106XUL_singleLep2017UL_RunIISummer20_X53X53/PairVLQ_x53x53_tWtW_narrow_RH_M700_TuneCP5_13TeV-madgraph-pythia8/singleLep2017UL/230310_182013/0000/PairVLQ_x53x53_tWtW_narrow_RH_M700_TuneCP5_13TeV-madgraph-pythia8_17.root for shift: nominal
[step1.h] Opening file: /isilon/hadoop/store/group/bruxljm/FWLJMET106XUL_singleLep2017UL_RunIISummer20_X53X53/PairVLQ_x53x53_tWtW_narrow_RH_M700_TuneCP5_13TeV-madgraph-pythia8/singleLep2017UL/230310_182013/0000/PairVLQ_x53x53_tWtW_narrow_RH_M700_TuneCP5_13TeV-madgraph-pythia8_17.root
[step1.h] Finished initializing
RUN CONFIG: YEAR = 2017
Era = 
isMC = 1, isSig = 1, SigMass = 0
isHad =0, isSE =0, isSM =0
isTTTT = 0, isXX = 1, isTpTp = 0, isBpBp = 0
For W's: isTT = 0, isSTt = 0, isSTtW = 0
For jets & PDF: isTOP = 0, isMadgraphBkg = 1
For HOTTagger Efficiencies: isTTV = 0, isTTHbb = 0, isTTHnonbb = 0, isTTTX = 0
isTTVV = 0, isST = 0, isTTToSemiLeptonHT500Njet9 = 0
Pileup sample key: PairVLQ_x53x53_tWtW_narrow_RH_M700_TuneCP5_13TeV-madgraph-pythia8
b-tagging working points: 0.304(DeepJet)0.4506(DeepCSV)
isTTincMtt0to700: 0
isTTincMtt0to1000: 0
isTTincMtt700to1000: 0
isTTincMtt1000toInf: 0
isTTSemilepIncHT0Njet0: 0
isTTSemilepIncHT500Njet9: 0
outTTLF: 0
outTTCC: 0
outTTBB: 0
outTT1B: 0
outTT2B: 0
>> Completed 0 out of 1008 events
[INFO] Defaulting to central deepJet weight for: nominal
>> Completed 1000 out of 1008 events
Nelectrons      = 469 / 1008
Npassed_ElEta   = 469 / 1008
Nmuons          = 539 / 1008
NrelIsoFail     = 0 / 1008
Npassed_MuEta   = 539 / 1008
Npassed_nAK8Jets= 1008 / 1008
Npassed_Trigger = 967 / 1008
Npassed_MET     = 777 / 1008
Npassed_lepPt   = 828 / 1008
Npassed_HT      = 978 / 1008
npass_Njets     = 1004 / 1008
Npassed_ALL     = 617 / 1008

>> Running /isilon/hadoop/store/group/bruxljm/FWLJMET106XUL_singleLep2017UL_RunIISummer20_X53X53/PairVLQ_x53x53_tWtW_narrow_RH_M700_TuneCP5_13TeV-madgraph-pythia8/singleLep2017UL/230310_182013/0000/PairVLQ_x53x53_tWtW_narrow_RH_M700_TuneCP5_13TeV-madgraph-pythia8_18.root for shift: nominal
[step1.h] Opening file: /isilon/hadoop/store/group/bruxljm/FWLJMET106XUL_singleLep2017UL_RunIISummer20_X53X53/PairVLQ_x53x53_tWtW_narrow_RH_M700_TuneCP5_13TeV-madgraph-pythia8/singleLep2017UL/230310_182013/0000/PairVLQ_x53x53_tWtW_narrow_RH_M700_TuneCP5_13TeV-madgraph-pythia8_18.root
[step1.h] Finished initializing
RUN CONFIG: YEAR = 2017
Era = 
isMC = 1, isSig = 1, SigMass = 0
isHad =0, isSE =0, isSM =0
isTTTT = 0, isXX = 1, isTpTp = 0, isBpBp = 0
For W's: isTT = 0, isSTt = 0, isSTtW = 0
For jets & PDF: isTOP = 0, isMadgraphBkg = 1
For HOTTagger Efficiencies: isTTV = 0, isTTHbb = 0, isTTHnonbb = 0, isTTTX = 0
isTTVV = 0, isST = 0, isTTToSemiLeptonHT500Njet9 = 0
Pileup sample key: PairVLQ_x53x53_tWtW_narrow_RH_M700_TuneCP5_13TeV-madgraph-pythia8
b-tagging working points: 0.304(DeepJet)0.4506(DeepCSV)
isTTincMtt0to700: 0
isTTincMtt0to1000: 0
isTTincMtt700to1000: 0
isTTincMtt1000toInf: 0
isTTSemilepIncHT0Njet0: 0
isTTSemilepIncHT500Njet9: 0
outTTLF: 0
outTTCC: 0
outTTBB: 0
outTT1B: 0
outTT2B: 0
>> Completed 0 out of 480 events
[INFO] Defaulting to central deepJet weight for: nominal
Nelectrons      = 204 / 480
Npassed_ElEta   = 204 / 480
Nmuons          = 276 / 480
NrelIsoFail     = 0 / 480
Npassed_MuEta   = 276 / 480
Npassed_nAK8Jets= 480 / 480
Npassed_Trigger = 463 / 480
Npassed_MET     = 371 / 480
Npassed_lepPt   = 404 / 480
Npassed_HT      = 463 / 480
npass_Njets     = 479 / 480
Npassed_ALL     = 300 / 480

>> Running /isilon/hadoop/store/group/bruxljm/FWLJMET106XUL_singleLep2017UL_RunIISummer20_X53X53/PairVLQ_x53x53_tWtW_narrow_RH_M700_TuneCP5_13TeV-madgraph-pythia8/singleLep2017UL/230310_182013/0000/PairVLQ_x53x53_tWtW_narrow_RH_M700_TuneCP5_13TeV-madgraph-pythia8_19.root for shift: nominal
[step1.h] Opening file: /isilon/hadoop/store/group/bruxljm/FWLJMET106XUL_singleLep2017UL_RunIISummer20_X53X53/PairVLQ_x53x53_tWtW_narrow_RH_M700_TuneCP5_13TeV-madgraph-pythia8/singleLep2017UL/230310_182013/0000/PairVLQ_x53x53_tWtW_narrow_RH_M700_TuneCP5_13TeV-madgraph-pythia8_19.root
[step1.h] Finished initializing
RUN CONFIG: YEAR = 2017
Era = 
isMC = 1, isSig = 1, SigMass = 0
isHad =0, isSE =0, isSM =0
isTTTT = 0, isXX = 1, isTpTp = 0, isBpBp = 0
For W's: isTT = 0, isSTt = 0, isSTtW = 0
For jets & PDF: isTOP = 0, isMadgraphBkg = 1
For HOTTagger Efficiencies: isTTV = 0, isTTHbb = 0, isTTHnonbb = 0, isTTTX = 0
isTTVV = 0, isST = 0, isTTToSemiLeptonHT500Njet9 = 0
Pileup sample key: PairVLQ_x53x53_tWtW_narrow_RH_M700_TuneCP5_13TeV-madgraph-pythia8
b-tagging working points: 0.304(DeepJet)0.4506(DeepCSV)
isTTincMtt0to700: 0
isTTincMtt0to1000: 0
isTTincMtt700to1000: 0
isTTincMtt1000toInf: 0
isTTSemilepIncHT0Njet0: 0
isTTSemilepIncHT500Njet9: 0
outTTLF: 0
outTTCC: 0
outTTBB: 0
outTT1B: 0
outTT2B: 0
>> Completed 0 out of 1044 events
[INFO] Defaulting to central deepJet weight for: nominal
>> Completed 1000 out of 1044 events
Nelectrons      = 501 / 1044
Npassed_ElEta   = 501 / 1044
Nmuons          = 543 / 1044
NrelIsoFail     = 0 / 1044
Npassed_MuEta   = 543 / 1044
Npassed_nAK8Jets= 1044 / 1044
Npassed_Trigger = 1005 / 1044
Npassed_MET     = 808 / 1044
Npassed_lepPt   = 836 / 1044
Npassed_HT      = 1015 / 1044
npass_Njets     = 1040 / 1044
Npassed_ALL     = 624 / 1044

>> Running /isilon/hadoop/store/group/bruxljm/FWLJMET106XUL_singleLep2017UL_RunIISummer20_X53X53/PairVLQ_x53x53_tWtW_narrow_RH_M700_TuneCP5_13TeV-madgraph-pythia8/singleLep2017UL/230310_182013/0000/PairVLQ_x53x53_tWtW_narrow_RH_M700_TuneCP5_13TeV-madgraph-pythia8_2.root for shift: nominal
[step1.h] Opening file: /isilon/hadoop/store/group/bruxljm/FWLJMET106XUL_singleLep2017UL_RunIISummer20_X53X53/PairVLQ_x53x53_tWtW_narrow_RH_M700_TuneCP5_13TeV-madgraph-pythia8/singleLep2017UL/230310_182013/0000/PairVLQ_x53x53_tWtW_narrow_RH_M700_TuneCP5_13TeV-madgraph-pythia8_2.root
[step1.h] Finished initializing
RUN CONFIG: YEAR = 2017
Era = 
isMC = 1, isSig = 1, SigMass = 0
isHad =0, isSE =0, isSM =0
isTTTT = 0, isXX = 1, isTpTp = 0, isBpBp = 0
For W's: isTT = 0, isSTt = 0, isSTtW = 0
For jets & PDF: isTOP = 0, isMadgraphBkg = 1
For HOTTagger Efficiencies: isTTV = 0, isTTHbb = 0, isTTHnonbb = 0, isTTTX = 0
isTTVV = 0, isST = 0, isTTToSemiLeptonHT500Njet9 = 0
Pileup sample key: PairVLQ_x53x53_tWtW_narrow_RH_M700_TuneCP5_13TeV-madgraph-pythia8
b-tagging working points: 0.304(DeepJet)0.4506(DeepCSV)
isTTincMtt0to700: 0
isTTincMtt0to1000: 0
isTTincMtt700to1000: 0
isTTincMtt1000toInf: 0
isTTSemilepIncHT0Njet0: 0
isTTSemilepIncHT500Njet9: 0
outTTLF: 0
outTTCC: 0
outTTBB: 0
outTT1B: 0
outTT2B: 0
>> Completed 0 out of 1039 events
[INFO] Defaulting to central deepJet weight for: nominal
>> Completed 1000 out of 1039 events
Nelectrons      = 497 / 1039
Npassed_ElEta   = 497 / 1039
Nmuons          = 542 / 1039
NrelIsoFail     = 0 / 1039
Npassed_MuEta   = 542 / 1039
Npassed_nAK8Jets= 1039 / 1039
Npassed_Trigger = 1004 / 1039
Npassed_MET     = 778 / 1039
Npassed_lepPt   = 813 / 1039
Npassed_HT      = 1005 / 1039
npass_Njets     = 1031 / 1039
Npassed_ALL     = 582 / 1039

>> Running /isilon/hadoop/store/group/bruxljm/FWLJMET106XUL_singleLep2017UL_RunIISummer20_X53X53/PairVLQ_x53x53_tWtW_narrow_RH_M700_TuneCP5_13TeV-madgraph-pythia8/singleLep2017UL/230310_182013/0000/PairVLQ_x53x53_tWtW_narrow_RH_M700_TuneCP5_13TeV-madgraph-pythia8_20.root for shift: nominal
[step1.h] Opening file: /isilon/hadoop/store/group/bruxljm/FWLJMET106XUL_singleLep2017UL_RunIISummer20_X53X53/PairVLQ_x53x53_tWtW_narrow_RH_M700_TuneCP5_13TeV-madgraph-pythia8/singleLep2017UL/230310_182013/0000/PairVLQ_x53x53_tWtW_narrow_RH_M700_TuneCP5_13TeV-madgraph-pythia8_20.root
[step1.h] Finished initializing
RUN CONFIG: YEAR = 2017
Era = 
isMC = 1, isSig = 1, SigMass = 0
isHad =0, isSE =0, isSM =0
isTTTT = 0, isXX = 1, isTpTp = 0, isBpBp = 0
For W's: isTT = 0, isSTt = 0, isSTtW = 0
For jets & PDF: isTOP = 0, isMadgraphBkg = 1
For HOTTagger Efficiencies: isTTV = 0, isTTHbb = 0, isTTHnonbb = 0, isTTTX = 0
isTTVV = 0, isST = 0, isTTToSemiLeptonHT500Njet9 = 0
Pileup sample key: PairVLQ_x53x53_tWtW_narrow_RH_M700_TuneCP5_13TeV-madgraph-pythia8
b-tagging working points: 0.304(DeepJet)0.4506(DeepCSV)
isTTincMtt0to700: 0
isTTincMtt0to1000: 0
isTTincMtt700to1000: 0
isTTincMtt1000toInf: 0
isTTSemilepIncHT0Njet0: 0
isTTSemilepIncHT500Njet9: 0
outTTLF: 0
outTTCC: 0
outTTBB: 0
outTT1B: 0
outTT2B: 0
>> Completed 0 out of 1027 events
[INFO] Defaulting to central deepJet weight for: nominal
>> Completed 1000 out of 1027 events
Nelectrons      = 483 / 1027
Npassed_ElEta   = 483 / 1027
Nmuons          = 544 / 1027
NrelIsoFail     = 0 / 1027
Npassed_MuEta   = 544 / 1027
Npassed_nAK8Jets= 1027 / 1027
Npassed_Trigger = 997 / 1027
Npassed_MET     = 777 / 1027
Npassed_lepPt   = 848 / 1027
Npassed_HT      = 992 / 1027
npass_Njets     = 1021 / 1027
Npassed_ALL     = 607 / 1027

>> Running /isilon/hadoop/store/group/bruxljm/FWLJMET106XUL_singleLep2017UL_RunIISummer20_X53X53/PairVLQ_x53x53_tWtW_narrow_RH_M700_TuneCP5_13TeV-madgraph-pythia8/singleLep2017UL/230310_182013/0000/PairVLQ_x53x53_tWtW_narrow_RH_M700_TuneCP5_13TeV-madgraph-pythia8_21.root for shift: nominal
[step1.h] Opening file: /isilon/hadoop/store/group/bruxljm/FWLJMET106XUL_singleLep2017UL_RunIISummer20_X53X53/PairVLQ_x53x53_tWtW_narrow_RH_M700_TuneCP5_13TeV-madgraph-pythia8/singleLep2017UL/230310_182013/0000/PairVLQ_x53x53_tWtW_narrow_RH_M700_TuneCP5_13TeV-madgraph-pythia8_21.root
[step1.h] Finished initializing
RUN CONFIG: YEAR = 2017
Era = 
isMC = 1, isSig = 1, SigMass = 0
isHad =0, isSE =0, isSM =0
isTTTT = 0, isXX = 1, isTpTp = 0, isBpBp = 0
For W's: isTT = 0, isSTt = 0, isSTtW = 0
For jets & PDF: isTOP = 0, isMadgraphBkg = 1
For HOTTagger Efficiencies: isTTV = 0, isTTHbb = 0, isTTHnonbb = 0, isTTTX = 0
isTTVV = 0, isST = 0, isTTToSemiLeptonHT500Njet9 = 0
Pileup sample key: PairVLQ_x53x53_tWtW_narrow_RH_M700_TuneCP5_13TeV-madgraph-pythia8
b-tagging working points: 0.304(DeepJet)0.4506(DeepCSV)
isTTincMtt0to700: 0
isTTincMtt0to1000: 0
isTTincMtt700to1000: 0
isTTincMtt1000toInf: 0
isTTSemilepIncHT0Njet0: 0
isTTSemilepIncHT500Njet9: 0
outTTLF: 0
outTTCC: 0
outTTBB: 0
outTT1B: 0
outTT2B: 0
>> Completed 0 out of 1009 events
[INFO] Defaulting to central deepJet weight for: nominal
>> Completed 1000 out of 1009 events
Nelectrons      = 491 / 1009
Npassed_ElEta   = 491 / 1009
Nmuons          = 518 / 1009
NrelIsoFail     = 0 / 1009
Npassed_MuEta   = 518 / 1009
Npassed_nAK8Jets= 1009 / 1009
Npassed_Trigger = 958 / 1009
Npassed_MET     = 778 / 1009
Npassed_lepPt   = 830 / 1009
Npassed_HT      = 990 / 1009
npass_Njets     = 1007 / 1009
Npassed_ALL     = 622 / 1009

>> Running /isilon/hadoop/store/group/bruxljm/FWLJMET106XUL_singleLep2017UL_RunIISummer20_X53X53/PairVLQ_x53x53_tWtW_narrow_RH_M700_TuneCP5_13TeV-madgraph-pythia8/singleLep2017UL/230310_182013/0000/PairVLQ_x53x53_tWtW_narrow_RH_M700_TuneCP5_13TeV-madgraph-pythia8_22.root for shift: nominal
[step1.h] Opening file: /isilon/hadoop/store/group/bruxljm/FWLJMET106XUL_singleLep2017UL_RunIISummer20_X53X53/PairVLQ_x53x53_tWtW_narrow_RH_M700_TuneCP5_13TeV-madgraph-pythia8/singleLep2017UL/230310_182013/0000/PairVLQ_x53x53_tWtW_narrow_RH_M700_TuneCP5_13TeV-madgraph-pythia8_22.root
[step1.h] Finished initializing
RUN CONFIG: YEAR = 2017
Era = 
isMC = 1, isSig = 1, SigMass = 0
isHad =0, isSE =0, isSM =0
isTTTT = 0, isXX = 1, isTpTp = 0, isBpBp = 0
For W's: isTT = 0, isSTt = 0, isSTtW = 0
For jets & PDF: isTOP = 0, isMadgraphBkg = 1
For HOTTagger Efficiencies: isTTV = 0, isTTHbb = 0, isTTHnonbb = 0, isTTTX = 0
isTTVV = 0, isST = 0, isTTToSemiLeptonHT500Njet9 = 0
Pileup sample key: PairVLQ_x53x53_tWtW_narrow_RH_M700_TuneCP5_13TeV-madgraph-pythia8
b-tagging working points: 0.304(DeepJet)0.4506(DeepCSV)
isTTincMtt0to700: 0
isTTincMtt0to1000: 0
isTTincMtt700to1000: 0
isTTincMtt1000toInf: 0
isTTSemilepIncHT0Njet0: 0
isTTSemilepIncHT500Njet9: 0
outTTLF: 0
outTTCC: 0
outTTBB: 0
outTT1B: 0
outTT2B: 0
>> Completed 0 out of 1013 events
[INFO] Defaulting to central deepJet weight for: nominal
>> Completed 1000 out of 1013 events
Nelectrons      = 480 / 1013
Npassed_ElEta   = 480 / 1013
Nmuons          = 533 / 1013
NrelIsoFail     = 0 / 1013
Npassed_MuEta   = 533 / 1013
Npassed_nAK8Jets= 1013 / 1013
Npassed_Trigger = 974 / 1013
Npassed_MET     = 765 / 1013
Npassed_lepPt   = 829 / 1013
Npassed_HT      = 996 / 1013
npass_Njets     = 1011 / 1013
Npassed_ALL     = 611 / 1013

>> Running /isilon/hadoop/store/group/bruxljm/FWLJMET106XUL_singleLep2017UL_RunIISummer20_X53X53/PairVLQ_x53x53_tWtW_narrow_RH_M700_TuneCP5_13TeV-madgraph-pythia8/singleLep2017UL/230310_182013/0000/PairVLQ_x53x53_tWtW_narrow_RH_M700_TuneCP5_13TeV-madgraph-pythia8_23.root for shift: nominal
[step1.h] Opening file: /isilon/hadoop/store/group/bruxljm/FWLJMET106XUL_singleLep2017UL_RunIISummer20_X53X53/PairVLQ_x53x53_tWtW_narrow_RH_M700_TuneCP5_13TeV-madgraph-pythia8/singleLep2017UL/230310_182013/0000/PairVLQ_x53x53_tWtW_narrow_RH_M700_TuneCP5_13TeV-madgraph-pythia8_23.root
[step1.h] Finished initializing
RUN CONFIG: YEAR = 2017
Era = 
isMC = 1, isSig = 1, SigMass = 0
isHad =0, isSE =0, isSM =0
isTTTT = 0, isXX = 1, isTpTp = 0, isBpBp = 0
For W's: isTT = 0, isSTt = 0, isSTtW = 0
For jets & PDF: isTOP = 0, isMadgraphBkg = 1
For HOTTagger Efficiencies: isTTV = 0, isTTHbb = 0, isTTHnonbb = 0, isTTTX = 0
isTTVV = 0, isST = 0, isTTToSemiLeptonHT500Njet9 = 0
Pileup sample key: PairVLQ_x53x53_tWtW_narrow_RH_M700_TuneCP5_13TeV-madgraph-pythia8
b-tagging working points: 0.304(DeepJet)0.4506(DeepCSV)
isTTincMtt0to700: 0
isTTincMtt0to1000: 0
isTTincMtt700to1000: 0
isTTincMtt1000toInf: 0
isTTSemilepIncHT0Njet0: 0
isTTSemilepIncHT500Njet9: 0
outTTLF: 0
outTTCC: 0
outTTBB: 0
outTT1B: 0
outTT2B: 0
>> Completed 0 out of 996 events
[INFO] Defaulting to central deepJet weight for: nominal
Nelectrons      = 490 / 996
Npassed_ElEta   = 490 / 996
Nmuons          = 506 / 996
NrelIsoFail     = 0 / 996
Npassed_MuEta   = 506 / 996
Npassed_nAK8Jets= 996 / 996
Npassed_Trigger = 954 / 996
Npassed_MET     = 759 / 996
Npassed_lepPt   = 796 / 996
Npassed_HT      = 966 / 996
npass_Njets     = 994 / 996
Npassed_ALL     = 584 / 996

>> Running /isilon/hadoop/store/group/bruxljm/FWLJMET106XUL_singleLep2017UL_RunIISummer20_X53X53/PairVLQ_x53x53_tWtW_narrow_RH_M700_TuneCP5_13TeV-madgraph-pythia8/singleLep2017UL/230310_182013/0000/PairVLQ_x53x53_tWtW_narrow_RH_M700_TuneCP5_13TeV-madgraph-pythia8_24.root for shift: nominal
[step1.h] Opening file: /isilon/hadoop/store/group/bruxljm/FWLJMET106XUL_singleLep2017UL_RunIISummer20_X53X53/PairVLQ_x53x53_tWtW_narrow_RH_M700_TuneCP5_13TeV-madgraph-pythia8/singleLep2017UL/230310_182013/0000/PairVLQ_x53x53_tWtW_narrow_RH_M700_TuneCP5_13TeV-madgraph-pythia8_24.root
[step1.h] Finished initializing
RUN CONFIG: YEAR = 2017
Era = 
isMC = 1, isSig = 1, SigMass = 0
isHad =0, isSE =0, isSM =0
isTTTT = 0, isXX = 1, isTpTp = 0, isBpBp = 0
For W's: isTT = 0, isSTt = 0, isSTtW = 0
For jets & PDF: isTOP = 0, isMadgraphBkg = 1
For HOTTagger Efficiencies: isTTV = 0, isTTHbb = 0, isTTHnonbb = 0, isTTTX = 0
isTTVV = 0, isST = 0, isTTToSemiLeptonHT500Njet9 = 0
Pileup sample key: PairVLQ_x53x53_tWtW_narrow_RH_M700_TuneCP5_13TeV-madgraph-pythia8
b-tagging working points: 0.304(DeepJet)0.4506(DeepCSV)
isTTincMtt0to700: 0
isTTincMtt0to1000: 0
isTTincMtt700to1000: 0
isTTincMtt1000toInf: 0
isTTSemilepIncHT0Njet0: 0
isTTSemilepIncHT500Njet9: 0
outTTLF: 0
outTTCC: 0
outTTBB: 0
outTT1B: 0
outTT2B: 0
>> Completed 0 out of 985 events
[INFO] Defaulting to central deepJet weight for: nominal
Nelectrons      = 450 / 985
Npassed_ElEta   = 450 / 985
Nmuons          = 535 / 985
NrelIsoFail     = 0 / 985
Npassed_MuEta   = 535 / 985
Npassed_nAK8Jets= 985 / 985
Npassed_Trigger = 948 / 985
Npassed_MET     = 749 / 985
Npassed_lepPt   = 803 / 985
Npassed_HT      = 961 / 985
npass_Njets     = 980 / 985
Npassed_ALL     = 601 / 985

>> Running /isilon/hadoop/store/group/bruxljm/FWLJMET106XUL_singleLep2017UL_RunIISummer20_X53X53/PairVLQ_x53x53_tWtW_narrow_RH_M700_TuneCP5_13TeV-madgraph-pythia8/singleLep2017UL/230310_182013/0000/PairVLQ_x53x53_tWtW_narrow_RH_M700_TuneCP5_13TeV-madgraph-pythia8_25.root for shift: nominal
[step1.h] Opening file: /isilon/hadoop/store/group/bruxljm/FWLJMET106XUL_singleLep2017UL_RunIISummer20_X53X53/PairVLQ_x53x53_tWtW_narrow_RH_M700_TuneCP5_13TeV-madgraph-pythia8/singleLep2017UL/230310_182013/0000/PairVLQ_x53x53_tWtW_narrow_RH_M700_TuneCP5_13TeV-madgraph-pythia8_25.root
[step1.h] Finished initializing
RUN CONFIG: YEAR = 2017
Era = 
isMC = 1, isSig = 1, SigMass = 0
isHad =0, isSE =0, isSM =0
isTTTT = 0, isXX = 1, isTpTp = 0, isBpBp = 0
For W's: isTT = 0, isSTt = 0, isSTtW = 0
For jets & PDF: isTOP = 0, isMadgraphBkg = 1
For HOTTagger Efficiencies: isTTV = 0, isTTHbb = 0, isTTHnonbb = 0, isTTTX = 0
isTTVV = 0, isST = 0, isTTToSemiLeptonHT500Njet9 = 0
Pileup sample key: PairVLQ_x53x53_tWtW_narrow_RH_M700_TuneCP5_13TeV-madgraph-pythia8
b-tagging working points: 0.304(DeepJet)0.4506(DeepCSV)
isTTincMtt0to700: 0
isTTincMtt0to1000: 0
isTTincMtt700to1000: 0
isTTincMtt1000toInf: 0
isTTSemilepIncHT0Njet0: 0
isTTSemilepIncHT500Njet9: 0
outTTLF: 0
outTTCC: 0
outTTBB: 0
outTT1B: 0
outTT2B: 0
>> Completed 0 out of 1068 events
[INFO] Defaulting to central deepJet weight for: nominal
>> Completed 1000 out of 1068 events
Nelectrons      = 531 / 1068
Npassed_ElEta   = 531 / 1068
Nmuons          = 537 / 1068
NrelIsoFail     = 0 / 1068
Npassed_MuEta   = 537 / 1068
Npassed_nAK8Jets= 1068 / 1068
Npassed_Trigger = 1022 / 1068
Npassed_MET     = 825 / 1068
Npassed_lepPt   = 885 / 1068
Npassed_HT      = 1044 / 1068
npass_Njets     = 1064 / 1068
Npassed_ALL     = 658 / 1068

>> Running /isilon/hadoop/store/group/bruxljm/FWLJMET106XUL_singleLep2017UL_RunIISummer20_X53X53/PairVLQ_x53x53_tWtW_narrow_RH_M700_TuneCP5_13TeV-madgraph-pythia8/singleLep2017UL/230310_182013/0000/PairVLQ_x53x53_tWtW_narrow_RH_M700_TuneCP5_13TeV-madgraph-pythia8_26.root for shift: nominal
[step1.h] Opening file: /isilon/hadoop/store/group/bruxljm/FWLJMET106XUL_singleLep2017UL_RunIISummer20_X53X53/PairVLQ_x53x53_tWtW_narrow_RH_M700_TuneCP5_13TeV-madgraph-pythia8/singleLep2017UL/230310_182013/0000/PairVLQ_x53x53_tWtW_narrow_RH_M700_TuneCP5_13TeV-madgraph-pythia8_26.root
[step1.h] Finished initializing
RUN CONFIG: YEAR = 2017
Era = 
isMC = 1, isSig = 1, SigMass = 0
isHad =0, isSE =0, isSM =0
isTTTT = 0, isXX = 1, isTpTp = 0, isBpBp = 0
For W's: isTT = 0, isSTt = 0, isSTtW = 0
For jets & PDF: isTOP = 0, isMadgraphBkg = 1
For HOTTagger Efficiencies: isTTV = 0, isTTHbb = 0, isTTHnonbb = 0, isTTTX = 0
isTTVV = 0, isST = 0, isTTToSemiLeptonHT500Njet9 = 0
Pileup sample key: PairVLQ_x53x53_tWtW_narrow_RH_M700_TuneCP5_13TeV-madgraph-pythia8
b-tagging working points: 0.304(DeepJet)0.4506(DeepCSV)
isTTincMtt0to700: 0
isTTincMtt0to1000: 0
isTTincMtt700to1000: 0
isTTincMtt1000toInf: 0
isTTSemilepIncHT0Njet0: 0
isTTSemilepIncHT500Njet9: 0
outTTLF: 0
outTTCC: 0
outTTBB: 0
outTT1B: 0
outTT2B: 0
>> Completed 0 out of 1016 events
[INFO] Defaulting to central deepJet weight for: nominal
>> Completed 1000 out of 1016 events
Nelectrons      = 458 / 1016
Npassed_ElEta   = 458 / 1016
Nmuons          = 558 / 1016
NrelIsoFail     = 0 / 1016
Npassed_MuEta   = 558 / 1016
Npassed_nAK8Jets= 1016 / 1016
Npassed_Trigger = 978 / 1016
Npassed_MET     = 773 / 1016
Npassed_lepPt   = 833 / 1016
Npassed_HT      = 994 / 1016
npass_Njets     = 1011 / 1016
Npassed_ALL     = 617 / 1016

>> Running /isilon/hadoop/store/group/bruxljm/FWLJMET106XUL_singleLep2017UL_RunIISummer20_X53X53/PairVLQ_x53x53_tWtW_narrow_RH_M700_TuneCP5_13TeV-madgraph-pythia8/singleLep2017UL/230310_182013/0000/PairVLQ_x53x53_tWtW_narrow_RH_M700_TuneCP5_13TeV-madgraph-pythia8_27.root for shift: nominal
[step1.h] Opening file: /isilon/hadoop/store/group/bruxljm/FWLJMET106XUL_singleLep2017UL_RunIISummer20_X53X53/PairVLQ_x53x53_tWtW_narrow_RH_M700_TuneCP5_13TeV-madgraph-pythia8/singleLep2017UL/230310_182013/0000/PairVLQ_x53x53_tWtW_narrow_RH_M700_TuneCP5_13TeV-madgraph-pythia8_27.root
[step1.h] Finished initializing
RUN CONFIG: YEAR = 2017
Era = 
isMC = 1, isSig = 1, SigMass = 0
isHad =0, isSE =0, isSM =0
isTTTT = 0, isXX = 1, isTpTp = 0, isBpBp = 0
For W's: isTT = 0, isSTt = 0, isSTtW = 0
For jets & PDF: isTOP = 0, isMadgraphBkg = 1
For HOTTagger Efficiencies: isTTV = 0, isTTHbb = 0, isTTHnonbb = 0, isTTTX = 0
isTTVV = 0, isST = 0, isTTToSemiLeptonHT500Njet9 = 0
Pileup sample key: PairVLQ_x53x53_tWtW_narrow_RH_M700_TuneCP5_13TeV-madgraph-pythia8
b-tagging working points: 0.304(DeepJet)0.4506(DeepCSV)
isTTincMtt0to700: 0
isTTincMtt0to1000: 0
isTTincMtt700to1000: 0
isTTincMtt1000toInf: 0
isTTSemilepIncHT0Njet0: 0
isTTSemilepIncHT500Njet9: 0
outTTLF: 0
outTTCC: 0
outTTBB: 0
outTT1B: 0
outTT2B: 0
>> Completed 0 out of 1003 events
[INFO] Defaulting to central deepJet weight for: nominal
>> Completed 1000 out of 1003 events
Nelectrons      = 459 / 1003
Npassed_ElEta   = 459 / 1003
Nmuons          = 544 / 1003
NrelIsoFail     = 0 / 1003
Npassed_MuEta   = 544 / 1003
Npassed_nAK8Jets= 1003 / 1003
Npassed_Trigger = 962 / 1003
Npassed_MET     = 747 / 1003
Npassed_lepPt   = 817 / 1003
Npassed_HT      = 980 / 1003
npass_Njets     = 996 / 1003
Npassed_ALL     = 590 / 1003

>> Running /isilon/hadoop/store/group/bruxljm/FWLJMET106XUL_singleLep2017UL_RunIISummer20_X53X53/PairVLQ_x53x53_tWtW_narrow_RH_M700_TuneCP5_13TeV-madgraph-pythia8/singleLep2017UL/230310_182013/0000/PairVLQ_x53x53_tWtW_narrow_RH_M700_TuneCP5_13TeV-madgraph-pythia8_28.root for shift: nominal
[step1.h] Opening file: /isilon/hadoop/store/group/bruxljm/FWLJMET106XUL_singleLep2017UL_RunIISummer20_X53X53/PairVLQ_x53x53_tWtW_narrow_RH_M700_TuneCP5_13TeV-madgraph-pythia8/singleLep2017UL/230310_182013/0000/PairVLQ_x53x53_tWtW_narrow_RH_M700_TuneCP5_13TeV-madgraph-pythia8_28.root
[step1.h] Finished initializing
RUN CONFIG: YEAR = 2017
Era = 
isMC = 1, isSig = 1, SigMass = 0
isHad =0, isSE =0, isSM =0
isTTTT = 0, isXX = 1, isTpTp = 0, isBpBp = 0
For W's: isTT = 0, isSTt = 0, isSTtW = 0
For jets & PDF: isTOP = 0, isMadgraphBkg = 1
For HOTTagger Efficiencies: isTTV = 0, isTTHbb = 0, isTTHnonbb = 0, isTTTX = 0
isTTVV = 0, isST = 0, isTTToSemiLeptonHT500Njet9 = 0
Pileup sample key: PairVLQ_x53x53_tWtW_narrow_RH_M700_TuneCP5_13TeV-madgraph-pythia8
b-tagging working points: 0.304(DeepJet)0.4506(DeepCSV)
isTTincMtt0to700: 0
isTTincMtt0to1000: 0
isTTincMtt700to1000: 0
isTTincMtt1000toInf: 0
isTTSemilepIncHT0Njet0: 0
isTTSemilepIncHT500Njet9: 0
outTTLF: 0
outTTCC: 0
outTTBB: 0
outTT1B: 0
outTT2B: 0
>> Completed 0 out of 1010 events
[INFO] Defaulting to central deepJet weight for: nominal
>> Completed 1000 out of 1010 events
Nelectrons      = 458 / 1010
Npassed_ElEta   = 458 / 1010
Nmuons          = 552 / 1010
NrelIsoFail     = 0 / 1010
Npassed_MuEta   = 552 / 1010
Npassed_nAK8Jets= 1010 / 1010
Npassed_Trigger = 985 / 1010
Npassed_MET     = 760 / 1010
Npassed_lepPt   = 817 / 1010
Npassed_HT      = 985 / 1010
npass_Njets     = 1005 / 1010
Npassed_ALL     = 588 / 1010

>> Running /isilon/hadoop/store/group/bruxljm/FWLJMET106XUL_singleLep2017UL_RunIISummer20_X53X53/PairVLQ_x53x53_tWtW_narrow_RH_M700_TuneCP5_13TeV-madgraph-pythia8/singleLep2017UL/230310_182013/0000/PairVLQ_x53x53_tWtW_narrow_RH_M700_TuneCP5_13TeV-madgraph-pythia8_29.root for shift: nominal
[step1.h] Opening file: /isilon/hadoop/store/group/bruxljm/FWLJMET106XUL_singleLep2017UL_RunIISummer20_X53X53/PairVLQ_x53x53_tWtW_narrow_RH_M700_TuneCP5_13TeV-madgraph-pythia8/singleLep2017UL/230310_182013/0000/PairVLQ_x53x53_tWtW_narrow_RH_M700_TuneCP5_13TeV-madgraph-pythia8_29.root
[step1.h] Finished initializing
RUN CONFIG: YEAR = 2017
Era = 
isMC = 1, isSig = 1, SigMass = 0
isHad =0, isSE =0, isSM =0
isTTTT = 0, isXX = 1, isTpTp = 0, isBpBp = 0
For W's: isTT = 0, isSTt = 0, isSTtW = 0
For jets & PDF: isTOP = 0, isMadgraphBkg = 1
For HOTTagger Efficiencies: isTTV = 0, isTTHbb = 0, isTTHnonbb = 0, isTTTX = 0
isTTVV = 0, isST = 0, isTTToSemiLeptonHT500Njet9 = 0
Pileup sample key: PairVLQ_x53x53_tWtW_narrow_RH_M700_TuneCP5_13TeV-madgraph-pythia8
b-tagging working points: 0.304(DeepJet)0.4506(DeepCSV)
isTTincMtt0to700: 0
isTTincMtt0to1000: 0
isTTincMtt700to1000: 0
isTTincMtt1000toInf: 0
isTTSemilepIncHT0Njet0: 0
isTTSemilepIncHT500Njet9: 0
outTTLF: 0
outTTCC: 0
outTTBB: 0
outTT1B: 0
outTT2B: 0
>> Completed 0 out of 993 events
[INFO] Defaulting to central deepJet weight for: nominal
Nelectrons      = 498 / 993
Npassed_ElEta   = 498 / 993
Nmuons          = 495 / 993
NrelIsoFail     = 0 / 993
Npassed_MuEta   = 495 / 993
Npassed_nAK8Jets= 993 / 993
Npassed_Trigger = 954 / 993
Npassed_MET     = 762 / 993
Npassed_lepPt   = 790 / 993
Npassed_HT      = 968 / 993
npass_Njets     = 992 / 993
Npassed_ALL     = 595 / 993

>> Running /isilon/hadoop/store/group/bruxljm/FWLJMET106XUL_singleLep2017UL_RunIISummer20_X53X53/PairVLQ_x53x53_tWtW_narrow_RH_M700_TuneCP5_13TeV-madgraph-pythia8/singleLep2017UL/230310_182013/0000/PairVLQ_x53x53_tWtW_narrow_RH_M700_TuneCP5_13TeV-madgraph-pythia8_3.root for shift: nominal
[step1.h] Opening file: /isilon/hadoop/store/group/bruxljm/FWLJMET106XUL_singleLep2017UL_RunIISummer20_X53X53/PairVLQ_x53x53_tWtW_narrow_RH_M700_TuneCP5_13TeV-madgraph-pythia8/singleLep2017UL/230310_182013/0000/PairVLQ_x53x53_tWtW_narrow_RH_M700_TuneCP5_13TeV-madgraph-pythia8_3.root
[step1.h] Finished initializing
RUN CONFIG: YEAR = 2017
Era = 
isMC = 1, isSig = 1, SigMass = 0
isHad =0, isSE =0, isSM =0
isTTTT = 0, isXX = 1, isTpTp = 0, isBpBp = 0
For W's: isTT = 0, isSTt = 0, isSTtW = 0
For jets & PDF: isTOP = 0, isMadgraphBkg = 1
For HOTTagger Efficiencies: isTTV = 0, isTTHbb = 0, isTTHnonbb = 0, isTTTX = 0
isTTVV = 0, isST = 0, isTTToSemiLeptonHT500Njet9 = 0
Pileup sample key: PairVLQ_x53x53_tWtW_narrow_RH_M700_TuneCP5_13TeV-madgraph-pythia8
b-tagging working points: 0.304(DeepJet)0.4506(DeepCSV)
isTTincMtt0to700: 0
isTTincMtt0to1000: 0
isTTincMtt700to1000: 0
isTTincMtt1000toInf: 0
isTTSemilepIncHT0Njet0: 0
isTTSemilepIncHT500Njet9: 0
outTTLF: 0
outTTCC: 0
outTTBB: 0
outTT1B: 0
outTT2B: 0
>> Completed 0 out of 1002 events
[INFO] Defaulting to central deepJet weight for: nominal
>> Completed 1000 out of 1002 events
Nelectrons      = 475 / 1002
Npassed_ElEta   = 475 / 1002
Nmuons          = 527 / 1002
NrelIsoFail     = 0 / 1002
Npassed_MuEta   = 527 / 1002
Npassed_nAK8Jets= 1002 / 1002
Npassed_Trigger = 971 / 1002
Npassed_MET     = 755 / 1002
Npassed_lepPt   = 809 / 1002
Npassed_HT      = 980 / 1002
npass_Njets     = 997 / 1002
Npassed_ALL     = 594 / 1002

>> Running /isilon/hadoop/store/group/bruxljm/FWLJMET106XUL_singleLep2017UL_RunIISummer20_X53X53/PairVLQ_x53x53_tWtW_narrow_RH_M700_TuneCP5_13TeV-madgraph-pythia8/singleLep2017UL/230310_182013/0000/PairVLQ_x53x53_tWtW_narrow_RH_M700_TuneCP5_13TeV-madgraph-pythia8_30.root for shift: nominal
[step1.h] Opening file: /isilon/hadoop/store/group/bruxljm/FWLJMET106XUL_singleLep2017UL_RunIISummer20_X53X53/PairVLQ_x53x53_tWtW_narrow_RH_M700_TuneCP5_13TeV-madgraph-pythia8/singleLep2017UL/230310_182013/0000/PairVLQ_x53x53_tWtW_narrow_RH_M700_TuneCP5_13TeV-madgraph-pythia8_30.root
[step1.h] Finished initializing
RUN CONFIG: YEAR = 2017
Era = 
isMC = 1, isSig = 1, SigMass = 0
isHad =0, isSE =0, isSM =0
isTTTT = 0, isXX = 1, isTpTp = 0, isBpBp = 0
For W's: isTT = 0, isSTt = 0, isSTtW = 0
For jets & PDF: isTOP = 0, isMadgraphBkg = 1
For HOTTagger Efficiencies: isTTV = 0, isTTHbb = 0, isTTHnonbb = 0, isTTTX = 0
isTTVV = 0, isST = 0, isTTToSemiLeptonHT500Njet9 = 0
Pileup sample key: PairVLQ_x53x53_tWtW_narrow_RH_M700_TuneCP5_13TeV-madgraph-pythia8
b-tagging working points: 0.304(DeepJet)0.4506(DeepCSV)
isTTincMtt0to700: 0
isTTincMtt0to1000: 0
isTTincMtt700to1000: 0
isTTincMtt1000toInf: 0
isTTSemilepIncHT0Njet0: 0
isTTSemilepIncHT500Njet9: 0
outTTLF: 0
outTTCC: 0
outTTBB: 0
outTT1B: 0
outTT2B: 0
>> Completed 0 out of 999 events
[INFO] Defaulting to central deepJet weight for: nominal
Nelectrons      = 460 / 999
Npassed_ElEta   = 460 / 999
Nmuons          = 539 / 999
NrelIsoFail     = 0 / 999
Npassed_MuEta   = 539 / 999
Npassed_nAK8Jets= 999 / 999
Npassed_Trigger = 971 / 999
Npassed_MET     = 782 / 999
Npassed_lepPt   = 806 / 999
Npassed_HT      = 976 / 999
npass_Njets     = 997 / 999
Npassed_ALL     = 609 / 999

>> Running /isilon/hadoop/store/group/bruxljm/FWLJMET106XUL_singleLep2017UL_RunIISummer20_X53X53/PairVLQ_x53x53_tWtW_narrow_RH_M700_TuneCP5_13TeV-madgraph-pythia8/singleLep2017UL/230310_182013/0000/PairVLQ_x53x53_tWtW_narrow_RH_M700_TuneCP5_13TeV-madgraph-pythia8_31.root for shift: nominal
[step1.h] Opening file: /isilon/hadoop/store/group/bruxljm/FWLJMET106XUL_singleLep2017UL_RunIISummer20_X53X53/PairVLQ_x53x53_tWtW_narrow_RH_M700_TuneCP5_13TeV-madgraph-pythia8/singleLep2017UL/230310_182013/0000/PairVLQ_x53x53_tWtW_narrow_RH_M700_TuneCP5_13TeV-madgraph-pythia8_31.root
[step1.h] Finished initializing
RUN CONFIG: YEAR = 2017
Era = 
isMC = 1, isSig = 1, SigMass = 0
isHad =0, isSE =0, isSM =0
isTTTT = 0, isXX = 1, isTpTp = 0, isBpBp = 0
For W's: isTT = 0, isSTt = 0, isSTtW = 0
For jets & PDF: isTOP = 0, isMadgraphBkg = 1
For HOTTagger Efficiencies: isTTV = 0, isTTHbb = 0, isTTHnonbb = 0, isTTTX = 0
isTTVV = 0, isST = 0, isTTToSemiLeptonHT500Njet9 = 0
Pileup sample key: PairVLQ_x53x53_tWtW_narrow_RH_M700_TuneCP5_13TeV-madgraph-pythia8
b-tagging working points: 0.304(DeepJet)0.4506(DeepCSV)
isTTincMtt0to700: 0
isTTincMtt0to1000: 0
isTTincMtt700to1000: 0
isTTincMtt1000toInf: 0
isTTSemilepIncHT0Njet0: 0
isTTSemilepIncHT500Njet9: 0
outTTLF: 0
outTTCC: 0
outTTBB: 0
outTT1B: 0
outTT2B: 0
>> Completed 0 out of 1008 events
[INFO] Defaulting to central deepJet weight for: nominal
>> Completed 1000 out of 1008 events
Nelectrons      = 479 / 1008
Npassed_ElEta   = 479 / 1008
Nmuons          = 529 / 1008
NrelIsoFail     = 0 / 1008
Npassed_MuEta   = 529 / 1008
Npassed_nAK8Jets= 1008 / 1008
Npassed_Trigger = 972 / 1008
Npassed_MET     = 774 / 1008
Npassed_lepPt   = 822 / 1008
Npassed_HT      = 990 / 1008
npass_Njets     = 1002 / 1008
Npassed_ALL     = 606 / 1008

>> Running /isilon/hadoop/store/group/bruxljm/FWLJMET106XUL_singleLep2017UL_RunIISummer20_X53X53/PairVLQ_x53x53_tWtW_narrow_RH_M700_TuneCP5_13TeV-madgraph-pythia8/singleLep2017UL/230310_182013/0000/PairVLQ_x53x53_tWtW_narrow_RH_M700_TuneCP5_13TeV-madgraph-pythia8_32.root for shift: nominal
[step1.h] Opening file: /isilon/hadoop/store/group/bruxljm/FWLJMET106XUL_singleLep2017UL_RunIISummer20_X53X53/PairVLQ_x53x53_tWtW_narrow_RH_M700_TuneCP5_13TeV-madgraph-pythia8/singleLep2017UL/230310_182013/0000/PairVLQ_x53x53_tWtW_narrow_RH_M700_TuneCP5_13TeV-madgraph-pythia8_32.root
[step1.h] Finished initializing
RUN CONFIG: YEAR = 2017
Era = 
isMC = 1, isSig = 1, SigMass = 0
isHad =0, isSE =0, isSM =0
isTTTT = 0, isXX = 1, isTpTp = 0, isBpBp = 0
For W's: isTT = 0, isSTt = 0, isSTtW = 0
For jets & PDF: isTOP = 0, isMadgraphBkg = 1
For HOTTagger Efficiencies: isTTV = 0, isTTHbb = 0, isTTHnonbb = 0, isTTTX = 0
isTTVV = 0, isST = 0, isTTToSemiLeptonHT500Njet9 = 0
Pileup sample key: PairVLQ_x53x53_tWtW_narrow_RH_M700_TuneCP5_13TeV-madgraph-pythia8
b-tagging working points: 0.304(DeepJet)0.4506(DeepCSV)
isTTincMtt0to700: 0
isTTincMtt0to1000: 0
isTTincMtt700to1000: 0
isTTincMtt1000toInf: 0
isTTSemilepIncHT0Njet0: 0
isTTSemilepIncHT500Njet9: 0
outTTLF: 0
outTTCC: 0
outTTBB: 0
outTT1B: 0
outTT2B: 0
>> Completed 0 out of 1012 events
[INFO] Defaulting to central deepJet weight for: nominal
>> Completed 1000 out of 1012 events
Nelectrons      = 479 / 1012
Npassed_ElEta   = 479 / 1012
Nmuons          = 533 / 1012
NrelIsoFail     = 0 / 1012
Npassed_MuEta   = 533 / 1012
Npassed_nAK8Jets= 1012 / 1012
Npassed_Trigger = 985 / 1012
Npassed_MET     = 786 / 1012
Npassed_lepPt   = 836 / 1012
Npassed_HT      = 983 / 1012
npass_Njets     = 1007 / 1012
Npassed_ALL     = 628 / 1012

>> Running /isilon/hadoop/store/group/bruxljm/FWLJMET106XUL_singleLep2017UL_RunIISummer20_X53X53/PairVLQ_x53x53_tWtW_narrow_RH_M700_TuneCP5_13TeV-madgraph-pythia8/singleLep2017UL/230310_182013/0000/PairVLQ_x53x53_tWtW_narrow_RH_M700_TuneCP5_13TeV-madgraph-pythia8_33.root for shift: nominal
[step1.h] Opening file: /isilon/hadoop/store/group/bruxljm/FWLJMET106XUL_singleLep2017UL_RunIISummer20_X53X53/PairVLQ_x53x53_tWtW_narrow_RH_M700_TuneCP5_13TeV-madgraph-pythia8/singleLep2017UL/230310_182013/0000/PairVLQ_x53x53_tWtW_narrow_RH_M700_TuneCP5_13TeV-madgraph-pythia8_33.root
[step1.h] Finished initializing
RUN CONFIG: YEAR = 2017
Era = 
isMC = 1, isSig = 1, SigMass = 0
isHad =0, isSE =0, isSM =0
isTTTT = 0, isXX = 1, isTpTp = 0, isBpBp = 0
For W's: isTT = 0, isSTt = 0, isSTtW = 0
For jets & PDF: isTOP = 0, isMadgraphBkg = 1
For HOTTagger Efficiencies: isTTV = 0, isTTHbb = 0, isTTHnonbb = 0, isTTTX = 0
isTTVV = 0, isST = 0, isTTToSemiLeptonHT500Njet9 = 0
Pileup sample key: PairVLQ_x53x53_tWtW_narrow_RH_M700_TuneCP5_13TeV-madgraph-pythia8
b-tagging working points: 0.304(DeepJet)0.4506(DeepCSV)
isTTincMtt0to700: 0
isTTincMtt0to1000: 0
isTTincMtt700to1000: 0
isTTincMtt1000toInf: 0
isTTSemilepIncHT0Njet0: 0
isTTSemilepIncHT500Njet9: 0
outTTLF: 0
outTTCC: 0
outTTBB: 0
outTT1B: 0
outTT2B: 0
>> Completed 0 out of 1017 events
[INFO] Defaulting to central deepJet weight for: nominal
>> Completed 1000 out of 1017 events
Nelectrons      = 453 / 1017
Npassed_ElEta   = 453 / 1017
Nmuons          = 564 / 1017
NrelIsoFail     = 0 / 1017
Npassed_MuEta   = 564 / 1017
Npassed_nAK8Jets= 1017 / 1017
Npassed_Trigger = 976 / 1017
Npassed_MET     = 773 / 1017
Npassed_lepPt   = 820 / 1017
Npassed_HT      = 983 / 1017
npass_Njets     = 1013 / 1017
Npassed_ALL     = 598 / 1017

>> Running /isilon/hadoop/store/group/bruxljm/FWLJMET106XUL_singleLep2017UL_RunIISummer20_X53X53/PairVLQ_x53x53_tWtW_narrow_RH_M700_TuneCP5_13TeV-madgraph-pythia8/singleLep2017UL/230310_182013/0000/PairVLQ_x53x53_tWtW_narrow_RH_M700_TuneCP5_13TeV-madgraph-pythia8_34.root for shift: nominal
[step1.h] Opening file: /isilon/hadoop/store/group/bruxljm/FWLJMET106XUL_singleLep2017UL_RunIISummer20_X53X53/PairVLQ_x53x53_tWtW_narrow_RH_M700_TuneCP5_13TeV-madgraph-pythia8/singleLep2017UL/230310_182013/0000/PairVLQ_x53x53_tWtW_narrow_RH_M700_TuneCP5_13TeV-madgraph-pythia8_34.root
[step1.h] Finished initializing
RUN CONFIG: YEAR = 2017
Era = 
isMC = 1, isSig = 1, SigMass = 0
isHad =0, isSE =0, isSM =0
isTTTT = 0, isXX = 1, isTpTp = 0, isBpBp = 0
For W's: isTT = 0, isSTt = 0, isSTtW = 0
For jets & PDF: isTOP = 0, isMadgraphBkg = 1
For HOTTagger Efficiencies: isTTV = 0, isTTHbb = 0, isTTHnonbb = 0, isTTTX = 0
isTTVV = 0, isST = 0, isTTToSemiLeptonHT500Njet9 = 0
Pileup sample key: PairVLQ_x53x53_tWtW_narrow_RH_M700_TuneCP5_13TeV-madgraph-pythia8
b-tagging working points: 0.304(DeepJet)0.4506(DeepCSV)
isTTincMtt0to700: 0
isTTincMtt0to1000: 0
isTTincMtt700to1000: 0
isTTincMtt1000toInf: 0
isTTSemilepIncHT0Njet0: 0
isTTSemilepIncHT500Njet9: 0
outTTLF: 0
outTTCC: 0
outTTBB: 0
outTT1B: 0
outTT2B: 0
>> Completed 0 out of 1033 events
[INFO] Defaulting to central deepJet weight for: nominal
>> Completed 1000 out of 1033 events
Nelectrons      = 481 / 1033
Npassed_ElEta   = 481 / 1033
Nmuons          = 552 / 1033
NrelIsoFail     = 0 / 1033
Npassed_MuEta   = 552 / 1033
Npassed_nAK8Jets= 1033 / 1033
Npassed_Trigger = 1006 / 1033
Npassed_MET     = 785 / 1033
Npassed_lepPt   = 840 / 1033
Npassed_HT      = 1005 / 1033
npass_Njets     = 1028 / 1033
Npassed_ALL     = 624 / 1033

>> Running /isilon/hadoop/store/group/bruxljm/FWLJMET106XUL_singleLep2017UL_RunIISummer20_X53X53/PairVLQ_x53x53_tWtW_narrow_RH_M700_TuneCP5_13TeV-madgraph-pythia8/singleLep2017UL/230310_182013/0000/PairVLQ_x53x53_tWtW_narrow_RH_M700_TuneCP5_13TeV-madgraph-pythia8_35.root for shift: nominal
[step1.h] Opening file: /isilon/hadoop/store/group/bruxljm/FWLJMET106XUL_singleLep2017UL_RunIISummer20_X53X53/PairVLQ_x53x53_tWtW_narrow_RH_M700_TuneCP5_13TeV-madgraph-pythia8/singleLep2017UL/230310_182013/0000/PairVLQ_x53x53_tWtW_narrow_RH_M700_TuneCP5_13TeV-madgraph-pythia8_35.root
[step1.h] Finished initializing
RUN CONFIG: YEAR = 2017
Era = 
isMC = 1, isSig = 1, SigMass = 0
isHad =0, isSE =0, isSM =0
isTTTT = 0, isXX = 1, isTpTp = 0, isBpBp = 0
For W's: isTT = 0, isSTt = 0, isSTtW = 0
For jets & PDF: isTOP = 0, isMadgraphBkg = 1
For HOTTagger Efficiencies: isTTV = 0, isTTHbb = 0, isTTHnonbb = 0, isTTTX = 0
isTTVV = 0, isST = 0, isTTToSemiLeptonHT500Njet9 = 0
Pileup sample key: PairVLQ_x53x53_tWtW_narrow_RH_M700_TuneCP5_13TeV-madgraph-pythia8
b-tagging working points: 0.304(DeepJet)0.4506(DeepCSV)
isTTincMtt0to700: 0
isTTincMtt0to1000: 0
isTTincMtt700to1000: 0
isTTincMtt1000toInf: 0
isTTSemilepIncHT0Njet0: 0
isTTSemilepIncHT500Njet9: 0
outTTLF: 0
outTTCC: 0
outTTBB: 0
outTT1B: 0
outTT2B: 0
>> Completed 0 out of 1042 events
[INFO] Defaulting to central deepJet weight for: nominal
>> Completed 1000 out of 1042 events
Nelectrons      = 484 / 1042
Npassed_ElEta   = 484 / 1042
Nmuons          = 558 / 1042
NrelIsoFail     = 0 / 1042
Npassed_MuEta   = 558 / 1042
Npassed_nAK8Jets= 1042 / 1042
Npassed_Trigger = 1003 / 1042
Npassed_MET     = 780 / 1042
Npassed_lepPt   = 849 / 1042
Npassed_HT      = 1008 / 1042
npass_Njets     = 1037 / 1042
Npassed_ALL     = 611 / 1042

>> Running /isilon/hadoop/store/group/bruxljm/FWLJMET106XUL_singleLep2017UL_RunIISummer20_X53X53/PairVLQ_x53x53_tWtW_narrow_RH_M700_TuneCP5_13TeV-madgraph-pythia8/singleLep2017UL/230310_182013/0000/PairVLQ_x53x53_tWtW_narrow_RH_M700_TuneCP5_13TeV-madgraph-pythia8_36.root for shift: nominal
[step1.h] Opening file: /isilon/hadoop/store/group/bruxljm/FWLJMET106XUL_singleLep2017UL_RunIISummer20_X53X53/PairVLQ_x53x53_tWtW_narrow_RH_M700_TuneCP5_13TeV-madgraph-pythia8/singleLep2017UL/230310_182013/0000/PairVLQ_x53x53_tWtW_narrow_RH_M700_TuneCP5_13TeV-madgraph-pythia8_36.root
[step1.h] Finished initializing
RUN CONFIG: YEAR = 2017
Era = 
isMC = 1, isSig = 1, SigMass = 0
isHad =0, isSE =0, isSM =0
isTTTT = 0, isXX = 1, isTpTp = 0, isBpBp = 0
For W's: isTT = 0, isSTt = 0, isSTtW = 0
For jets & PDF: isTOP = 0, isMadgraphBkg = 1
For HOTTagger Efficiencies: isTTV = 0, isTTHbb = 0, isTTHnonbb = 0, isTTTX = 0
isTTVV = 0, isST = 0, isTTToSemiLeptonHT500Njet9 = 0
Pileup sample key: PairVLQ_x53x53_tWtW_narrow_RH_M700_TuneCP5_13TeV-madgraph-pythia8
b-tagging working points: 0.304(DeepJet)0.4506(DeepCSV)
isTTincMtt0to700: 0
isTTincMtt0to1000: 0
isTTincMtt700to1000: 0
isTTincMtt1000toInf: 0
isTTSemilepIncHT0Njet0: 0
isTTSemilepIncHT500Njet9: 0
outTTLF: 0
outTTCC: 0
outTTBB: 0
outTT1B: 0
outTT2B: 0
>> Completed 0 out of 1008 events
[INFO] Defaulting to central deepJet weight for: nominal
>> Completed 1000 out of 1008 events
Nelectrons      = 471 / 1008
Npassed_ElEta   = 471 / 1008
Nmuons          = 537 / 1008
NrelIsoFail     = 0 / 1008
Npassed_MuEta   = 537 / 1008
Npassed_nAK8Jets= 1008 / 1008
Npassed_Trigger = 966 / 1008
Npassed_MET     = 763 / 1008
Npassed_lepPt   = 831 / 1008
Npassed_HT      = 976 / 1008
npass_Njets     = 1000 / 1008
Npassed_ALL     = 599 / 1008

>> Running /isilon/hadoop/store/group/bruxljm/FWLJMET106XUL_singleLep2017UL_RunIISummer20_X53X53/PairVLQ_x53x53_tWtW_narrow_RH_M700_TuneCP5_13TeV-madgraph-pythia8/singleLep2017UL/230310_182013/0000/PairVLQ_x53x53_tWtW_narrow_RH_M700_TuneCP5_13TeV-madgraph-pythia8_37.root for shift: nominal
[step1.h] Opening file: /isilon/hadoop/store/group/bruxljm/FWLJMET106XUL_singleLep2017UL_RunIISummer20_X53X53/PairVLQ_x53x53_tWtW_narrow_RH_M700_TuneCP5_13TeV-madgraph-pythia8/singleLep2017UL/230310_182013/0000/PairVLQ_x53x53_tWtW_narrow_RH_M700_TuneCP5_13TeV-madgraph-pythia8_37.root
[step1.h] Finished initializing
RUN CONFIG: YEAR = 2017
Era = 
isMC = 1, isSig = 1, SigMass = 0
isHad =0, isSE =0, isSM =0
isTTTT = 0, isXX = 1, isTpTp = 0, isBpBp = 0
For W's: isTT = 0, isSTt = 0, isSTtW = 0
For jets & PDF: isTOP = 0, isMadgraphBkg = 1
For HOTTagger Efficiencies: isTTV = 0, isTTHbb = 0, isTTHnonbb = 0, isTTTX = 0
isTTVV = 0, isST = 0, isTTToSemiLeptonHT500Njet9 = 0
Pileup sample key: PairVLQ_x53x53_tWtW_narrow_RH_M700_TuneCP5_13TeV-madgraph-pythia8
b-tagging working points: 0.304(DeepJet)0.4506(DeepCSV)
isTTincMtt0to700: 0
isTTincMtt0to1000: 0
isTTincMtt700to1000: 0
isTTincMtt1000toInf: 0
isTTSemilepIncHT0Njet0: 0
isTTSemilepIncHT500Njet9: 0
outTTLF: 0
outTTCC: 0
outTTBB: 0
outTT1B: 0
outTT2B: 0
>> Completed 0 out of 1040 events
[INFO] Defaulting to central deepJet weight for: nominal
>> Completed 1000 out of 1040 events
Nelectrons      = 511 / 1040
Npassed_ElEta   = 511 / 1040
Nmuons          = 529 / 1040
NrelIsoFail     = 0 / 1040
Npassed_MuEta   = 529 / 1040
Npassed_nAK8Jets= 1040 / 1040
Npassed_Trigger = 1001 / 1040
Npassed_MET     = 812 / 1040
Npassed_lepPt   = 852 / 1040
Npassed_HT      = 1003 / 1040
npass_Njets     = 1037 / 1040
Npassed_ALL     = 642 / 1040

>> Running /isilon/hadoop/store/group/bruxljm/FWLJMET106XUL_singleLep2017UL_RunIISummer20_X53X53/PairVLQ_x53x53_tWtW_narrow_RH_M700_TuneCP5_13TeV-madgraph-pythia8/singleLep2017UL/230310_182013/0000/PairVLQ_x53x53_tWtW_narrow_RH_M700_TuneCP5_13TeV-madgraph-pythia8_38.root for shift: nominal
[step1.h] Opening file: /isilon/hadoop/store/group/bruxljm/FWLJMET106XUL_singleLep2017UL_RunIISummer20_X53X53/PairVLQ_x53x53_tWtW_narrow_RH_M700_TuneCP5_13TeV-madgraph-pythia8/singleLep2017UL/230310_182013/0000/PairVLQ_x53x53_tWtW_narrow_RH_M700_TuneCP5_13TeV-madgraph-pythia8_38.root
[step1.h] Finished initializing
RUN CONFIG: YEAR = 2017
Era = 
isMC = 1, isSig = 1, SigMass = 0
isHad =0, isSE =0, isSM =0
isTTTT = 0, isXX = 1, isTpTp = 0, isBpBp = 0
For W's: isTT = 0, isSTt = 0, isSTtW = 0
For jets & PDF: isTOP = 0, isMadgraphBkg = 1
For HOTTagger Efficiencies: isTTV = 0, isTTHbb = 0, isTTHnonbb = 0, isTTTX = 0
isTTVV = 0, isST = 0, isTTToSemiLeptonHT500Njet9 = 0
Pileup sample key: PairVLQ_x53x53_tWtW_narrow_RH_M700_TuneCP5_13TeV-madgraph-pythia8
b-tagging working points: 0.304(DeepJet)0.4506(DeepCSV)
isTTincMtt0to700: 0
isTTincMtt0to1000: 0
isTTincMtt700to1000: 0
isTTincMtt1000toInf: 0
isTTSemilepIncHT0Njet0: 0
isTTSemilepIncHT500Njet9: 0
outTTLF: 0
outTTCC: 0
outTTBB: 0
outTT1B: 0
outTT2B: 0
>> Completed 0 out of 1031 events
[INFO] Defaulting to central deepJet weight for: nominal
>> Completed 1000 out of 1031 events
Nelectrons      = 492 / 1031
Npassed_ElEta   = 492 / 1031
Nmuons          = 539 / 1031
NrelIsoFail     = 0 / 1031
Npassed_MuEta   = 539 / 1031
Npassed_nAK8Jets= 1031 / 1031
Npassed_Trigger = 1001 / 1031
Npassed_MET     = 787 / 1031
Npassed_lepPt   = 860 / 1031
Npassed_HT      = 994 / 1031
npass_Njets     = 1027 / 1031
Npassed_ALL     = 643 / 1031

>> Running /isilon/hadoop/store/group/bruxljm/FWLJMET106XUL_singleLep2017UL_RunIISummer20_X53X53/PairVLQ_x53x53_tWtW_narrow_RH_M700_TuneCP5_13TeV-madgraph-pythia8/singleLep2017UL/230310_182013/0000/PairVLQ_x53x53_tWtW_narrow_RH_M700_TuneCP5_13TeV-madgraph-pythia8_39.root for shift: nominal
[step1.h] Opening file: /isilon/hadoop/store/group/bruxljm/FWLJMET106XUL_singleLep2017UL_RunIISummer20_X53X53/PairVLQ_x53x53_tWtW_narrow_RH_M700_TuneCP5_13TeV-madgraph-pythia8/singleLep2017UL/230310_182013/0000/PairVLQ_x53x53_tWtW_narrow_RH_M700_TuneCP5_13TeV-madgraph-pythia8_39.root
[step1.h] Finished initializing
RUN CONFIG: YEAR = 2017
Era = 
isMC = 1, isSig = 1, SigMass = 0
isHad =0, isSE =0, isSM =0
isTTTT = 0, isXX = 1, isTpTp = 0, isBpBp = 0
For W's: isTT = 0, isSTt = 0, isSTtW = 0
For jets & PDF: isTOP = 0, isMadgraphBkg = 1
For HOTTagger Efficiencies: isTTV = 0, isTTHbb = 0, isTTHnonbb = 0, isTTTX = 0
isTTVV = 0, isST = 0, isTTToSemiLeptonHT500Njet9 = 0
Pileup sample key: PairVLQ_x53x53_tWtW_narrow_RH_M700_TuneCP5_13TeV-madgraph-pythia8
b-tagging working points: 0.304(DeepJet)0.4506(DeepCSV)
isTTincMtt0to700: 0
isTTincMtt0to1000: 0
isTTincMtt700to1000: 0
isTTincMtt1000toInf: 0
isTTSemilepIncHT0Njet0: 0
isTTSemilepIncHT500Njet9: 0
outTTLF: 0
outTTCC: 0
outTTBB: 0
outTT1B: 0
outTT2B: 0
>> Completed 0 out of 1009 events
[INFO] Defaulting to central deepJet weight for: nominal
>> Completed 1000 out of 1009 events
Nelectrons      = 451 / 1009
Npassed_ElEta   = 451 / 1009
Nmuons          = 558 / 1009
NrelIsoFail     = 0 / 1009
Npassed_MuEta   = 558 / 1009
Npassed_nAK8Jets= 1009 / 1009
Npassed_Trigger = 970 / 1009
Npassed_MET     = 755 / 1009
Npassed_lepPt   = 795 / 1009
Npassed_HT      = 984 / 1009
npass_Njets     = 1004 / 1009
Npassed_ALL     = 574 / 1009

>> Running /isilon/hadoop/store/group/bruxljm/FWLJMET106XUL_singleLep2017UL_RunIISummer20_X53X53/PairVLQ_x53x53_tWtW_narrow_RH_M700_TuneCP5_13TeV-madgraph-pythia8/singleLep2017UL/230310_182013/0000/PairVLQ_x53x53_tWtW_narrow_RH_M700_TuneCP5_13TeV-madgraph-pythia8_4.root for shift: nominal
[step1.h] Opening file: /isilon/hadoop/store/group/bruxljm/FWLJMET106XUL_singleLep2017UL_RunIISummer20_X53X53/PairVLQ_x53x53_tWtW_narrow_RH_M700_TuneCP5_13TeV-madgraph-pythia8/singleLep2017UL/230310_182013/0000/PairVLQ_x53x53_tWtW_narrow_RH_M700_TuneCP5_13TeV-madgraph-pythia8_4.root
[step1.h] Finished initializing
RUN CONFIG: YEAR = 2017
Era = 
isMC = 1, isSig = 1, SigMass = 0
isHad =0, isSE =0, isSM =0
isTTTT = 0, isXX = 1, isTpTp = 0, isBpBp = 0
For W's: isTT = 0, isSTt = 0, isSTtW = 0
For jets & PDF: isTOP = 0, isMadgraphBkg = 1
For HOTTagger Efficiencies: isTTV = 0, isTTHbb = 0, isTTHnonbb = 0, isTTTX = 0
isTTVV = 0, isST = 0, isTTToSemiLeptonHT500Njet9 = 0
Pileup sample key: PairVLQ_x53x53_tWtW_narrow_RH_M700_TuneCP5_13TeV-madgraph-pythia8
b-tagging working points: 0.304(DeepJet)0.4506(DeepCSV)
isTTincMtt0to700: 0
isTTincMtt0to1000: 0
isTTincMtt700to1000: 0
isTTincMtt1000toInf: 0
isTTSemilepIncHT0Njet0: 0
isTTSemilepIncHT500Njet9: 0
outTTLF: 0
outTTCC: 0
outTTBB: 0
outTT1B: 0
outTT2B: 0
>> Completed 0 out of 525 events
[INFO] Defaulting to central deepJet weight for: nominal
Nelectrons      = 256 / 525
Npassed_ElEta   = 256 / 525
Nmuons          = 269 / 525
NrelIsoFail     = 0 / 525
Npassed_MuEta   = 269 / 525
Npassed_nAK8Jets= 525 / 525
Npassed_Trigger = 499 / 525
Npassed_MET     = 399 / 525
Npassed_lepPt   = 423 / 525
Npassed_HT      = 516 / 525
npass_Njets     = 524 / 525
Npassed_ALL     = 321 / 525
>> Available ROOT Files:
-rw-r--r-- 1 fsimpson gridusers 2054976 Apr 24 09:18 PairVLQ_x53x53_tWtW_narrow_RH_M700_TuneCP5_13TeV-madgraph-pythia8_153nominal.root
-rw-r--r-- 1 fsimpson gridusers 2075802 Apr 24 09:18 PairVLQ_x53x53_tWtW_narrow_RH_M700_TuneCP5_13TeV-madgraph-pythia8_154nominal.root
-rw-r--r-- 1 fsimpson gridusers 2110283 Apr 24 09:18 PairVLQ_x53x53_tWtW_narrow_RH_M700_TuneCP5_13TeV-madgraph-pythia8_155nominal.root
-rw-r--r-- 1 fsimpson gridusers 1093183 Apr 24 09:18 PairVLQ_x53x53_tWtW_narrow_RH_M700_TuneCP5_13TeV-madgraph-pythia8_16nominal.root
-rw-r--r-- 1 fsimpson gridusers 2153980 Apr 24 09:18 PairVLQ_x53x53_tWtW_narrow_RH_M700_TuneCP5_13TeV-madgraph-pythia8_17nominal.root
-rw-r--r-- 1 fsimpson gridusers 1099739 Apr 24 09:18 PairVLQ_x53x53_tWtW_narrow_RH_M700_TuneCP5_13TeV-madgraph-pythia8_18nominal.root
-rw-r--r-- 1 fsimpson gridusers 2130633 Apr 24 09:18 PairVLQ_x53x53_tWtW_narrow_RH_M700_TuneCP5_13TeV-madgraph-pythia8_19nominal.root
-rw-r--r-- 1 fsimpson gridusers 2122413 Apr 24 09:18 PairVLQ_x53x53_tWtW_narrow_RH_M700_TuneCP5_13TeV-madgraph-pythia8_20nominal.root
-rw-r--r-- 1 fsimpson gridusers 2089590 Apr 24 09:18 PairVLQ_x53x53_tWtW_narrow_RH_M700_TuneCP5_13TeV-madgraph-pythia8_21nominal.root
-rw-r--r-- 1 fsimpson gridusers 2152808 Apr 24 09:18 PairVLQ_x53x53_tWtW_narrow_RH_M700_TuneCP5_13TeV-madgraph-pythia8_22nominal.root
-rw-r--r-- 1 fsimpson gridusers 2039371 Apr 24 09:18 PairVLQ_x53x53_tWtW_narrow_RH_M700_TuneCP5_13TeV-madgraph-pythia8_23nominal.root
-rw-r--r-- 1 fsimpson gridusers 2111913 Apr 24 09:18 PairVLQ_x53x53_tWtW_narrow_RH_M700_TuneCP5_13TeV-madgraph-pythia8_24nominal.root
-rw-r--r-- 1 fsimpson gridusers 2287667 Apr 24 09:18 PairVLQ_x53x53_tWtW_narrow_RH_M700_TuneCP5_13TeV-madgraph-pythia8_25nominal.root
-rw-r--r-- 1 fsimpson gridusers 2134339 Apr 24 09:18 PairVLQ_x53x53_tWtW_narrow_RH_M700_TuneCP5_13TeV-madgraph-pythia8_26nominal.root
-rw-r--r-- 1 fsimpson gridusers 2106379 Apr 24 09:18 PairVLQ_x53x53_tWtW_narrow_RH_M700_TuneCP5_13TeV-madgraph-pythia8_27nominal.root
-rw-r--r-- 1 fsimpson gridusers 2038705 Apr 24 09:18 PairVLQ_x53x53_tWtW_narrow_RH_M700_TuneCP5_13TeV-madgraph-pythia8_28nominal.root
-rw-r--r-- 1 fsimpson gridusers 2113389 Apr 24 09:18 PairVLQ_x53x53_tWtW_narrow_RH_M700_TuneCP5_13TeV-madgraph-pythia8_29nominal.root
-rw-r--r-- 1 fsimpson gridusers 1910525 Apr 24 09:18 PairVLQ_x53x53_tWtW_narrow_RH_M700_TuneCP5_13TeV-madgraph-pythia8_2nominal.root
-rw-r--r-- 1 fsimpson gridusers 2124796 Apr 24 09:18 PairVLQ_x53x53_tWtW_narrow_RH_M700_TuneCP5_13TeV-madgraph-pythia8_30nominal.root
-rw-r--r-- 1 fsimpson gridusers 2103961 Apr 24 09:18 PairVLQ_x53x53_tWtW_narrow_RH_M700_TuneCP5_13TeV-madgraph-pythia8_31nominal.root
-rw-r--r-- 1 fsimpson gridusers 2162436 Apr 24 09:18 PairVLQ_x53x53_tWtW_narrow_RH_M700_TuneCP5_13TeV-madgraph-pythia8_32nominal.root
-rw-r--r-- 1 fsimpson gridusers 2093991 Apr 24 09:18 PairVLQ_x53x53_tWtW_narrow_RH_M700_TuneCP5_13TeV-madgraph-pythia8_33nominal.root
-rw-r--r-- 1 fsimpson gridusers 2175906 Apr 24 09:18 PairVLQ_x53x53_tWtW_narrow_RH_M700_TuneCP5_13TeV-madgraph-pythia8_34nominal.root
-rw-r--r-- 1 fsimpson gridusers 2155746 Apr 24 09:18 PairVLQ_x53x53_tWtW_narrow_RH_M700_TuneCP5_13TeV-madgraph-pythia8_35nominal.root
-rw-r--r-- 1 fsimpson gridusers 2078646 Apr 24 09:18 PairVLQ_x53x53_tWtW_narrow_RH_M700_TuneCP5_13TeV-madgraph-pythia8_36nominal.root
-rw-r--r-- 1 fsimpson gridusers 2200043 Apr 24 09:18 PairVLQ_x53x53_tWtW_narrow_RH_M700_TuneCP5_13TeV-madgraph-pythia8_37nominal.root
-rw-r--r-- 1 fsimpson gridusers 2253089 Apr 24 09:18 PairVLQ_x53x53_tWtW_narrow_RH_M700_TuneCP5_13TeV-madgraph-pythia8_38nominal.root
-rw-r--r-- 1 fsimpson gridusers 2012780 Apr 24 09:18 PairVLQ_x53x53_tWtW_narrow_RH_M700_TuneCP5_13TeV-madgraph-pythia8_39nominal.root
-rw-r--r-- 1 fsimpson gridusers 2088101 Apr 24 09:18 PairVLQ_x53x53_tWtW_narrow_RH_M700_TuneCP5_13TeV-madgraph-pythia8_3nominal.root
-rw-r--r-- 1 fsimpson gridusers 1139591 Apr 24 09:18 PairVLQ_x53x53_tWtW_narrow_RH_M700_TuneCP5_13TeV-madgraph-pythia8_4nominal.root
>> xrdcp output for condor
hadd Target file: PairVLQ_x53x53_tWtW_narrow_RH_M700_TuneCP5_13TeV-madgraph-pythia8_3nominal_hadd.root
hadd compression setting for all ouput: 1
hadd Source file 1: PairVLQ_x53x53_tWtW_narrow_RH_M700_TuneCP5_13TeV-madgraph-pythia8_153nominal.root
hadd Source file 2: PairVLQ_x53x53_tWtW_narrow_RH_M700_TuneCP5_13TeV-madgraph-pythia8_154nominal.root
hadd Source file 3: PairVLQ_x53x53_tWtW_narrow_RH_M700_TuneCP5_13TeV-madgraph-pythia8_155nominal.root
hadd Source file 4: PairVLQ_x53x53_tWtW_narrow_RH_M700_TuneCP5_13TeV-madgraph-pythia8_16nominal.root
hadd Source file 5: PairVLQ_x53x53_tWtW_narrow_RH_M700_TuneCP5_13TeV-madgraph-pythia8_17nominal.root
hadd Source file 6: PairVLQ_x53x53_tWtW_narrow_RH_M700_TuneCP5_13TeV-madgraph-pythia8_18nominal.root
hadd Source file 7: PairVLQ_x53x53_tWtW_narrow_RH_M700_TuneCP5_13TeV-madgraph-pythia8_19nominal.root
hadd Source file 8: PairVLQ_x53x53_tWtW_narrow_RH_M700_TuneCP5_13TeV-madgraph-pythia8_20nominal.root
hadd Source file 9: PairVLQ_x53x53_tWtW_narrow_RH_M700_TuneCP5_13TeV-madgraph-pythia8_21nominal.root
hadd Source file 10: PairVLQ_x53x53_tWtW_narrow_RH_M700_TuneCP5_13TeV-madgraph-pythia8_22nominal.root
hadd Source file 11: PairVLQ_x53x53_tWtW_narrow_RH_M700_TuneCP5_13TeV-madgraph-pythia8_23nominal.root
hadd Source file 12: PairVLQ_x53x53_tWtW_narrow_RH_M700_TuneCP5_13TeV-madgraph-pythia8_24nominal.root
hadd Source file 13: PairVLQ_x53x53_tWtW_narrow_RH_M700_TuneCP5_13TeV-madgraph-pythia8_25nominal.root
hadd Source file 14: PairVLQ_x53x53_tWtW_narrow_RH_M700_TuneCP5_13TeV-madgraph-pythia8_26nominal.root
hadd Source file 15: PairVLQ_x53x53_tWtW_narrow_RH_M700_TuneCP5_13TeV-madgraph-pythia8_27nominal.root
hadd Source file 16: PairVLQ_x53x53_tWtW_narrow_RH_M700_TuneCP5_13TeV-madgraph-pythia8_28nominal.root
hadd Source file 17: PairVLQ_x53x53_tWtW_narrow_RH_M700_TuneCP5_13TeV-madgraph-pythia8_29nominal.root
hadd Source file 18: PairVLQ_x53x53_tWtW_narrow_RH_M700_TuneCP5_13TeV-madgraph-pythia8_2nominal.root
hadd Source file 19: PairVLQ_x53x53_tWtW_narrow_RH_M700_TuneCP5_13TeV-madgraph-pythia8_30nominal.root
hadd Source file 20: PairVLQ_x53x53_tWtW_narrow_RH_M700_TuneCP5_13TeV-madgraph-pythia8_31nominal.root
hadd Source file 21: PairVLQ_x53x53_tWtW_narrow_RH_M700_TuneCP5_13TeV-madgraph-pythia8_32nominal.root
hadd Source file 22: PairVLQ_x53x53_tWtW_narrow_RH_M700_TuneCP5_13TeV-madgraph-pythia8_33nominal.root
hadd Source file 23: PairVLQ_x53x53_tWtW_narrow_RH_M700_TuneCP5_13TeV-madgraph-pythia8_34nominal.root
hadd Source file 24: PairVLQ_x53x53_tWtW_narrow_RH_M700_TuneCP5_13TeV-madgraph-pythia8_35nominal.root
hadd Source file 25: PairVLQ_x53x53_tWtW_narrow_RH_M700_TuneCP5_13TeV-madgraph-pythia8_36nominal.root
hadd Source file 26: PairVLQ_x53x53_tWtW_narrow_RH_M700_TuneCP5_13TeV-madgraph-pythia8_37nominal.root
hadd Source file 27: PairVLQ_x53x53_tWtW_narrow_RH_M700_TuneCP5_13TeV-madgraph-pythia8_38nominal.root
hadd Source file 28: PairVLQ_x53x53_tWtW_narrow_RH_M700_TuneCP5_13TeV-madgraph-pythia8_39nominal.root
hadd Source file 29: PairVLQ_x53x53_tWtW_narrow_RH_M700_TuneCP5_13TeV-madgraph-pythia8_3nominal.root
hadd Source file 30: PairVLQ_x53x53_tWtW_narrow_RH_M700_TuneCP5_13TeV-madgraph-pythia8_4nominal.root
hadd Target path: PairVLQ_x53x53_tWtW_narrow_RH_M700_TuneCP5_13TeV-madgraph-pythia8_3nominal_hadd.root:/
>> mv PairVLQ_x53x53_tWtW_narrow_RH_M700_TuneCP5_13TeV-madgraph-pythia8_3nominal_hadd.root /isilon/hadoop/store/group/bruxljm/FWLJMET106XUL_singleLep2017UL_RunIISummer20_X53X53_step1/nominal/PairVLQ_x53x53_tWtW_narrow_RH_M700_TuneCP5_13TeV-madgraph-pythia8/PairVLQ_x53x53_tWtW_narrow_RH_M700_TuneCP5_13TeV-madgraph-pythia8_3.root
[DONE]
