/isilon/condor/hep105.hep.brown.edu/execute/dir_217128
>> Setting macroDir to PWD

Processing compile_step1.C...
>> Running on BRUX, PairVLQ_x53x53_tWtW_narrow_RH_M1600_TuneCP5_13TeV-madgraph-pythia8 stored on BRUX
>> Input file path: /isilon/hadoop/store/group/bruxljm/FWLJMET106XUL_singleLep2017UL_RunIISummer20_X53X53/PairVLQ_x53x53_tWtW_narrow_RH_M1600_TuneCP5_13TeV-madgraph-pythia8/singleLep2017UL/230310_182613/0000
>> Running step1 over list: 153 154 155 16 17 18 19 2 20 21 22 23 24 25 26 27 28 29 3 30 31 32 33 34 35 36 37 38 39 4
>> Adding PairVLQ_x53x53_tWtW_narrow_RH_M1600_TuneCP5_13TeV-madgraph-pythia8_153.root to the list by reading PairVLQ_x53x53_tWtW_narrow_RH_M1600_TuneCP5_13TeV-madgraph-pythia8_153
>> Adding PairVLQ_x53x53_tWtW_narrow_RH_M1600_TuneCP5_13TeV-madgraph-pythia8_154.root to the list by reading PairVLQ_x53x53_tWtW_narrow_RH_M1600_TuneCP5_13TeV-madgraph-pythia8_154
>> Adding PairVLQ_x53x53_tWtW_narrow_RH_M1600_TuneCP5_13TeV-madgraph-pythia8_155.root to the list by reading PairVLQ_x53x53_tWtW_narrow_RH_M1600_TuneCP5_13TeV-madgraph-pythia8_155
>> Adding PairVLQ_x53x53_tWtW_narrow_RH_M1600_TuneCP5_13TeV-madgraph-pythia8_16.root to the list by reading PairVLQ_x53x53_tWtW_narrow_RH_M1600_TuneCP5_13TeV-madgraph-pythia8_16
>> Adding PairVLQ_x53x53_tWtW_narrow_RH_M1600_TuneCP5_13TeV-madgraph-pythia8_17.root to the list by reading PairVLQ_x53x53_tWtW_narrow_RH_M1600_TuneCP5_13TeV-madgraph-pythia8_17
>> Adding PairVLQ_x53x53_tWtW_narrow_RH_M1600_TuneCP5_13TeV-madgraph-pythia8_18.root to the list by reading PairVLQ_x53x53_tWtW_narrow_RH_M1600_TuneCP5_13TeV-madgraph-pythia8_18
>> Adding PairVLQ_x53x53_tWtW_narrow_RH_M1600_TuneCP5_13TeV-madgraph-pythia8_19.root to the list by reading PairVLQ_x53x53_tWtW_narrow_RH_M1600_TuneCP5_13TeV-madgraph-pythia8_19
>> Adding PairVLQ_x53x53_tWtW_narrow_RH_M1600_TuneCP5_13TeV-madgraph-pythia8_2.root to the list by reading PairVLQ_x53x53_tWtW_narrow_RH_M1600_TuneCP5_13TeV-madgraph-pythia8_2
>> Adding PairVLQ_x53x53_tWtW_narrow_RH_M1600_TuneCP5_13TeV-madgraph-pythia8_20.root to the list by reading PairVLQ_x53x53_tWtW_narrow_RH_M1600_TuneCP5_13TeV-madgraph-pythia8_20
>> Adding PairVLQ_x53x53_tWtW_narrow_RH_M1600_TuneCP5_13TeV-madgraph-pythia8_21.root to the list by reading PairVLQ_x53x53_tWtW_narrow_RH_M1600_TuneCP5_13TeV-madgraph-pythia8_21
>> Adding PairVLQ_x53x53_tWtW_narrow_RH_M1600_TuneCP5_13TeV-madgraph-pythia8_22.root to the list by reading PairVLQ_x53x53_tWtW_narrow_RH_M1600_TuneCP5_13TeV-madgraph-pythia8_22
>> Adding PairVLQ_x53x53_tWtW_narrow_RH_M1600_TuneCP5_13TeV-madgraph-pythia8_23.root to the list by reading PairVLQ_x53x53_tWtW_narrow_RH_M1600_TuneCP5_13TeV-madgraph-pythia8_23
>> Adding PairVLQ_x53x53_tWtW_narrow_RH_M1600_TuneCP5_13TeV-madgraph-pythia8_24.root to the list by reading PairVLQ_x53x53_tWtW_narrow_RH_M1600_TuneCP5_13TeV-madgraph-pythia8_24
>> Adding PairVLQ_x53x53_tWtW_narrow_RH_M1600_TuneCP5_13TeV-madgraph-pythia8_25.root to the list by reading PairVLQ_x53x53_tWtW_narrow_RH_M1600_TuneCP5_13TeV-madgraph-pythia8_25
>> Adding PairVLQ_x53x53_tWtW_narrow_RH_M1600_TuneCP5_13TeV-madgraph-pythia8_26.root to the list by reading PairVLQ_x53x53_tWtW_narrow_RH_M1600_TuneCP5_13TeV-madgraph-pythia8_26
>> Adding PairVLQ_x53x53_tWtW_narrow_RH_M1600_TuneCP5_13TeV-madgraph-pythia8_27.root to the list by reading PairVLQ_x53x53_tWtW_narrow_RH_M1600_TuneCP5_13TeV-madgraph-pythia8_27
>> Adding PairVLQ_x53x53_tWtW_narrow_RH_M1600_TuneCP5_13TeV-madgraph-pythia8_28.root to the list by reading PairVLQ_x53x53_tWtW_narrow_RH_M1600_TuneCP5_13TeV-madgraph-pythia8_28
>> Adding PairVLQ_x53x53_tWtW_narrow_RH_M1600_TuneCP5_13TeV-madgraph-pythia8_29.root to the list by reading PairVLQ_x53x53_tWtW_narrow_RH_M1600_TuneCP5_13TeV-madgraph-pythia8_29
>> Adding PairVLQ_x53x53_tWtW_narrow_RH_M1600_TuneCP5_13TeV-madgraph-pythia8_3.root to the list by reading PairVLQ_x53x53_tWtW_narrow_RH_M1600_TuneCP5_13TeV-madgraph-pythia8_3
>> Adding PairVLQ_x53x53_tWtW_narrow_RH_M1600_TuneCP5_13TeV-madgraph-pythia8_30.root to the list by reading PairVLQ_x53x53_tWtW_narrow_RH_M1600_TuneCP5_13TeV-madgraph-pythia8_30
>> Adding PairVLQ_x53x53_tWtW_narrow_RH_M1600_TuneCP5_13TeV-madgraph-pythia8_31.root to the list by reading PairVLQ_x53x53_tWtW_narrow_RH_M1600_TuneCP5_13TeV-madgraph-pythia8_31
>> Adding PairVLQ_x53x53_tWtW_narrow_RH_M1600_TuneCP5_13TeV-madgraph-pythia8_32.root to the list by reading PairVLQ_x53x53_tWtW_narrow_RH_M1600_TuneCP5_13TeV-madgraph-pythia8_32
>> Adding PairVLQ_x53x53_tWtW_narrow_RH_M1600_TuneCP5_13TeV-madgraph-pythia8_33.root to the list by reading PairVLQ_x53x53_tWtW_narrow_RH_M1600_TuneCP5_13TeV-madgraph-pythia8_33
>> Adding PairVLQ_x53x53_tWtW_narrow_RH_M1600_TuneCP5_13TeV-madgraph-pythia8_34.root to the list by reading PairVLQ_x53x53_tWtW_narrow_RH_M1600_TuneCP5_13TeV-madgraph-pythia8_34
>> Adding PairVLQ_x53x53_tWtW_narrow_RH_M1600_TuneCP5_13TeV-madgraph-pythia8_35.root to the list by reading PairVLQ_x53x53_tWtW_narrow_RH_M1600_TuneCP5_13TeV-madgraph-pythia8_35
>> Adding PairVLQ_x53x53_tWtW_narrow_RH_M1600_TuneCP5_13TeV-madgraph-pythia8_36.root to the list by reading PairVLQ_x53x53_tWtW_narrow_RH_M1600_TuneCP5_13TeV-madgraph-pythia8_36
>> Adding PairVLQ_x53x53_tWtW_narrow_RH_M1600_TuneCP5_13TeV-madgraph-pythia8_37.root to the list by reading PairVLQ_x53x53_tWtW_narrow_RH_M1600_TuneCP5_13TeV-madgraph-pythia8_37
>> Adding PairVLQ_x53x53_tWtW_narrow_RH_M1600_TuneCP5_13TeV-madgraph-pythia8_38.root to the list by reading PairVLQ_x53x53_tWtW_narrow_RH_M1600_TuneCP5_13TeV-madgraph-pythia8_38
>> Adding PairVLQ_x53x53_tWtW_narrow_RH_M1600_TuneCP5_13TeV-madgraph-pythia8_39.root to the list by reading PairVLQ_x53x53_tWtW_narrow_RH_M1600_TuneCP5_13TeV-madgraph-pythia8_39
>> Adding PairVLQ_x53x53_tWtW_narrow_RH_M1600_TuneCP5_13TeV-madgraph-pythia8_4.root to the list by reading PairVLQ_x53x53_tWtW_narrow_RH_M1600_TuneCP5_13TeV-madgraph-pythia8_4
[OPT] Using deepCSV reshaping file: reshaping_deepCSV_106XUL17_v4.csv
[OPT] Using deepJet reshaping file: reshaping_deepJet_106XUL17_v4.csv

>> Running /isilon/hadoop/store/group/bruxljm/FWLJMET106XUL_singleLep2017UL_RunIISummer20_X53X53/PairVLQ_x53x53_tWtW_narrow_RH_M1600_TuneCP5_13TeV-madgraph-pythia8/singleLep2017UL/230310_182613/0000/PairVLQ_x53x53_tWtW_narrow_RH_M1600_TuneCP5_13TeV-madgraph-pythia8_153.root for shift: nominal
[step1.h] Opening file: /isilon/hadoop/store/group/bruxljm/FWLJMET106XUL_singleLep2017UL_RunIISummer20_X53X53/PairVLQ_x53x53_tWtW_narrow_RH_M1600_TuneCP5_13TeV-madgraph-pythia8/singleLep2017UL/230310_182613/0000/PairVLQ_x53x53_tWtW_narrow_RH_M1600_TuneCP5_13TeV-madgraph-pythia8_153.root
[step1.h] Finished initializing
RUN CONFIG: YEAR = 2017
Era = 
isMC = 1, isSig = 1, SigMass = 9
isHad =0, isSE =0, isSM =0
isTTTT = 0, isXX = 1, isTpTp = 0, isBpBp = 0
For W's: isTT = 0, isSTt = 0, isSTtW = 0
For jets & PDF: isTOP = 0, isMadgraphBkg = 1
For HOTTagger Efficiencies: isTTV = 0, isTTHbb = 0, isTTHnonbb = 0, isTTTX = 0
isTTVV = 0, isST = 0, isTTToSemiLeptonHT500Njet9 = 0
Pileup sample key: PairVLQ_x53x53_tWtW_narrow_RH_M1600_TuneCP5_13TeV-madgraph-pythia8
b-tagging working points: 0.304(DeepJet)0.4506(DeepCSV)
isTTincMtt0to700: 0
isTTincMtt0to1000: 0
isTTincMtt700to1000: 0
isTTincMtt1000toInf: 0
isTTSemilepIncHT0Njet0: 0
isTTSemilepIncHT500Njet9: 0
outTTLF: 0
outTTCC: 0
outTTBB: 0
outTT1B: 0
outTT2B: 0
>> Completed 0 out of 1019 events
[INFO] Defaulting to central deepJet weight for: nominal
>> Completed 1000 out of 1019 events
Nelectrons      = 476 / 1019
Npassed_ElEta   = 476 / 1019
Nmuons          = 543 / 1019
NrelIsoFail     = 0 / 1019
Npassed_MuEta   = 543 / 1019
Npassed_nAK8Jets= 1019 / 1019
Npassed_Trigger = 974 / 1019
Npassed_MET     = 945 / 1019
Npassed_lepPt   = 952 / 1019
Npassed_HT      = 1019 / 1019
npass_Njets     = 1013 / 1019
Npassed_ALL     = 877 / 1019

>> Running /isilon/hadoop/store/group/bruxljm/FWLJMET106XUL_singleLep2017UL_RunIISummer20_X53X53/PairVLQ_x53x53_tWtW_narrow_RH_M1600_TuneCP5_13TeV-madgraph-pythia8/singleLep2017UL/230310_182613/0000/PairVLQ_x53x53_tWtW_narrow_RH_M1600_TuneCP5_13TeV-madgraph-pythia8_154.root for shift: nominal
[step1.h] Opening file: /isilon/hadoop/store/group/bruxljm/FWLJMET106XUL_singleLep2017UL_RunIISummer20_X53X53/PairVLQ_x53x53_tWtW_narrow_RH_M1600_TuneCP5_13TeV-madgraph-pythia8/singleLep2017UL/230310_182613/0000/PairVLQ_x53x53_tWtW_narrow_RH_M1600_TuneCP5_13TeV-madgraph-pythia8_154.root
[step1.h] Finished initializing
RUN CONFIG: YEAR = 2017
Era = 
isMC = 1, isSig = 1, SigMass = 9
isHad =0, isSE =0, isSM =0
isTTTT = 0, isXX = 1, isTpTp = 0, isBpBp = 0
For W's: isTT = 0, isSTt = 0, isSTtW = 0
For jets & PDF: isTOP = 0, isMadgraphBkg = 1
For HOTTagger Efficiencies: isTTV = 0, isTTHbb = 0, isTTHnonbb = 0, isTTTX = 0
isTTVV = 0, isST = 0, isTTToSemiLeptonHT500Njet9 = 0
Pileup sample key: PairVLQ_x53x53_tWtW_narrow_RH_M1600_TuneCP5_13TeV-madgraph-pythia8
b-tagging working points: 0.304(DeepJet)0.4506(DeepCSV)
isTTincMtt0to700: 0
isTTincMtt0to1000: 0
isTTincMtt700to1000: 0
isTTincMtt1000toInf: 0
isTTSemilepIncHT0Njet0: 0
isTTSemilepIncHT500Njet9: 0
outTTLF: 0
outTTCC: 0
outTTBB: 0
outTT1B: 0
outTT2B: 0
>> Completed 0 out of 1064 events
[INFO] Defaulting to central deepJet weight for: nominal
>> Completed 1000 out of 1064 events
Nelectrons      = 470 / 1064
Npassed_ElEta   = 470 / 1064
Nmuons          = 594 / 1064
NrelIsoFail     = 0 / 1064
Npassed_MuEta   = 594 / 1064
Npassed_nAK8Jets= 1064 / 1064
Npassed_Trigger = 1029 / 1064
Npassed_MET     = 975 / 1064
Npassed_lepPt   = 982 / 1064
Npassed_HT      = 1064 / 1064
npass_Njets     = 1060 / 1064
Npassed_ALL     = 898 / 1064

>> Running /isilon/hadoop/store/group/bruxljm/FWLJMET106XUL_singleLep2017UL_RunIISummer20_X53X53/PairVLQ_x53x53_tWtW_narrow_RH_M1600_TuneCP5_13TeV-madgraph-pythia8/singleLep2017UL/230310_182613/0000/PairVLQ_x53x53_tWtW_narrow_RH_M1600_TuneCP5_13TeV-madgraph-pythia8_155.root for shift: nominal
[step1.h] Opening file: /isilon/hadoop/store/group/bruxljm/FWLJMET106XUL_singleLep2017UL_RunIISummer20_X53X53/PairVLQ_x53x53_tWtW_narrow_RH_M1600_TuneCP5_13TeV-madgraph-pythia8/singleLep2017UL/230310_182613/0000/PairVLQ_x53x53_tWtW_narrow_RH_M1600_TuneCP5_13TeV-madgraph-pythia8_155.root
[step1.h] Finished initializing
RUN CONFIG: YEAR = 2017
Era = 
isMC = 1, isSig = 1, SigMass = 9
isHad =0, isSE =0, isSM =0
isTTTT = 0, isXX = 1, isTpTp = 0, isBpBp = 0
For W's: isTT = 0, isSTt = 0, isSTtW = 0
For jets & PDF: isTOP = 0, isMadgraphBkg = 1
For HOTTagger Efficiencies: isTTV = 0, isTTHbb = 0, isTTHnonbb = 0, isTTTX = 0
isTTVV = 0, isST = 0, isTTToSemiLeptonHT500Njet9 = 0
Pileup sample key: PairVLQ_x53x53_tWtW_narrow_RH_M1600_TuneCP5_13TeV-madgraph-pythia8
b-tagging working points: 0.304(DeepJet)0.4506(DeepCSV)
isTTincMtt0to700: 0
isTTincMtt0to1000: 0
isTTincMtt700to1000: 0
isTTincMtt1000toInf: 0
isTTSemilepIncHT0Njet0: 0
isTTSemilepIncHT500Njet9: 0
outTTLF: 0
outTTCC: 0
outTTBB: 0
outTT1B: 0
outTT2B: 0
>> Completed 0 out of 1073 events
[INFO] Defaulting to central deepJet weight for: nominal
>> Completed 1000 out of 1073 events
Nelectrons      = 493 / 1073
Npassed_ElEta   = 493 / 1073
Nmuons          = 580 / 1073
NrelIsoFail     = 0 / 1073
Npassed_MuEta   = 580 / 1073
Npassed_nAK8Jets= 1073 / 1073
Npassed_Trigger = 1035 / 1073
Npassed_MET     = 996 / 1073
Npassed_lepPt   = 1000 / 1073
Npassed_HT      = 1072 / 1073
npass_Njets     = 1070 / 1073
Npassed_ALL     = 922 / 1073

>> Running /isilon/hadoop/store/group/bruxljm/FWLJMET106XUL_singleLep2017UL_RunIISummer20_X53X53/PairVLQ_x53x53_tWtW_narrow_RH_M1600_TuneCP5_13TeV-madgraph-pythia8/singleLep2017UL/230310_182613/0000/PairVLQ_x53x53_tWtW_narrow_RH_M1600_TuneCP5_13TeV-madgraph-pythia8_16.root for shift: nominal
[step1.h] Opening file: /isilon/hadoop/store/group/bruxljm/FWLJMET106XUL_singleLep2017UL_RunIISummer20_X53X53/PairVLQ_x53x53_tWtW_narrow_RH_M1600_TuneCP5_13TeV-madgraph-pythia8/singleLep2017UL/230310_182613/0000/PairVLQ_x53x53_tWtW_narrow_RH_M1600_TuneCP5_13TeV-madgraph-pythia8_16.root
[step1.h] Finished initializing
RUN CONFIG: YEAR = 2017
Era = 
isMC = 1, isSig = 1, SigMass = 9
isHad =0, isSE =0, isSM =0
isTTTT = 0, isXX = 1, isTpTp = 0, isBpBp = 0
For W's: isTT = 0, isSTt = 0, isSTtW = 0
For jets & PDF: isTOP = 0, isMadgraphBkg = 1
For HOTTagger Efficiencies: isTTV = 0, isTTHbb = 0, isTTHnonbb = 0, isTTTX = 0
isTTVV = 0, isST = 0, isTTToSemiLeptonHT500Njet9 = 0
Pileup sample key: PairVLQ_x53x53_tWtW_narrow_RH_M1600_TuneCP5_13TeV-madgraph-pythia8
b-tagging working points: 0.304(DeepJet)0.4506(DeepCSV)
isTTincMtt0to700: 0
isTTincMtt0to1000: 0
isTTincMtt700to1000: 0
isTTincMtt1000toInf: 0
isTTSemilepIncHT0Njet0: 0
isTTSemilepIncHT500Njet9: 0
outTTLF: 0
outTTCC: 0
outTTBB: 0
outTT1B: 0
outTT2B: 0
>> Completed 0 out of 1057 events
[INFO] Defaulting to central deepJet weight for: nominal
>> Completed 1000 out of 1057 events
Nelectrons      = 484 / 1057
Npassed_ElEta   = 484 / 1057
Nmuons          = 573 / 1057
NrelIsoFail     = 0 / 1057
Npassed_MuEta   = 573 / 1057
Npassed_nAK8Jets= 1057 / 1057
Npassed_Trigger = 1029 / 1057
Npassed_MET     = 987 / 1057
Npassed_lepPt   = 978 / 1057
Npassed_HT      = 1057 / 1057
npass_Njets     = 1052 / 1057
Npassed_ALL     = 909 / 1057

>> Running /isilon/hadoop/store/group/bruxljm/FWLJMET106XUL_singleLep2017UL_RunIISummer20_X53X53/PairVLQ_x53x53_tWtW_narrow_RH_M1600_TuneCP5_13TeV-madgraph-pythia8/singleLep2017UL/230310_182613/0000/PairVLQ_x53x53_tWtW_narrow_RH_M1600_TuneCP5_13TeV-madgraph-pythia8_17.root for shift: nominal
[step1.h] Opening file: /isilon/hadoop/store/group/bruxljm/FWLJMET106XUL_singleLep2017UL_RunIISummer20_X53X53/PairVLQ_x53x53_tWtW_narrow_RH_M1600_TuneCP5_13TeV-madgraph-pythia8/singleLep2017UL/230310_182613/0000/PairVLQ_x53x53_tWtW_narrow_RH_M1600_TuneCP5_13TeV-madgraph-pythia8_17.root
[step1.h] Finished initializing
RUN CONFIG: YEAR = 2017
Era = 
isMC = 1, isSig = 1, SigMass = 9
isHad =0, isSE =0, isSM =0
isTTTT = 0, isXX = 1, isTpTp = 0, isBpBp = 0
For W's: isTT = 0, isSTt = 0, isSTtW = 0
For jets & PDF: isTOP = 0, isMadgraphBkg = 1
For HOTTagger Efficiencies: isTTV = 0, isTTHbb = 0, isTTHnonbb = 0, isTTTX = 0
isTTVV = 0, isST = 0, isTTToSemiLeptonHT500Njet9 = 0
Pileup sample key: PairVLQ_x53x53_tWtW_narrow_RH_M1600_TuneCP5_13TeV-madgraph-pythia8
b-tagging working points: 0.304(DeepJet)0.4506(DeepCSV)
isTTincMtt0to700: 0
isTTincMtt0to1000: 0
isTTincMtt700to1000: 0
isTTincMtt1000toInf: 0
isTTSemilepIncHT0Njet0: 0
isTTSemilepIncHT500Njet9: 0
outTTLF: 0
outTTCC: 0
outTTBB: 0
outTT1B: 0
outTT2B: 0
>> Completed 0 out of 1042 events
[INFO] Defaulting to central deepJet weight for: nominal
>> Completed 1000 out of 1042 events
Nelectrons      = 493 / 1042
Npassed_ElEta   = 493 / 1042
Nmuons          = 549 / 1042
NrelIsoFail     = 0 / 1042
Npassed_MuEta   = 549 / 1042
Npassed_nAK8Jets= 1042 / 1042
Npassed_Trigger = 1009 / 1042
Npassed_MET     = 919 / 1042
Npassed_lepPt   = 968 / 1042
Npassed_HT      = 1042 / 1042
npass_Njets     = 1034 / 1042
Npassed_ALL     = 840 / 1042

>> Running /isilon/hadoop/store/group/bruxljm/FWLJMET106XUL_singleLep2017UL_RunIISummer20_X53X53/PairVLQ_x53x53_tWtW_narrow_RH_M1600_TuneCP5_13TeV-madgraph-pythia8/singleLep2017UL/230310_182613/0000/PairVLQ_x53x53_tWtW_narrow_RH_M1600_TuneCP5_13TeV-madgraph-pythia8_18.root for shift: nominal
[step1.h] Opening file: /isilon/hadoop/store/group/bruxljm/FWLJMET106XUL_singleLep2017UL_RunIISummer20_X53X53/PairVLQ_x53x53_tWtW_narrow_RH_M1600_TuneCP5_13TeV-madgraph-pythia8/singleLep2017UL/230310_182613/0000/PairVLQ_x53x53_tWtW_narrow_RH_M1600_TuneCP5_13TeV-madgraph-pythia8_18.root
[step1.h] Finished initializing
RUN CONFIG: YEAR = 2017
Era = 
isMC = 1, isSig = 1, SigMass = 9
isHad =0, isSE =0, isSM =0
isTTTT = 0, isXX = 1, isTpTp = 0, isBpBp = 0
For W's: isTT = 0, isSTt = 0, isSTtW = 0
For jets & PDF: isTOP = 0, isMadgraphBkg = 1
For HOTTagger Efficiencies: isTTV = 0, isTTHbb = 0, isTTHnonbb = 0, isTTTX = 0
isTTVV = 0, isST = 0, isTTToSemiLeptonHT500Njet9 = 0
Pileup sample key: PairVLQ_x53x53_tWtW_narrow_RH_M1600_TuneCP5_13TeV-madgraph-pythia8
b-tagging working points: 0.304(DeepJet)0.4506(DeepCSV)
isTTincMtt0to700: 0
isTTincMtt0to1000: 0
isTTincMtt700to1000: 0
isTTincMtt1000toInf: 0
isTTSemilepIncHT0Njet0: 0
isTTSemilepIncHT500Njet9: 0
outTTLF: 0
outTTCC: 0
outTTBB: 0
outTT1B: 0
outTT2B: 0
>> Completed 0 out of 1027 events
[INFO] Defaulting to central deepJet weight for: nominal
>> Completed 1000 out of 1027 events
Nelectrons      = 471 / 1027
Npassed_ElEta   = 471 / 1027
Nmuons          = 556 / 1027
NrelIsoFail     = 0 / 1027
Npassed_MuEta   = 556 / 1027
Npassed_nAK8Jets= 1027 / 1027
Npassed_Trigger = 981 / 1027
Npassed_MET     = 922 / 1027
Npassed_lepPt   = 960 / 1027
Npassed_HT      = 1026 / 1027
npass_Njets     = 1023 / 1027
Npassed_ALL     = 861 / 1027

>> Running /isilon/hadoop/store/group/bruxljm/FWLJMET106XUL_singleLep2017UL_RunIISummer20_X53X53/PairVLQ_x53x53_tWtW_narrow_RH_M1600_TuneCP5_13TeV-madgraph-pythia8/singleLep2017UL/230310_182613/0000/PairVLQ_x53x53_tWtW_narrow_RH_M1600_TuneCP5_13TeV-madgraph-pythia8_19.root for shift: nominal
[step1.h] Opening file: /isilon/hadoop/store/group/bruxljm/FWLJMET106XUL_singleLep2017UL_RunIISummer20_X53X53/PairVLQ_x53x53_tWtW_narrow_RH_M1600_TuneCP5_13TeV-madgraph-pythia8/singleLep2017UL/230310_182613/0000/PairVLQ_x53x53_tWtW_narrow_RH_M1600_TuneCP5_13TeV-madgraph-pythia8_19.root
[step1.h] Finished initializing
RUN CONFIG: YEAR = 2017
Era = 
isMC = 1, isSig = 1, SigMass = 9
isHad =0, isSE =0, isSM =0
isTTTT = 0, isXX = 1, isTpTp = 0, isBpBp = 0
For W's: isTT = 0, isSTt = 0, isSTtW = 0
For jets & PDF: isTOP = 0, isMadgraphBkg = 1
For HOTTagger Efficiencies: isTTV = 0, isTTHbb = 0, isTTHnonbb = 0, isTTTX = 0
isTTVV = 0, isST = 0, isTTToSemiLeptonHT500Njet9 = 0
Pileup sample key: PairVLQ_x53x53_tWtW_narrow_RH_M1600_TuneCP5_13TeV-madgraph-pythia8
b-tagging working points: 0.304(DeepJet)0.4506(DeepCSV)
isTTincMtt0to700: 0
isTTincMtt0to1000: 0
isTTincMtt700to1000: 0
isTTincMtt1000toInf: 0
isTTSemilepIncHT0Njet0: 0
isTTSemilepIncHT500Njet9: 0
outTTLF: 0
outTTCC: 0
outTTBB: 0
outTT1B: 0
outTT2B: 0
>> Completed 0 out of 1033 events
[INFO] Defaulting to central deepJet weight for: nominal
>> Completed 1000 out of 1033 events
Nelectrons      = 475 / 1033
Npassed_ElEta   = 475 / 1033
Nmuons          = 558 / 1033
NrelIsoFail     = 0 / 1033
Npassed_MuEta   = 558 / 1033
Npassed_nAK8Jets= 1033 / 1033
Npassed_Trigger = 995 / 1033
Npassed_MET     = 957 / 1033
Npassed_lepPt   = 974 / 1033
Npassed_HT      = 1033 / 1033
npass_Njets     = 1029 / 1033
Npassed_ALL     = 896 / 1033

>> Running /isilon/hadoop/store/group/bruxljm/FWLJMET106XUL_singleLep2017UL_RunIISummer20_X53X53/PairVLQ_x53x53_tWtW_narrow_RH_M1600_TuneCP5_13TeV-madgraph-pythia8/singleLep2017UL/230310_182613/0000/PairVLQ_x53x53_tWtW_narrow_RH_M1600_TuneCP5_13TeV-madgraph-pythia8_2.root for shift: nominal
[step1.h] Opening file: /isilon/hadoop/store/group/bruxljm/FWLJMET106XUL_singleLep2017UL_RunIISummer20_X53X53/PairVLQ_x53x53_tWtW_narrow_RH_M1600_TuneCP5_13TeV-madgraph-pythia8/singleLep2017UL/230310_182613/0000/PairVLQ_x53x53_tWtW_narrow_RH_M1600_TuneCP5_13TeV-madgraph-pythia8_2.root
[step1.h] Finished initializing
RUN CONFIG: YEAR = 2017
Era = 
isMC = 1, isSig = 1, SigMass = 9
isHad =0, isSE =0, isSM =0
isTTTT = 0, isXX = 1, isTpTp = 0, isBpBp = 0
For W's: isTT = 0, isSTt = 0, isSTtW = 0
For jets & PDF: isTOP = 0, isMadgraphBkg = 1
For HOTTagger Efficiencies: isTTV = 0, isTTHbb = 0, isTTHnonbb = 0, isTTTX = 0
isTTVV = 0, isST = 0, isTTToSemiLeptonHT500Njet9 = 0
Pileup sample key: PairVLQ_x53x53_tWtW_narrow_RH_M1600_TuneCP5_13TeV-madgraph-pythia8
b-tagging working points: 0.304(DeepJet)0.4506(DeepCSV)
isTTincMtt0to700: 0
isTTincMtt0to1000: 0
isTTincMtt700to1000: 0
isTTincMtt1000toInf: 0
isTTSemilepIncHT0Njet0: 0
isTTSemilepIncHT500Njet9: 0
outTTLF: 0
outTTCC: 0
outTTBB: 0
outTT1B: 0
outTT2B: 0
>> Completed 0 out of 1018 events
[INFO] Defaulting to central deepJet weight for: nominal
>> Completed 1000 out of 1018 events
Nelectrons      = 471 / 1018
Npassed_ElEta   = 471 / 1018
Nmuons          = 547 / 1018
NrelIsoFail     = 0 / 1018
Npassed_MuEta   = 547 / 1018
Npassed_nAK8Jets= 1018 / 1018
Npassed_Trigger = 986 / 1018
Npassed_MET     = 940 / 1018
Npassed_lepPt   = 956 / 1018
Npassed_HT      = 1018 / 1018
npass_Njets     = 1014 / 1018
Npassed_ALL     = 879 / 1018

>> Running /isilon/hadoop/store/group/bruxljm/FWLJMET106XUL_singleLep2017UL_RunIISummer20_X53X53/PairVLQ_x53x53_tWtW_narrow_RH_M1600_TuneCP5_13TeV-madgraph-pythia8/singleLep2017UL/230310_182613/0000/PairVLQ_x53x53_tWtW_narrow_RH_M1600_TuneCP5_13TeV-madgraph-pythia8_20.root for shift: nominal
[step1.h] Opening file: /isilon/hadoop/store/group/bruxljm/FWLJMET106XUL_singleLep2017UL_RunIISummer20_X53X53/PairVLQ_x53x53_tWtW_narrow_RH_M1600_TuneCP5_13TeV-madgraph-pythia8/singleLep2017UL/230310_182613/0000/PairVLQ_x53x53_tWtW_narrow_RH_M1600_TuneCP5_13TeV-madgraph-pythia8_20.root
[step1.h] Finished initializing
RUN CONFIG: YEAR = 2017
Era = 
isMC = 1, isSig = 1, SigMass = 9
isHad =0, isSE =0, isSM =0
isTTTT = 0, isXX = 1, isTpTp = 0, isBpBp = 0
For W's: isTT = 0, isSTt = 0, isSTtW = 0
For jets & PDF: isTOP = 0, isMadgraphBkg = 1
For HOTTagger Efficiencies: isTTV = 0, isTTHbb = 0, isTTHnonbb = 0, isTTTX = 0
isTTVV = 0, isST = 0, isTTToSemiLeptonHT500Njet9 = 0
Pileup sample key: PairVLQ_x53x53_tWtW_narrow_RH_M1600_TuneCP5_13TeV-madgraph-pythia8
b-tagging working points: 0.304(DeepJet)0.4506(DeepCSV)
isTTincMtt0to700: 0
isTTincMtt0to1000: 0
isTTincMtt700to1000: 0
isTTincMtt1000toInf: 0
isTTSemilepIncHT0Njet0: 0
isTTSemilepIncHT500Njet9: 0
outTTLF: 0
outTTCC: 0
outTTBB: 0
outTT1B: 0
outTT2B: 0
>> Completed 0 out of 1056 events
[INFO] Defaulting to central deepJet weight for: nominal
>> Completed 1000 out of 1056 events
Nelectrons      = 474 / 1056
Npassed_ElEta   = 474 / 1056
Nmuons          = 582 / 1056
NrelIsoFail     = 0 / 1056
Npassed_MuEta   = 582 / 1056
Npassed_nAK8Jets= 1056 / 1056
Npassed_Trigger = 1026 / 1056
Npassed_MET     = 959 / 1056
Npassed_lepPt   = 965 / 1056
Npassed_HT      = 1056 / 1056
npass_Njets     = 1056 / 1056
Npassed_ALL     = 875 / 1056

>> Running /isilon/hadoop/store/group/bruxljm/FWLJMET106XUL_singleLep2017UL_RunIISummer20_X53X53/PairVLQ_x53x53_tWtW_narrow_RH_M1600_TuneCP5_13TeV-madgraph-pythia8/singleLep2017UL/230310_182613/0000/PairVLQ_x53x53_tWtW_narrow_RH_M1600_TuneCP5_13TeV-madgraph-pythia8_21.root for shift: nominal
[step1.h] Opening file: /isilon/hadoop/store/group/bruxljm/FWLJMET106XUL_singleLep2017UL_RunIISummer20_X53X53/PairVLQ_x53x53_tWtW_narrow_RH_M1600_TuneCP5_13TeV-madgraph-pythia8/singleLep2017UL/230310_182613/0000/PairVLQ_x53x53_tWtW_narrow_RH_M1600_TuneCP5_13TeV-madgraph-pythia8_21.root
[step1.h] Finished initializing
RUN CONFIG: YEAR = 2017
Era = 
isMC = 1, isSig = 1, SigMass = 9
isHad =0, isSE =0, isSM =0
isTTTT = 0, isXX = 1, isTpTp = 0, isBpBp = 0
For W's: isTT = 0, isSTt = 0, isSTtW = 0
For jets & PDF: isTOP = 0, isMadgraphBkg = 1
For HOTTagger Efficiencies: isTTV = 0, isTTHbb = 0, isTTHnonbb = 0, isTTTX = 0
isTTVV = 0, isST = 0, isTTToSemiLeptonHT500Njet9 = 0
Pileup sample key: PairVLQ_x53x53_tWtW_narrow_RH_M1600_TuneCP5_13TeV-madgraph-pythia8
b-tagging working points: 0.304(DeepJet)0.4506(DeepCSV)
isTTincMtt0to700: 0
isTTincMtt0to1000: 0
isTTincMtt700to1000: 0
isTTincMtt1000toInf: 0
isTTSemilepIncHT0Njet0: 0
isTTSemilepIncHT500Njet9: 0
outTTLF: 0
outTTCC: 0
outTTBB: 0
outTT1B: 0
outTT2B: 0
>> Completed 0 out of 1091 events
[INFO] Defaulting to central deepJet weight for: nominal
>> Completed 1000 out of 1091 events
Nelectrons      = 509 / 1091
Npassed_ElEta   = 509 / 1091
Nmuons          = 582 / 1091
NrelIsoFail     = 0 / 1091
Npassed_MuEta   = 582 / 1091
Npassed_nAK8Jets= 1091 / 1091
Npassed_Trigger = 1045 / 1091
Npassed_MET     = 999 / 1091
Npassed_lepPt   = 1022 / 1091
Npassed_HT      = 1089 / 1091
npass_Njets     = 1083 / 1091
Npassed_ALL     = 929 / 1091

>> Running /isilon/hadoop/store/group/bruxljm/FWLJMET106XUL_singleLep2017UL_RunIISummer20_X53X53/PairVLQ_x53x53_tWtW_narrow_RH_M1600_TuneCP5_13TeV-madgraph-pythia8/singleLep2017UL/230310_182613/0000/PairVLQ_x53x53_tWtW_narrow_RH_M1600_TuneCP5_13TeV-madgraph-pythia8_22.root for shift: nominal
[step1.h] Opening file: /isilon/hadoop/store/group/bruxljm/FWLJMET106XUL_singleLep2017UL_RunIISummer20_X53X53/PairVLQ_x53x53_tWtW_narrow_RH_M1600_TuneCP5_13TeV-madgraph-pythia8/singleLep2017UL/230310_182613/0000/PairVLQ_x53x53_tWtW_narrow_RH_M1600_TuneCP5_13TeV-madgraph-pythia8_22.root
[step1.h] Finished initializing
RUN CONFIG: YEAR = 2017
Era = 
isMC = 1, isSig = 1, SigMass = 9
isHad =0, isSE =0, isSM =0
isTTTT = 0, isXX = 1, isTpTp = 0, isBpBp = 0
For W's: isTT = 0, isSTt = 0, isSTtW = 0
For jets & PDF: isTOP = 0, isMadgraphBkg = 1
For HOTTagger Efficiencies: isTTV = 0, isTTHbb = 0, isTTHnonbb = 0, isTTTX = 0
isTTVV = 0, isST = 0, isTTToSemiLeptonHT500Njet9 = 0
Pileup sample key: PairVLQ_x53x53_tWtW_narrow_RH_M1600_TuneCP5_13TeV-madgraph-pythia8
b-tagging working points: 0.304(DeepJet)0.4506(DeepCSV)
isTTincMtt0to700: 0
isTTincMtt0to1000: 0
isTTincMtt700to1000: 0
isTTincMtt1000toInf: 0
isTTSemilepIncHT0Njet0: 0
isTTSemilepIncHT500Njet9: 0
outTTLF: 0
outTTCC: 0
outTTBB: 0
outTT1B: 0
outTT2B: 0
>> Completed 0 out of 495 events
[INFO] Defaulting to central deepJet weight for: nominal
Nelectrons      = 223 / 495
Npassed_ElEta   = 223 / 495
Nmuons          = 272 / 495
NrelIsoFail     = 0 / 495
Npassed_MuEta   = 272 / 495
Npassed_nAK8Jets= 495 / 495
Npassed_Trigger = 479 / 495
Npassed_MET     = 463 / 495
Npassed_lepPt   = 465 / 495
Npassed_HT      = 495 / 495
npass_Njets     = 494 / 495
Npassed_ALL     = 434 / 495

>> Running /isilon/hadoop/store/group/bruxljm/FWLJMET106XUL_singleLep2017UL_RunIISummer20_X53X53/PairVLQ_x53x53_tWtW_narrow_RH_M1600_TuneCP5_13TeV-madgraph-pythia8/singleLep2017UL/230310_182613/0000/PairVLQ_x53x53_tWtW_narrow_RH_M1600_TuneCP5_13TeV-madgraph-pythia8_23.root for shift: nominal
[step1.h] Opening file: /isilon/hadoop/store/group/bruxljm/FWLJMET106XUL_singleLep2017UL_RunIISummer20_X53X53/PairVLQ_x53x53_tWtW_narrow_RH_M1600_TuneCP5_13TeV-madgraph-pythia8/singleLep2017UL/230310_182613/0000/PairVLQ_x53x53_tWtW_narrow_RH_M1600_TuneCP5_13TeV-madgraph-pythia8_23.root
[step1.h] Finished initializing
RUN CONFIG: YEAR = 2017
Era = 
isMC = 1, isSig = 1, SigMass = 9
isHad =0, isSE =0, isSM =0
isTTTT = 0, isXX = 1, isTpTp = 0, isBpBp = 0
For W's: isTT = 0, isSTt = 0, isSTtW = 0
For jets & PDF: isTOP = 0, isMadgraphBkg = 1
For HOTTagger Efficiencies: isTTV = 0, isTTHbb = 0, isTTHnonbb = 0, isTTTX = 0
isTTVV = 0, isST = 0, isTTToSemiLeptonHT500Njet9 = 0
Pileup sample key: PairVLQ_x53x53_tWtW_narrow_RH_M1600_TuneCP5_13TeV-madgraph-pythia8
b-tagging working points: 0.304(DeepJet)0.4506(DeepCSV)
isTTincMtt0to700: 0
isTTincMtt0to1000: 0
isTTincMtt700to1000: 0
isTTincMtt1000toInf: 0
isTTSemilepIncHT0Njet0: 0
isTTSemilepIncHT500Njet9: 0
outTTLF: 0
outTTCC: 0
outTTBB: 0
outTT1B: 0
outTT2B: 0
>> Completed 0 out of 1014 events
[INFO] Defaulting to central deepJet weight for: nominal
>> Completed 1000 out of 1014 events
Nelectrons      = 463 / 1014
Npassed_ElEta   = 463 / 1014
Nmuons          = 551 / 1014
NrelIsoFail     = 0 / 1014
Npassed_MuEta   = 551 / 1014
Npassed_nAK8Jets= 1014 / 1014
Npassed_Trigger = 978 / 1014
Npassed_MET     = 926 / 1014
Npassed_lepPt   = 947 / 1014
Npassed_HT      = 1014 / 1014
npass_Njets     = 1009 / 1014
Npassed_ALL     = 861 / 1014

>> Running /isilon/hadoop/store/group/bruxljm/FWLJMET106XUL_singleLep2017UL_RunIISummer20_X53X53/PairVLQ_x53x53_tWtW_narrow_RH_M1600_TuneCP5_13TeV-madgraph-pythia8/singleLep2017UL/230310_182613/0000/PairVLQ_x53x53_tWtW_narrow_RH_M1600_TuneCP5_13TeV-madgraph-pythia8_24.root for shift: nominal
[step1.h] Opening file: /isilon/hadoop/store/group/bruxljm/FWLJMET106XUL_singleLep2017UL_RunIISummer20_X53X53/PairVLQ_x53x53_tWtW_narrow_RH_M1600_TuneCP5_13TeV-madgraph-pythia8/singleLep2017UL/230310_182613/0000/PairVLQ_x53x53_tWtW_narrow_RH_M1600_TuneCP5_13TeV-madgraph-pythia8_24.root
[step1.h] Finished initializing
RUN CONFIG: YEAR = 2017
Era = 
isMC = 1, isSig = 1, SigMass = 9
isHad =0, isSE =0, isSM =0
isTTTT = 0, isXX = 1, isTpTp = 0, isBpBp = 0
For W's: isTT = 0, isSTt = 0, isSTtW = 0
For jets & PDF: isTOP = 0, isMadgraphBkg = 1
For HOTTagger Efficiencies: isTTV = 0, isTTHbb = 0, isTTHnonbb = 0, isTTTX = 0
isTTVV = 0, isST = 0, isTTToSemiLeptonHT500Njet9 = 0
Pileup sample key: PairVLQ_x53x53_tWtW_narrow_RH_M1600_TuneCP5_13TeV-madgraph-pythia8
b-tagging working points: 0.304(DeepJet)0.4506(DeepCSV)
isTTincMtt0to700: 0
isTTincMtt0to1000: 0
isTTincMtt700to1000: 0
isTTincMtt1000toInf: 0
isTTSemilepIncHT0Njet0: 0
isTTSemilepIncHT500Njet9: 0
outTTLF: 0
outTTCC: 0
outTTBB: 0
outTT1B: 0
outTT2B: 0
>> Completed 0 out of 1041 events
[INFO] Defaulting to central deepJet weight for: nominal
>> Completed 1000 out of 1041 events
Nelectrons      = 478 / 1041
Npassed_ElEta   = 478 / 1041
Nmuons          = 563 / 1041
NrelIsoFail     = 0 / 1041
Npassed_MuEta   = 563 / 1041
Npassed_nAK8Jets= 1041 / 1041
Npassed_Trigger = 1006 / 1041
Npassed_MET     = 948 / 1041
Npassed_lepPt   = 968 / 1041
Npassed_HT      = 1040 / 1041
npass_Njets     = 1038 / 1041
Npassed_ALL     = 880 / 1041

>> Running /isilon/hadoop/store/group/bruxljm/FWLJMET106XUL_singleLep2017UL_RunIISummer20_X53X53/PairVLQ_x53x53_tWtW_narrow_RH_M1600_TuneCP5_13TeV-madgraph-pythia8/singleLep2017UL/230310_182613/0000/PairVLQ_x53x53_tWtW_narrow_RH_M1600_TuneCP5_13TeV-madgraph-pythia8_25.root for shift: nominal
[step1.h] Opening file: /isilon/hadoop/store/group/bruxljm/FWLJMET106XUL_singleLep2017UL_RunIISummer20_X53X53/PairVLQ_x53x53_tWtW_narrow_RH_M1600_TuneCP5_13TeV-madgraph-pythia8/singleLep2017UL/230310_182613/0000/PairVLQ_x53x53_tWtW_narrow_RH_M1600_TuneCP5_13TeV-madgraph-pythia8_25.root
[step1.h] Finished initializing
RUN CONFIG: YEAR = 2017
Era = 
isMC = 1, isSig = 1, SigMass = 9
isHad =0, isSE =0, isSM =0
isTTTT = 0, isXX = 1, isTpTp = 0, isBpBp = 0
For W's: isTT = 0, isSTt = 0, isSTtW = 0
For jets & PDF: isTOP = 0, isMadgraphBkg = 1
For HOTTagger Efficiencies: isTTV = 0, isTTHbb = 0, isTTHnonbb = 0, isTTTX = 0
isTTVV = 0, isST = 0, isTTToSemiLeptonHT500Njet9 = 0
Pileup sample key: PairVLQ_x53x53_tWtW_narrow_RH_M1600_TuneCP5_13TeV-madgraph-pythia8
b-tagging working points: 0.304(DeepJet)0.4506(DeepCSV)
isTTincMtt0to700: 0
isTTincMtt0to1000: 0
isTTincMtt700to1000: 0
isTTincMtt1000toInf: 0
isTTSemilepIncHT0Njet0: 0
isTTSemilepIncHT500Njet9: 0
outTTLF: 0
outTTCC: 0
outTTBB: 0
outTT1B: 0
outTT2B: 0
>> Completed 0 out of 1040 events
[INFO] Defaulting to central deepJet weight for: nominal
>> Completed 1000 out of 1040 events
Nelectrons      = 499 / 1040
Npassed_ElEta   = 499 / 1040
Nmuons          = 541 / 1040
NrelIsoFail     = 0 / 1040
Npassed_MuEta   = 541 / 1040
Npassed_nAK8Jets= 1040 / 1040
Npassed_Trigger = 1007 / 1040
Npassed_MET     = 945 / 1040
Npassed_lepPt   = 953 / 1040
Npassed_HT      = 1038 / 1040
npass_Njets     = 1036 / 1040
Npassed_ALL     = 867 / 1040

>> Running /isilon/hadoop/store/group/bruxljm/FWLJMET106XUL_singleLep2017UL_RunIISummer20_X53X53/PairVLQ_x53x53_tWtW_narrow_RH_M1600_TuneCP5_13TeV-madgraph-pythia8/singleLep2017UL/230310_182613/0000/PairVLQ_x53x53_tWtW_narrow_RH_M1600_TuneCP5_13TeV-madgraph-pythia8_26.root for shift: nominal
[step1.h] Opening file: /isilon/hadoop/store/group/bruxljm/FWLJMET106XUL_singleLep2017UL_RunIISummer20_X53X53/PairVLQ_x53x53_tWtW_narrow_RH_M1600_TuneCP5_13TeV-madgraph-pythia8/singleLep2017UL/230310_182613/0000/PairVLQ_x53x53_tWtW_narrow_RH_M1600_TuneCP5_13TeV-madgraph-pythia8_26.root
[step1.h] Finished initializing
RUN CONFIG: YEAR = 2017
Era = 
isMC = 1, isSig = 1, SigMass = 9
isHad =0, isSE =0, isSM =0
isTTTT = 0, isXX = 1, isTpTp = 0, isBpBp = 0
For W's: isTT = 0, isSTt = 0, isSTtW = 0
For jets & PDF: isTOP = 0, isMadgraphBkg = 1
For HOTTagger Efficiencies: isTTV = 0, isTTHbb = 0, isTTHnonbb = 0, isTTTX = 0
isTTVV = 0, isST = 0, isTTToSemiLeptonHT500Njet9 = 0
Pileup sample key: PairVLQ_x53x53_tWtW_narrow_RH_M1600_TuneCP5_13TeV-madgraph-pythia8
b-tagging working points: 0.304(DeepJet)0.4506(DeepCSV)
isTTincMtt0to700: 0
isTTincMtt0to1000: 0
isTTincMtt700to1000: 0
isTTincMtt1000toInf: 0
isTTSemilepIncHT0Njet0: 0
isTTSemilepIncHT500Njet9: 0
outTTLF: 0
outTTCC: 0
outTTBB: 0
outTT1B: 0
outTT2B: 0
>> Completed 0 out of 1044 events
[INFO] Defaulting to central deepJet weight for: nominal
>> Completed 1000 out of 1044 events
Nelectrons      = 447 / 1044
Npassed_ElEta   = 447 / 1044
Nmuons          = 597 / 1044
NrelIsoFail     = 0 / 1044
Npassed_MuEta   = 597 / 1044
Npassed_nAK8Jets= 1044 / 1044
Npassed_Trigger = 1007 / 1044
Npassed_MET     = 973 / 1044
Npassed_lepPt   = 995 / 1044
Npassed_HT      = 1042 / 1044
npass_Njets     = 1040 / 1044
Npassed_ALL     = 921 / 1044

>> Running /isilon/hadoop/store/group/bruxljm/FWLJMET106XUL_singleLep2017UL_RunIISummer20_X53X53/PairVLQ_x53x53_tWtW_narrow_RH_M1600_TuneCP5_13TeV-madgraph-pythia8/singleLep2017UL/230310_182613/0000/PairVLQ_x53x53_tWtW_narrow_RH_M1600_TuneCP5_13TeV-madgraph-pythia8_27.root for shift: nominal
[step1.h] Opening file: /isilon/hadoop/store/group/bruxljm/FWLJMET106XUL_singleLep2017UL_RunIISummer20_X53X53/PairVLQ_x53x53_tWtW_narrow_RH_M1600_TuneCP5_13TeV-madgraph-pythia8/singleLep2017UL/230310_182613/0000/PairVLQ_x53x53_tWtW_narrow_RH_M1600_TuneCP5_13TeV-madgraph-pythia8_27.root
[step1.h] Finished initializing
RUN CONFIG: YEAR = 2017
Era = 
isMC = 1, isSig = 1, SigMass = 9
isHad =0, isSE =0, isSM =0
isTTTT = 0, isXX = 1, isTpTp = 0, isBpBp = 0
For W's: isTT = 0, isSTt = 0, isSTtW = 0
For jets & PDF: isTOP = 0, isMadgraphBkg = 1
For HOTTagger Efficiencies: isTTV = 0, isTTHbb = 0, isTTHnonbb = 0, isTTTX = 0
isTTVV = 0, isST = 0, isTTToSemiLeptonHT500Njet9 = 0
Pileup sample key: PairVLQ_x53x53_tWtW_narrow_RH_M1600_TuneCP5_13TeV-madgraph-pythia8
b-tagging working points: 0.304(DeepJet)0.4506(DeepCSV)
isTTincMtt0to700: 0
isTTincMtt0to1000: 0
isTTincMtt700to1000: 0
isTTincMtt1000toInf: 0
isTTSemilepIncHT0Njet0: 0
isTTSemilepIncHT500Njet9: 0
outTTLF: 0
outTTCC: 0
outTTBB: 0
outTT1B: 0
outTT2B: 0
>> Completed 0 out of 1097 events
[INFO] Defaulting to central deepJet weight for: nominal
>> Completed 1000 out of 1097 events
Nelectrons      = 483 / 1097
Npassed_ElEta   = 483 / 1097
Nmuons          = 614 / 1097
NrelIsoFail     = 0 / 1097
Npassed_MuEta   = 614 / 1097
Npassed_nAK8Jets= 1097 / 1097
Npassed_Trigger = 1058 / 1097
Npassed_MET     = 1001 / 1097
Npassed_lepPt   = 1028 / 1097
Npassed_HT      = 1096 / 1097
npass_Njets     = 1091 / 1097
Npassed_ALL     = 929 / 1097

>> Running /isilon/hadoop/store/group/bruxljm/FWLJMET106XUL_singleLep2017UL_RunIISummer20_X53X53/PairVLQ_x53x53_tWtW_narrow_RH_M1600_TuneCP5_13TeV-madgraph-pythia8/singleLep2017UL/230310_182613/0000/PairVLQ_x53x53_tWtW_narrow_RH_M1600_TuneCP5_13TeV-madgraph-pythia8_28.root for shift: nominal
[step1.h] Opening file: /isilon/hadoop/store/group/bruxljm/FWLJMET106XUL_singleLep2017UL_RunIISummer20_X53X53/PairVLQ_x53x53_tWtW_narrow_RH_M1600_TuneCP5_13TeV-madgraph-pythia8/singleLep2017UL/230310_182613/0000/PairVLQ_x53x53_tWtW_narrow_RH_M1600_TuneCP5_13TeV-madgraph-pythia8_28.root
[step1.h] Finished initializing
RUN CONFIG: YEAR = 2017
Era = 
isMC = 1, isSig = 1, SigMass = 9
isHad =0, isSE =0, isSM =0
isTTTT = 0, isXX = 1, isTpTp = 0, isBpBp = 0
For W's: isTT = 0, isSTt = 0, isSTtW = 0
For jets & PDF: isTOP = 0, isMadgraphBkg = 1
For HOTTagger Efficiencies: isTTV = 0, isTTHbb = 0, isTTHnonbb = 0, isTTTX = 0
isTTVV = 0, isST = 0, isTTToSemiLeptonHT500Njet9 = 0
Pileup sample key: PairVLQ_x53x53_tWtW_narrow_RH_M1600_TuneCP5_13TeV-madgraph-pythia8
b-tagging working points: 0.304(DeepJet)0.4506(DeepCSV)
isTTincMtt0to700: 0
isTTincMtt0to1000: 0
isTTincMtt700to1000: 0
isTTincMtt1000toInf: 0
isTTSemilepIncHT0Njet0: 0
isTTSemilepIncHT500Njet9: 0
outTTLF: 0
outTTCC: 0
outTTBB: 0
outTT1B: 0
outTT2B: 0
>> Completed 0 out of 1009 events
[INFO] Defaulting to central deepJet weight for: nominal
>> Completed 1000 out of 1009 events
Nelectrons      = 501 / 1009
Npassed_ElEta   = 501 / 1009
Nmuons          = 508 / 1009
NrelIsoFail     = 0 / 1009
Npassed_MuEta   = 508 / 1009
Npassed_nAK8Jets= 1009 / 1009
Npassed_Trigger = 970 / 1009
Npassed_MET     = 930 / 1009
Npassed_lepPt   = 943 / 1009
Npassed_HT      = 1007 / 1009
npass_Njets     = 1003 / 1009
Npassed_ALL     = 862 / 1009

>> Running /isilon/hadoop/store/group/bruxljm/FWLJMET106XUL_singleLep2017UL_RunIISummer20_X53X53/PairVLQ_x53x53_tWtW_narrow_RH_M1600_TuneCP5_13TeV-madgraph-pythia8/singleLep2017UL/230310_182613/0000/PairVLQ_x53x53_tWtW_narrow_RH_M1600_TuneCP5_13TeV-madgraph-pythia8_29.root for shift: nominal
[step1.h] Opening file: /isilon/hadoop/store/group/bruxljm/FWLJMET106XUL_singleLep2017UL_RunIISummer20_X53X53/PairVLQ_x53x53_tWtW_narrow_RH_M1600_TuneCP5_13TeV-madgraph-pythia8/singleLep2017UL/230310_182613/0000/PairVLQ_x53x53_tWtW_narrow_RH_M1600_TuneCP5_13TeV-madgraph-pythia8_29.root
[step1.h] Finished initializing
RUN CONFIG: YEAR = 2017
Era = 
isMC = 1, isSig = 1, SigMass = 9
isHad =0, isSE =0, isSM =0
isTTTT = 0, isXX = 1, isTpTp = 0, isBpBp = 0
For W's: isTT = 0, isSTt = 0, isSTtW = 0
For jets & PDF: isTOP = 0, isMadgraphBkg = 1
For HOTTagger Efficiencies: isTTV = 0, isTTHbb = 0, isTTHnonbb = 0, isTTTX = 0
isTTVV = 0, isST = 0, isTTToSemiLeptonHT500Njet9 = 0
Pileup sample key: PairVLQ_x53x53_tWtW_narrow_RH_M1600_TuneCP5_13TeV-madgraph-pythia8
b-tagging working points: 0.304(DeepJet)0.4506(DeepCSV)
isTTincMtt0to700: 0
isTTincMtt0to1000: 0
isTTincMtt700to1000: 0
isTTincMtt1000toInf: 0
isTTSemilepIncHT0Njet0: 0
isTTSemilepIncHT500Njet9: 0
outTTLF: 0
outTTCC: 0
outTTBB: 0
outTT1B: 0
outTT2B: 0
>> Completed 0 out of 1052 events
[INFO] Defaulting to central deepJet weight for: nominal
>> Completed 1000 out of 1052 events
Nelectrons      = 502 / 1052
Npassed_ElEta   = 502 / 1052
Nmuons          = 550 / 1052
NrelIsoFail     = 0 / 1052
Npassed_MuEta   = 550 / 1052
Npassed_nAK8Jets= 1052 / 1052
Npassed_Trigger = 1017 / 1052
Npassed_MET     = 972 / 1052
Npassed_lepPt   = 961 / 1052
Npassed_HT      = 1051 / 1052
npass_Njets     = 1047 / 1052
Npassed_ALL     = 882 / 1052

>> Running /isilon/hadoop/store/group/bruxljm/FWLJMET106XUL_singleLep2017UL_RunIISummer20_X53X53/PairVLQ_x53x53_tWtW_narrow_RH_M1600_TuneCP5_13TeV-madgraph-pythia8/singleLep2017UL/230310_182613/0000/PairVLQ_x53x53_tWtW_narrow_RH_M1600_TuneCP5_13TeV-madgraph-pythia8_3.root for shift: nominal
[step1.h] Opening file: /isilon/hadoop/store/group/bruxljm/FWLJMET106XUL_singleLep2017UL_RunIISummer20_X53X53/PairVLQ_x53x53_tWtW_narrow_RH_M1600_TuneCP5_13TeV-madgraph-pythia8/singleLep2017UL/230310_182613/0000/PairVLQ_x53x53_tWtW_narrow_RH_M1600_TuneCP5_13TeV-madgraph-pythia8_3.root
[step1.h] Finished initializing
RUN CONFIG: YEAR = 2017
Era = 
isMC = 1, isSig = 1, SigMass = 9
isHad =0, isSE =0, isSM =0
isTTTT = 0, isXX = 1, isTpTp = 0, isBpBp = 0
For W's: isTT = 0, isSTt = 0, isSTtW = 0
For jets & PDF: isTOP = 0, isMadgraphBkg = 1
For HOTTagger Efficiencies: isTTV = 0, isTTHbb = 0, isTTHnonbb = 0, isTTTX = 0
isTTVV = 0, isST = 0, isTTToSemiLeptonHT500Njet9 = 0
Pileup sample key: PairVLQ_x53x53_tWtW_narrow_RH_M1600_TuneCP5_13TeV-madgraph-pythia8
b-tagging working points: 0.304(DeepJet)0.4506(DeepCSV)
isTTincMtt0to700: 0
isTTincMtt0to1000: 0
isTTincMtt700to1000: 0
isTTincMtt1000toInf: 0
isTTSemilepIncHT0Njet0: 0
isTTSemilepIncHT500Njet9: 0
outTTLF: 0
outTTCC: 0
outTTBB: 0
outTT1B: 0
outTT2B: 0
>> Completed 0 out of 491 events
[INFO] Defaulting to central deepJet weight for: nominal
Nelectrons      = 224 / 491
Npassed_ElEta   = 224 / 491
Nmuons          = 267 / 491
NrelIsoFail     = 0 / 491
Npassed_MuEta   = 267 / 491
Npassed_nAK8Jets= 491 / 491
Npassed_Trigger = 473 / 491
Npassed_MET     = 439 / 491
Npassed_lepPt   = 449 / 491
Npassed_HT      = 489 / 491
npass_Njets     = 490 / 491
Npassed_ALL     = 398 / 491

>> Running /isilon/hadoop/store/group/bruxljm/FWLJMET106XUL_singleLep2017UL_RunIISummer20_X53X53/PairVLQ_x53x53_tWtW_narrow_RH_M1600_TuneCP5_13TeV-madgraph-pythia8/singleLep2017UL/230310_182613/0000/PairVLQ_x53x53_tWtW_narrow_RH_M1600_TuneCP5_13TeV-madgraph-pythia8_30.root for shift: nominal
[step1.h] Opening file: /isilon/hadoop/store/group/bruxljm/FWLJMET106XUL_singleLep2017UL_RunIISummer20_X53X53/PairVLQ_x53x53_tWtW_narrow_RH_M1600_TuneCP5_13TeV-madgraph-pythia8/singleLep2017UL/230310_182613/0000/PairVLQ_x53x53_tWtW_narrow_RH_M1600_TuneCP5_13TeV-madgraph-pythia8_30.root
[step1.h] Finished initializing
RUN CONFIG: YEAR = 2017
Era = 
isMC = 1, isSig = 1, SigMass = 9
isHad =0, isSE =0, isSM =0
isTTTT = 0, isXX = 1, isTpTp = 0, isBpBp = 0
For W's: isTT = 0, isSTt = 0, isSTtW = 0
For jets & PDF: isTOP = 0, isMadgraphBkg = 1
For HOTTagger Efficiencies: isTTV = 0, isTTHbb = 0, isTTHnonbb = 0, isTTTX = 0
isTTVV = 0, isST = 0, isTTToSemiLeptonHT500Njet9 = 0
Pileup sample key: PairVLQ_x53x53_tWtW_narrow_RH_M1600_TuneCP5_13TeV-madgraph-pythia8
b-tagging working points: 0.304(DeepJet)0.4506(DeepCSV)
isTTincMtt0to700: 0
isTTincMtt0to1000: 0
isTTincMtt700to1000: 0
isTTincMtt1000toInf: 0
isTTSemilepIncHT0Njet0: 0
isTTSemilepIncHT500Njet9: 0
outTTLF: 0
outTTCC: 0
outTTBB: 0
outTT1B: 0
outTT2B: 0
>> Completed 0 out of 1042 events
[INFO] Defaulting to central deepJet weight for: nominal
>> Completed 1000 out of 1042 events
Nelectrons      = 475 / 1042
Npassed_ElEta   = 475 / 1042
Nmuons          = 567 / 1042
NrelIsoFail     = 0 / 1042
Npassed_MuEta   = 567 / 1042
Npassed_nAK8Jets= 1042 / 1042
Npassed_Trigger = 1003 / 1042
Npassed_MET     = 961 / 1042
Npassed_lepPt   = 978 / 1042
Npassed_HT      = 1040 / 1042
npass_Njets     = 1039 / 1042
Npassed_ALL     = 901 / 1042

>> Running /isilon/hadoop/store/group/bruxljm/FWLJMET106XUL_singleLep2017UL_RunIISummer20_X53X53/PairVLQ_x53x53_tWtW_narrow_RH_M1600_TuneCP5_13TeV-madgraph-pythia8/singleLep2017UL/230310_182613/0000/PairVLQ_x53x53_tWtW_narrow_RH_M1600_TuneCP5_13TeV-madgraph-pythia8_31.root for shift: nominal
[step1.h] Opening file: /isilon/hadoop/store/group/bruxljm/FWLJMET106XUL_singleLep2017UL_RunIISummer20_X53X53/PairVLQ_x53x53_tWtW_narrow_RH_M1600_TuneCP5_13TeV-madgraph-pythia8/singleLep2017UL/230310_182613/0000/PairVLQ_x53x53_tWtW_narrow_RH_M1600_TuneCP5_13TeV-madgraph-pythia8_31.root
[step1.h] Finished initializing
RUN CONFIG: YEAR = 2017
Era = 
isMC = 1, isSig = 1, SigMass = 9
isHad =0, isSE =0, isSM =0
isTTTT = 0, isXX = 1, isTpTp = 0, isBpBp = 0
For W's: isTT = 0, isSTt = 0, isSTtW = 0
For jets & PDF: isTOP = 0, isMadgraphBkg = 1
For HOTTagger Efficiencies: isTTV = 0, isTTHbb = 0, isTTHnonbb = 0, isTTTX = 0
isTTVV = 0, isST = 0, isTTToSemiLeptonHT500Njet9 = 0
Pileup sample key: PairVLQ_x53x53_tWtW_narrow_RH_M1600_TuneCP5_13TeV-madgraph-pythia8
b-tagging working points: 0.304(DeepJet)0.4506(DeepCSV)
isTTincMtt0to700: 0
isTTincMtt0to1000: 0
isTTincMtt700to1000: 0
isTTincMtt1000toInf: 0
isTTSemilepIncHT0Njet0: 0
isTTSemilepIncHT500Njet9: 0
outTTLF: 0
outTTCC: 0
outTTBB: 0
outTT1B: 0
outTT2B: 0
>> Completed 0 out of 1033 events
[INFO] Defaulting to central deepJet weight for: nominal
>> Completed 1000 out of 1033 events
Nelectrons      = 463 / 1033
Npassed_ElEta   = 463 / 1033
Nmuons          = 570 / 1033
NrelIsoFail     = 0 / 1033
Npassed_MuEta   = 570 / 1033
Npassed_nAK8Jets= 1033 / 1033
Npassed_Trigger = 992 / 1033
Npassed_MET     = 941 / 1033
Npassed_lepPt   = 956 / 1033
Npassed_HT      = 1030 / 1033
npass_Njets     = 1026 / 1033
Npassed_ALL     = 861 / 1033

>> Running /isilon/hadoop/store/group/bruxljm/FWLJMET106XUL_singleLep2017UL_RunIISummer20_X53X53/PairVLQ_x53x53_tWtW_narrow_RH_M1600_TuneCP5_13TeV-madgraph-pythia8/singleLep2017UL/230310_182613/0000/PairVLQ_x53x53_tWtW_narrow_RH_M1600_TuneCP5_13TeV-madgraph-pythia8_32.root for shift: nominal
[step1.h] Opening file: /isilon/hadoop/store/group/bruxljm/FWLJMET106XUL_singleLep2017UL_RunIISummer20_X53X53/PairVLQ_x53x53_tWtW_narrow_RH_M1600_TuneCP5_13TeV-madgraph-pythia8/singleLep2017UL/230310_182613/0000/PairVLQ_x53x53_tWtW_narrow_RH_M1600_TuneCP5_13TeV-madgraph-pythia8_32.root
[step1.h] Finished initializing
RUN CONFIG: YEAR = 2017
Era = 
isMC = 1, isSig = 1, SigMass = 9
isHad =0, isSE =0, isSM =0
isTTTT = 0, isXX = 1, isTpTp = 0, isBpBp = 0
For W's: isTT = 0, isSTt = 0, isSTtW = 0
For jets & PDF: isTOP = 0, isMadgraphBkg = 1
For HOTTagger Efficiencies: isTTV = 0, isTTHbb = 0, isTTHnonbb = 0, isTTTX = 0
isTTVV = 0, isST = 0, isTTToSemiLeptonHT500Njet9 = 0
Pileup sample key: PairVLQ_x53x53_tWtW_narrow_RH_M1600_TuneCP5_13TeV-madgraph-pythia8
b-tagging working points: 0.304(DeepJet)0.4506(DeepCSV)
isTTincMtt0to700: 0
isTTincMtt0to1000: 0
isTTincMtt700to1000: 0
isTTincMtt1000toInf: 0
isTTSemilepIncHT0Njet0: 0
isTTSemilepIncHT500Njet9: 0
outTTLF: 0
outTTCC: 0
outTTBB: 0
outTT1B: 0
outTT2B: 0
>> Completed 0 out of 1029 events
[INFO] Defaulting to central deepJet weight for: nominal
>> Completed 1000 out of 1029 events
Nelectrons      = 460 / 1029
Npassed_ElEta   = 460 / 1029
Nmuons          = 569 / 1029
NrelIsoFail     = 0 / 1029
Npassed_MuEta   = 569 / 1029
Npassed_nAK8Jets= 1029 / 1029
Npassed_Trigger = 987 / 1029
Npassed_MET     = 935 / 1029
Npassed_lepPt   = 953 / 1029
Npassed_HT      = 1029 / 1029
npass_Njets     = 1026 / 1029
Npassed_ALL     = 862 / 1029

>> Running /isilon/hadoop/store/group/bruxljm/FWLJMET106XUL_singleLep2017UL_RunIISummer20_X53X53/PairVLQ_x53x53_tWtW_narrow_RH_M1600_TuneCP5_13TeV-madgraph-pythia8/singleLep2017UL/230310_182613/0000/PairVLQ_x53x53_tWtW_narrow_RH_M1600_TuneCP5_13TeV-madgraph-pythia8_33.root for shift: nominal
[step1.h] Opening file: /isilon/hadoop/store/group/bruxljm/FWLJMET106XUL_singleLep2017UL_RunIISummer20_X53X53/PairVLQ_x53x53_tWtW_narrow_RH_M1600_TuneCP5_13TeV-madgraph-pythia8/singleLep2017UL/230310_182613/0000/PairVLQ_x53x53_tWtW_narrow_RH_M1600_TuneCP5_13TeV-madgraph-pythia8_33.root
[step1.h] Finished initializing
RUN CONFIG: YEAR = 2017
Era = 
isMC = 1, isSig = 1, SigMass = 9
isHad =0, isSE =0, isSM =0
isTTTT = 0, isXX = 1, isTpTp = 0, isBpBp = 0
For W's: isTT = 0, isSTt = 0, isSTtW = 0
For jets & PDF: isTOP = 0, isMadgraphBkg = 1
For HOTTagger Efficiencies: isTTV = 0, isTTHbb = 0, isTTHnonbb = 0, isTTTX = 0
isTTVV = 0, isST = 0, isTTToSemiLeptonHT500Njet9 = 0
Pileup sample key: PairVLQ_x53x53_tWtW_narrow_RH_M1600_TuneCP5_13TeV-madgraph-pythia8
b-tagging working points: 0.304(DeepJet)0.4506(DeepCSV)
isTTincMtt0to700: 0
isTTincMtt0to1000: 0
isTTincMtt700to1000: 0
isTTincMtt1000toInf: 0
isTTSemilepIncHT0Njet0: 0
isTTSemilepIncHT500Njet9: 0
outTTLF: 0
outTTCC: 0
outTTBB: 0
outTT1B: 0
outTT2B: 0
>> Completed 0 out of 1045 events
[INFO] Defaulting to central deepJet weight for: nominal
>> Completed 1000 out of 1045 events
Nelectrons      = 505 / 1045
Npassed_ElEta   = 505 / 1045
Nmuons          = 540 / 1045
NrelIsoFail     = 0 / 1045
Npassed_MuEta   = 540 / 1045
Npassed_nAK8Jets= 1045 / 1045
Npassed_Trigger = 1011 / 1045
Npassed_MET     = 968 / 1045
Npassed_lepPt   = 990 / 1045
Npassed_HT      = 1043 / 1045
npass_Njets     = 1041 / 1045
Npassed_ALL     = 910 / 1045

>> Running /isilon/hadoop/store/group/bruxljm/FWLJMET106XUL_singleLep2017UL_RunIISummer20_X53X53/PairVLQ_x53x53_tWtW_narrow_RH_M1600_TuneCP5_13TeV-madgraph-pythia8/singleLep2017UL/230310_182613/0000/PairVLQ_x53x53_tWtW_narrow_RH_M1600_TuneCP5_13TeV-madgraph-pythia8_34.root for shift: nominal
[step1.h] Opening file: /isilon/hadoop/store/group/bruxljm/FWLJMET106XUL_singleLep2017UL_RunIISummer20_X53X53/PairVLQ_x53x53_tWtW_narrow_RH_M1600_TuneCP5_13TeV-madgraph-pythia8/singleLep2017UL/230310_182613/0000/PairVLQ_x53x53_tWtW_narrow_RH_M1600_TuneCP5_13TeV-madgraph-pythia8_34.root
[step1.h] Finished initializing
RUN CONFIG: YEAR = 2017
Era = 
isMC = 1, isSig = 1, SigMass = 9
isHad =0, isSE =0, isSM =0
isTTTT = 0, isXX = 1, isTpTp = 0, isBpBp = 0
For W's: isTT = 0, isSTt = 0, isSTtW = 0
For jets & PDF: isTOP = 0, isMadgraphBkg = 1
For HOTTagger Efficiencies: isTTV = 0, isTTHbb = 0, isTTHnonbb = 0, isTTTX = 0
isTTVV = 0, isST = 0, isTTToSemiLeptonHT500Njet9 = 0
Pileup sample key: PairVLQ_x53x53_tWtW_narrow_RH_M1600_TuneCP5_13TeV-madgraph-pythia8
b-tagging working points: 0.304(DeepJet)0.4506(DeepCSV)
isTTincMtt0to700: 0
isTTincMtt0to1000: 0
isTTincMtt700to1000: 0
isTTincMtt1000toInf: 0
isTTSemilepIncHT0Njet0: 0
isTTSemilepIncHT500Njet9: 0
outTTLF: 0
outTTCC: 0
outTTBB: 0
outTT1B: 0
outTT2B: 0
>> Completed 0 out of 1057 events
[INFO] Defaulting to central deepJet weight for: nominal
>> Completed 1000 out of 1057 events
Nelectrons      = 501 / 1057
Npassed_ElEta   = 501 / 1057
Nmuons          = 556 / 1057
NrelIsoFail     = 0 / 1057
Npassed_MuEta   = 556 / 1057
Npassed_nAK8Jets= 1057 / 1057
Npassed_Trigger = 1017 / 1057
Npassed_MET     = 951 / 1057
Npassed_lepPt   = 987 / 1057
Npassed_HT      = 1056 / 1057
npass_Njets     = 1050 / 1057
Npassed_ALL     = 882 / 1057

>> Running /isilon/hadoop/store/group/bruxljm/FWLJMET106XUL_singleLep2017UL_RunIISummer20_X53X53/PairVLQ_x53x53_tWtW_narrow_RH_M1600_TuneCP5_13TeV-madgraph-pythia8/singleLep2017UL/230310_182613/0000/PairVLQ_x53x53_tWtW_narrow_RH_M1600_TuneCP5_13TeV-madgraph-pythia8_35.root for shift: nominal
[step1.h] Opening file: /isilon/hadoop/store/group/bruxljm/FWLJMET106XUL_singleLep2017UL_RunIISummer20_X53X53/PairVLQ_x53x53_tWtW_narrow_RH_M1600_TuneCP5_13TeV-madgraph-pythia8/singleLep2017UL/230310_182613/0000/PairVLQ_x53x53_tWtW_narrow_RH_M1600_TuneCP5_13TeV-madgraph-pythia8_35.root
[step1.h] Finished initializing
RUN CONFIG: YEAR = 2017
Era = 
isMC = 1, isSig = 1, SigMass = 9
isHad =0, isSE =0, isSM =0
isTTTT = 0, isXX = 1, isTpTp = 0, isBpBp = 0
For W's: isTT = 0, isSTt = 0, isSTtW = 0
For jets & PDF: isTOP = 0, isMadgraphBkg = 1
For HOTTagger Efficiencies: isTTV = 0, isTTHbb = 0, isTTHnonbb = 0, isTTTX = 0
isTTVV = 0, isST = 0, isTTToSemiLeptonHT500Njet9 = 0
Pileup sample key: PairVLQ_x53x53_tWtW_narrow_RH_M1600_TuneCP5_13TeV-madgraph-pythia8
b-tagging working points: 0.304(DeepJet)0.4506(DeepCSV)
isTTincMtt0to700: 0
isTTincMtt0to1000: 0
isTTincMtt700to1000: 0
isTTincMtt1000toInf: 0
isTTSemilepIncHT0Njet0: 0
isTTSemilepIncHT500Njet9: 0
outTTLF: 0
outTTCC: 0
outTTBB: 0
outTT1B: 0
outTT2B: 0
>> Completed 0 out of 992 events
[INFO] Defaulting to central deepJet weight for: nominal
Nelectrons      = 462 / 992
Npassed_ElEta   = 462 / 992
Nmuons          = 530 / 992
NrelIsoFail     = 0 / 992
Npassed_MuEta   = 530 / 992
Npassed_nAK8Jets= 992 / 992
Npassed_Trigger = 957 / 992
Npassed_MET     = 904 / 992
Npassed_lepPt   = 921 / 992
Npassed_HT      = 991 / 992
npass_Njets     = 987 / 992
Npassed_ALL     = 835 / 992

>> Running /isilon/hadoop/store/group/bruxljm/FWLJMET106XUL_singleLep2017UL_RunIISummer20_X53X53/PairVLQ_x53x53_tWtW_narrow_RH_M1600_TuneCP5_13TeV-madgraph-pythia8/singleLep2017UL/230310_182613/0000/PairVLQ_x53x53_tWtW_narrow_RH_M1600_TuneCP5_13TeV-madgraph-pythia8_36.root for shift: nominal
[step1.h] Opening file: /isilon/hadoop/store/group/bruxljm/FWLJMET106XUL_singleLep2017UL_RunIISummer20_X53X53/PairVLQ_x53x53_tWtW_narrow_RH_M1600_TuneCP5_13TeV-madgraph-pythia8/singleLep2017UL/230310_182613/0000/PairVLQ_x53x53_tWtW_narrow_RH_M1600_TuneCP5_13TeV-madgraph-pythia8_36.root
[step1.h] Finished initializing
RUN CONFIG: YEAR = 2017
Era = 
isMC = 1, isSig = 1, SigMass = 9
isHad =0, isSE =0, isSM =0
isTTTT = 0, isXX = 1, isTpTp = 0, isBpBp = 0
For W's: isTT = 0, isSTt = 0, isSTtW = 0
For jets & PDF: isTOP = 0, isMadgraphBkg = 1
For HOTTagger Efficiencies: isTTV = 0, isTTHbb = 0, isTTHnonbb = 0, isTTTX = 0
isTTVV = 0, isST = 0, isTTToSemiLeptonHT500Njet9 = 0
Pileup sample key: PairVLQ_x53x53_tWtW_narrow_RH_M1600_TuneCP5_13TeV-madgraph-pythia8
b-tagging working points: 0.304(DeepJet)0.4506(DeepCSV)
isTTincMtt0to700: 0
isTTincMtt0to1000: 0
isTTincMtt700to1000: 0
isTTincMtt1000toInf: 0
isTTSemilepIncHT0Njet0: 0
isTTSemilepIncHT500Njet9: 0
outTTLF: 0
outTTCC: 0
outTTBB: 0
outTT1B: 0
outTT2B: 0
>> Completed 0 out of 1077 events
[INFO] Defaulting to central deepJet weight for: nominal
>> Completed 1000 out of 1077 events
Nelectrons      = 482 / 1077
Npassed_ElEta   = 482 / 1077
Nmuons          = 595 / 1077
NrelIsoFail     = 0 / 1077
Npassed_MuEta   = 595 / 1077
Npassed_nAK8Jets= 1077 / 1077
Npassed_Trigger = 1045 / 1077
Npassed_MET     = 980 / 1077
Npassed_lepPt   = 1014 / 1077
Npassed_HT      = 1077 / 1077
npass_Njets     = 1072 / 1077
Npassed_ALL     = 918 / 1077

>> Running /isilon/hadoop/store/group/bruxljm/FWLJMET106XUL_singleLep2017UL_RunIISummer20_X53X53/PairVLQ_x53x53_tWtW_narrow_RH_M1600_TuneCP5_13TeV-madgraph-pythia8/singleLep2017UL/230310_182613/0000/PairVLQ_x53x53_tWtW_narrow_RH_M1600_TuneCP5_13TeV-madgraph-pythia8_37.root for shift: nominal
[step1.h] Opening file: /isilon/hadoop/store/group/bruxljm/FWLJMET106XUL_singleLep2017UL_RunIISummer20_X53X53/PairVLQ_x53x53_tWtW_narrow_RH_M1600_TuneCP5_13TeV-madgraph-pythia8/singleLep2017UL/230310_182613/0000/PairVLQ_x53x53_tWtW_narrow_RH_M1600_TuneCP5_13TeV-madgraph-pythia8_37.root
[step1.h] Finished initializing
RUN CONFIG: YEAR = 2017
Era = 
isMC = 1, isSig = 1, SigMass = 9
isHad =0, isSE =0, isSM =0
isTTTT = 0, isXX = 1, isTpTp = 0, isBpBp = 0
For W's: isTT = 0, isSTt = 0, isSTtW = 0
For jets & PDF: isTOP = 0, isMadgraphBkg = 1
For HOTTagger Efficiencies: isTTV = 0, isTTHbb = 0, isTTHnonbb = 0, isTTTX = 0
isTTVV = 0, isST = 0, isTTToSemiLeptonHT500Njet9 = 0
Pileup sample key: PairVLQ_x53x53_tWtW_narrow_RH_M1600_TuneCP5_13TeV-madgraph-pythia8
b-tagging working points: 0.304(DeepJet)0.4506(DeepCSV)
isTTincMtt0to700: 0
isTTincMtt0to1000: 0
isTTincMtt700to1000: 0
isTTincMtt1000toInf: 0
isTTSemilepIncHT0Njet0: 0
isTTSemilepIncHT500Njet9: 0
outTTLF: 0
outTTCC: 0
outTTBB: 0
outTT1B: 0
outTT2B: 0
>> Completed 0 out of 1068 events
[INFO] Defaulting to central deepJet weight for: nominal
>> Completed 1000 out of 1068 events
Nelectrons      = 489 / 1068
Npassed_ElEta   = 489 / 1068
Nmuons          = 579 / 1068
NrelIsoFail     = 0 / 1068
Npassed_MuEta   = 579 / 1068
Npassed_nAK8Jets= 1068 / 1068
Npassed_Trigger = 1029 / 1068
Npassed_MET     = 976 / 1068
Npassed_lepPt   = 1003 / 1068
Npassed_HT      = 1068 / 1068
npass_Njets     = 1064 / 1068
Npassed_ALL     = 913 / 1068

>> Running /isilon/hadoop/store/group/bruxljm/FWLJMET106XUL_singleLep2017UL_RunIISummer20_X53X53/PairVLQ_x53x53_tWtW_narrow_RH_M1600_TuneCP5_13TeV-madgraph-pythia8/singleLep2017UL/230310_182613/0000/PairVLQ_x53x53_tWtW_narrow_RH_M1600_TuneCP5_13TeV-madgraph-pythia8_38.root for shift: nominal
[step1.h] Opening file: /isilon/hadoop/store/group/bruxljm/FWLJMET106XUL_singleLep2017UL_RunIISummer20_X53X53/PairVLQ_x53x53_tWtW_narrow_RH_M1600_TuneCP5_13TeV-madgraph-pythia8/singleLep2017UL/230310_182613/0000/PairVLQ_x53x53_tWtW_narrow_RH_M1600_TuneCP5_13TeV-madgraph-pythia8_38.root
[step1.h] Finished initializing
RUN CONFIG: YEAR = 2017
Era = 
isMC = 1, isSig = 1, SigMass = 9
isHad =0, isSE =0, isSM =0
isTTTT = 0, isXX = 1, isTpTp = 0, isBpBp = 0
For W's: isTT = 0, isSTt = 0, isSTtW = 0
For jets & PDF: isTOP = 0, isMadgraphBkg = 1
For HOTTagger Efficiencies: isTTV = 0, isTTHbb = 0, isTTHnonbb = 0, isTTTX = 0
isTTVV = 0, isST = 0, isTTToSemiLeptonHT500Njet9 = 0
Pileup sample key: PairVLQ_x53x53_tWtW_narrow_RH_M1600_TuneCP5_13TeV-madgraph-pythia8
b-tagging working points: 0.304(DeepJet)0.4506(DeepCSV)
isTTincMtt0to700: 0
isTTincMtt0to1000: 0
isTTincMtt700to1000: 0
isTTincMtt1000toInf: 0
isTTSemilepIncHT0Njet0: 0
isTTSemilepIncHT500Njet9: 0
outTTLF: 0
outTTCC: 0
outTTBB: 0
outTT1B: 0
outTT2B: 0
>> Completed 0 out of 1015 events
[INFO] Defaulting to central deepJet weight for: nominal
>> Completed 1000 out of 1015 events
Nelectrons      = 484 / 1015
Npassed_ElEta   = 484 / 1015
Nmuons          = 531 / 1015
NrelIsoFail     = 0 / 1015
Npassed_MuEta   = 531 / 1015
Npassed_nAK8Jets= 1015 / 1015
Npassed_Trigger = 978 / 1015
Npassed_MET     = 923 / 1015
Npassed_lepPt   = 940 / 1015
Npassed_HT      = 1015 / 1015
npass_Njets     = 1010 / 1015
Npassed_ALL     = 850 / 1015

>> Running /isilon/hadoop/store/group/bruxljm/FWLJMET106XUL_singleLep2017UL_RunIISummer20_X53X53/PairVLQ_x53x53_tWtW_narrow_RH_M1600_TuneCP5_13TeV-madgraph-pythia8/singleLep2017UL/230310_182613/0000/PairVLQ_x53x53_tWtW_narrow_RH_M1600_TuneCP5_13TeV-madgraph-pythia8_39.root for shift: nominal
[step1.h] Opening file: /isilon/hadoop/store/group/bruxljm/FWLJMET106XUL_singleLep2017UL_RunIISummer20_X53X53/PairVLQ_x53x53_tWtW_narrow_RH_M1600_TuneCP5_13TeV-madgraph-pythia8/singleLep2017UL/230310_182613/0000/PairVLQ_x53x53_tWtW_narrow_RH_M1600_TuneCP5_13TeV-madgraph-pythia8_39.root
[step1.h] Finished initializing
RUN CONFIG: YEAR = 2017
Era = 
isMC = 1, isSig = 1, SigMass = 9
isHad =0, isSE =0, isSM =0
isTTTT = 0, isXX = 1, isTpTp = 0, isBpBp = 0
For W's: isTT = 0, isSTt = 0, isSTtW = 0
For jets & PDF: isTOP = 0, isMadgraphBkg = 1
For HOTTagger Efficiencies: isTTV = 0, isTTHbb = 0, isTTHnonbb = 0, isTTTX = 0
isTTVV = 0, isST = 0, isTTToSemiLeptonHT500Njet9 = 0
Pileup sample key: PairVLQ_x53x53_tWtW_narrow_RH_M1600_TuneCP5_13TeV-madgraph-pythia8
b-tagging working points: 0.304(DeepJet)0.4506(DeepCSV)
isTTincMtt0to700: 0
isTTincMtt0to1000: 0
isTTincMtt700to1000: 0
isTTincMtt1000toInf: 0
isTTSemilepIncHT0Njet0: 0
isTTSemilepIncHT500Njet9: 0
outTTLF: 0
outTTCC: 0
outTTBB: 0
outTT1B: 0
outTT2B: 0
>> Completed 0 out of 1105 events
[INFO] Defaulting to central deepJet weight for: nominal
>> Completed 1000 out of 1105 events
Nelectrons      = 500 / 1105
Npassed_ElEta   = 500 / 1105
Nmuons          = 605 / 1105
NrelIsoFail     = 0 / 1105
Npassed_MuEta   = 605 / 1105
Npassed_nAK8Jets= 1105 / 1105
Npassed_Trigger = 1061 / 1105
Npassed_MET     = 1011 / 1105
Npassed_lepPt   = 1030 / 1105
Npassed_HT      = 1105 / 1105
npass_Njets     = 1100 / 1105
Npassed_ALL     = 937 / 1105

>> Running /isilon/hadoop/store/group/bruxljm/FWLJMET106XUL_singleLep2017UL_RunIISummer20_X53X53/PairVLQ_x53x53_tWtW_narrow_RH_M1600_TuneCP5_13TeV-madgraph-pythia8/singleLep2017UL/230310_182613/0000/PairVLQ_x53x53_tWtW_narrow_RH_M1600_TuneCP5_13TeV-madgraph-pythia8_4.root for shift: nominal
[step1.h] Opening file: /isilon/hadoop/store/group/bruxljm/FWLJMET106XUL_singleLep2017UL_RunIISummer20_X53X53/PairVLQ_x53x53_tWtW_narrow_RH_M1600_TuneCP5_13TeV-madgraph-pythia8/singleLep2017UL/230310_182613/0000/PairVLQ_x53x53_tWtW_narrow_RH_M1600_TuneCP5_13TeV-madgraph-pythia8_4.root
[step1.h] Finished initializing
RUN CONFIG: YEAR = 2017
Era = 
isMC = 1, isSig = 1, SigMass = 9
isHad =0, isSE =0, isSM =0
isTTTT = 0, isXX = 1, isTpTp = 0, isBpBp = 0
For W's: isTT = 0, isSTt = 0, isSTtW = 0
For jets & PDF: isTOP = 0, isMadgraphBkg = 1
For HOTTagger Efficiencies: isTTV = 0, isTTHbb = 0, isTTHnonbb = 0, isTTTX = 0
isTTVV = 0, isST = 0, isTTToSemiLeptonHT500Njet9 = 0
Pileup sample key: PairVLQ_x53x53_tWtW_narrow_RH_M1600_TuneCP5_13TeV-madgraph-pythia8
b-tagging working points: 0.304(DeepJet)0.4506(DeepCSV)
isTTincMtt0to700: 0
isTTincMtt0to1000: 0
isTTincMtt700to1000: 0
isTTincMtt1000toInf: 0
isTTSemilepIncHT0Njet0: 0
isTTSemilepIncHT500Njet9: 0
outTTLF: 0
outTTCC: 0
outTTBB: 0
outTT1B: 0
outTT2B: 0
>> Completed 0 out of 1056 events
[INFO] Defaulting to central deepJet weight for: nominal
>> Completed 1000 out of 1056 events
Nelectrons      = 463 / 1056
Npassed_ElEta   = 463 / 1056
Nmuons          = 593 / 1056
NrelIsoFail     = 0 / 1056
Npassed_MuEta   = 593 / 1056
Npassed_nAK8Jets= 1056 / 1056
Npassed_Trigger = 1021 / 1056
Npassed_MET     = 958 / 1056
Npassed_lepPt   = 961 / 1056
Npassed_HT      = 1056 / 1056
npass_Njets     = 1051 / 1056
Npassed_ALL     = 866 / 1056
>> Available ROOT Files:
-rw-r--r-- 1 fsimpson gridusers 3089983 Apr 24 09:16 PairVLQ_x53x53_tWtW_narrow_RH_M1600_TuneCP5_13TeV-madgraph-pythia8_153nominal.root
-rw-r--r-- 1 fsimpson gridusers 3143581 Apr 24 09:16 PairVLQ_x53x53_tWtW_narrow_RH_M1600_TuneCP5_13TeV-madgraph-pythia8_154nominal.root
-rw-r--r-- 1 fsimpson gridusers 3149980 Apr 24 09:16 PairVLQ_x53x53_tWtW_narrow_RH_M1600_TuneCP5_13TeV-madgraph-pythia8_155nominal.root
-rw-r--r-- 1 fsimpson gridusers 3142814 Apr 24 09:16 PairVLQ_x53x53_tWtW_narrow_RH_M1600_TuneCP5_13TeV-madgraph-pythia8_16nominal.root
-rw-r--r-- 1 fsimpson gridusers 2918146 Apr 24 09:16 PairVLQ_x53x53_tWtW_narrow_RH_M1600_TuneCP5_13TeV-madgraph-pythia8_17nominal.root
-rw-r--r-- 1 fsimpson gridusers 3041070 Apr 24 09:16 PairVLQ_x53x53_tWtW_narrow_RH_M1600_TuneCP5_13TeV-madgraph-pythia8_18nominal.root
-rw-r--r-- 1 fsimpson gridusers 3118368 Apr 24 09:16 PairVLQ_x53x53_tWtW_narrow_RH_M1600_TuneCP5_13TeV-madgraph-pythia8_19nominal.root
-rw-r--r-- 1 fsimpson gridusers 3037431 Apr 24 09:16 PairVLQ_x53x53_tWtW_narrow_RH_M1600_TuneCP5_13TeV-madgraph-pythia8_20nominal.root
-rw-r--r-- 1 fsimpson gridusers 3274416 Apr 24 09:16 PairVLQ_x53x53_tWtW_narrow_RH_M1600_TuneCP5_13TeV-madgraph-pythia8_21nominal.root
-rw-r--r-- 1 fsimpson gridusers 1531535 Apr 24 09:16 PairVLQ_x53x53_tWtW_narrow_RH_M1600_TuneCP5_13TeV-madgraph-pythia8_22nominal.root
-rw-r--r-- 1 fsimpson gridusers 2998341 Apr 24 09:16 PairVLQ_x53x53_tWtW_narrow_RH_M1600_TuneCP5_13TeV-madgraph-pythia8_23nominal.root
-rw-r--r-- 1 fsimpson gridusers 3122368 Apr 24 09:16 PairVLQ_x53x53_tWtW_narrow_RH_M1600_TuneCP5_13TeV-madgraph-pythia8_24nominal.root
-rw-r--r-- 1 fsimpson gridusers 3012993 Apr 24 09:16 PairVLQ_x53x53_tWtW_narrow_RH_M1600_TuneCP5_13TeV-madgraph-pythia8_25nominal.root
-rw-r--r-- 1 fsimpson gridusers 3217472 Apr 24 09:16 PairVLQ_x53x53_tWtW_narrow_RH_M1600_TuneCP5_13TeV-madgraph-pythia8_26nominal.root
-rw-r--r-- 1 fsimpson gridusers 3195566 Apr 24 09:16 PairVLQ_x53x53_tWtW_narrow_RH_M1600_TuneCP5_13TeV-madgraph-pythia8_27nominal.root
-rw-r--r-- 1 fsimpson gridusers 3014028 Apr 24 09:16 PairVLQ_x53x53_tWtW_narrow_RH_M1600_TuneCP5_13TeV-madgraph-pythia8_28nominal.root
-rw-r--r-- 1 fsimpson gridusers 3018714 Apr 24 09:16 PairVLQ_x53x53_tWtW_narrow_RH_M1600_TuneCP5_13TeV-madgraph-pythia8_29nominal.root
-rw-r--r-- 1 fsimpson gridusers 3072103 Apr 24 09:16 PairVLQ_x53x53_tWtW_narrow_RH_M1600_TuneCP5_13TeV-madgraph-pythia8_2nominal.root
-rw-r--r-- 1 fsimpson gridusers 3162838 Apr 24 09:16 PairVLQ_x53x53_tWtW_narrow_RH_M1600_TuneCP5_13TeV-madgraph-pythia8_30nominal.root
-rw-r--r-- 1 fsimpson gridusers 3021630 Apr 24 09:16 PairVLQ_x53x53_tWtW_narrow_RH_M1600_TuneCP5_13TeV-madgraph-pythia8_31nominal.root
-rw-r--r-- 1 fsimpson gridusers 3006372 Apr 24 09:16 PairVLQ_x53x53_tWtW_narrow_RH_M1600_TuneCP5_13TeV-madgraph-pythia8_32nominal.root
-rw-r--r-- 1 fsimpson gridusers 3249233 Apr 24 09:16 PairVLQ_x53x53_tWtW_narrow_RH_M1600_TuneCP5_13TeV-madgraph-pythia8_33nominal.root
-rw-r--r-- 1 fsimpson gridusers 3020398 Apr 24 09:16 PairVLQ_x53x53_tWtW_narrow_RH_M1600_TuneCP5_13TeV-madgraph-pythia8_34nominal.root
-rw-r--r-- 1 fsimpson gridusers 2920070 Apr 24 09:16 PairVLQ_x53x53_tWtW_narrow_RH_M1600_TuneCP5_13TeV-madgraph-pythia8_35nominal.root
-rw-r--r-- 1 fsimpson gridusers 3191440 Apr 24 09:16 PairVLQ_x53x53_tWtW_narrow_RH_M1600_TuneCP5_13TeV-madgraph-pythia8_36nominal.root
-rw-r--r-- 1 fsimpson gridusers 3197601 Apr 24 09:16 PairVLQ_x53x53_tWtW_narrow_RH_M1600_TuneCP5_13TeV-madgraph-pythia8_37nominal.root
-rw-r--r-- 1 fsimpson gridusers 2973214 Apr 24 09:16 PairVLQ_x53x53_tWtW_narrow_RH_M1600_TuneCP5_13TeV-madgraph-pythia8_38nominal.root
-rw-r--r-- 1 fsimpson gridusers 3281718 Apr 24 09:16 PairVLQ_x53x53_tWtW_narrow_RH_M1600_TuneCP5_13TeV-madgraph-pythia8_39nominal.root
-rw-r--r-- 1 fsimpson gridusers 1392258 Apr 24 09:16 PairVLQ_x53x53_tWtW_narrow_RH_M1600_TuneCP5_13TeV-madgraph-pythia8_3nominal.root
-rw-r--r-- 1 fsimpson gridusers 3053688 Apr 24 09:16 PairVLQ_x53x53_tWtW_narrow_RH_M1600_TuneCP5_13TeV-madgraph-pythia8_4nominal.root
>> xrdcp output for condor
hadd Target file: PairVLQ_x53x53_tWtW_narrow_RH_M1600_TuneCP5_13TeV-madgraph-pythia8_3nominal_hadd.root
hadd compression setting for all ouput: 1
hadd Source file 1: PairVLQ_x53x53_tWtW_narrow_RH_M1600_TuneCP5_13TeV-madgraph-pythia8_153nominal.root
hadd Source file 2: PairVLQ_x53x53_tWtW_narrow_RH_M1600_TuneCP5_13TeV-madgraph-pythia8_154nominal.root
hadd Source file 3: PairVLQ_x53x53_tWtW_narrow_RH_M1600_TuneCP5_13TeV-madgraph-pythia8_155nominal.root
hadd Source file 4: PairVLQ_x53x53_tWtW_narrow_RH_M1600_TuneCP5_13TeV-madgraph-pythia8_16nominal.root
hadd Source file 5: PairVLQ_x53x53_tWtW_narrow_RH_M1600_TuneCP5_13TeV-madgraph-pythia8_17nominal.root
hadd Source file 6: PairVLQ_x53x53_tWtW_narrow_RH_M1600_TuneCP5_13TeV-madgraph-pythia8_18nominal.root
hadd Source file 7: PairVLQ_x53x53_tWtW_narrow_RH_M1600_TuneCP5_13TeV-madgraph-pythia8_19nominal.root
hadd Source file 8: PairVLQ_x53x53_tWtW_narrow_RH_M1600_TuneCP5_13TeV-madgraph-pythia8_20nominal.root
hadd Source file 9: PairVLQ_x53x53_tWtW_narrow_RH_M1600_TuneCP5_13TeV-madgraph-pythia8_21nominal.root
hadd Source file 10: PairVLQ_x53x53_tWtW_narrow_RH_M1600_TuneCP5_13TeV-madgraph-pythia8_22nominal.root
hadd Source file 11: PairVLQ_x53x53_tWtW_narrow_RH_M1600_TuneCP5_13TeV-madgraph-pythia8_23nominal.root
hadd Source file 12: PairVLQ_x53x53_tWtW_narrow_RH_M1600_TuneCP5_13TeV-madgraph-pythia8_24nominal.root
hadd Source file 13: PairVLQ_x53x53_tWtW_narrow_RH_M1600_TuneCP5_13TeV-madgraph-pythia8_25nominal.root
hadd Source file 14: PairVLQ_x53x53_tWtW_narrow_RH_M1600_TuneCP5_13TeV-madgraph-pythia8_26nominal.root
hadd Source file 15: PairVLQ_x53x53_tWtW_narrow_RH_M1600_TuneCP5_13TeV-madgraph-pythia8_27nominal.root
hadd Source file 16: PairVLQ_x53x53_tWtW_narrow_RH_M1600_TuneCP5_13TeV-madgraph-pythia8_28nominal.root
hadd Source file 17: PairVLQ_x53x53_tWtW_narrow_RH_M1600_TuneCP5_13TeV-madgraph-pythia8_29nominal.root
hadd Source file 18: PairVLQ_x53x53_tWtW_narrow_RH_M1600_TuneCP5_13TeV-madgraph-pythia8_2nominal.root
hadd Source file 19: PairVLQ_x53x53_tWtW_narrow_RH_M1600_TuneCP5_13TeV-madgraph-pythia8_30nominal.root
hadd Source file 20: PairVLQ_x53x53_tWtW_narrow_RH_M1600_TuneCP5_13TeV-madgraph-pythia8_31nominal.root
hadd Source file 21: PairVLQ_x53x53_tWtW_narrow_RH_M1600_TuneCP5_13TeV-madgraph-pythia8_32nominal.root
hadd Source file 22: PairVLQ_x53x53_tWtW_narrow_RH_M1600_TuneCP5_13TeV-madgraph-pythia8_33nominal.root
hadd Source file 23: PairVLQ_x53x53_tWtW_narrow_RH_M1600_TuneCP5_13TeV-madgraph-pythia8_34nominal.root
hadd Source file 24: PairVLQ_x53x53_tWtW_narrow_RH_M1600_TuneCP5_13TeV-madgraph-pythia8_35nominal.root
hadd Source file 25: PairVLQ_x53x53_tWtW_narrow_RH_M1600_TuneCP5_13TeV-madgraph-pythia8_36nominal.root
hadd Source file 26: PairVLQ_x53x53_tWtW_narrow_RH_M1600_TuneCP5_13TeV-madgraph-pythia8_37nominal.root
hadd Source file 27: PairVLQ_x53x53_tWtW_narrow_RH_M1600_TuneCP5_13TeV-madgraph-pythia8_38nominal.root
hadd Source file 28: PairVLQ_x53x53_tWtW_narrow_RH_M1600_TuneCP5_13TeV-madgraph-pythia8_39nominal.root
hadd Source file 29: PairVLQ_x53x53_tWtW_narrow_RH_M1600_TuneCP5_13TeV-madgraph-pythia8_3nominal.root
hadd Source file 30: PairVLQ_x53x53_tWtW_narrow_RH_M1600_TuneCP5_13TeV-madgraph-pythia8_4nominal.root
hadd Target path: PairVLQ_x53x53_tWtW_narrow_RH_M1600_TuneCP5_13TeV-madgraph-pythia8_3nominal_hadd.root:/
>> mv PairVLQ_x53x53_tWtW_narrow_RH_M1600_TuneCP5_13TeV-madgraph-pythia8_3nominal_hadd.root /isilon/hadoop/store/group/bruxljm/FWLJMET106XUL_singleLep2017UL_RunIISummer20_X53X53_step1/nominal/PairVLQ_x53x53_tWtW_narrow_RH_M1600_TuneCP5_13TeV-madgraph-pythia8/PairVLQ_x53x53_tWtW_narrow_RH_M1600_TuneCP5_13TeV-madgraph-pythia8_3.root
[DONE]
