000 (630090.000.000) 04/24 07:52:01 Job submitted from host: <172.20.3.187:9618?addrs=172.20.3.187-9618&noUDP&sock=2297_2121_3>
...
001 (630090.000.000) 04/24 07:54:13 Job executing on host: <172.20.225.4:9618?addrs=172.20.225.4-9618&noUDP&sock=3366_5fdf_3>
...
006 (630090.000.000) 04/24 07:54:21 Image size of job updated: 77004
	60  -  MemoryUsage of job (MB)
	60572  -  ResidentSetSize of job (KB)
...
006 (630090.000.000) 04/24 07:59:23 Image size of job updated: 683504
	667  -  MemoryUsage of job (MB)
	682656  -  ResidentSetSize of job (KB)
...
006 (630090.000.000) 04/24 08:04:23 Image size of job updated: 953708
	931  -  MemoryUsage of job (MB)
	952948  -  ResidentSetSize of job (KB)
...
006 (630090.000.000) 04/24 08:09:23 Image size of job updated: 1148624
	1121  -  MemoryUsage of job (MB)
	1147460  -  ResidentSetSize of job (KB)
...
006 (630090.000.000) 04/24 08:14:23 Image size of job updated: 1321544
	1291  -  MemoryUsage of job (MB)
	1321364  -  ResidentSetSize of job (KB)
...
006 (630090.000.000) 04/24 08:19:24 Image size of job updated: 1463460
	1429  -  MemoryUsage of job (MB)
	1462928  -  ResidentSetSize of job (KB)
...
006 (630090.000.000) 04/24 08:22:39 Image size of job updated: 1553152
	1429  -  MemoryUsage of job (MB)
	1462928  -  ResidentSetSize of job (KB)
...
005 (630090.000.000) 04/24 08:22:40 Job terminated.
	(1) Normal termination (return value 0)
		Usr 0 00:26:36, Sys 0 00:01:03  -  Run Remote Usage
		Usr 0 00:00:00, Sys 0 00:00:00  -  Run Local Usage
		Usr 0 00:26:36, Sys 0 00:01:03  -  Total Remote Usage
		Usr 0 00:00:00, Sys 0 00:00:00  -  Total Local Usage
	1702271  -  Run Bytes Sent By Job
	8620734  -  Run Bytes Received By Job
	1702271  -  Total Bytes Sent By Job
	8620734  -  Total Bytes Received By Job
	Partitionable Resources :    Usage  Request Allocated 
	   Cpus                 :     0.99        1         1 
	   Disk (KB)            : 10637       10000 479779449 
	   Memory (MB)          :  1429        6144      8033 
...
000 (630149.000.000) 04/24 08:39:26 Job submitted from host: <172.20.3.187:9618?addrs=172.20.3.187-9618&noUDP&sock=2297_2121_3>
...
001 (630149.000.000) 04/24 08:47:32 Job executing on host: <172.20.225.3:9618?addrs=172.20.225.3-9618&noUDP&sock=3391_85bd_3>
...
006 (630149.000.000) 04/24 08:47:41 Image size of job updated: 12328
	13  -  MemoryUsage of job (MB)
	12328  -  ResidentSetSize of job (KB)
...
006 (630149.000.000) 04/24 08:52:42 Image size of job updated: 681084
	664  -  MemoryUsage of job (MB)
	679932  -  ResidentSetSize of job (KB)
...
006 (630149.000.000) 04/24 08:57:42 Image size of job updated: 963072
	940  -  MemoryUsage of job (MB)
	961764  -  ResidentSetSize of job (KB)
...
006 (630149.000.000) 04/24 09:02:43 Image size of job updated: 1162840
	1136  -  MemoryUsage of job (MB)
	1162684  -  ResidentSetSize of job (KB)
...
006 (630149.000.000) 04/24 09:07:43 Image size of job updated: 1336684
	1305  -  MemoryUsage of job (MB)
	1336308  -  ResidentSetSize of job (KB)
...
006 (630149.000.000) 04/24 09:12:43 Image size of job updated: 1477916
	1443  -  MemoryUsage of job (MB)
	1477564  -  ResidentSetSize of job (KB)
...
005 (630149.000.000) 04/24 09:15:33 Job terminated.
	(1) Normal termination (return value 0)
		Usr 0 00:25:48, Sys 0 00:00:43  -  Run Remote Usage
		Usr 0 00:00:00, Sys 0 00:00:00  -  Run Local Usage
		Usr 0 00:25:48, Sys 0 00:00:43  -  Total Remote Usage
		Usr 0 00:00:00, Sys 0 00:00:00  -  Total Local Usage
	1710178  -  Run Bytes Sent By Job
	8620823  -  Run Bytes Received By Job
	1710178  -  Total Bytes Sent By Job
	8620823  -  Total Bytes Received By Job
	Partitionable Resources :    Usage  Request  Allocated 
	   Cpus                 :     0.95        1          1 
	   Disk (KB)            : 10645       10000 2210728621 
	   Memory (MB)          :  1443        6144       8033 
...
