/isilon/condor/hep105.hep.brown.edu/execute/dir_216307
>> Setting macroDir to PWD

Processing compile_step1.C...
>> Running on BRUX, PairVLQ_x53x53_tWtW_narrow_RH_M1400_TuneCP5_13TeV-madgraph-pythia8 stored on BRUX
>> Input file path: /isilon/hadoop/store/group/bruxljm/FWLJMET106XUL_singleLep2017UL_RunIISummer20_X53X53/PairVLQ_x53x53_tWtW_narrow_RH_M1400_TuneCP5_13TeV-madgraph-pythia8/singleLep2017UL/230310_181045/0000
>> Running step1 over list: 38 39 4 40 41 42 43 44 45 46 47 48 49 5 50 51 52 53 54 55 56 57 58 59 6 60 61 62 63 64
>> Adding PairVLQ_x53x53_tWtW_narrow_RH_M1400_TuneCP5_13TeV-madgraph-pythia8_38.root to the list by reading PairVLQ_x53x53_tWtW_narrow_RH_M1400_TuneCP5_13TeV-madgraph-pythia8_38
>> Adding PairVLQ_x53x53_tWtW_narrow_RH_M1400_TuneCP5_13TeV-madgraph-pythia8_39.root to the list by reading PairVLQ_x53x53_tWtW_narrow_RH_M1400_TuneCP5_13TeV-madgraph-pythia8_39
>> Adding PairVLQ_x53x53_tWtW_narrow_RH_M1400_TuneCP5_13TeV-madgraph-pythia8_4.root to the list by reading PairVLQ_x53x53_tWtW_narrow_RH_M1400_TuneCP5_13TeV-madgraph-pythia8_4
>> Adding PairVLQ_x53x53_tWtW_narrow_RH_M1400_TuneCP5_13TeV-madgraph-pythia8_40.root to the list by reading PairVLQ_x53x53_tWtW_narrow_RH_M1400_TuneCP5_13TeV-madgraph-pythia8_40
>> Adding PairVLQ_x53x53_tWtW_narrow_RH_M1400_TuneCP5_13TeV-madgraph-pythia8_41.root to the list by reading PairVLQ_x53x53_tWtW_narrow_RH_M1400_TuneCP5_13TeV-madgraph-pythia8_41
>> Adding PairVLQ_x53x53_tWtW_narrow_RH_M1400_TuneCP5_13TeV-madgraph-pythia8_42.root to the list by reading PairVLQ_x53x53_tWtW_narrow_RH_M1400_TuneCP5_13TeV-madgraph-pythia8_42
>> Adding PairVLQ_x53x53_tWtW_narrow_RH_M1400_TuneCP5_13TeV-madgraph-pythia8_43.root to the list by reading PairVLQ_x53x53_tWtW_narrow_RH_M1400_TuneCP5_13TeV-madgraph-pythia8_43
>> Adding PairVLQ_x53x53_tWtW_narrow_RH_M1400_TuneCP5_13TeV-madgraph-pythia8_44.root to the list by reading PairVLQ_x53x53_tWtW_narrow_RH_M1400_TuneCP5_13TeV-madgraph-pythia8_44
>> Adding PairVLQ_x53x53_tWtW_narrow_RH_M1400_TuneCP5_13TeV-madgraph-pythia8_45.root to the list by reading PairVLQ_x53x53_tWtW_narrow_RH_M1400_TuneCP5_13TeV-madgraph-pythia8_45
>> Adding PairVLQ_x53x53_tWtW_narrow_RH_M1400_TuneCP5_13TeV-madgraph-pythia8_46.root to the list by reading PairVLQ_x53x53_tWtW_narrow_RH_M1400_TuneCP5_13TeV-madgraph-pythia8_46
>> Adding PairVLQ_x53x53_tWtW_narrow_RH_M1400_TuneCP5_13TeV-madgraph-pythia8_47.root to the list by reading PairVLQ_x53x53_tWtW_narrow_RH_M1400_TuneCP5_13TeV-madgraph-pythia8_47
>> Adding PairVLQ_x53x53_tWtW_narrow_RH_M1400_TuneCP5_13TeV-madgraph-pythia8_48.root to the list by reading PairVLQ_x53x53_tWtW_narrow_RH_M1400_TuneCP5_13TeV-madgraph-pythia8_48
>> Adding PairVLQ_x53x53_tWtW_narrow_RH_M1400_TuneCP5_13TeV-madgraph-pythia8_49.root to the list by reading PairVLQ_x53x53_tWtW_narrow_RH_M1400_TuneCP5_13TeV-madgraph-pythia8_49
>> Adding PairVLQ_x53x53_tWtW_narrow_RH_M1400_TuneCP5_13TeV-madgraph-pythia8_5.root to the list by reading PairVLQ_x53x53_tWtW_narrow_RH_M1400_TuneCP5_13TeV-madgraph-pythia8_5
>> Adding PairVLQ_x53x53_tWtW_narrow_RH_M1400_TuneCP5_13TeV-madgraph-pythia8_50.root to the list by reading PairVLQ_x53x53_tWtW_narrow_RH_M1400_TuneCP5_13TeV-madgraph-pythia8_50
>> Adding PairVLQ_x53x53_tWtW_narrow_RH_M1400_TuneCP5_13TeV-madgraph-pythia8_51.root to the list by reading PairVLQ_x53x53_tWtW_narrow_RH_M1400_TuneCP5_13TeV-madgraph-pythia8_51
>> Adding PairVLQ_x53x53_tWtW_narrow_RH_M1400_TuneCP5_13TeV-madgraph-pythia8_52.root to the list by reading PairVLQ_x53x53_tWtW_narrow_RH_M1400_TuneCP5_13TeV-madgraph-pythia8_52
>> Adding PairVLQ_x53x53_tWtW_narrow_RH_M1400_TuneCP5_13TeV-madgraph-pythia8_53.root to the list by reading PairVLQ_x53x53_tWtW_narrow_RH_M1400_TuneCP5_13TeV-madgraph-pythia8_53
>> Adding PairVLQ_x53x53_tWtW_narrow_RH_M1400_TuneCP5_13TeV-madgraph-pythia8_54.root to the list by reading PairVLQ_x53x53_tWtW_narrow_RH_M1400_TuneCP5_13TeV-madgraph-pythia8_54
>> Adding PairVLQ_x53x53_tWtW_narrow_RH_M1400_TuneCP5_13TeV-madgraph-pythia8_55.root to the list by reading PairVLQ_x53x53_tWtW_narrow_RH_M1400_TuneCP5_13TeV-madgraph-pythia8_55
>> Adding PairVLQ_x53x53_tWtW_narrow_RH_M1400_TuneCP5_13TeV-madgraph-pythia8_56.root to the list by reading PairVLQ_x53x53_tWtW_narrow_RH_M1400_TuneCP5_13TeV-madgraph-pythia8_56
>> Adding PairVLQ_x53x53_tWtW_narrow_RH_M1400_TuneCP5_13TeV-madgraph-pythia8_57.root to the list by reading PairVLQ_x53x53_tWtW_narrow_RH_M1400_TuneCP5_13TeV-madgraph-pythia8_57
>> Adding PairVLQ_x53x53_tWtW_narrow_RH_M1400_TuneCP5_13TeV-madgraph-pythia8_58.root to the list by reading PairVLQ_x53x53_tWtW_narrow_RH_M1400_TuneCP5_13TeV-madgraph-pythia8_58
>> Adding PairVLQ_x53x53_tWtW_narrow_RH_M1400_TuneCP5_13TeV-madgraph-pythia8_59.root to the list by reading PairVLQ_x53x53_tWtW_narrow_RH_M1400_TuneCP5_13TeV-madgraph-pythia8_59
>> Adding PairVLQ_x53x53_tWtW_narrow_RH_M1400_TuneCP5_13TeV-madgraph-pythia8_6.root to the list by reading PairVLQ_x53x53_tWtW_narrow_RH_M1400_TuneCP5_13TeV-madgraph-pythia8_6
>> Adding PairVLQ_x53x53_tWtW_narrow_RH_M1400_TuneCP5_13TeV-madgraph-pythia8_60.root to the list by reading PairVLQ_x53x53_tWtW_narrow_RH_M1400_TuneCP5_13TeV-madgraph-pythia8_60
>> Adding PairVLQ_x53x53_tWtW_narrow_RH_M1400_TuneCP5_13TeV-madgraph-pythia8_61.root to the list by reading PairVLQ_x53x53_tWtW_narrow_RH_M1400_TuneCP5_13TeV-madgraph-pythia8_61
>> Adding PairVLQ_x53x53_tWtW_narrow_RH_M1400_TuneCP5_13TeV-madgraph-pythia8_62.root to the list by reading PairVLQ_x53x53_tWtW_narrow_RH_M1400_TuneCP5_13TeV-madgraph-pythia8_62
>> Adding PairVLQ_x53x53_tWtW_narrow_RH_M1400_TuneCP5_13TeV-madgraph-pythia8_63.root to the list by reading PairVLQ_x53x53_tWtW_narrow_RH_M1400_TuneCP5_13TeV-madgraph-pythia8_63
>> Adding PairVLQ_x53x53_tWtW_narrow_RH_M1400_TuneCP5_13TeV-madgraph-pythia8_64.root to the list by reading PairVLQ_x53x53_tWtW_narrow_RH_M1400_TuneCP5_13TeV-madgraph-pythia8_64
[OPT] Using deepCSV reshaping file: reshaping_deepCSV_106XUL17_v4.csv
[OPT] Using deepJet reshaping file: reshaping_deepJet_106XUL17_v4.csv

>> Running /isilon/hadoop/store/group/bruxljm/FWLJMET106XUL_singleLep2017UL_RunIISummer20_X53X53/PairVLQ_x53x53_tWtW_narrow_RH_M1400_TuneCP5_13TeV-madgraph-pythia8/singleLep2017UL/230310_181045/0000/PairVLQ_x53x53_tWtW_narrow_RH_M1400_TuneCP5_13TeV-madgraph-pythia8_38.root for shift: nominal
[step1.h] Opening file: /isilon/hadoop/store/group/bruxljm/FWLJMET106XUL_singleLep2017UL_RunIISummer20_X53X53/PairVLQ_x53x53_tWtW_narrow_RH_M1400_TuneCP5_13TeV-madgraph-pythia8/singleLep2017UL/230310_181045/0000/PairVLQ_x53x53_tWtW_narrow_RH_M1400_TuneCP5_13TeV-madgraph-pythia8_38.root
[step1.h] Finished initializing
RUN CONFIG: YEAR = 2017
Era = 
isMC = 1, isSig = 1, SigMass = 7
isHad =0, isSE =0, isSM =0
isTTTT = 0, isXX = 1, isTpTp = 0, isBpBp = 0
For W's: isTT = 0, isSTt = 0, isSTtW = 0
For jets & PDF: isTOP = 0, isMadgraphBkg = 1
For HOTTagger Efficiencies: isTTV = 0, isTTHbb = 0, isTTHnonbb = 0, isTTTX = 0
isTTVV = 0, isST = 0, isTTToSemiLeptonHT500Njet9 = 0
Pileup sample key: PairVLQ_x53x53_tWtW_narrow_RH_M1400_TuneCP5_13TeV-madgraph-pythia8
b-tagging working points: 0.304(DeepJet)0.4506(DeepCSV)
isTTincMtt0to700: 0
isTTincMtt0to1000: 0
isTTincMtt700to1000: 0
isTTincMtt1000toInf: 0
isTTSemilepIncHT0Njet0: 0
isTTSemilepIncHT500Njet9: 0
outTTLF: 0
outTTCC: 0
outTTBB: 0
outTT1B: 0
outTT2B: 0
>> Completed 0 out of 549 events
[INFO] Defaulting to central deepJet weight for: nominal
Nelectrons      = 269 / 549
Npassed_ElEta   = 269 / 549
Nmuons          = 280 / 549
NrelIsoFail     = 0 / 549
Npassed_MuEta   = 280 / 549
Npassed_nAK8Jets= 549 / 549
Npassed_Trigger = 530 / 549
Npassed_MET     = 499 / 549
Npassed_lepPt   = 492 / 549
Npassed_HT      = 548 / 549
npass_Njets     = 549 / 549
Npassed_ALL     = 447 / 549

>> Running /isilon/hadoop/store/group/bruxljm/FWLJMET106XUL_singleLep2017UL_RunIISummer20_X53X53/PairVLQ_x53x53_tWtW_narrow_RH_M1400_TuneCP5_13TeV-madgraph-pythia8/singleLep2017UL/230310_181045/0000/PairVLQ_x53x53_tWtW_narrow_RH_M1400_TuneCP5_13TeV-madgraph-pythia8_39.root for shift: nominal
[step1.h] Opening file: /isilon/hadoop/store/group/bruxljm/FWLJMET106XUL_singleLep2017UL_RunIISummer20_X53X53/PairVLQ_x53x53_tWtW_narrow_RH_M1400_TuneCP5_13TeV-madgraph-pythia8/singleLep2017UL/230310_181045/0000/PairVLQ_x53x53_tWtW_narrow_RH_M1400_TuneCP5_13TeV-madgraph-pythia8_39.root
[step1.h] Finished initializing
RUN CONFIG: YEAR = 2017
Era = 
isMC = 1, isSig = 1, SigMass = 7
isHad =0, isSE =0, isSM =0
isTTTT = 0, isXX = 1, isTpTp = 0, isBpBp = 0
For W's: isTT = 0, isSTt = 0, isSTtW = 0
For jets & PDF: isTOP = 0, isMadgraphBkg = 1
For HOTTagger Efficiencies: isTTV = 0, isTTHbb = 0, isTTHnonbb = 0, isTTTX = 0
isTTVV = 0, isST = 0, isTTToSemiLeptonHT500Njet9 = 0
Pileup sample key: PairVLQ_x53x53_tWtW_narrow_RH_M1400_TuneCP5_13TeV-madgraph-pythia8
b-tagging working points: 0.304(DeepJet)0.4506(DeepCSV)
isTTincMtt0to700: 0
isTTincMtt0to1000: 0
isTTincMtt700to1000: 0
isTTincMtt1000toInf: 0
isTTSemilepIncHT0Njet0: 0
isTTSemilepIncHT500Njet9: 0
outTTLF: 0
outTTCC: 0
outTTBB: 0
outTT1B: 0
outTT2B: 0
>> Completed 0 out of 1037 events
[INFO] Defaulting to central deepJet weight for: nominal
>> Completed 1000 out of 1037 events
Nelectrons      = 465 / 1037
Npassed_ElEta   = 465 / 1037
Nmuons          = 572 / 1037
NrelIsoFail     = 0 / 1037
Npassed_MuEta   = 572 / 1037
Npassed_nAK8Jets= 1037 / 1037
Npassed_Trigger = 1000 / 1037
Npassed_MET     = 927 / 1037
Npassed_lepPt   = 954 / 1037
Npassed_HT      = 1035 / 1037
npass_Njets     = 1032 / 1037
Npassed_ALL     = 844 / 1037

>> Running /isilon/hadoop/store/group/bruxljm/FWLJMET106XUL_singleLep2017UL_RunIISummer20_X53X53/PairVLQ_x53x53_tWtW_narrow_RH_M1400_TuneCP5_13TeV-madgraph-pythia8/singleLep2017UL/230310_181045/0000/PairVLQ_x53x53_tWtW_narrow_RH_M1400_TuneCP5_13TeV-madgraph-pythia8_4.root for shift: nominal
[step1.h] Opening file: /isilon/hadoop/store/group/bruxljm/FWLJMET106XUL_singleLep2017UL_RunIISummer20_X53X53/PairVLQ_x53x53_tWtW_narrow_RH_M1400_TuneCP5_13TeV-madgraph-pythia8/singleLep2017UL/230310_181045/0000/PairVLQ_x53x53_tWtW_narrow_RH_M1400_TuneCP5_13TeV-madgraph-pythia8_4.root
[step1.h] Finished initializing
RUN CONFIG: YEAR = 2017
Era = 
isMC = 1, isSig = 1, SigMass = 7
isHad =0, isSE =0, isSM =0
isTTTT = 0, isXX = 1, isTpTp = 0, isBpBp = 0
For W's: isTT = 0, isSTt = 0, isSTtW = 0
For jets & PDF: isTOP = 0, isMadgraphBkg = 1
For HOTTagger Efficiencies: isTTV = 0, isTTHbb = 0, isTTHnonbb = 0, isTTTX = 0
isTTVV = 0, isST = 0, isTTToSemiLeptonHT500Njet9 = 0
Pileup sample key: PairVLQ_x53x53_tWtW_narrow_RH_M1400_TuneCP5_13TeV-madgraph-pythia8
b-tagging working points: 0.304(DeepJet)0.4506(DeepCSV)
isTTincMtt0to700: 0
isTTincMtt0to1000: 0
isTTincMtt700to1000: 0
isTTincMtt1000toInf: 0
isTTSemilepIncHT0Njet0: 0
isTTSemilepIncHT500Njet9: 0
outTTLF: 0
outTTCC: 0
outTTBB: 0
outTT1B: 0
outTT2B: 0
>> Completed 0 out of 1063 events
[INFO] Defaulting to central deepJet weight for: nominal
>> Completed 1000 out of 1063 events
Nelectrons      = 473 / 1063
Npassed_ElEta   = 473 / 1063
Nmuons          = 590 / 1063
NrelIsoFail     = 0 / 1063
Npassed_MuEta   = 590 / 1063
Npassed_nAK8Jets= 1063 / 1063
Npassed_Trigger = 1017 / 1063
Npassed_MET     = 962 / 1063
Npassed_lepPt   = 976 / 1063
Npassed_HT      = 1061 / 1063
npass_Njets     = 1058 / 1063
Npassed_ALL     = 871 / 1063

>> Running /isilon/hadoop/store/group/bruxljm/FWLJMET106XUL_singleLep2017UL_RunIISummer20_X53X53/PairVLQ_x53x53_tWtW_narrow_RH_M1400_TuneCP5_13TeV-madgraph-pythia8/singleLep2017UL/230310_181045/0000/PairVLQ_x53x53_tWtW_narrow_RH_M1400_TuneCP5_13TeV-madgraph-pythia8_40.root for shift: nominal
[step1.h] Opening file: /isilon/hadoop/store/group/bruxljm/FWLJMET106XUL_singleLep2017UL_RunIISummer20_X53X53/PairVLQ_x53x53_tWtW_narrow_RH_M1400_TuneCP5_13TeV-madgraph-pythia8/singleLep2017UL/230310_181045/0000/PairVLQ_x53x53_tWtW_narrow_RH_M1400_TuneCP5_13TeV-madgraph-pythia8_40.root
[step1.h] Finished initializing
RUN CONFIG: YEAR = 2017
Era = 
isMC = 1, isSig = 1, SigMass = 7
isHad =0, isSE =0, isSM =0
isTTTT = 0, isXX = 1, isTpTp = 0, isBpBp = 0
For W's: isTT = 0, isSTt = 0, isSTtW = 0
For jets & PDF: isTOP = 0, isMadgraphBkg = 1
For HOTTagger Efficiencies: isTTV = 0, isTTHbb = 0, isTTHnonbb = 0, isTTTX = 0
isTTVV = 0, isST = 0, isTTToSemiLeptonHT500Njet9 = 0
Pileup sample key: PairVLQ_x53x53_tWtW_narrow_RH_M1400_TuneCP5_13TeV-madgraph-pythia8
b-tagging working points: 0.304(DeepJet)0.4506(DeepCSV)
isTTincMtt0to700: 0
isTTincMtt0to1000: 0
isTTincMtt700to1000: 0
isTTincMtt1000toInf: 0
isTTSemilepIncHT0Njet0: 0
isTTSemilepIncHT500Njet9: 0
outTTLF: 0
outTTCC: 0
outTTBB: 0
outTT1B: 0
outTT2B: 0
>> Completed 0 out of 1100 events
[INFO] Defaulting to central deepJet weight for: nominal
>> Completed 1000 out of 1100 events
Nelectrons      = 496 / 1100
Npassed_ElEta   = 496 / 1100
Nmuons          = 604 / 1100
NrelIsoFail     = 0 / 1100
Npassed_MuEta   = 604 / 1100
Npassed_nAK8Jets= 1100 / 1100
Npassed_Trigger = 1065 / 1100
Npassed_MET     = 980 / 1100
Npassed_lepPt   = 1011 / 1100
Npassed_HT      = 1100 / 1100
npass_Njets     = 1096 / 1100
Npassed_ALL     = 894 / 1100

>> Running /isilon/hadoop/store/group/bruxljm/FWLJMET106XUL_singleLep2017UL_RunIISummer20_X53X53/PairVLQ_x53x53_tWtW_narrow_RH_M1400_TuneCP5_13TeV-madgraph-pythia8/singleLep2017UL/230310_181045/0000/PairVLQ_x53x53_tWtW_narrow_RH_M1400_TuneCP5_13TeV-madgraph-pythia8_41.root for shift: nominal
[step1.h] Opening file: /isilon/hadoop/store/group/bruxljm/FWLJMET106XUL_singleLep2017UL_RunIISummer20_X53X53/PairVLQ_x53x53_tWtW_narrow_RH_M1400_TuneCP5_13TeV-madgraph-pythia8/singleLep2017UL/230310_181045/0000/PairVLQ_x53x53_tWtW_narrow_RH_M1400_TuneCP5_13TeV-madgraph-pythia8_41.root
[step1.h] Finished initializing
RUN CONFIG: YEAR = 2017
Era = 
isMC = 1, isSig = 1, SigMass = 7
isHad =0, isSE =0, isSM =0
isTTTT = 0, isXX = 1, isTpTp = 0, isBpBp = 0
For W's: isTT = 0, isSTt = 0, isSTtW = 0
For jets & PDF: isTOP = 0, isMadgraphBkg = 1
For HOTTagger Efficiencies: isTTV = 0, isTTHbb = 0, isTTHnonbb = 0, isTTTX = 0
isTTVV = 0, isST = 0, isTTToSemiLeptonHT500Njet9 = 0
Pileup sample key: PairVLQ_x53x53_tWtW_narrow_RH_M1400_TuneCP5_13TeV-madgraph-pythia8
b-tagging working points: 0.304(DeepJet)0.4506(DeepCSV)
isTTincMtt0to700: 0
isTTincMtt0to1000: 0
isTTincMtt700to1000: 0
isTTincMtt1000toInf: 0
isTTSemilepIncHT0Njet0: 0
isTTSemilepIncHT500Njet9: 0
outTTLF: 0
outTTCC: 0
outTTBB: 0
outTT1B: 0
outTT2B: 0
>> Completed 0 out of 1066 events
[INFO] Defaulting to central deepJet weight for: nominal
>> Completed 1000 out of 1066 events
Nelectrons      = 485 / 1066
Npassed_ElEta   = 485 / 1066
Nmuons          = 581 / 1066
NrelIsoFail     = 0 / 1066
Npassed_MuEta   = 581 / 1066
Npassed_nAK8Jets= 1066 / 1066
Npassed_Trigger = 1028 / 1066
Npassed_MET     = 951 / 1066
Npassed_lepPt   = 981 / 1066
Npassed_HT      = 1063 / 1066
npass_Njets     = 1060 / 1066
Npassed_ALL     = 866 / 1066

>> Running /isilon/hadoop/store/group/bruxljm/FWLJMET106XUL_singleLep2017UL_RunIISummer20_X53X53/PairVLQ_x53x53_tWtW_narrow_RH_M1400_TuneCP5_13TeV-madgraph-pythia8/singleLep2017UL/230310_181045/0000/PairVLQ_x53x53_tWtW_narrow_RH_M1400_TuneCP5_13TeV-madgraph-pythia8_42.root for shift: nominal
[step1.h] Opening file: /isilon/hadoop/store/group/bruxljm/FWLJMET106XUL_singleLep2017UL_RunIISummer20_X53X53/PairVLQ_x53x53_tWtW_narrow_RH_M1400_TuneCP5_13TeV-madgraph-pythia8/singleLep2017UL/230310_181045/0000/PairVLQ_x53x53_tWtW_narrow_RH_M1400_TuneCP5_13TeV-madgraph-pythia8_42.root
[step1.h] Finished initializing
RUN CONFIG: YEAR = 2017
Era = 
isMC = 1, isSig = 1, SigMass = 7
isHad =0, isSE =0, isSM =0
isTTTT = 0, isXX = 1, isTpTp = 0, isBpBp = 0
For W's: isTT = 0, isSTt = 0, isSTtW = 0
For jets & PDF: isTOP = 0, isMadgraphBkg = 1
For HOTTagger Efficiencies: isTTV = 0, isTTHbb = 0, isTTHnonbb = 0, isTTTX = 0
isTTVV = 0, isST = 0, isTTToSemiLeptonHT500Njet9 = 0
Pileup sample key: PairVLQ_x53x53_tWtW_narrow_RH_M1400_TuneCP5_13TeV-madgraph-pythia8
b-tagging working points: 0.304(DeepJet)0.4506(DeepCSV)
isTTincMtt0to700: 0
isTTincMtt0to1000: 0
isTTincMtt700to1000: 0
isTTincMtt1000toInf: 0
isTTSemilepIncHT0Njet0: 0
isTTSemilepIncHT500Njet9: 0
outTTLF: 0
outTTCC: 0
outTTBB: 0
outTT1B: 0
outTT2B: 0
>> Completed 0 out of 1048 events
[INFO] Defaulting to central deepJet weight for: nominal
>> Completed 1000 out of 1048 events
Nelectrons      = 490 / 1048
Npassed_ElEta   = 490 / 1048
Nmuons          = 558 / 1048
NrelIsoFail     = 0 / 1048
Npassed_MuEta   = 558 / 1048
Npassed_nAK8Jets= 1048 / 1048
Npassed_Trigger = 1007 / 1048
Npassed_MET     = 950 / 1048
Npassed_lepPt   = 961 / 1048
Npassed_HT      = 1048 / 1048
npass_Njets     = 1046 / 1048
Npassed_ALL     = 871 / 1048

>> Running /isilon/hadoop/store/group/bruxljm/FWLJMET106XUL_singleLep2017UL_RunIISummer20_X53X53/PairVLQ_x53x53_tWtW_narrow_RH_M1400_TuneCP5_13TeV-madgraph-pythia8/singleLep2017UL/230310_181045/0000/PairVLQ_x53x53_tWtW_narrow_RH_M1400_TuneCP5_13TeV-madgraph-pythia8_43.root for shift: nominal
[step1.h] Opening file: /isilon/hadoop/store/group/bruxljm/FWLJMET106XUL_singleLep2017UL_RunIISummer20_X53X53/PairVLQ_x53x53_tWtW_narrow_RH_M1400_TuneCP5_13TeV-madgraph-pythia8/singleLep2017UL/230310_181045/0000/PairVLQ_x53x53_tWtW_narrow_RH_M1400_TuneCP5_13TeV-madgraph-pythia8_43.root
[step1.h] Finished initializing
RUN CONFIG: YEAR = 2017
Era = 
isMC = 1, isSig = 1, SigMass = 7
isHad =0, isSE =0, isSM =0
isTTTT = 0, isXX = 1, isTpTp = 0, isBpBp = 0
For W's: isTT = 0, isSTt = 0, isSTtW = 0
For jets & PDF: isTOP = 0, isMadgraphBkg = 1
For HOTTagger Efficiencies: isTTV = 0, isTTHbb = 0, isTTHnonbb = 0, isTTTX = 0
isTTVV = 0, isST = 0, isTTToSemiLeptonHT500Njet9 = 0
Pileup sample key: PairVLQ_x53x53_tWtW_narrow_RH_M1400_TuneCP5_13TeV-madgraph-pythia8
b-tagging working points: 0.304(DeepJet)0.4506(DeepCSV)
isTTincMtt0to700: 0
isTTincMtt0to1000: 0
isTTincMtt700to1000: 0
isTTincMtt1000toInf: 0
isTTSemilepIncHT0Njet0: 0
isTTSemilepIncHT500Njet9: 0
outTTLF: 0
outTTCC: 0
outTTBB: 0
outTT1B: 0
outTT2B: 0
>> Completed 0 out of 1049 events
[INFO] Defaulting to central deepJet weight for: nominal
>> Completed 1000 out of 1049 events
Nelectrons      = 500 / 1049
Npassed_ElEta   = 500 / 1049
Nmuons          = 549 / 1049
NrelIsoFail     = 0 / 1049
Npassed_MuEta   = 549 / 1049
Npassed_nAK8Jets= 1049 / 1049
Npassed_Trigger = 1006 / 1049
Npassed_MET     = 939 / 1049
Npassed_lepPt   = 979 / 1049
Npassed_HT      = 1048 / 1049
npass_Njets     = 1047 / 1049
Npassed_ALL     = 876 / 1049

>> Running /isilon/hadoop/store/group/bruxljm/FWLJMET106XUL_singleLep2017UL_RunIISummer20_X53X53/PairVLQ_x53x53_tWtW_narrow_RH_M1400_TuneCP5_13TeV-madgraph-pythia8/singleLep2017UL/230310_181045/0000/PairVLQ_x53x53_tWtW_narrow_RH_M1400_TuneCP5_13TeV-madgraph-pythia8_44.root for shift: nominal
[step1.h] Opening file: /isilon/hadoop/store/group/bruxljm/FWLJMET106XUL_singleLep2017UL_RunIISummer20_X53X53/PairVLQ_x53x53_tWtW_narrow_RH_M1400_TuneCP5_13TeV-madgraph-pythia8/singleLep2017UL/230310_181045/0000/PairVLQ_x53x53_tWtW_narrow_RH_M1400_TuneCP5_13TeV-madgraph-pythia8_44.root
[step1.h] Finished initializing
RUN CONFIG: YEAR = 2017
Era = 
isMC = 1, isSig = 1, SigMass = 7
isHad =0, isSE =0, isSM =0
isTTTT = 0, isXX = 1, isTpTp = 0, isBpBp = 0
For W's: isTT = 0, isSTt = 0, isSTtW = 0
For jets & PDF: isTOP = 0, isMadgraphBkg = 1
For HOTTagger Efficiencies: isTTV = 0, isTTHbb = 0, isTTHnonbb = 0, isTTTX = 0
isTTVV = 0, isST = 0, isTTToSemiLeptonHT500Njet9 = 0
Pileup sample key: PairVLQ_x53x53_tWtW_narrow_RH_M1400_TuneCP5_13TeV-madgraph-pythia8
b-tagging working points: 0.304(DeepJet)0.4506(DeepCSV)
isTTincMtt0to700: 0
isTTincMtt0to1000: 0
isTTincMtt700to1000: 0
isTTincMtt1000toInf: 0
isTTSemilepIncHT0Njet0: 0
isTTSemilepIncHT500Njet9: 0
outTTLF: 0
outTTCC: 0
outTTBB: 0
outTT1B: 0
outTT2B: 0
>> Completed 0 out of 1069 events
[INFO] Defaulting to central deepJet weight for: nominal
>> Completed 1000 out of 1069 events
Nelectrons      = 513 / 1069
Npassed_ElEta   = 513 / 1069
Nmuons          = 556 / 1069
NrelIsoFail     = 0 / 1069
Npassed_MuEta   = 556 / 1069
Npassed_nAK8Jets= 1069 / 1069
Npassed_Trigger = 1037 / 1069
Npassed_MET     = 966 / 1069
Npassed_lepPt   = 980 / 1069
Npassed_HT      = 1068 / 1069
npass_Njets     = 1066 / 1069
Npassed_ALL     = 882 / 1069

>> Running /isilon/hadoop/store/group/bruxljm/FWLJMET106XUL_singleLep2017UL_RunIISummer20_X53X53/PairVLQ_x53x53_tWtW_narrow_RH_M1400_TuneCP5_13TeV-madgraph-pythia8/singleLep2017UL/230310_181045/0000/PairVLQ_x53x53_tWtW_narrow_RH_M1400_TuneCP5_13TeV-madgraph-pythia8_45.root for shift: nominal
[step1.h] Opening file: /isilon/hadoop/store/group/bruxljm/FWLJMET106XUL_singleLep2017UL_RunIISummer20_X53X53/PairVLQ_x53x53_tWtW_narrow_RH_M1400_TuneCP5_13TeV-madgraph-pythia8/singleLep2017UL/230310_181045/0000/PairVLQ_x53x53_tWtW_narrow_RH_M1400_TuneCP5_13TeV-madgraph-pythia8_45.root
[step1.h] Finished initializing
RUN CONFIG: YEAR = 2017
Era = 
isMC = 1, isSig = 1, SigMass = 7
isHad =0, isSE =0, isSM =0
isTTTT = 0, isXX = 1, isTpTp = 0, isBpBp = 0
For W's: isTT = 0, isSTt = 0, isSTtW = 0
For jets & PDF: isTOP = 0, isMadgraphBkg = 1
For HOTTagger Efficiencies: isTTV = 0, isTTHbb = 0, isTTHnonbb = 0, isTTTX = 0
isTTVV = 0, isST = 0, isTTToSemiLeptonHT500Njet9 = 0
Pileup sample key: PairVLQ_x53x53_tWtW_narrow_RH_M1400_TuneCP5_13TeV-madgraph-pythia8
b-tagging working points: 0.304(DeepJet)0.4506(DeepCSV)
isTTincMtt0to700: 0
isTTincMtt0to1000: 0
isTTincMtt700to1000: 0
isTTincMtt1000toInf: 0
isTTSemilepIncHT0Njet0: 0
isTTSemilepIncHT500Njet9: 0
outTTLF: 0
outTTCC: 0
outTTBB: 0
outTT1B: 0
outTT2B: 0
>> Completed 0 out of 1082 events
[INFO] Defaulting to central deepJet weight for: nominal
>> Completed 1000 out of 1082 events
Nelectrons      = 512 / 1082
Npassed_ElEta   = 512 / 1082
Nmuons          = 570 / 1082
NrelIsoFail     = 0 / 1082
Npassed_MuEta   = 570 / 1082
Npassed_nAK8Jets= 1082 / 1082
Npassed_Trigger = 1039 / 1082
Npassed_MET     = 963 / 1082
Npassed_lepPt   = 978 / 1082
Npassed_HT      = 1078 / 1082
npass_Njets     = 1074 / 1082
Npassed_ALL     = 860 / 1082

>> Running /isilon/hadoop/store/group/bruxljm/FWLJMET106XUL_singleLep2017UL_RunIISummer20_X53X53/PairVLQ_x53x53_tWtW_narrow_RH_M1400_TuneCP5_13TeV-madgraph-pythia8/singleLep2017UL/230310_181045/0000/PairVLQ_x53x53_tWtW_narrow_RH_M1400_TuneCP5_13TeV-madgraph-pythia8_46.root for shift: nominal
[step1.h] Opening file: /isilon/hadoop/store/group/bruxljm/FWLJMET106XUL_singleLep2017UL_RunIISummer20_X53X53/PairVLQ_x53x53_tWtW_narrow_RH_M1400_TuneCP5_13TeV-madgraph-pythia8/singleLep2017UL/230310_181045/0000/PairVLQ_x53x53_tWtW_narrow_RH_M1400_TuneCP5_13TeV-madgraph-pythia8_46.root
[step1.h] Finished initializing
RUN CONFIG: YEAR = 2017
Era = 
isMC = 1, isSig = 1, SigMass = 7
isHad =0, isSE =0, isSM =0
isTTTT = 0, isXX = 1, isTpTp = 0, isBpBp = 0
For W's: isTT = 0, isSTt = 0, isSTtW = 0
For jets & PDF: isTOP = 0, isMadgraphBkg = 1
For HOTTagger Efficiencies: isTTV = 0, isTTHbb = 0, isTTHnonbb = 0, isTTTX = 0
isTTVV = 0, isST = 0, isTTToSemiLeptonHT500Njet9 = 0
Pileup sample key: PairVLQ_x53x53_tWtW_narrow_RH_M1400_TuneCP5_13TeV-madgraph-pythia8
b-tagging working points: 0.304(DeepJet)0.4506(DeepCSV)
isTTincMtt0to700: 0
isTTincMtt0to1000: 0
isTTincMtt700to1000: 0
isTTincMtt1000toInf: 0
isTTSemilepIncHT0Njet0: 0
isTTSemilepIncHT500Njet9: 0
outTTLF: 0
outTTCC: 0
outTTBB: 0
outTT1B: 0
outTT2B: 0
>> Completed 0 out of 1092 events
[INFO] Defaulting to central deepJet weight for: nominal
>> Completed 1000 out of 1092 events
Nelectrons      = 507 / 1092
Npassed_ElEta   = 507 / 1092
Nmuons          = 585 / 1092
NrelIsoFail     = 0 / 1092
Npassed_MuEta   = 585 / 1092
Npassed_nAK8Jets= 1092 / 1092
Npassed_Trigger = 1063 / 1092
Npassed_MET     = 971 / 1092
Npassed_lepPt   = 1001 / 1092
Npassed_HT      = 1091 / 1092
npass_Njets     = 1083 / 1092
Npassed_ALL     = 880 / 1092

>> Running /isilon/hadoop/store/group/bruxljm/FWLJMET106XUL_singleLep2017UL_RunIISummer20_X53X53/PairVLQ_x53x53_tWtW_narrow_RH_M1400_TuneCP5_13TeV-madgraph-pythia8/singleLep2017UL/230310_181045/0000/PairVLQ_x53x53_tWtW_narrow_RH_M1400_TuneCP5_13TeV-madgraph-pythia8_47.root for shift: nominal
[step1.h] Opening file: /isilon/hadoop/store/group/bruxljm/FWLJMET106XUL_singleLep2017UL_RunIISummer20_X53X53/PairVLQ_x53x53_tWtW_narrow_RH_M1400_TuneCP5_13TeV-madgraph-pythia8/singleLep2017UL/230310_181045/0000/PairVLQ_x53x53_tWtW_narrow_RH_M1400_TuneCP5_13TeV-madgraph-pythia8_47.root
[step1.h] Finished initializing
RUN CONFIG: YEAR = 2017
Era = 
isMC = 1, isSig = 1, SigMass = 7
isHad =0, isSE =0, isSM =0
isTTTT = 0, isXX = 1, isTpTp = 0, isBpBp = 0
For W's: isTT = 0, isSTt = 0, isSTtW = 0
For jets & PDF: isTOP = 0, isMadgraphBkg = 1
For HOTTagger Efficiencies: isTTV = 0, isTTHbb = 0, isTTHnonbb = 0, isTTTX = 0
isTTVV = 0, isST = 0, isTTToSemiLeptonHT500Njet9 = 0
Pileup sample key: PairVLQ_x53x53_tWtW_narrow_RH_M1400_TuneCP5_13TeV-madgraph-pythia8
b-tagging working points: 0.304(DeepJet)0.4506(DeepCSV)
isTTincMtt0to700: 0
isTTincMtt0to1000: 0
isTTincMtt700to1000: 0
isTTincMtt1000toInf: 0
isTTSemilepIncHT0Njet0: 0
isTTSemilepIncHT500Njet9: 0
outTTLF: 0
outTTCC: 0
outTTBB: 0
outTT1B: 0
outTT2B: 0
>> Completed 0 out of 996 events
[INFO] Defaulting to central deepJet weight for: nominal
Nelectrons      = 463 / 996
Npassed_ElEta   = 463 / 996
Nmuons          = 533 / 996
NrelIsoFail     = 0 / 996
Npassed_MuEta   = 533 / 996
Npassed_nAK8Jets= 996 / 996
Npassed_Trigger = 955 / 996
Npassed_MET     = 886 / 996
Npassed_lepPt   = 916 / 996
Npassed_HT      = 992 / 996
npass_Njets     = 991 / 996
Npassed_ALL     = 805 / 996

>> Running /isilon/hadoop/store/group/bruxljm/FWLJMET106XUL_singleLep2017UL_RunIISummer20_X53X53/PairVLQ_x53x53_tWtW_narrow_RH_M1400_TuneCP5_13TeV-madgraph-pythia8/singleLep2017UL/230310_181045/0000/PairVLQ_x53x53_tWtW_narrow_RH_M1400_TuneCP5_13TeV-madgraph-pythia8_48.root for shift: nominal
[step1.h] Opening file: /isilon/hadoop/store/group/bruxljm/FWLJMET106XUL_singleLep2017UL_RunIISummer20_X53X53/PairVLQ_x53x53_tWtW_narrow_RH_M1400_TuneCP5_13TeV-madgraph-pythia8/singleLep2017UL/230310_181045/0000/PairVLQ_x53x53_tWtW_narrow_RH_M1400_TuneCP5_13TeV-madgraph-pythia8_48.root
[step1.h] Finished initializing
RUN CONFIG: YEAR = 2017
Era = 
isMC = 1, isSig = 1, SigMass = 7
isHad =0, isSE =0, isSM =0
isTTTT = 0, isXX = 1, isTpTp = 0, isBpBp = 0
For W's: isTT = 0, isSTt = 0, isSTtW = 0
For jets & PDF: isTOP = 0, isMadgraphBkg = 1
For HOTTagger Efficiencies: isTTV = 0, isTTHbb = 0, isTTHnonbb = 0, isTTTX = 0
isTTVV = 0, isST = 0, isTTToSemiLeptonHT500Njet9 = 0
Pileup sample key: PairVLQ_x53x53_tWtW_narrow_RH_M1400_TuneCP5_13TeV-madgraph-pythia8
b-tagging working points: 0.304(DeepJet)0.4506(DeepCSV)
isTTincMtt0to700: 0
isTTincMtt0to1000: 0
isTTincMtt700to1000: 0
isTTincMtt1000toInf: 0
isTTSemilepIncHT0Njet0: 0
isTTSemilepIncHT500Njet9: 0
outTTLF: 0
outTTCC: 0
outTTBB: 0
outTT1B: 0
outTT2B: 0
>> Completed 0 out of 1026 events
[INFO] Defaulting to central deepJet weight for: nominal
>> Completed 1000 out of 1026 events
Nelectrons      = 469 / 1026
Npassed_ElEta   = 469 / 1026
Nmuons          = 557 / 1026
NrelIsoFail     = 0 / 1026
Npassed_MuEta   = 557 / 1026
Npassed_nAK8Jets= 1026 / 1026
Npassed_Trigger = 988 / 1026
Npassed_MET     = 917 / 1026
Npassed_lepPt   = 945 / 1026
Npassed_HT      = 1026 / 1026
npass_Njets     = 1020 / 1026
Npassed_ALL     = 833 / 1026

>> Running /isilon/hadoop/store/group/bruxljm/FWLJMET106XUL_singleLep2017UL_RunIISummer20_X53X53/PairVLQ_x53x53_tWtW_narrow_RH_M1400_TuneCP5_13TeV-madgraph-pythia8/singleLep2017UL/230310_181045/0000/PairVLQ_x53x53_tWtW_narrow_RH_M1400_TuneCP5_13TeV-madgraph-pythia8_49.root for shift: nominal
[step1.h] Opening file: /isilon/hadoop/store/group/bruxljm/FWLJMET106XUL_singleLep2017UL_RunIISummer20_X53X53/PairVLQ_x53x53_tWtW_narrow_RH_M1400_TuneCP5_13TeV-madgraph-pythia8/singleLep2017UL/230310_181045/0000/PairVLQ_x53x53_tWtW_narrow_RH_M1400_TuneCP5_13TeV-madgraph-pythia8_49.root
[step1.h] Finished initializing
RUN CONFIG: YEAR = 2017
Era = 
isMC = 1, isSig = 1, SigMass = 7
isHad =0, isSE =0, isSM =0
isTTTT = 0, isXX = 1, isTpTp = 0, isBpBp = 0
For W's: isTT = 0, isSTt = 0, isSTtW = 0
For jets & PDF: isTOP = 0, isMadgraphBkg = 1
For HOTTagger Efficiencies: isTTV = 0, isTTHbb = 0, isTTHnonbb = 0, isTTTX = 0
isTTVV = 0, isST = 0, isTTToSemiLeptonHT500Njet9 = 0
Pileup sample key: PairVLQ_x53x53_tWtW_narrow_RH_M1400_TuneCP5_13TeV-madgraph-pythia8
b-tagging working points: 0.304(DeepJet)0.4506(DeepCSV)
isTTincMtt0to700: 0
isTTincMtt0to1000: 0
isTTincMtt700to1000: 0
isTTincMtt1000toInf: 0
isTTSemilepIncHT0Njet0: 0
isTTSemilepIncHT500Njet9: 0
outTTLF: 0
outTTCC: 0
outTTBB: 0
outTT1B: 0
outTT2B: 0
>> Completed 0 out of 1076 events
[INFO] Defaulting to central deepJet weight for: nominal
>> Completed 1000 out of 1076 events
Nelectrons      = 519 / 1076
Npassed_ElEta   = 519 / 1076
Nmuons          = 557 / 1076
NrelIsoFail     = 0 / 1076
Npassed_MuEta   = 557 / 1076
Npassed_nAK8Jets= 1076 / 1076
Npassed_Trigger = 1034 / 1076
Npassed_MET     = 962 / 1076
Npassed_lepPt   = 981 / 1076
Npassed_HT      = 1075 / 1076
npass_Njets     = 1072 / 1076
Npassed_ALL     = 874 / 1076

>> Running /isilon/hadoop/store/group/bruxljm/FWLJMET106XUL_singleLep2017UL_RunIISummer20_X53X53/PairVLQ_x53x53_tWtW_narrow_RH_M1400_TuneCP5_13TeV-madgraph-pythia8/singleLep2017UL/230310_181045/0000/PairVLQ_x53x53_tWtW_narrow_RH_M1400_TuneCP5_13TeV-madgraph-pythia8_5.root for shift: nominal
[step1.h] Opening file: /isilon/hadoop/store/group/bruxljm/FWLJMET106XUL_singleLep2017UL_RunIISummer20_X53X53/PairVLQ_x53x53_tWtW_narrow_RH_M1400_TuneCP5_13TeV-madgraph-pythia8/singleLep2017UL/230310_181045/0000/PairVLQ_x53x53_tWtW_narrow_RH_M1400_TuneCP5_13TeV-madgraph-pythia8_5.root
[step1.h] Finished initializing
RUN CONFIG: YEAR = 2017
Era = 
isMC = 1, isSig = 1, SigMass = 7
isHad =0, isSE =0, isSM =0
isTTTT = 0, isXX = 1, isTpTp = 0, isBpBp = 0
For W's: isTT = 0, isSTt = 0, isSTtW = 0
For jets & PDF: isTOP = 0, isMadgraphBkg = 1
For HOTTagger Efficiencies: isTTV = 0, isTTHbb = 0, isTTHnonbb = 0, isTTTX = 0
isTTVV = 0, isST = 0, isTTToSemiLeptonHT500Njet9 = 0
Pileup sample key: PairVLQ_x53x53_tWtW_narrow_RH_M1400_TuneCP5_13TeV-madgraph-pythia8
b-tagging working points: 0.304(DeepJet)0.4506(DeepCSV)
isTTincMtt0to700: 0
isTTincMtt0to1000: 0
isTTincMtt700to1000: 0
isTTincMtt1000toInf: 0
isTTSemilepIncHT0Njet0: 0
isTTSemilepIncHT500Njet9: 0
outTTLF: 0
outTTCC: 0
outTTBB: 0
outTT1B: 0
outTT2B: 0
>> Completed 0 out of 1087 events
[INFO] Defaulting to central deepJet weight for: nominal
>> Completed 1000 out of 1087 events
Nelectrons      = 501 / 1087
Npassed_ElEta   = 501 / 1087
Nmuons          = 586 / 1087
NrelIsoFail     = 0 / 1087
Npassed_MuEta   = 586 / 1087
Npassed_nAK8Jets= 1087 / 1087
Npassed_Trigger = 1050 / 1087
Npassed_MET     = 971 / 1087
Npassed_lepPt   = 1009 / 1087
Npassed_HT      = 1085 / 1087
npass_Njets     = 1081 / 1087
Npassed_ALL     = 893 / 1087

>> Running /isilon/hadoop/store/group/bruxljm/FWLJMET106XUL_singleLep2017UL_RunIISummer20_X53X53/PairVLQ_x53x53_tWtW_narrow_RH_M1400_TuneCP5_13TeV-madgraph-pythia8/singleLep2017UL/230310_181045/0000/PairVLQ_x53x53_tWtW_narrow_RH_M1400_TuneCP5_13TeV-madgraph-pythia8_50.root for shift: nominal
[step1.h] Opening file: /isilon/hadoop/store/group/bruxljm/FWLJMET106XUL_singleLep2017UL_RunIISummer20_X53X53/PairVLQ_x53x53_tWtW_narrow_RH_M1400_TuneCP5_13TeV-madgraph-pythia8/singleLep2017UL/230310_181045/0000/PairVLQ_x53x53_tWtW_narrow_RH_M1400_TuneCP5_13TeV-madgraph-pythia8_50.root
[step1.h] Finished initializing
RUN CONFIG: YEAR = 2017
Era = 
isMC = 1, isSig = 1, SigMass = 7
isHad =0, isSE =0, isSM =0
isTTTT = 0, isXX = 1, isTpTp = 0, isBpBp = 0
For W's: isTT = 0, isSTt = 0, isSTtW = 0
For jets & PDF: isTOP = 0, isMadgraphBkg = 1
For HOTTagger Efficiencies: isTTV = 0, isTTHbb = 0, isTTHnonbb = 0, isTTTX = 0
isTTVV = 0, isST = 0, isTTToSemiLeptonHT500Njet9 = 0
Pileup sample key: PairVLQ_x53x53_tWtW_narrow_RH_M1400_TuneCP5_13TeV-madgraph-pythia8
b-tagging working points: 0.304(DeepJet)0.4506(DeepCSV)
isTTincMtt0to700: 0
isTTincMtt0to1000: 0
isTTincMtt700to1000: 0
isTTincMtt1000toInf: 0
isTTSemilepIncHT0Njet0: 0
isTTSemilepIncHT500Njet9: 0
outTTLF: 0
outTTCC: 0
outTTBB: 0
outTT1B: 0
outTT2B: 0
>> Completed 0 out of 1038 events
[INFO] Defaulting to central deepJet weight for: nominal
>> Completed 1000 out of 1038 events
Nelectrons      = 487 / 1038
Npassed_ElEta   = 487 / 1038
Nmuons          = 551 / 1038
NrelIsoFail     = 0 / 1038
Npassed_MuEta   = 551 / 1038
Npassed_nAK8Jets= 1038 / 1038
Npassed_Trigger = 993 / 1038
Npassed_MET     = 950 / 1038
Npassed_lepPt   = 958 / 1038
Npassed_HT      = 1034 / 1038
npass_Njets     = 1032 / 1038
Npassed_ALL     = 871 / 1038

>> Running /isilon/hadoop/store/group/bruxljm/FWLJMET106XUL_singleLep2017UL_RunIISummer20_X53X53/PairVLQ_x53x53_tWtW_narrow_RH_M1400_TuneCP5_13TeV-madgraph-pythia8/singleLep2017UL/230310_181045/0000/PairVLQ_x53x53_tWtW_narrow_RH_M1400_TuneCP5_13TeV-madgraph-pythia8_51.root for shift: nominal
[step1.h] Opening file: /isilon/hadoop/store/group/bruxljm/FWLJMET106XUL_singleLep2017UL_RunIISummer20_X53X53/PairVLQ_x53x53_tWtW_narrow_RH_M1400_TuneCP5_13TeV-madgraph-pythia8/singleLep2017UL/230310_181045/0000/PairVLQ_x53x53_tWtW_narrow_RH_M1400_TuneCP5_13TeV-madgraph-pythia8_51.root
[step1.h] Finished initializing
RUN CONFIG: YEAR = 2017
Era = 
isMC = 1, isSig = 1, SigMass = 7
isHad =0, isSE =0, isSM =0
isTTTT = 0, isXX = 1, isTpTp = 0, isBpBp = 0
For W's: isTT = 0, isSTt = 0, isSTtW = 0
For jets & PDF: isTOP = 0, isMadgraphBkg = 1
For HOTTagger Efficiencies: isTTV = 0, isTTHbb = 0, isTTHnonbb = 0, isTTTX = 0
isTTVV = 0, isST = 0, isTTToSemiLeptonHT500Njet9 = 0
Pileup sample key: PairVLQ_x53x53_tWtW_narrow_RH_M1400_TuneCP5_13TeV-madgraph-pythia8
b-tagging working points: 0.304(DeepJet)0.4506(DeepCSV)
isTTincMtt0to700: 0
isTTincMtt0to1000: 0
isTTincMtt700to1000: 0
isTTincMtt1000toInf: 0
isTTSemilepIncHT0Njet0: 0
isTTSemilepIncHT500Njet9: 0
outTTLF: 0
outTTCC: 0
outTTBB: 0
outTT1B: 0
outTT2B: 0
>> Completed 0 out of 1038 events
[INFO] Defaulting to central deepJet weight for: nominal
>> Completed 1000 out of 1038 events
Nelectrons      = 468 / 1038
Npassed_ElEta   = 468 / 1038
Nmuons          = 570 / 1038
NrelIsoFail     = 0 / 1038
Npassed_MuEta   = 570 / 1038
Npassed_nAK8Jets= 1038 / 1038
Npassed_Trigger = 1002 / 1038
Npassed_MET     = 947 / 1038
Npassed_lepPt   = 946 / 1038
Npassed_HT      = 1037 / 1038
npass_Njets     = 1029 / 1038
Npassed_ALL     = 855 / 1038

>> Running /isilon/hadoop/store/group/bruxljm/FWLJMET106XUL_singleLep2017UL_RunIISummer20_X53X53/PairVLQ_x53x53_tWtW_narrow_RH_M1400_TuneCP5_13TeV-madgraph-pythia8/singleLep2017UL/230310_181045/0000/PairVLQ_x53x53_tWtW_narrow_RH_M1400_TuneCP5_13TeV-madgraph-pythia8_52.root for shift: nominal
[step1.h] Opening file: /isilon/hadoop/store/group/bruxljm/FWLJMET106XUL_singleLep2017UL_RunIISummer20_X53X53/PairVLQ_x53x53_tWtW_narrow_RH_M1400_TuneCP5_13TeV-madgraph-pythia8/singleLep2017UL/230310_181045/0000/PairVLQ_x53x53_tWtW_narrow_RH_M1400_TuneCP5_13TeV-madgraph-pythia8_52.root
[step1.h] Finished initializing
RUN CONFIG: YEAR = 2017
Era = 
isMC = 1, isSig = 1, SigMass = 7
isHad =0, isSE =0, isSM =0
isTTTT = 0, isXX = 1, isTpTp = 0, isBpBp = 0
For W's: isTT = 0, isSTt = 0, isSTtW = 0
For jets & PDF: isTOP = 0, isMadgraphBkg = 1
For HOTTagger Efficiencies: isTTV = 0, isTTHbb = 0, isTTHnonbb = 0, isTTTX = 0
isTTVV = 0, isST = 0, isTTToSemiLeptonHT500Njet9 = 0
Pileup sample key: PairVLQ_x53x53_tWtW_narrow_RH_M1400_TuneCP5_13TeV-madgraph-pythia8
b-tagging working points: 0.304(DeepJet)0.4506(DeepCSV)
isTTincMtt0to700: 0
isTTincMtt0to1000: 0
isTTincMtt700to1000: 0
isTTincMtt1000toInf: 0
isTTSemilepIncHT0Njet0: 0
isTTSemilepIncHT500Njet9: 0
outTTLF: 0
outTTCC: 0
outTTBB: 0
outTT1B: 0
outTT2B: 0
>> Completed 0 out of 1071 events
[INFO] Defaulting to central deepJet weight for: nominal
>> Completed 1000 out of 1071 events
Nelectrons      = 503 / 1071
Npassed_ElEta   = 503 / 1071
Nmuons          = 568 / 1071
NrelIsoFail     = 0 / 1071
Npassed_MuEta   = 568 / 1071
Npassed_nAK8Jets= 1071 / 1071
Npassed_Trigger = 1033 / 1071
Npassed_MET     = 956 / 1071
Npassed_lepPt   = 990 / 1071
Npassed_HT      = 1070 / 1071
npass_Njets     = 1064 / 1071
Npassed_ALL     = 877 / 1071

>> Running /isilon/hadoop/store/group/bruxljm/FWLJMET106XUL_singleLep2017UL_RunIISummer20_X53X53/PairVLQ_x53x53_tWtW_narrow_RH_M1400_TuneCP5_13TeV-madgraph-pythia8/singleLep2017UL/230310_181045/0000/PairVLQ_x53x53_tWtW_narrow_RH_M1400_TuneCP5_13TeV-madgraph-pythia8_53.root for shift: nominal
[step1.h] Opening file: /isilon/hadoop/store/group/bruxljm/FWLJMET106XUL_singleLep2017UL_RunIISummer20_X53X53/PairVLQ_x53x53_tWtW_narrow_RH_M1400_TuneCP5_13TeV-madgraph-pythia8/singleLep2017UL/230310_181045/0000/PairVLQ_x53x53_tWtW_narrow_RH_M1400_TuneCP5_13TeV-madgraph-pythia8_53.root
[step1.h] Finished initializing
RUN CONFIG: YEAR = 2017
Era = 
isMC = 1, isSig = 1, SigMass = 7
isHad =0, isSE =0, isSM =0
isTTTT = 0, isXX = 1, isTpTp = 0, isBpBp = 0
For W's: isTT = 0, isSTt = 0, isSTtW = 0
For jets & PDF: isTOP = 0, isMadgraphBkg = 1
For HOTTagger Efficiencies: isTTV = 0, isTTHbb = 0, isTTHnonbb = 0, isTTTX = 0
isTTVV = 0, isST = 0, isTTToSemiLeptonHT500Njet9 = 0
Pileup sample key: PairVLQ_x53x53_tWtW_narrow_RH_M1400_TuneCP5_13TeV-madgraph-pythia8
b-tagging working points: 0.304(DeepJet)0.4506(DeepCSV)
isTTincMtt0to700: 0
isTTincMtt0to1000: 0
isTTincMtt700to1000: 0
isTTincMtt1000toInf: 0
isTTSemilepIncHT0Njet0: 0
isTTSemilepIncHT500Njet9: 0
outTTLF: 0
outTTCC: 0
outTTBB: 0
outTT1B: 0
outTT2B: 0
>> Completed 0 out of 1054 events
[INFO] Defaulting to central deepJet weight for: nominal
>> Completed 1000 out of 1054 events
Nelectrons      = 469 / 1054
Npassed_ElEta   = 469 / 1054
Nmuons          = 585 / 1054
NrelIsoFail     = 0 / 1054
Npassed_MuEta   = 585 / 1054
Npassed_nAK8Jets= 1054 / 1054
Npassed_Trigger = 1014 / 1054
Npassed_MET     = 949 / 1054
Npassed_lepPt   = 979 / 1054
Npassed_HT      = 1049 / 1054
npass_Njets     = 1048 / 1054
Npassed_ALL     = 872 / 1054

>> Running /isilon/hadoop/store/group/bruxljm/FWLJMET106XUL_singleLep2017UL_RunIISummer20_X53X53/PairVLQ_x53x53_tWtW_narrow_RH_M1400_TuneCP5_13TeV-madgraph-pythia8/singleLep2017UL/230310_181045/0000/PairVLQ_x53x53_tWtW_narrow_RH_M1400_TuneCP5_13TeV-madgraph-pythia8_54.root for shift: nominal
[step1.h] Opening file: /isilon/hadoop/store/group/bruxljm/FWLJMET106XUL_singleLep2017UL_RunIISummer20_X53X53/PairVLQ_x53x53_tWtW_narrow_RH_M1400_TuneCP5_13TeV-madgraph-pythia8/singleLep2017UL/230310_181045/0000/PairVLQ_x53x53_tWtW_narrow_RH_M1400_TuneCP5_13TeV-madgraph-pythia8_54.root
[step1.h] Finished initializing
RUN CONFIG: YEAR = 2017
Era = 
isMC = 1, isSig = 1, SigMass = 7
isHad =0, isSE =0, isSM =0
isTTTT = 0, isXX = 1, isTpTp = 0, isBpBp = 0
For W's: isTT = 0, isSTt = 0, isSTtW = 0
For jets & PDF: isTOP = 0, isMadgraphBkg = 1
For HOTTagger Efficiencies: isTTV = 0, isTTHbb = 0, isTTHnonbb = 0, isTTTX = 0
isTTVV = 0, isST = 0, isTTToSemiLeptonHT500Njet9 = 0
Pileup sample key: PairVLQ_x53x53_tWtW_narrow_RH_M1400_TuneCP5_13TeV-madgraph-pythia8
b-tagging working points: 0.304(DeepJet)0.4506(DeepCSV)
isTTincMtt0to700: 0
isTTincMtt0to1000: 0
isTTincMtt700to1000: 0
isTTincMtt1000toInf: 0
isTTSemilepIncHT0Njet0: 0
isTTSemilepIncHT500Njet9: 0
outTTLF: 0
outTTCC: 0
outTTBB: 0
outTT1B: 0
outTT2B: 0
>> Completed 0 out of 1072 events
[INFO] Defaulting to central deepJet weight for: nominal
>> Completed 1000 out of 1072 events
Nelectrons      = 503 / 1072
Npassed_ElEta   = 503 / 1072
Nmuons          = 569 / 1072
NrelIsoFail     = 0 / 1072
Npassed_MuEta   = 569 / 1072
Npassed_nAK8Jets= 1072 / 1072
Npassed_Trigger = 1035 / 1072
Npassed_MET     = 963 / 1072
Npassed_lepPt   = 983 / 1072
Npassed_HT      = 1070 / 1072
npass_Njets     = 1067 / 1072
Npassed_ALL     = 875 / 1072

>> Running /isilon/hadoop/store/group/bruxljm/FWLJMET106XUL_singleLep2017UL_RunIISummer20_X53X53/PairVLQ_x53x53_tWtW_narrow_RH_M1400_TuneCP5_13TeV-madgraph-pythia8/singleLep2017UL/230310_181045/0000/PairVLQ_x53x53_tWtW_narrow_RH_M1400_TuneCP5_13TeV-madgraph-pythia8_55.root for shift: nominal
[step1.h] Opening file: /isilon/hadoop/store/group/bruxljm/FWLJMET106XUL_singleLep2017UL_RunIISummer20_X53X53/PairVLQ_x53x53_tWtW_narrow_RH_M1400_TuneCP5_13TeV-madgraph-pythia8/singleLep2017UL/230310_181045/0000/PairVLQ_x53x53_tWtW_narrow_RH_M1400_TuneCP5_13TeV-madgraph-pythia8_55.root
[step1.h] Finished initializing
RUN CONFIG: YEAR = 2017
Era = 
isMC = 1, isSig = 1, SigMass = 7
isHad =0, isSE =0, isSM =0
isTTTT = 0, isXX = 1, isTpTp = 0, isBpBp = 0
For W's: isTT = 0, isSTt = 0, isSTtW = 0
For jets & PDF: isTOP = 0, isMadgraphBkg = 1
For HOTTagger Efficiencies: isTTV = 0, isTTHbb = 0, isTTHnonbb = 0, isTTTX = 0
isTTVV = 0, isST = 0, isTTToSemiLeptonHT500Njet9 = 0
Pileup sample key: PairVLQ_x53x53_tWtW_narrow_RH_M1400_TuneCP5_13TeV-madgraph-pythia8
b-tagging working points: 0.304(DeepJet)0.4506(DeepCSV)
isTTincMtt0to700: 0
isTTincMtt0to1000: 0
isTTincMtt700to1000: 0
isTTincMtt1000toInf: 0
isTTSemilepIncHT0Njet0: 0
isTTSemilepIncHT500Njet9: 0
outTTLF: 0
outTTCC: 0
outTTBB: 0
outTT1B: 0
outTT2B: 0
>> Completed 0 out of 1109 events
[INFO] Defaulting to central deepJet weight for: nominal
>> Completed 1000 out of 1109 events
Nelectrons      = 502 / 1109
Npassed_ElEta   = 502 / 1109
Nmuons          = 607 / 1109
NrelIsoFail     = 0 / 1109
Npassed_MuEta   = 607 / 1109
Npassed_nAK8Jets= 1109 / 1109
Npassed_Trigger = 1070 / 1109
Npassed_MET     = 990 / 1109
Npassed_lepPt   = 1026 / 1109
Npassed_HT      = 1107 / 1109
npass_Njets     = 1106 / 1109
Npassed_ALL     = 909 / 1109

>> Running /isilon/hadoop/store/group/bruxljm/FWLJMET106XUL_singleLep2017UL_RunIISummer20_X53X53/PairVLQ_x53x53_tWtW_narrow_RH_M1400_TuneCP5_13TeV-madgraph-pythia8/singleLep2017UL/230310_181045/0000/PairVLQ_x53x53_tWtW_narrow_RH_M1400_TuneCP5_13TeV-madgraph-pythia8_56.root for shift: nominal
[step1.h] Opening file: /isilon/hadoop/store/group/bruxljm/FWLJMET106XUL_singleLep2017UL_RunIISummer20_X53X53/PairVLQ_x53x53_tWtW_narrow_RH_M1400_TuneCP5_13TeV-madgraph-pythia8/singleLep2017UL/230310_181045/0000/PairVLQ_x53x53_tWtW_narrow_RH_M1400_TuneCP5_13TeV-madgraph-pythia8_56.root
[step1.h] Finished initializing
RUN CONFIG: YEAR = 2017
Era = 
isMC = 1, isSig = 1, SigMass = 7
isHad =0, isSE =0, isSM =0
isTTTT = 0, isXX = 1, isTpTp = 0, isBpBp = 0
For W's: isTT = 0, isSTt = 0, isSTtW = 0
For jets & PDF: isTOP = 0, isMadgraphBkg = 1
For HOTTagger Efficiencies: isTTV = 0, isTTHbb = 0, isTTHnonbb = 0, isTTTX = 0
isTTVV = 0, isST = 0, isTTToSemiLeptonHT500Njet9 = 0
Pileup sample key: PairVLQ_x53x53_tWtW_narrow_RH_M1400_TuneCP5_13TeV-madgraph-pythia8
b-tagging working points: 0.304(DeepJet)0.4506(DeepCSV)
isTTincMtt0to700: 0
isTTincMtt0to1000: 0
isTTincMtt700to1000: 0
isTTincMtt1000toInf: 0
isTTSemilepIncHT0Njet0: 0
isTTSemilepIncHT500Njet9: 0
outTTLF: 0
outTTCC: 0
outTTBB: 0
outTT1B: 0
outTT2B: 0
>> Completed 0 out of 1065 events
[INFO] Defaulting to central deepJet weight for: nominal
>> Completed 1000 out of 1065 events
Nelectrons      = 476 / 1065
Npassed_ElEta   = 476 / 1065
Nmuons          = 589 / 1065
NrelIsoFail     = 0 / 1065
Npassed_MuEta   = 589 / 1065
Npassed_nAK8Jets= 1065 / 1065
Npassed_Trigger = 1027 / 1065
Npassed_MET     = 955 / 1065
Npassed_lepPt   = 991 / 1065
Npassed_HT      = 1061 / 1065
npass_Njets     = 1057 / 1065
Npassed_ALL     = 878 / 1065

>> Running /isilon/hadoop/store/group/bruxljm/FWLJMET106XUL_singleLep2017UL_RunIISummer20_X53X53/PairVLQ_x53x53_tWtW_narrow_RH_M1400_TuneCP5_13TeV-madgraph-pythia8/singleLep2017UL/230310_181045/0000/PairVLQ_x53x53_tWtW_narrow_RH_M1400_TuneCP5_13TeV-madgraph-pythia8_57.root for shift: nominal
[step1.h] Opening file: /isilon/hadoop/store/group/bruxljm/FWLJMET106XUL_singleLep2017UL_RunIISummer20_X53X53/PairVLQ_x53x53_tWtW_narrow_RH_M1400_TuneCP5_13TeV-madgraph-pythia8/singleLep2017UL/230310_181045/0000/PairVLQ_x53x53_tWtW_narrow_RH_M1400_TuneCP5_13TeV-madgraph-pythia8_57.root
[step1.h] Finished initializing
RUN CONFIG: YEAR = 2017
Era = 
isMC = 1, isSig = 1, SigMass = 7
isHad =0, isSE =0, isSM =0
isTTTT = 0, isXX = 1, isTpTp = 0, isBpBp = 0
For W's: isTT = 0, isSTt = 0, isSTtW = 0
For jets & PDF: isTOP = 0, isMadgraphBkg = 1
For HOTTagger Efficiencies: isTTV = 0, isTTHbb = 0, isTTHnonbb = 0, isTTTX = 0
isTTVV = 0, isST = 0, isTTToSemiLeptonHT500Njet9 = 0
Pileup sample key: PairVLQ_x53x53_tWtW_narrow_RH_M1400_TuneCP5_13TeV-madgraph-pythia8
b-tagging working points: 0.304(DeepJet)0.4506(DeepCSV)
isTTincMtt0to700: 0
isTTincMtt0to1000: 0
isTTincMtt700to1000: 0
isTTincMtt1000toInf: 0
isTTSemilepIncHT0Njet0: 0
isTTSemilepIncHT500Njet9: 0
outTTLF: 0
outTTCC: 0
outTTBB: 0
outTT1B: 0
outTT2B: 0
>> Completed 0 out of 1088 events
[INFO] Defaulting to central deepJet weight for: nominal
>> Completed 1000 out of 1088 events
Nelectrons      = 491 / 1088
Npassed_ElEta   = 491 / 1088
Nmuons          = 597 / 1088
NrelIsoFail     = 0 / 1088
Npassed_MuEta   = 597 / 1088
Npassed_nAK8Jets= 1088 / 1088
Npassed_Trigger = 1042 / 1088
Npassed_MET     = 976 / 1088
Npassed_lepPt   = 994 / 1088
Npassed_HT      = 1086 / 1088
npass_Njets     = 1082 / 1088
Npassed_ALL     = 883 / 1088

>> Running /isilon/hadoop/store/group/bruxljm/FWLJMET106XUL_singleLep2017UL_RunIISummer20_X53X53/PairVLQ_x53x53_tWtW_narrow_RH_M1400_TuneCP5_13TeV-madgraph-pythia8/singleLep2017UL/230310_181045/0000/PairVLQ_x53x53_tWtW_narrow_RH_M1400_TuneCP5_13TeV-madgraph-pythia8_58.root for shift: nominal
[step1.h] Opening file: /isilon/hadoop/store/group/bruxljm/FWLJMET106XUL_singleLep2017UL_RunIISummer20_X53X53/PairVLQ_x53x53_tWtW_narrow_RH_M1400_TuneCP5_13TeV-madgraph-pythia8/singleLep2017UL/230310_181045/0000/PairVLQ_x53x53_tWtW_narrow_RH_M1400_TuneCP5_13TeV-madgraph-pythia8_58.root
[step1.h] Finished initializing
RUN CONFIG: YEAR = 2017
Era = 
isMC = 1, isSig = 1, SigMass = 7
isHad =0, isSE =0, isSM =0
isTTTT = 0, isXX = 1, isTpTp = 0, isBpBp = 0
For W's: isTT = 0, isSTt = 0, isSTtW = 0
For jets & PDF: isTOP = 0, isMadgraphBkg = 1
For HOTTagger Efficiencies: isTTV = 0, isTTHbb = 0, isTTHnonbb = 0, isTTTX = 0
isTTVV = 0, isST = 0, isTTToSemiLeptonHT500Njet9 = 0
Pileup sample key: PairVLQ_x53x53_tWtW_narrow_RH_M1400_TuneCP5_13TeV-madgraph-pythia8
b-tagging working points: 0.304(DeepJet)0.4506(DeepCSV)
isTTincMtt0to700: 0
isTTincMtt0to1000: 0
isTTincMtt700to1000: 0
isTTincMtt1000toInf: 0
isTTSemilepIncHT0Njet0: 0
isTTSemilepIncHT500Njet9: 0
outTTLF: 0
outTTCC: 0
outTTBB: 0
outTT1B: 0
outTT2B: 0
>> Completed 0 out of 1054 events
[INFO] Defaulting to central deepJet weight for: nominal
>> Completed 1000 out of 1054 events
Nelectrons      = 477 / 1054
Npassed_ElEta   = 477 / 1054
Nmuons          = 577 / 1054
NrelIsoFail     = 0 / 1054
Npassed_MuEta   = 577 / 1054
Npassed_nAK8Jets= 1054 / 1054
Npassed_Trigger = 1016 / 1054
Npassed_MET     = 951 / 1054
Npassed_lepPt   = 978 / 1054
Npassed_HT      = 1053 / 1054
npass_Njets     = 1049 / 1054
Npassed_ALL     = 879 / 1054

>> Running /isilon/hadoop/store/group/bruxljm/FWLJMET106XUL_singleLep2017UL_RunIISummer20_X53X53/PairVLQ_x53x53_tWtW_narrow_RH_M1400_TuneCP5_13TeV-madgraph-pythia8/singleLep2017UL/230310_181045/0000/PairVLQ_x53x53_tWtW_narrow_RH_M1400_TuneCP5_13TeV-madgraph-pythia8_59.root for shift: nominal
[step1.h] Opening file: /isilon/hadoop/store/group/bruxljm/FWLJMET106XUL_singleLep2017UL_RunIISummer20_X53X53/PairVLQ_x53x53_tWtW_narrow_RH_M1400_TuneCP5_13TeV-madgraph-pythia8/singleLep2017UL/230310_181045/0000/PairVLQ_x53x53_tWtW_narrow_RH_M1400_TuneCP5_13TeV-madgraph-pythia8_59.root
[step1.h] Finished initializing
RUN CONFIG: YEAR = 2017
Era = 
isMC = 1, isSig = 1, SigMass = 7
isHad =0, isSE =0, isSM =0
isTTTT = 0, isXX = 1, isTpTp = 0, isBpBp = 0
For W's: isTT = 0, isSTt = 0, isSTtW = 0
For jets & PDF: isTOP = 0, isMadgraphBkg = 1
For HOTTagger Efficiencies: isTTV = 0, isTTHbb = 0, isTTHnonbb = 0, isTTTX = 0
isTTVV = 0, isST = 0, isTTToSemiLeptonHT500Njet9 = 0
Pileup sample key: PairVLQ_x53x53_tWtW_narrow_RH_M1400_TuneCP5_13TeV-madgraph-pythia8
b-tagging working points: 0.304(DeepJet)0.4506(DeepCSV)
isTTincMtt0to700: 0
isTTincMtt0to1000: 0
isTTincMtt700to1000: 0
isTTincMtt1000toInf: 0
isTTSemilepIncHT0Njet0: 0
isTTSemilepIncHT500Njet9: 0
outTTLF: 0
outTTCC: 0
outTTBB: 0
outTT1B: 0
outTT2B: 0
>> Completed 0 out of 1062 events
[INFO] Defaulting to central deepJet weight for: nominal
>> Completed 1000 out of 1062 events
Nelectrons      = 459 / 1062
Npassed_ElEta   = 459 / 1062
Nmuons          = 603 / 1062
NrelIsoFail     = 0 / 1062
Npassed_MuEta   = 603 / 1062
Npassed_nAK8Jets= 1062 / 1062
Npassed_Trigger = 1030 / 1062
Npassed_MET     = 962 / 1062
Npassed_lepPt   = 962 / 1062
Npassed_HT      = 1061 / 1062
npass_Njets     = 1058 / 1062
Npassed_ALL     = 866 / 1062

>> Running /isilon/hadoop/store/group/bruxljm/FWLJMET106XUL_singleLep2017UL_RunIISummer20_X53X53/PairVLQ_x53x53_tWtW_narrow_RH_M1400_TuneCP5_13TeV-madgraph-pythia8/singleLep2017UL/230310_181045/0000/PairVLQ_x53x53_tWtW_narrow_RH_M1400_TuneCP5_13TeV-madgraph-pythia8_6.root for shift: nominal
[step1.h] Opening file: /isilon/hadoop/store/group/bruxljm/FWLJMET106XUL_singleLep2017UL_RunIISummer20_X53X53/PairVLQ_x53x53_tWtW_narrow_RH_M1400_TuneCP5_13TeV-madgraph-pythia8/singleLep2017UL/230310_181045/0000/PairVLQ_x53x53_tWtW_narrow_RH_M1400_TuneCP5_13TeV-madgraph-pythia8_6.root
[step1.h] Finished initializing
RUN CONFIG: YEAR = 2017
Era = 
isMC = 1, isSig = 1, SigMass = 7
isHad =0, isSE =0, isSM =0
isTTTT = 0, isXX = 1, isTpTp = 0, isBpBp = 0
For W's: isTT = 0, isSTt = 0, isSTtW = 0
For jets & PDF: isTOP = 0, isMadgraphBkg = 1
For HOTTagger Efficiencies: isTTV = 0, isTTHbb = 0, isTTHnonbb = 0, isTTTX = 0
isTTVV = 0, isST = 0, isTTToSemiLeptonHT500Njet9 = 0
Pileup sample key: PairVLQ_x53x53_tWtW_narrow_RH_M1400_TuneCP5_13TeV-madgraph-pythia8
b-tagging working points: 0.304(DeepJet)0.4506(DeepCSV)
isTTincMtt0to700: 0
isTTincMtt0to1000: 0
isTTincMtt700to1000: 0
isTTincMtt1000toInf: 0
isTTSemilepIncHT0Njet0: 0
isTTSemilepIncHT500Njet9: 0
outTTLF: 0
outTTCC: 0
outTTBB: 0
outTT1B: 0
outTT2B: 0
>> Completed 0 out of 1027 events
[INFO] Defaulting to central deepJet weight for: nominal
>> Completed 1000 out of 1027 events
Nelectrons      = 471 / 1027
Npassed_ElEta   = 471 / 1027
Nmuons          = 556 / 1027
NrelIsoFail     = 0 / 1027
Npassed_MuEta   = 556 / 1027
Npassed_nAK8Jets= 1027 / 1027
Npassed_Trigger = 996 / 1027
Npassed_MET     = 926 / 1027
Npassed_lepPt   = 940 / 1027
Npassed_HT      = 1027 / 1027
npass_Njets     = 1023 / 1027
Npassed_ALL     = 843 / 1027

>> Running /isilon/hadoop/store/group/bruxljm/FWLJMET106XUL_singleLep2017UL_RunIISummer20_X53X53/PairVLQ_x53x53_tWtW_narrow_RH_M1400_TuneCP5_13TeV-madgraph-pythia8/singleLep2017UL/230310_181045/0000/PairVLQ_x53x53_tWtW_narrow_RH_M1400_TuneCP5_13TeV-madgraph-pythia8_60.root for shift: nominal
[step1.h] Opening file: /isilon/hadoop/store/group/bruxljm/FWLJMET106XUL_singleLep2017UL_RunIISummer20_X53X53/PairVLQ_x53x53_tWtW_narrow_RH_M1400_TuneCP5_13TeV-madgraph-pythia8/singleLep2017UL/230310_181045/0000/PairVLQ_x53x53_tWtW_narrow_RH_M1400_TuneCP5_13TeV-madgraph-pythia8_60.root
[step1.h] Finished initializing
RUN CONFIG: YEAR = 2017
Era = 
isMC = 1, isSig = 1, SigMass = 7
isHad =0, isSE =0, isSM =0
isTTTT = 0, isXX = 1, isTpTp = 0, isBpBp = 0
For W's: isTT = 0, isSTt = 0, isSTtW = 0
For jets & PDF: isTOP = 0, isMadgraphBkg = 1
For HOTTagger Efficiencies: isTTV = 0, isTTHbb = 0, isTTHnonbb = 0, isTTTX = 0
isTTVV = 0, isST = 0, isTTToSemiLeptonHT500Njet9 = 0
Pileup sample key: PairVLQ_x53x53_tWtW_narrow_RH_M1400_TuneCP5_13TeV-madgraph-pythia8
b-tagging working points: 0.304(DeepJet)0.4506(DeepCSV)
isTTincMtt0to700: 0
isTTincMtt0to1000: 0
isTTincMtt700to1000: 0
isTTincMtt1000toInf: 0
isTTSemilepIncHT0Njet0: 0
isTTSemilepIncHT500Njet9: 0
outTTLF: 0
outTTCC: 0
outTTBB: 0
outTT1B: 0
outTT2B: 0
>> Completed 0 out of 1055 events
[INFO] Defaulting to central deepJet weight for: nominal
>> Completed 1000 out of 1055 events
Nelectrons      = 479 / 1055
Npassed_ElEta   = 479 / 1055
Nmuons          = 576 / 1055
NrelIsoFail     = 0 / 1055
Npassed_MuEta   = 576 / 1055
Npassed_nAK8Jets= 1055 / 1055
Npassed_Trigger = 1031 / 1055
Npassed_MET     = 941 / 1055
Npassed_lepPt   = 975 / 1055
Npassed_HT      = 1055 / 1055
npass_Njets     = 1055 / 1055
Npassed_ALL     = 872 / 1055

>> Running /isilon/hadoop/store/group/bruxljm/FWLJMET106XUL_singleLep2017UL_RunIISummer20_X53X53/PairVLQ_x53x53_tWtW_narrow_RH_M1400_TuneCP5_13TeV-madgraph-pythia8/singleLep2017UL/230310_181045/0000/PairVLQ_x53x53_tWtW_narrow_RH_M1400_TuneCP5_13TeV-madgraph-pythia8_61.root for shift: nominal
[step1.h] Opening file: /isilon/hadoop/store/group/bruxljm/FWLJMET106XUL_singleLep2017UL_RunIISummer20_X53X53/PairVLQ_x53x53_tWtW_narrow_RH_M1400_TuneCP5_13TeV-madgraph-pythia8/singleLep2017UL/230310_181045/0000/PairVLQ_x53x53_tWtW_narrow_RH_M1400_TuneCP5_13TeV-madgraph-pythia8_61.root
[step1.h] Finished initializing
RUN CONFIG: YEAR = 2017
Era = 
isMC = 1, isSig = 1, SigMass = 7
isHad =0, isSE =0, isSM =0
isTTTT = 0, isXX = 1, isTpTp = 0, isBpBp = 0
For W's: isTT = 0, isSTt = 0, isSTtW = 0
For jets & PDF: isTOP = 0, isMadgraphBkg = 1
For HOTTagger Efficiencies: isTTV = 0, isTTHbb = 0, isTTHnonbb = 0, isTTTX = 0
isTTVV = 0, isST = 0, isTTToSemiLeptonHT500Njet9 = 0
Pileup sample key: PairVLQ_x53x53_tWtW_narrow_RH_M1400_TuneCP5_13TeV-madgraph-pythia8
b-tagging working points: 0.304(DeepJet)0.4506(DeepCSV)
isTTincMtt0to700: 0
isTTincMtt0to1000: 0
isTTincMtt700to1000: 0
isTTincMtt1000toInf: 0
isTTSemilepIncHT0Njet0: 0
isTTSemilepIncHT500Njet9: 0
outTTLF: 0
outTTCC: 0
outTTBB: 0
outTT1B: 0
outTT2B: 0
>> Completed 0 out of 1058 events
[INFO] Defaulting to central deepJet weight for: nominal
>> Completed 1000 out of 1058 events
Nelectrons      = 479 / 1058
Npassed_ElEta   = 479 / 1058
Nmuons          = 579 / 1058
NrelIsoFail     = 0 / 1058
Npassed_MuEta   = 579 / 1058
Npassed_nAK8Jets= 1058 / 1058
Npassed_Trigger = 1027 / 1058
Npassed_MET     = 973 / 1058
Npassed_lepPt   = 987 / 1058
Npassed_HT      = 1057 / 1058
npass_Njets     = 1056 / 1058
Npassed_ALL     = 909 / 1058

>> Running /isilon/hadoop/store/group/bruxljm/FWLJMET106XUL_singleLep2017UL_RunIISummer20_X53X53/PairVLQ_x53x53_tWtW_narrow_RH_M1400_TuneCP5_13TeV-madgraph-pythia8/singleLep2017UL/230310_181045/0000/PairVLQ_x53x53_tWtW_narrow_RH_M1400_TuneCP5_13TeV-madgraph-pythia8_62.root for shift: nominal
[step1.h] Opening file: /isilon/hadoop/store/group/bruxljm/FWLJMET106XUL_singleLep2017UL_RunIISummer20_X53X53/PairVLQ_x53x53_tWtW_narrow_RH_M1400_TuneCP5_13TeV-madgraph-pythia8/singleLep2017UL/230310_181045/0000/PairVLQ_x53x53_tWtW_narrow_RH_M1400_TuneCP5_13TeV-madgraph-pythia8_62.root
[step1.h] Finished initializing
RUN CONFIG: YEAR = 2017
Era = 
isMC = 1, isSig = 1, SigMass = 7
isHad =0, isSE =0, isSM =0
isTTTT = 0, isXX = 1, isTpTp = 0, isBpBp = 0
For W's: isTT = 0, isSTt = 0, isSTtW = 0
For jets & PDF: isTOP = 0, isMadgraphBkg = 1
For HOTTagger Efficiencies: isTTV = 0, isTTHbb = 0, isTTHnonbb = 0, isTTTX = 0
isTTVV = 0, isST = 0, isTTToSemiLeptonHT500Njet9 = 0
Pileup sample key: PairVLQ_x53x53_tWtW_narrow_RH_M1400_TuneCP5_13TeV-madgraph-pythia8
b-tagging working points: 0.304(DeepJet)0.4506(DeepCSV)
isTTincMtt0to700: 0
isTTincMtt0to1000: 0
isTTincMtt700to1000: 0
isTTincMtt1000toInf: 0
isTTSemilepIncHT0Njet0: 0
isTTSemilepIncHT500Njet9: 0
outTTLF: 0
outTTCC: 0
outTTBB: 0
outTT1B: 0
outTT2B: 0
>> Completed 0 out of 1048 events
[INFO] Defaulting to central deepJet weight for: nominal
>> Completed 1000 out of 1048 events
Nelectrons      = 509 / 1048
Npassed_ElEta   = 509 / 1048
Nmuons          = 539 / 1048
NrelIsoFail     = 0 / 1048
Npassed_MuEta   = 539 / 1048
Npassed_nAK8Jets= 1048 / 1048
Npassed_Trigger = 1004 / 1048
Npassed_MET     = 922 / 1048
Npassed_lepPt   = 966 / 1048
Npassed_HT      = 1046 / 1048
npass_Njets     = 1045 / 1048
Npassed_ALL     = 844 / 1048

>> Running /isilon/hadoop/store/group/bruxljm/FWLJMET106XUL_singleLep2017UL_RunIISummer20_X53X53/PairVLQ_x53x53_tWtW_narrow_RH_M1400_TuneCP5_13TeV-madgraph-pythia8/singleLep2017UL/230310_181045/0000/PairVLQ_x53x53_tWtW_narrow_RH_M1400_TuneCP5_13TeV-madgraph-pythia8_63.root for shift: nominal
[step1.h] Opening file: /isilon/hadoop/store/group/bruxljm/FWLJMET106XUL_singleLep2017UL_RunIISummer20_X53X53/PairVLQ_x53x53_tWtW_narrow_RH_M1400_TuneCP5_13TeV-madgraph-pythia8/singleLep2017UL/230310_181045/0000/PairVLQ_x53x53_tWtW_narrow_RH_M1400_TuneCP5_13TeV-madgraph-pythia8_63.root
[step1.h] Finished initializing
RUN CONFIG: YEAR = 2017
Era = 
isMC = 1, isSig = 1, SigMass = 7
isHad =0, isSE =0, isSM =0
isTTTT = 0, isXX = 1, isTpTp = 0, isBpBp = 0
For W's: isTT = 0, isSTt = 0, isSTtW = 0
For jets & PDF: isTOP = 0, isMadgraphBkg = 1
For HOTTagger Efficiencies: isTTV = 0, isTTHbb = 0, isTTHnonbb = 0, isTTTX = 0
isTTVV = 0, isST = 0, isTTToSemiLeptonHT500Njet9 = 0
Pileup sample key: PairVLQ_x53x53_tWtW_narrow_RH_M1400_TuneCP5_13TeV-madgraph-pythia8
b-tagging working points: 0.304(DeepJet)0.4506(DeepCSV)
isTTincMtt0to700: 0
isTTincMtt0to1000: 0
isTTincMtt700to1000: 0
isTTincMtt1000toInf: 0
isTTSemilepIncHT0Njet0: 0
isTTSemilepIncHT500Njet9: 0
outTTLF: 0
outTTCC: 0
outTTBB: 0
outTT1B: 0
outTT2B: 0
>> Completed 0 out of 1063 events
[INFO] Defaulting to central deepJet weight for: nominal
>> Completed 1000 out of 1063 events
Nelectrons      = 497 / 1063
Npassed_ElEta   = 497 / 1063
Nmuons          = 566 / 1063
NrelIsoFail     = 0 / 1063
Npassed_MuEta   = 566 / 1063
Npassed_nAK8Jets= 1063 / 1063
Npassed_Trigger = 1037 / 1063
Npassed_MET     = 952 / 1063
Npassed_lepPt   = 981 / 1063
Npassed_HT      = 1062 / 1063
npass_Njets     = 1060 / 1063
Npassed_ALL     = 876 / 1063

>> Running /isilon/hadoop/store/group/bruxljm/FWLJMET106XUL_singleLep2017UL_RunIISummer20_X53X53/PairVLQ_x53x53_tWtW_narrow_RH_M1400_TuneCP5_13TeV-madgraph-pythia8/singleLep2017UL/230310_181045/0000/PairVLQ_x53x53_tWtW_narrow_RH_M1400_TuneCP5_13TeV-madgraph-pythia8_64.root for shift: nominal
[step1.h] Opening file: /isilon/hadoop/store/group/bruxljm/FWLJMET106XUL_singleLep2017UL_RunIISummer20_X53X53/PairVLQ_x53x53_tWtW_narrow_RH_M1400_TuneCP5_13TeV-madgraph-pythia8/singleLep2017UL/230310_181045/0000/PairVLQ_x53x53_tWtW_narrow_RH_M1400_TuneCP5_13TeV-madgraph-pythia8_64.root
[step1.h] Finished initializing
RUN CONFIG: YEAR = 2017
Era = 
isMC = 1, isSig = 1, SigMass = 7
isHad =0, isSE =0, isSM =0
isTTTT = 0, isXX = 1, isTpTp = 0, isBpBp = 0
For W's: isTT = 0, isSTt = 0, isSTtW = 0
For jets & PDF: isTOP = 0, isMadgraphBkg = 1
For HOTTagger Efficiencies: isTTV = 0, isTTHbb = 0, isTTHnonbb = 0, isTTTX = 0
isTTVV = 0, isST = 0, isTTToSemiLeptonHT500Njet9 = 0
Pileup sample key: PairVLQ_x53x53_tWtW_narrow_RH_M1400_TuneCP5_13TeV-madgraph-pythia8
b-tagging working points: 0.304(DeepJet)0.4506(DeepCSV)
isTTincMtt0to700: 0
isTTincMtt0to1000: 0
isTTincMtt700to1000: 0
isTTincMtt1000toInf: 0
isTTSemilepIncHT0Njet0: 0
isTTSemilepIncHT500Njet9: 0
outTTLF: 0
outTTCC: 0
outTTBB: 0
outTT1B: 0
outTT2B: 0
>> Completed 0 out of 1085 events
[INFO] Defaulting to central deepJet weight for: nominal
>> Completed 1000 out of 1085 events
Nelectrons      = 524 / 1085
Npassed_ElEta   = 524 / 1085
Nmuons          = 561 / 1085
NrelIsoFail     = 0 / 1085
Npassed_MuEta   = 561 / 1085
Npassed_nAK8Jets= 1085 / 1085
Npassed_Trigger = 1041 / 1085
Npassed_MET     = 976 / 1085
Npassed_lepPt   = 1015 / 1085
Npassed_HT      = 1081 / 1085
npass_Njets     = 1080 / 1085
Npassed_ALL     = 902 / 1085
>> Available ROOT Files:
-rw-r--r-- 1 fsimpson gridusers 1591742 Apr 24 09:15 PairVLQ_x53x53_tWtW_narrow_RH_M1400_TuneCP5_13TeV-madgraph-pythia8_38nominal.root
-rw-r--r-- 1 fsimpson gridusers 2990487 Apr 24 09:15 PairVLQ_x53x53_tWtW_narrow_RH_M1400_TuneCP5_13TeV-madgraph-pythia8_39nominal.root
-rw-r--r-- 1 fsimpson gridusers 3196822 Apr 24 09:15 PairVLQ_x53x53_tWtW_narrow_RH_M1400_TuneCP5_13TeV-madgraph-pythia8_40nominal.root
-rw-r--r-- 1 fsimpson gridusers 3066529 Apr 24 09:15 PairVLQ_x53x53_tWtW_narrow_RH_M1400_TuneCP5_13TeV-madgraph-pythia8_41nominal.root
-rw-r--r-- 1 fsimpson gridusers 3085948 Apr 24 09:15 PairVLQ_x53x53_tWtW_narrow_RH_M1400_TuneCP5_13TeV-madgraph-pythia8_42nominal.root
-rw-r--r-- 1 fsimpson gridusers 3048944 Apr 24 09:15 PairVLQ_x53x53_tWtW_narrow_RH_M1400_TuneCP5_13TeV-madgraph-pythia8_43nominal.root
-rw-r--r-- 1 fsimpson gridusers 3094076 Apr 24 09:15 PairVLQ_x53x53_tWtW_narrow_RH_M1400_TuneCP5_13TeV-madgraph-pythia8_44nominal.root
-rw-r--r-- 1 fsimpson gridusers 3052968 Apr 24 09:15 PairVLQ_x53x53_tWtW_narrow_RH_M1400_TuneCP5_13TeV-madgraph-pythia8_45nominal.root
-rw-r--r-- 1 fsimpson gridusers 3116529 Apr 24 09:15 PairVLQ_x53x53_tWtW_narrow_RH_M1400_TuneCP5_13TeV-madgraph-pythia8_46nominal.root
-rw-r--r-- 1 fsimpson gridusers 2778358 Apr 24 09:15 PairVLQ_x53x53_tWtW_narrow_RH_M1400_TuneCP5_13TeV-madgraph-pythia8_47nominal.root
-rw-r--r-- 1 fsimpson gridusers 2963223 Apr 24 09:15 PairVLQ_x53x53_tWtW_narrow_RH_M1400_TuneCP5_13TeV-madgraph-pythia8_48nominal.root
-rw-r--r-- 1 fsimpson gridusers 3090657 Apr 24 09:15 PairVLQ_x53x53_tWtW_narrow_RH_M1400_TuneCP5_13TeV-madgraph-pythia8_49nominal.root
-rw-r--r-- 1 fsimpson gridusers 3107467 Apr 24 09:15 PairVLQ_x53x53_tWtW_narrow_RH_M1400_TuneCP5_13TeV-madgraph-pythia8_4nominal.root
-rw-r--r-- 1 fsimpson gridusers 3076255 Apr 24 09:15 PairVLQ_x53x53_tWtW_narrow_RH_M1400_TuneCP5_13TeV-madgraph-pythia8_50nominal.root
-rw-r--r-- 1 fsimpson gridusers 2998138 Apr 24 09:15 PairVLQ_x53x53_tWtW_narrow_RH_M1400_TuneCP5_13TeV-madgraph-pythia8_51nominal.root
-rw-r--r-- 1 fsimpson gridusers 3067774 Apr 24 09:15 PairVLQ_x53x53_tWtW_narrow_RH_M1400_TuneCP5_13TeV-madgraph-pythia8_52nominal.root
-rw-r--r-- 1 fsimpson gridusers 3076569 Apr 24 09:15 PairVLQ_x53x53_tWtW_narrow_RH_M1400_TuneCP5_13TeV-madgraph-pythia8_53nominal.root
-rw-r--r-- 1 fsimpson gridusers 3064917 Apr 24 09:15 PairVLQ_x53x53_tWtW_narrow_RH_M1400_TuneCP5_13TeV-madgraph-pythia8_54nominal.root
-rw-r--r-- 1 fsimpson gridusers 3181126 Apr 24 09:15 PairVLQ_x53x53_tWtW_narrow_RH_M1400_TuneCP5_13TeV-madgraph-pythia8_55nominal.root
-rw-r--r-- 1 fsimpson gridusers 3092572 Apr 24 09:15 PairVLQ_x53x53_tWtW_narrow_RH_M1400_TuneCP5_13TeV-madgraph-pythia8_56nominal.root
-rw-r--r-- 1 fsimpson gridusers 3147586 Apr 24 09:15 PairVLQ_x53x53_tWtW_narrow_RH_M1400_TuneCP5_13TeV-madgraph-pythia8_57nominal.root
-rw-r--r-- 1 fsimpson gridusers 3099058 Apr 24 09:15 PairVLQ_x53x53_tWtW_narrow_RH_M1400_TuneCP5_13TeV-madgraph-pythia8_58nominal.root
-rw-r--r-- 1 fsimpson gridusers 3020162 Apr 24 09:15 PairVLQ_x53x53_tWtW_narrow_RH_M1400_TuneCP5_13TeV-madgraph-pythia8_59nominal.root
-rw-r--r-- 1 fsimpson gridusers 3127546 Apr 24 09:15 PairVLQ_x53x53_tWtW_narrow_RH_M1400_TuneCP5_13TeV-madgraph-pythia8_5nominal.root
-rw-r--r-- 1 fsimpson gridusers 3041072 Apr 24 09:15 PairVLQ_x53x53_tWtW_narrow_RH_M1400_TuneCP5_13TeV-madgraph-pythia8_60nominal.root
-rw-r--r-- 1 fsimpson gridusers 3212175 Apr 24 09:15 PairVLQ_x53x53_tWtW_narrow_RH_M1400_TuneCP5_13TeV-madgraph-pythia8_61nominal.root
-rw-r--r-- 1 fsimpson gridusers 2979517 Apr 24 09:15 PairVLQ_x53x53_tWtW_narrow_RH_M1400_TuneCP5_13TeV-madgraph-pythia8_62nominal.root
-rw-r--r-- 1 fsimpson gridusers 3098349 Apr 24 09:15 PairVLQ_x53x53_tWtW_narrow_RH_M1400_TuneCP5_13TeV-madgraph-pythia8_63nominal.root
-rw-r--r-- 1 fsimpson gridusers 3206691 Apr 24 09:15 PairVLQ_x53x53_tWtW_narrow_RH_M1400_TuneCP5_13TeV-madgraph-pythia8_64nominal.root
-rw-r--r-- 1 fsimpson gridusers 2933452 Apr 24 09:15 PairVLQ_x53x53_tWtW_narrow_RH_M1400_TuneCP5_13TeV-madgraph-pythia8_6nominal.root
>> xrdcp output for condor
hadd Target file: PairVLQ_x53x53_tWtW_narrow_RH_M1400_TuneCP5_13TeV-madgraph-pythia8_4nominal_hadd.root
hadd compression setting for all ouput: 1
hadd Source file 1: PairVLQ_x53x53_tWtW_narrow_RH_M1400_TuneCP5_13TeV-madgraph-pythia8_38nominal.root
hadd Source file 2: PairVLQ_x53x53_tWtW_narrow_RH_M1400_TuneCP5_13TeV-madgraph-pythia8_39nominal.root
hadd Source file 3: PairVLQ_x53x53_tWtW_narrow_RH_M1400_TuneCP5_13TeV-madgraph-pythia8_40nominal.root
hadd Source file 4: PairVLQ_x53x53_tWtW_narrow_RH_M1400_TuneCP5_13TeV-madgraph-pythia8_41nominal.root
hadd Source file 5: PairVLQ_x53x53_tWtW_narrow_RH_M1400_TuneCP5_13TeV-madgraph-pythia8_42nominal.root
hadd Source file 6: PairVLQ_x53x53_tWtW_narrow_RH_M1400_TuneCP5_13TeV-madgraph-pythia8_43nominal.root
hadd Source file 7: PairVLQ_x53x53_tWtW_narrow_RH_M1400_TuneCP5_13TeV-madgraph-pythia8_44nominal.root
hadd Source file 8: PairVLQ_x53x53_tWtW_narrow_RH_M1400_TuneCP5_13TeV-madgraph-pythia8_45nominal.root
hadd Source file 9: PairVLQ_x53x53_tWtW_narrow_RH_M1400_TuneCP5_13TeV-madgraph-pythia8_46nominal.root
hadd Source file 10: PairVLQ_x53x53_tWtW_narrow_RH_M1400_TuneCP5_13TeV-madgraph-pythia8_47nominal.root
hadd Source file 11: PairVLQ_x53x53_tWtW_narrow_RH_M1400_TuneCP5_13TeV-madgraph-pythia8_48nominal.root
hadd Source file 12: PairVLQ_x53x53_tWtW_narrow_RH_M1400_TuneCP5_13TeV-madgraph-pythia8_49nominal.root
hadd Source file 13: PairVLQ_x53x53_tWtW_narrow_RH_M1400_TuneCP5_13TeV-madgraph-pythia8_4nominal.root
hadd Source file 14: PairVLQ_x53x53_tWtW_narrow_RH_M1400_TuneCP5_13TeV-madgraph-pythia8_50nominal.root
hadd Source file 15: PairVLQ_x53x53_tWtW_narrow_RH_M1400_TuneCP5_13TeV-madgraph-pythia8_51nominal.root
hadd Source file 16: PairVLQ_x53x53_tWtW_narrow_RH_M1400_TuneCP5_13TeV-madgraph-pythia8_52nominal.root
hadd Source file 17: PairVLQ_x53x53_tWtW_narrow_RH_M1400_TuneCP5_13TeV-madgraph-pythia8_53nominal.root
hadd Source file 18: PairVLQ_x53x53_tWtW_narrow_RH_M1400_TuneCP5_13TeV-madgraph-pythia8_54nominal.root
hadd Source file 19: PairVLQ_x53x53_tWtW_narrow_RH_M1400_TuneCP5_13TeV-madgraph-pythia8_55nominal.root
hadd Source file 20: PairVLQ_x53x53_tWtW_narrow_RH_M1400_TuneCP5_13TeV-madgraph-pythia8_56nominal.root
hadd Source file 21: PairVLQ_x53x53_tWtW_narrow_RH_M1400_TuneCP5_13TeV-madgraph-pythia8_57nominal.root
hadd Source file 22: PairVLQ_x53x53_tWtW_narrow_RH_M1400_TuneCP5_13TeV-madgraph-pythia8_58nominal.root
hadd Source file 23: PairVLQ_x53x53_tWtW_narrow_RH_M1400_TuneCP5_13TeV-madgraph-pythia8_59nominal.root
hadd Source file 24: PairVLQ_x53x53_tWtW_narrow_RH_M1400_TuneCP5_13TeV-madgraph-pythia8_5nominal.root
hadd Source file 25: PairVLQ_x53x53_tWtW_narrow_RH_M1400_TuneCP5_13TeV-madgraph-pythia8_60nominal.root
hadd Source file 26: PairVLQ_x53x53_tWtW_narrow_RH_M1400_TuneCP5_13TeV-madgraph-pythia8_61nominal.root
hadd Source file 27: PairVLQ_x53x53_tWtW_narrow_RH_M1400_TuneCP5_13TeV-madgraph-pythia8_62nominal.root
hadd Source file 28: PairVLQ_x53x53_tWtW_narrow_RH_M1400_TuneCP5_13TeV-madgraph-pythia8_63nominal.root
hadd Source file 29: PairVLQ_x53x53_tWtW_narrow_RH_M1400_TuneCP5_13TeV-madgraph-pythia8_64nominal.root
hadd Source file 30: PairVLQ_x53x53_tWtW_narrow_RH_M1400_TuneCP5_13TeV-madgraph-pythia8_6nominal.root
hadd Target path: PairVLQ_x53x53_tWtW_narrow_RH_M1400_TuneCP5_13TeV-madgraph-pythia8_4nominal_hadd.root:/
>> mv PairVLQ_x53x53_tWtW_narrow_RH_M1400_TuneCP5_13TeV-madgraph-pythia8_4nominal_hadd.root /isilon/hadoop/store/group/bruxljm/FWLJMET106XUL_singleLep2017UL_RunIISummer20_X53X53_step1/nominal/PairVLQ_x53x53_tWtW_narrow_RH_M1400_TuneCP5_13TeV-madgraph-pythia8/PairVLQ_x53x53_tWtW_narrow_RH_M1400_TuneCP5_13TeV-madgraph-pythia8_4.root
[DONE]
