000 (630073.000.000) 04/24 07:51:59 Job submitted from host: <172.20.3.187:9618?addrs=172.20.3.187-9618&noUDP&sock=2297_2121_3>
...
001 (630073.000.000) 04/24 07:53:11 Job executing on host: <172.20.225.3:9618?addrs=172.20.225.3-9618&noUDP&sock=3391_85bd_3>
...
006 (630073.000.000) 04/24 07:53:20 Image size of job updated: 40316
	28  -  MemoryUsage of job (MB)
	27784  -  ResidentSetSize of job (KB)
...
006 (630073.000.000) 04/24 07:58:20 Image size of job updated: 676624
	661  -  MemoryUsage of job (MB)
	676120  -  ResidentSetSize of job (KB)
...
006 (630073.000.000) 04/24 08:03:21 Image size of job updated: 948828
	927  -  MemoryUsage of job (MB)
	948440  -  ResidentSetSize of job (KB)
...
006 (630073.000.000) 04/24 08:08:21 Image size of job updated: 1149968
	1123  -  MemoryUsage of job (MB)
	1149652  -  ResidentSetSize of job (KB)
...
006 (630073.000.000) 04/24 08:13:22 Image size of job updated: 1325128
	1294  -  MemoryUsage of job (MB)
	1324812  -  ResidentSetSize of job (KB)
...
006 (630073.000.000) 04/24 08:18:22 Image size of job updated: 1474624
	1440  -  MemoryUsage of job (MB)
	1473796  -  ResidentSetSize of job (KB)
...
006 (630073.000.000) 04/24 08:21:08 Image size of job updated: 1474624
	1440  -  MemoryUsage of job (MB)
	1473824  -  ResidentSetSize of job (KB)
...
005 (630073.000.000) 04/24 08:21:08 Job terminated.
	(1) Normal termination (return value 0)
		Usr 0 00:26:15, Sys 0 00:00:41  -  Run Remote Usage
		Usr 0 00:00:00, Sys 0 00:00:00  -  Run Local Usage
		Usr 0 00:26:15, Sys 0 00:00:41  -  Total Remote Usage
		Usr 0 00:00:00, Sys 0 00:00:00  -  Total Local Usage
	1715364  -  Run Bytes Sent By Job
	8620734  -  Run Bytes Received By Job
	1715364  -  Total Bytes Sent By Job
	8620734  -  Total Bytes Received By Job
	Partitionable Resources :    Usage  Request  Allocated 
	   Cpus                 :     0.98        1          1 
	   Disk (KB)            : 10650       10000 2210728621 
	   Memory (MB)          :  1440        6144       8033 
...
000 (630132.000.000) 04/24 08:39:25 Job submitted from host: <172.20.3.187:9618?addrs=172.20.3.187-9618&noUDP&sock=2297_2121_3>
...
001 (630132.000.000) 04/24 08:41:31 Job executing on host: <172.20.225.5:9618?addrs=172.20.225.5-9618&noUDP&sock=3375_8c39_3>
...
006 (630132.000.000) 04/24 08:41:40 Image size of job updated: 12336
	13  -  MemoryUsage of job (MB)
	12336  -  ResidentSetSize of job (KB)
...
006 (630132.000.000) 04/24 08:46:40 Image size of job updated: 660660
	645  -  MemoryUsage of job (MB)
	660024  -  ResidentSetSize of job (KB)
...
006 (630132.000.000) 04/24 08:51:41 Image size of job updated: 930576
	909  -  MemoryUsage of job (MB)
	929948  -  ResidentSetSize of job (KB)
...
006 (630132.000.000) 04/24 08:56:41 Image size of job updated: 1141644
	1115  -  MemoryUsage of job (MB)
	1140860  -  ResidentSetSize of job (KB)
...
006 (630132.000.000) 04/24 09:01:42 Image size of job updated: 1324512
	1294  -  MemoryUsage of job (MB)
	1324036  -  ResidentSetSize of job (KB)
...
006 (630132.000.000) 04/24 09:06:42 Image size of job updated: 1471340
	1437  -  MemoryUsage of job (MB)
	1470784  -  ResidentSetSize of job (KB)
...
006 (630132.000.000) 04/24 09:10:24 Image size of job updated: 1639636
	1437  -  MemoryUsage of job (MB)
	1470788  -  ResidentSetSize of job (KB)
...
005 (630132.000.000) 04/24 09:10:24 Job terminated.
	(1) Normal termination (return value 0)
		Usr 0 00:26:31, Sys 0 00:00:48  -  Run Remote Usage
		Usr 0 00:00:00, Sys 0 00:00:00  -  Run Local Usage
		Usr 0 00:26:31, Sys 0 00:00:48  -  Total Remote Usage
		Usr 0 00:00:00, Sys 0 00:00:00  -  Total Local Usage
	1773891  -  Run Bytes Sent By Job
	8620823  -  Run Bytes Received By Job
	1773891  -  Total Bytes Sent By Job
	8620823  -  Total Bytes Received By Job
	Partitionable Resources :    Usage  Request Allocated 
	   Cpus                 :     0.98        1         1 
	   Disk (KB)            : 10707       10000 479749220 
	   Memory (MB)          :  1437        6144      8033 
...
