000 (630078.000.000) 04/24 07:52:00 Job submitted from host: <172.20.3.187:9618?addrs=172.20.3.187-9618&noUDP&sock=2297_2121_3>
...
001 (630078.000.000) 04/24 07:53:12 Job executing on host: <172.20.225.4:9618?addrs=172.20.225.4-9618&noUDP&sock=3366_5fdf_3>
...
006 (630078.000.000) 04/24 07:53:24 Image size of job updated: 142148
	124  -  MemoryUsage of job (MB)
	125972  -  ResidentSetSize of job (KB)
...
006 (630078.000.000) 04/24 07:58:25 Image size of job updated: 705920
	690  -  MemoryUsage of job (MB)
	705560  -  ResidentSetSize of job (KB)
...
006 (630078.000.000) 04/24 08:03:26 Image size of job updated: 973280
	951  -  MemoryUsage of job (MB)
	972988  -  ResidentSetSize of job (KB)
...
006 (630078.000.000) 04/24 08:08:26 Image size of job updated: 1178576
	1151  -  MemoryUsage of job (MB)
	1178364  -  ResidentSetSize of job (KB)
...
006 (630078.000.000) 04/24 08:13:27 Image size of job updated: 1356688
	1325  -  MemoryUsage of job (MB)
	1356476  -  ResidentSetSize of job (KB)
...
006 (630078.000.000) 04/24 08:18:28 Image size of job updated: 1501480
	1467  -  MemoryUsage of job (MB)
	1501260  -  ResidentSetSize of job (KB)
...
005 (630078.000.000) 04/24 08:20:17 Job terminated.
	(1) Normal termination (return value 0)
		Usr 0 00:25:34, Sys 0 00:00:36  -  Run Remote Usage
		Usr 0 00:00:00, Sys 0 00:00:00  -  Run Local Usage
		Usr 0 00:25:34, Sys 0 00:00:36  -  Total Remote Usage
		Usr 0 00:00:00, Sys 0 00:00:00  -  Total Local Usage
	1702271  -  Run Bytes Sent By Job
	8620734  -  Run Bytes Received By Job
	1702271  -  Total Bytes Sent By Job
	8620734  -  Total Bytes Received By Job
	Partitionable Resources :    Usage  Request Allocated 
	   Cpus                 :     0.99        1         1 
	   Disk (KB)            : 10637       10000 479779449 
	   Memory (MB)          :  1467        6144      8033 
...
000 (630137.000.000) 04/24 08:39:25 Job submitted from host: <172.20.3.187:9618?addrs=172.20.3.187-9618&noUDP&sock=2297_2121_3>
...
001 (630137.000.000) 04/24 08:44:32 Job executing on host: <172.20.225.4:9618?addrs=172.20.225.4-9618&noUDP&sock=3366_5fdf_3>
...
006 (630137.000.000) 04/24 08:44:41 Image size of job updated: 11036
	6  -  MemoryUsage of job (MB)
	5132  -  ResidentSetSize of job (KB)
...
006 (630137.000.000) 04/24 08:49:42 Image size of job updated: 711204
	694  -  MemoryUsage of job (MB)
	710352  -  ResidentSetSize of job (KB)
...
006 (630137.000.000) 04/24 08:54:42 Image size of job updated: 980808
	958  -  MemoryUsage of job (MB)
	980592  -  ResidentSetSize of job (KB)
...
006 (630137.000.000) 04/24 08:59:43 Image size of job updated: 1182716
	1155  -  MemoryUsage of job (MB)
	1182336  -  ResidentSetSize of job (KB)
...
006 (630137.000.000) 04/24 09:04:43 Image size of job updated: 1359772
	1328  -  MemoryUsage of job (MB)
	1359496  -  ResidentSetSize of job (KB)
...
006 (630137.000.000) 04/24 09:09:45 Image size of job updated: 1498124
	1463  -  MemoryUsage of job (MB)
	1497920  -  ResidentSetSize of job (KB)
...
006 (630137.000.000) 04/24 09:11:45 Image size of job updated: 1498124
	1463  -  MemoryUsage of job (MB)
	1497960  -  ResidentSetSize of job (KB)
...
005 (630137.000.000) 04/24 09:11:45 Job terminated.
	(1) Normal termination (return value 0)
		Usr 0 00:25:12, Sys 0 00:00:33  -  Run Remote Usage
		Usr 0 00:00:00, Sys 0 00:00:00  -  Run Local Usage
		Usr 0 00:25:12, Sys 0 00:00:33  -  Total Remote Usage
		Usr 0 00:00:00, Sys 0 00:00:00  -  Total Local Usage
	1710140  -  Run Bytes Sent By Job
	8620823  -  Run Bytes Received By Job
	1710140  -  Total Bytes Sent By Job
	8620823  -  Total Bytes Received By Job
	Partitionable Resources :    Usage  Request Allocated 
	   Cpus                 :     0.98        1         1 
	   Disk (KB)            : 10645       10000 479779449 
	   Memory (MB)          :  1463        6144      8033 
...
