/isilon/condor/hep102.hep.brown.edu/execute/dir_220930
>> Setting macroDir to PWD

Processing compile_step1.C...
>> Running on BRUX, PairVLQ_x53x53_tWtW_narrow_RH_M1500_TuneCP5_13TeV-madgraph-pythia8 stored on BRUX
>> Input file path: /isilon/hadoop/store/group/bruxljm/FWLJMET106XUL_singleLep2017UL_RunIISummer20_X53X53/PairVLQ_x53x53_tWtW_narrow_RH_M1500_TuneCP5_13TeV-madgraph-pythia8/singleLep2017UL/230310_180718/0000
>> Running step1 over list: 72 73 74 75 76 77 78 79 8 80 81 82 83 84 85 86 87 88 89 9 90 91 92 93 94 95 96 97 98 99
>> Adding PairVLQ_x53x53_tWtW_narrow_RH_M1500_TuneCP5_13TeV-madgraph-pythia8_72.root to the list by reading PairVLQ_x53x53_tWtW_narrow_RH_M1500_TuneCP5_13TeV-madgraph-pythia8_72
>> Adding PairVLQ_x53x53_tWtW_narrow_RH_M1500_TuneCP5_13TeV-madgraph-pythia8_73.root to the list by reading PairVLQ_x53x53_tWtW_narrow_RH_M1500_TuneCP5_13TeV-madgraph-pythia8_73
>> Adding PairVLQ_x53x53_tWtW_narrow_RH_M1500_TuneCP5_13TeV-madgraph-pythia8_74.root to the list by reading PairVLQ_x53x53_tWtW_narrow_RH_M1500_TuneCP5_13TeV-madgraph-pythia8_74
>> Adding PairVLQ_x53x53_tWtW_narrow_RH_M1500_TuneCP5_13TeV-madgraph-pythia8_75.root to the list by reading PairVLQ_x53x53_tWtW_narrow_RH_M1500_TuneCP5_13TeV-madgraph-pythia8_75
>> Adding PairVLQ_x53x53_tWtW_narrow_RH_M1500_TuneCP5_13TeV-madgraph-pythia8_76.root to the list by reading PairVLQ_x53x53_tWtW_narrow_RH_M1500_TuneCP5_13TeV-madgraph-pythia8_76
>> Adding PairVLQ_x53x53_tWtW_narrow_RH_M1500_TuneCP5_13TeV-madgraph-pythia8_77.root to the list by reading PairVLQ_x53x53_tWtW_narrow_RH_M1500_TuneCP5_13TeV-madgraph-pythia8_77
>> Adding PairVLQ_x53x53_tWtW_narrow_RH_M1500_TuneCP5_13TeV-madgraph-pythia8_78.root to the list by reading PairVLQ_x53x53_tWtW_narrow_RH_M1500_TuneCP5_13TeV-madgraph-pythia8_78
>> Adding PairVLQ_x53x53_tWtW_narrow_RH_M1500_TuneCP5_13TeV-madgraph-pythia8_79.root to the list by reading PairVLQ_x53x53_tWtW_narrow_RH_M1500_TuneCP5_13TeV-madgraph-pythia8_79
>> Adding PairVLQ_x53x53_tWtW_narrow_RH_M1500_TuneCP5_13TeV-madgraph-pythia8_8.root to the list by reading PairVLQ_x53x53_tWtW_narrow_RH_M1500_TuneCP5_13TeV-madgraph-pythia8_8
>> Adding PairVLQ_x53x53_tWtW_narrow_RH_M1500_TuneCP5_13TeV-madgraph-pythia8_80.root to the list by reading PairVLQ_x53x53_tWtW_narrow_RH_M1500_TuneCP5_13TeV-madgraph-pythia8_80
>> Adding PairVLQ_x53x53_tWtW_narrow_RH_M1500_TuneCP5_13TeV-madgraph-pythia8_81.root to the list by reading PairVLQ_x53x53_tWtW_narrow_RH_M1500_TuneCP5_13TeV-madgraph-pythia8_81
>> Adding PairVLQ_x53x53_tWtW_narrow_RH_M1500_TuneCP5_13TeV-madgraph-pythia8_82.root to the list by reading PairVLQ_x53x53_tWtW_narrow_RH_M1500_TuneCP5_13TeV-madgraph-pythia8_82
>> Adding PairVLQ_x53x53_tWtW_narrow_RH_M1500_TuneCP5_13TeV-madgraph-pythia8_83.root to the list by reading PairVLQ_x53x53_tWtW_narrow_RH_M1500_TuneCP5_13TeV-madgraph-pythia8_83
>> Adding PairVLQ_x53x53_tWtW_narrow_RH_M1500_TuneCP5_13TeV-madgraph-pythia8_84.root to the list by reading PairVLQ_x53x53_tWtW_narrow_RH_M1500_TuneCP5_13TeV-madgraph-pythia8_84
>> Adding PairVLQ_x53x53_tWtW_narrow_RH_M1500_TuneCP5_13TeV-madgraph-pythia8_85.root to the list by reading PairVLQ_x53x53_tWtW_narrow_RH_M1500_TuneCP5_13TeV-madgraph-pythia8_85
>> Adding PairVLQ_x53x53_tWtW_narrow_RH_M1500_TuneCP5_13TeV-madgraph-pythia8_86.root to the list by reading PairVLQ_x53x53_tWtW_narrow_RH_M1500_TuneCP5_13TeV-madgraph-pythia8_86
>> Adding PairVLQ_x53x53_tWtW_narrow_RH_M1500_TuneCP5_13TeV-madgraph-pythia8_87.root to the list by reading PairVLQ_x53x53_tWtW_narrow_RH_M1500_TuneCP5_13TeV-madgraph-pythia8_87
>> Adding PairVLQ_x53x53_tWtW_narrow_RH_M1500_TuneCP5_13TeV-madgraph-pythia8_88.root to the list by reading PairVLQ_x53x53_tWtW_narrow_RH_M1500_TuneCP5_13TeV-madgraph-pythia8_88
>> Adding PairVLQ_x53x53_tWtW_narrow_RH_M1500_TuneCP5_13TeV-madgraph-pythia8_89.root to the list by reading PairVLQ_x53x53_tWtW_narrow_RH_M1500_TuneCP5_13TeV-madgraph-pythia8_89
>> Adding PairVLQ_x53x53_tWtW_narrow_RH_M1500_TuneCP5_13TeV-madgraph-pythia8_9.root to the list by reading PairVLQ_x53x53_tWtW_narrow_RH_M1500_TuneCP5_13TeV-madgraph-pythia8_9
>> Adding PairVLQ_x53x53_tWtW_narrow_RH_M1500_TuneCP5_13TeV-madgraph-pythia8_90.root to the list by reading PairVLQ_x53x53_tWtW_narrow_RH_M1500_TuneCP5_13TeV-madgraph-pythia8_90
>> Adding PairVLQ_x53x53_tWtW_narrow_RH_M1500_TuneCP5_13TeV-madgraph-pythia8_91.root to the list by reading PairVLQ_x53x53_tWtW_narrow_RH_M1500_TuneCP5_13TeV-madgraph-pythia8_91
>> Adding PairVLQ_x53x53_tWtW_narrow_RH_M1500_TuneCP5_13TeV-madgraph-pythia8_92.root to the list by reading PairVLQ_x53x53_tWtW_narrow_RH_M1500_TuneCP5_13TeV-madgraph-pythia8_92
>> Adding PairVLQ_x53x53_tWtW_narrow_RH_M1500_TuneCP5_13TeV-madgraph-pythia8_93.root to the list by reading PairVLQ_x53x53_tWtW_narrow_RH_M1500_TuneCP5_13TeV-madgraph-pythia8_93
>> Adding PairVLQ_x53x53_tWtW_narrow_RH_M1500_TuneCP5_13TeV-madgraph-pythia8_94.root to the list by reading PairVLQ_x53x53_tWtW_narrow_RH_M1500_TuneCP5_13TeV-madgraph-pythia8_94
>> Adding PairVLQ_x53x53_tWtW_narrow_RH_M1500_TuneCP5_13TeV-madgraph-pythia8_95.root to the list by reading PairVLQ_x53x53_tWtW_narrow_RH_M1500_TuneCP5_13TeV-madgraph-pythia8_95
>> Adding PairVLQ_x53x53_tWtW_narrow_RH_M1500_TuneCP5_13TeV-madgraph-pythia8_96.root to the list by reading PairVLQ_x53x53_tWtW_narrow_RH_M1500_TuneCP5_13TeV-madgraph-pythia8_96
>> Adding PairVLQ_x53x53_tWtW_narrow_RH_M1500_TuneCP5_13TeV-madgraph-pythia8_97.root to the list by reading PairVLQ_x53x53_tWtW_narrow_RH_M1500_TuneCP5_13TeV-madgraph-pythia8_97
>> Adding PairVLQ_x53x53_tWtW_narrow_RH_M1500_TuneCP5_13TeV-madgraph-pythia8_98.root to the list by reading PairVLQ_x53x53_tWtW_narrow_RH_M1500_TuneCP5_13TeV-madgraph-pythia8_98
>> Adding PairVLQ_x53x53_tWtW_narrow_RH_M1500_TuneCP5_13TeV-madgraph-pythia8_99.root to the list by reading PairVLQ_x53x53_tWtW_narrow_RH_M1500_TuneCP5_13TeV-madgraph-pythia8_99
[OPT] Using deepCSV reshaping file: reshaping_deepCSV_106XUL17_v4.csv
[OPT] Using deepJet reshaping file: reshaping_deepJet_106XUL17_v4.csv

>> Running /isilon/hadoop/store/group/bruxljm/FWLJMET106XUL_singleLep2017UL_RunIISummer20_X53X53/PairVLQ_x53x53_tWtW_narrow_RH_M1500_TuneCP5_13TeV-madgraph-pythia8/singleLep2017UL/230310_180718/0000/PairVLQ_x53x53_tWtW_narrow_RH_M1500_TuneCP5_13TeV-madgraph-pythia8_72.root for shift: nominal
[step1.h] Opening file: /isilon/hadoop/store/group/bruxljm/FWLJMET106XUL_singleLep2017UL_RunIISummer20_X53X53/PairVLQ_x53x53_tWtW_narrow_RH_M1500_TuneCP5_13TeV-madgraph-pythia8/singleLep2017UL/230310_180718/0000/PairVLQ_x53x53_tWtW_narrow_RH_M1500_TuneCP5_13TeV-madgraph-pythia8_72.root
[step1.h] Finished initializing
RUN CONFIG: YEAR = 2017
Era = 
isMC = 1, isSig = 1, SigMass = 8
isHad =0, isSE =0, isSM =0
isTTTT = 0, isXX = 1, isTpTp = 0, isBpBp = 0
For W's: isTT = 0, isSTt = 0, isSTtW = 0
For jets & PDF: isTOP = 0, isMadgraphBkg = 1
For HOTTagger Efficiencies: isTTV = 0, isTTHbb = 0, isTTHnonbb = 0, isTTTX = 0
isTTVV = 0, isST = 0, isTTToSemiLeptonHT500Njet9 = 0
Pileup sample key: PairVLQ_x53x53_tWtW_narrow_RH_M1500_TuneCP5_13TeV-madgraph-pythia8
b-tagging working points: 0.304(DeepJet)0.4506(DeepCSV)
isTTincMtt0to700: 0
isTTincMtt0to1000: 0
isTTincMtt700to1000: 0
isTTincMtt1000toInf: 0
isTTSemilepIncHT0Njet0: 0
isTTSemilepIncHT500Njet9: 0
outTTLF: 0
outTTCC: 0
outTTBB: 0
outTT1B: 0
outTT2B: 0
>> Completed 0 out of 1075 events
[INFO] Defaulting to central deepJet weight for: nominal
>> Completed 1000 out of 1075 events
Nelectrons      = 493 / 1075
Npassed_ElEta   = 493 / 1075
Nmuons          = 582 / 1075
NrelIsoFail     = 0 / 1075
Npassed_MuEta   = 582 / 1075
Npassed_nAK8Jets= 1075 / 1075
Npassed_Trigger = 1053 / 1075
Npassed_MET     = 978 / 1075
Npassed_lepPt   = 1005 / 1075
Npassed_HT      = 1074 / 1075
npass_Njets     = 1070 / 1075
Npassed_ALL     = 904 / 1075

>> Running /isilon/hadoop/store/group/bruxljm/FWLJMET106XUL_singleLep2017UL_RunIISummer20_X53X53/PairVLQ_x53x53_tWtW_narrow_RH_M1500_TuneCP5_13TeV-madgraph-pythia8/singleLep2017UL/230310_180718/0000/PairVLQ_x53x53_tWtW_narrow_RH_M1500_TuneCP5_13TeV-madgraph-pythia8_73.root for shift: nominal
[step1.h] Opening file: /isilon/hadoop/store/group/bruxljm/FWLJMET106XUL_singleLep2017UL_RunIISummer20_X53X53/PairVLQ_x53x53_tWtW_narrow_RH_M1500_TuneCP5_13TeV-madgraph-pythia8/singleLep2017UL/230310_180718/0000/PairVLQ_x53x53_tWtW_narrow_RH_M1500_TuneCP5_13TeV-madgraph-pythia8_73.root
[step1.h] Finished initializing
RUN CONFIG: YEAR = 2017
Era = 
isMC = 1, isSig = 1, SigMass = 8
isHad =0, isSE =0, isSM =0
isTTTT = 0, isXX = 1, isTpTp = 0, isBpBp = 0
For W's: isTT = 0, isSTt = 0, isSTtW = 0
For jets & PDF: isTOP = 0, isMadgraphBkg = 1
For HOTTagger Efficiencies: isTTV = 0, isTTHbb = 0, isTTHnonbb = 0, isTTTX = 0
isTTVV = 0, isST = 0, isTTToSemiLeptonHT500Njet9 = 0
Pileup sample key: PairVLQ_x53x53_tWtW_narrow_RH_M1500_TuneCP5_13TeV-madgraph-pythia8
b-tagging working points: 0.304(DeepJet)0.4506(DeepCSV)
isTTincMtt0to700: 0
isTTincMtt0to1000: 0
isTTincMtt700to1000: 0
isTTincMtt1000toInf: 0
isTTSemilepIncHT0Njet0: 0
isTTSemilepIncHT500Njet9: 0
outTTLF: 0
outTTCC: 0
outTTBB: 0
outTT1B: 0
outTT2B: 0
>> Completed 0 out of 1050 events
[INFO] Defaulting to central deepJet weight for: nominal
>> Completed 1000 out of 1050 events
Nelectrons      = 477 / 1050
Npassed_ElEta   = 477 / 1050
Nmuons          = 573 / 1050
NrelIsoFail     = 0 / 1050
Npassed_MuEta   = 573 / 1050
Npassed_nAK8Jets= 1050 / 1050
Npassed_Trigger = 1006 / 1050
Npassed_MET     = 942 / 1050
Npassed_lepPt   = 979 / 1050
Npassed_HT      = 1046 / 1050
npass_Njets     = 1044 / 1050
Npassed_ALL     = 869 / 1050

>> Running /isilon/hadoop/store/group/bruxljm/FWLJMET106XUL_singleLep2017UL_RunIISummer20_X53X53/PairVLQ_x53x53_tWtW_narrow_RH_M1500_TuneCP5_13TeV-madgraph-pythia8/singleLep2017UL/230310_180718/0000/PairVLQ_x53x53_tWtW_narrow_RH_M1500_TuneCP5_13TeV-madgraph-pythia8_74.root for shift: nominal
[step1.h] Opening file: /isilon/hadoop/store/group/bruxljm/FWLJMET106XUL_singleLep2017UL_RunIISummer20_X53X53/PairVLQ_x53x53_tWtW_narrow_RH_M1500_TuneCP5_13TeV-madgraph-pythia8/singleLep2017UL/230310_180718/0000/PairVLQ_x53x53_tWtW_narrow_RH_M1500_TuneCP5_13TeV-madgraph-pythia8_74.root
[step1.h] Finished initializing
RUN CONFIG: YEAR = 2017
Era = 
isMC = 1, isSig = 1, SigMass = 8
isHad =0, isSE =0, isSM =0
isTTTT = 0, isXX = 1, isTpTp = 0, isBpBp = 0
For W's: isTT = 0, isSTt = 0, isSTtW = 0
For jets & PDF: isTOP = 0, isMadgraphBkg = 1
For HOTTagger Efficiencies: isTTV = 0, isTTHbb = 0, isTTHnonbb = 0, isTTTX = 0
isTTVV = 0, isST = 0, isTTToSemiLeptonHT500Njet9 = 0
Pileup sample key: PairVLQ_x53x53_tWtW_narrow_RH_M1500_TuneCP5_13TeV-madgraph-pythia8
b-tagging working points: 0.304(DeepJet)0.4506(DeepCSV)
isTTincMtt0to700: 0
isTTincMtt0to1000: 0
isTTincMtt700to1000: 0
isTTincMtt1000toInf: 0
isTTSemilepIncHT0Njet0: 0
isTTSemilepIncHT500Njet9: 0
outTTLF: 0
outTTCC: 0
outTTBB: 0
outTT1B: 0
outTT2B: 0
>> Completed 0 out of 1070 events
[INFO] Defaulting to central deepJet weight for: nominal
>> Completed 1000 out of 1070 events
Nelectrons      = 515 / 1070
Npassed_ElEta   = 515 / 1070
Nmuons          = 555 / 1070
NrelIsoFail     = 0 / 1070
Npassed_MuEta   = 555 / 1070
Npassed_nAK8Jets= 1070 / 1070
Npassed_Trigger = 1037 / 1070
Npassed_MET     = 978 / 1070
Npassed_lepPt   = 1004 / 1070
Npassed_HT      = 1069 / 1070
npass_Njets     = 1063 / 1070
Npassed_ALL     = 909 / 1070

>> Running /isilon/hadoop/store/group/bruxljm/FWLJMET106XUL_singleLep2017UL_RunIISummer20_X53X53/PairVLQ_x53x53_tWtW_narrow_RH_M1500_TuneCP5_13TeV-madgraph-pythia8/singleLep2017UL/230310_180718/0000/PairVLQ_x53x53_tWtW_narrow_RH_M1500_TuneCP5_13TeV-madgraph-pythia8_75.root for shift: nominal
[step1.h] Opening file: /isilon/hadoop/store/group/bruxljm/FWLJMET106XUL_singleLep2017UL_RunIISummer20_X53X53/PairVLQ_x53x53_tWtW_narrow_RH_M1500_TuneCP5_13TeV-madgraph-pythia8/singleLep2017UL/230310_180718/0000/PairVLQ_x53x53_tWtW_narrow_RH_M1500_TuneCP5_13TeV-madgraph-pythia8_75.root
[step1.h] Finished initializing
RUN CONFIG: YEAR = 2017
Era = 
isMC = 1, isSig = 1, SigMass = 8
isHad =0, isSE =0, isSM =0
isTTTT = 0, isXX = 1, isTpTp = 0, isBpBp = 0
For W's: isTT = 0, isSTt = 0, isSTtW = 0
For jets & PDF: isTOP = 0, isMadgraphBkg = 1
For HOTTagger Efficiencies: isTTV = 0, isTTHbb = 0, isTTHnonbb = 0, isTTTX = 0
isTTVV = 0, isST = 0, isTTToSemiLeptonHT500Njet9 = 0
Pileup sample key: PairVLQ_x53x53_tWtW_narrow_RH_M1500_TuneCP5_13TeV-madgraph-pythia8
b-tagging working points: 0.304(DeepJet)0.4506(DeepCSV)
isTTincMtt0to700: 0
isTTincMtt0to1000: 0
isTTincMtt700to1000: 0
isTTincMtt1000toInf: 0
isTTSemilepIncHT0Njet0: 0
isTTSemilepIncHT500Njet9: 0
outTTLF: 0
outTTCC: 0
outTTBB: 0
outTT1B: 0
outTT2B: 0
>> Completed 0 out of 1051 events
[INFO] Defaulting to central deepJet weight for: nominal
>> Completed 1000 out of 1051 events
Nelectrons      = 477 / 1051
Npassed_ElEta   = 477 / 1051
Nmuons          = 574 / 1051
NrelIsoFail     = 0 / 1051
Npassed_MuEta   = 574 / 1051
Npassed_nAK8Jets= 1051 / 1051
Npassed_Trigger = 1010 / 1051
Npassed_MET     = 960 / 1051
Npassed_lepPt   = 969 / 1051
Npassed_HT      = 1048 / 1051
npass_Njets     = 1047 / 1051
Npassed_ALL     = 884 / 1051

>> Running /isilon/hadoop/store/group/bruxljm/FWLJMET106XUL_singleLep2017UL_RunIISummer20_X53X53/PairVLQ_x53x53_tWtW_narrow_RH_M1500_TuneCP5_13TeV-madgraph-pythia8/singleLep2017UL/230310_180718/0000/PairVLQ_x53x53_tWtW_narrow_RH_M1500_TuneCP5_13TeV-madgraph-pythia8_76.root for shift: nominal
[step1.h] Opening file: /isilon/hadoop/store/group/bruxljm/FWLJMET106XUL_singleLep2017UL_RunIISummer20_X53X53/PairVLQ_x53x53_tWtW_narrow_RH_M1500_TuneCP5_13TeV-madgraph-pythia8/singleLep2017UL/230310_180718/0000/PairVLQ_x53x53_tWtW_narrow_RH_M1500_TuneCP5_13TeV-madgraph-pythia8_76.root
[step1.h] Finished initializing
RUN CONFIG: YEAR = 2017
Era = 
isMC = 1, isSig = 1, SigMass = 8
isHad =0, isSE =0, isSM =0
isTTTT = 0, isXX = 1, isTpTp = 0, isBpBp = 0
For W's: isTT = 0, isSTt = 0, isSTtW = 0
For jets & PDF: isTOP = 0, isMadgraphBkg = 1
For HOTTagger Efficiencies: isTTV = 0, isTTHbb = 0, isTTHnonbb = 0, isTTTX = 0
isTTVV = 0, isST = 0, isTTToSemiLeptonHT500Njet9 = 0
Pileup sample key: PairVLQ_x53x53_tWtW_narrow_RH_M1500_TuneCP5_13TeV-madgraph-pythia8
b-tagging working points: 0.304(DeepJet)0.4506(DeepCSV)
isTTincMtt0to700: 0
isTTincMtt0to1000: 0
isTTincMtt700to1000: 0
isTTincMtt1000toInf: 0
isTTSemilepIncHT0Njet0: 0
isTTSemilepIncHT500Njet9: 0
outTTLF: 0
outTTCC: 0
outTTBB: 0
outTT1B: 0
outTT2B: 0
>> Completed 0 out of 1044 events
[INFO] Defaulting to central deepJet weight for: nominal
>> Completed 1000 out of 1044 events
Nelectrons      = 508 / 1044
Npassed_ElEta   = 508 / 1044
Nmuons          = 536 / 1044
NrelIsoFail     = 0 / 1044
Npassed_MuEta   = 536 / 1044
Npassed_nAK8Jets= 1044 / 1044
Npassed_Trigger = 1014 / 1044
Npassed_MET     = 943 / 1044
Npassed_lepPt   = 970 / 1044
Npassed_HT      = 1043 / 1044
npass_Njets     = 1040 / 1044
Npassed_ALL     = 870 / 1044

>> Running /isilon/hadoop/store/group/bruxljm/FWLJMET106XUL_singleLep2017UL_RunIISummer20_X53X53/PairVLQ_x53x53_tWtW_narrow_RH_M1500_TuneCP5_13TeV-madgraph-pythia8/singleLep2017UL/230310_180718/0000/PairVLQ_x53x53_tWtW_narrow_RH_M1500_TuneCP5_13TeV-madgraph-pythia8_77.root for shift: nominal
[step1.h] Opening file: /isilon/hadoop/store/group/bruxljm/FWLJMET106XUL_singleLep2017UL_RunIISummer20_X53X53/PairVLQ_x53x53_tWtW_narrow_RH_M1500_TuneCP5_13TeV-madgraph-pythia8/singleLep2017UL/230310_180718/0000/PairVLQ_x53x53_tWtW_narrow_RH_M1500_TuneCP5_13TeV-madgraph-pythia8_77.root
[step1.h] Finished initializing
RUN CONFIG: YEAR = 2017
Era = 
isMC = 1, isSig = 1, SigMass = 8
isHad =0, isSE =0, isSM =0
isTTTT = 0, isXX = 1, isTpTp = 0, isBpBp = 0
For W's: isTT = 0, isSTt = 0, isSTtW = 0
For jets & PDF: isTOP = 0, isMadgraphBkg = 1
For HOTTagger Efficiencies: isTTV = 0, isTTHbb = 0, isTTHnonbb = 0, isTTTX = 0
isTTVV = 0, isST = 0, isTTToSemiLeptonHT500Njet9 = 0
Pileup sample key: PairVLQ_x53x53_tWtW_narrow_RH_M1500_TuneCP5_13TeV-madgraph-pythia8
b-tagging working points: 0.304(DeepJet)0.4506(DeepCSV)
isTTincMtt0to700: 0
isTTincMtt0to1000: 0
isTTincMtt700to1000: 0
isTTincMtt1000toInf: 0
isTTSemilepIncHT0Njet0: 0
isTTSemilepIncHT500Njet9: 0
outTTLF: 0
outTTCC: 0
outTTBB: 0
outTT1B: 0
outTT2B: 0
>> Completed 0 out of 1021 events
[INFO] Defaulting to central deepJet weight for: nominal
>> Completed 1000 out of 1021 events
Nelectrons      = 466 / 1021
Npassed_ElEta   = 466 / 1021
Nmuons          = 555 / 1021
NrelIsoFail     = 0 / 1021
Npassed_MuEta   = 555 / 1021
Npassed_nAK8Jets= 1021 / 1021
Npassed_Trigger = 1002 / 1021
Npassed_MET     = 923 / 1021
Npassed_lepPt   = 948 / 1021
Npassed_HT      = 1019 / 1021
npass_Njets     = 1017 / 1021
Npassed_ALL     = 850 / 1021

>> Running /isilon/hadoop/store/group/bruxljm/FWLJMET106XUL_singleLep2017UL_RunIISummer20_X53X53/PairVLQ_x53x53_tWtW_narrow_RH_M1500_TuneCP5_13TeV-madgraph-pythia8/singleLep2017UL/230310_180718/0000/PairVLQ_x53x53_tWtW_narrow_RH_M1500_TuneCP5_13TeV-madgraph-pythia8_78.root for shift: nominal
[step1.h] Opening file: /isilon/hadoop/store/group/bruxljm/FWLJMET106XUL_singleLep2017UL_RunIISummer20_X53X53/PairVLQ_x53x53_tWtW_narrow_RH_M1500_TuneCP5_13TeV-madgraph-pythia8/singleLep2017UL/230310_180718/0000/PairVLQ_x53x53_tWtW_narrow_RH_M1500_TuneCP5_13TeV-madgraph-pythia8_78.root
[step1.h] Finished initializing
RUN CONFIG: YEAR = 2017
Era = 
isMC = 1, isSig = 1, SigMass = 8
isHad =0, isSE =0, isSM =0
isTTTT = 0, isXX = 1, isTpTp = 0, isBpBp = 0
For W's: isTT = 0, isSTt = 0, isSTtW = 0
For jets & PDF: isTOP = 0, isMadgraphBkg = 1
For HOTTagger Efficiencies: isTTV = 0, isTTHbb = 0, isTTHnonbb = 0, isTTTX = 0
isTTVV = 0, isST = 0, isTTToSemiLeptonHT500Njet9 = 0
Pileup sample key: PairVLQ_x53x53_tWtW_narrow_RH_M1500_TuneCP5_13TeV-madgraph-pythia8
b-tagging working points: 0.304(DeepJet)0.4506(DeepCSV)
isTTincMtt0to700: 0
isTTincMtt0to1000: 0
isTTincMtt700to1000: 0
isTTincMtt1000toInf: 0
isTTSemilepIncHT0Njet0: 0
isTTSemilepIncHT500Njet9: 0
outTTLF: 0
outTTCC: 0
outTTBB: 0
outTT1B: 0
outTT2B: 0
>> Completed 0 out of 1068 events
[INFO] Defaulting to central deepJet weight for: nominal
>> Completed 1000 out of 1068 events
Nelectrons      = 483 / 1068
Npassed_ElEta   = 483 / 1068
Nmuons          = 585 / 1068
NrelIsoFail     = 0 / 1068
Npassed_MuEta   = 585 / 1068
Npassed_nAK8Jets= 1068 / 1068
Npassed_Trigger = 1032 / 1068
Npassed_MET     = 960 / 1068
Npassed_lepPt   = 991 / 1068
Npassed_HT      = 1066 / 1068
npass_Njets     = 1064 / 1068
Npassed_ALL     = 890 / 1068

>> Running /isilon/hadoop/store/group/bruxljm/FWLJMET106XUL_singleLep2017UL_RunIISummer20_X53X53/PairVLQ_x53x53_tWtW_narrow_RH_M1500_TuneCP5_13TeV-madgraph-pythia8/singleLep2017UL/230310_180718/0000/PairVLQ_x53x53_tWtW_narrow_RH_M1500_TuneCP5_13TeV-madgraph-pythia8_79.root for shift: nominal
[step1.h] Opening file: /isilon/hadoop/store/group/bruxljm/FWLJMET106XUL_singleLep2017UL_RunIISummer20_X53X53/PairVLQ_x53x53_tWtW_narrow_RH_M1500_TuneCP5_13TeV-madgraph-pythia8/singleLep2017UL/230310_180718/0000/PairVLQ_x53x53_tWtW_narrow_RH_M1500_TuneCP5_13TeV-madgraph-pythia8_79.root
[step1.h] Finished initializing
RUN CONFIG: YEAR = 2017
Era = 
isMC = 1, isSig = 1, SigMass = 8
isHad =0, isSE =0, isSM =0
isTTTT = 0, isXX = 1, isTpTp = 0, isBpBp = 0
For W's: isTT = 0, isSTt = 0, isSTtW = 0
For jets & PDF: isTOP = 0, isMadgraphBkg = 1
For HOTTagger Efficiencies: isTTV = 0, isTTHbb = 0, isTTHnonbb = 0, isTTTX = 0
isTTVV = 0, isST = 0, isTTToSemiLeptonHT500Njet9 = 0
Pileup sample key: PairVLQ_x53x53_tWtW_narrow_RH_M1500_TuneCP5_13TeV-madgraph-pythia8
b-tagging working points: 0.304(DeepJet)0.4506(DeepCSV)
isTTincMtt0to700: 0
isTTincMtt0to1000: 0
isTTincMtt700to1000: 0
isTTincMtt1000toInf: 0
isTTSemilepIncHT0Njet0: 0
isTTSemilepIncHT500Njet9: 0
outTTLF: 0
outTTCC: 0
outTTBB: 0
outTT1B: 0
outTT2B: 0
>> Completed 0 out of 1070 events
[INFO] Defaulting to central deepJet weight for: nominal
>> Completed 1000 out of 1070 events
Nelectrons      = 529 / 1070
Npassed_ElEta   = 529 / 1070
Nmuons          = 541 / 1070
NrelIsoFail     = 0 / 1070
Npassed_MuEta   = 541 / 1070
Npassed_nAK8Jets= 1070 / 1070
Npassed_Trigger = 1029 / 1070
Npassed_MET     = 963 / 1070
Npassed_lepPt   = 993 / 1070
Npassed_HT      = 1069 / 1070
npass_Njets     = 1066 / 1070
Npassed_ALL     = 887 / 1070

>> Running /isilon/hadoop/store/group/bruxljm/FWLJMET106XUL_singleLep2017UL_RunIISummer20_X53X53/PairVLQ_x53x53_tWtW_narrow_RH_M1500_TuneCP5_13TeV-madgraph-pythia8/singleLep2017UL/230310_180718/0000/PairVLQ_x53x53_tWtW_narrow_RH_M1500_TuneCP5_13TeV-madgraph-pythia8_8.root for shift: nominal
[step1.h] Opening file: /isilon/hadoop/store/group/bruxljm/FWLJMET106XUL_singleLep2017UL_RunIISummer20_X53X53/PairVLQ_x53x53_tWtW_narrow_RH_M1500_TuneCP5_13TeV-madgraph-pythia8/singleLep2017UL/230310_180718/0000/PairVLQ_x53x53_tWtW_narrow_RH_M1500_TuneCP5_13TeV-madgraph-pythia8_8.root
[step1.h] Finished initializing
RUN CONFIG: YEAR = 2017
Era = 
isMC = 1, isSig = 1, SigMass = 8
isHad =0, isSE =0, isSM =0
isTTTT = 0, isXX = 1, isTpTp = 0, isBpBp = 0
For W's: isTT = 0, isSTt = 0, isSTtW = 0
For jets & PDF: isTOP = 0, isMadgraphBkg = 1
For HOTTagger Efficiencies: isTTV = 0, isTTHbb = 0, isTTHnonbb = 0, isTTTX = 0
isTTVV = 0, isST = 0, isTTToSemiLeptonHT500Njet9 = 0
Pileup sample key: PairVLQ_x53x53_tWtW_narrow_RH_M1500_TuneCP5_13TeV-madgraph-pythia8
b-tagging working points: 0.304(DeepJet)0.4506(DeepCSV)
isTTincMtt0to700: 0
isTTincMtt0to1000: 0
isTTincMtt700to1000: 0
isTTincMtt1000toInf: 0
isTTSemilepIncHT0Njet0: 0
isTTSemilepIncHT500Njet9: 0
outTTLF: 0
outTTCC: 0
outTTBB: 0
outTT1B: 0
outTT2B: 0
>> Completed 0 out of 1041 events
[INFO] Defaulting to central deepJet weight for: nominal
>> Completed 1000 out of 1041 events
Nelectrons      = 500 / 1041
Npassed_ElEta   = 500 / 1041
Nmuons          = 541 / 1041
NrelIsoFail     = 0 / 1041
Npassed_MuEta   = 541 / 1041
Npassed_nAK8Jets= 1041 / 1041
Npassed_Trigger = 1004 / 1041
Npassed_MET     = 941 / 1041
Npassed_lepPt   = 976 / 1041
Npassed_HT      = 1039 / 1041
npass_Njets     = 1038 / 1041
Npassed_ALL     = 875 / 1041

>> Running /isilon/hadoop/store/group/bruxljm/FWLJMET106XUL_singleLep2017UL_RunIISummer20_X53X53/PairVLQ_x53x53_tWtW_narrow_RH_M1500_TuneCP5_13TeV-madgraph-pythia8/singleLep2017UL/230310_180718/0000/PairVLQ_x53x53_tWtW_narrow_RH_M1500_TuneCP5_13TeV-madgraph-pythia8_80.root for shift: nominal
[step1.h] Opening file: /isilon/hadoop/store/group/bruxljm/FWLJMET106XUL_singleLep2017UL_RunIISummer20_X53X53/PairVLQ_x53x53_tWtW_narrow_RH_M1500_TuneCP5_13TeV-madgraph-pythia8/singleLep2017UL/230310_180718/0000/PairVLQ_x53x53_tWtW_narrow_RH_M1500_TuneCP5_13TeV-madgraph-pythia8_80.root
[step1.h] Finished initializing
RUN CONFIG: YEAR = 2017
Era = 
isMC = 1, isSig = 1, SigMass = 8
isHad =0, isSE =0, isSM =0
isTTTT = 0, isXX = 1, isTpTp = 0, isBpBp = 0
For W's: isTT = 0, isSTt = 0, isSTtW = 0
For jets & PDF: isTOP = 0, isMadgraphBkg = 1
For HOTTagger Efficiencies: isTTV = 0, isTTHbb = 0, isTTHnonbb = 0, isTTTX = 0
isTTVV = 0, isST = 0, isTTToSemiLeptonHT500Njet9 = 0
Pileup sample key: PairVLQ_x53x53_tWtW_narrow_RH_M1500_TuneCP5_13TeV-madgraph-pythia8
b-tagging working points: 0.304(DeepJet)0.4506(DeepCSV)
isTTincMtt0to700: 0
isTTincMtt0to1000: 0
isTTincMtt700to1000: 0
isTTincMtt1000toInf: 0
isTTSemilepIncHT0Njet0: 0
isTTSemilepIncHT500Njet9: 0
outTTLF: 0
outTTCC: 0
outTTBB: 0
outTT1B: 0
outTT2B: 0
>> Completed 0 out of 1047 events
[INFO] Defaulting to central deepJet weight for: nominal
>> Completed 1000 out of 1047 events
Nelectrons      = 463 / 1047
Npassed_ElEta   = 463 / 1047
Nmuons          = 584 / 1047
NrelIsoFail     = 0 / 1047
Npassed_MuEta   = 584 / 1047
Npassed_nAK8Jets= 1047 / 1047
Npassed_Trigger = 1006 / 1047
Npassed_MET     = 954 / 1047
Npassed_lepPt   = 970 / 1047
Npassed_HT      = 1046 / 1047
npass_Njets     = 1040 / 1047
Npassed_ALL     = 871 / 1047

>> Running /isilon/hadoop/store/group/bruxljm/FWLJMET106XUL_singleLep2017UL_RunIISummer20_X53X53/PairVLQ_x53x53_tWtW_narrow_RH_M1500_TuneCP5_13TeV-madgraph-pythia8/singleLep2017UL/230310_180718/0000/PairVLQ_x53x53_tWtW_narrow_RH_M1500_TuneCP5_13TeV-madgraph-pythia8_81.root for shift: nominal
[step1.h] Opening file: /isilon/hadoop/store/group/bruxljm/FWLJMET106XUL_singleLep2017UL_RunIISummer20_X53X53/PairVLQ_x53x53_tWtW_narrow_RH_M1500_TuneCP5_13TeV-madgraph-pythia8/singleLep2017UL/230310_180718/0000/PairVLQ_x53x53_tWtW_narrow_RH_M1500_TuneCP5_13TeV-madgraph-pythia8_81.root
[step1.h] Finished initializing
RUN CONFIG: YEAR = 2017
Era = 
isMC = 1, isSig = 1, SigMass = 8
isHad =0, isSE =0, isSM =0
isTTTT = 0, isXX = 1, isTpTp = 0, isBpBp = 0
For W's: isTT = 0, isSTt = 0, isSTtW = 0
For jets & PDF: isTOP = 0, isMadgraphBkg = 1
For HOTTagger Efficiencies: isTTV = 0, isTTHbb = 0, isTTHnonbb = 0, isTTTX = 0
isTTVV = 0, isST = 0, isTTToSemiLeptonHT500Njet9 = 0
Pileup sample key: PairVLQ_x53x53_tWtW_narrow_RH_M1500_TuneCP5_13TeV-madgraph-pythia8
b-tagging working points: 0.304(DeepJet)0.4506(DeepCSV)
isTTincMtt0to700: 0
isTTincMtt0to1000: 0
isTTincMtt700to1000: 0
isTTincMtt1000toInf: 0
isTTSemilepIncHT0Njet0: 0
isTTSemilepIncHT500Njet9: 0
outTTLF: 0
outTTCC: 0
outTTBB: 0
outTT1B: 0
outTT2B: 0
>> Completed 0 out of 1036 events
[INFO] Defaulting to central deepJet weight for: nominal
>> Completed 1000 out of 1036 events
Nelectrons      = 458 / 1036
Npassed_ElEta   = 458 / 1036
Nmuons          = 578 / 1036
NrelIsoFail     = 0 / 1036
Npassed_MuEta   = 578 / 1036
Npassed_nAK8Jets= 1036 / 1036
Npassed_Trigger = 1007 / 1036
Npassed_MET     = 948 / 1036
Npassed_lepPt   = 962 / 1036
Npassed_HT      = 1035 / 1036
npass_Njets     = 1032 / 1036
Npassed_ALL     = 879 / 1036

>> Running /isilon/hadoop/store/group/bruxljm/FWLJMET106XUL_singleLep2017UL_RunIISummer20_X53X53/PairVLQ_x53x53_tWtW_narrow_RH_M1500_TuneCP5_13TeV-madgraph-pythia8/singleLep2017UL/230310_180718/0000/PairVLQ_x53x53_tWtW_narrow_RH_M1500_TuneCP5_13TeV-madgraph-pythia8_82.root for shift: nominal
[step1.h] Opening file: /isilon/hadoop/store/group/bruxljm/FWLJMET106XUL_singleLep2017UL_RunIISummer20_X53X53/PairVLQ_x53x53_tWtW_narrow_RH_M1500_TuneCP5_13TeV-madgraph-pythia8/singleLep2017UL/230310_180718/0000/PairVLQ_x53x53_tWtW_narrow_RH_M1500_TuneCP5_13TeV-madgraph-pythia8_82.root
[step1.h] Finished initializing
RUN CONFIG: YEAR = 2017
Era = 
isMC = 1, isSig = 1, SigMass = 8
isHad =0, isSE =0, isSM =0
isTTTT = 0, isXX = 1, isTpTp = 0, isBpBp = 0
For W's: isTT = 0, isSTt = 0, isSTtW = 0
For jets & PDF: isTOP = 0, isMadgraphBkg = 1
For HOTTagger Efficiencies: isTTV = 0, isTTHbb = 0, isTTHnonbb = 0, isTTTX = 0
isTTVV = 0, isST = 0, isTTToSemiLeptonHT500Njet9 = 0
Pileup sample key: PairVLQ_x53x53_tWtW_narrow_RH_M1500_TuneCP5_13TeV-madgraph-pythia8
b-tagging working points: 0.304(DeepJet)0.4506(DeepCSV)
isTTincMtt0to700: 0
isTTincMtt0to1000: 0
isTTincMtt700to1000: 0
isTTincMtt1000toInf: 0
isTTSemilepIncHT0Njet0: 0
isTTSemilepIncHT500Njet9: 0
outTTLF: 0
outTTCC: 0
outTTBB: 0
outTT1B: 0
outTT2B: 0
>> Completed 0 out of 1069 events
[INFO] Defaulting to central deepJet weight for: nominal
>> Completed 1000 out of 1069 events
Nelectrons      = 495 / 1069
Npassed_ElEta   = 495 / 1069
Nmuons          = 574 / 1069
NrelIsoFail     = 0 / 1069
Npassed_MuEta   = 574 / 1069
Npassed_nAK8Jets= 1069 / 1069
Npassed_Trigger = 1031 / 1069
Npassed_MET     = 942 / 1069
Npassed_lepPt   = 984 / 1069
Npassed_HT      = 1067 / 1069
npass_Njets     = 1060 / 1069
Npassed_ALL     = 853 / 1069

>> Running /isilon/hadoop/store/group/bruxljm/FWLJMET106XUL_singleLep2017UL_RunIISummer20_X53X53/PairVLQ_x53x53_tWtW_narrow_RH_M1500_TuneCP5_13TeV-madgraph-pythia8/singleLep2017UL/230310_180718/0000/PairVLQ_x53x53_tWtW_narrow_RH_M1500_TuneCP5_13TeV-madgraph-pythia8_83.root for shift: nominal
[step1.h] Opening file: /isilon/hadoop/store/group/bruxljm/FWLJMET106XUL_singleLep2017UL_RunIISummer20_X53X53/PairVLQ_x53x53_tWtW_narrow_RH_M1500_TuneCP5_13TeV-madgraph-pythia8/singleLep2017UL/230310_180718/0000/PairVLQ_x53x53_tWtW_narrow_RH_M1500_TuneCP5_13TeV-madgraph-pythia8_83.root
[step1.h] Finished initializing
RUN CONFIG: YEAR = 2017
Era = 
isMC = 1, isSig = 1, SigMass = 8
isHad =0, isSE =0, isSM =0
isTTTT = 0, isXX = 1, isTpTp = 0, isBpBp = 0
For W's: isTT = 0, isSTt = 0, isSTtW = 0
For jets & PDF: isTOP = 0, isMadgraphBkg = 1
For HOTTagger Efficiencies: isTTV = 0, isTTHbb = 0, isTTHnonbb = 0, isTTTX = 0
isTTVV = 0, isST = 0, isTTToSemiLeptonHT500Njet9 = 0
Pileup sample key: PairVLQ_x53x53_tWtW_narrow_RH_M1500_TuneCP5_13TeV-madgraph-pythia8
b-tagging working points: 0.304(DeepJet)0.4506(DeepCSV)
isTTincMtt0to700: 0
isTTincMtt0to1000: 0
isTTincMtt700to1000: 0
isTTincMtt1000toInf: 0
isTTSemilepIncHT0Njet0: 0
isTTSemilepIncHT500Njet9: 0
outTTLF: 0
outTTCC: 0
outTTBB: 0
outTT1B: 0
outTT2B: 0
>> Completed 0 out of 1089 events
[INFO] Defaulting to central deepJet weight for: nominal
>> Completed 1000 out of 1089 events
Nelectrons      = 498 / 1089
Npassed_ElEta   = 498 / 1089
Nmuons          = 591 / 1089
NrelIsoFail     = 0 / 1089
Npassed_MuEta   = 591 / 1089
Npassed_nAK8Jets= 1089 / 1089
Npassed_Trigger = 1052 / 1089
Npassed_MET     = 998 / 1089
Npassed_lepPt   = 1009 / 1089
Npassed_HT      = 1089 / 1089
npass_Njets     = 1083 / 1089
Npassed_ALL     = 918 / 1089

>> Running /isilon/hadoop/store/group/bruxljm/FWLJMET106XUL_singleLep2017UL_RunIISummer20_X53X53/PairVLQ_x53x53_tWtW_narrow_RH_M1500_TuneCP5_13TeV-madgraph-pythia8/singleLep2017UL/230310_180718/0000/PairVLQ_x53x53_tWtW_narrow_RH_M1500_TuneCP5_13TeV-madgraph-pythia8_84.root for shift: nominal
[step1.h] Opening file: /isilon/hadoop/store/group/bruxljm/FWLJMET106XUL_singleLep2017UL_RunIISummer20_X53X53/PairVLQ_x53x53_tWtW_narrow_RH_M1500_TuneCP5_13TeV-madgraph-pythia8/singleLep2017UL/230310_180718/0000/PairVLQ_x53x53_tWtW_narrow_RH_M1500_TuneCP5_13TeV-madgraph-pythia8_84.root
[step1.h] Finished initializing
RUN CONFIG: YEAR = 2017
Era = 
isMC = 1, isSig = 1, SigMass = 8
isHad =0, isSE =0, isSM =0
isTTTT = 0, isXX = 1, isTpTp = 0, isBpBp = 0
For W's: isTT = 0, isSTt = 0, isSTtW = 0
For jets & PDF: isTOP = 0, isMadgraphBkg = 1
For HOTTagger Efficiencies: isTTV = 0, isTTHbb = 0, isTTHnonbb = 0, isTTTX = 0
isTTVV = 0, isST = 0, isTTToSemiLeptonHT500Njet9 = 0
Pileup sample key: PairVLQ_x53x53_tWtW_narrow_RH_M1500_TuneCP5_13TeV-madgraph-pythia8
b-tagging working points: 0.304(DeepJet)0.4506(DeepCSV)
isTTincMtt0to700: 0
isTTincMtt0to1000: 0
isTTincMtt700to1000: 0
isTTincMtt1000toInf: 0
isTTSemilepIncHT0Njet0: 0
isTTSemilepIncHT500Njet9: 0
outTTLF: 0
outTTCC: 0
outTTBB: 0
outTT1B: 0
outTT2B: 0
>> Completed 0 out of 1107 events
[INFO] Defaulting to central deepJet weight for: nominal
>> Completed 1000 out of 1107 events
Nelectrons      = 487 / 1107
Npassed_ElEta   = 487 / 1107
Nmuons          = 620 / 1107
NrelIsoFail     = 0 / 1107
Npassed_MuEta   = 620 / 1107
Npassed_nAK8Jets= 1107 / 1107
Npassed_Trigger = 1076 / 1107
Npassed_MET     = 1010 / 1107
Npassed_lepPt   = 1027 / 1107
Npassed_HT      = 1106 / 1107
npass_Njets     = 1101 / 1107
Npassed_ALL     = 932 / 1107

>> Running /isilon/hadoop/store/group/bruxljm/FWLJMET106XUL_singleLep2017UL_RunIISummer20_X53X53/PairVLQ_x53x53_tWtW_narrow_RH_M1500_TuneCP5_13TeV-madgraph-pythia8/singleLep2017UL/230310_180718/0000/PairVLQ_x53x53_tWtW_narrow_RH_M1500_TuneCP5_13TeV-madgraph-pythia8_85.root for shift: nominal
[step1.h] Opening file: /isilon/hadoop/store/group/bruxljm/FWLJMET106XUL_singleLep2017UL_RunIISummer20_X53X53/PairVLQ_x53x53_tWtW_narrow_RH_M1500_TuneCP5_13TeV-madgraph-pythia8/singleLep2017UL/230310_180718/0000/PairVLQ_x53x53_tWtW_narrow_RH_M1500_TuneCP5_13TeV-madgraph-pythia8_85.root
[step1.h] Finished initializing
RUN CONFIG: YEAR = 2017
Era = 
isMC = 1, isSig = 1, SigMass = 8
isHad =0, isSE =0, isSM =0
isTTTT = 0, isXX = 1, isTpTp = 0, isBpBp = 0
For W's: isTT = 0, isSTt = 0, isSTtW = 0
For jets & PDF: isTOP = 0, isMadgraphBkg = 1
For HOTTagger Efficiencies: isTTV = 0, isTTHbb = 0, isTTHnonbb = 0, isTTTX = 0
isTTVV = 0, isST = 0, isTTToSemiLeptonHT500Njet9 = 0
Pileup sample key: PairVLQ_x53x53_tWtW_narrow_RH_M1500_TuneCP5_13TeV-madgraph-pythia8
b-tagging working points: 0.304(DeepJet)0.4506(DeepCSV)
isTTincMtt0to700: 0
isTTincMtt0to1000: 0
isTTincMtt700to1000: 0
isTTincMtt1000toInf: 0
isTTSemilepIncHT0Njet0: 0
isTTSemilepIncHT500Njet9: 0
outTTLF: 0
outTTCC: 0
outTTBB: 0
outTT1B: 0
outTT2B: 0
>> Completed 0 out of 1072 events
[INFO] Defaulting to central deepJet weight for: nominal
>> Completed 1000 out of 1072 events
Nelectrons      = 471 / 1072
Npassed_ElEta   = 471 / 1072
Nmuons          = 601 / 1072
NrelIsoFail     = 0 / 1072
Npassed_MuEta   = 601 / 1072
Npassed_nAK8Jets= 1072 / 1072
Npassed_Trigger = 1037 / 1072
Npassed_MET     = 983 / 1072
Npassed_lepPt   = 985 / 1072
Npassed_HT      = 1071 / 1072
npass_Njets     = 1065 / 1072
Npassed_ALL     = 900 / 1072

>> Running /isilon/hadoop/store/group/bruxljm/FWLJMET106XUL_singleLep2017UL_RunIISummer20_X53X53/PairVLQ_x53x53_tWtW_narrow_RH_M1500_TuneCP5_13TeV-madgraph-pythia8/singleLep2017UL/230310_180718/0000/PairVLQ_x53x53_tWtW_narrow_RH_M1500_TuneCP5_13TeV-madgraph-pythia8_86.root for shift: nominal
[step1.h] Opening file: /isilon/hadoop/store/group/bruxljm/FWLJMET106XUL_singleLep2017UL_RunIISummer20_X53X53/PairVLQ_x53x53_tWtW_narrow_RH_M1500_TuneCP5_13TeV-madgraph-pythia8/singleLep2017UL/230310_180718/0000/PairVLQ_x53x53_tWtW_narrow_RH_M1500_TuneCP5_13TeV-madgraph-pythia8_86.root
[step1.h] Finished initializing
RUN CONFIG: YEAR = 2017
Era = 
isMC = 1, isSig = 1, SigMass = 8
isHad =0, isSE =0, isSM =0
isTTTT = 0, isXX = 1, isTpTp = 0, isBpBp = 0
For W's: isTT = 0, isSTt = 0, isSTtW = 0
For jets & PDF: isTOP = 0, isMadgraphBkg = 1
For HOTTagger Efficiencies: isTTV = 0, isTTHbb = 0, isTTHnonbb = 0, isTTTX = 0
isTTVV = 0, isST = 0, isTTToSemiLeptonHT500Njet9 = 0
Pileup sample key: PairVLQ_x53x53_tWtW_narrow_RH_M1500_TuneCP5_13TeV-madgraph-pythia8
b-tagging working points: 0.304(DeepJet)0.4506(DeepCSV)
isTTincMtt0to700: 0
isTTincMtt0to1000: 0
isTTincMtt700to1000: 0
isTTincMtt1000toInf: 0
isTTSemilepIncHT0Njet0: 0
isTTSemilepIncHT500Njet9: 0
outTTLF: 0
outTTCC: 0
outTTBB: 0
outTT1B: 0
outTT2B: 0
>> Completed 0 out of 1040 events
[INFO] Defaulting to central deepJet weight for: nominal
>> Completed 1000 out of 1040 events
Nelectrons      = 499 / 1040
Npassed_ElEta   = 499 / 1040
Nmuons          = 541 / 1040
NrelIsoFail     = 0 / 1040
Npassed_MuEta   = 541 / 1040
Npassed_nAK8Jets= 1040 / 1040
Npassed_Trigger = 1004 / 1040
Npassed_MET     = 946 / 1040
Npassed_lepPt   = 950 / 1040
Npassed_HT      = 1038 / 1040
npass_Njets     = 1034 / 1040
Npassed_ALL     = 855 / 1040

>> Running /isilon/hadoop/store/group/bruxljm/FWLJMET106XUL_singleLep2017UL_RunIISummer20_X53X53/PairVLQ_x53x53_tWtW_narrow_RH_M1500_TuneCP5_13TeV-madgraph-pythia8/singleLep2017UL/230310_180718/0000/PairVLQ_x53x53_tWtW_narrow_RH_M1500_TuneCP5_13TeV-madgraph-pythia8_87.root for shift: nominal
[step1.h] Opening file: /isilon/hadoop/store/group/bruxljm/FWLJMET106XUL_singleLep2017UL_RunIISummer20_X53X53/PairVLQ_x53x53_tWtW_narrow_RH_M1500_TuneCP5_13TeV-madgraph-pythia8/singleLep2017UL/230310_180718/0000/PairVLQ_x53x53_tWtW_narrow_RH_M1500_TuneCP5_13TeV-madgraph-pythia8_87.root
[step1.h] Finished initializing
RUN CONFIG: YEAR = 2017
Era = 
isMC = 1, isSig = 1, SigMass = 8
isHad =0, isSE =0, isSM =0
isTTTT = 0, isXX = 1, isTpTp = 0, isBpBp = 0
For W's: isTT = 0, isSTt = 0, isSTtW = 0
For jets & PDF: isTOP = 0, isMadgraphBkg = 1
For HOTTagger Efficiencies: isTTV = 0, isTTHbb = 0, isTTHnonbb = 0, isTTTX = 0
isTTVV = 0, isST = 0, isTTToSemiLeptonHT500Njet9 = 0
Pileup sample key: PairVLQ_x53x53_tWtW_narrow_RH_M1500_TuneCP5_13TeV-madgraph-pythia8
b-tagging working points: 0.304(DeepJet)0.4506(DeepCSV)
isTTincMtt0to700: 0
isTTincMtt0to1000: 0
isTTincMtt700to1000: 0
isTTincMtt1000toInf: 0
isTTSemilepIncHT0Njet0: 0
isTTSemilepIncHT500Njet9: 0
outTTLF: 0
outTTCC: 0
outTTBB: 0
outTT1B: 0
outTT2B: 0
>> Completed 0 out of 1082 events
[INFO] Defaulting to central deepJet weight for: nominal
>> Completed 1000 out of 1082 events
Nelectrons      = 483 / 1082
Npassed_ElEta   = 483 / 1082
Nmuons          = 599 / 1082
NrelIsoFail     = 0 / 1082
Npassed_MuEta   = 599 / 1082
Npassed_nAK8Jets= 1082 / 1082
Npassed_Trigger = 1051 / 1082
Npassed_MET     = 981 / 1082
Npassed_lepPt   = 1019 / 1082
Npassed_HT      = 1082 / 1082
npass_Njets     = 1077 / 1082
Npassed_ALL     = 916 / 1082

>> Running /isilon/hadoop/store/group/bruxljm/FWLJMET106XUL_singleLep2017UL_RunIISummer20_X53X53/PairVLQ_x53x53_tWtW_narrow_RH_M1500_TuneCP5_13TeV-madgraph-pythia8/singleLep2017UL/230310_180718/0000/PairVLQ_x53x53_tWtW_narrow_RH_M1500_TuneCP5_13TeV-madgraph-pythia8_88.root for shift: nominal
[step1.h] Opening file: /isilon/hadoop/store/group/bruxljm/FWLJMET106XUL_singleLep2017UL_RunIISummer20_X53X53/PairVLQ_x53x53_tWtW_narrow_RH_M1500_TuneCP5_13TeV-madgraph-pythia8/singleLep2017UL/230310_180718/0000/PairVLQ_x53x53_tWtW_narrow_RH_M1500_TuneCP5_13TeV-madgraph-pythia8_88.root
[step1.h] Finished initializing
RUN CONFIG: YEAR = 2017
Era = 
isMC = 1, isSig = 1, SigMass = 8
isHad =0, isSE =0, isSM =0
isTTTT = 0, isXX = 1, isTpTp = 0, isBpBp = 0
For W's: isTT = 0, isSTt = 0, isSTtW = 0
For jets & PDF: isTOP = 0, isMadgraphBkg = 1
For HOTTagger Efficiencies: isTTV = 0, isTTHbb = 0, isTTHnonbb = 0, isTTTX = 0
isTTVV = 0, isST = 0, isTTToSemiLeptonHT500Njet9 = 0
Pileup sample key: PairVLQ_x53x53_tWtW_narrow_RH_M1500_TuneCP5_13TeV-madgraph-pythia8
b-tagging working points: 0.304(DeepJet)0.4506(DeepCSV)
isTTincMtt0to700: 0
isTTincMtt0to1000: 0
isTTincMtt700to1000: 0
isTTincMtt1000toInf: 0
isTTSemilepIncHT0Njet0: 0
isTTSemilepIncHT500Njet9: 0
outTTLF: 0
outTTCC: 0
outTTBB: 0
outTT1B: 0
outTT2B: 0
>> Completed 0 out of 1091 events
[INFO] Defaulting to central deepJet weight for: nominal
>> Completed 1000 out of 1091 events
Nelectrons      = 505 / 1091
Npassed_ElEta   = 505 / 1091
Nmuons          = 586 / 1091
NrelIsoFail     = 0 / 1091
Npassed_MuEta   = 586 / 1091
Npassed_nAK8Jets= 1091 / 1091
Npassed_Trigger = 1052 / 1091
Npassed_MET     = 994 / 1091
Npassed_lepPt   = 1008 / 1091
Npassed_HT      = 1089 / 1091
npass_Njets     = 1086 / 1091
Npassed_ALL     = 910 / 1091

>> Running /isilon/hadoop/store/group/bruxljm/FWLJMET106XUL_singleLep2017UL_RunIISummer20_X53X53/PairVLQ_x53x53_tWtW_narrow_RH_M1500_TuneCP5_13TeV-madgraph-pythia8/singleLep2017UL/230310_180718/0000/PairVLQ_x53x53_tWtW_narrow_RH_M1500_TuneCP5_13TeV-madgraph-pythia8_89.root for shift: nominal
[step1.h] Opening file: /isilon/hadoop/store/group/bruxljm/FWLJMET106XUL_singleLep2017UL_RunIISummer20_X53X53/PairVLQ_x53x53_tWtW_narrow_RH_M1500_TuneCP5_13TeV-madgraph-pythia8/singleLep2017UL/230310_180718/0000/PairVLQ_x53x53_tWtW_narrow_RH_M1500_TuneCP5_13TeV-madgraph-pythia8_89.root
[step1.h] Finished initializing
RUN CONFIG: YEAR = 2017
Era = 
isMC = 1, isSig = 1, SigMass = 8
isHad =0, isSE =0, isSM =0
isTTTT = 0, isXX = 1, isTpTp = 0, isBpBp = 0
For W's: isTT = 0, isSTt = 0, isSTtW = 0
For jets & PDF: isTOP = 0, isMadgraphBkg = 1
For HOTTagger Efficiencies: isTTV = 0, isTTHbb = 0, isTTHnonbb = 0, isTTTX = 0
isTTVV = 0, isST = 0, isTTToSemiLeptonHT500Njet9 = 0
Pileup sample key: PairVLQ_x53x53_tWtW_narrow_RH_M1500_TuneCP5_13TeV-madgraph-pythia8
b-tagging working points: 0.304(DeepJet)0.4506(DeepCSV)
isTTincMtt0to700: 0
isTTincMtt0to1000: 0
isTTincMtt700to1000: 0
isTTincMtt1000toInf: 0
isTTSemilepIncHT0Njet0: 0
isTTSemilepIncHT500Njet9: 0
outTTLF: 0
outTTCC: 0
outTTBB: 0
outTT1B: 0
outTT2B: 0
>> Completed 0 out of 1023 events
[INFO] Defaulting to central deepJet weight for: nominal
>> Completed 1000 out of 1023 events
Nelectrons      = 480 / 1023
Npassed_ElEta   = 480 / 1023
Nmuons          = 543 / 1023
NrelIsoFail     = 0 / 1023
Npassed_MuEta   = 543 / 1023
Npassed_nAK8Jets= 1023 / 1023
Npassed_Trigger = 990 / 1023
Npassed_MET     = 937 / 1023
Npassed_lepPt   = 943 / 1023
Npassed_HT      = 1022 / 1023
npass_Njets     = 1017 / 1023
Npassed_ALL     = 857 / 1023

>> Running /isilon/hadoop/store/group/bruxljm/FWLJMET106XUL_singleLep2017UL_RunIISummer20_X53X53/PairVLQ_x53x53_tWtW_narrow_RH_M1500_TuneCP5_13TeV-madgraph-pythia8/singleLep2017UL/230310_180718/0000/PairVLQ_x53x53_tWtW_narrow_RH_M1500_TuneCP5_13TeV-madgraph-pythia8_9.root for shift: nominal
[step1.h] Opening file: /isilon/hadoop/store/group/bruxljm/FWLJMET106XUL_singleLep2017UL_RunIISummer20_X53X53/PairVLQ_x53x53_tWtW_narrow_RH_M1500_TuneCP5_13TeV-madgraph-pythia8/singleLep2017UL/230310_180718/0000/PairVLQ_x53x53_tWtW_narrow_RH_M1500_TuneCP5_13TeV-madgraph-pythia8_9.root
[step1.h] Finished initializing
RUN CONFIG: YEAR = 2017
Era = 
isMC = 1, isSig = 1, SigMass = 8
isHad =0, isSE =0, isSM =0
isTTTT = 0, isXX = 1, isTpTp = 0, isBpBp = 0
For W's: isTT = 0, isSTt = 0, isSTtW = 0
For jets & PDF: isTOP = 0, isMadgraphBkg = 1
For HOTTagger Efficiencies: isTTV = 0, isTTHbb = 0, isTTHnonbb = 0, isTTTX = 0
isTTVV = 0, isST = 0, isTTToSemiLeptonHT500Njet9 = 0
Pileup sample key: PairVLQ_x53x53_tWtW_narrow_RH_M1500_TuneCP5_13TeV-madgraph-pythia8
b-tagging working points: 0.304(DeepJet)0.4506(DeepCSV)
isTTincMtt0to700: 0
isTTincMtt0to1000: 0
isTTincMtt700to1000: 0
isTTincMtt1000toInf: 0
isTTSemilepIncHT0Njet0: 0
isTTSemilepIncHT500Njet9: 0
outTTLF: 0
outTTCC: 0
outTTBB: 0
outTT1B: 0
outTT2B: 0
>> Completed 0 out of 1023 events
[INFO] Defaulting to central deepJet weight for: nominal
>> Completed 1000 out of 1023 events
Nelectrons      = 489 / 1023
Npassed_ElEta   = 489 / 1023
Nmuons          = 534 / 1023
NrelIsoFail     = 0 / 1023
Npassed_MuEta   = 534 / 1023
Npassed_nAK8Jets= 1023 / 1023
Npassed_Trigger = 990 / 1023
Npassed_MET     = 941 / 1023
Npassed_lepPt   = 942 / 1023
Npassed_HT      = 1023 / 1023
npass_Njets     = 1019 / 1023
Npassed_ALL     = 865 / 1023

>> Running /isilon/hadoop/store/group/bruxljm/FWLJMET106XUL_singleLep2017UL_RunIISummer20_X53X53/PairVLQ_x53x53_tWtW_narrow_RH_M1500_TuneCP5_13TeV-madgraph-pythia8/singleLep2017UL/230310_180718/0000/PairVLQ_x53x53_tWtW_narrow_RH_M1500_TuneCP5_13TeV-madgraph-pythia8_90.root for shift: nominal
[step1.h] Opening file: /isilon/hadoop/store/group/bruxljm/FWLJMET106XUL_singleLep2017UL_RunIISummer20_X53X53/PairVLQ_x53x53_tWtW_narrow_RH_M1500_TuneCP5_13TeV-madgraph-pythia8/singleLep2017UL/230310_180718/0000/PairVLQ_x53x53_tWtW_narrow_RH_M1500_TuneCP5_13TeV-madgraph-pythia8_90.root
[step1.h] Finished initializing
RUN CONFIG: YEAR = 2017
Era = 
isMC = 1, isSig = 1, SigMass = 8
isHad =0, isSE =0, isSM =0
isTTTT = 0, isXX = 1, isTpTp = 0, isBpBp = 0
For W's: isTT = 0, isSTt = 0, isSTtW = 0
For jets & PDF: isTOP = 0, isMadgraphBkg = 1
For HOTTagger Efficiencies: isTTV = 0, isTTHbb = 0, isTTHnonbb = 0, isTTTX = 0
isTTVV = 0, isST = 0, isTTToSemiLeptonHT500Njet9 = 0
Pileup sample key: PairVLQ_x53x53_tWtW_narrow_RH_M1500_TuneCP5_13TeV-madgraph-pythia8
b-tagging working points: 0.304(DeepJet)0.4506(DeepCSV)
isTTincMtt0to700: 0
isTTincMtt0to1000: 0
isTTincMtt700to1000: 0
isTTincMtt1000toInf: 0
isTTSemilepIncHT0Njet0: 0
isTTSemilepIncHT500Njet9: 0
outTTLF: 0
outTTCC: 0
outTTBB: 0
outTT1B: 0
outTT2B: 0
>> Completed 0 out of 1090 events
[INFO] Defaulting to central deepJet weight for: nominal
>> Completed 1000 out of 1090 events
Nelectrons      = 503 / 1090
Npassed_ElEta   = 503 / 1090
Nmuons          = 587 / 1090
NrelIsoFail     = 0 / 1090
Npassed_MuEta   = 587 / 1090
Npassed_nAK8Jets= 1090 / 1090
Npassed_Trigger = 1047 / 1090
Npassed_MET     = 982 / 1090
Npassed_lepPt   = 1013 / 1090
Npassed_HT      = 1090 / 1090
npass_Njets     = 1085 / 1090
Npassed_ALL     = 907 / 1090

>> Running /isilon/hadoop/store/group/bruxljm/FWLJMET106XUL_singleLep2017UL_RunIISummer20_X53X53/PairVLQ_x53x53_tWtW_narrow_RH_M1500_TuneCP5_13TeV-madgraph-pythia8/singleLep2017UL/230310_180718/0000/PairVLQ_x53x53_tWtW_narrow_RH_M1500_TuneCP5_13TeV-madgraph-pythia8_91.root for shift: nominal
[step1.h] Opening file: /isilon/hadoop/store/group/bruxljm/FWLJMET106XUL_singleLep2017UL_RunIISummer20_X53X53/PairVLQ_x53x53_tWtW_narrow_RH_M1500_TuneCP5_13TeV-madgraph-pythia8/singleLep2017UL/230310_180718/0000/PairVLQ_x53x53_tWtW_narrow_RH_M1500_TuneCP5_13TeV-madgraph-pythia8_91.root
[step1.h] Finished initializing
RUN CONFIG: YEAR = 2017
Era = 
isMC = 1, isSig = 1, SigMass = 8
isHad =0, isSE =0, isSM =0
isTTTT = 0, isXX = 1, isTpTp = 0, isBpBp = 0
For W's: isTT = 0, isSTt = 0, isSTtW = 0
For jets & PDF: isTOP = 0, isMadgraphBkg = 1
For HOTTagger Efficiencies: isTTV = 0, isTTHbb = 0, isTTHnonbb = 0, isTTTX = 0
isTTVV = 0, isST = 0, isTTToSemiLeptonHT500Njet9 = 0
Pileup sample key: PairVLQ_x53x53_tWtW_narrow_RH_M1500_TuneCP5_13TeV-madgraph-pythia8
b-tagging working points: 0.304(DeepJet)0.4506(DeepCSV)
isTTincMtt0to700: 0
isTTincMtt0to1000: 0
isTTincMtt700to1000: 0
isTTincMtt1000toInf: 0
isTTSemilepIncHT0Njet0: 0
isTTSemilepIncHT500Njet9: 0
outTTLF: 0
outTTCC: 0
outTTBB: 0
outTT1B: 0
outTT2B: 0
>> Completed 0 out of 1052 events
[INFO] Defaulting to central deepJet weight for: nominal
>> Completed 1000 out of 1052 events
Nelectrons      = 508 / 1052
Npassed_ElEta   = 508 / 1052
Nmuons          = 544 / 1052
NrelIsoFail     = 0 / 1052
Npassed_MuEta   = 544 / 1052
Npassed_nAK8Jets= 1052 / 1052
Npassed_Trigger = 1022 / 1052
Npassed_MET     = 958 / 1052
Npassed_lepPt   = 974 / 1052
Npassed_HT      = 1052 / 1052
npass_Njets     = 1042 / 1052
Npassed_ALL     = 876 / 1052

>> Running /isilon/hadoop/store/group/bruxljm/FWLJMET106XUL_singleLep2017UL_RunIISummer20_X53X53/PairVLQ_x53x53_tWtW_narrow_RH_M1500_TuneCP5_13TeV-madgraph-pythia8/singleLep2017UL/230310_180718/0000/PairVLQ_x53x53_tWtW_narrow_RH_M1500_TuneCP5_13TeV-madgraph-pythia8_92.root for shift: nominal
[step1.h] Opening file: /isilon/hadoop/store/group/bruxljm/FWLJMET106XUL_singleLep2017UL_RunIISummer20_X53X53/PairVLQ_x53x53_tWtW_narrow_RH_M1500_TuneCP5_13TeV-madgraph-pythia8/singleLep2017UL/230310_180718/0000/PairVLQ_x53x53_tWtW_narrow_RH_M1500_TuneCP5_13TeV-madgraph-pythia8_92.root
[step1.h] Finished initializing
RUN CONFIG: YEAR = 2017
Era = 
isMC = 1, isSig = 1, SigMass = 8
isHad =0, isSE =0, isSM =0
isTTTT = 0, isXX = 1, isTpTp = 0, isBpBp = 0
For W's: isTT = 0, isSTt = 0, isSTtW = 0
For jets & PDF: isTOP = 0, isMadgraphBkg = 1
For HOTTagger Efficiencies: isTTV = 0, isTTHbb = 0, isTTHnonbb = 0, isTTTX = 0
isTTVV = 0, isST = 0, isTTToSemiLeptonHT500Njet9 = 0
Pileup sample key: PairVLQ_x53x53_tWtW_narrow_RH_M1500_TuneCP5_13TeV-madgraph-pythia8
b-tagging working points: 0.304(DeepJet)0.4506(DeepCSV)
isTTincMtt0to700: 0
isTTincMtt0to1000: 0
isTTincMtt700to1000: 0
isTTincMtt1000toInf: 0
isTTSemilepIncHT0Njet0: 0
isTTSemilepIncHT500Njet9: 0
outTTLF: 0
outTTCC: 0
outTTBB: 0
outTT1B: 0
outTT2B: 0
>> Completed 0 out of 1052 events
[INFO] Defaulting to central deepJet weight for: nominal
>> Completed 1000 out of 1052 events
Nelectrons      = 474 / 1052
Npassed_ElEta   = 474 / 1052
Nmuons          = 578 / 1052
NrelIsoFail     = 0 / 1052
Npassed_MuEta   = 578 / 1052
Npassed_nAK8Jets= 1052 / 1052
Npassed_Trigger = 1019 / 1052
Npassed_MET     = 944 / 1052
Npassed_lepPt   = 975 / 1052
Npassed_HT      = 1052 / 1052
npass_Njets     = 1047 / 1052
Npassed_ALL     = 871 / 1052

>> Running /isilon/hadoop/store/group/bruxljm/FWLJMET106XUL_singleLep2017UL_RunIISummer20_X53X53/PairVLQ_x53x53_tWtW_narrow_RH_M1500_TuneCP5_13TeV-madgraph-pythia8/singleLep2017UL/230310_180718/0000/PairVLQ_x53x53_tWtW_narrow_RH_M1500_TuneCP5_13TeV-madgraph-pythia8_93.root for shift: nominal
[step1.h] Opening file: /isilon/hadoop/store/group/bruxljm/FWLJMET106XUL_singleLep2017UL_RunIISummer20_X53X53/PairVLQ_x53x53_tWtW_narrow_RH_M1500_TuneCP5_13TeV-madgraph-pythia8/singleLep2017UL/230310_180718/0000/PairVLQ_x53x53_tWtW_narrow_RH_M1500_TuneCP5_13TeV-madgraph-pythia8_93.root
[step1.h] Finished initializing
RUN CONFIG: YEAR = 2017
Era = 
isMC = 1, isSig = 1, SigMass = 8
isHad =0, isSE =0, isSM =0
isTTTT = 0, isXX = 1, isTpTp = 0, isBpBp = 0
For W's: isTT = 0, isSTt = 0, isSTtW = 0
For jets & PDF: isTOP = 0, isMadgraphBkg = 1
For HOTTagger Efficiencies: isTTV = 0, isTTHbb = 0, isTTHnonbb = 0, isTTTX = 0
isTTVV = 0, isST = 0, isTTToSemiLeptonHT500Njet9 = 0
Pileup sample key: PairVLQ_x53x53_tWtW_narrow_RH_M1500_TuneCP5_13TeV-madgraph-pythia8
b-tagging working points: 0.304(DeepJet)0.4506(DeepCSV)
isTTincMtt0to700: 0
isTTincMtt0to1000: 0
isTTincMtt700to1000: 0
isTTincMtt1000toInf: 0
isTTSemilepIncHT0Njet0: 0
isTTSemilepIncHT500Njet9: 0
outTTLF: 0
outTTCC: 0
outTTBB: 0
outTT1B: 0
outTT2B: 0
>> Completed 0 out of 1039 events
[INFO] Defaulting to central deepJet weight for: nominal
>> Completed 1000 out of 1039 events
Nelectrons      = 475 / 1039
Npassed_ElEta   = 475 / 1039
Nmuons          = 564 / 1039
NrelIsoFail     = 0 / 1039
Npassed_MuEta   = 564 / 1039
Npassed_nAK8Jets= 1039 / 1039
Npassed_Trigger = 1009 / 1039
Npassed_MET     = 949 / 1039
Npassed_lepPt   = 958 / 1039
Npassed_HT      = 1037 / 1039
npass_Njets     = 1033 / 1039
Npassed_ALL     = 868 / 1039

>> Running /isilon/hadoop/store/group/bruxljm/FWLJMET106XUL_singleLep2017UL_RunIISummer20_X53X53/PairVLQ_x53x53_tWtW_narrow_RH_M1500_TuneCP5_13TeV-madgraph-pythia8/singleLep2017UL/230310_180718/0000/PairVLQ_x53x53_tWtW_narrow_RH_M1500_TuneCP5_13TeV-madgraph-pythia8_94.root for shift: nominal
[step1.h] Opening file: /isilon/hadoop/store/group/bruxljm/FWLJMET106XUL_singleLep2017UL_RunIISummer20_X53X53/PairVLQ_x53x53_tWtW_narrow_RH_M1500_TuneCP5_13TeV-madgraph-pythia8/singleLep2017UL/230310_180718/0000/PairVLQ_x53x53_tWtW_narrow_RH_M1500_TuneCP5_13TeV-madgraph-pythia8_94.root
[step1.h] Finished initializing
RUN CONFIG: YEAR = 2017
Era = 
isMC = 1, isSig = 1, SigMass = 8
isHad =0, isSE =0, isSM =0
isTTTT = 0, isXX = 1, isTpTp = 0, isBpBp = 0
For W's: isTT = 0, isSTt = 0, isSTtW = 0
For jets & PDF: isTOP = 0, isMadgraphBkg = 1
For HOTTagger Efficiencies: isTTV = 0, isTTHbb = 0, isTTHnonbb = 0, isTTTX = 0
isTTVV = 0, isST = 0, isTTToSemiLeptonHT500Njet9 = 0
Pileup sample key: PairVLQ_x53x53_tWtW_narrow_RH_M1500_TuneCP5_13TeV-madgraph-pythia8
b-tagging working points: 0.304(DeepJet)0.4506(DeepCSV)
isTTincMtt0to700: 0
isTTincMtt0to1000: 0
isTTincMtt700to1000: 0
isTTincMtt1000toInf: 0
isTTSemilepIncHT0Njet0: 0
isTTSemilepIncHT500Njet9: 0
outTTLF: 0
outTTCC: 0
outTTBB: 0
outTT1B: 0
outTT2B: 0
>> Completed 0 out of 1056 events
[INFO] Defaulting to central deepJet weight for: nominal
>> Completed 1000 out of 1056 events
Nelectrons      = 485 / 1056
Npassed_ElEta   = 485 / 1056
Nmuons          = 571 / 1056
NrelIsoFail     = 0 / 1056
Npassed_MuEta   = 571 / 1056
Npassed_nAK8Jets= 1056 / 1056
Npassed_Trigger = 1014 / 1056
Npassed_MET     = 962 / 1056
Npassed_lepPt   = 969 / 1056
Npassed_HT      = 1055 / 1056
npass_Njets     = 1051 / 1056
Npassed_ALL     = 879 / 1056

>> Running /isilon/hadoop/store/group/bruxljm/FWLJMET106XUL_singleLep2017UL_RunIISummer20_X53X53/PairVLQ_x53x53_tWtW_narrow_RH_M1500_TuneCP5_13TeV-madgraph-pythia8/singleLep2017UL/230310_180718/0000/PairVLQ_x53x53_tWtW_narrow_RH_M1500_TuneCP5_13TeV-madgraph-pythia8_95.root for shift: nominal
[step1.h] Opening file: /isilon/hadoop/store/group/bruxljm/FWLJMET106XUL_singleLep2017UL_RunIISummer20_X53X53/PairVLQ_x53x53_tWtW_narrow_RH_M1500_TuneCP5_13TeV-madgraph-pythia8/singleLep2017UL/230310_180718/0000/PairVLQ_x53x53_tWtW_narrow_RH_M1500_TuneCP5_13TeV-madgraph-pythia8_95.root
[step1.h] Finished initializing
RUN CONFIG: YEAR = 2017
Era = 
isMC = 1, isSig = 1, SigMass = 8
isHad =0, isSE =0, isSM =0
isTTTT = 0, isXX = 1, isTpTp = 0, isBpBp = 0
For W's: isTT = 0, isSTt = 0, isSTtW = 0
For jets & PDF: isTOP = 0, isMadgraphBkg = 1
For HOTTagger Efficiencies: isTTV = 0, isTTHbb = 0, isTTHnonbb = 0, isTTTX = 0
isTTVV = 0, isST = 0, isTTToSemiLeptonHT500Njet9 = 0
Pileup sample key: PairVLQ_x53x53_tWtW_narrow_RH_M1500_TuneCP5_13TeV-madgraph-pythia8
b-tagging working points: 0.304(DeepJet)0.4506(DeepCSV)
isTTincMtt0to700: 0
isTTincMtt0to1000: 0
isTTincMtt700to1000: 0
isTTincMtt1000toInf: 0
isTTSemilepIncHT0Njet0: 0
isTTSemilepIncHT500Njet9: 0
outTTLF: 0
outTTCC: 0
outTTBB: 0
outTT1B: 0
outTT2B: 0
>> Completed 0 out of 1040 events
[INFO] Defaulting to central deepJet weight for: nominal
>> Completed 1000 out of 1040 events
Nelectrons      = 485 / 1040
Npassed_ElEta   = 485 / 1040
Nmuons          = 555 / 1040
NrelIsoFail     = 0 / 1040
Npassed_MuEta   = 555 / 1040
Npassed_nAK8Jets= 1040 / 1040
Npassed_Trigger = 1004 / 1040
Npassed_MET     = 947 / 1040
Npassed_lepPt   = 951 / 1040
Npassed_HT      = 1040 / 1040
npass_Njets     = 1036 / 1040
Npassed_ALL     = 862 / 1040

>> Running /isilon/hadoop/store/group/bruxljm/FWLJMET106XUL_singleLep2017UL_RunIISummer20_X53X53/PairVLQ_x53x53_tWtW_narrow_RH_M1500_TuneCP5_13TeV-madgraph-pythia8/singleLep2017UL/230310_180718/0000/PairVLQ_x53x53_tWtW_narrow_RH_M1500_TuneCP5_13TeV-madgraph-pythia8_96.root for shift: nominal
[step1.h] Opening file: /isilon/hadoop/store/group/bruxljm/FWLJMET106XUL_singleLep2017UL_RunIISummer20_X53X53/PairVLQ_x53x53_tWtW_narrow_RH_M1500_TuneCP5_13TeV-madgraph-pythia8/singleLep2017UL/230310_180718/0000/PairVLQ_x53x53_tWtW_narrow_RH_M1500_TuneCP5_13TeV-madgraph-pythia8_96.root
[step1.h] Finished initializing
RUN CONFIG: YEAR = 2017
Era = 
isMC = 1, isSig = 1, SigMass = 8
isHad =0, isSE =0, isSM =0
isTTTT = 0, isXX = 1, isTpTp = 0, isBpBp = 0
For W's: isTT = 0, isSTt = 0, isSTtW = 0
For jets & PDF: isTOP = 0, isMadgraphBkg = 1
For HOTTagger Efficiencies: isTTV = 0, isTTHbb = 0, isTTHnonbb = 0, isTTTX = 0
isTTVV = 0, isST = 0, isTTToSemiLeptonHT500Njet9 = 0
Pileup sample key: PairVLQ_x53x53_tWtW_narrow_RH_M1500_TuneCP5_13TeV-madgraph-pythia8
b-tagging working points: 0.304(DeepJet)0.4506(DeepCSV)
isTTincMtt0to700: 0
isTTincMtt0to1000: 0
isTTincMtt700to1000: 0
isTTincMtt1000toInf: 0
isTTSemilepIncHT0Njet0: 0
isTTSemilepIncHT500Njet9: 0
outTTLF: 0
outTTCC: 0
outTTBB: 0
outTT1B: 0
outTT2B: 0
>> Completed 0 out of 1040 events
[INFO] Defaulting to central deepJet weight for: nominal
>> Completed 1000 out of 1040 events
Nelectrons      = 498 / 1040
Npassed_ElEta   = 498 / 1040
Nmuons          = 542 / 1040
NrelIsoFail     = 0 / 1040
Npassed_MuEta   = 542 / 1040
Npassed_nAK8Jets= 1040 / 1040
Npassed_Trigger = 994 / 1040
Npassed_MET     = 943 / 1040
Npassed_lepPt   = 970 / 1040
Npassed_HT      = 1038 / 1040
npass_Njets     = 1036 / 1040
Npassed_ALL     = 875 / 1040

>> Running /isilon/hadoop/store/group/bruxljm/FWLJMET106XUL_singleLep2017UL_RunIISummer20_X53X53/PairVLQ_x53x53_tWtW_narrow_RH_M1500_TuneCP5_13TeV-madgraph-pythia8/singleLep2017UL/230310_180718/0000/PairVLQ_x53x53_tWtW_narrow_RH_M1500_TuneCP5_13TeV-madgraph-pythia8_97.root for shift: nominal
[step1.h] Opening file: /isilon/hadoop/store/group/bruxljm/FWLJMET106XUL_singleLep2017UL_RunIISummer20_X53X53/PairVLQ_x53x53_tWtW_narrow_RH_M1500_TuneCP5_13TeV-madgraph-pythia8/singleLep2017UL/230310_180718/0000/PairVLQ_x53x53_tWtW_narrow_RH_M1500_TuneCP5_13TeV-madgraph-pythia8_97.root
[step1.h] Finished initializing
RUN CONFIG: YEAR = 2017
Era = 
isMC = 1, isSig = 1, SigMass = 8
isHad =0, isSE =0, isSM =0
isTTTT = 0, isXX = 1, isTpTp = 0, isBpBp = 0
For W's: isTT = 0, isSTt = 0, isSTtW = 0
For jets & PDF: isTOP = 0, isMadgraphBkg = 1
For HOTTagger Efficiencies: isTTV = 0, isTTHbb = 0, isTTHnonbb = 0, isTTTX = 0
isTTVV = 0, isST = 0, isTTToSemiLeptonHT500Njet9 = 0
Pileup sample key: PairVLQ_x53x53_tWtW_narrow_RH_M1500_TuneCP5_13TeV-madgraph-pythia8
b-tagging working points: 0.304(DeepJet)0.4506(DeepCSV)
isTTincMtt0to700: 0
isTTincMtt0to1000: 0
isTTincMtt700to1000: 0
isTTincMtt1000toInf: 0
isTTSemilepIncHT0Njet0: 0
isTTSemilepIncHT500Njet9: 0
outTTLF: 0
outTTCC: 0
outTTBB: 0
outTT1B: 0
outTT2B: 0
>> Completed 0 out of 1068 events
[INFO] Defaulting to central deepJet weight for: nominal
>> Completed 1000 out of 1068 events
Nelectrons      = 480 / 1068
Npassed_ElEta   = 480 / 1068
Nmuons          = 588 / 1068
NrelIsoFail     = 0 / 1068
Npassed_MuEta   = 588 / 1068
Npassed_nAK8Jets= 1068 / 1068
Npassed_Trigger = 1032 / 1068
Npassed_MET     = 964 / 1068
Npassed_lepPt   = 1011 / 1068
Npassed_HT      = 1066 / 1068
npass_Njets     = 1062 / 1068
Npassed_ALL     = 909 / 1068

>> Running /isilon/hadoop/store/group/bruxljm/FWLJMET106XUL_singleLep2017UL_RunIISummer20_X53X53/PairVLQ_x53x53_tWtW_narrow_RH_M1500_TuneCP5_13TeV-madgraph-pythia8/singleLep2017UL/230310_180718/0000/PairVLQ_x53x53_tWtW_narrow_RH_M1500_TuneCP5_13TeV-madgraph-pythia8_98.root for shift: nominal
[step1.h] Opening file: /isilon/hadoop/store/group/bruxljm/FWLJMET106XUL_singleLep2017UL_RunIISummer20_X53X53/PairVLQ_x53x53_tWtW_narrow_RH_M1500_TuneCP5_13TeV-madgraph-pythia8/singleLep2017UL/230310_180718/0000/PairVLQ_x53x53_tWtW_narrow_RH_M1500_TuneCP5_13TeV-madgraph-pythia8_98.root
[step1.h] Finished initializing
RUN CONFIG: YEAR = 2017
Era = 
isMC = 1, isSig = 1, SigMass = 8
isHad =0, isSE =0, isSM =0
isTTTT = 0, isXX = 1, isTpTp = 0, isBpBp = 0
For W's: isTT = 0, isSTt = 0, isSTtW = 0
For jets & PDF: isTOP = 0, isMadgraphBkg = 1
For HOTTagger Efficiencies: isTTV = 0, isTTHbb = 0, isTTHnonbb = 0, isTTTX = 0
isTTVV = 0, isST = 0, isTTToSemiLeptonHT500Njet9 = 0
Pileup sample key: PairVLQ_x53x53_tWtW_narrow_RH_M1500_TuneCP5_13TeV-madgraph-pythia8
b-tagging working points: 0.304(DeepJet)0.4506(DeepCSV)
isTTincMtt0to700: 0
isTTincMtt0to1000: 0
isTTincMtt700to1000: 0
isTTincMtt1000toInf: 0
isTTSemilepIncHT0Njet0: 0
isTTSemilepIncHT500Njet9: 0
outTTLF: 0
outTTCC: 0
outTTBB: 0
outTT1B: 0
outTT2B: 0
>> Completed 0 out of 1058 events
[INFO] Defaulting to central deepJet weight for: nominal
>> Completed 1000 out of 1058 events
Nelectrons      = 494 / 1058
Npassed_ElEta   = 494 / 1058
Nmuons          = 564 / 1058
NrelIsoFail     = 0 / 1058
Npassed_MuEta   = 564 / 1058
Npassed_nAK8Jets= 1058 / 1058
Npassed_Trigger = 1016 / 1058
Npassed_MET     = 960 / 1058
Npassed_lepPt   = 994 / 1058
Npassed_HT      = 1056 / 1058
npass_Njets     = 1049 / 1058
Npassed_ALL     = 893 / 1058

>> Running /isilon/hadoop/store/group/bruxljm/FWLJMET106XUL_singleLep2017UL_RunIISummer20_X53X53/PairVLQ_x53x53_tWtW_narrow_RH_M1500_TuneCP5_13TeV-madgraph-pythia8/singleLep2017UL/230310_180718/0000/PairVLQ_x53x53_tWtW_narrow_RH_M1500_TuneCP5_13TeV-madgraph-pythia8_99.root for shift: nominal
[step1.h] Opening file: /isilon/hadoop/store/group/bruxljm/FWLJMET106XUL_singleLep2017UL_RunIISummer20_X53X53/PairVLQ_x53x53_tWtW_narrow_RH_M1500_TuneCP5_13TeV-madgraph-pythia8/singleLep2017UL/230310_180718/0000/PairVLQ_x53x53_tWtW_narrow_RH_M1500_TuneCP5_13TeV-madgraph-pythia8_99.root
[step1.h] Finished initializing
RUN CONFIG: YEAR = 2017
Era = 
isMC = 1, isSig = 1, SigMass = 8
isHad =0, isSE =0, isSM =0
isTTTT = 0, isXX = 1, isTpTp = 0, isBpBp = 0
For W's: isTT = 0, isSTt = 0, isSTtW = 0
For jets & PDF: isTOP = 0, isMadgraphBkg = 1
For HOTTagger Efficiencies: isTTV = 0, isTTHbb = 0, isTTHnonbb = 0, isTTTX = 0
isTTVV = 0, isST = 0, isTTToSemiLeptonHT500Njet9 = 0
Pileup sample key: PairVLQ_x53x53_tWtW_narrow_RH_M1500_TuneCP5_13TeV-madgraph-pythia8
b-tagging working points: 0.304(DeepJet)0.4506(DeepCSV)
isTTincMtt0to700: 0
isTTincMtt0to1000: 0
isTTincMtt700to1000: 0
isTTincMtt1000toInf: 0
isTTSemilepIncHT0Njet0: 0
isTTSemilepIncHT500Njet9: 0
outTTLF: 0
outTTCC: 0
outTTBB: 0
outTT1B: 0
outTT2B: 0
>> Completed 0 out of 1092 events
[INFO] Defaulting to central deepJet weight for: nominal
>> Completed 1000 out of 1092 events
Nelectrons      = 533 / 1092
Npassed_ElEta   = 533 / 1092
Nmuons          = 559 / 1092
NrelIsoFail     = 0 / 1092
Npassed_MuEta   = 559 / 1092
Npassed_nAK8Jets= 1092 / 1092
Npassed_Trigger = 1062 / 1092
Npassed_MET     = 991 / 1092
Npassed_lepPt   = 1016 / 1092
Npassed_HT      = 1092 / 1092
npass_Njets     = 1088 / 1092
Npassed_ALL     = 914 / 1092
>> Available ROOT Files:
-rw-r--r-- 1 fsimpson gridusers 3191211 Apr 24 09:16 PairVLQ_x53x53_tWtW_narrow_RH_M1500_TuneCP5_13TeV-madgraph-pythia8_72nominal.root
-rw-r--r-- 1 fsimpson gridusers 3054624 Apr 24 09:16 PairVLQ_x53x53_tWtW_narrow_RH_M1500_TuneCP5_13TeV-madgraph-pythia8_73nominal.root
-rw-r--r-- 1 fsimpson gridusers 3170035 Apr 24 09:16 PairVLQ_x53x53_tWtW_narrow_RH_M1500_TuneCP5_13TeV-madgraph-pythia8_74nominal.root
-rw-r--r-- 1 fsimpson gridusers 3078438 Apr 24 09:16 PairVLQ_x53x53_tWtW_narrow_RH_M1500_TuneCP5_13TeV-madgraph-pythia8_75nominal.root
-rw-r--r-- 1 fsimpson gridusers 3084997 Apr 24 09:16 PairVLQ_x53x53_tWtW_narrow_RH_M1500_TuneCP5_13TeV-madgraph-pythia8_76nominal.root
-rw-r--r-- 1 fsimpson gridusers 3027193 Apr 24 09:16 PairVLQ_x53x53_tWtW_narrow_RH_M1500_TuneCP5_13TeV-madgraph-pythia8_77nominal.root
-rw-r--r-- 1 fsimpson gridusers 3121436 Apr 24 09:16 PairVLQ_x53x53_tWtW_narrow_RH_M1500_TuneCP5_13TeV-madgraph-pythia8_78nominal.root
-rw-r--r-- 1 fsimpson gridusers 3147644 Apr 24 09:16 PairVLQ_x53x53_tWtW_narrow_RH_M1500_TuneCP5_13TeV-madgraph-pythia8_79nominal.root
-rw-r--r-- 1 fsimpson gridusers 3073334 Apr 24 09:16 PairVLQ_x53x53_tWtW_narrow_RH_M1500_TuneCP5_13TeV-madgraph-pythia8_80nominal.root
-rw-r--r-- 1 fsimpson gridusers 3135350 Apr 24 09:16 PairVLQ_x53x53_tWtW_narrow_RH_M1500_TuneCP5_13TeV-madgraph-pythia8_81nominal.root
-rw-r--r-- 1 fsimpson gridusers 2984196 Apr 24 09:16 PairVLQ_x53x53_tWtW_narrow_RH_M1500_TuneCP5_13TeV-madgraph-pythia8_82nominal.root
-rw-r--r-- 1 fsimpson gridusers 3300258 Apr 24 09:16 PairVLQ_x53x53_tWtW_narrow_RH_M1500_TuneCP5_13TeV-madgraph-pythia8_83nominal.root
-rw-r--r-- 1 fsimpson gridusers 3270995 Apr 24 09:16 PairVLQ_x53x53_tWtW_narrow_RH_M1500_TuneCP5_13TeV-madgraph-pythia8_84nominal.root
-rw-r--r-- 1 fsimpson gridusers 3165768 Apr 24 09:16 PairVLQ_x53x53_tWtW_narrow_RH_M1500_TuneCP5_13TeV-madgraph-pythia8_85nominal.root
-rw-r--r-- 1 fsimpson gridusers 2967197 Apr 24 09:16 PairVLQ_x53x53_tWtW_narrow_RH_M1500_TuneCP5_13TeV-madgraph-pythia8_86nominal.root
-rw-r--r-- 1 fsimpson gridusers 3206090 Apr 24 09:16 PairVLQ_x53x53_tWtW_narrow_RH_M1500_TuneCP5_13TeV-madgraph-pythia8_87nominal.root
-rw-r--r-- 1 fsimpson gridusers 3214043 Apr 24 09:16 PairVLQ_x53x53_tWtW_narrow_RH_M1500_TuneCP5_13TeV-madgraph-pythia8_88nominal.root
-rw-r--r-- 1 fsimpson gridusers 3023869 Apr 24 09:16 PairVLQ_x53x53_tWtW_narrow_RH_M1500_TuneCP5_13TeV-madgraph-pythia8_89nominal.root
-rw-r--r-- 1 fsimpson gridusers 3061561 Apr 24 09:16 PairVLQ_x53x53_tWtW_narrow_RH_M1500_TuneCP5_13TeV-madgraph-pythia8_8nominal.root
-rw-r--r-- 1 fsimpson gridusers 3149077 Apr 24 09:16 PairVLQ_x53x53_tWtW_narrow_RH_M1500_TuneCP5_13TeV-madgraph-pythia8_90nominal.root
-rw-r--r-- 1 fsimpson gridusers 3089508 Apr 24 09:16 PairVLQ_x53x53_tWtW_narrow_RH_M1500_TuneCP5_13TeV-madgraph-pythia8_91nominal.root
-rw-r--r-- 1 fsimpson gridusers 3066134 Apr 24 09:16 PairVLQ_x53x53_tWtW_narrow_RH_M1500_TuneCP5_13TeV-madgraph-pythia8_92nominal.root
-rw-r--r-- 1 fsimpson gridusers 3117063 Apr 24 09:16 PairVLQ_x53x53_tWtW_narrow_RH_M1500_TuneCP5_13TeV-madgraph-pythia8_93nominal.root
-rw-r--r-- 1 fsimpson gridusers 3084834 Apr 24 09:16 PairVLQ_x53x53_tWtW_narrow_RH_M1500_TuneCP5_13TeV-madgraph-pythia8_94nominal.root
-rw-r--r-- 1 fsimpson gridusers 3026718 Apr 24 09:16 PairVLQ_x53x53_tWtW_narrow_RH_M1500_TuneCP5_13TeV-madgraph-pythia8_95nominal.root
-rw-r--r-- 1 fsimpson gridusers 3089984 Apr 24 09:16 PairVLQ_x53x53_tWtW_narrow_RH_M1500_TuneCP5_13TeV-madgraph-pythia8_96nominal.root
-rw-r--r-- 1 fsimpson gridusers 3224032 Apr 24 09:16 PairVLQ_x53x53_tWtW_narrow_RH_M1500_TuneCP5_13TeV-madgraph-pythia8_97nominal.root
-rw-r--r-- 1 fsimpson gridusers 3130601 Apr 24 09:16 PairVLQ_x53x53_tWtW_narrow_RH_M1500_TuneCP5_13TeV-madgraph-pythia8_98nominal.root
-rw-r--r-- 1 fsimpson gridusers 3208537 Apr 24 09:16 PairVLQ_x53x53_tWtW_narrow_RH_M1500_TuneCP5_13TeV-madgraph-pythia8_99nominal.root
-rw-r--r-- 1 fsimpson gridusers 3028911 Apr 24 09:16 PairVLQ_x53x53_tWtW_narrow_RH_M1500_TuneCP5_13TeV-madgraph-pythia8_9nominal.root
>> xrdcp output for condor
hadd Target file: PairVLQ_x53x53_tWtW_narrow_RH_M1500_TuneCP5_13TeV-madgraph-pythia8_5nominal_hadd.root
hadd compression setting for all ouput: 1
hadd Source file 1: PairVLQ_x53x53_tWtW_narrow_RH_M1500_TuneCP5_13TeV-madgraph-pythia8_72nominal.root
hadd Source file 2: PairVLQ_x53x53_tWtW_narrow_RH_M1500_TuneCP5_13TeV-madgraph-pythia8_73nominal.root
hadd Source file 3: PairVLQ_x53x53_tWtW_narrow_RH_M1500_TuneCP5_13TeV-madgraph-pythia8_74nominal.root
hadd Source file 4: PairVLQ_x53x53_tWtW_narrow_RH_M1500_TuneCP5_13TeV-madgraph-pythia8_75nominal.root
hadd Source file 5: PairVLQ_x53x53_tWtW_narrow_RH_M1500_TuneCP5_13TeV-madgraph-pythia8_76nominal.root
hadd Source file 6: PairVLQ_x53x53_tWtW_narrow_RH_M1500_TuneCP5_13TeV-madgraph-pythia8_77nominal.root
hadd Source file 7: PairVLQ_x53x53_tWtW_narrow_RH_M1500_TuneCP5_13TeV-madgraph-pythia8_78nominal.root
hadd Source file 8: PairVLQ_x53x53_tWtW_narrow_RH_M1500_TuneCP5_13TeV-madgraph-pythia8_79nominal.root
hadd Source file 9: PairVLQ_x53x53_tWtW_narrow_RH_M1500_TuneCP5_13TeV-madgraph-pythia8_80nominal.root
hadd Source file 10: PairVLQ_x53x53_tWtW_narrow_RH_M1500_TuneCP5_13TeV-madgraph-pythia8_81nominal.root
hadd Source file 11: PairVLQ_x53x53_tWtW_narrow_RH_M1500_TuneCP5_13TeV-madgraph-pythia8_82nominal.root
hadd Source file 12: PairVLQ_x53x53_tWtW_narrow_RH_M1500_TuneCP5_13TeV-madgraph-pythia8_83nominal.root
hadd Source file 13: PairVLQ_x53x53_tWtW_narrow_RH_M1500_TuneCP5_13TeV-madgraph-pythia8_84nominal.root
hadd Source file 14: PairVLQ_x53x53_tWtW_narrow_RH_M1500_TuneCP5_13TeV-madgraph-pythia8_85nominal.root
hadd Source file 15: PairVLQ_x53x53_tWtW_narrow_RH_M1500_TuneCP5_13TeV-madgraph-pythia8_86nominal.root
hadd Source file 16: PairVLQ_x53x53_tWtW_narrow_RH_M1500_TuneCP5_13TeV-madgraph-pythia8_87nominal.root
hadd Source file 17: PairVLQ_x53x53_tWtW_narrow_RH_M1500_TuneCP5_13TeV-madgraph-pythia8_88nominal.root
hadd Source file 18: PairVLQ_x53x53_tWtW_narrow_RH_M1500_TuneCP5_13TeV-madgraph-pythia8_89nominal.root
hadd Source file 19: PairVLQ_x53x53_tWtW_narrow_RH_M1500_TuneCP5_13TeV-madgraph-pythia8_8nominal.root
hadd Source file 20: PairVLQ_x53x53_tWtW_narrow_RH_M1500_TuneCP5_13TeV-madgraph-pythia8_90nominal.root
hadd Source file 21: PairVLQ_x53x53_tWtW_narrow_RH_M1500_TuneCP5_13TeV-madgraph-pythia8_91nominal.root
hadd Source file 22: PairVLQ_x53x53_tWtW_narrow_RH_M1500_TuneCP5_13TeV-madgraph-pythia8_92nominal.root
hadd Source file 23: PairVLQ_x53x53_tWtW_narrow_RH_M1500_TuneCP5_13TeV-madgraph-pythia8_93nominal.root
hadd Source file 24: PairVLQ_x53x53_tWtW_narrow_RH_M1500_TuneCP5_13TeV-madgraph-pythia8_94nominal.root
hadd Source file 25: PairVLQ_x53x53_tWtW_narrow_RH_M1500_TuneCP5_13TeV-madgraph-pythia8_95nominal.root
hadd Source file 26: PairVLQ_x53x53_tWtW_narrow_RH_M1500_TuneCP5_13TeV-madgraph-pythia8_96nominal.root
hadd Source file 27: PairVLQ_x53x53_tWtW_narrow_RH_M1500_TuneCP5_13TeV-madgraph-pythia8_97nominal.root
hadd Source file 28: PairVLQ_x53x53_tWtW_narrow_RH_M1500_TuneCP5_13TeV-madgraph-pythia8_98nominal.root
hadd Source file 29: PairVLQ_x53x53_tWtW_narrow_RH_M1500_TuneCP5_13TeV-madgraph-pythia8_99nominal.root
hadd Source file 30: PairVLQ_x53x53_tWtW_narrow_RH_M1500_TuneCP5_13TeV-madgraph-pythia8_9nominal.root
hadd Target path: PairVLQ_x53x53_tWtW_narrow_RH_M1500_TuneCP5_13TeV-madgraph-pythia8_5nominal_hadd.root:/
>> mv PairVLQ_x53x53_tWtW_narrow_RH_M1500_TuneCP5_13TeV-madgraph-pythia8_5nominal_hadd.root /isilon/hadoop/store/group/bruxljm/FWLJMET106XUL_singleLep2017UL_RunIISummer20_X53X53_step1/nominal/PairVLQ_x53x53_tWtW_narrow_RH_M1500_TuneCP5_13TeV-madgraph-pythia8/PairVLQ_x53x53_tWtW_narrow_RH_M1500_TuneCP5_13TeV-madgraph-pythia8_5.root
[DONE]
