/isilon/condor/hep108.hep.brown.edu/execute/dir_239866
>> Setting macroDir to PWD

Processing compile_step1.C...
>> Running on BRUX, PairVLQ_x53x53_tWtW_narrow_RH_M800_TuneCP5_13TeV-madgraph-pythia8 stored on BRUX
>> Input file path: /isilon/hadoop/store/group/bruxljm/FWLJMET106XUL_singleLep2017UL_RunIISummer20_X53X53/PairVLQ_x53x53_tWtW_narrow_RH_M800_TuneCP5_13TeV-madgraph-pythia8/singleLep2017UL/230310_181414/0000
>> Running step1 over list: 93 94 95 96 97 98 99
>> Adding PairVLQ_x53x53_tWtW_narrow_RH_M800_TuneCP5_13TeV-madgraph-pythia8_93.root to the list by reading PairVLQ_x53x53_tWtW_narrow_RH_M800_TuneCP5_13TeV-madgraph-pythia8_93
>> Adding PairVLQ_x53x53_tWtW_narrow_RH_M800_TuneCP5_13TeV-madgraph-pythia8_94.root to the list by reading PairVLQ_x53x53_tWtW_narrow_RH_M800_TuneCP5_13TeV-madgraph-pythia8_94
>> Adding PairVLQ_x53x53_tWtW_narrow_RH_M800_TuneCP5_13TeV-madgraph-pythia8_95.root to the list by reading PairVLQ_x53x53_tWtW_narrow_RH_M800_TuneCP5_13TeV-madgraph-pythia8_95
>> Adding PairVLQ_x53x53_tWtW_narrow_RH_M800_TuneCP5_13TeV-madgraph-pythia8_96.root to the list by reading PairVLQ_x53x53_tWtW_narrow_RH_M800_TuneCP5_13TeV-madgraph-pythia8_96
>> Adding PairVLQ_x53x53_tWtW_narrow_RH_M800_TuneCP5_13TeV-madgraph-pythia8_97.root to the list by reading PairVLQ_x53x53_tWtW_narrow_RH_M800_TuneCP5_13TeV-madgraph-pythia8_97
>> Adding PairVLQ_x53x53_tWtW_narrow_RH_M800_TuneCP5_13TeV-madgraph-pythia8_98.root to the list by reading PairVLQ_x53x53_tWtW_narrow_RH_M800_TuneCP5_13TeV-madgraph-pythia8_98
>> Adding PairVLQ_x53x53_tWtW_narrow_RH_M800_TuneCP5_13TeV-madgraph-pythia8_99.root to the list by reading PairVLQ_x53x53_tWtW_narrow_RH_M800_TuneCP5_13TeV-madgraph-pythia8_99
[OPT] Using deepCSV reshaping file: reshaping_deepCSV_106XUL17_v4.csv
[OPT] Using deepJet reshaping file: reshaping_deepJet_106XUL17_v4.csv

>> Running /isilon/hadoop/store/group/bruxljm/FWLJMET106XUL_singleLep2017UL_RunIISummer20_X53X53/PairVLQ_x53x53_tWtW_narrow_RH_M800_TuneCP5_13TeV-madgraph-pythia8/singleLep2017UL/230310_181414/0000/PairVLQ_x53x53_tWtW_narrow_RH_M800_TuneCP5_13TeV-madgraph-pythia8_93.root for shift: nominal
[step1.h] Opening file: /isilon/hadoop/store/group/bruxljm/FWLJMET106XUL_singleLep2017UL_RunIISummer20_X53X53/PairVLQ_x53x53_tWtW_narrow_RH_M800_TuneCP5_13TeV-madgraph-pythia8/singleLep2017UL/230310_181414/0000/PairVLQ_x53x53_tWtW_narrow_RH_M800_TuneCP5_13TeV-madgraph-pythia8_93.root
[step1.h] Finished initializing
RUN CONFIG: YEAR = 2017
Era = 
isMC = 1, isSig = 1, SigMass = 1
isHad =0, isSE =0, isSM =0
isTTTT = 0, isXX = 1, isTpTp = 0, isBpBp = 0
For W's: isTT = 0, isSTt = 0, isSTtW = 0
For jets & PDF: isTOP = 0, isMadgraphBkg = 1
For HOTTagger Efficiencies: isTTV = 0, isTTHbb = 0, isTTHnonbb = 0, isTTTX = 0
isTTVV = 0, isST = 0, isTTToSemiLeptonHT500Njet9 = 0
Pileup sample key: PairVLQ_x53x53_tWtW_narrow_RH_M800_TuneCP5_13TeV-madgraph-pythia8
b-tagging working points: 0.304(DeepJet)0.4506(DeepCSV)
isTTincMtt0to700: 0
isTTincMtt0to1000: 0
isTTincMtt700to1000: 0
isTTincMtt1000toInf: 0
isTTSemilepIncHT0Njet0: 0
isTTSemilepIncHT500Njet9: 0
outTTLF: 0
outTTCC: 0
outTTBB: 0
outTT1B: 0
outTT2B: 0
>> Completed 0 out of 1065 events
[INFO] Defaulting to central deepJet weight for: nominal
>> Completed 1000 out of 1065 events
Nelectrons      = 476 / 1065
Npassed_ElEta   = 476 / 1065
Nmuons          = 589 / 1065
NrelIsoFail     = 0 / 1065
Npassed_MuEta   = 589 / 1065
Npassed_nAK8Jets= 1065 / 1065
Npassed_Trigger = 1017 / 1065
Npassed_MET     = 836 / 1065
Npassed_lepPt   = 895 / 1065
Npassed_HT      = 1045 / 1065
npass_Njets     = 1061 / 1065
Npassed_ALL     = 687 / 1065

>> Running /isilon/hadoop/store/group/bruxljm/FWLJMET106XUL_singleLep2017UL_RunIISummer20_X53X53/PairVLQ_x53x53_tWtW_narrow_RH_M800_TuneCP5_13TeV-madgraph-pythia8/singleLep2017UL/230310_181414/0000/PairVLQ_x53x53_tWtW_narrow_RH_M800_TuneCP5_13TeV-madgraph-pythia8_94.root for shift: nominal
[step1.h] Opening file: /isilon/hadoop/store/group/bruxljm/FWLJMET106XUL_singleLep2017UL_RunIISummer20_X53X53/PairVLQ_x53x53_tWtW_narrow_RH_M800_TuneCP5_13TeV-madgraph-pythia8/singleLep2017UL/230310_181414/0000/PairVLQ_x53x53_tWtW_narrow_RH_M800_TuneCP5_13TeV-madgraph-pythia8_94.root
[step1.h] Finished initializing
RUN CONFIG: YEAR = 2017
Era = 
isMC = 1, isSig = 1, SigMass = 1
isHad =0, isSE =0, isSM =0
isTTTT = 0, isXX = 1, isTpTp = 0, isBpBp = 0
For W's: isTT = 0, isSTt = 0, isSTtW = 0
For jets & PDF: isTOP = 0, isMadgraphBkg = 1
For HOTTagger Efficiencies: isTTV = 0, isTTHbb = 0, isTTHnonbb = 0, isTTTX = 0
isTTVV = 0, isST = 0, isTTToSemiLeptonHT500Njet9 = 0
Pileup sample key: PairVLQ_x53x53_tWtW_narrow_RH_M800_TuneCP5_13TeV-madgraph-pythia8
b-tagging working points: 0.304(DeepJet)0.4506(DeepCSV)
isTTincMtt0to700: 0
isTTincMtt0to1000: 0
isTTincMtt700to1000: 0
isTTincMtt1000toInf: 0
isTTSemilepIncHT0Njet0: 0
isTTSemilepIncHT500Njet9: 0
outTTLF: 0
outTTCC: 0
outTTBB: 0
outTT1B: 0
outTT2B: 0
>> Completed 0 out of 1040 events
[INFO] Defaulting to central deepJet weight for: nominal
>> Completed 1000 out of 1040 events
Nelectrons      = 462 / 1040
Npassed_ElEta   = 462 / 1040
Nmuons          = 578 / 1040
NrelIsoFail     = 0 / 1040
Npassed_MuEta   = 578 / 1040
Npassed_nAK8Jets= 1040 / 1040
Npassed_Trigger = 1002 / 1040
Npassed_MET     = 840 / 1040
Npassed_lepPt   = 877 / 1040
Npassed_HT      = 1026 / 1040
npass_Njets     = 1039 / 1040
Npassed_ALL     = 685 / 1040

>> Running /isilon/hadoop/store/group/bruxljm/FWLJMET106XUL_singleLep2017UL_RunIISummer20_X53X53/PairVLQ_x53x53_tWtW_narrow_RH_M800_TuneCP5_13TeV-madgraph-pythia8/singleLep2017UL/230310_181414/0000/PairVLQ_x53x53_tWtW_narrow_RH_M800_TuneCP5_13TeV-madgraph-pythia8_95.root for shift: nominal
[step1.h] Opening file: /isilon/hadoop/store/group/bruxljm/FWLJMET106XUL_singleLep2017UL_RunIISummer20_X53X53/PairVLQ_x53x53_tWtW_narrow_RH_M800_TuneCP5_13TeV-madgraph-pythia8/singleLep2017UL/230310_181414/0000/PairVLQ_x53x53_tWtW_narrow_RH_M800_TuneCP5_13TeV-madgraph-pythia8_95.root
[step1.h] Finished initializing
RUN CONFIG: YEAR = 2017
Era = 
isMC = 1, isSig = 1, SigMass = 1
isHad =0, isSE =0, isSM =0
isTTTT = 0, isXX = 1, isTpTp = 0, isBpBp = 0
For W's: isTT = 0, isSTt = 0, isSTtW = 0
For jets & PDF: isTOP = 0, isMadgraphBkg = 1
For HOTTagger Efficiencies: isTTV = 0, isTTHbb = 0, isTTHnonbb = 0, isTTTX = 0
isTTVV = 0, isST = 0, isTTToSemiLeptonHT500Njet9 = 0
Pileup sample key: PairVLQ_x53x53_tWtW_narrow_RH_M800_TuneCP5_13TeV-madgraph-pythia8
b-tagging working points: 0.304(DeepJet)0.4506(DeepCSV)
isTTincMtt0to700: 0
isTTincMtt0to1000: 0
isTTincMtt700to1000: 0
isTTincMtt1000toInf: 0
isTTSemilepIncHT0Njet0: 0
isTTSemilepIncHT500Njet9: 0
outTTLF: 0
outTTCC: 0
outTTBB: 0
outTT1B: 0
outTT2B: 0
>> Completed 0 out of 1005 events
[INFO] Defaulting to central deepJet weight for: nominal
>> Completed 1000 out of 1005 events
Nelectrons      = 484 / 1005
Npassed_ElEta   = 484 / 1005
Nmuons          = 521 / 1005
NrelIsoFail     = 0 / 1005
Npassed_MuEta   = 521 / 1005
Npassed_nAK8Jets= 1005 / 1005
Npassed_Trigger = 974 / 1005
Npassed_MET     = 802 / 1005
Npassed_lepPt   = 842 / 1005
Npassed_HT      = 994 / 1005
npass_Njets     = 1002 / 1005
Npassed_ALL     = 661 / 1005

>> Running /isilon/hadoop/store/group/bruxljm/FWLJMET106XUL_singleLep2017UL_RunIISummer20_X53X53/PairVLQ_x53x53_tWtW_narrow_RH_M800_TuneCP5_13TeV-madgraph-pythia8/singleLep2017UL/230310_181414/0000/PairVLQ_x53x53_tWtW_narrow_RH_M800_TuneCP5_13TeV-madgraph-pythia8_96.root for shift: nominal
[step1.h] Opening file: /isilon/hadoop/store/group/bruxljm/FWLJMET106XUL_singleLep2017UL_RunIISummer20_X53X53/PairVLQ_x53x53_tWtW_narrow_RH_M800_TuneCP5_13TeV-madgraph-pythia8/singleLep2017UL/230310_181414/0000/PairVLQ_x53x53_tWtW_narrow_RH_M800_TuneCP5_13TeV-madgraph-pythia8_96.root
[step1.h] Finished initializing
RUN CONFIG: YEAR = 2017
Era = 
isMC = 1, isSig = 1, SigMass = 1
isHad =0, isSE =0, isSM =0
isTTTT = 0, isXX = 1, isTpTp = 0, isBpBp = 0
For W's: isTT = 0, isSTt = 0, isSTtW = 0
For jets & PDF: isTOP = 0, isMadgraphBkg = 1
For HOTTagger Efficiencies: isTTV = 0, isTTHbb = 0, isTTHnonbb = 0, isTTTX = 0
isTTVV = 0, isST = 0, isTTToSemiLeptonHT500Njet9 = 0
Pileup sample key: PairVLQ_x53x53_tWtW_narrow_RH_M800_TuneCP5_13TeV-madgraph-pythia8
b-tagging working points: 0.304(DeepJet)0.4506(DeepCSV)
isTTincMtt0to700: 0
isTTincMtt0to1000: 0
isTTincMtt700to1000: 0
isTTincMtt1000toInf: 0
isTTSemilepIncHT0Njet0: 0
isTTSemilepIncHT500Njet9: 0
outTTLF: 0
outTTCC: 0
outTTBB: 0
outTT1B: 0
outTT2B: 0
>> Completed 0 out of 1070 events
[INFO] Defaulting to central deepJet weight for: nominal
>> Completed 1000 out of 1070 events
Nelectrons      = 507 / 1070
Npassed_ElEta   = 507 / 1070
Nmuons          = 563 / 1070
NrelIsoFail     = 0 / 1070
Npassed_MuEta   = 563 / 1070
Npassed_nAK8Jets= 1070 / 1070
Npassed_Trigger = 1037 / 1070
Npassed_MET     = 872 / 1070
Npassed_lepPt   = 931 / 1070
Npassed_HT      = 1048 / 1070
npass_Njets     = 1066 / 1070
Npassed_ALL     = 744 / 1070

>> Running /isilon/hadoop/store/group/bruxljm/FWLJMET106XUL_singleLep2017UL_RunIISummer20_X53X53/PairVLQ_x53x53_tWtW_narrow_RH_M800_TuneCP5_13TeV-madgraph-pythia8/singleLep2017UL/230310_181414/0000/PairVLQ_x53x53_tWtW_narrow_RH_M800_TuneCP5_13TeV-madgraph-pythia8_97.root for shift: nominal
[step1.h] Opening file: /isilon/hadoop/store/group/bruxljm/FWLJMET106XUL_singleLep2017UL_RunIISummer20_X53X53/PairVLQ_x53x53_tWtW_narrow_RH_M800_TuneCP5_13TeV-madgraph-pythia8/singleLep2017UL/230310_181414/0000/PairVLQ_x53x53_tWtW_narrow_RH_M800_TuneCP5_13TeV-madgraph-pythia8_97.root
[step1.h] Finished initializing
RUN CONFIG: YEAR = 2017
Era = 
isMC = 1, isSig = 1, SigMass = 1
isHad =0, isSE =0, isSM =0
isTTTT = 0, isXX = 1, isTpTp = 0, isBpBp = 0
For W's: isTT = 0, isSTt = 0, isSTtW = 0
For jets & PDF: isTOP = 0, isMadgraphBkg = 1
For HOTTagger Efficiencies: isTTV = 0, isTTHbb = 0, isTTHnonbb = 0, isTTTX = 0
isTTVV = 0, isST = 0, isTTToSemiLeptonHT500Njet9 = 0
Pileup sample key: PairVLQ_x53x53_tWtW_narrow_RH_M800_TuneCP5_13TeV-madgraph-pythia8
b-tagging working points: 0.304(DeepJet)0.4506(DeepCSV)
isTTincMtt0to700: 0
isTTincMtt0to1000: 0
isTTincMtt700to1000: 0
isTTincMtt1000toInf: 0
isTTSemilepIncHT0Njet0: 0
isTTSemilepIncHT500Njet9: 0
outTTLF: 0
outTTCC: 0
outTTBB: 0
outTT1B: 0
outTT2B: 0
>> Completed 0 out of 1043 events
[INFO] Defaulting to central deepJet weight for: nominal
>> Completed 1000 out of 1043 events
Nelectrons      = 488 / 1043
Npassed_ElEta   = 488 / 1043
Nmuons          = 555 / 1043
NrelIsoFail     = 0 / 1043
Npassed_MuEta   = 555 / 1043
Npassed_nAK8Jets= 1043 / 1043
Npassed_Trigger = 1019 / 1043
Npassed_MET     = 849 / 1043
Npassed_lepPt   = 876 / 1043
Npassed_HT      = 1032 / 1043
npass_Njets     = 1038 / 1043
Npassed_ALL     = 698 / 1043

>> Running /isilon/hadoop/store/group/bruxljm/FWLJMET106XUL_singleLep2017UL_RunIISummer20_X53X53/PairVLQ_x53x53_tWtW_narrow_RH_M800_TuneCP5_13TeV-madgraph-pythia8/singleLep2017UL/230310_181414/0000/PairVLQ_x53x53_tWtW_narrow_RH_M800_TuneCP5_13TeV-madgraph-pythia8_98.root for shift: nominal
[step1.h] Opening file: /isilon/hadoop/store/group/bruxljm/FWLJMET106XUL_singleLep2017UL_RunIISummer20_X53X53/PairVLQ_x53x53_tWtW_narrow_RH_M800_TuneCP5_13TeV-madgraph-pythia8/singleLep2017UL/230310_181414/0000/PairVLQ_x53x53_tWtW_narrow_RH_M800_TuneCP5_13TeV-madgraph-pythia8_98.root
[step1.h] Finished initializing
RUN CONFIG: YEAR = 2017
Era = 
isMC = 1, isSig = 1, SigMass = 1
isHad =0, isSE =0, isSM =0
isTTTT = 0, isXX = 1, isTpTp = 0, isBpBp = 0
For W's: isTT = 0, isSTt = 0, isSTtW = 0
For jets & PDF: isTOP = 0, isMadgraphBkg = 1
For HOTTagger Efficiencies: isTTV = 0, isTTHbb = 0, isTTHnonbb = 0, isTTTX = 0
isTTVV = 0, isST = 0, isTTToSemiLeptonHT500Njet9 = 0
Pileup sample key: PairVLQ_x53x53_tWtW_narrow_RH_M800_TuneCP5_13TeV-madgraph-pythia8
b-tagging working points: 0.304(DeepJet)0.4506(DeepCSV)
isTTincMtt0to700: 0
isTTincMtt0to1000: 0
isTTincMtt700to1000: 0
isTTincMtt1000toInf: 0
isTTSemilepIncHT0Njet0: 0
isTTSemilepIncHT500Njet9: 0
outTTLF: 0
outTTCC: 0
outTTBB: 0
outTT1B: 0
outTT2B: 0
>> Completed 0 out of 1022 events
[INFO] Defaulting to central deepJet weight for: nominal
>> Completed 1000 out of 1022 events
Nelectrons      = 496 / 1022
Npassed_ElEta   = 496 / 1022
Nmuons          = 526 / 1022
NrelIsoFail     = 0 / 1022
Npassed_MuEta   = 526 / 1022
Npassed_nAK8Jets= 1022 / 1022
Npassed_Trigger = 993 / 1022
Npassed_MET     = 828 / 1022
Npassed_lepPt   = 857 / 1022
Npassed_HT      = 1009 / 1022
npass_Njets     = 1016 / 1022
Npassed_ALL     = 682 / 1022

>> Running /isilon/hadoop/store/group/bruxljm/FWLJMET106XUL_singleLep2017UL_RunIISummer20_X53X53/PairVLQ_x53x53_tWtW_narrow_RH_M800_TuneCP5_13TeV-madgraph-pythia8/singleLep2017UL/230310_181414/0000/PairVLQ_x53x53_tWtW_narrow_RH_M800_TuneCP5_13TeV-madgraph-pythia8_99.root for shift: nominal
[step1.h] Opening file: /isilon/hadoop/store/group/bruxljm/FWLJMET106XUL_singleLep2017UL_RunIISummer20_X53X53/PairVLQ_x53x53_tWtW_narrow_RH_M800_TuneCP5_13TeV-madgraph-pythia8/singleLep2017UL/230310_181414/0000/PairVLQ_x53x53_tWtW_narrow_RH_M800_TuneCP5_13TeV-madgraph-pythia8_99.root
[step1.h] Finished initializing
RUN CONFIG: YEAR = 2017
Era = 
isMC = 1, isSig = 1, SigMass = 1
isHad =0, isSE =0, isSM =0
isTTTT = 0, isXX = 1, isTpTp = 0, isBpBp = 0
For W's: isTT = 0, isSTt = 0, isSTtW = 0
For jets & PDF: isTOP = 0, isMadgraphBkg = 1
For HOTTagger Efficiencies: isTTV = 0, isTTHbb = 0, isTTHnonbb = 0, isTTTX = 0
isTTVV = 0, isST = 0, isTTToSemiLeptonHT500Njet9 = 0
Pileup sample key: PairVLQ_x53x53_tWtW_narrow_RH_M800_TuneCP5_13TeV-madgraph-pythia8
b-tagging working points: 0.304(DeepJet)0.4506(DeepCSV)
isTTincMtt0to700: 0
isTTincMtt0to1000: 0
isTTincMtt700to1000: 0
isTTincMtt1000toInf: 0
isTTSemilepIncHT0Njet0: 0
isTTSemilepIncHT500Njet9: 0
outTTLF: 0
outTTCC: 0
outTTBB: 0
outTT1B: 0
outTT2B: 0
>> Completed 0 out of 1026 events
[INFO] Defaulting to central deepJet weight for: nominal
>> Completed 1000 out of 1026 events
Nelectrons      = 463 / 1026
Npassed_ElEta   = 463 / 1026
Nmuons          = 563 / 1026
NrelIsoFail     = 0 / 1026
Npassed_MuEta   = 563 / 1026
Npassed_nAK8Jets= 1026 / 1026
Npassed_Trigger = 992 / 1026
Npassed_MET     = 849 / 1026
Npassed_lepPt   = 856 / 1026
Npassed_HT      = 1010 / 1026
npass_Njets     = 1022 / 1026
Npassed_ALL     = 702 / 1026
>> Available ROOT Files:
-rw-r--r-- 1 fsimpson gridusers 2356711 Apr 24 09:19 PairVLQ_x53x53_tWtW_narrow_RH_M800_TuneCP5_13TeV-madgraph-pythia8_93nominal.root
-rw-r--r-- 1 fsimpson gridusers 2412509 Apr 24 09:19 PairVLQ_x53x53_tWtW_narrow_RH_M800_TuneCP5_13TeV-madgraph-pythia8_94nominal.root
-rw-r--r-- 1 fsimpson gridusers 2302724 Apr 24 09:19 PairVLQ_x53x53_tWtW_narrow_RH_M800_TuneCP5_13TeV-madgraph-pythia8_95nominal.root
-rw-r--r-- 1 fsimpson gridusers 2659768 Apr 24 09:19 PairVLQ_x53x53_tWtW_narrow_RH_M800_TuneCP5_13TeV-madgraph-pythia8_96nominal.root
-rw-r--r-- 1 fsimpson gridusers 2432790 Apr 24 09:19 PairVLQ_x53x53_tWtW_narrow_RH_M800_TuneCP5_13TeV-madgraph-pythia8_97nominal.root
-rw-r--r-- 1 fsimpson gridusers 2416141 Apr 24 09:19 PairVLQ_x53x53_tWtW_narrow_RH_M800_TuneCP5_13TeV-madgraph-pythia8_98nominal.root
-rw-r--r-- 1 fsimpson gridusers 2415517 Apr 24 09:19 PairVLQ_x53x53_tWtW_narrow_RH_M800_TuneCP5_13TeV-madgraph-pythia8_99nominal.root
>> xrdcp output for condor
hadd Target file: PairVLQ_x53x53_tWtW_narrow_RH_M800_TuneCP5_13TeV-madgraph-pythia8_6nominal_hadd.root
hadd compression setting for all ouput: 1
hadd Source file 1: PairVLQ_x53x53_tWtW_narrow_RH_M800_TuneCP5_13TeV-madgraph-pythia8_93nominal.root
hadd Source file 2: PairVLQ_x53x53_tWtW_narrow_RH_M800_TuneCP5_13TeV-madgraph-pythia8_94nominal.root
hadd Source file 3: PairVLQ_x53x53_tWtW_narrow_RH_M800_TuneCP5_13TeV-madgraph-pythia8_95nominal.root
hadd Source file 4: PairVLQ_x53x53_tWtW_narrow_RH_M800_TuneCP5_13TeV-madgraph-pythia8_96nominal.root
hadd Source file 5: PairVLQ_x53x53_tWtW_narrow_RH_M800_TuneCP5_13TeV-madgraph-pythia8_97nominal.root
hadd Source file 6: PairVLQ_x53x53_tWtW_narrow_RH_M800_TuneCP5_13TeV-madgraph-pythia8_98nominal.root
hadd Source file 7: PairVLQ_x53x53_tWtW_narrow_RH_M800_TuneCP5_13TeV-madgraph-pythia8_99nominal.root
hadd Target path: PairVLQ_x53x53_tWtW_narrow_RH_M800_TuneCP5_13TeV-madgraph-pythia8_6nominal_hadd.root:/
>> mv PairVLQ_x53x53_tWtW_narrow_RH_M800_TuneCP5_13TeV-madgraph-pythia8_6nominal_hadd.root /isilon/hadoop/store/group/bruxljm/FWLJMET106XUL_singleLep2017UL_RunIISummer20_X53X53_step1/nominal/PairVLQ_x53x53_tWtW_narrow_RH_M800_TuneCP5_13TeV-madgraph-pythia8/PairVLQ_x53x53_tWtW_narrow_RH_M800_TuneCP5_13TeV-madgraph-pythia8_6.root
[DONE]
