000 (630094.000.000) 04/24 07:52:01 Job submitted from host: <172.20.3.187:9618?addrs=172.20.3.187-9618&noUDP&sock=2297_2121_3>
...
001 (630094.000.000) 04/24 07:54:12 Job executing on host: <172.20.225.7:9618?addrs=172.20.225.7-9618&noUDP&sock=3394_9486_3>
...
006 (630094.000.000) 04/24 07:54:21 Image size of job updated: 108104
	103  -  MemoryUsage of job (MB)
	104780  -  ResidentSetSize of job (KB)
...
006 (630094.000.000) 04/24 07:59:23 Image size of job updated: 723628
	707  -  MemoryUsage of job (MB)
	723092  -  ResidentSetSize of job (KB)
...
006 (630094.000.000) 04/24 08:04:23 Image size of job updated: 990172
	967  -  MemoryUsage of job (MB)
	989984  -  ResidentSetSize of job (KB)
...
006 (630094.000.000) 04/24 08:09:24 Image size of job updated: 1172088
	1145  -  MemoryUsage of job (MB)
	1171908  -  ResidentSetSize of job (KB)
...
006 (630094.000.000) 04/24 08:14:24 Image size of job updated: 1344196
	1313  -  MemoryUsage of job (MB)
	1344016  -  ResidentSetSize of job (KB)
...
006 (630094.000.000) 04/24 08:19:24 Image size of job updated: 1493364
	1459  -  MemoryUsage of job (MB)
	1493052  -  ResidentSetSize of job (KB)
...
005 (630094.000.000) 04/24 08:21:29 Job terminated.
	(1) Normal termination (return value 0)
		Usr 0 00:25:39, Sys 0 00:00:40  -  Run Remote Usage
		Usr 0 00:00:00, Sys 0 00:00:00  -  Run Local Usage
		Usr 0 00:25:39, Sys 0 00:00:40  -  Total Remote Usage
		Usr 0 00:00:00, Sys 0 00:00:00  -  Total Local Usage
	1715267  -  Run Bytes Sent By Job
	8620734  -  Run Bytes Received By Job
	1715267  -  Total Bytes Sent By Job
	8620734  -  Total Bytes Received By Job
	Partitionable Resources :    Usage  Request Allocated 
	   Cpus                 :     0.98        1         1 
	   Disk (KB)            : 10650       10000 479738639 
	   Memory (MB)          :  1459        6144      8033 
...
000 (630153.000.000) 04/24 08:39:26 Job submitted from host: <172.20.3.187:9618?addrs=172.20.3.187-9618&noUDP&sock=2297_2121_3>
...
001 (630153.000.000) 04/24 08:47:33 Job executing on host: <172.20.225.5:9618?addrs=172.20.225.5-9618&noUDP&sock=3375_8c39_3>
...
006 (630153.000.000) 04/24 08:47:43 Image size of job updated: 130372
	102  -  MemoryUsage of job (MB)
	104344  -  ResidentSetSize of job (KB)
...
006 (630153.000.000) 04/24 08:52:41 Image size of job updated: 695676
	679  -  MemoryUsage of job (MB)
	694608  -  ResidentSetSize of job (KB)
...
006 (630153.000.000) 04/24 08:57:41 Image size of job updated: 974760
	952  -  MemoryUsage of job (MB)
	974372  -  ResidentSetSize of job (KB)
...
006 (630153.000.000) 04/24 09:02:42 Image size of job updated: 1178260
	1151  -  MemoryUsage of job (MB)
	1177912  -  ResidentSetSize of job (KB)
...
006 (630153.000.000) 04/24 09:07:42 Image size of job updated: 1348204
	1317  -  MemoryUsage of job (MB)
	1347888  -  ResidentSetSize of job (KB)
...
006 (630153.000.000) 04/24 09:12:44 Image size of job updated: 1494000
	1459  -  MemoryUsage of job (MB)
	1493800  -  ResidentSetSize of job (KB)
...
006 (630153.000.000) 04/24 09:15:29 Image size of job updated: 1979292
	1459  -  MemoryUsage of job (MB)
	1493844  -  ResidentSetSize of job (KB)
...
005 (630153.000.000) 04/24 09:15:29 Job terminated.
	(1) Normal termination (return value 0)
		Usr 0 00:25:56, Sys 0 00:00:41  -  Run Remote Usage
		Usr 0 00:00:00, Sys 0 00:00:00  -  Run Local Usage
		Usr 0 00:25:56, Sys 0 00:00:41  -  Total Remote Usage
		Usr 0 00:00:00, Sys 0 00:00:00  -  Total Local Usage
	1773541  -  Run Bytes Sent By Job
	8620823  -  Run Bytes Received By Job
	1773541  -  Total Bytes Sent By Job
	8620823  -  Total Bytes Received By Job
	Partitionable Resources :    Usage  Request Allocated 
	   Cpus                 :     0.99        1         1 
	   Disk (KB)            : 10707       10000 479749220 
	   Memory (MB)          :  1459        6144      8033 
...
