000 (630076.000.000) 04/24 07:52:00 Job submitted from host: <172.20.3.187:9618?addrs=172.20.3.187-9618&noUDP&sock=2297_2121_3>
...
001 (630076.000.000) 04/24 07:53:13 Job executing on host: <172.20.225.3:9618?addrs=172.20.225.3-9618&noUDP&sock=3391_85bd_3>
...
006 (630076.000.000) 04/24 07:53:22 Image size of job updated: 14408
	15  -  MemoryUsage of job (MB)
	14408  -  ResidentSetSize of job (KB)
...
006 (630076.000.000) 04/24 07:58:23 Image size of job updated: 677812
	662  -  MemoryUsage of job (MB)
	677420  -  ResidentSetSize of job (KB)
...
006 (630076.000.000) 04/24 08:03:23 Image size of job updated: 958644
	936  -  MemoryUsage of job (MB)
	958340  -  ResidentSetSize of job (KB)
...
006 (630076.000.000) 04/24 08:08:23 Image size of job updated: 1152548
	1125  -  MemoryUsage of job (MB)
	1151956  -  ResidentSetSize of job (KB)
...
006 (630076.000.000) 04/24 08:13:23 Image size of job updated: 1322424
	1291  -  MemoryUsage of job (MB)
	1321832  -  ResidentSetSize of job (KB)
...
006 (630076.000.000) 04/24 08:18:24 Image size of job updated: 1459312
	1425  -  MemoryUsage of job (MB)
	1458828  -  ResidentSetSize of job (KB)
...
006 (630076.000.000) 04/24 08:21:55 Image size of job updated: 1459312
	1425  -  MemoryUsage of job (MB)
	1458832  -  ResidentSetSize of job (KB)
...
005 (630076.000.000) 04/24 08:21:55 Job terminated.
	(1) Normal termination (return value 0)
		Usr 0 00:26:39, Sys 0 00:01:00  -  Run Remote Usage
		Usr 0 00:00:00, Sys 0 00:00:00  -  Run Local Usage
		Usr 0 00:26:39, Sys 0 00:01:00  -  Total Remote Usage
		Usr 0 00:00:00, Sys 0 00:00:00  -  Total Local Usage
	1715236  -  Run Bytes Sent By Job
	8620734  -  Run Bytes Received By Job
	1715236  -  Total Bytes Sent By Job
	8620734  -  Total Bytes Received By Job
	Partitionable Resources :    Usage  Request  Allocated 
	   Cpus                 :     0.99        1          1 
	   Disk (KB)            : 10650       10000 2210728621 
	   Memory (MB)          :  1425        6144       8033 
...
000 (630135.000.000) 04/24 08:39:25 Job submitted from host: <172.20.3.187:9618?addrs=172.20.3.187-9618&noUDP&sock=2297_2121_3>
...
001 (630135.000.000) 04/24 08:43:31 Job executing on host: <172.20.225.3:9618?addrs=172.20.225.3-9618&noUDP&sock=3391_85bd_3>
...
006 (630135.000.000) 04/24 08:43:40 Image size of job updated: 12332
	13  -  MemoryUsage of job (MB)
	12332  -  ResidentSetSize of job (KB)
...
006 (630135.000.000) 04/24 08:48:40 Image size of job updated: 691420
	675  -  MemoryUsage of job (MB)
	690824  -  ResidentSetSize of job (KB)
...
006 (630135.000.000) 04/24 08:53:41 Image size of job updated: 965212
	943  -  MemoryUsage of job (MB)
	964700  -  ResidentSetSize of job (KB)
...
006 (630135.000.000) 04/24 08:58:41 Image size of job updated: 1168800
	1141  -  MemoryUsage of job (MB)
	1168340  -  ResidentSetSize of job (KB)
...
006 (630135.000.000) 04/24 09:03:42 Image size of job updated: 1340148
	1309  -  MemoryUsage of job (MB)
	1339884  -  ResidentSetSize of job (KB)
...
006 (630135.000.000) 04/24 09:08:43 Image size of job updated: 1477032
	1443  -  MemoryUsage of job (MB)
	1476736  -  ResidentSetSize of job (KB)
...
006 (630135.000.000) 04/24 09:12:17 Image size of job updated: 1477032
	1443  -  MemoryUsage of job (MB)
	1476776  -  ResidentSetSize of job (KB)
...
005 (630135.000.000) 04/24 09:12:18 Job terminated.
	(1) Normal termination (return value 0)
		Usr 0 00:26:14, Sys 0 00:00:54  -  Run Remote Usage
		Usr 0 00:00:00, Sys 0 00:00:00  -  Run Local Usage
		Usr 0 00:26:14, Sys 0 00:00:54  -  Total Remote Usage
		Usr 0 00:00:00, Sys 0 00:00:00  -  Total Local Usage
	1773382  -  Run Bytes Sent By Job
	8620823  -  Run Bytes Received By Job
	1773382  -  Total Bytes Sent By Job
	8620823  -  Total Bytes Received By Job
	Partitionable Resources :    Usage  Request  Allocated 
	   Cpus                 :     0.99        1          1 
	   Disk (KB)            : 10707       10000 2210728621 
	   Memory (MB)          :  1443        6144       8033 
...
