/isilon/condor/hep107.hep.brown.edu/execute/dir_244940
>> Setting macroDir to PWD

Processing compile_step1.C...
>> Running on BRUX, PairVLQ_x53x53_tWtW_narrow_RH_M1400_TuneCP5_13TeV-madgraph-pythia8 stored on BRUX
>> Input file path: /isilon/hadoop/store/group/bruxljm/FWLJMET106XUL_singleLep2017UL_RunIISummer20_X53X53/PairVLQ_x53x53_tWtW_narrow_RH_M1400_TuneCP5_13TeV-madgraph-pythia8/singleLep2017UL/230310_181045/0000
>> Running step1 over list: 92 93 94 95 96 97 98 99
>> Adding PairVLQ_x53x53_tWtW_narrow_RH_M1400_TuneCP5_13TeV-madgraph-pythia8_92.root to the list by reading PairVLQ_x53x53_tWtW_narrow_RH_M1400_TuneCP5_13TeV-madgraph-pythia8_92
>> Adding PairVLQ_x53x53_tWtW_narrow_RH_M1400_TuneCP5_13TeV-madgraph-pythia8_93.root to the list by reading PairVLQ_x53x53_tWtW_narrow_RH_M1400_TuneCP5_13TeV-madgraph-pythia8_93
>> Adding PairVLQ_x53x53_tWtW_narrow_RH_M1400_TuneCP5_13TeV-madgraph-pythia8_94.root to the list by reading PairVLQ_x53x53_tWtW_narrow_RH_M1400_TuneCP5_13TeV-madgraph-pythia8_94
>> Adding PairVLQ_x53x53_tWtW_narrow_RH_M1400_TuneCP5_13TeV-madgraph-pythia8_95.root to the list by reading PairVLQ_x53x53_tWtW_narrow_RH_M1400_TuneCP5_13TeV-madgraph-pythia8_95
>> Adding PairVLQ_x53x53_tWtW_narrow_RH_M1400_TuneCP5_13TeV-madgraph-pythia8_96.root to the list by reading PairVLQ_x53x53_tWtW_narrow_RH_M1400_TuneCP5_13TeV-madgraph-pythia8_96
>> Adding PairVLQ_x53x53_tWtW_narrow_RH_M1400_TuneCP5_13TeV-madgraph-pythia8_97.root to the list by reading PairVLQ_x53x53_tWtW_narrow_RH_M1400_TuneCP5_13TeV-madgraph-pythia8_97
>> Adding PairVLQ_x53x53_tWtW_narrow_RH_M1400_TuneCP5_13TeV-madgraph-pythia8_98.root to the list by reading PairVLQ_x53x53_tWtW_narrow_RH_M1400_TuneCP5_13TeV-madgraph-pythia8_98
>> Adding PairVLQ_x53x53_tWtW_narrow_RH_M1400_TuneCP5_13TeV-madgraph-pythia8_99.root to the list by reading PairVLQ_x53x53_tWtW_narrow_RH_M1400_TuneCP5_13TeV-madgraph-pythia8_99
[OPT] Using deepCSV reshaping file: reshaping_deepCSV_106XUL17_v4.csv
[OPT] Using deepJet reshaping file: reshaping_deepJet_106XUL17_v4.csv

>> Running /isilon/hadoop/store/group/bruxljm/FWLJMET106XUL_singleLep2017UL_RunIISummer20_X53X53/PairVLQ_x53x53_tWtW_narrow_RH_M1400_TuneCP5_13TeV-madgraph-pythia8/singleLep2017UL/230310_181045/0000/PairVLQ_x53x53_tWtW_narrow_RH_M1400_TuneCP5_13TeV-madgraph-pythia8_92.root for shift: nominal
[step1.h] Opening file: /isilon/hadoop/store/group/bruxljm/FWLJMET106XUL_singleLep2017UL_RunIISummer20_X53X53/PairVLQ_x53x53_tWtW_narrow_RH_M1400_TuneCP5_13TeV-madgraph-pythia8/singleLep2017UL/230310_181045/0000/PairVLQ_x53x53_tWtW_narrow_RH_M1400_TuneCP5_13TeV-madgraph-pythia8_92.root
[step1.h] Finished initializing
RUN CONFIG: YEAR = 2017
Era = 
isMC = 1, isSig = 1, SigMass = 7
isHad =0, isSE =0, isSM =0
isTTTT = 0, isXX = 1, isTpTp = 0, isBpBp = 0
For W's: isTT = 0, isSTt = 0, isSTtW = 0
For jets & PDF: isTOP = 0, isMadgraphBkg = 1
For HOTTagger Efficiencies: isTTV = 0, isTTHbb = 0, isTTHnonbb = 0, isTTTX = 0
isTTVV = 0, isST = 0, isTTToSemiLeptonHT500Njet9 = 0
Pileup sample key: PairVLQ_x53x53_tWtW_narrow_RH_M1400_TuneCP5_13TeV-madgraph-pythia8
b-tagging working points: 0.304(DeepJet)0.4506(DeepCSV)
isTTincMtt0to700: 0
isTTincMtt0to1000: 0
isTTincMtt700to1000: 0
isTTincMtt1000toInf: 0
isTTSemilepIncHT0Njet0: 0
isTTSemilepIncHT500Njet9: 0
outTTLF: 0
outTTCC: 0
outTTBB: 0
outTT1B: 0
outTT2B: 0
>> Completed 0 out of 556 events
[INFO] Defaulting to central deepJet weight for: nominal
Nelectrons      = 256 / 556
Npassed_ElEta   = 256 / 556
Nmuons          = 300 / 556
NrelIsoFail     = 0 / 556
Npassed_MuEta   = 300 / 556
Npassed_nAK8Jets= 556 / 556
Npassed_Trigger = 543 / 556
Npassed_MET     = 501 / 556
Npassed_lepPt   = 510 / 556
Npassed_HT      = 555 / 556
npass_Njets     = 556 / 556
Npassed_ALL     = 458 / 556

>> Running /isilon/hadoop/store/group/bruxljm/FWLJMET106XUL_singleLep2017UL_RunIISummer20_X53X53/PairVLQ_x53x53_tWtW_narrow_RH_M1400_TuneCP5_13TeV-madgraph-pythia8/singleLep2017UL/230310_181045/0000/PairVLQ_x53x53_tWtW_narrow_RH_M1400_TuneCP5_13TeV-madgraph-pythia8_93.root for shift: nominal
[step1.h] Opening file: /isilon/hadoop/store/group/bruxljm/FWLJMET106XUL_singleLep2017UL_RunIISummer20_X53X53/PairVLQ_x53x53_tWtW_narrow_RH_M1400_TuneCP5_13TeV-madgraph-pythia8/singleLep2017UL/230310_181045/0000/PairVLQ_x53x53_tWtW_narrow_RH_M1400_TuneCP5_13TeV-madgraph-pythia8_93.root
[step1.h] Finished initializing
RUN CONFIG: YEAR = 2017
Era = 
isMC = 1, isSig = 1, SigMass = 7
isHad =0, isSE =0, isSM =0
isTTTT = 0, isXX = 1, isTpTp = 0, isBpBp = 0
For W's: isTT = 0, isSTt = 0, isSTtW = 0
For jets & PDF: isTOP = 0, isMadgraphBkg = 1
For HOTTagger Efficiencies: isTTV = 0, isTTHbb = 0, isTTHnonbb = 0, isTTTX = 0
isTTVV = 0, isST = 0, isTTToSemiLeptonHT500Njet9 = 0
Pileup sample key: PairVLQ_x53x53_tWtW_narrow_RH_M1400_TuneCP5_13TeV-madgraph-pythia8
b-tagging working points: 0.304(DeepJet)0.4506(DeepCSV)
isTTincMtt0to700: 0
isTTincMtt0to1000: 0
isTTincMtt700to1000: 0
isTTincMtt1000toInf: 0
isTTSemilepIncHT0Njet0: 0
isTTSemilepIncHT500Njet9: 0
outTTLF: 0
outTTCC: 0
outTTBB: 0
outTT1B: 0
outTT2B: 0
>> Completed 0 out of 1086 events
[INFO] Defaulting to central deepJet weight for: nominal
>> Completed 1000 out of 1086 events
Nelectrons      = 498 / 1086
Npassed_ElEta   = 498 / 1086
Nmuons          = 588 / 1086
NrelIsoFail     = 0 / 1086
Npassed_MuEta   = 588 / 1086
Npassed_nAK8Jets= 1086 / 1086
Npassed_Trigger = 1060 / 1086
Npassed_MET     = 965 / 1086
Npassed_lepPt   = 1010 / 1086
Npassed_HT      = 1084 / 1086
npass_Njets     = 1079 / 1086
Npassed_ALL     = 889 / 1086

>> Running /isilon/hadoop/store/group/bruxljm/FWLJMET106XUL_singleLep2017UL_RunIISummer20_X53X53/PairVLQ_x53x53_tWtW_narrow_RH_M1400_TuneCP5_13TeV-madgraph-pythia8/singleLep2017UL/230310_181045/0000/PairVLQ_x53x53_tWtW_narrow_RH_M1400_TuneCP5_13TeV-madgraph-pythia8_94.root for shift: nominal
[step1.h] Opening file: /isilon/hadoop/store/group/bruxljm/FWLJMET106XUL_singleLep2017UL_RunIISummer20_X53X53/PairVLQ_x53x53_tWtW_narrow_RH_M1400_TuneCP5_13TeV-madgraph-pythia8/singleLep2017UL/230310_181045/0000/PairVLQ_x53x53_tWtW_narrow_RH_M1400_TuneCP5_13TeV-madgraph-pythia8_94.root
[step1.h] Finished initializing
RUN CONFIG: YEAR = 2017
Era = 
isMC = 1, isSig = 1, SigMass = 7
isHad =0, isSE =0, isSM =0
isTTTT = 0, isXX = 1, isTpTp = 0, isBpBp = 0
For W's: isTT = 0, isSTt = 0, isSTtW = 0
For jets & PDF: isTOP = 0, isMadgraphBkg = 1
For HOTTagger Efficiencies: isTTV = 0, isTTHbb = 0, isTTHnonbb = 0, isTTTX = 0
isTTVV = 0, isST = 0, isTTToSemiLeptonHT500Njet9 = 0
Pileup sample key: PairVLQ_x53x53_tWtW_narrow_RH_M1400_TuneCP5_13TeV-madgraph-pythia8
b-tagging working points: 0.304(DeepJet)0.4506(DeepCSV)
isTTincMtt0to700: 0
isTTincMtt0to1000: 0
isTTincMtt700to1000: 0
isTTincMtt1000toInf: 0
isTTSemilepIncHT0Njet0: 0
isTTSemilepIncHT500Njet9: 0
outTTLF: 0
outTTCC: 0
outTTBB: 0
outTT1B: 0
outTT2B: 0
>> Completed 0 out of 498 events
[INFO] Defaulting to central deepJet weight for: nominal
Nelectrons      = 217 / 498
Npassed_ElEta   = 217 / 498
Nmuons          = 281 / 498
NrelIsoFail     = 0 / 498
Npassed_MuEta   = 281 / 498
Npassed_nAK8Jets= 498 / 498
Npassed_Trigger = 485 / 498
Npassed_MET     = 436 / 498
Npassed_lepPt   = 449 / 498
Npassed_HT      = 497 / 498
npass_Njets     = 498 / 498
Npassed_ALL     = 392 / 498

>> Running /isilon/hadoop/store/group/bruxljm/FWLJMET106XUL_singleLep2017UL_RunIISummer20_X53X53/PairVLQ_x53x53_tWtW_narrow_RH_M1400_TuneCP5_13TeV-madgraph-pythia8/singleLep2017UL/230310_181045/0000/PairVLQ_x53x53_tWtW_narrow_RH_M1400_TuneCP5_13TeV-madgraph-pythia8_95.root for shift: nominal
[step1.h] Opening file: /isilon/hadoop/store/group/bruxljm/FWLJMET106XUL_singleLep2017UL_RunIISummer20_X53X53/PairVLQ_x53x53_tWtW_narrow_RH_M1400_TuneCP5_13TeV-madgraph-pythia8/singleLep2017UL/230310_181045/0000/PairVLQ_x53x53_tWtW_narrow_RH_M1400_TuneCP5_13TeV-madgraph-pythia8_95.root
[step1.h] Finished initializing
RUN CONFIG: YEAR = 2017
Era = 
isMC = 1, isSig = 1, SigMass = 7
isHad =0, isSE =0, isSM =0
isTTTT = 0, isXX = 1, isTpTp = 0, isBpBp = 0
For W's: isTT = 0, isSTt = 0, isSTtW = 0
For jets & PDF: isTOP = 0, isMadgraphBkg = 1
For HOTTagger Efficiencies: isTTV = 0, isTTHbb = 0, isTTHnonbb = 0, isTTTX = 0
isTTVV = 0, isST = 0, isTTToSemiLeptonHT500Njet9 = 0
Pileup sample key: PairVLQ_x53x53_tWtW_narrow_RH_M1400_TuneCP5_13TeV-madgraph-pythia8
b-tagging working points: 0.304(DeepJet)0.4506(DeepCSV)
isTTincMtt0to700: 0
isTTincMtt0to1000: 0
isTTincMtt700to1000: 0
isTTincMtt1000toInf: 0
isTTSemilepIncHT0Njet0: 0
isTTSemilepIncHT500Njet9: 0
outTTLF: 0
outTTCC: 0
outTTBB: 0
outTT1B: 0
outTT2B: 0
>> Completed 0 out of 1069 events
[INFO] Defaulting to central deepJet weight for: nominal
>> Completed 1000 out of 1069 events
Nelectrons      = 513 / 1069
Npassed_ElEta   = 513 / 1069
Nmuons          = 556 / 1069
NrelIsoFail     = 0 / 1069
Npassed_MuEta   = 556 / 1069
Npassed_nAK8Jets= 1069 / 1069
Npassed_Trigger = 1024 / 1069
Npassed_MET     = 966 / 1069
Npassed_lepPt   = 965 / 1069
Npassed_HT      = 1067 / 1069
npass_Njets     = 1065 / 1069
Npassed_ALL     = 862 / 1069

>> Running /isilon/hadoop/store/group/bruxljm/FWLJMET106XUL_singleLep2017UL_RunIISummer20_X53X53/PairVLQ_x53x53_tWtW_narrow_RH_M1400_TuneCP5_13TeV-madgraph-pythia8/singleLep2017UL/230310_181045/0000/PairVLQ_x53x53_tWtW_narrow_RH_M1400_TuneCP5_13TeV-madgraph-pythia8_96.root for shift: nominal
[step1.h] Opening file: /isilon/hadoop/store/group/bruxljm/FWLJMET106XUL_singleLep2017UL_RunIISummer20_X53X53/PairVLQ_x53x53_tWtW_narrow_RH_M1400_TuneCP5_13TeV-madgraph-pythia8/singleLep2017UL/230310_181045/0000/PairVLQ_x53x53_tWtW_narrow_RH_M1400_TuneCP5_13TeV-madgraph-pythia8_96.root
[step1.h] Finished initializing
RUN CONFIG: YEAR = 2017
Era = 
isMC = 1, isSig = 1, SigMass = 7
isHad =0, isSE =0, isSM =0
isTTTT = 0, isXX = 1, isTpTp = 0, isBpBp = 0
For W's: isTT = 0, isSTt = 0, isSTtW = 0
For jets & PDF: isTOP = 0, isMadgraphBkg = 1
For HOTTagger Efficiencies: isTTV = 0, isTTHbb = 0, isTTHnonbb = 0, isTTTX = 0
isTTVV = 0, isST = 0, isTTToSemiLeptonHT500Njet9 = 0
Pileup sample key: PairVLQ_x53x53_tWtW_narrow_RH_M1400_TuneCP5_13TeV-madgraph-pythia8
b-tagging working points: 0.304(DeepJet)0.4506(DeepCSV)
isTTincMtt0to700: 0
isTTincMtt0to1000: 0
isTTincMtt700to1000: 0
isTTincMtt1000toInf: 0
isTTSemilepIncHT0Njet0: 0
isTTSemilepIncHT500Njet9: 0
outTTLF: 0
outTTCC: 0
outTTBB: 0
outTT1B: 0
outTT2B: 0
>> Completed 0 out of 1021 events
>> Completed 1000 out of 1021 events
Nelectrons      = 469 / 1021
Npassed_ElEta   = 469 / 1021
Nmuons          = 552 / 1021
NrelIsoFail     = 0 / 1021
Npassed_MuEta   = 552 / 1021
Npassed_nAK8Jets= 1021 / 1021
Npassed_Trigger = 977 / 1021
Npassed_MET     = 911 / 1021
Npassed_lepPt   = 958 / 1021
Npassed_HT      = 1018 / 1021
npass_Njets     = 1017 / 1021
Npassed_ALL     = 848 / 1021

>> Running /isilon/hadoop/store/group/bruxljm/FWLJMET106XUL_singleLep2017UL_RunIISummer20_X53X53/PairVLQ_x53x53_tWtW_narrow_RH_M1400_TuneCP5_13TeV-madgraph-pythia8/singleLep2017UL/230310_181045/0000/PairVLQ_x53x53_tWtW_narrow_RH_M1400_TuneCP5_13TeV-madgraph-pythia8_97.root for shift: nominal
[step1.h] Opening file: /isilon/hadoop/store/group/bruxljm/FWLJMET106XUL_singleLep2017UL_RunIISummer20_X53X53/PairVLQ_x53x53_tWtW_narrow_RH_M1400_TuneCP5_13TeV-madgraph-pythia8/singleLep2017UL/230310_181045/0000/PairVLQ_x53x53_tWtW_narrow_RH_M1400_TuneCP5_13TeV-madgraph-pythia8_97.root
[step1.h] Finished initializing
RUN CONFIG: YEAR = 2017
Era = 
isMC = 1, isSig = 1, SigMass = 7
isHad =0, isSE =0, isSM =0
isTTTT = 0, isXX = 1, isTpTp = 0, isBpBp = 0
For W's: isTT = 0, isSTt = 0, isSTtW = 0
For jets & PDF: isTOP = 0, isMadgraphBkg = 1
For HOTTagger Efficiencies: isTTV = 0, isTTHbb = 0, isTTHnonbb = 0, isTTTX = 0
isTTVV = 0, isST = 0, isTTToSemiLeptonHT500Njet9 = 0
Pileup sample key: PairVLQ_x53x53_tWtW_narrow_RH_M1400_TuneCP5_13TeV-madgraph-pythia8
b-tagging working points: 0.304(DeepJet)0.4506(DeepCSV)
isTTincMtt0to700: 0
isTTincMtt0to1000: 0
isTTincMtt700to1000: 0
isTTincMtt1000toInf: 0
isTTSemilepIncHT0Njet0: 0
isTTSemilepIncHT500Njet9: 0
outTTLF: 0
outTTCC: 0
outTTBB: 0
outTT1B: 0
outTT2B: 0
>> Completed 0 out of 1048 events
[INFO] Defaulting to central deepJet weight for: nominal
>> Completed 1000 out of 1048 events
Nelectrons      = 491 / 1048
Npassed_ElEta   = 491 / 1048
Nmuons          = 557 / 1048
NrelIsoFail     = 0 / 1048
Npassed_MuEta   = 557 / 1048
Npassed_nAK8Jets= 1048 / 1048
Npassed_Trigger = 1018 / 1048
Npassed_MET     = 957 / 1048
Npassed_lepPt   = 966 / 1048
Npassed_HT      = 1048 / 1048
npass_Njets     = 1044 / 1048
Npassed_ALL     = 877 / 1048

>> Running /isilon/hadoop/store/group/bruxljm/FWLJMET106XUL_singleLep2017UL_RunIISummer20_X53X53/PairVLQ_x53x53_tWtW_narrow_RH_M1400_TuneCP5_13TeV-madgraph-pythia8/singleLep2017UL/230310_181045/0000/PairVLQ_x53x53_tWtW_narrow_RH_M1400_TuneCP5_13TeV-madgraph-pythia8_98.root for shift: nominal
[step1.h] Opening file: /isilon/hadoop/store/group/bruxljm/FWLJMET106XUL_singleLep2017UL_RunIISummer20_X53X53/PairVLQ_x53x53_tWtW_narrow_RH_M1400_TuneCP5_13TeV-madgraph-pythia8/singleLep2017UL/230310_181045/0000/PairVLQ_x53x53_tWtW_narrow_RH_M1400_TuneCP5_13TeV-madgraph-pythia8_98.root
[step1.h] Finished initializing
RUN CONFIG: YEAR = 2017
Era = 
isMC = 1, isSig = 1, SigMass = 7
isHad =0, isSE =0, isSM =0
isTTTT = 0, isXX = 1, isTpTp = 0, isBpBp = 0
For W's: isTT = 0, isSTt = 0, isSTtW = 0
For jets & PDF: isTOP = 0, isMadgraphBkg = 1
For HOTTagger Efficiencies: isTTV = 0, isTTHbb = 0, isTTHnonbb = 0, isTTTX = 0
isTTVV = 0, isST = 0, isTTToSemiLeptonHT500Njet9 = 0
Pileup sample key: PairVLQ_x53x53_tWtW_narrow_RH_M1400_TuneCP5_13TeV-madgraph-pythia8
b-tagging working points: 0.304(DeepJet)0.4506(DeepCSV)
isTTincMtt0to700: 0
isTTincMtt0to1000: 0
isTTincMtt700to1000: 0
isTTincMtt1000toInf: 0
isTTSemilepIncHT0Njet0: 0
isTTSemilepIncHT500Njet9: 0
outTTLF: 0
outTTCC: 0
outTTBB: 0
outTT1B: 0
outTT2B: 0
>> Completed 0 out of 1054 events
[INFO] Defaulting to central deepJet weight for: nominal
>> Completed 1000 out of 1054 events
Nelectrons      = 481 / 1054
Npassed_ElEta   = 481 / 1054
Nmuons          = 573 / 1054
NrelIsoFail     = 0 / 1054
Npassed_MuEta   = 573 / 1054
Npassed_nAK8Jets= 1054 / 1054
Npassed_Trigger = 1016 / 1054
Npassed_MET     = 947 / 1054
Npassed_lepPt   = 969 / 1054
Npassed_HT      = 1053 / 1054
npass_Njets     = 1051 / 1054
Npassed_ALL     = 869 / 1054

>> Running /isilon/hadoop/store/group/bruxljm/FWLJMET106XUL_singleLep2017UL_RunIISummer20_X53X53/PairVLQ_x53x53_tWtW_narrow_RH_M1400_TuneCP5_13TeV-madgraph-pythia8/singleLep2017UL/230310_181045/0000/PairVLQ_x53x53_tWtW_narrow_RH_M1400_TuneCP5_13TeV-madgraph-pythia8_99.root for shift: nominal
[step1.h] Opening file: /isilon/hadoop/store/group/bruxljm/FWLJMET106XUL_singleLep2017UL_RunIISummer20_X53X53/PairVLQ_x53x53_tWtW_narrow_RH_M1400_TuneCP5_13TeV-madgraph-pythia8/singleLep2017UL/230310_181045/0000/PairVLQ_x53x53_tWtW_narrow_RH_M1400_TuneCP5_13TeV-madgraph-pythia8_99.root
[step1.h] Finished initializing
RUN CONFIG: YEAR = 2017
Era = 
isMC = 1, isSig = 1, SigMass = 7
isHad =0, isSE =0, isSM =0
isTTTT = 0, isXX = 1, isTpTp = 0, isBpBp = 0
For W's: isTT = 0, isSTt = 0, isSTtW = 0
For jets & PDF: isTOP = 0, isMadgraphBkg = 1
For HOTTagger Efficiencies: isTTV = 0, isTTHbb = 0, isTTHnonbb = 0, isTTTX = 0
isTTVV = 0, isST = 0, isTTToSemiLeptonHT500Njet9 = 0
Pileup sample key: PairVLQ_x53x53_tWtW_narrow_RH_M1400_TuneCP5_13TeV-madgraph-pythia8
b-tagging working points: 0.304(DeepJet)0.4506(DeepCSV)
isTTincMtt0to700: 0
isTTincMtt0to1000: 0
isTTincMtt700to1000: 0
isTTincMtt1000toInf: 0
isTTSemilepIncHT0Njet0: 0
isTTSemilepIncHT500Njet9: 0
outTTLF: 0
outTTCC: 0
outTTBB: 0
outTT1B: 0
outTT2B: 0
>> Completed 0 out of 1101 events
[INFO] Defaulting to central deepJet weight for: nominal
>> Completed 1000 out of 1101 events
Nelectrons      = 519 / 1101
Npassed_ElEta   = 519 / 1101
Nmuons          = 582 / 1101
NrelIsoFail     = 0 / 1101
Npassed_MuEta   = 582 / 1101
Npassed_nAK8Jets= 1101 / 1101
Npassed_Trigger = 1066 / 1101
Npassed_MET     = 1007 / 1101
Npassed_lepPt   = 992 / 1101
Npassed_HT      = 1099 / 1101
npass_Njets     = 1099 / 1101
Npassed_ALL     = 903 / 1101
>> Available ROOT Files:
-rw-r--r-- 1 fsimpson gridusers 1615819 Apr 24 09:16 PairVLQ_x53x53_tWtW_narrow_RH_M1400_TuneCP5_13TeV-madgraph-pythia8_92nominal.root
-rw-r--r-- 1 fsimpson gridusers 3129992 Apr 24 09:16 PairVLQ_x53x53_tWtW_narrow_RH_M1400_TuneCP5_13TeV-madgraph-pythia8_93nominal.root
-rw-r--r-- 1 fsimpson gridusers 1379606 Apr 24 09:16 PairVLQ_x53x53_tWtW_narrow_RH_M1400_TuneCP5_13TeV-madgraph-pythia8_94nominal.root
-rw-r--r-- 1 fsimpson gridusers 3008028 Apr 24 09:16 PairVLQ_x53x53_tWtW_narrow_RH_M1400_TuneCP5_13TeV-madgraph-pythia8_95nominal.root
-rw-r--r-- 1 fsimpson gridusers 2943434 Apr 24 09:16 PairVLQ_x53x53_tWtW_narrow_RH_M1400_TuneCP5_13TeV-madgraph-pythia8_96nominal.root
-rw-r--r-- 1 fsimpson gridusers 3102709 Apr 24 09:16 PairVLQ_x53x53_tWtW_narrow_RH_M1400_TuneCP5_13TeV-madgraph-pythia8_97nominal.root
-rw-r--r-- 1 fsimpson gridusers 3065011 Apr 24 09:16 PairVLQ_x53x53_tWtW_narrow_RH_M1400_TuneCP5_13TeV-madgraph-pythia8_98nominal.root
-rw-r--r-- 1 fsimpson gridusers 3224373 Apr 24 09:16 PairVLQ_x53x53_tWtW_narrow_RH_M1400_TuneCP5_13TeV-madgraph-pythia8_99nominal.root
>> xrdcp output for condor
hadd Target file: PairVLQ_x53x53_tWtW_narrow_RH_M1400_TuneCP5_13TeV-madgraph-pythia8_6nominal_hadd.root
hadd compression setting for all ouput: 1
hadd Source file 1: PairVLQ_x53x53_tWtW_narrow_RH_M1400_TuneCP5_13TeV-madgraph-pythia8_92nominal.root
hadd Source file 2: PairVLQ_x53x53_tWtW_narrow_RH_M1400_TuneCP5_13TeV-madgraph-pythia8_93nominal.root
hadd Source file 3: PairVLQ_x53x53_tWtW_narrow_RH_M1400_TuneCP5_13TeV-madgraph-pythia8_94nominal.root
hadd Source file 4: PairVLQ_x53x53_tWtW_narrow_RH_M1400_TuneCP5_13TeV-madgraph-pythia8_95nominal.root
hadd Source file 5: PairVLQ_x53x53_tWtW_narrow_RH_M1400_TuneCP5_13TeV-madgraph-pythia8_96nominal.root
hadd Source file 6: PairVLQ_x53x53_tWtW_narrow_RH_M1400_TuneCP5_13TeV-madgraph-pythia8_97nominal.root
hadd Source file 7: PairVLQ_x53x53_tWtW_narrow_RH_M1400_TuneCP5_13TeV-madgraph-pythia8_98nominal.root
hadd Source file 8: PairVLQ_x53x53_tWtW_narrow_RH_M1400_TuneCP5_13TeV-madgraph-pythia8_99nominal.root
hadd Target path: PairVLQ_x53x53_tWtW_narrow_RH_M1400_TuneCP5_13TeV-madgraph-pythia8_6nominal_hadd.root:/
>> mv PairVLQ_x53x53_tWtW_narrow_RH_M1400_TuneCP5_13TeV-madgraph-pythia8_6nominal_hadd.root /isilon/hadoop/store/group/bruxljm/FWLJMET106XUL_singleLep2017UL_RunIISummer20_X53X53_step1/nominal/PairVLQ_x53x53_tWtW_narrow_RH_M1400_TuneCP5_13TeV-madgraph-pythia8/PairVLQ_x53x53_tWtW_narrow_RH_M1400_TuneCP5_13TeV-madgraph-pythia8_6.root
[DONE]
