000 (630085.000.000) 04/24 07:52:00 Job submitted from host: <172.20.3.187:9618?addrs=172.20.3.187-9618&noUDP&sock=2297_2121_3>
...
001 (630085.000.000) 04/24 07:53:12 Job executing on host: <172.20.225.5:9618?addrs=172.20.225.5-9618&noUDP&sock=3375_8c39_3>
...
006 (630085.000.000) 04/24 07:53:21 Image size of job updated: 108632
	104  -  MemoryUsage of job (MB)
	105864  -  ResidentSetSize of job (KB)
...
006 (630085.000.000) 04/24 07:58:22 Image size of job updated: 718820
	702  -  MemoryUsage of job (MB)
	718472  -  ResidentSetSize of job (KB)
...
006 (630085.000.000) 04/24 08:03:22 Image size of job updated: 987208
	964  -  MemoryUsage of job (MB)
	986928  -  ResidentSetSize of job (KB)
...
006 (630085.000.000) 04/24 08:08:23 Image size of job updated: 1186520
	1159  -  MemoryUsage of job (MB)
	1186060  -  ResidentSetSize of job (KB)
...
006 (630085.000.000) 04/24 08:13:23 Image size of job updated: 1364736
	1333  -  MemoryUsage of job (MB)
	1364484  -  ResidentSetSize of job (KB)
...
006 (630085.000.000) 04/24 08:18:24 Image size of job updated: 1515800
	1480  -  MemoryUsage of job (MB)
	1515440  -  ResidentSetSize of job (KB)
...
005 (630085.000.000) 04/24 08:19:34 Job terminated.
	(1) Normal termination (return value 0)
		Usr 0 00:25:02, Sys 0 00:00:28  -  Run Remote Usage
		Usr 0 00:00:00, Sys 0 00:00:00  -  Run Local Usage
		Usr 0 00:25:02, Sys 0 00:00:28  -  Total Remote Usage
		Usr 0 00:00:00, Sys 0 00:00:00  -  Total Local Usage
	1715401  -  Run Bytes Sent By Job
	8620734  -  Run Bytes Received By Job
	1715401  -  Total Bytes Sent By Job
	8620734  -  Total Bytes Received By Job
	Partitionable Resources :    Usage  Request Allocated 
	   Cpus                 :     0.99        1         1 
	   Disk (KB)            : 10650       10000 479749220 
	   Memory (MB)          :  1480        6144      8033 
...
000 (630144.000.000) 04/24 08:39:25 Job submitted from host: <172.20.3.187:9618?addrs=172.20.3.187-9618&noUDP&sock=2297_2121_3>
...
001 (630144.000.000) 04/24 08:46:31 Job executing on host: <172.20.225.3:9618?addrs=172.20.225.3-9618&noUDP&sock=3391_85bd_3>
...
006 (630144.000.000) 04/24 08:46:40 Image size of job updated: 12344
	13  -  MemoryUsage of job (MB)
	12344  -  ResidentSetSize of job (KB)
...
006 (630144.000.000) 04/24 08:51:40 Image size of job updated: 686052
	670  -  MemoryUsage of job (MB)
	685220  -  ResidentSetSize of job (KB)
...
006 (630144.000.000) 04/24 08:56:42 Image size of job updated: 966384
	943  -  MemoryUsage of job (MB)
	965432  -  ResidentSetSize of job (KB)
...
006 (630144.000.000) 04/24 09:01:43 Image size of job updated: 1168756
	1141  -  MemoryUsage of job (MB)
	1168364  -  ResidentSetSize of job (KB)
...
006 (630144.000.000) 04/24 09:06:42 Image size of job updated: 1339192
	1308  -  MemoryUsage of job (MB)
	1338976  -  ResidentSetSize of job (KB)
...
006 (630144.000.000) 04/24 09:11:42 Image size of job updated: 1488152
	1453  -  MemoryUsage of job (MB)
	1487736  -  ResidentSetSize of job (KB)
...
006 (630144.000.000) 04/24 09:14:38 Image size of job updated: 1640300
	1453  -  MemoryUsage of job (MB)
	1487776  -  ResidentSetSize of job (KB)
...
005 (630144.000.000) 04/24 09:14:38 Job terminated.
	(1) Normal termination (return value 0)
		Usr 0 00:25:55, Sys 0 00:00:39  -  Run Remote Usage
		Usr 0 00:00:00, Sys 0 00:00:00  -  Run Local Usage
		Usr 0 00:25:55, Sys 0 00:00:39  -  Total Remote Usage
		Usr 0 00:00:00, Sys 0 00:00:00  -  Total Local Usage
	1773894  -  Run Bytes Sent By Job
	8620823  -  Run Bytes Received By Job
	1773894  -  Total Bytes Sent By Job
	8620823  -  Total Bytes Received By Job
	Partitionable Resources :    Usage  Request  Allocated 
	   Cpus                 :     0.82        1          1 
	   Disk (KB)            : 10707       10000 2210728621 
	   Memory (MB)          :  1453        6144       8033 
...
