000 (630089.000.000) 04/24 07:52:01 Job submitted from host: <172.20.3.187:9618?addrs=172.20.3.187-9618&noUDP&sock=2297_2121_3>
...
001 (630089.000.000) 04/24 07:54:12 Job executing on host: <172.20.225.4:9618?addrs=172.20.225.4-9618&noUDP&sock=3366_5fdf_3>
...
006 (630089.000.000) 04/24 07:54:21 Image size of job updated: 49052
	46  -  MemoryUsage of job (MB)
	46904  -  ResidentSetSize of job (KB)
...
006 (630089.000.000) 04/24 07:59:21 Image size of job updated: 672280
	656  -  MemoryUsage of job (MB)
	671608  -  ResidentSetSize of job (KB)
...
006 (630089.000.000) 04/24 08:04:22 Image size of job updated: 942388
	921  -  MemoryUsage of job (MB)
	942148  -  ResidentSetSize of job (KB)
...
006 (630089.000.000) 04/24 08:09:22 Image size of job updated: 1141928
	1115  -  MemoryUsage of job (MB)
	1141612  -  ResidentSetSize of job (KB)
...
006 (630089.000.000) 04/24 08:14:23 Image size of job updated: 1317732
	1287  -  MemoryUsage of job (MB)
	1317260  -  ResidentSetSize of job (KB)
...
006 (630089.000.000) 04/24 08:19:23 Image size of job updated: 1460640
	1427  -  MemoryUsage of job (MB)
	1460424  -  ResidentSetSize of job (KB)
...
006 (630089.000.000) 04/24 08:22:48 Image size of job updated: 1582416
	1427  -  MemoryUsage of job (MB)
	1460432  -  ResidentSetSize of job (KB)
...
005 (630089.000.000) 04/24 08:22:48 Job terminated.
	(1) Normal termination (return value 0)
		Usr 0 00:26:41, Sys 0 00:01:06  -  Run Remote Usage
		Usr 0 00:00:00, Sys 0 00:00:00  -  Run Local Usage
		Usr 0 00:26:41, Sys 0 00:01:06  -  Total Remote Usage
		Usr 0 00:00:00, Sys 0 00:00:00  -  Total Local Usage
	1715231  -  Run Bytes Sent By Job
	8620734  -  Run Bytes Received By Job
	1715231  -  Total Bytes Sent By Job
	8620734  -  Total Bytes Received By Job
	Partitionable Resources :    Usage  Request Allocated 
	   Cpus                 :     0.99        1         1 
	   Disk (KB)            : 10650       10000 479779449 
	   Memory (MB)          :  1427        6144      8033 
...
000 (630148.000.000) 04/24 08:39:26 Job submitted from host: <172.20.3.187:9618?addrs=172.20.3.187-9618&noUDP&sock=2297_2121_3>
...
001 (630148.000.000) 04/24 08:46:32 Job executing on host: <172.20.225.1:9618?addrs=172.20.225.1-9618&noUDP&sock=3382_5963_3>
...
006 (630148.000.000) 04/24 08:46:40 Image size of job updated: 12328
	13  -  MemoryUsage of job (MB)
	12328  -  ResidentSetSize of job (KB)
...
006 (630148.000.000) 04/24 08:51:41 Image size of job updated: 650840
	636  -  MemoryUsage of job (MB)
	650336  -  ResidentSetSize of job (KB)
...
006 (630148.000.000) 04/24 08:56:41 Image size of job updated: 899276
	878  -  MemoryUsage of job (MB)
	898756  -  ResidentSetSize of job (KB)
...
006 (630148.000.000) 04/24 09:01:41 Image size of job updated: 1115888
	1089  -  MemoryUsage of job (MB)
	1114864  -  ResidentSetSize of job (KB)
...
006 (630148.000.000) 04/24 09:06:42 Image size of job updated: 1299728
	1269  -  MemoryUsage of job (MB)
	1299444  -  ResidentSetSize of job (KB)
...
006 (630148.000.000) 04/24 09:11:42 Image size of job updated: 1447312
	1413  -  MemoryUsage of job (MB)
	1446728  -  ResidentSetSize of job (KB)
...
005 (630148.000.000) 04/24 09:16:16 Job terminated.
	(1) Normal termination (return value 0)
		Usr 0 00:27:11, Sys 0 00:00:52  -  Run Remote Usage
		Usr 0 00:00:00, Sys 0 00:00:00  -  Run Local Usage
		Usr 0 00:27:11, Sys 0 00:00:52  -  Total Remote Usage
		Usr 0 00:00:00, Sys 0 00:00:00  -  Total Local Usage
	1773645  -  Run Bytes Sent By Job
	8620823  -  Run Bytes Received By Job
	1773645  -  Total Bytes Sent By Job
	8620823  -  Total Bytes Received By Job
	Partitionable Resources :    Usage  Request Allocated 
	   Cpus                 :     0.98        1         1 
	   Disk (KB)            : 10707       10000 479786105 
	   Memory (MB)          :  1413        6144      8033 
...
