/isilon/condor/hep108.hep.brown.edu/execute/dir_239526
>> Setting macroDir to PWD

Processing compile_step1.C...
>> Running on BRUX, PairVLQ_x53x53_tWtW_narrow_RH_M800_TuneCP5_13TeV-madgraph-pythia8 stored on BRUX
>> Input file path: /isilon/hadoop/store/group/bruxljm/FWLJMET106XUL_singleLep2017UL_RunIISummer20_X53X53/PairVLQ_x53x53_tWtW_narrow_RH_M800_TuneCP5_13TeV-madgraph-pythia8/singleLep2017UL/230310_181414/0000
>> Running step1 over list: 1 10 100 101 102 103 104 105 106 107 108 109 11 110 111 112 113 114 115 116 117 118 119 12 120 121 122 123 124 125
>> Adding PairVLQ_x53x53_tWtW_narrow_RH_M800_TuneCP5_13TeV-madgraph-pythia8_1.root to the list by reading PairVLQ_x53x53_tWtW_narrow_RH_M800_TuneCP5_13TeV-madgraph-pythia8_1
>> Adding PairVLQ_x53x53_tWtW_narrow_RH_M800_TuneCP5_13TeV-madgraph-pythia8_10.root to the list by reading PairVLQ_x53x53_tWtW_narrow_RH_M800_TuneCP5_13TeV-madgraph-pythia8_10
>> Adding PairVLQ_x53x53_tWtW_narrow_RH_M800_TuneCP5_13TeV-madgraph-pythia8_100.root to the list by reading PairVLQ_x53x53_tWtW_narrow_RH_M800_TuneCP5_13TeV-madgraph-pythia8_100
>> Adding PairVLQ_x53x53_tWtW_narrow_RH_M800_TuneCP5_13TeV-madgraph-pythia8_101.root to the list by reading PairVLQ_x53x53_tWtW_narrow_RH_M800_TuneCP5_13TeV-madgraph-pythia8_101
>> Adding PairVLQ_x53x53_tWtW_narrow_RH_M800_TuneCP5_13TeV-madgraph-pythia8_102.root to the list by reading PairVLQ_x53x53_tWtW_narrow_RH_M800_TuneCP5_13TeV-madgraph-pythia8_102
>> Adding PairVLQ_x53x53_tWtW_narrow_RH_M800_TuneCP5_13TeV-madgraph-pythia8_103.root to the list by reading PairVLQ_x53x53_tWtW_narrow_RH_M800_TuneCP5_13TeV-madgraph-pythia8_103
>> Adding PairVLQ_x53x53_tWtW_narrow_RH_M800_TuneCP5_13TeV-madgraph-pythia8_104.root to the list by reading PairVLQ_x53x53_tWtW_narrow_RH_M800_TuneCP5_13TeV-madgraph-pythia8_104
>> Adding PairVLQ_x53x53_tWtW_narrow_RH_M800_TuneCP5_13TeV-madgraph-pythia8_105.root to the list by reading PairVLQ_x53x53_tWtW_narrow_RH_M800_TuneCP5_13TeV-madgraph-pythia8_105
>> Adding PairVLQ_x53x53_tWtW_narrow_RH_M800_TuneCP5_13TeV-madgraph-pythia8_106.root to the list by reading PairVLQ_x53x53_tWtW_narrow_RH_M800_TuneCP5_13TeV-madgraph-pythia8_106
>> Adding PairVLQ_x53x53_tWtW_narrow_RH_M800_TuneCP5_13TeV-madgraph-pythia8_107.root to the list by reading PairVLQ_x53x53_tWtW_narrow_RH_M800_TuneCP5_13TeV-madgraph-pythia8_107
>> Adding PairVLQ_x53x53_tWtW_narrow_RH_M800_TuneCP5_13TeV-madgraph-pythia8_108.root to the list by reading PairVLQ_x53x53_tWtW_narrow_RH_M800_TuneCP5_13TeV-madgraph-pythia8_108
>> Adding PairVLQ_x53x53_tWtW_narrow_RH_M800_TuneCP5_13TeV-madgraph-pythia8_109.root to the list by reading PairVLQ_x53x53_tWtW_narrow_RH_M800_TuneCP5_13TeV-madgraph-pythia8_109
>> Adding PairVLQ_x53x53_tWtW_narrow_RH_M800_TuneCP5_13TeV-madgraph-pythia8_11.root to the list by reading PairVLQ_x53x53_tWtW_narrow_RH_M800_TuneCP5_13TeV-madgraph-pythia8_11
>> Adding PairVLQ_x53x53_tWtW_narrow_RH_M800_TuneCP5_13TeV-madgraph-pythia8_110.root to the list by reading PairVLQ_x53x53_tWtW_narrow_RH_M800_TuneCP5_13TeV-madgraph-pythia8_110
>> Adding PairVLQ_x53x53_tWtW_narrow_RH_M800_TuneCP5_13TeV-madgraph-pythia8_111.root to the list by reading PairVLQ_x53x53_tWtW_narrow_RH_M800_TuneCP5_13TeV-madgraph-pythia8_111
>> Adding PairVLQ_x53x53_tWtW_narrow_RH_M800_TuneCP5_13TeV-madgraph-pythia8_112.root to the list by reading PairVLQ_x53x53_tWtW_narrow_RH_M800_TuneCP5_13TeV-madgraph-pythia8_112
>> Adding PairVLQ_x53x53_tWtW_narrow_RH_M800_TuneCP5_13TeV-madgraph-pythia8_113.root to the list by reading PairVLQ_x53x53_tWtW_narrow_RH_M800_TuneCP5_13TeV-madgraph-pythia8_113
>> Adding PairVLQ_x53x53_tWtW_narrow_RH_M800_TuneCP5_13TeV-madgraph-pythia8_114.root to the list by reading PairVLQ_x53x53_tWtW_narrow_RH_M800_TuneCP5_13TeV-madgraph-pythia8_114
>> Adding PairVLQ_x53x53_tWtW_narrow_RH_M800_TuneCP5_13TeV-madgraph-pythia8_115.root to the list by reading PairVLQ_x53x53_tWtW_narrow_RH_M800_TuneCP5_13TeV-madgraph-pythia8_115
>> Adding PairVLQ_x53x53_tWtW_narrow_RH_M800_TuneCP5_13TeV-madgraph-pythia8_116.root to the list by reading PairVLQ_x53x53_tWtW_narrow_RH_M800_TuneCP5_13TeV-madgraph-pythia8_116
>> Adding PairVLQ_x53x53_tWtW_narrow_RH_M800_TuneCP5_13TeV-madgraph-pythia8_117.root to the list by reading PairVLQ_x53x53_tWtW_narrow_RH_M800_TuneCP5_13TeV-madgraph-pythia8_117
>> Adding PairVLQ_x53x53_tWtW_narrow_RH_M800_TuneCP5_13TeV-madgraph-pythia8_118.root to the list by reading PairVLQ_x53x53_tWtW_narrow_RH_M800_TuneCP5_13TeV-madgraph-pythia8_118
>> Adding PairVLQ_x53x53_tWtW_narrow_RH_M800_TuneCP5_13TeV-madgraph-pythia8_119.root to the list by reading PairVLQ_x53x53_tWtW_narrow_RH_M800_TuneCP5_13TeV-madgraph-pythia8_119
>> Adding PairVLQ_x53x53_tWtW_narrow_RH_M800_TuneCP5_13TeV-madgraph-pythia8_12.root to the list by reading PairVLQ_x53x53_tWtW_narrow_RH_M800_TuneCP5_13TeV-madgraph-pythia8_12
>> Adding PairVLQ_x53x53_tWtW_narrow_RH_M800_TuneCP5_13TeV-madgraph-pythia8_120.root to the list by reading PairVLQ_x53x53_tWtW_narrow_RH_M800_TuneCP5_13TeV-madgraph-pythia8_120
>> Adding PairVLQ_x53x53_tWtW_narrow_RH_M800_TuneCP5_13TeV-madgraph-pythia8_121.root to the list by reading PairVLQ_x53x53_tWtW_narrow_RH_M800_TuneCP5_13TeV-madgraph-pythia8_121
>> Adding PairVLQ_x53x53_tWtW_narrow_RH_M800_TuneCP5_13TeV-madgraph-pythia8_122.root to the list by reading PairVLQ_x53x53_tWtW_narrow_RH_M800_TuneCP5_13TeV-madgraph-pythia8_122
>> Adding PairVLQ_x53x53_tWtW_narrow_RH_M800_TuneCP5_13TeV-madgraph-pythia8_123.root to the list by reading PairVLQ_x53x53_tWtW_narrow_RH_M800_TuneCP5_13TeV-madgraph-pythia8_123
>> Adding PairVLQ_x53x53_tWtW_narrow_RH_M800_TuneCP5_13TeV-madgraph-pythia8_124.root to the list by reading PairVLQ_x53x53_tWtW_narrow_RH_M800_TuneCP5_13TeV-madgraph-pythia8_124
>> Adding PairVLQ_x53x53_tWtW_narrow_RH_M800_TuneCP5_13TeV-madgraph-pythia8_125.root to the list by reading PairVLQ_x53x53_tWtW_narrow_RH_M800_TuneCP5_13TeV-madgraph-pythia8_125
[OPT] Using deepCSV reshaping file: reshaping_deepCSV_106XUL17_v4.csv
[OPT] Using deepJet reshaping file: reshaping_deepJet_106XUL17_v4.csv

>> Running /isilon/hadoop/store/group/bruxljm/FWLJMET106XUL_singleLep2017UL_RunIISummer20_X53X53/PairVLQ_x53x53_tWtW_narrow_RH_M800_TuneCP5_13TeV-madgraph-pythia8/singleLep2017UL/230310_181414/0000/PairVLQ_x53x53_tWtW_narrow_RH_M800_TuneCP5_13TeV-madgraph-pythia8_1.root for shift: nominal
[step1.h] Opening file: /isilon/hadoop/store/group/bruxljm/FWLJMET106XUL_singleLep2017UL_RunIISummer20_X53X53/PairVLQ_x53x53_tWtW_narrow_RH_M800_TuneCP5_13TeV-madgraph-pythia8/singleLep2017UL/230310_181414/0000/PairVLQ_x53x53_tWtW_narrow_RH_M800_TuneCP5_13TeV-madgraph-pythia8_1.root
[step1.h] Finished initializing
RUN CONFIG: YEAR = 2017
Era = 
isMC = 1, isSig = 1, SigMass = 1
isHad =0, isSE =0, isSM =0
isTTTT = 0, isXX = 1, isTpTp = 0, isBpBp = 0
For W's: isTT = 0, isSTt = 0, isSTtW = 0
For jets & PDF: isTOP = 0, isMadgraphBkg = 1
For HOTTagger Efficiencies: isTTV = 0, isTTHbb = 0, isTTHnonbb = 0, isTTTX = 0
isTTVV = 0, isST = 0, isTTToSemiLeptonHT500Njet9 = 0
Pileup sample key: PairVLQ_x53x53_tWtW_narrow_RH_M800_TuneCP5_13TeV-madgraph-pythia8
b-tagging working points: 0.304(DeepJet)0.4506(DeepCSV)
isTTincMtt0to700: 0
isTTincMtt0to1000: 0
isTTincMtt700to1000: 0
isTTincMtt1000toInf: 0
isTTSemilepIncHT0Njet0: 0
isTTSemilepIncHT500Njet9: 0
outTTLF: 0
outTTCC: 0
outTTBB: 0
outTT1B: 0
outTT2B: 0
>> Completed 0 out of 1053 events
[INFO] Defaulting to central deepJet weight for: nominal
>> Completed 1000 out of 1053 events
Nelectrons      = 472 / 1053
Npassed_ElEta   = 472 / 1053
Nmuons          = 581 / 1053
NrelIsoFail     = 0 / 1053
Npassed_MuEta   = 581 / 1053
Npassed_nAK8Jets= 1053 / 1053
Npassed_Trigger = 1013 / 1053
Npassed_MET     = 847 / 1053
Npassed_lepPt   = 879 / 1053
Npassed_HT      = 1040 / 1053
npass_Njets     = 1048 / 1053
Npassed_ALL     = 686 / 1053

>> Running /isilon/hadoop/store/group/bruxljm/FWLJMET106XUL_singleLep2017UL_RunIISummer20_X53X53/PairVLQ_x53x53_tWtW_narrow_RH_M800_TuneCP5_13TeV-madgraph-pythia8/singleLep2017UL/230310_181414/0000/PairVLQ_x53x53_tWtW_narrow_RH_M800_TuneCP5_13TeV-madgraph-pythia8_10.root for shift: nominal
[step1.h] Opening file: /isilon/hadoop/store/group/bruxljm/FWLJMET106XUL_singleLep2017UL_RunIISummer20_X53X53/PairVLQ_x53x53_tWtW_narrow_RH_M800_TuneCP5_13TeV-madgraph-pythia8/singleLep2017UL/230310_181414/0000/PairVLQ_x53x53_tWtW_narrow_RH_M800_TuneCP5_13TeV-madgraph-pythia8_10.root
[step1.h] Finished initializing
RUN CONFIG: YEAR = 2017
Era = 
isMC = 1, isSig = 1, SigMass = 1
isHad =0, isSE =0, isSM =0
isTTTT = 0, isXX = 1, isTpTp = 0, isBpBp = 0
For W's: isTT = 0, isSTt = 0, isSTtW = 0
For jets & PDF: isTOP = 0, isMadgraphBkg = 1
For HOTTagger Efficiencies: isTTV = 0, isTTHbb = 0, isTTHnonbb = 0, isTTTX = 0
isTTVV = 0, isST = 0, isTTToSemiLeptonHT500Njet9 = 0
Pileup sample key: PairVLQ_x53x53_tWtW_narrow_RH_M800_TuneCP5_13TeV-madgraph-pythia8
b-tagging working points: 0.304(DeepJet)0.4506(DeepCSV)
isTTincMtt0to700: 0
isTTincMtt0to1000: 0
isTTincMtt700to1000: 0
isTTincMtt1000toInf: 0
isTTSemilepIncHT0Njet0: 0
isTTSemilepIncHT500Njet9: 0
outTTLF: 0
outTTCC: 0
outTTBB: 0
outTT1B: 0
outTT2B: 0
>> Completed 0 out of 502 events
[INFO] Defaulting to central deepJet weight for: nominal
Nelectrons      = 236 / 502
Npassed_ElEta   = 236 / 502
Nmuons          = 266 / 502
NrelIsoFail     = 0 / 502
Npassed_MuEta   = 266 / 502
Npassed_nAK8Jets= 502 / 502
Npassed_Trigger = 485 / 502
Npassed_MET     = 409 / 502
Npassed_lepPt   = 434 / 502
Npassed_HT      = 498 / 502
npass_Njets     = 499 / 502
Npassed_ALL     = 350 / 502

>> Running /isilon/hadoop/store/group/bruxljm/FWLJMET106XUL_singleLep2017UL_RunIISummer20_X53X53/PairVLQ_x53x53_tWtW_narrow_RH_M800_TuneCP5_13TeV-madgraph-pythia8/singleLep2017UL/230310_181414/0000/PairVLQ_x53x53_tWtW_narrow_RH_M800_TuneCP5_13TeV-madgraph-pythia8_100.root for shift: nominal
[step1.h] Opening file: /isilon/hadoop/store/group/bruxljm/FWLJMET106XUL_singleLep2017UL_RunIISummer20_X53X53/PairVLQ_x53x53_tWtW_narrow_RH_M800_TuneCP5_13TeV-madgraph-pythia8/singleLep2017UL/230310_181414/0000/PairVLQ_x53x53_tWtW_narrow_RH_M800_TuneCP5_13TeV-madgraph-pythia8_100.root
[step1.h] Finished initializing
RUN CONFIG: YEAR = 2017
Era = 
isMC = 1, isSig = 1, SigMass = 1
isHad =0, isSE =0, isSM =0
isTTTT = 0, isXX = 1, isTpTp = 0, isBpBp = 0
For W's: isTT = 0, isSTt = 0, isSTtW = 0
For jets & PDF: isTOP = 0, isMadgraphBkg = 1
For HOTTagger Efficiencies: isTTV = 0, isTTHbb = 0, isTTHnonbb = 0, isTTTX = 0
isTTVV = 0, isST = 0, isTTToSemiLeptonHT500Njet9 = 0
Pileup sample key: PairVLQ_x53x53_tWtW_narrow_RH_M800_TuneCP5_13TeV-madgraph-pythia8
b-tagging working points: 0.304(DeepJet)0.4506(DeepCSV)
isTTincMtt0to700: 0
isTTincMtt0to1000: 0
isTTincMtt700to1000: 0
isTTincMtt1000toInf: 0
isTTSemilepIncHT0Njet0: 0
isTTSemilepIncHT500Njet9: 0
outTTLF: 0
outTTCC: 0
outTTBB: 0
outTT1B: 0
outTT2B: 0
>> Completed 0 out of 1044 events
[INFO] Defaulting to central deepJet weight for: nominal
>> Completed 1000 out of 1044 events
Nelectrons      = 511 / 1044
Npassed_ElEta   = 511 / 1044
Nmuons          = 533 / 1044
NrelIsoFail     = 0 / 1044
Npassed_MuEta   = 533 / 1044
Npassed_nAK8Jets= 1044 / 1044
Npassed_Trigger = 1014 / 1044
Npassed_MET     = 824 / 1044
Npassed_lepPt   = 869 / 1044
Npassed_HT      = 1034 / 1044
npass_Njets     = 1037 / 1044
Npassed_ALL     = 673 / 1044

>> Running /isilon/hadoop/store/group/bruxljm/FWLJMET106XUL_singleLep2017UL_RunIISummer20_X53X53/PairVLQ_x53x53_tWtW_narrow_RH_M800_TuneCP5_13TeV-madgraph-pythia8/singleLep2017UL/230310_181414/0000/PairVLQ_x53x53_tWtW_narrow_RH_M800_TuneCP5_13TeV-madgraph-pythia8_101.root for shift: nominal
[step1.h] Opening file: /isilon/hadoop/store/group/bruxljm/FWLJMET106XUL_singleLep2017UL_RunIISummer20_X53X53/PairVLQ_x53x53_tWtW_narrow_RH_M800_TuneCP5_13TeV-madgraph-pythia8/singleLep2017UL/230310_181414/0000/PairVLQ_x53x53_tWtW_narrow_RH_M800_TuneCP5_13TeV-madgraph-pythia8_101.root
[step1.h] Finished initializing
RUN CONFIG: YEAR = 2017
Era = 
isMC = 1, isSig = 1, SigMass = 1
isHad =0, isSE =0, isSM =0
isTTTT = 0, isXX = 1, isTpTp = 0, isBpBp = 0
For W's: isTT = 0, isSTt = 0, isSTtW = 0
For jets & PDF: isTOP = 0, isMadgraphBkg = 1
For HOTTagger Efficiencies: isTTV = 0, isTTHbb = 0, isTTHnonbb = 0, isTTTX = 0
isTTVV = 0, isST = 0, isTTToSemiLeptonHT500Njet9 = 0
Pileup sample key: PairVLQ_x53x53_tWtW_narrow_RH_M800_TuneCP5_13TeV-madgraph-pythia8
b-tagging working points: 0.304(DeepJet)0.4506(DeepCSV)
isTTincMtt0to700: 0
isTTincMtt0to1000: 0
isTTincMtt700to1000: 0
isTTincMtt1000toInf: 0
isTTSemilepIncHT0Njet0: 0
isTTSemilepIncHT500Njet9: 0
outTTLF: 0
outTTCC: 0
outTTBB: 0
outTT1B: 0
outTT2B: 0
>> Completed 0 out of 1056 events
[INFO] Defaulting to central deepJet weight for: nominal
>> Completed 1000 out of 1056 events
Nelectrons      = 510 / 1056
Npassed_ElEta   = 510 / 1056
Nmuons          = 546 / 1056
NrelIsoFail     = 0 / 1056
Npassed_MuEta   = 546 / 1056
Npassed_nAK8Jets= 1056 / 1056
Npassed_Trigger = 1011 / 1056
Npassed_MET     = 843 / 1056
Npassed_lepPt   = 885 / 1056
Npassed_HT      = 1043 / 1056
npass_Njets     = 1052 / 1056
Npassed_ALL     = 702 / 1056

>> Running /isilon/hadoop/store/group/bruxljm/FWLJMET106XUL_singleLep2017UL_RunIISummer20_X53X53/PairVLQ_x53x53_tWtW_narrow_RH_M800_TuneCP5_13TeV-madgraph-pythia8/singleLep2017UL/230310_181414/0000/PairVLQ_x53x53_tWtW_narrow_RH_M800_TuneCP5_13TeV-madgraph-pythia8_102.root for shift: nominal
[step1.h] Opening file: /isilon/hadoop/store/group/bruxljm/FWLJMET106XUL_singleLep2017UL_RunIISummer20_X53X53/PairVLQ_x53x53_tWtW_narrow_RH_M800_TuneCP5_13TeV-madgraph-pythia8/singleLep2017UL/230310_181414/0000/PairVLQ_x53x53_tWtW_narrow_RH_M800_TuneCP5_13TeV-madgraph-pythia8_102.root
[step1.h] Finished initializing
RUN CONFIG: YEAR = 2017
Era = 
isMC = 1, isSig = 1, SigMass = 1
isHad =0, isSE =0, isSM =0
isTTTT = 0, isXX = 1, isTpTp = 0, isBpBp = 0
For W's: isTT = 0, isSTt = 0, isSTtW = 0
For jets & PDF: isTOP = 0, isMadgraphBkg = 1
For HOTTagger Efficiencies: isTTV = 0, isTTHbb = 0, isTTHnonbb = 0, isTTTX = 0
isTTVV = 0, isST = 0, isTTToSemiLeptonHT500Njet9 = 0
Pileup sample key: PairVLQ_x53x53_tWtW_narrow_RH_M800_TuneCP5_13TeV-madgraph-pythia8
b-tagging working points: 0.304(DeepJet)0.4506(DeepCSV)
isTTincMtt0to700: 0
isTTincMtt0to1000: 0
isTTincMtt700to1000: 0
isTTincMtt1000toInf: 0
isTTSemilepIncHT0Njet0: 0
isTTSemilepIncHT500Njet9: 0
outTTLF: 0
outTTCC: 0
outTTBB: 0
outTT1B: 0
outTT2B: 0
>> Completed 0 out of 1007 events
[INFO] Defaulting to central deepJet weight for: nominal
>> Completed 1000 out of 1007 events
Nelectrons      = 478 / 1007
Npassed_ElEta   = 478 / 1007
Nmuons          = 529 / 1007
NrelIsoFail     = 0 / 1007
Npassed_MuEta   = 529 / 1007
Npassed_nAK8Jets= 1007 / 1007
Npassed_Trigger = 969 / 1007
Npassed_MET     = 801 / 1007
Npassed_lepPt   = 843 / 1007
Npassed_HT      = 990 / 1007
npass_Njets     = 1005 / 1007
Npassed_ALL     = 651 / 1007

>> Running /isilon/hadoop/store/group/bruxljm/FWLJMET106XUL_singleLep2017UL_RunIISummer20_X53X53/PairVLQ_x53x53_tWtW_narrow_RH_M800_TuneCP5_13TeV-madgraph-pythia8/singleLep2017UL/230310_181414/0000/PairVLQ_x53x53_tWtW_narrow_RH_M800_TuneCP5_13TeV-madgraph-pythia8_103.root for shift: nominal
[step1.h] Opening file: /isilon/hadoop/store/group/bruxljm/FWLJMET106XUL_singleLep2017UL_RunIISummer20_X53X53/PairVLQ_x53x53_tWtW_narrow_RH_M800_TuneCP5_13TeV-madgraph-pythia8/singleLep2017UL/230310_181414/0000/PairVLQ_x53x53_tWtW_narrow_RH_M800_TuneCP5_13TeV-madgraph-pythia8_103.root
[step1.h] Finished initializing
RUN CONFIG: YEAR = 2017
Era = 
isMC = 1, isSig = 1, SigMass = 1
isHad =0, isSE =0, isSM =0
isTTTT = 0, isXX = 1, isTpTp = 0, isBpBp = 0
For W's: isTT = 0, isSTt = 0, isSTtW = 0
For jets & PDF: isTOP = 0, isMadgraphBkg = 1
For HOTTagger Efficiencies: isTTV = 0, isTTHbb = 0, isTTHnonbb = 0, isTTTX = 0
isTTVV = 0, isST = 0, isTTToSemiLeptonHT500Njet9 = 0
Pileup sample key: PairVLQ_x53x53_tWtW_narrow_RH_M800_TuneCP5_13TeV-madgraph-pythia8
b-tagging working points: 0.304(DeepJet)0.4506(DeepCSV)
isTTincMtt0to700: 0
isTTincMtt0to1000: 0
isTTincMtt700to1000: 0
isTTincMtt1000toInf: 0
isTTSemilepIncHT0Njet0: 0
isTTSemilepIncHT500Njet9: 0
outTTLF: 0
outTTCC: 0
outTTBB: 0
outTT1B: 0
outTT2B: 0
>> Completed 0 out of 1058 events
[INFO] Defaulting to central deepJet weight for: nominal
>> Completed 1000 out of 1058 events
Nelectrons      = 494 / 1058
Npassed_ElEta   = 494 / 1058
Nmuons          = 564 / 1058
NrelIsoFail     = 0 / 1058
Npassed_MuEta   = 564 / 1058
Npassed_nAK8Jets= 1058 / 1058
Npassed_Trigger = 1015 / 1058
Npassed_MET     = 854 / 1058
Npassed_lepPt   = 885 / 1058
Npassed_HT      = 1044 / 1058
npass_Njets     = 1055 / 1058
Npassed_ALL     = 706 / 1058

>> Running /isilon/hadoop/store/group/bruxljm/FWLJMET106XUL_singleLep2017UL_RunIISummer20_X53X53/PairVLQ_x53x53_tWtW_narrow_RH_M800_TuneCP5_13TeV-madgraph-pythia8/singleLep2017UL/230310_181414/0000/PairVLQ_x53x53_tWtW_narrow_RH_M800_TuneCP5_13TeV-madgraph-pythia8_104.root for shift: nominal
[step1.h] Opening file: /isilon/hadoop/store/group/bruxljm/FWLJMET106XUL_singleLep2017UL_RunIISummer20_X53X53/PairVLQ_x53x53_tWtW_narrow_RH_M800_TuneCP5_13TeV-madgraph-pythia8/singleLep2017UL/230310_181414/0000/PairVLQ_x53x53_tWtW_narrow_RH_M800_TuneCP5_13TeV-madgraph-pythia8_104.root
[step1.h] Finished initializing
RUN CONFIG: YEAR = 2017
Era = 
isMC = 1, isSig = 1, SigMass = 1
isHad =0, isSE =0, isSM =0
isTTTT = 0, isXX = 1, isTpTp = 0, isBpBp = 0
For W's: isTT = 0, isSTt = 0, isSTtW = 0
For jets & PDF: isTOP = 0, isMadgraphBkg = 1
For HOTTagger Efficiencies: isTTV = 0, isTTHbb = 0, isTTHnonbb = 0, isTTTX = 0
isTTVV = 0, isST = 0, isTTToSemiLeptonHT500Njet9 = 0
Pileup sample key: PairVLQ_x53x53_tWtW_narrow_RH_M800_TuneCP5_13TeV-madgraph-pythia8
b-tagging working points: 0.304(DeepJet)0.4506(DeepCSV)
isTTincMtt0to700: 0
isTTincMtt0to1000: 0
isTTincMtt700to1000: 0
isTTincMtt1000toInf: 0
isTTSemilepIncHT0Njet0: 0
isTTSemilepIncHT500Njet9: 0
outTTLF: 0
outTTCC: 0
outTTBB: 0
outTT1B: 0
outTT2B: 0
>> Completed 0 out of 1020 events
[INFO] Defaulting to central deepJet weight for: nominal
>> Completed 1000 out of 1020 events
Nelectrons      = 494 / 1020
Npassed_ElEta   = 494 / 1020
Nmuons          = 526 / 1020
NrelIsoFail     = 0 / 1020
Npassed_MuEta   = 526 / 1020
Npassed_nAK8Jets= 1020 / 1020
Npassed_Trigger = 984 / 1020
Npassed_MET     = 821 / 1020
Npassed_lepPt   = 880 / 1020
Npassed_HT      = 1006 / 1020
npass_Njets     = 1017 / 1020
Npassed_ALL     = 692 / 1020

>> Running /isilon/hadoop/store/group/bruxljm/FWLJMET106XUL_singleLep2017UL_RunIISummer20_X53X53/PairVLQ_x53x53_tWtW_narrow_RH_M800_TuneCP5_13TeV-madgraph-pythia8/singleLep2017UL/230310_181414/0000/PairVLQ_x53x53_tWtW_narrow_RH_M800_TuneCP5_13TeV-madgraph-pythia8_105.root for shift: nominal
[step1.h] Opening file: /isilon/hadoop/store/group/bruxljm/FWLJMET106XUL_singleLep2017UL_RunIISummer20_X53X53/PairVLQ_x53x53_tWtW_narrow_RH_M800_TuneCP5_13TeV-madgraph-pythia8/singleLep2017UL/230310_181414/0000/PairVLQ_x53x53_tWtW_narrow_RH_M800_TuneCP5_13TeV-madgraph-pythia8_105.root
[step1.h] Finished initializing
RUN CONFIG: YEAR = 2017
Era = 
isMC = 1, isSig = 1, SigMass = 1
isHad =0, isSE =0, isSM =0
isTTTT = 0, isXX = 1, isTpTp = 0, isBpBp = 0
For W's: isTT = 0, isSTt = 0, isSTtW = 0
For jets & PDF: isTOP = 0, isMadgraphBkg = 1
For HOTTagger Efficiencies: isTTV = 0, isTTHbb = 0, isTTHnonbb = 0, isTTTX = 0
isTTVV = 0, isST = 0, isTTToSemiLeptonHT500Njet9 = 0
Pileup sample key: PairVLQ_x53x53_tWtW_narrow_RH_M800_TuneCP5_13TeV-madgraph-pythia8
b-tagging working points: 0.304(DeepJet)0.4506(DeepCSV)
isTTincMtt0to700: 0
isTTincMtt0to1000: 0
isTTincMtt700to1000: 0
isTTincMtt1000toInf: 0
isTTSemilepIncHT0Njet0: 0
isTTSemilepIncHT500Njet9: 0
outTTLF: 0
outTTCC: 0
outTTBB: 0
outTT1B: 0
outTT2B: 0
>> Completed 0 out of 1033 events
[INFO] Defaulting to central deepJet weight for: nominal
>> Completed 1000 out of 1033 events
Nelectrons      = 437 / 1033
Npassed_ElEta   = 437 / 1033
Nmuons          = 596 / 1033
NrelIsoFail     = 0 / 1033
Npassed_MuEta   = 596 / 1033
Npassed_nAK8Jets= 1033 / 1033
Npassed_Trigger = 1006 / 1033
Npassed_MET     = 828 / 1033
Npassed_lepPt   = 857 / 1033
Npassed_HT      = 1026 / 1033
npass_Njets     = 1031 / 1033
Npassed_ALL     = 675 / 1033

>> Running /isilon/hadoop/store/group/bruxljm/FWLJMET106XUL_singleLep2017UL_RunIISummer20_X53X53/PairVLQ_x53x53_tWtW_narrow_RH_M800_TuneCP5_13TeV-madgraph-pythia8/singleLep2017UL/230310_181414/0000/PairVLQ_x53x53_tWtW_narrow_RH_M800_TuneCP5_13TeV-madgraph-pythia8_106.root for shift: nominal
[step1.h] Opening file: /isilon/hadoop/store/group/bruxljm/FWLJMET106XUL_singleLep2017UL_RunIISummer20_X53X53/PairVLQ_x53x53_tWtW_narrow_RH_M800_TuneCP5_13TeV-madgraph-pythia8/singleLep2017UL/230310_181414/0000/PairVLQ_x53x53_tWtW_narrow_RH_M800_TuneCP5_13TeV-madgraph-pythia8_106.root
[step1.h] Finished initializing
RUN CONFIG: YEAR = 2017
Era = 
isMC = 1, isSig = 1, SigMass = 1
isHad =0, isSE =0, isSM =0
isTTTT = 0, isXX = 1, isTpTp = 0, isBpBp = 0
For W's: isTT = 0, isSTt = 0, isSTtW = 0
For jets & PDF: isTOP = 0, isMadgraphBkg = 1
For HOTTagger Efficiencies: isTTV = 0, isTTHbb = 0, isTTHnonbb = 0, isTTTX = 0
isTTVV = 0, isST = 0, isTTToSemiLeptonHT500Njet9 = 0
Pileup sample key: PairVLQ_x53x53_tWtW_narrow_RH_M800_TuneCP5_13TeV-madgraph-pythia8
b-tagging working points: 0.304(DeepJet)0.4506(DeepCSV)
isTTincMtt0to700: 0
isTTincMtt0to1000: 0
isTTincMtt700to1000: 0
isTTincMtt1000toInf: 0
isTTSemilepIncHT0Njet0: 0
isTTSemilepIncHT500Njet9: 0
outTTLF: 0
outTTCC: 0
outTTBB: 0
outTT1B: 0
outTT2B: 0
>> Completed 0 out of 1022 events
[INFO] Defaulting to central deepJet weight for: nominal
>> Completed 1000 out of 1022 events
Nelectrons      = 469 / 1022
Npassed_ElEta   = 469 / 1022
Nmuons          = 553 / 1022
NrelIsoFail     = 0 / 1022
Npassed_MuEta   = 553 / 1022
Npassed_nAK8Jets= 1022 / 1022
Npassed_Trigger = 986 / 1022
Npassed_MET     = 829 / 1022
Npassed_lepPt   = 871 / 1022
Npassed_HT      = 1015 / 1022
npass_Njets     = 1018 / 1022
Npassed_ALL     = 701 / 1022

>> Running /isilon/hadoop/store/group/bruxljm/FWLJMET106XUL_singleLep2017UL_RunIISummer20_X53X53/PairVLQ_x53x53_tWtW_narrow_RH_M800_TuneCP5_13TeV-madgraph-pythia8/singleLep2017UL/230310_181414/0000/PairVLQ_x53x53_tWtW_narrow_RH_M800_TuneCP5_13TeV-madgraph-pythia8_107.root for shift: nominal
[step1.h] Opening file: /isilon/hadoop/store/group/bruxljm/FWLJMET106XUL_singleLep2017UL_RunIISummer20_X53X53/PairVLQ_x53x53_tWtW_narrow_RH_M800_TuneCP5_13TeV-madgraph-pythia8/singleLep2017UL/230310_181414/0000/PairVLQ_x53x53_tWtW_narrow_RH_M800_TuneCP5_13TeV-madgraph-pythia8_107.root
[step1.h] Finished initializing
RUN CONFIG: YEAR = 2017
Era = 
isMC = 1, isSig = 1, SigMass = 1
isHad =0, isSE =0, isSM =0
isTTTT = 0, isXX = 1, isTpTp = 0, isBpBp = 0
For W's: isTT = 0, isSTt = 0, isSTtW = 0
For jets & PDF: isTOP = 0, isMadgraphBkg = 1
For HOTTagger Efficiencies: isTTV = 0, isTTHbb = 0, isTTHnonbb = 0, isTTTX = 0
isTTVV = 0, isST = 0, isTTToSemiLeptonHT500Njet9 = 0
Pileup sample key: PairVLQ_x53x53_tWtW_narrow_RH_M800_TuneCP5_13TeV-madgraph-pythia8
b-tagging working points: 0.304(DeepJet)0.4506(DeepCSV)
isTTincMtt0to700: 0
isTTincMtt0to1000: 0
isTTincMtt700to1000: 0
isTTincMtt1000toInf: 0
isTTSemilepIncHT0Njet0: 0
isTTSemilepIncHT500Njet9: 0
outTTLF: 0
outTTCC: 0
outTTBB: 0
outTT1B: 0
outTT2B: 0
>> Completed 0 out of 1058 events
[INFO] Defaulting to central deepJet weight for: nominal
>> Completed 1000 out of 1058 events
Nelectrons      = 519 / 1058
Npassed_ElEta   = 519 / 1058
Nmuons          = 539 / 1058
NrelIsoFail     = 0 / 1058
Npassed_MuEta   = 539 / 1058
Npassed_nAK8Jets= 1058 / 1058
Npassed_Trigger = 1016 / 1058
Npassed_MET     = 859 / 1058
Npassed_lepPt   = 900 / 1058
Npassed_HT      = 1043 / 1058
npass_Njets     = 1053 / 1058
Npassed_ALL     = 721 / 1058

>> Running /isilon/hadoop/store/group/bruxljm/FWLJMET106XUL_singleLep2017UL_RunIISummer20_X53X53/PairVLQ_x53x53_tWtW_narrow_RH_M800_TuneCP5_13TeV-madgraph-pythia8/singleLep2017UL/230310_181414/0000/PairVLQ_x53x53_tWtW_narrow_RH_M800_TuneCP5_13TeV-madgraph-pythia8_108.root for shift: nominal
[step1.h] Opening file: /isilon/hadoop/store/group/bruxljm/FWLJMET106XUL_singleLep2017UL_RunIISummer20_X53X53/PairVLQ_x53x53_tWtW_narrow_RH_M800_TuneCP5_13TeV-madgraph-pythia8/singleLep2017UL/230310_181414/0000/PairVLQ_x53x53_tWtW_narrow_RH_M800_TuneCP5_13TeV-madgraph-pythia8_108.root
[step1.h] Finished initializing
RUN CONFIG: YEAR = 2017
Era = 
isMC = 1, isSig = 1, SigMass = 1
isHad =0, isSE =0, isSM =0
isTTTT = 0, isXX = 1, isTpTp = 0, isBpBp = 0
For W's: isTT = 0, isSTt = 0, isSTtW = 0
For jets & PDF: isTOP = 0, isMadgraphBkg = 1
For HOTTagger Efficiencies: isTTV = 0, isTTHbb = 0, isTTHnonbb = 0, isTTTX = 0
isTTVV = 0, isST = 0, isTTToSemiLeptonHT500Njet9 = 0
Pileup sample key: PairVLQ_x53x53_tWtW_narrow_RH_M800_TuneCP5_13TeV-madgraph-pythia8
b-tagging working points: 0.304(DeepJet)0.4506(DeepCSV)
isTTincMtt0to700: 0
isTTincMtt0to1000: 0
isTTincMtt700to1000: 0
isTTincMtt1000toInf: 0
isTTSemilepIncHT0Njet0: 0
isTTSemilepIncHT500Njet9: 0
outTTLF: 0
outTTCC: 0
outTTBB: 0
outTT1B: 0
outTT2B: 0
>> Completed 0 out of 1011 events
[INFO] Defaulting to central deepJet weight for: nominal
>> Completed 1000 out of 1011 events
Nelectrons      = 479 / 1011
Npassed_ElEta   = 479 / 1011
Nmuons          = 532 / 1011
NrelIsoFail     = 0 / 1011
Npassed_MuEta   = 532 / 1011
Npassed_nAK8Jets= 1011 / 1011
Npassed_Trigger = 979 / 1011
Npassed_MET     = 810 / 1011
Npassed_lepPt   = 866 / 1011
Npassed_HT      = 995 / 1011
npass_Njets     = 1009 / 1011
Npassed_ALL     = 684 / 1011

>> Running /isilon/hadoop/store/group/bruxljm/FWLJMET106XUL_singleLep2017UL_RunIISummer20_X53X53/PairVLQ_x53x53_tWtW_narrow_RH_M800_TuneCP5_13TeV-madgraph-pythia8/singleLep2017UL/230310_181414/0000/PairVLQ_x53x53_tWtW_narrow_RH_M800_TuneCP5_13TeV-madgraph-pythia8_109.root for shift: nominal
[step1.h] Opening file: /isilon/hadoop/store/group/bruxljm/FWLJMET106XUL_singleLep2017UL_RunIISummer20_X53X53/PairVLQ_x53x53_tWtW_narrow_RH_M800_TuneCP5_13TeV-madgraph-pythia8/singleLep2017UL/230310_181414/0000/PairVLQ_x53x53_tWtW_narrow_RH_M800_TuneCP5_13TeV-madgraph-pythia8_109.root
[step1.h] Finished initializing
RUN CONFIG: YEAR = 2017
Era = 
isMC = 1, isSig = 1, SigMass = 1
isHad =0, isSE =0, isSM =0
isTTTT = 0, isXX = 1, isTpTp = 0, isBpBp = 0
For W's: isTT = 0, isSTt = 0, isSTtW = 0
For jets & PDF: isTOP = 0, isMadgraphBkg = 1
For HOTTagger Efficiencies: isTTV = 0, isTTHbb = 0, isTTHnonbb = 0, isTTTX = 0
isTTVV = 0, isST = 0, isTTToSemiLeptonHT500Njet9 = 0
Pileup sample key: PairVLQ_x53x53_tWtW_narrow_RH_M800_TuneCP5_13TeV-madgraph-pythia8
b-tagging working points: 0.304(DeepJet)0.4506(DeepCSV)
isTTincMtt0to700: 0
isTTincMtt0to1000: 0
isTTincMtt700to1000: 0
isTTincMtt1000toInf: 0
isTTSemilepIncHT0Njet0: 0
isTTSemilepIncHT500Njet9: 0
outTTLF: 0
outTTCC: 0
outTTBB: 0
outTT1B: 0
outTT2B: 0
>> Completed 0 out of 1052 events
[INFO] Defaulting to central deepJet weight for: nominal
>> Completed 1000 out of 1052 events
Nelectrons      = 515 / 1052
Npassed_ElEta   = 515 / 1052
Nmuons          = 537 / 1052
NrelIsoFail     = 0 / 1052
Npassed_MuEta   = 537 / 1052
Npassed_nAK8Jets= 1052 / 1052
Npassed_Trigger = 1014 / 1052
Npassed_MET     = 847 / 1052
Npassed_lepPt   = 911 / 1052
Npassed_HT      = 1039 / 1052
npass_Njets     = 1050 / 1052
Npassed_ALL     = 727 / 1052

>> Running /isilon/hadoop/store/group/bruxljm/FWLJMET106XUL_singleLep2017UL_RunIISummer20_X53X53/PairVLQ_x53x53_tWtW_narrow_RH_M800_TuneCP5_13TeV-madgraph-pythia8/singleLep2017UL/230310_181414/0000/PairVLQ_x53x53_tWtW_narrow_RH_M800_TuneCP5_13TeV-madgraph-pythia8_11.root for shift: nominal
[step1.h] Opening file: /isilon/hadoop/store/group/bruxljm/FWLJMET106XUL_singleLep2017UL_RunIISummer20_X53X53/PairVLQ_x53x53_tWtW_narrow_RH_M800_TuneCP5_13TeV-madgraph-pythia8/singleLep2017UL/230310_181414/0000/PairVLQ_x53x53_tWtW_narrow_RH_M800_TuneCP5_13TeV-madgraph-pythia8_11.root
[step1.h] Finished initializing
RUN CONFIG: YEAR = 2017
Era = 
isMC = 1, isSig = 1, SigMass = 1
isHad =0, isSE =0, isSM =0
isTTTT = 0, isXX = 1, isTpTp = 0, isBpBp = 0
For W's: isTT = 0, isSTt = 0, isSTtW = 0
For jets & PDF: isTOP = 0, isMadgraphBkg = 1
For HOTTagger Efficiencies: isTTV = 0, isTTHbb = 0, isTTHnonbb = 0, isTTTX = 0
isTTVV = 0, isST = 0, isTTToSemiLeptonHT500Njet9 = 0
Pileup sample key: PairVLQ_x53x53_tWtW_narrow_RH_M800_TuneCP5_13TeV-madgraph-pythia8
b-tagging working points: 0.304(DeepJet)0.4506(DeepCSV)
isTTincMtt0to700: 0
isTTincMtt0to1000: 0
isTTincMtt700to1000: 0
isTTincMtt1000toInf: 0
isTTSemilepIncHT0Njet0: 0
isTTSemilepIncHT500Njet9: 0
outTTLF: 0
outTTCC: 0
outTTBB: 0
outTT1B: 0
outTT2B: 0
>> Completed 0 out of 1027 events
[INFO] Defaulting to central deepJet weight for: nominal
>> Completed 1000 out of 1027 events
Nelectrons      = 486 / 1027
Npassed_ElEta   = 486 / 1027
Nmuons          = 541 / 1027
NrelIsoFail     = 0 / 1027
Npassed_MuEta   = 541 / 1027
Npassed_nAK8Jets= 1027 / 1027
Npassed_Trigger = 992 / 1027
Npassed_MET     = 832 / 1027
Npassed_lepPt   = 890 / 1027
Npassed_HT      = 1014 / 1027
npass_Njets     = 1021 / 1027
Npassed_ALL     = 695 / 1027

>> Running /isilon/hadoop/store/group/bruxljm/FWLJMET106XUL_singleLep2017UL_RunIISummer20_X53X53/PairVLQ_x53x53_tWtW_narrow_RH_M800_TuneCP5_13TeV-madgraph-pythia8/singleLep2017UL/230310_181414/0000/PairVLQ_x53x53_tWtW_narrow_RH_M800_TuneCP5_13TeV-madgraph-pythia8_110.root for shift: nominal
[step1.h] Opening file: /isilon/hadoop/store/group/bruxljm/FWLJMET106XUL_singleLep2017UL_RunIISummer20_X53X53/PairVLQ_x53x53_tWtW_narrow_RH_M800_TuneCP5_13TeV-madgraph-pythia8/singleLep2017UL/230310_181414/0000/PairVLQ_x53x53_tWtW_narrow_RH_M800_TuneCP5_13TeV-madgraph-pythia8_110.root
[step1.h] Finished initializing
RUN CONFIG: YEAR = 2017
Era = 
isMC = 1, isSig = 1, SigMass = 1
isHad =0, isSE =0, isSM =0
isTTTT = 0, isXX = 1, isTpTp = 0, isBpBp = 0
For W's: isTT = 0, isSTt = 0, isSTtW = 0
For jets & PDF: isTOP = 0, isMadgraphBkg = 1
For HOTTagger Efficiencies: isTTV = 0, isTTHbb = 0, isTTHnonbb = 0, isTTTX = 0
isTTVV = 0, isST = 0, isTTToSemiLeptonHT500Njet9 = 0
Pileup sample key: PairVLQ_x53x53_tWtW_narrow_RH_M800_TuneCP5_13TeV-madgraph-pythia8
b-tagging working points: 0.304(DeepJet)0.4506(DeepCSV)
isTTincMtt0to700: 0
isTTincMtt0to1000: 0
isTTincMtt700to1000: 0
isTTincMtt1000toInf: 0
isTTSemilepIncHT0Njet0: 0
isTTSemilepIncHT500Njet9: 0
outTTLF: 0
outTTCC: 0
outTTBB: 0
outTT1B: 0
outTT2B: 0
>> Completed 0 out of 1052 events
[INFO] Defaulting to central deepJet weight for: nominal
>> Completed 1000 out of 1052 events
Nelectrons      = 499 / 1052
Npassed_ElEta   = 499 / 1052
Nmuons          = 553 / 1052
NrelIsoFail     = 0 / 1052
Npassed_MuEta   = 553 / 1052
Npassed_nAK8Jets= 1052 / 1052
Npassed_Trigger = 1003 / 1052
Npassed_MET     = 852 / 1052
Npassed_lepPt   = 899 / 1052
Npassed_HT      = 1035 / 1052
npass_Njets     = 1048 / 1052
Npassed_ALL     = 707 / 1052

>> Running /isilon/hadoop/store/group/bruxljm/FWLJMET106XUL_singleLep2017UL_RunIISummer20_X53X53/PairVLQ_x53x53_tWtW_narrow_RH_M800_TuneCP5_13TeV-madgraph-pythia8/singleLep2017UL/230310_181414/0000/PairVLQ_x53x53_tWtW_narrow_RH_M800_TuneCP5_13TeV-madgraph-pythia8_111.root for shift: nominal
[step1.h] Opening file: /isilon/hadoop/store/group/bruxljm/FWLJMET106XUL_singleLep2017UL_RunIISummer20_X53X53/PairVLQ_x53x53_tWtW_narrow_RH_M800_TuneCP5_13TeV-madgraph-pythia8/singleLep2017UL/230310_181414/0000/PairVLQ_x53x53_tWtW_narrow_RH_M800_TuneCP5_13TeV-madgraph-pythia8_111.root
[step1.h] Finished initializing
RUN CONFIG: YEAR = 2017
Era = 
isMC = 1, isSig = 1, SigMass = 1
isHad =0, isSE =0, isSM =0
isTTTT = 0, isXX = 1, isTpTp = 0, isBpBp = 0
For W's: isTT = 0, isSTt = 0, isSTtW = 0
For jets & PDF: isTOP = 0, isMadgraphBkg = 1
For HOTTagger Efficiencies: isTTV = 0, isTTHbb = 0, isTTHnonbb = 0, isTTTX = 0
isTTVV = 0, isST = 0, isTTToSemiLeptonHT500Njet9 = 0
Pileup sample key: PairVLQ_x53x53_tWtW_narrow_RH_M800_TuneCP5_13TeV-madgraph-pythia8
b-tagging working points: 0.304(DeepJet)0.4506(DeepCSV)
isTTincMtt0to700: 0
isTTincMtt0to1000: 0
isTTincMtt700to1000: 0
isTTincMtt1000toInf: 0
isTTSemilepIncHT0Njet0: 0
isTTSemilepIncHT500Njet9: 0
outTTLF: 0
outTTCC: 0
outTTBB: 0
outTT1B: 0
outTT2B: 0
>> Completed 0 out of 526 events
[INFO] Defaulting to central deepJet weight for: nominal
Nelectrons      = 256 / 526
Npassed_ElEta   = 256 / 526
Nmuons          = 270 / 526
NrelIsoFail     = 0 / 526
Npassed_MuEta   = 270 / 526
Npassed_nAK8Jets= 526 / 526
Npassed_Trigger = 514 / 526
Npassed_MET     = 424 / 526
Npassed_lepPt   = 456 / 526
Npassed_HT      = 522 / 526
npass_Njets     = 523 / 526
Npassed_ALL     = 360 / 526

>> Running /isilon/hadoop/store/group/bruxljm/FWLJMET106XUL_singleLep2017UL_RunIISummer20_X53X53/PairVLQ_x53x53_tWtW_narrow_RH_M800_TuneCP5_13TeV-madgraph-pythia8/singleLep2017UL/230310_181414/0000/PairVLQ_x53x53_tWtW_narrow_RH_M800_TuneCP5_13TeV-madgraph-pythia8_112.root for shift: nominal
[step1.h] Opening file: /isilon/hadoop/store/group/bruxljm/FWLJMET106XUL_singleLep2017UL_RunIISummer20_X53X53/PairVLQ_x53x53_tWtW_narrow_RH_M800_TuneCP5_13TeV-madgraph-pythia8/singleLep2017UL/230310_181414/0000/PairVLQ_x53x53_tWtW_narrow_RH_M800_TuneCP5_13TeV-madgraph-pythia8_112.root
[step1.h] Finished initializing
RUN CONFIG: YEAR = 2017
Era = 
isMC = 1, isSig = 1, SigMass = 1
isHad =0, isSE =0, isSM =0
isTTTT = 0, isXX = 1, isTpTp = 0, isBpBp = 0
For W's: isTT = 0, isSTt = 0, isSTtW = 0
For jets & PDF: isTOP = 0, isMadgraphBkg = 1
For HOTTagger Efficiencies: isTTV = 0, isTTHbb = 0, isTTHnonbb = 0, isTTTX = 0
isTTVV = 0, isST = 0, isTTToSemiLeptonHT500Njet9 = 0
Pileup sample key: PairVLQ_x53x53_tWtW_narrow_RH_M800_TuneCP5_13TeV-madgraph-pythia8
b-tagging working points: 0.304(DeepJet)0.4506(DeepCSV)
isTTincMtt0to700: 0
isTTincMtt0to1000: 0
isTTincMtt700to1000: 0
isTTincMtt1000toInf: 0
isTTSemilepIncHT0Njet0: 0
isTTSemilepIncHT500Njet9: 0
outTTLF: 0
outTTCC: 0
outTTBB: 0
outTT1B: 0
outTT2B: 0
>> Completed 0 out of 1040 events
[INFO] Defaulting to central deepJet weight for: nominal
>> Completed 1000 out of 1040 events
Nelectrons      = 500 / 1040
Npassed_ElEta   = 500 / 1040
Nmuons          = 540 / 1040
NrelIsoFail     = 0 / 1040
Npassed_MuEta   = 540 / 1040
Npassed_nAK8Jets= 1040 / 1040
Npassed_Trigger = 1004 / 1040
Npassed_MET     = 841 / 1040
Npassed_lepPt   = 869 / 1040
Npassed_HT      = 1034 / 1040
npass_Njets     = 1037 / 1040
Npassed_ALL     = 694 / 1040

>> Running /isilon/hadoop/store/group/bruxljm/FWLJMET106XUL_singleLep2017UL_RunIISummer20_X53X53/PairVLQ_x53x53_tWtW_narrow_RH_M800_TuneCP5_13TeV-madgraph-pythia8/singleLep2017UL/230310_181414/0000/PairVLQ_x53x53_tWtW_narrow_RH_M800_TuneCP5_13TeV-madgraph-pythia8_113.root for shift: nominal
[step1.h] Opening file: /isilon/hadoop/store/group/bruxljm/FWLJMET106XUL_singleLep2017UL_RunIISummer20_X53X53/PairVLQ_x53x53_tWtW_narrow_RH_M800_TuneCP5_13TeV-madgraph-pythia8/singleLep2017UL/230310_181414/0000/PairVLQ_x53x53_tWtW_narrow_RH_M800_TuneCP5_13TeV-madgraph-pythia8_113.root
[step1.h] Finished initializing
RUN CONFIG: YEAR = 2017
Era = 
isMC = 1, isSig = 1, SigMass = 1
isHad =0, isSE =0, isSM =0
isTTTT = 0, isXX = 1, isTpTp = 0, isBpBp = 0
For W's: isTT = 0, isSTt = 0, isSTtW = 0
For jets & PDF: isTOP = 0, isMadgraphBkg = 1
For HOTTagger Efficiencies: isTTV = 0, isTTHbb = 0, isTTHnonbb = 0, isTTTX = 0
isTTVV = 0, isST = 0, isTTToSemiLeptonHT500Njet9 = 0
Pileup sample key: PairVLQ_x53x53_tWtW_narrow_RH_M800_TuneCP5_13TeV-madgraph-pythia8
b-tagging working points: 0.304(DeepJet)0.4506(DeepCSV)
isTTincMtt0to700: 0
isTTincMtt0to1000: 0
isTTincMtt700to1000: 0
isTTincMtt1000toInf: 0
isTTSemilepIncHT0Njet0: 0
isTTSemilepIncHT500Njet9: 0
outTTLF: 0
outTTCC: 0
outTTBB: 0
outTT1B: 0
outTT2B: 0
>> Completed 0 out of 1019 events
[INFO] Defaulting to central deepJet weight for: nominal
>> Completed 1000 out of 1019 events
Nelectrons      = 453 / 1019
Npassed_ElEta   = 453 / 1019
Nmuons          = 566 / 1019
NrelIsoFail     = 0 / 1019
Npassed_MuEta   = 566 / 1019
Npassed_nAK8Jets= 1019 / 1019
Npassed_Trigger = 989 / 1019
Npassed_MET     = 835 / 1019
Npassed_lepPt   = 864 / 1019
Npassed_HT      = 1007 / 1019
npass_Njets     = 1016 / 1019
Npassed_ALL     = 700 / 1019

>> Running /isilon/hadoop/store/group/bruxljm/FWLJMET106XUL_singleLep2017UL_RunIISummer20_X53X53/PairVLQ_x53x53_tWtW_narrow_RH_M800_TuneCP5_13TeV-madgraph-pythia8/singleLep2017UL/230310_181414/0000/PairVLQ_x53x53_tWtW_narrow_RH_M800_TuneCP5_13TeV-madgraph-pythia8_114.root for shift: nominal
[step1.h] Opening file: /isilon/hadoop/store/group/bruxljm/FWLJMET106XUL_singleLep2017UL_RunIISummer20_X53X53/PairVLQ_x53x53_tWtW_narrow_RH_M800_TuneCP5_13TeV-madgraph-pythia8/singleLep2017UL/230310_181414/0000/PairVLQ_x53x53_tWtW_narrow_RH_M800_TuneCP5_13TeV-madgraph-pythia8_114.root
[step1.h] Finished initializing
RUN CONFIG: YEAR = 2017
Era = 
isMC = 1, isSig = 1, SigMass = 1
isHad =0, isSE =0, isSM =0
isTTTT = 0, isXX = 1, isTpTp = 0, isBpBp = 0
For W's: isTT = 0, isSTt = 0, isSTtW = 0
For jets & PDF: isTOP = 0, isMadgraphBkg = 1
For HOTTagger Efficiencies: isTTV = 0, isTTHbb = 0, isTTHnonbb = 0, isTTTX = 0
isTTVV = 0, isST = 0, isTTToSemiLeptonHT500Njet9 = 0
Pileup sample key: PairVLQ_x53x53_tWtW_narrow_RH_M800_TuneCP5_13TeV-madgraph-pythia8
b-tagging working points: 0.304(DeepJet)0.4506(DeepCSV)
isTTincMtt0to700: 0
isTTincMtt0to1000: 0
isTTincMtt700to1000: 0
isTTincMtt1000toInf: 0
isTTSemilepIncHT0Njet0: 0
isTTSemilepIncHT500Njet9: 0
outTTLF: 0
outTTCC: 0
outTTBB: 0
outTT1B: 0
outTT2B: 0
>> Completed 0 out of 1034 events
[INFO] Defaulting to central deepJet weight for: nominal
>> Completed 1000 out of 1034 events
Nelectrons      = 477 / 1034
Npassed_ElEta   = 477 / 1034
Nmuons          = 557 / 1034
NrelIsoFail     = 0 / 1034
Npassed_MuEta   = 557 / 1034
Npassed_nAK8Jets= 1034 / 1034
Npassed_Trigger = 1001 / 1034
Npassed_MET     = 815 / 1034
Npassed_lepPt   = 870 / 1034
Npassed_HT      = 1015 / 1034
npass_Njets     = 1029 / 1034
Npassed_ALL     = 669 / 1034

>> Running /isilon/hadoop/store/group/bruxljm/FWLJMET106XUL_singleLep2017UL_RunIISummer20_X53X53/PairVLQ_x53x53_tWtW_narrow_RH_M800_TuneCP5_13TeV-madgraph-pythia8/singleLep2017UL/230310_181414/0000/PairVLQ_x53x53_tWtW_narrow_RH_M800_TuneCP5_13TeV-madgraph-pythia8_115.root for shift: nominal
[step1.h] Opening file: /isilon/hadoop/store/group/bruxljm/FWLJMET106XUL_singleLep2017UL_RunIISummer20_X53X53/PairVLQ_x53x53_tWtW_narrow_RH_M800_TuneCP5_13TeV-madgraph-pythia8/singleLep2017UL/230310_181414/0000/PairVLQ_x53x53_tWtW_narrow_RH_M800_TuneCP5_13TeV-madgraph-pythia8_115.root
[step1.h] Finished initializing
RUN CONFIG: YEAR = 2017
Era = 
isMC = 1, isSig = 1, SigMass = 1
isHad =0, isSE =0, isSM =0
isTTTT = 0, isXX = 1, isTpTp = 0, isBpBp = 0
For W's: isTT = 0, isSTt = 0, isSTtW = 0
For jets & PDF: isTOP = 0, isMadgraphBkg = 1
For HOTTagger Efficiencies: isTTV = 0, isTTHbb = 0, isTTHnonbb = 0, isTTTX = 0
isTTVV = 0, isST = 0, isTTToSemiLeptonHT500Njet9 = 0
Pileup sample key: PairVLQ_x53x53_tWtW_narrow_RH_M800_TuneCP5_13TeV-madgraph-pythia8
b-tagging working points: 0.304(DeepJet)0.4506(DeepCSV)
isTTincMtt0to700: 0
isTTincMtt0to1000: 0
isTTincMtt700to1000: 0
isTTincMtt1000toInf: 0
isTTSemilepIncHT0Njet0: 0
isTTSemilepIncHT500Njet9: 0
outTTLF: 0
outTTCC: 0
outTTBB: 0
outTT1B: 0
outTT2B: 0
>> Completed 0 out of 1049 events
[INFO] Defaulting to central deepJet weight for: nominal
>> Completed 1000 out of 1049 events
Nelectrons      = 495 / 1049
Npassed_ElEta   = 495 / 1049
Nmuons          = 554 / 1049
NrelIsoFail     = 0 / 1049
Npassed_MuEta   = 554 / 1049
Npassed_nAK8Jets= 1049 / 1049
Npassed_Trigger = 1020 / 1049
Npassed_MET     = 870 / 1049
Npassed_lepPt   = 882 / 1049
Npassed_HT      = 1034 / 1049
npass_Njets     = 1041 / 1049
Npassed_ALL     = 708 / 1049

>> Running /isilon/hadoop/store/group/bruxljm/FWLJMET106XUL_singleLep2017UL_RunIISummer20_X53X53/PairVLQ_x53x53_tWtW_narrow_RH_M800_TuneCP5_13TeV-madgraph-pythia8/singleLep2017UL/230310_181414/0000/PairVLQ_x53x53_tWtW_narrow_RH_M800_TuneCP5_13TeV-madgraph-pythia8_116.root for shift: nominal
[step1.h] Opening file: /isilon/hadoop/store/group/bruxljm/FWLJMET106XUL_singleLep2017UL_RunIISummer20_X53X53/PairVLQ_x53x53_tWtW_narrow_RH_M800_TuneCP5_13TeV-madgraph-pythia8/singleLep2017UL/230310_181414/0000/PairVLQ_x53x53_tWtW_narrow_RH_M800_TuneCP5_13TeV-madgraph-pythia8_116.root
[step1.h] Finished initializing
RUN CONFIG: YEAR = 2017
Era = 
isMC = 1, isSig = 1, SigMass = 1
isHad =0, isSE =0, isSM =0
isTTTT = 0, isXX = 1, isTpTp = 0, isBpBp = 0
For W's: isTT = 0, isSTt = 0, isSTtW = 0
For jets & PDF: isTOP = 0, isMadgraphBkg = 1
For HOTTagger Efficiencies: isTTV = 0, isTTHbb = 0, isTTHnonbb = 0, isTTTX = 0
isTTVV = 0, isST = 0, isTTToSemiLeptonHT500Njet9 = 0
Pileup sample key: PairVLQ_x53x53_tWtW_narrow_RH_M800_TuneCP5_13TeV-madgraph-pythia8
b-tagging working points: 0.304(DeepJet)0.4506(DeepCSV)
isTTincMtt0to700: 0
isTTincMtt0to1000: 0
isTTincMtt700to1000: 0
isTTincMtt1000toInf: 0
isTTSemilepIncHT0Njet0: 0
isTTSemilepIncHT500Njet9: 0
outTTLF: 0
outTTCC: 0
outTTBB: 0
outTT1B: 0
outTT2B: 0
>> Completed 0 out of 991 events
[INFO] Defaulting to central deepJet weight for: nominal
Nelectrons      = 488 / 991
Npassed_ElEta   = 488 / 991
Nmuons          = 503 / 991
NrelIsoFail     = 0 / 991
Npassed_MuEta   = 503 / 991
Npassed_nAK8Jets= 991 / 991
Npassed_Trigger = 952 / 991
Npassed_MET     = 794 / 991
Npassed_lepPt   = 814 / 991
Npassed_HT      = 982 / 991
npass_Njets     = 987 / 991
Npassed_ALL     = 639 / 991

>> Running /isilon/hadoop/store/group/bruxljm/FWLJMET106XUL_singleLep2017UL_RunIISummer20_X53X53/PairVLQ_x53x53_tWtW_narrow_RH_M800_TuneCP5_13TeV-madgraph-pythia8/singleLep2017UL/230310_181414/0000/PairVLQ_x53x53_tWtW_narrow_RH_M800_TuneCP5_13TeV-madgraph-pythia8_117.root for shift: nominal
[step1.h] Opening file: /isilon/hadoop/store/group/bruxljm/FWLJMET106XUL_singleLep2017UL_RunIISummer20_X53X53/PairVLQ_x53x53_tWtW_narrow_RH_M800_TuneCP5_13TeV-madgraph-pythia8/singleLep2017UL/230310_181414/0000/PairVLQ_x53x53_tWtW_narrow_RH_M800_TuneCP5_13TeV-madgraph-pythia8_117.root
[step1.h] Finished initializing
RUN CONFIG: YEAR = 2017
Era = 
isMC = 1, isSig = 1, SigMass = 1
isHad =0, isSE =0, isSM =0
isTTTT = 0, isXX = 1, isTpTp = 0, isBpBp = 0
For W's: isTT = 0, isSTt = 0, isSTtW = 0
For jets & PDF: isTOP = 0, isMadgraphBkg = 1
For HOTTagger Efficiencies: isTTV = 0, isTTHbb = 0, isTTHnonbb = 0, isTTTX = 0
isTTVV = 0, isST = 0, isTTToSemiLeptonHT500Njet9 = 0
Pileup sample key: PairVLQ_x53x53_tWtW_narrow_RH_M800_TuneCP5_13TeV-madgraph-pythia8
b-tagging working points: 0.304(DeepJet)0.4506(DeepCSV)
isTTincMtt0to700: 0
isTTincMtt0to1000: 0
isTTincMtt700to1000: 0
isTTincMtt1000toInf: 0
isTTSemilepIncHT0Njet0: 0
isTTSemilepIncHT500Njet9: 0
outTTLF: 0
outTTCC: 0
outTTBB: 0
outTT1B: 0
outTT2B: 0
>> Completed 0 out of 501 events
[INFO] Defaulting to central deepJet weight for: nominal
Nelectrons      = 231 / 501
Npassed_ElEta   = 231 / 501
Nmuons          = 270 / 501
NrelIsoFail     = 0 / 501
Npassed_MuEta   = 270 / 501
Npassed_nAK8Jets= 501 / 501
Npassed_Trigger = 491 / 501
Npassed_MET     = 412 / 501
Npassed_lepPt   = 416 / 501
Npassed_HT      = 497 / 501
npass_Njets     = 500 / 501
Npassed_ALL     = 335 / 501

>> Running /isilon/hadoop/store/group/bruxljm/FWLJMET106XUL_singleLep2017UL_RunIISummer20_X53X53/PairVLQ_x53x53_tWtW_narrow_RH_M800_TuneCP5_13TeV-madgraph-pythia8/singleLep2017UL/230310_181414/0000/PairVLQ_x53x53_tWtW_narrow_RH_M800_TuneCP5_13TeV-madgraph-pythia8_118.root for shift: nominal
[step1.h] Opening file: /isilon/hadoop/store/group/bruxljm/FWLJMET106XUL_singleLep2017UL_RunIISummer20_X53X53/PairVLQ_x53x53_tWtW_narrow_RH_M800_TuneCP5_13TeV-madgraph-pythia8/singleLep2017UL/230310_181414/0000/PairVLQ_x53x53_tWtW_narrow_RH_M800_TuneCP5_13TeV-madgraph-pythia8_118.root
[step1.h] Finished initializing
RUN CONFIG: YEAR = 2017
Era = 
isMC = 1, isSig = 1, SigMass = 1
isHad =0, isSE =0, isSM =0
isTTTT = 0, isXX = 1, isTpTp = 0, isBpBp = 0
For W's: isTT = 0, isSTt = 0, isSTtW = 0
For jets & PDF: isTOP = 0, isMadgraphBkg = 1
For HOTTagger Efficiencies: isTTV = 0, isTTHbb = 0, isTTHnonbb = 0, isTTTX = 0
isTTVV = 0, isST = 0, isTTToSemiLeptonHT500Njet9 = 0
Pileup sample key: PairVLQ_x53x53_tWtW_narrow_RH_M800_TuneCP5_13TeV-madgraph-pythia8
b-tagging working points: 0.304(DeepJet)0.4506(DeepCSV)
isTTincMtt0to700: 0
isTTincMtt0to1000: 0
isTTincMtt700to1000: 0
isTTincMtt1000toInf: 0
isTTSemilepIncHT0Njet0: 0
isTTSemilepIncHT500Njet9: 0
outTTLF: 0
outTTCC: 0
outTTBB: 0
outTT1B: 0
outTT2B: 0
>> Completed 0 out of 1046 events
[INFO] Defaulting to central deepJet weight for: nominal
>> Completed 1000 out of 1046 events
Nelectrons      = 471 / 1046
Npassed_ElEta   = 471 / 1046
Nmuons          = 575 / 1046
NrelIsoFail     = 0 / 1046
Npassed_MuEta   = 575 / 1046
Npassed_nAK8Jets= 1046 / 1046
Npassed_Trigger = 1007 / 1046
Npassed_MET     = 842 / 1046
Npassed_lepPt   = 880 / 1046
Npassed_HT      = 1035 / 1046
npass_Njets     = 1041 / 1046
Npassed_ALL     = 689 / 1046

>> Running /isilon/hadoop/store/group/bruxljm/FWLJMET106XUL_singleLep2017UL_RunIISummer20_X53X53/PairVLQ_x53x53_tWtW_narrow_RH_M800_TuneCP5_13TeV-madgraph-pythia8/singleLep2017UL/230310_181414/0000/PairVLQ_x53x53_tWtW_narrow_RH_M800_TuneCP5_13TeV-madgraph-pythia8_119.root for shift: nominal
[step1.h] Opening file: /isilon/hadoop/store/group/bruxljm/FWLJMET106XUL_singleLep2017UL_RunIISummer20_X53X53/PairVLQ_x53x53_tWtW_narrow_RH_M800_TuneCP5_13TeV-madgraph-pythia8/singleLep2017UL/230310_181414/0000/PairVLQ_x53x53_tWtW_narrow_RH_M800_TuneCP5_13TeV-madgraph-pythia8_119.root
[step1.h] Finished initializing
RUN CONFIG: YEAR = 2017
Era = 
isMC = 1, isSig = 1, SigMass = 1
isHad =0, isSE =0, isSM =0
isTTTT = 0, isXX = 1, isTpTp = 0, isBpBp = 0
For W's: isTT = 0, isSTt = 0, isSTtW = 0
For jets & PDF: isTOP = 0, isMadgraphBkg = 1
For HOTTagger Efficiencies: isTTV = 0, isTTHbb = 0, isTTHnonbb = 0, isTTTX = 0
isTTVV = 0, isST = 0, isTTToSemiLeptonHT500Njet9 = 0
Pileup sample key: PairVLQ_x53x53_tWtW_narrow_RH_M800_TuneCP5_13TeV-madgraph-pythia8
b-tagging working points: 0.304(DeepJet)0.4506(DeepCSV)
isTTincMtt0to700: 0
isTTincMtt0to1000: 0
isTTincMtt700to1000: 0
isTTincMtt1000toInf: 0
isTTSemilepIncHT0Njet0: 0
isTTSemilepIncHT500Njet9: 0
outTTLF: 0
outTTCC: 0
outTTBB: 0
outTT1B: 0
outTT2B: 0
>> Completed 0 out of 1031 events
[INFO] Defaulting to central deepJet weight for: nominal
>> Completed 1000 out of 1031 events
Nelectrons      = 469 / 1031
Npassed_ElEta   = 469 / 1031
Nmuons          = 562 / 1031
NrelIsoFail     = 0 / 1031
Npassed_MuEta   = 562 / 1031
Npassed_nAK8Jets= 1031 / 1031
Npassed_Trigger = 998 / 1031
Npassed_MET     = 827 / 1031
Npassed_lepPt   = 871 / 1031
Npassed_HT      = 1017 / 1031
npass_Njets     = 1024 / 1031
Npassed_ALL     = 680 / 1031

>> Running /isilon/hadoop/store/group/bruxljm/FWLJMET106XUL_singleLep2017UL_RunIISummer20_X53X53/PairVLQ_x53x53_tWtW_narrow_RH_M800_TuneCP5_13TeV-madgraph-pythia8/singleLep2017UL/230310_181414/0000/PairVLQ_x53x53_tWtW_narrow_RH_M800_TuneCP5_13TeV-madgraph-pythia8_12.root for shift: nominal
[step1.h] Opening file: /isilon/hadoop/store/group/bruxljm/FWLJMET106XUL_singleLep2017UL_RunIISummer20_X53X53/PairVLQ_x53x53_tWtW_narrow_RH_M800_TuneCP5_13TeV-madgraph-pythia8/singleLep2017UL/230310_181414/0000/PairVLQ_x53x53_tWtW_narrow_RH_M800_TuneCP5_13TeV-madgraph-pythia8_12.root
[step1.h] Finished initializing
RUN CONFIG: YEAR = 2017
Era = 
isMC = 1, isSig = 1, SigMass = 1
isHad =0, isSE =0, isSM =0
isTTTT = 0, isXX = 1, isTpTp = 0, isBpBp = 0
For W's: isTT = 0, isSTt = 0, isSTtW = 0
For jets & PDF: isTOP = 0, isMadgraphBkg = 1
For HOTTagger Efficiencies: isTTV = 0, isTTHbb = 0, isTTHnonbb = 0, isTTTX = 0
isTTVV = 0, isST = 0, isTTToSemiLeptonHT500Njet9 = 0
Pileup sample key: PairVLQ_x53x53_tWtW_narrow_RH_M800_TuneCP5_13TeV-madgraph-pythia8
b-tagging working points: 0.304(DeepJet)0.4506(DeepCSV)
isTTincMtt0to700: 0
isTTincMtt0to1000: 0
isTTincMtt700to1000: 0
isTTincMtt1000toInf: 0
isTTSemilepIncHT0Njet0: 0
isTTSemilepIncHT500Njet9: 0
outTTLF: 0
outTTCC: 0
outTTBB: 0
outTT1B: 0
outTT2B: 0
>> Completed 0 out of 1075 events
[INFO] Defaulting to central deepJet weight for: nominal
>> Completed 1000 out of 1075 events
Nelectrons      = 492 / 1075
Npassed_ElEta   = 492 / 1075
Nmuons          = 583 / 1075
NrelIsoFail     = 0 / 1075
Npassed_MuEta   = 583 / 1075
Npassed_nAK8Jets= 1075 / 1075
Npassed_Trigger = 1039 / 1075
Npassed_MET     = 849 / 1075
Npassed_lepPt   = 918 / 1075
Npassed_HT      = 1064 / 1075
npass_Njets     = 1073 / 1075
Npassed_ALL     = 724 / 1075

>> Running /isilon/hadoop/store/group/bruxljm/FWLJMET106XUL_singleLep2017UL_RunIISummer20_X53X53/PairVLQ_x53x53_tWtW_narrow_RH_M800_TuneCP5_13TeV-madgraph-pythia8/singleLep2017UL/230310_181414/0000/PairVLQ_x53x53_tWtW_narrow_RH_M800_TuneCP5_13TeV-madgraph-pythia8_120.root for shift: nominal
[step1.h] Opening file: /isilon/hadoop/store/group/bruxljm/FWLJMET106XUL_singleLep2017UL_RunIISummer20_X53X53/PairVLQ_x53x53_tWtW_narrow_RH_M800_TuneCP5_13TeV-madgraph-pythia8/singleLep2017UL/230310_181414/0000/PairVLQ_x53x53_tWtW_narrow_RH_M800_TuneCP5_13TeV-madgraph-pythia8_120.root
[step1.h] Finished initializing
RUN CONFIG: YEAR = 2017
Era = 
isMC = 1, isSig = 1, SigMass = 1
isHad =0, isSE =0, isSM =0
isTTTT = 0, isXX = 1, isTpTp = 0, isBpBp = 0
For W's: isTT = 0, isSTt = 0, isSTtW = 0
For jets & PDF: isTOP = 0, isMadgraphBkg = 1
For HOTTagger Efficiencies: isTTV = 0, isTTHbb = 0, isTTHnonbb = 0, isTTTX = 0
isTTVV = 0, isST = 0, isTTToSemiLeptonHT500Njet9 = 0
Pileup sample key: PairVLQ_x53x53_tWtW_narrow_RH_M800_TuneCP5_13TeV-madgraph-pythia8
b-tagging working points: 0.304(DeepJet)0.4506(DeepCSV)
isTTincMtt0to700: 0
isTTincMtt0to1000: 0
isTTincMtt700to1000: 0
isTTincMtt1000toInf: 0
isTTSemilepIncHT0Njet0: 0
isTTSemilepIncHT500Njet9: 0
outTTLF: 0
outTTCC: 0
outTTBB: 0
outTT1B: 0
outTT2B: 0
>> Completed 0 out of 1038 events
[INFO] Defaulting to central deepJet weight for: nominal
>> Completed 1000 out of 1038 events
Nelectrons      = 507 / 1038
Npassed_ElEta   = 507 / 1038
Nmuons          = 531 / 1038
NrelIsoFail     = 0 / 1038
Npassed_MuEta   = 531 / 1038
Npassed_nAK8Jets= 1038 / 1038
Npassed_Trigger = 997 / 1038
Npassed_MET     = 851 / 1038
Npassed_lepPt   = 867 / 1038
Npassed_HT      = 1022 / 1038
npass_Njets     = 1035 / 1038
Npassed_ALL     = 699 / 1038

>> Running /isilon/hadoop/store/group/bruxljm/FWLJMET106XUL_singleLep2017UL_RunIISummer20_X53X53/PairVLQ_x53x53_tWtW_narrow_RH_M800_TuneCP5_13TeV-madgraph-pythia8/singleLep2017UL/230310_181414/0000/PairVLQ_x53x53_tWtW_narrow_RH_M800_TuneCP5_13TeV-madgraph-pythia8_121.root for shift: nominal
[step1.h] Opening file: /isilon/hadoop/store/group/bruxljm/FWLJMET106XUL_singleLep2017UL_RunIISummer20_X53X53/PairVLQ_x53x53_tWtW_narrow_RH_M800_TuneCP5_13TeV-madgraph-pythia8/singleLep2017UL/230310_181414/0000/PairVLQ_x53x53_tWtW_narrow_RH_M800_TuneCP5_13TeV-madgraph-pythia8_121.root
[step1.h] Finished initializing
RUN CONFIG: YEAR = 2017
Era = 
isMC = 1, isSig = 1, SigMass = 1
isHad =0, isSE =0, isSM =0
isTTTT = 0, isXX = 1, isTpTp = 0, isBpBp = 0
For W's: isTT = 0, isSTt = 0, isSTtW = 0
For jets & PDF: isTOP = 0, isMadgraphBkg = 1
For HOTTagger Efficiencies: isTTV = 0, isTTHbb = 0, isTTHnonbb = 0, isTTTX = 0
isTTVV = 0, isST = 0, isTTToSemiLeptonHT500Njet9 = 0
Pileup sample key: PairVLQ_x53x53_tWtW_narrow_RH_M800_TuneCP5_13TeV-madgraph-pythia8
b-tagging working points: 0.304(DeepJet)0.4506(DeepCSV)
isTTincMtt0to700: 0
isTTincMtt0to1000: 0
isTTincMtt700to1000: 0
isTTincMtt1000toInf: 0
isTTSemilepIncHT0Njet0: 0
isTTSemilepIncHT500Njet9: 0
outTTLF: 0
outTTCC: 0
outTTBB: 0
outTT1B: 0
outTT2B: 0
>> Completed 0 out of 1017 events
[INFO] Defaulting to central deepJet weight for: nominal
>> Completed 1000 out of 1017 events
Nelectrons      = 474 / 1017
Npassed_ElEta   = 474 / 1017
Nmuons          = 543 / 1017
NrelIsoFail     = 0 / 1017
Npassed_MuEta   = 543 / 1017
Npassed_nAK8Jets= 1017 / 1017
Npassed_Trigger = 985 / 1017
Npassed_MET     = 818 / 1017
Npassed_lepPt   = 854 / 1017
Npassed_HT      = 1003 / 1017
npass_Njets     = 1015 / 1017
Npassed_ALL     = 675 / 1017

>> Running /isilon/hadoop/store/group/bruxljm/FWLJMET106XUL_singleLep2017UL_RunIISummer20_X53X53/PairVLQ_x53x53_tWtW_narrow_RH_M800_TuneCP5_13TeV-madgraph-pythia8/singleLep2017UL/230310_181414/0000/PairVLQ_x53x53_tWtW_narrow_RH_M800_TuneCP5_13TeV-madgraph-pythia8_122.root for shift: nominal
[step1.h] Opening file: /isilon/hadoop/store/group/bruxljm/FWLJMET106XUL_singleLep2017UL_RunIISummer20_X53X53/PairVLQ_x53x53_tWtW_narrow_RH_M800_TuneCP5_13TeV-madgraph-pythia8/singleLep2017UL/230310_181414/0000/PairVLQ_x53x53_tWtW_narrow_RH_M800_TuneCP5_13TeV-madgraph-pythia8_122.root
[step1.h] Finished initializing
RUN CONFIG: YEAR = 2017
Era = 
isMC = 1, isSig = 1, SigMass = 1
isHad =0, isSE =0, isSM =0
isTTTT = 0, isXX = 1, isTpTp = 0, isBpBp = 0
For W's: isTT = 0, isSTt = 0, isSTtW = 0
For jets & PDF: isTOP = 0, isMadgraphBkg = 1
For HOTTagger Efficiencies: isTTV = 0, isTTHbb = 0, isTTHnonbb = 0, isTTTX = 0
isTTVV = 0, isST = 0, isTTToSemiLeptonHT500Njet9 = 0
Pileup sample key: PairVLQ_x53x53_tWtW_narrow_RH_M800_TuneCP5_13TeV-madgraph-pythia8
b-tagging working points: 0.304(DeepJet)0.4506(DeepCSV)
isTTincMtt0to700: 0
isTTincMtt0to1000: 0
isTTincMtt700to1000: 0
isTTincMtt1000toInf: 0
isTTSemilepIncHT0Njet0: 0
isTTSemilepIncHT500Njet9: 0
outTTLF: 0
outTTCC: 0
outTTBB: 0
outTT1B: 0
outTT2B: 0
>> Completed 0 out of 1067 events
[INFO] Defaulting to central deepJet weight for: nominal
>> Completed 1000 out of 1067 events
Nelectrons      = 517 / 1067
Npassed_ElEta   = 517 / 1067
Nmuons          = 550 / 1067
NrelIsoFail     = 0 / 1067
Npassed_MuEta   = 550 / 1067
Npassed_nAK8Jets= 1067 / 1067
Npassed_Trigger = 1028 / 1067
Npassed_MET     = 852 / 1067
Npassed_lepPt   = 894 / 1067
Npassed_HT      = 1055 / 1067
npass_Njets     = 1067 / 1067
Npassed_ALL     = 702 / 1067

>> Running /isilon/hadoop/store/group/bruxljm/FWLJMET106XUL_singleLep2017UL_RunIISummer20_X53X53/PairVLQ_x53x53_tWtW_narrow_RH_M800_TuneCP5_13TeV-madgraph-pythia8/singleLep2017UL/230310_181414/0000/PairVLQ_x53x53_tWtW_narrow_RH_M800_TuneCP5_13TeV-madgraph-pythia8_123.root for shift: nominal
[step1.h] Opening file: /isilon/hadoop/store/group/bruxljm/FWLJMET106XUL_singleLep2017UL_RunIISummer20_X53X53/PairVLQ_x53x53_tWtW_narrow_RH_M800_TuneCP5_13TeV-madgraph-pythia8/singleLep2017UL/230310_181414/0000/PairVLQ_x53x53_tWtW_narrow_RH_M800_TuneCP5_13TeV-madgraph-pythia8_123.root
[step1.h] Finished initializing
RUN CONFIG: YEAR = 2017
Era = 
isMC = 1, isSig = 1, SigMass = 1
isHad =0, isSE =0, isSM =0
isTTTT = 0, isXX = 1, isTpTp = 0, isBpBp = 0
For W's: isTT = 0, isSTt = 0, isSTtW = 0
For jets & PDF: isTOP = 0, isMadgraphBkg = 1
For HOTTagger Efficiencies: isTTV = 0, isTTHbb = 0, isTTHnonbb = 0, isTTTX = 0
isTTVV = 0, isST = 0, isTTToSemiLeptonHT500Njet9 = 0
Pileup sample key: PairVLQ_x53x53_tWtW_narrow_RH_M800_TuneCP5_13TeV-madgraph-pythia8
b-tagging working points: 0.304(DeepJet)0.4506(DeepCSV)
isTTincMtt0to700: 0
isTTincMtt0to1000: 0
isTTincMtt700to1000: 0
isTTincMtt1000toInf: 0
isTTSemilepIncHT0Njet0: 0
isTTSemilepIncHT500Njet9: 0
outTTLF: 0
outTTCC: 0
outTTBB: 0
outTT1B: 0
outTT2B: 0
>> Completed 0 out of 1042 events
[INFO] Defaulting to central deepJet weight for: nominal
>> Completed 1000 out of 1042 events
Nelectrons      = 477 / 1042
Npassed_ElEta   = 477 / 1042
Nmuons          = 565 / 1042
NrelIsoFail     = 0 / 1042
Npassed_MuEta   = 565 / 1042
Npassed_nAK8Jets= 1042 / 1042
Npassed_Trigger = 1007 / 1042
Npassed_MET     = 835 / 1042
Npassed_lepPt   = 871 / 1042
Npassed_HT      = 1029 / 1042
npass_Njets     = 1039 / 1042
Npassed_ALL     = 690 / 1042

>> Running /isilon/hadoop/store/group/bruxljm/FWLJMET106XUL_singleLep2017UL_RunIISummer20_X53X53/PairVLQ_x53x53_tWtW_narrow_RH_M800_TuneCP5_13TeV-madgraph-pythia8/singleLep2017UL/230310_181414/0000/PairVLQ_x53x53_tWtW_narrow_RH_M800_TuneCP5_13TeV-madgraph-pythia8_124.root for shift: nominal
[step1.h] Opening file: /isilon/hadoop/store/group/bruxljm/FWLJMET106XUL_singleLep2017UL_RunIISummer20_X53X53/PairVLQ_x53x53_tWtW_narrow_RH_M800_TuneCP5_13TeV-madgraph-pythia8/singleLep2017UL/230310_181414/0000/PairVLQ_x53x53_tWtW_narrow_RH_M800_TuneCP5_13TeV-madgraph-pythia8_124.root
[step1.h] Finished initializing
RUN CONFIG: YEAR = 2017
Era = 
isMC = 1, isSig = 1, SigMass = 1
isHad =0, isSE =0, isSM =0
isTTTT = 0, isXX = 1, isTpTp = 0, isBpBp = 0
For W's: isTT = 0, isSTt = 0, isSTtW = 0
For jets & PDF: isTOP = 0, isMadgraphBkg = 1
For HOTTagger Efficiencies: isTTV = 0, isTTHbb = 0, isTTHnonbb = 0, isTTTX = 0
isTTVV = 0, isST = 0, isTTToSemiLeptonHT500Njet9 = 0
Pileup sample key: PairVLQ_x53x53_tWtW_narrow_RH_M800_TuneCP5_13TeV-madgraph-pythia8
b-tagging working points: 0.304(DeepJet)0.4506(DeepCSV)
isTTincMtt0to700: 0
isTTincMtt0to1000: 0
isTTincMtt700to1000: 0
isTTincMtt1000toInf: 0
isTTSemilepIncHT0Njet0: 0
isTTSemilepIncHT500Njet9: 0
outTTLF: 0
outTTCC: 0
outTTBB: 0
outTT1B: 0
outTT2B: 0
>> Completed 0 out of 1037 events
[INFO] Defaulting to central deepJet weight for: nominal
>> Completed 1000 out of 1037 events
Nelectrons      = 463 / 1037
Npassed_ElEta   = 463 / 1037
Nmuons          = 574 / 1037
NrelIsoFail     = 0 / 1037
Npassed_MuEta   = 574 / 1037
Npassed_nAK8Jets= 1037 / 1037
Npassed_Trigger = 996 / 1037
Npassed_MET     = 819 / 1037
Npassed_lepPt   = 876 / 1037
Npassed_HT      = 1027 / 1037
npass_Njets     = 1030 / 1037
Npassed_ALL     = 680 / 1037

>> Running /isilon/hadoop/store/group/bruxljm/FWLJMET106XUL_singleLep2017UL_RunIISummer20_X53X53/PairVLQ_x53x53_tWtW_narrow_RH_M800_TuneCP5_13TeV-madgraph-pythia8/singleLep2017UL/230310_181414/0000/PairVLQ_x53x53_tWtW_narrow_RH_M800_TuneCP5_13TeV-madgraph-pythia8_125.root for shift: nominal
[step1.h] Opening file: /isilon/hadoop/store/group/bruxljm/FWLJMET106XUL_singleLep2017UL_RunIISummer20_X53X53/PairVLQ_x53x53_tWtW_narrow_RH_M800_TuneCP5_13TeV-madgraph-pythia8/singleLep2017UL/230310_181414/0000/PairVLQ_x53x53_tWtW_narrow_RH_M800_TuneCP5_13TeV-madgraph-pythia8_125.root
[step1.h] Finished initializing
RUN CONFIG: YEAR = 2017
Era = 
isMC = 1, isSig = 1, SigMass = 1
isHad =0, isSE =0, isSM =0
isTTTT = 0, isXX = 1, isTpTp = 0, isBpBp = 0
For W's: isTT = 0, isSTt = 0, isSTtW = 0
For jets & PDF: isTOP = 0, isMadgraphBkg = 1
For HOTTagger Efficiencies: isTTV = 0, isTTHbb = 0, isTTHnonbb = 0, isTTTX = 0
isTTVV = 0, isST = 0, isTTToSemiLeptonHT500Njet9 = 0
Pileup sample key: PairVLQ_x53x53_tWtW_narrow_RH_M800_TuneCP5_13TeV-madgraph-pythia8
b-tagging working points: 0.304(DeepJet)0.4506(DeepCSV)
isTTincMtt0to700: 0
isTTincMtt0to1000: 0
isTTincMtt700to1000: 0
isTTincMtt1000toInf: 0
isTTSemilepIncHT0Njet0: 0
isTTSemilepIncHT500Njet9: 0
outTTLF: 0
outTTCC: 0
outTTBB: 0
outTT1B: 0
outTT2B: 0
>> Completed 0 out of 1034 events
[INFO] Defaulting to central deepJet weight for: nominal
>> Completed 1000 out of 1034 events
Nelectrons      = 465 / 1034
Npassed_ElEta   = 465 / 1034
Nmuons          = 569 / 1034
NrelIsoFail     = 0 / 1034
Npassed_MuEta   = 569 / 1034
Npassed_nAK8Jets= 1034 / 1034
Npassed_Trigger = 1004 / 1034
Npassed_MET     = 832 / 1034
Npassed_lepPt   = 893 / 1034
Npassed_HT      = 1016 / 1034
npass_Njets     = 1028 / 1034
Npassed_ALL     = 701 / 1034
>> Available ROOT Files:
-rw-r--r-- 1 fsimpson gridusers 2327244 Apr 24 09:18 PairVLQ_x53x53_tWtW_narrow_RH_M800_TuneCP5_13TeV-madgraph-pythia8_100nominal.root
-rw-r--r-- 1 fsimpson gridusers 2517611 Apr 24 09:18 PairVLQ_x53x53_tWtW_narrow_RH_M800_TuneCP5_13TeV-madgraph-pythia8_101nominal.root
-rw-r--r-- 1 fsimpson gridusers 2261644 Apr 24 09:18 PairVLQ_x53x53_tWtW_narrow_RH_M800_TuneCP5_13TeV-madgraph-pythia8_102nominal.root
-rw-r--r-- 1 fsimpson gridusers 2434550 Apr 24 09:18 PairVLQ_x53x53_tWtW_narrow_RH_M800_TuneCP5_13TeV-madgraph-pythia8_103nominal.root
-rw-r--r-- 1 fsimpson gridusers 2439446 Apr 24 09:18 PairVLQ_x53x53_tWtW_narrow_RH_M800_TuneCP5_13TeV-madgraph-pythia8_104nominal.root
-rw-r--r-- 1 fsimpson gridusers 2406615 Apr 24 09:18 PairVLQ_x53x53_tWtW_narrow_RH_M800_TuneCP5_13TeV-madgraph-pythia8_105nominal.root
-rw-r--r-- 1 fsimpson gridusers 2460001 Apr 24 09:18 PairVLQ_x53x53_tWtW_narrow_RH_M800_TuneCP5_13TeV-madgraph-pythia8_106nominal.root
-rw-r--r-- 1 fsimpson gridusers 2481745 Apr 24 09:18 PairVLQ_x53x53_tWtW_narrow_RH_M800_TuneCP5_13TeV-madgraph-pythia8_107nominal.root
-rw-r--r-- 1 fsimpson gridusers 2380841 Apr 24 09:18 PairVLQ_x53x53_tWtW_narrow_RH_M800_TuneCP5_13TeV-madgraph-pythia8_108nominal.root
-rw-r--r-- 1 fsimpson gridusers 2526983 Apr 24 09:18 PairVLQ_x53x53_tWtW_narrow_RH_M800_TuneCP5_13TeV-madgraph-pythia8_109nominal.root
-rw-r--r-- 1 fsimpson gridusers 1214120 Apr 24 09:18 PairVLQ_x53x53_tWtW_narrow_RH_M800_TuneCP5_13TeV-madgraph-pythia8_10nominal.root
-rw-r--r-- 1 fsimpson gridusers 2438939 Apr 24 09:18 PairVLQ_x53x53_tWtW_narrow_RH_M800_TuneCP5_13TeV-madgraph-pythia8_110nominal.root
-rw-r--r-- 1 fsimpson gridusers 1276386 Apr 24 09:18 PairVLQ_x53x53_tWtW_narrow_RH_M800_TuneCP5_13TeV-madgraph-pythia8_111nominal.root
-rw-r--r-- 1 fsimpson gridusers 2393491 Apr 24 09:18 PairVLQ_x53x53_tWtW_narrow_RH_M800_TuneCP5_13TeV-madgraph-pythia8_112nominal.root
-rw-r--r-- 1 fsimpson gridusers 2471416 Apr 24 09:18 PairVLQ_x53x53_tWtW_narrow_RH_M800_TuneCP5_13TeV-madgraph-pythia8_113nominal.root
-rw-r--r-- 1 fsimpson gridusers 2345395 Apr 24 09:18 PairVLQ_x53x53_tWtW_narrow_RH_M800_TuneCP5_13TeV-madgraph-pythia8_114nominal.root
-rw-r--r-- 1 fsimpson gridusers 2463943 Apr 24 09:18 PairVLQ_x53x53_tWtW_narrow_RH_M800_TuneCP5_13TeV-madgraph-pythia8_115nominal.root
-rw-r--r-- 1 fsimpson gridusers 2217379 Apr 24 09:18 PairVLQ_x53x53_tWtW_narrow_RH_M800_TuneCP5_13TeV-madgraph-pythia8_116nominal.root
-rw-r--r-- 1 fsimpson gridusers 1225877 Apr 24 09:18 PairVLQ_x53x53_tWtW_narrow_RH_M800_TuneCP5_13TeV-madgraph-pythia8_117nominal.root
-rw-r--r-- 1 fsimpson gridusers 2372081 Apr 24 09:18 PairVLQ_x53x53_tWtW_narrow_RH_M800_TuneCP5_13TeV-madgraph-pythia8_118nominal.root
-rw-r--r-- 1 fsimpson gridusers 2380824 Apr 24 09:18 PairVLQ_x53x53_tWtW_narrow_RH_M800_TuneCP5_13TeV-madgraph-pythia8_119nominal.root
-rw-r--r-- 1 fsimpson gridusers 2372603 Apr 24 09:18 PairVLQ_x53x53_tWtW_narrow_RH_M800_TuneCP5_13TeV-madgraph-pythia8_11nominal.root
-rw-r--r-- 1 fsimpson gridusers 2436536 Apr 24 09:18 PairVLQ_x53x53_tWtW_narrow_RH_M800_TuneCP5_13TeV-madgraph-pythia8_120nominal.root
-rw-r--r-- 1 fsimpson gridusers 2415229 Apr 24 09:18 PairVLQ_x53x53_tWtW_narrow_RH_M800_TuneCP5_13TeV-madgraph-pythia8_121nominal.root
-rw-r--r-- 1 fsimpson gridusers 2486522 Apr 24 09:18 PairVLQ_x53x53_tWtW_narrow_RH_M800_TuneCP5_13TeV-madgraph-pythia8_122nominal.root
-rw-r--r-- 1 fsimpson gridusers 2373975 Apr 24 09:18 PairVLQ_x53x53_tWtW_narrow_RH_M800_TuneCP5_13TeV-madgraph-pythia8_123nominal.root
-rw-r--r-- 1 fsimpson gridusers 2391499 Apr 24 09:18 PairVLQ_x53x53_tWtW_narrow_RH_M800_TuneCP5_13TeV-madgraph-pythia8_124nominal.root
-rw-r--r-- 1 fsimpson gridusers 2455375 Apr 24 09:18 PairVLQ_x53x53_tWtW_narrow_RH_M800_TuneCP5_13TeV-madgraph-pythia8_125nominal.root
-rw-r--r-- 1 fsimpson gridusers 2552576 Apr 24 09:18 PairVLQ_x53x53_tWtW_narrow_RH_M800_TuneCP5_13TeV-madgraph-pythia8_12nominal.root
-rw-r--r-- 1 fsimpson gridusers 2434955 Apr 24 09:18 PairVLQ_x53x53_tWtW_narrow_RH_M800_TuneCP5_13TeV-madgraph-pythia8_1nominal.root
>> xrdcp output for condor
hadd Target file: PairVLQ_x53x53_tWtW_narrow_RH_M800_TuneCP5_13TeV-madgraph-pythia8_1nominal_hadd.root
hadd compression setting for all ouput: 1
hadd Source file 1: PairVLQ_x53x53_tWtW_narrow_RH_M800_TuneCP5_13TeV-madgraph-pythia8_100nominal.root
hadd Source file 2: PairVLQ_x53x53_tWtW_narrow_RH_M800_TuneCP5_13TeV-madgraph-pythia8_101nominal.root
hadd Source file 3: PairVLQ_x53x53_tWtW_narrow_RH_M800_TuneCP5_13TeV-madgraph-pythia8_102nominal.root
hadd Source file 4: PairVLQ_x53x53_tWtW_narrow_RH_M800_TuneCP5_13TeV-madgraph-pythia8_103nominal.root
hadd Source file 5: PairVLQ_x53x53_tWtW_narrow_RH_M800_TuneCP5_13TeV-madgraph-pythia8_104nominal.root
hadd Source file 6: PairVLQ_x53x53_tWtW_narrow_RH_M800_TuneCP5_13TeV-madgraph-pythia8_105nominal.root
hadd Source file 7: PairVLQ_x53x53_tWtW_narrow_RH_M800_TuneCP5_13TeV-madgraph-pythia8_106nominal.root
hadd Source file 8: PairVLQ_x53x53_tWtW_narrow_RH_M800_TuneCP5_13TeV-madgraph-pythia8_107nominal.root
hadd Source file 9: PairVLQ_x53x53_tWtW_narrow_RH_M800_TuneCP5_13TeV-madgraph-pythia8_108nominal.root
hadd Source file 10: PairVLQ_x53x53_tWtW_narrow_RH_M800_TuneCP5_13TeV-madgraph-pythia8_109nominal.root
hadd Source file 11: PairVLQ_x53x53_tWtW_narrow_RH_M800_TuneCP5_13TeV-madgraph-pythia8_10nominal.root
hadd Source file 12: PairVLQ_x53x53_tWtW_narrow_RH_M800_TuneCP5_13TeV-madgraph-pythia8_110nominal.root
hadd Source file 13: PairVLQ_x53x53_tWtW_narrow_RH_M800_TuneCP5_13TeV-madgraph-pythia8_111nominal.root
hadd Source file 14: PairVLQ_x53x53_tWtW_narrow_RH_M800_TuneCP5_13TeV-madgraph-pythia8_112nominal.root
hadd Source file 15: PairVLQ_x53x53_tWtW_narrow_RH_M800_TuneCP5_13TeV-madgraph-pythia8_113nominal.root
hadd Source file 16: PairVLQ_x53x53_tWtW_narrow_RH_M800_TuneCP5_13TeV-madgraph-pythia8_114nominal.root
hadd Source file 17: PairVLQ_x53x53_tWtW_narrow_RH_M800_TuneCP5_13TeV-madgraph-pythia8_115nominal.root
hadd Source file 18: PairVLQ_x53x53_tWtW_narrow_RH_M800_TuneCP5_13TeV-madgraph-pythia8_116nominal.root
hadd Source file 19: PairVLQ_x53x53_tWtW_narrow_RH_M800_TuneCP5_13TeV-madgraph-pythia8_117nominal.root
hadd Source file 20: PairVLQ_x53x53_tWtW_narrow_RH_M800_TuneCP5_13TeV-madgraph-pythia8_118nominal.root
hadd Source file 21: PairVLQ_x53x53_tWtW_narrow_RH_M800_TuneCP5_13TeV-madgraph-pythia8_119nominal.root
hadd Source file 22: PairVLQ_x53x53_tWtW_narrow_RH_M800_TuneCP5_13TeV-madgraph-pythia8_11nominal.root
hadd Source file 23: PairVLQ_x53x53_tWtW_narrow_RH_M800_TuneCP5_13TeV-madgraph-pythia8_120nominal.root
hadd Source file 24: PairVLQ_x53x53_tWtW_narrow_RH_M800_TuneCP5_13TeV-madgraph-pythia8_121nominal.root
hadd Source file 25: PairVLQ_x53x53_tWtW_narrow_RH_M800_TuneCP5_13TeV-madgraph-pythia8_122nominal.root
hadd Source file 26: PairVLQ_x53x53_tWtW_narrow_RH_M800_TuneCP5_13TeV-madgraph-pythia8_123nominal.root
hadd Source file 27: PairVLQ_x53x53_tWtW_narrow_RH_M800_TuneCP5_13TeV-madgraph-pythia8_124nominal.root
hadd Source file 28: PairVLQ_x53x53_tWtW_narrow_RH_M800_TuneCP5_13TeV-madgraph-pythia8_125nominal.root
hadd Source file 29: PairVLQ_x53x53_tWtW_narrow_RH_M800_TuneCP5_13TeV-madgraph-pythia8_12nominal.root
hadd Source file 30: PairVLQ_x53x53_tWtW_narrow_RH_M800_TuneCP5_13TeV-madgraph-pythia8_1nominal.root
hadd Target path: PairVLQ_x53x53_tWtW_narrow_RH_M800_TuneCP5_13TeV-madgraph-pythia8_1nominal_hadd.root:/
>> mv PairVLQ_x53x53_tWtW_narrow_RH_M800_TuneCP5_13TeV-madgraph-pythia8_1nominal_hadd.root /isilon/hadoop/store/group/bruxljm/FWLJMET106XUL_singleLep2017UL_RunIISummer20_X53X53_step1/nominal/PairVLQ_x53x53_tWtW_narrow_RH_M800_TuneCP5_13TeV-madgraph-pythia8/PairVLQ_x53x53_tWtW_narrow_RH_M800_TuneCP5_13TeV-madgraph-pythia8_1.root
[DONE]
