/isilon/condor/hep108.hep.brown.edu/execute/dir_236199
>> Setting macroDir to PWD

Processing compile_step1.C...
>> Running on BRUX, PairVLQ_x53x53_tWtW_narrow_RH_M1000_TuneCP5_13TeV-madgraph-pythia8 stored on BRUX
>> Input file path: /isilon/hadoop/store/group/bruxljm/FWLJMET106XUL_singleLep2017UL_RunIISummer20_X53X53/PairVLQ_x53x53_tWtW_narrow_RH_M1000_TuneCP5_13TeV-madgraph-pythia8/singleLep2017UL/230310_183629/0000
>> Running step1 over list: 99
>> Adding PairVLQ_x53x53_tWtW_narrow_RH_M1000_TuneCP5_13TeV-madgraph-pythia8_99.root to the list by reading PairVLQ_x53x53_tWtW_narrow_RH_M1000_TuneCP5_13TeV-madgraph-pythia8_99
[OPT] Using deepCSV reshaping file: reshaping_deepCSV_106XUL17_v4.csv
[OPT] Using deepJet reshaping file: reshaping_deepJet_106XUL17_v4.csv

>> Running /isilon/hadoop/store/group/bruxljm/FWLJMET106XUL_singleLep2017UL_RunIISummer20_X53X53/PairVLQ_x53x53_tWtW_narrow_RH_M1000_TuneCP5_13TeV-madgraph-pythia8/singleLep2017UL/230310_183629/0000/PairVLQ_x53x53_tWtW_narrow_RH_M1000_TuneCP5_13TeV-madgraph-pythia8_99.root for shift: nominal
[step1.h] Opening file: /isilon/hadoop/store/group/bruxljm/FWLJMET106XUL_singleLep2017UL_RunIISummer20_X53X53/PairVLQ_x53x53_tWtW_narrow_RH_M1000_TuneCP5_13TeV-madgraph-pythia8/singleLep2017UL/230310_183629/0000/PairVLQ_x53x53_tWtW_narrow_RH_M1000_TuneCP5_13TeV-madgraph-pythia8_99.root
[step1.h] Finished initializing
RUN CONFIG: YEAR = 2017
Era = 
isMC = 1, isSig = 1, SigMass = 3
isHad =0, isSE =0, isSM =0
isTTTT = 0, isXX = 1, isTpTp = 0, isBpBp = 0
For W's: isTT = 0, isSTt = 0, isSTtW = 0
For jets & PDF: isTOP = 0, isMadgraphBkg = 1
For HOTTagger Efficiencies: isTTV = 0, isTTHbb = 0, isTTHnonbb = 0, isTTTX = 0
isTTVV = 0, isST = 0, isTTToSemiLeptonHT500Njet9 = 0
Pileup sample key: PairVLQ_x53x53_tWtW_narrow_RH_M1000_TuneCP5_13TeV-madgraph-pythia8
b-tagging working points: 0.304(DeepJet)0.4506(DeepCSV)
isTTincMtt0to700: 0
isTTincMtt0to1000: 0
isTTincMtt700to1000: 0
isTTincMtt1000toInf: 0
isTTSemilepIncHT0Njet0: 0
isTTSemilepIncHT500Njet9: 0
outTTLF: 0
outTTCC: 0
outTTBB: 0
outTT1B: 0
outTT2B: 0
>> Completed 0 out of 1074 events
[INFO] Defaulting to central deepJet weight for: nominal
>> Completed 1000 out of 1074 events
Nelectrons      = 502 / 1074
Npassed_ElEta   = 502 / 1074
Nmuons          = 572 / 1074
NrelIsoFail     = 0 / 1074
Npassed_MuEta   = 572 / 1074
Npassed_nAK8Jets= 1074 / 1074
Npassed_Trigger = 1034 / 1074
Npassed_MET     = 913 / 1074
Npassed_lepPt   = 934 / 1074
Npassed_HT      = 1068 / 1074
npass_Njets     = 1072 / 1074
Npassed_ALL     = 784 / 1074
>> Available ROOT Files:
-rw-r--r-- 1 fsimpson gridusers 2740411 Apr 24 09:10 PairVLQ_x53x53_tWtW_narrow_RH_M1000_TuneCP5_13TeV-madgraph-pythia8_99nominal.root
>> xrdcp output for condor
hadd Target file: PairVLQ_x53x53_tWtW_narrow_RH_M1000_TuneCP5_13TeV-madgraph-pythia8_6nominal_hadd.root
hadd compression setting for all ouput: 1
hadd Source file 1: PairVLQ_x53x53_tWtW_narrow_RH_M1000_TuneCP5_13TeV-madgraph-pythia8_99nominal.root
hadd Target path: PairVLQ_x53x53_tWtW_narrow_RH_M1000_TuneCP5_13TeV-madgraph-pythia8_6nominal_hadd.root:/
>> mv PairVLQ_x53x53_tWtW_narrow_RH_M1000_TuneCP5_13TeV-madgraph-pythia8_6nominal_hadd.root /isilon/hadoop/store/group/bruxljm/FWLJMET106XUL_singleLep2017UL_RunIISummer20_X53X53_step1/nominal/PairVLQ_x53x53_tWtW_narrow_RH_M1000_TuneCP5_13TeV-madgraph-pythia8/PairVLQ_x53x53_tWtW_narrow_RH_M1000_TuneCP5_13TeV-madgraph-pythia8_6.root
[DONE]
