/isilon/condor/hep108.hep.brown.edu/execute/dir_237658
>> Setting macroDir to PWD

Processing compile_step1.C...
>> Running on BRUX, PairVLQ_x53x53_tWtW_narrow_RH_M1300_TuneCP5_13TeV-madgraph-pythia8 stored on BRUX
>> Input file path: /isilon/hadoop/store/group/bruxljm/FWLJMET106XUL_singleLep2017UL_RunIISummer20_X53X53/PairVLQ_x53x53_tWtW_narrow_RH_M1300_TuneCP5_13TeV-madgraph-pythia8/singleLep2017UL/230310_182847/0000
>> Running step1 over list: 153 154 155 16 17 18 19 2 20 21 22 23 24 25 26 27 28 29 3 30 31 32 33 34 35 36 37 38 39 4
>> Adding PairVLQ_x53x53_tWtW_narrow_RH_M1300_TuneCP5_13TeV-madgraph-pythia8_153.root to the list by reading PairVLQ_x53x53_tWtW_narrow_RH_M1300_TuneCP5_13TeV-madgraph-pythia8_153
>> Adding PairVLQ_x53x53_tWtW_narrow_RH_M1300_TuneCP5_13TeV-madgraph-pythia8_154.root to the list by reading PairVLQ_x53x53_tWtW_narrow_RH_M1300_TuneCP5_13TeV-madgraph-pythia8_154
>> Adding PairVLQ_x53x53_tWtW_narrow_RH_M1300_TuneCP5_13TeV-madgraph-pythia8_155.root to the list by reading PairVLQ_x53x53_tWtW_narrow_RH_M1300_TuneCP5_13TeV-madgraph-pythia8_155
>> Adding PairVLQ_x53x53_tWtW_narrow_RH_M1300_TuneCP5_13TeV-madgraph-pythia8_16.root to the list by reading PairVLQ_x53x53_tWtW_narrow_RH_M1300_TuneCP5_13TeV-madgraph-pythia8_16
>> Adding PairVLQ_x53x53_tWtW_narrow_RH_M1300_TuneCP5_13TeV-madgraph-pythia8_17.root to the list by reading PairVLQ_x53x53_tWtW_narrow_RH_M1300_TuneCP5_13TeV-madgraph-pythia8_17
>> Adding PairVLQ_x53x53_tWtW_narrow_RH_M1300_TuneCP5_13TeV-madgraph-pythia8_18.root to the list by reading PairVLQ_x53x53_tWtW_narrow_RH_M1300_TuneCP5_13TeV-madgraph-pythia8_18
>> Adding PairVLQ_x53x53_tWtW_narrow_RH_M1300_TuneCP5_13TeV-madgraph-pythia8_19.root to the list by reading PairVLQ_x53x53_tWtW_narrow_RH_M1300_TuneCP5_13TeV-madgraph-pythia8_19
>> Adding PairVLQ_x53x53_tWtW_narrow_RH_M1300_TuneCP5_13TeV-madgraph-pythia8_2.root to the list by reading PairVLQ_x53x53_tWtW_narrow_RH_M1300_TuneCP5_13TeV-madgraph-pythia8_2
>> Adding PairVLQ_x53x53_tWtW_narrow_RH_M1300_TuneCP5_13TeV-madgraph-pythia8_20.root to the list by reading PairVLQ_x53x53_tWtW_narrow_RH_M1300_TuneCP5_13TeV-madgraph-pythia8_20
>> Adding PairVLQ_x53x53_tWtW_narrow_RH_M1300_TuneCP5_13TeV-madgraph-pythia8_21.root to the list by reading PairVLQ_x53x53_tWtW_narrow_RH_M1300_TuneCP5_13TeV-madgraph-pythia8_21
>> Adding PairVLQ_x53x53_tWtW_narrow_RH_M1300_TuneCP5_13TeV-madgraph-pythia8_22.root to the list by reading PairVLQ_x53x53_tWtW_narrow_RH_M1300_TuneCP5_13TeV-madgraph-pythia8_22
>> Adding PairVLQ_x53x53_tWtW_narrow_RH_M1300_TuneCP5_13TeV-madgraph-pythia8_23.root to the list by reading PairVLQ_x53x53_tWtW_narrow_RH_M1300_TuneCP5_13TeV-madgraph-pythia8_23
>> Adding PairVLQ_x53x53_tWtW_narrow_RH_M1300_TuneCP5_13TeV-madgraph-pythia8_24.root to the list by reading PairVLQ_x53x53_tWtW_narrow_RH_M1300_TuneCP5_13TeV-madgraph-pythia8_24
>> Adding PairVLQ_x53x53_tWtW_narrow_RH_M1300_TuneCP5_13TeV-madgraph-pythia8_25.root to the list by reading PairVLQ_x53x53_tWtW_narrow_RH_M1300_TuneCP5_13TeV-madgraph-pythia8_25
>> Adding PairVLQ_x53x53_tWtW_narrow_RH_M1300_TuneCP5_13TeV-madgraph-pythia8_26.root to the list by reading PairVLQ_x53x53_tWtW_narrow_RH_M1300_TuneCP5_13TeV-madgraph-pythia8_26
>> Adding PairVLQ_x53x53_tWtW_narrow_RH_M1300_TuneCP5_13TeV-madgraph-pythia8_27.root to the list by reading PairVLQ_x53x53_tWtW_narrow_RH_M1300_TuneCP5_13TeV-madgraph-pythia8_27
>> Adding PairVLQ_x53x53_tWtW_narrow_RH_M1300_TuneCP5_13TeV-madgraph-pythia8_28.root to the list by reading PairVLQ_x53x53_tWtW_narrow_RH_M1300_TuneCP5_13TeV-madgraph-pythia8_28
>> Adding PairVLQ_x53x53_tWtW_narrow_RH_M1300_TuneCP5_13TeV-madgraph-pythia8_29.root to the list by reading PairVLQ_x53x53_tWtW_narrow_RH_M1300_TuneCP5_13TeV-madgraph-pythia8_29
>> Adding PairVLQ_x53x53_tWtW_narrow_RH_M1300_TuneCP5_13TeV-madgraph-pythia8_3.root to the list by reading PairVLQ_x53x53_tWtW_narrow_RH_M1300_TuneCP5_13TeV-madgraph-pythia8_3
>> Adding PairVLQ_x53x53_tWtW_narrow_RH_M1300_TuneCP5_13TeV-madgraph-pythia8_30.root to the list by reading PairVLQ_x53x53_tWtW_narrow_RH_M1300_TuneCP5_13TeV-madgraph-pythia8_30
>> Adding PairVLQ_x53x53_tWtW_narrow_RH_M1300_TuneCP5_13TeV-madgraph-pythia8_31.root to the list by reading PairVLQ_x53x53_tWtW_narrow_RH_M1300_TuneCP5_13TeV-madgraph-pythia8_31
>> Adding PairVLQ_x53x53_tWtW_narrow_RH_M1300_TuneCP5_13TeV-madgraph-pythia8_32.root to the list by reading PairVLQ_x53x53_tWtW_narrow_RH_M1300_TuneCP5_13TeV-madgraph-pythia8_32
>> Adding PairVLQ_x53x53_tWtW_narrow_RH_M1300_TuneCP5_13TeV-madgraph-pythia8_33.root to the list by reading PairVLQ_x53x53_tWtW_narrow_RH_M1300_TuneCP5_13TeV-madgraph-pythia8_33
>> Adding PairVLQ_x53x53_tWtW_narrow_RH_M1300_TuneCP5_13TeV-madgraph-pythia8_34.root to the list by reading PairVLQ_x53x53_tWtW_narrow_RH_M1300_TuneCP5_13TeV-madgraph-pythia8_34
>> Adding PairVLQ_x53x53_tWtW_narrow_RH_M1300_TuneCP5_13TeV-madgraph-pythia8_35.root to the list by reading PairVLQ_x53x53_tWtW_narrow_RH_M1300_TuneCP5_13TeV-madgraph-pythia8_35
>> Adding PairVLQ_x53x53_tWtW_narrow_RH_M1300_TuneCP5_13TeV-madgraph-pythia8_36.root to the list by reading PairVLQ_x53x53_tWtW_narrow_RH_M1300_TuneCP5_13TeV-madgraph-pythia8_36
>> Adding PairVLQ_x53x53_tWtW_narrow_RH_M1300_TuneCP5_13TeV-madgraph-pythia8_37.root to the list by reading PairVLQ_x53x53_tWtW_narrow_RH_M1300_TuneCP5_13TeV-madgraph-pythia8_37
>> Adding PairVLQ_x53x53_tWtW_narrow_RH_M1300_TuneCP5_13TeV-madgraph-pythia8_38.root to the list by reading PairVLQ_x53x53_tWtW_narrow_RH_M1300_TuneCP5_13TeV-madgraph-pythia8_38
>> Adding PairVLQ_x53x53_tWtW_narrow_RH_M1300_TuneCP5_13TeV-madgraph-pythia8_39.root to the list by reading PairVLQ_x53x53_tWtW_narrow_RH_M1300_TuneCP5_13TeV-madgraph-pythia8_39
>> Adding PairVLQ_x53x53_tWtW_narrow_RH_M1300_TuneCP5_13TeV-madgraph-pythia8_4.root to the list by reading PairVLQ_x53x53_tWtW_narrow_RH_M1300_TuneCP5_13TeV-madgraph-pythia8_4
[OPT] Using deepCSV reshaping file: reshaping_deepCSV_106XUL17_v4.csv
[OPT] Using deepJet reshaping file: reshaping_deepJet_106XUL17_v4.csv

>> Running /isilon/hadoop/store/group/bruxljm/FWLJMET106XUL_singleLep2017UL_RunIISummer20_X53X53/PairVLQ_x53x53_tWtW_narrow_RH_M1300_TuneCP5_13TeV-madgraph-pythia8/singleLep2017UL/230310_182847/0000/PairVLQ_x53x53_tWtW_narrow_RH_M1300_TuneCP5_13TeV-madgraph-pythia8_153.root for shift: nominal
[step1.h] Opening file: /isilon/hadoop/store/group/bruxljm/FWLJMET106XUL_singleLep2017UL_RunIISummer20_X53X53/PairVLQ_x53x53_tWtW_narrow_RH_M1300_TuneCP5_13TeV-madgraph-pythia8/singleLep2017UL/230310_182847/0000/PairVLQ_x53x53_tWtW_narrow_RH_M1300_TuneCP5_13TeV-madgraph-pythia8_153.root
[step1.h] Finished initializing
RUN CONFIG: YEAR = 2017
Era = 
isMC = 1, isSig = 1, SigMass = 6
isHad =0, isSE =0, isSM =0
isTTTT = 0, isXX = 1, isTpTp = 0, isBpBp = 0
For W's: isTT = 0, isSTt = 0, isSTtW = 0
For jets & PDF: isTOP = 0, isMadgraphBkg = 1
For HOTTagger Efficiencies: isTTV = 0, isTTHbb = 0, isTTHnonbb = 0, isTTTX = 0
isTTVV = 0, isST = 0, isTTToSemiLeptonHT500Njet9 = 0
Pileup sample key: PairVLQ_x53x53_tWtW_narrow_RH_M1300_TuneCP5_13TeV-madgraph-pythia8
b-tagging working points: 0.304(DeepJet)0.4506(DeepCSV)
isTTincMtt0to700: 0
isTTincMtt0to1000: 0
isTTincMtt700to1000: 0
isTTincMtt1000toInf: 0
isTTSemilepIncHT0Njet0: 0
isTTSemilepIncHT500Njet9: 0
outTTLF: 0
outTTCC: 0
outTTBB: 0
outTT1B: 0
outTT2B: 0
>> Completed 0 out of 1048 events
[INFO] Defaulting to central deepJet weight for: nominal
>> Completed 1000 out of 1048 events
Nelectrons      = 479 / 1048
Npassed_ElEta   = 479 / 1048
Nmuons          = 569 / 1048
NrelIsoFail     = 0 / 1048
Npassed_MuEta   = 569 / 1048
Npassed_nAK8Jets= 1048 / 1048
Npassed_Trigger = 1017 / 1048
Npassed_MET     = 935 / 1048
Npassed_lepPt   = 937 / 1048
Npassed_HT      = 1045 / 1048
npass_Njets     = 1041 / 1048
Npassed_ALL     = 829 / 1048

>> Running /isilon/hadoop/store/group/bruxljm/FWLJMET106XUL_singleLep2017UL_RunIISummer20_X53X53/PairVLQ_x53x53_tWtW_narrow_RH_M1300_TuneCP5_13TeV-madgraph-pythia8/singleLep2017UL/230310_182847/0000/PairVLQ_x53x53_tWtW_narrow_RH_M1300_TuneCP5_13TeV-madgraph-pythia8_154.root for shift: nominal
[step1.h] Opening file: /isilon/hadoop/store/group/bruxljm/FWLJMET106XUL_singleLep2017UL_RunIISummer20_X53X53/PairVLQ_x53x53_tWtW_narrow_RH_M1300_TuneCP5_13TeV-madgraph-pythia8/singleLep2017UL/230310_182847/0000/PairVLQ_x53x53_tWtW_narrow_RH_M1300_TuneCP5_13TeV-madgraph-pythia8_154.root
[step1.h] Finished initializing
RUN CONFIG: YEAR = 2017
Era = 
isMC = 1, isSig = 1, SigMass = 6
isHad =0, isSE =0, isSM =0
isTTTT = 0, isXX = 1, isTpTp = 0, isBpBp = 0
For W's: isTT = 0, isSTt = 0, isSTtW = 0
For jets & PDF: isTOP = 0, isMadgraphBkg = 1
For HOTTagger Efficiencies: isTTV = 0, isTTHbb = 0, isTTHnonbb = 0, isTTTX = 0
isTTVV = 0, isST = 0, isTTToSemiLeptonHT500Njet9 = 0
Pileup sample key: PairVLQ_x53x53_tWtW_narrow_RH_M1300_TuneCP5_13TeV-madgraph-pythia8
b-tagging working points: 0.304(DeepJet)0.4506(DeepCSV)
isTTincMtt0to700: 0
isTTincMtt0to1000: 0
isTTincMtt700to1000: 0
isTTincMtt1000toInf: 0
isTTSemilepIncHT0Njet0: 0
isTTSemilepIncHT500Njet9: 0
outTTLF: 0
outTTCC: 0
outTTBB: 0
outTT1B: 0
outTT2B: 0
>> Completed 0 out of 1068 events
[INFO] Defaulting to central deepJet weight for: nominal
>> Completed 1000 out of 1068 events
Nelectrons      = 509 / 1068
Npassed_ElEta   = 509 / 1068
Nmuons          = 559 / 1068
NrelIsoFail     = 0 / 1068
Npassed_MuEta   = 559 / 1068
Npassed_nAK8Jets= 1068 / 1068
Npassed_Trigger = 1016 / 1068
Npassed_MET     = 958 / 1068
Npassed_lepPt   = 971 / 1068
Npassed_HT      = 1068 / 1068
npass_Njets     = 1063 / 1068
Npassed_ALL     = 870 / 1068

>> Running /isilon/hadoop/store/group/bruxljm/FWLJMET106XUL_singleLep2017UL_RunIISummer20_X53X53/PairVLQ_x53x53_tWtW_narrow_RH_M1300_TuneCP5_13TeV-madgraph-pythia8/singleLep2017UL/230310_182847/0000/PairVLQ_x53x53_tWtW_narrow_RH_M1300_TuneCP5_13TeV-madgraph-pythia8_155.root for shift: nominal
[step1.h] Opening file: /isilon/hadoop/store/group/bruxljm/FWLJMET106XUL_singleLep2017UL_RunIISummer20_X53X53/PairVLQ_x53x53_tWtW_narrow_RH_M1300_TuneCP5_13TeV-madgraph-pythia8/singleLep2017UL/230310_182847/0000/PairVLQ_x53x53_tWtW_narrow_RH_M1300_TuneCP5_13TeV-madgraph-pythia8_155.root
[step1.h] Finished initializing
RUN CONFIG: YEAR = 2017
Era = 
isMC = 1, isSig = 1, SigMass = 6
isHad =0, isSE =0, isSM =0
isTTTT = 0, isXX = 1, isTpTp = 0, isBpBp = 0
For W's: isTT = 0, isSTt = 0, isSTtW = 0
For jets & PDF: isTOP = 0, isMadgraphBkg = 1
For HOTTagger Efficiencies: isTTV = 0, isTTHbb = 0, isTTHnonbb = 0, isTTTX = 0
isTTVV = 0, isST = 0, isTTToSemiLeptonHT500Njet9 = 0
Pileup sample key: PairVLQ_x53x53_tWtW_narrow_RH_M1300_TuneCP5_13TeV-madgraph-pythia8
b-tagging working points: 0.304(DeepJet)0.4506(DeepCSV)
isTTincMtt0to700: 0
isTTincMtt0to1000: 0
isTTincMtt700to1000: 0
isTTincMtt1000toInf: 0
isTTSemilepIncHT0Njet0: 0
isTTSemilepIncHT500Njet9: 0
outTTLF: 0
outTTCC: 0
outTTBB: 0
outTT1B: 0
outTT2B: 0
>> Completed 0 out of 1054 events
[INFO] Defaulting to central deepJet weight for: nominal
>> Completed 1000 out of 1054 events
Nelectrons      = 499 / 1054
Npassed_ElEta   = 499 / 1054
Nmuons          = 555 / 1054
NrelIsoFail     = 0 / 1054
Npassed_MuEta   = 555 / 1054
Npassed_nAK8Jets= 1054 / 1054
Npassed_Trigger = 1021 / 1054
Npassed_MET     = 938 / 1054
Npassed_lepPt   = 962 / 1054
Npassed_HT      = 1053 / 1054
npass_Njets     = 1048 / 1054
Npassed_ALL     = 852 / 1054

>> Running /isilon/hadoop/store/group/bruxljm/FWLJMET106XUL_singleLep2017UL_RunIISummer20_X53X53/PairVLQ_x53x53_tWtW_narrow_RH_M1300_TuneCP5_13TeV-madgraph-pythia8/singleLep2017UL/230310_182847/0000/PairVLQ_x53x53_tWtW_narrow_RH_M1300_TuneCP5_13TeV-madgraph-pythia8_16.root for shift: nominal
[step1.h] Opening file: /isilon/hadoop/store/group/bruxljm/FWLJMET106XUL_singleLep2017UL_RunIISummer20_X53X53/PairVLQ_x53x53_tWtW_narrow_RH_M1300_TuneCP5_13TeV-madgraph-pythia8/singleLep2017UL/230310_182847/0000/PairVLQ_x53x53_tWtW_narrow_RH_M1300_TuneCP5_13TeV-madgraph-pythia8_16.root
[step1.h] Finished initializing
RUN CONFIG: YEAR = 2017
Era = 
isMC = 1, isSig = 1, SigMass = 6
isHad =0, isSE =0, isSM =0
isTTTT = 0, isXX = 1, isTpTp = 0, isBpBp = 0
For W's: isTT = 0, isSTt = 0, isSTtW = 0
For jets & PDF: isTOP = 0, isMadgraphBkg = 1
For HOTTagger Efficiencies: isTTV = 0, isTTHbb = 0, isTTHnonbb = 0, isTTTX = 0
isTTVV = 0, isST = 0, isTTToSemiLeptonHT500Njet9 = 0
Pileup sample key: PairVLQ_x53x53_tWtW_narrow_RH_M1300_TuneCP5_13TeV-madgraph-pythia8
b-tagging working points: 0.304(DeepJet)0.4506(DeepCSV)
isTTincMtt0to700: 0
isTTincMtt0to1000: 0
isTTincMtt700to1000: 0
isTTincMtt1000toInf: 0
isTTSemilepIncHT0Njet0: 0
isTTSemilepIncHT500Njet9: 0
outTTLF: 0
outTTCC: 0
outTTBB: 0
outTT1B: 0
outTT2B: 0
>> Completed 0 out of 1041 events
[INFO] Defaulting to central deepJet weight for: nominal
>> Completed 1000 out of 1041 events
Nelectrons      = 483 / 1041
Npassed_ElEta   = 483 / 1041
Nmuons          = 558 / 1041
NrelIsoFail     = 0 / 1041
Npassed_MuEta   = 558 / 1041
Npassed_nAK8Jets= 1041 / 1041
Npassed_Trigger = 1006 / 1041
Npassed_MET     = 914 / 1041
Npassed_lepPt   = 940 / 1041
Npassed_HT      = 1039 / 1041
npass_Njets     = 1036 / 1041
Npassed_ALL     = 820 / 1041

>> Running /isilon/hadoop/store/group/bruxljm/FWLJMET106XUL_singleLep2017UL_RunIISummer20_X53X53/PairVLQ_x53x53_tWtW_narrow_RH_M1300_TuneCP5_13TeV-madgraph-pythia8/singleLep2017UL/230310_182847/0000/PairVLQ_x53x53_tWtW_narrow_RH_M1300_TuneCP5_13TeV-madgraph-pythia8_17.root for shift: nominal
[step1.h] Opening file: /isilon/hadoop/store/group/bruxljm/FWLJMET106XUL_singleLep2017UL_RunIISummer20_X53X53/PairVLQ_x53x53_tWtW_narrow_RH_M1300_TuneCP5_13TeV-madgraph-pythia8/singleLep2017UL/230310_182847/0000/PairVLQ_x53x53_tWtW_narrow_RH_M1300_TuneCP5_13TeV-madgraph-pythia8_17.root
[step1.h] Finished initializing
RUN CONFIG: YEAR = 2017
Era = 
isMC = 1, isSig = 1, SigMass = 6
isHad =0, isSE =0, isSM =0
isTTTT = 0, isXX = 1, isTpTp = 0, isBpBp = 0
For W's: isTT = 0, isSTt = 0, isSTtW = 0
For jets & PDF: isTOP = 0, isMadgraphBkg = 1
For HOTTagger Efficiencies: isTTV = 0, isTTHbb = 0, isTTHnonbb = 0, isTTTX = 0
isTTVV = 0, isST = 0, isTTToSemiLeptonHT500Njet9 = 0
Pileup sample key: PairVLQ_x53x53_tWtW_narrow_RH_M1300_TuneCP5_13TeV-madgraph-pythia8
b-tagging working points: 0.304(DeepJet)0.4506(DeepCSV)
isTTincMtt0to700: 0
isTTincMtt0to1000: 0
isTTincMtt700to1000: 0
isTTincMtt1000toInf: 0
isTTSemilepIncHT0Njet0: 0
isTTSemilepIncHT500Njet9: 0
outTTLF: 0
outTTCC: 0
outTTBB: 0
outTT1B: 0
outTT2B: 0
>> Completed 0 out of 1041 events
[INFO] Defaulting to central deepJet weight for: nominal
>> Completed 1000 out of 1041 events
Nelectrons      = 496 / 1041
Npassed_ElEta   = 496 / 1041
Nmuons          = 545 / 1041
NrelIsoFail     = 0 / 1041
Npassed_MuEta   = 545 / 1041
Npassed_nAK8Jets= 1041 / 1041
Npassed_Trigger = 999 / 1041
Npassed_MET     = 911 / 1041
Npassed_lepPt   = 936 / 1041
Npassed_HT      = 1039 / 1041
npass_Njets     = 1034 / 1041
Npassed_ALL     = 811 / 1041

>> Running /isilon/hadoop/store/group/bruxljm/FWLJMET106XUL_singleLep2017UL_RunIISummer20_X53X53/PairVLQ_x53x53_tWtW_narrow_RH_M1300_TuneCP5_13TeV-madgraph-pythia8/singleLep2017UL/230310_182847/0000/PairVLQ_x53x53_tWtW_narrow_RH_M1300_TuneCP5_13TeV-madgraph-pythia8_18.root for shift: nominal
[step1.h] Opening file: /isilon/hadoop/store/group/bruxljm/FWLJMET106XUL_singleLep2017UL_RunIISummer20_X53X53/PairVLQ_x53x53_tWtW_narrow_RH_M1300_TuneCP5_13TeV-madgraph-pythia8/singleLep2017UL/230310_182847/0000/PairVLQ_x53x53_tWtW_narrow_RH_M1300_TuneCP5_13TeV-madgraph-pythia8_18.root
[step1.h] Finished initializing
RUN CONFIG: YEAR = 2017
Era = 
isMC = 1, isSig = 1, SigMass = 6
isHad =0, isSE =0, isSM =0
isTTTT = 0, isXX = 1, isTpTp = 0, isBpBp = 0
For W's: isTT = 0, isSTt = 0, isSTtW = 0
For jets & PDF: isTOP = 0, isMadgraphBkg = 1
For HOTTagger Efficiencies: isTTV = 0, isTTHbb = 0, isTTHnonbb = 0, isTTTX = 0
isTTVV = 0, isST = 0, isTTToSemiLeptonHT500Njet9 = 0
Pileup sample key: PairVLQ_x53x53_tWtW_narrow_RH_M1300_TuneCP5_13TeV-madgraph-pythia8
b-tagging working points: 0.304(DeepJet)0.4506(DeepCSV)
isTTincMtt0to700: 0
isTTincMtt0to1000: 0
isTTincMtt700to1000: 0
isTTincMtt1000toInf: 0
isTTSemilepIncHT0Njet0: 0
isTTSemilepIncHT500Njet9: 0
outTTLF: 0
outTTCC: 0
outTTBB: 0
outTT1B: 0
outTT2B: 0
>> Completed 0 out of 1069 events
[INFO] Defaulting to central deepJet weight for: nominal
>> Completed 1000 out of 1069 events
Nelectrons      = 521 / 1069
Npassed_ElEta   = 521 / 1069
Nmuons          = 548 / 1069
NrelIsoFail     = 0 / 1069
Npassed_MuEta   = 548 / 1069
Npassed_nAK8Jets= 1069 / 1069
Npassed_Trigger = 1028 / 1069
Npassed_MET     = 971 / 1069
Npassed_lepPt   = 978 / 1069
Npassed_HT      = 1067 / 1069
npass_Njets     = 1066 / 1069
Npassed_ALL     = 885 / 1069

>> Running /isilon/hadoop/store/group/bruxljm/FWLJMET106XUL_singleLep2017UL_RunIISummer20_X53X53/PairVLQ_x53x53_tWtW_narrow_RH_M1300_TuneCP5_13TeV-madgraph-pythia8/singleLep2017UL/230310_182847/0000/PairVLQ_x53x53_tWtW_narrow_RH_M1300_TuneCP5_13TeV-madgraph-pythia8_19.root for shift: nominal
[step1.h] Opening file: /isilon/hadoop/store/group/bruxljm/FWLJMET106XUL_singleLep2017UL_RunIISummer20_X53X53/PairVLQ_x53x53_tWtW_narrow_RH_M1300_TuneCP5_13TeV-madgraph-pythia8/singleLep2017UL/230310_182847/0000/PairVLQ_x53x53_tWtW_narrow_RH_M1300_TuneCP5_13TeV-madgraph-pythia8_19.root
[step1.h] Finished initializing
RUN CONFIG: YEAR = 2017
Era = 
isMC = 1, isSig = 1, SigMass = 6
isHad =0, isSE =0, isSM =0
isTTTT = 0, isXX = 1, isTpTp = 0, isBpBp = 0
For W's: isTT = 0, isSTt = 0, isSTtW = 0
For jets & PDF: isTOP = 0, isMadgraphBkg = 1
For HOTTagger Efficiencies: isTTV = 0, isTTHbb = 0, isTTHnonbb = 0, isTTTX = 0
isTTVV = 0, isST = 0, isTTToSemiLeptonHT500Njet9 = 0
Pileup sample key: PairVLQ_x53x53_tWtW_narrow_RH_M1300_TuneCP5_13TeV-madgraph-pythia8
b-tagging working points: 0.304(DeepJet)0.4506(DeepCSV)
isTTincMtt0to700: 0
isTTincMtt0to1000: 0
isTTincMtt700to1000: 0
isTTincMtt1000toInf: 0
isTTSemilepIncHT0Njet0: 0
isTTSemilepIncHT500Njet9: 0
outTTLF: 0
outTTCC: 0
outTTBB: 0
outTT1B: 0
outTT2B: 0
>> Completed 0 out of 1088 events
[INFO] Defaulting to central deepJet weight for: nominal
>> Completed 1000 out of 1088 events
Nelectrons      = 528 / 1088
Npassed_ElEta   = 528 / 1088
Nmuons          = 560 / 1088
NrelIsoFail     = 0 / 1088
Npassed_MuEta   = 560 / 1088
Npassed_nAK8Jets= 1088 / 1088
Npassed_Trigger = 1052 / 1088
Npassed_MET     = 968 / 1088
Npassed_lepPt   = 984 / 1088
Npassed_HT      = 1087 / 1088
npass_Njets     = 1088 / 1088
Npassed_ALL     = 873 / 1088

>> Running /isilon/hadoop/store/group/bruxljm/FWLJMET106XUL_singleLep2017UL_RunIISummer20_X53X53/PairVLQ_x53x53_tWtW_narrow_RH_M1300_TuneCP5_13TeV-madgraph-pythia8/singleLep2017UL/230310_182847/0000/PairVLQ_x53x53_tWtW_narrow_RH_M1300_TuneCP5_13TeV-madgraph-pythia8_2.root for shift: nominal
[step1.h] Opening file: /isilon/hadoop/store/group/bruxljm/FWLJMET106XUL_singleLep2017UL_RunIISummer20_X53X53/PairVLQ_x53x53_tWtW_narrow_RH_M1300_TuneCP5_13TeV-madgraph-pythia8/singleLep2017UL/230310_182847/0000/PairVLQ_x53x53_tWtW_narrow_RH_M1300_TuneCP5_13TeV-madgraph-pythia8_2.root
[step1.h] Finished initializing
RUN CONFIG: YEAR = 2017
Era = 
isMC = 1, isSig = 1, SigMass = 6
isHad =0, isSE =0, isSM =0
isTTTT = 0, isXX = 1, isTpTp = 0, isBpBp = 0
For W's: isTT = 0, isSTt = 0, isSTtW = 0
For jets & PDF: isTOP = 0, isMadgraphBkg = 1
For HOTTagger Efficiencies: isTTV = 0, isTTHbb = 0, isTTHnonbb = 0, isTTTX = 0
isTTVV = 0, isST = 0, isTTToSemiLeptonHT500Njet9 = 0
Pileup sample key: PairVLQ_x53x53_tWtW_narrow_RH_M1300_TuneCP5_13TeV-madgraph-pythia8
b-tagging working points: 0.304(DeepJet)0.4506(DeepCSV)
isTTincMtt0to700: 0
isTTincMtt0to1000: 0
isTTincMtt700to1000: 0
isTTincMtt1000toInf: 0
isTTSemilepIncHT0Njet0: 0
isTTSemilepIncHT500Njet9: 0
outTTLF: 0
outTTCC: 0
outTTBB: 0
outTT1B: 0
outTT2B: 0
>> Completed 0 out of 1036 events
[INFO] Defaulting to central deepJet weight for: nominal
>> Completed 1000 out of 1036 events
Nelectrons      = 487 / 1036
Npassed_ElEta   = 487 / 1036
Nmuons          = 549 / 1036
NrelIsoFail     = 0 / 1036
Npassed_MuEta   = 549 / 1036
Npassed_nAK8Jets= 1036 / 1036
Npassed_Trigger = 1004 / 1036
Npassed_MET     = 913 / 1036
Npassed_lepPt   = 951 / 1036
Npassed_HT      = 1034 / 1036
npass_Njets     = 1031 / 1036
Npassed_ALL     = 832 / 1036

>> Running /isilon/hadoop/store/group/bruxljm/FWLJMET106XUL_singleLep2017UL_RunIISummer20_X53X53/PairVLQ_x53x53_tWtW_narrow_RH_M1300_TuneCP5_13TeV-madgraph-pythia8/singleLep2017UL/230310_182847/0000/PairVLQ_x53x53_tWtW_narrow_RH_M1300_TuneCP5_13TeV-madgraph-pythia8_20.root for shift: nominal
[step1.h] Opening file: /isilon/hadoop/store/group/bruxljm/FWLJMET106XUL_singleLep2017UL_RunIISummer20_X53X53/PairVLQ_x53x53_tWtW_narrow_RH_M1300_TuneCP5_13TeV-madgraph-pythia8/singleLep2017UL/230310_182847/0000/PairVLQ_x53x53_tWtW_narrow_RH_M1300_TuneCP5_13TeV-madgraph-pythia8_20.root
[step1.h] Finished initializing
RUN CONFIG: YEAR = 2017
Era = 
isMC = 1, isSig = 1, SigMass = 6
isHad =0, isSE =0, isSM =0
isTTTT = 0, isXX = 1, isTpTp = 0, isBpBp = 0
For W's: isTT = 0, isSTt = 0, isSTtW = 0
For jets & PDF: isTOP = 0, isMadgraphBkg = 1
For HOTTagger Efficiencies: isTTV = 0, isTTHbb = 0, isTTHnonbb = 0, isTTTX = 0
isTTVV = 0, isST = 0, isTTToSemiLeptonHT500Njet9 = 0
Pileup sample key: PairVLQ_x53x53_tWtW_narrow_RH_M1300_TuneCP5_13TeV-madgraph-pythia8
b-tagging working points: 0.304(DeepJet)0.4506(DeepCSV)
isTTincMtt0to700: 0
isTTincMtt0to1000: 0
isTTincMtt700to1000: 0
isTTincMtt1000toInf: 0
isTTSemilepIncHT0Njet0: 0
isTTSemilepIncHT500Njet9: 0
outTTLF: 0
outTTCC: 0
outTTBB: 0
outTT1B: 0
outTT2B: 0
>> Completed 0 out of 1041 events
[INFO] Defaulting to central deepJet weight for: nominal
>> Completed 1000 out of 1041 events
Nelectrons      = 490 / 1041
Npassed_ElEta   = 490 / 1041
Nmuons          = 551 / 1041
NrelIsoFail     = 0 / 1041
Npassed_MuEta   = 551 / 1041
Npassed_nAK8Jets= 1041 / 1041
Npassed_Trigger = 1006 / 1041
Npassed_MET     = 904 / 1041
Npassed_lepPt   = 967 / 1041
Npassed_HT      = 1037 / 1041
npass_Njets     = 1037 / 1041
Npassed_ALL     = 832 / 1041

>> Running /isilon/hadoop/store/group/bruxljm/FWLJMET106XUL_singleLep2017UL_RunIISummer20_X53X53/PairVLQ_x53x53_tWtW_narrow_RH_M1300_TuneCP5_13TeV-madgraph-pythia8/singleLep2017UL/230310_182847/0000/PairVLQ_x53x53_tWtW_narrow_RH_M1300_TuneCP5_13TeV-madgraph-pythia8_21.root for shift: nominal
[step1.h] Opening file: /isilon/hadoop/store/group/bruxljm/FWLJMET106XUL_singleLep2017UL_RunIISummer20_X53X53/PairVLQ_x53x53_tWtW_narrow_RH_M1300_TuneCP5_13TeV-madgraph-pythia8/singleLep2017UL/230310_182847/0000/PairVLQ_x53x53_tWtW_narrow_RH_M1300_TuneCP5_13TeV-madgraph-pythia8_21.root
[step1.h] Finished initializing
RUN CONFIG: YEAR = 2017
Era = 
isMC = 1, isSig = 1, SigMass = 6
isHad =0, isSE =0, isSM =0
isTTTT = 0, isXX = 1, isTpTp = 0, isBpBp = 0
For W's: isTT = 0, isSTt = 0, isSTtW = 0
For jets & PDF: isTOP = 0, isMadgraphBkg = 1
For HOTTagger Efficiencies: isTTV = 0, isTTHbb = 0, isTTHnonbb = 0, isTTTX = 0
isTTVV = 0, isST = 0, isTTToSemiLeptonHT500Njet9 = 0
Pileup sample key: PairVLQ_x53x53_tWtW_narrow_RH_M1300_TuneCP5_13TeV-madgraph-pythia8
b-tagging working points: 0.304(DeepJet)0.4506(DeepCSV)
isTTincMtt0to700: 0
isTTincMtt0to1000: 0
isTTincMtt700to1000: 0
isTTincMtt1000toInf: 0
isTTSemilepIncHT0Njet0: 0
isTTSemilepIncHT500Njet9: 0
outTTLF: 0
outTTCC: 0
outTTBB: 0
outTT1B: 0
outTT2B: 0
>> Completed 0 out of 1090 events
[INFO] Defaulting to central deepJet weight for: nominal
>> Completed 1000 out of 1090 events
Nelectrons      = 504 / 1090
Npassed_ElEta   = 504 / 1090
Nmuons          = 586 / 1090
NrelIsoFail     = 0 / 1090
Npassed_MuEta   = 586 / 1090
Npassed_nAK8Jets= 1090 / 1090
Npassed_Trigger = 1059 / 1090
Npassed_MET     = 977 / 1090
Npassed_lepPt   = 992 / 1090
Npassed_HT      = 1086 / 1090
npass_Njets     = 1084 / 1090
Npassed_ALL     = 878 / 1090

>> Running /isilon/hadoop/store/group/bruxljm/FWLJMET106XUL_singleLep2017UL_RunIISummer20_X53X53/PairVLQ_x53x53_tWtW_narrow_RH_M1300_TuneCP5_13TeV-madgraph-pythia8/singleLep2017UL/230310_182847/0000/PairVLQ_x53x53_tWtW_narrow_RH_M1300_TuneCP5_13TeV-madgraph-pythia8_22.root for shift: nominal
[step1.h] Opening file: /isilon/hadoop/store/group/bruxljm/FWLJMET106XUL_singleLep2017UL_RunIISummer20_X53X53/PairVLQ_x53x53_tWtW_narrow_RH_M1300_TuneCP5_13TeV-madgraph-pythia8/singleLep2017UL/230310_182847/0000/PairVLQ_x53x53_tWtW_narrow_RH_M1300_TuneCP5_13TeV-madgraph-pythia8_22.root
[step1.h] Finished initializing
RUN CONFIG: YEAR = 2017
Era = 
isMC = 1, isSig = 1, SigMass = 6
isHad =0, isSE =0, isSM =0
isTTTT = 0, isXX = 1, isTpTp = 0, isBpBp = 0
For W's: isTT = 0, isSTt = 0, isSTtW = 0
For jets & PDF: isTOP = 0, isMadgraphBkg = 1
For HOTTagger Efficiencies: isTTV = 0, isTTHbb = 0, isTTHnonbb = 0, isTTTX = 0
isTTVV = 0, isST = 0, isTTToSemiLeptonHT500Njet9 = 0
Pileup sample key: PairVLQ_x53x53_tWtW_narrow_RH_M1300_TuneCP5_13TeV-madgraph-pythia8
b-tagging working points: 0.304(DeepJet)0.4506(DeepCSV)
isTTincMtt0to700: 0
isTTincMtt0to1000: 0
isTTincMtt700to1000: 0
isTTincMtt1000toInf: 0
isTTSemilepIncHT0Njet0: 0
isTTSemilepIncHT500Njet9: 0
outTTLF: 0
outTTCC: 0
outTTBB: 0
outTT1B: 0
outTT2B: 0
>> Completed 0 out of 1073 events
[INFO] Defaulting to central deepJet weight for: nominal
>> Completed 1000 out of 1073 events
Nelectrons      = 475 / 1073
Npassed_ElEta   = 475 / 1073
Nmuons          = 598 / 1073
NrelIsoFail     = 0 / 1073
Npassed_MuEta   = 598 / 1073
Npassed_nAK8Jets= 1073 / 1073
Npassed_Trigger = 1037 / 1073
Npassed_MET     = 939 / 1073
Npassed_lepPt   = 975 / 1073
Npassed_HT      = 1071 / 1073
npass_Njets     = 1069 / 1073
Npassed_ALL     = 848 / 1073

>> Running /isilon/hadoop/store/group/bruxljm/FWLJMET106XUL_singleLep2017UL_RunIISummer20_X53X53/PairVLQ_x53x53_tWtW_narrow_RH_M1300_TuneCP5_13TeV-madgraph-pythia8/singleLep2017UL/230310_182847/0000/PairVLQ_x53x53_tWtW_narrow_RH_M1300_TuneCP5_13TeV-madgraph-pythia8_23.root for shift: nominal
[step1.h] Opening file: /isilon/hadoop/store/group/bruxljm/FWLJMET106XUL_singleLep2017UL_RunIISummer20_X53X53/PairVLQ_x53x53_tWtW_narrow_RH_M1300_TuneCP5_13TeV-madgraph-pythia8/singleLep2017UL/230310_182847/0000/PairVLQ_x53x53_tWtW_narrow_RH_M1300_TuneCP5_13TeV-madgraph-pythia8_23.root
[step1.h] Finished initializing
RUN CONFIG: YEAR = 2017
Era = 
isMC = 1, isSig = 1, SigMass = 6
isHad =0, isSE =0, isSM =0
isTTTT = 0, isXX = 1, isTpTp = 0, isBpBp = 0
For W's: isTT = 0, isSTt = 0, isSTtW = 0
For jets & PDF: isTOP = 0, isMadgraphBkg = 1
For HOTTagger Efficiencies: isTTV = 0, isTTHbb = 0, isTTHnonbb = 0, isTTTX = 0
isTTVV = 0, isST = 0, isTTToSemiLeptonHT500Njet9 = 0
Pileup sample key: PairVLQ_x53x53_tWtW_narrow_RH_M1300_TuneCP5_13TeV-madgraph-pythia8
b-tagging working points: 0.304(DeepJet)0.4506(DeepCSV)
isTTincMtt0to700: 0
isTTincMtt0to1000: 0
isTTincMtt700to1000: 0
isTTincMtt1000toInf: 0
isTTSemilepIncHT0Njet0: 0
isTTSemilepIncHT500Njet9: 0
outTTLF: 0
outTTCC: 0
outTTBB: 0
outTT1B: 0
outTT2B: 0
>> Completed 0 out of 1056 events
[INFO] Defaulting to central deepJet weight for: nominal
>> Completed 1000 out of 1056 events
Nelectrons      = 476 / 1056
Npassed_ElEta   = 476 / 1056
Nmuons          = 580 / 1056
NrelIsoFail     = 0 / 1056
Npassed_MuEta   = 580 / 1056
Npassed_nAK8Jets= 1056 / 1056
Npassed_Trigger = 1017 / 1056
Npassed_MET     = 951 / 1056
Npassed_lepPt   = 961 / 1056
Npassed_HT      = 1053 / 1056
npass_Njets     = 1052 / 1056
Npassed_ALL     = 864 / 1056

>> Running /isilon/hadoop/store/group/bruxljm/FWLJMET106XUL_singleLep2017UL_RunIISummer20_X53X53/PairVLQ_x53x53_tWtW_narrow_RH_M1300_TuneCP5_13TeV-madgraph-pythia8/singleLep2017UL/230310_182847/0000/PairVLQ_x53x53_tWtW_narrow_RH_M1300_TuneCP5_13TeV-madgraph-pythia8_24.root for shift: nominal
[step1.h] Opening file: /isilon/hadoop/store/group/bruxljm/FWLJMET106XUL_singleLep2017UL_RunIISummer20_X53X53/PairVLQ_x53x53_tWtW_narrow_RH_M1300_TuneCP5_13TeV-madgraph-pythia8/singleLep2017UL/230310_182847/0000/PairVLQ_x53x53_tWtW_narrow_RH_M1300_TuneCP5_13TeV-madgraph-pythia8_24.root
[step1.h] Finished initializing
RUN CONFIG: YEAR = 2017
Era = 
isMC = 1, isSig = 1, SigMass = 6
isHad =0, isSE =0, isSM =0
isTTTT = 0, isXX = 1, isTpTp = 0, isBpBp = 0
For W's: isTT = 0, isSTt = 0, isSTtW = 0
For jets & PDF: isTOP = 0, isMadgraphBkg = 1
For HOTTagger Efficiencies: isTTV = 0, isTTHbb = 0, isTTHnonbb = 0, isTTTX = 0
isTTVV = 0, isST = 0, isTTToSemiLeptonHT500Njet9 = 0
Pileup sample key: PairVLQ_x53x53_tWtW_narrow_RH_M1300_TuneCP5_13TeV-madgraph-pythia8
b-tagging working points: 0.304(DeepJet)0.4506(DeepCSV)
isTTincMtt0to700: 0
isTTincMtt0to1000: 0
isTTincMtt700to1000: 0
isTTincMtt1000toInf: 0
isTTSemilepIncHT0Njet0: 0
isTTSemilepIncHT500Njet9: 0
outTTLF: 0
outTTCC: 0
outTTBB: 0
outTT1B: 0
outTT2B: 0
>> Completed 0 out of 1045 events
[INFO] Defaulting to central deepJet weight for: nominal
>> Completed 1000 out of 1045 events
Nelectrons      = 459 / 1045
Npassed_ElEta   = 459 / 1045
Nmuons          = 586 / 1045
NrelIsoFail     = 0 / 1045
Npassed_MuEta   = 586 / 1045
Npassed_nAK8Jets= 1045 / 1045
Npassed_Trigger = 1009 / 1045
Npassed_MET     = 916 / 1045
Npassed_lepPt   = 970 / 1045
Npassed_HT      = 1043 / 1045
npass_Njets     = 1040 / 1045
Npassed_ALL     = 846 / 1045

>> Running /isilon/hadoop/store/group/bruxljm/FWLJMET106XUL_singleLep2017UL_RunIISummer20_X53X53/PairVLQ_x53x53_tWtW_narrow_RH_M1300_TuneCP5_13TeV-madgraph-pythia8/singleLep2017UL/230310_182847/0000/PairVLQ_x53x53_tWtW_narrow_RH_M1300_TuneCP5_13TeV-madgraph-pythia8_25.root for shift: nominal
[step1.h] Opening file: /isilon/hadoop/store/group/bruxljm/FWLJMET106XUL_singleLep2017UL_RunIISummer20_X53X53/PairVLQ_x53x53_tWtW_narrow_RH_M1300_TuneCP5_13TeV-madgraph-pythia8/singleLep2017UL/230310_182847/0000/PairVLQ_x53x53_tWtW_narrow_RH_M1300_TuneCP5_13TeV-madgraph-pythia8_25.root
[step1.h] Finished initializing
RUN CONFIG: YEAR = 2017
Era = 
isMC = 1, isSig = 1, SigMass = 6
isHad =0, isSE =0, isSM =0
isTTTT = 0, isXX = 1, isTpTp = 0, isBpBp = 0
For W's: isTT = 0, isSTt = 0, isSTtW = 0
For jets & PDF: isTOP = 0, isMadgraphBkg = 1
For HOTTagger Efficiencies: isTTV = 0, isTTHbb = 0, isTTHnonbb = 0, isTTTX = 0
isTTVV = 0, isST = 0, isTTToSemiLeptonHT500Njet9 = 0
Pileup sample key: PairVLQ_x53x53_tWtW_narrow_RH_M1300_TuneCP5_13TeV-madgraph-pythia8
b-tagging working points: 0.304(DeepJet)0.4506(DeepCSV)
isTTincMtt0to700: 0
isTTincMtt0to1000: 0
isTTincMtt700to1000: 0
isTTincMtt1000toInf: 0
isTTSemilepIncHT0Njet0: 0
isTTSemilepIncHT500Njet9: 0
outTTLF: 0
outTTCC: 0
outTTBB: 0
outTT1B: 0
outTT2B: 0
>> Completed 0 out of 1038 events
[INFO] Defaulting to central deepJet weight for: nominal
>> Completed 1000 out of 1038 events
Nelectrons      = 463 / 1038
Npassed_ElEta   = 463 / 1038
Nmuons          = 575 / 1038
NrelIsoFail     = 0 / 1038
Npassed_MuEta   = 575 / 1038
Npassed_nAK8Jets= 1038 / 1038
Npassed_Trigger = 1003 / 1038
Npassed_MET     = 927 / 1038
Npassed_lepPt   = 943 / 1038
Npassed_HT      = 1035 / 1038
npass_Njets     = 1037 / 1038
Npassed_ALL     = 840 / 1038

>> Running /isilon/hadoop/store/group/bruxljm/FWLJMET106XUL_singleLep2017UL_RunIISummer20_X53X53/PairVLQ_x53x53_tWtW_narrow_RH_M1300_TuneCP5_13TeV-madgraph-pythia8/singleLep2017UL/230310_182847/0000/PairVLQ_x53x53_tWtW_narrow_RH_M1300_TuneCP5_13TeV-madgraph-pythia8_26.root for shift: nominal
[step1.h] Opening file: /isilon/hadoop/store/group/bruxljm/FWLJMET106XUL_singleLep2017UL_RunIISummer20_X53X53/PairVLQ_x53x53_tWtW_narrow_RH_M1300_TuneCP5_13TeV-madgraph-pythia8/singleLep2017UL/230310_182847/0000/PairVLQ_x53x53_tWtW_narrow_RH_M1300_TuneCP5_13TeV-madgraph-pythia8_26.root
[step1.h] Finished initializing
RUN CONFIG: YEAR = 2017
Era = 
isMC = 1, isSig = 1, SigMass = 6
isHad =0, isSE =0, isSM =0
isTTTT = 0, isXX = 1, isTpTp = 0, isBpBp = 0
For W's: isTT = 0, isSTt = 0, isSTtW = 0
For jets & PDF: isTOP = 0, isMadgraphBkg = 1
For HOTTagger Efficiencies: isTTV = 0, isTTHbb = 0, isTTHnonbb = 0, isTTTX = 0
isTTVV = 0, isST = 0, isTTToSemiLeptonHT500Njet9 = 0
Pileup sample key: PairVLQ_x53x53_tWtW_narrow_RH_M1300_TuneCP5_13TeV-madgraph-pythia8
b-tagging working points: 0.304(DeepJet)0.4506(DeepCSV)
isTTincMtt0to700: 0
isTTincMtt0to1000: 0
isTTincMtt700to1000: 0
isTTincMtt1000toInf: 0
isTTSemilepIncHT0Njet0: 0
isTTSemilepIncHT500Njet9: 0
outTTLF: 0
outTTCC: 0
outTTBB: 0
outTT1B: 0
outTT2B: 0
>> Completed 0 out of 1076 events
[INFO] Defaulting to central deepJet weight for: nominal
>> Completed 1000 out of 1076 events
Nelectrons      = 467 / 1076
Npassed_ElEta   = 467 / 1076
Nmuons          = 609 / 1076
NrelIsoFail     = 0 / 1076
Npassed_MuEta   = 609 / 1076
Npassed_nAK8Jets= 1076 / 1076
Npassed_Trigger = 1039 / 1076
Npassed_MET     = 959 / 1076
Npassed_lepPt   = 970 / 1076
Npassed_HT      = 1076 / 1076
npass_Njets     = 1073 / 1076
Npassed_ALL     = 864 / 1076

>> Running /isilon/hadoop/store/group/bruxljm/FWLJMET106XUL_singleLep2017UL_RunIISummer20_X53X53/PairVLQ_x53x53_tWtW_narrow_RH_M1300_TuneCP5_13TeV-madgraph-pythia8/singleLep2017UL/230310_182847/0000/PairVLQ_x53x53_tWtW_narrow_RH_M1300_TuneCP5_13TeV-madgraph-pythia8_27.root for shift: nominal
[step1.h] Opening file: /isilon/hadoop/store/group/bruxljm/FWLJMET106XUL_singleLep2017UL_RunIISummer20_X53X53/PairVLQ_x53x53_tWtW_narrow_RH_M1300_TuneCP5_13TeV-madgraph-pythia8/singleLep2017UL/230310_182847/0000/PairVLQ_x53x53_tWtW_narrow_RH_M1300_TuneCP5_13TeV-madgraph-pythia8_27.root
[step1.h] Finished initializing
RUN CONFIG: YEAR = 2017
Era = 
isMC = 1, isSig = 1, SigMass = 6
isHad =0, isSE =0, isSM =0
isTTTT = 0, isXX = 1, isTpTp = 0, isBpBp = 0
For W's: isTT = 0, isSTt = 0, isSTtW = 0
For jets & PDF: isTOP = 0, isMadgraphBkg = 1
For HOTTagger Efficiencies: isTTV = 0, isTTHbb = 0, isTTHnonbb = 0, isTTTX = 0
isTTVV = 0, isST = 0, isTTToSemiLeptonHT500Njet9 = 0
Pileup sample key: PairVLQ_x53x53_tWtW_narrow_RH_M1300_TuneCP5_13TeV-madgraph-pythia8
b-tagging working points: 0.304(DeepJet)0.4506(DeepCSV)
isTTincMtt0to700: 0
isTTincMtt0to1000: 0
isTTincMtt700to1000: 0
isTTincMtt1000toInf: 0
isTTSemilepIncHT0Njet0: 0
isTTSemilepIncHT500Njet9: 0
outTTLF: 0
outTTCC: 0
outTTBB: 0
outTT1B: 0
outTT2B: 0
>> Completed 0 out of 558 events
[INFO] Defaulting to central deepJet weight for: nominal
Nelectrons      = 259 / 558
Npassed_ElEta   = 259 / 558
Nmuons          = 299 / 558
NrelIsoFail     = 0 / 558
Npassed_MuEta   = 299 / 558
Npassed_nAK8Jets= 558 / 558
Npassed_Trigger = 542 / 558
Npassed_MET     = 490 / 558
Npassed_lepPt   = 507 / 558
Npassed_HT      = 557 / 558
npass_Njets     = 557 / 558
Npassed_ALL     = 441 / 558

>> Running /isilon/hadoop/store/group/bruxljm/FWLJMET106XUL_singleLep2017UL_RunIISummer20_X53X53/PairVLQ_x53x53_tWtW_narrow_RH_M1300_TuneCP5_13TeV-madgraph-pythia8/singleLep2017UL/230310_182847/0000/PairVLQ_x53x53_tWtW_narrow_RH_M1300_TuneCP5_13TeV-madgraph-pythia8_28.root for shift: nominal
[step1.h] Opening file: /isilon/hadoop/store/group/bruxljm/FWLJMET106XUL_singleLep2017UL_RunIISummer20_X53X53/PairVLQ_x53x53_tWtW_narrow_RH_M1300_TuneCP5_13TeV-madgraph-pythia8/singleLep2017UL/230310_182847/0000/PairVLQ_x53x53_tWtW_narrow_RH_M1300_TuneCP5_13TeV-madgraph-pythia8_28.root
[step1.h] Finished initializing
RUN CONFIG: YEAR = 2017
Era = 
isMC = 1, isSig = 1, SigMass = 6
isHad =0, isSE =0, isSM =0
isTTTT = 0, isXX = 1, isTpTp = 0, isBpBp = 0
For W's: isTT = 0, isSTt = 0, isSTtW = 0
For jets & PDF: isTOP = 0, isMadgraphBkg = 1
For HOTTagger Efficiencies: isTTV = 0, isTTHbb = 0, isTTHnonbb = 0, isTTTX = 0
isTTVV = 0, isST = 0, isTTToSemiLeptonHT500Njet9 = 0
Pileup sample key: PairVLQ_x53x53_tWtW_narrow_RH_M1300_TuneCP5_13TeV-madgraph-pythia8
b-tagging working points: 0.304(DeepJet)0.4506(DeepCSV)
isTTincMtt0to700: 0
isTTincMtt0to1000: 0
isTTincMtt700to1000: 0
isTTincMtt1000toInf: 0
isTTSemilepIncHT0Njet0: 0
isTTSemilepIncHT500Njet9: 0
outTTLF: 0
outTTCC: 0
outTTBB: 0
outTT1B: 0
outTT2B: 0
>> Completed 0 out of 1082 events
[INFO] Defaulting to central deepJet weight for: nominal
>> Completed 1000 out of 1082 events
Nelectrons      = 491 / 1082
Npassed_ElEta   = 491 / 1082
Nmuons          = 591 / 1082
NrelIsoFail     = 0 / 1082
Npassed_MuEta   = 591 / 1082
Npassed_nAK8Jets= 1082 / 1082
Npassed_Trigger = 1041 / 1082
Npassed_MET     = 962 / 1082
Npassed_lepPt   = 1000 / 1082
Npassed_HT      = 1080 / 1082
npass_Njets     = 1080 / 1082
Npassed_ALL     = 884 / 1082

>> Running /isilon/hadoop/store/group/bruxljm/FWLJMET106XUL_singleLep2017UL_RunIISummer20_X53X53/PairVLQ_x53x53_tWtW_narrow_RH_M1300_TuneCP5_13TeV-madgraph-pythia8/singleLep2017UL/230310_182847/0000/PairVLQ_x53x53_tWtW_narrow_RH_M1300_TuneCP5_13TeV-madgraph-pythia8_29.root for shift: nominal
[step1.h] Opening file: /isilon/hadoop/store/group/bruxljm/FWLJMET106XUL_singleLep2017UL_RunIISummer20_X53X53/PairVLQ_x53x53_tWtW_narrow_RH_M1300_TuneCP5_13TeV-madgraph-pythia8/singleLep2017UL/230310_182847/0000/PairVLQ_x53x53_tWtW_narrow_RH_M1300_TuneCP5_13TeV-madgraph-pythia8_29.root
[step1.h] Finished initializing
RUN CONFIG: YEAR = 2017
Era = 
isMC = 1, isSig = 1, SigMass = 6
isHad =0, isSE =0, isSM =0
isTTTT = 0, isXX = 1, isTpTp = 0, isBpBp = 0
For W's: isTT = 0, isSTt = 0, isSTtW = 0
For jets & PDF: isTOP = 0, isMadgraphBkg = 1
For HOTTagger Efficiencies: isTTV = 0, isTTHbb = 0, isTTHnonbb = 0, isTTTX = 0
isTTVV = 0, isST = 0, isTTToSemiLeptonHT500Njet9 = 0
Pileup sample key: PairVLQ_x53x53_tWtW_narrow_RH_M1300_TuneCP5_13TeV-madgraph-pythia8
b-tagging working points: 0.304(DeepJet)0.4506(DeepCSV)
isTTincMtt0to700: 0
isTTincMtt0to1000: 0
isTTincMtt700to1000: 0
isTTincMtt1000toInf: 0
isTTSemilepIncHT0Njet0: 0
isTTSemilepIncHT500Njet9: 0
outTTLF: 0
outTTCC: 0
outTTBB: 0
outTT1B: 0
outTT2B: 0
>> Completed 0 out of 1092 events
[INFO] Defaulting to central deepJet weight for: nominal
>> Completed 1000 out of 1092 events
Nelectrons      = 514 / 1092
Npassed_ElEta   = 514 / 1092
Nmuons          = 578 / 1092
NrelIsoFail     = 0 / 1092
Npassed_MuEta   = 578 / 1092
Npassed_nAK8Jets= 1092 / 1092
Npassed_Trigger = 1061 / 1092
Npassed_MET     = 984 / 1092
Npassed_lepPt   = 996 / 1092
Npassed_HT      = 1089 / 1092
npass_Njets     = 1089 / 1092
Npassed_ALL     = 889 / 1092

>> Running /isilon/hadoop/store/group/bruxljm/FWLJMET106XUL_singleLep2017UL_RunIISummer20_X53X53/PairVLQ_x53x53_tWtW_narrow_RH_M1300_TuneCP5_13TeV-madgraph-pythia8/singleLep2017UL/230310_182847/0000/PairVLQ_x53x53_tWtW_narrow_RH_M1300_TuneCP5_13TeV-madgraph-pythia8_3.root for shift: nominal
[step1.h] Opening file: /isilon/hadoop/store/group/bruxljm/FWLJMET106XUL_singleLep2017UL_RunIISummer20_X53X53/PairVLQ_x53x53_tWtW_narrow_RH_M1300_TuneCP5_13TeV-madgraph-pythia8/singleLep2017UL/230310_182847/0000/PairVLQ_x53x53_tWtW_narrow_RH_M1300_TuneCP5_13TeV-madgraph-pythia8_3.root
[step1.h] Finished initializing
RUN CONFIG: YEAR = 2017
Era = 
isMC = 1, isSig = 1, SigMass = 6
isHad =0, isSE =0, isSM =0
isTTTT = 0, isXX = 1, isTpTp = 0, isBpBp = 0
For W's: isTT = 0, isSTt = 0, isSTtW = 0
For jets & PDF: isTOP = 0, isMadgraphBkg = 1
For HOTTagger Efficiencies: isTTV = 0, isTTHbb = 0, isTTHnonbb = 0, isTTTX = 0
isTTVV = 0, isST = 0, isTTToSemiLeptonHT500Njet9 = 0
Pileup sample key: PairVLQ_x53x53_tWtW_narrow_RH_M1300_TuneCP5_13TeV-madgraph-pythia8
b-tagging working points: 0.304(DeepJet)0.4506(DeepCSV)
isTTincMtt0to700: 0
isTTincMtt0to1000: 0
isTTincMtt700to1000: 0
isTTincMtt1000toInf: 0
isTTSemilepIncHT0Njet0: 0
isTTSemilepIncHT500Njet9: 0
outTTLF: 0
outTTCC: 0
outTTBB: 0
outTT1B: 0
outTT2B: 0
>> Completed 0 out of 1021 events
[INFO] Defaulting to central deepJet weight for: nominal
>> Completed 1000 out of 1021 events
Nelectrons      = 495 / 1021
Npassed_ElEta   = 495 / 1021
Nmuons          = 526 / 1021
NrelIsoFail     = 0 / 1021
Npassed_MuEta   = 526 / 1021
Npassed_nAK8Jets= 1021 / 1021
Npassed_Trigger = 985 / 1021
Npassed_MET     = 904 / 1021
Npassed_lepPt   = 924 / 1021
Npassed_HT      = 1019 / 1021
npass_Njets     = 1019 / 1021
Npassed_ALL     = 817 / 1021

>> Running /isilon/hadoop/store/group/bruxljm/FWLJMET106XUL_singleLep2017UL_RunIISummer20_X53X53/PairVLQ_x53x53_tWtW_narrow_RH_M1300_TuneCP5_13TeV-madgraph-pythia8/singleLep2017UL/230310_182847/0000/PairVLQ_x53x53_tWtW_narrow_RH_M1300_TuneCP5_13TeV-madgraph-pythia8_30.root for shift: nominal
[step1.h] Opening file: /isilon/hadoop/store/group/bruxljm/FWLJMET106XUL_singleLep2017UL_RunIISummer20_X53X53/PairVLQ_x53x53_tWtW_narrow_RH_M1300_TuneCP5_13TeV-madgraph-pythia8/singleLep2017UL/230310_182847/0000/PairVLQ_x53x53_tWtW_narrow_RH_M1300_TuneCP5_13TeV-madgraph-pythia8_30.root
[step1.h] Finished initializing
RUN CONFIG: YEAR = 2017
Era = 
isMC = 1, isSig = 1, SigMass = 6
isHad =0, isSE =0, isSM =0
isTTTT = 0, isXX = 1, isTpTp = 0, isBpBp = 0
For W's: isTT = 0, isSTt = 0, isSTtW = 0
For jets & PDF: isTOP = 0, isMadgraphBkg = 1
For HOTTagger Efficiencies: isTTV = 0, isTTHbb = 0, isTTHnonbb = 0, isTTTX = 0
isTTVV = 0, isST = 0, isTTToSemiLeptonHT500Njet9 = 0
Pileup sample key: PairVLQ_x53x53_tWtW_narrow_RH_M1300_TuneCP5_13TeV-madgraph-pythia8
b-tagging working points: 0.304(DeepJet)0.4506(DeepCSV)
isTTincMtt0to700: 0
isTTincMtt0to1000: 0
isTTincMtt700to1000: 0
isTTincMtt1000toInf: 0
isTTSemilepIncHT0Njet0: 0
isTTSemilepIncHT500Njet9: 0
outTTLF: 0
outTTCC: 0
outTTBB: 0
outTT1B: 0
outTT2B: 0
>> Completed 0 out of 1075 events
[INFO] Defaulting to central deepJet weight for: nominal
>> Completed 1000 out of 1075 events
Nelectrons      = 451 / 1075
Npassed_ElEta   = 451 / 1075
Nmuons          = 624 / 1075
NrelIsoFail     = 0 / 1075
Npassed_MuEta   = 624 / 1075
Npassed_nAK8Jets= 1075 / 1075
Npassed_Trigger = 1037 / 1075
Npassed_MET     = 950 / 1075
Npassed_lepPt   = 986 / 1075
Npassed_HT      = 1074 / 1075
npass_Njets     = 1072 / 1075
Npassed_ALL     = 865 / 1075

>> Running /isilon/hadoop/store/group/bruxljm/FWLJMET106XUL_singleLep2017UL_RunIISummer20_X53X53/PairVLQ_x53x53_tWtW_narrow_RH_M1300_TuneCP5_13TeV-madgraph-pythia8/singleLep2017UL/230310_182847/0000/PairVLQ_x53x53_tWtW_narrow_RH_M1300_TuneCP5_13TeV-madgraph-pythia8_31.root for shift: nominal
[step1.h] Opening file: /isilon/hadoop/store/group/bruxljm/FWLJMET106XUL_singleLep2017UL_RunIISummer20_X53X53/PairVLQ_x53x53_tWtW_narrow_RH_M1300_TuneCP5_13TeV-madgraph-pythia8/singleLep2017UL/230310_182847/0000/PairVLQ_x53x53_tWtW_narrow_RH_M1300_TuneCP5_13TeV-madgraph-pythia8_31.root
[step1.h] Finished initializing
RUN CONFIG: YEAR = 2017
Era = 
isMC = 1, isSig = 1, SigMass = 6
isHad =0, isSE =0, isSM =0
isTTTT = 0, isXX = 1, isTpTp = 0, isBpBp = 0
For W's: isTT = 0, isSTt = 0, isSTtW = 0
For jets & PDF: isTOP = 0, isMadgraphBkg = 1
For HOTTagger Efficiencies: isTTV = 0, isTTHbb = 0, isTTHnonbb = 0, isTTTX = 0
isTTVV = 0, isST = 0, isTTToSemiLeptonHT500Njet9 = 0
Pileup sample key: PairVLQ_x53x53_tWtW_narrow_RH_M1300_TuneCP5_13TeV-madgraph-pythia8
b-tagging working points: 0.304(DeepJet)0.4506(DeepCSV)
isTTincMtt0to700: 0
isTTincMtt0to1000: 0
isTTincMtt700to1000: 0
isTTincMtt1000toInf: 0
isTTSemilepIncHT0Njet0: 0
isTTSemilepIncHT500Njet9: 0
outTTLF: 0
outTTCC: 0
outTTBB: 0
outTT1B: 0
outTT2B: 0
>> Completed 0 out of 518 events
[INFO] Defaulting to central deepJet weight for: nominal
Nelectrons      = 242 / 518
Npassed_ElEta   = 242 / 518
Nmuons          = 276 / 518
NrelIsoFail     = 0 / 518
Npassed_MuEta   = 276 / 518
Npassed_nAK8Jets= 518 / 518
Npassed_Trigger = 501 / 518
Npassed_MET     = 456 / 518
Npassed_lepPt   = 468 / 518
Npassed_HT      = 516 / 518
npass_Njets     = 516 / 518
Npassed_ALL     = 406 / 518

>> Running /isilon/hadoop/store/group/bruxljm/FWLJMET106XUL_singleLep2017UL_RunIISummer20_X53X53/PairVLQ_x53x53_tWtW_narrow_RH_M1300_TuneCP5_13TeV-madgraph-pythia8/singleLep2017UL/230310_182847/0000/PairVLQ_x53x53_tWtW_narrow_RH_M1300_TuneCP5_13TeV-madgraph-pythia8_32.root for shift: nominal
[step1.h] Opening file: /isilon/hadoop/store/group/bruxljm/FWLJMET106XUL_singleLep2017UL_RunIISummer20_X53X53/PairVLQ_x53x53_tWtW_narrow_RH_M1300_TuneCP5_13TeV-madgraph-pythia8/singleLep2017UL/230310_182847/0000/PairVLQ_x53x53_tWtW_narrow_RH_M1300_TuneCP5_13TeV-madgraph-pythia8_32.root
[step1.h] Finished initializing
RUN CONFIG: YEAR = 2017
Era = 
isMC = 1, isSig = 1, SigMass = 6
isHad =0, isSE =0, isSM =0
isTTTT = 0, isXX = 1, isTpTp = 0, isBpBp = 0
For W's: isTT = 0, isSTt = 0, isSTtW = 0
For jets & PDF: isTOP = 0, isMadgraphBkg = 1
For HOTTagger Efficiencies: isTTV = 0, isTTHbb = 0, isTTHnonbb = 0, isTTTX = 0
isTTVV = 0, isST = 0, isTTToSemiLeptonHT500Njet9 = 0
Pileup sample key: PairVLQ_x53x53_tWtW_narrow_RH_M1300_TuneCP5_13TeV-madgraph-pythia8
b-tagging working points: 0.304(DeepJet)0.4506(DeepCSV)
isTTincMtt0to700: 0
isTTincMtt0to1000: 0
isTTincMtt700to1000: 0
isTTincMtt1000toInf: 0
isTTSemilepIncHT0Njet0: 0
isTTSemilepIncHT500Njet9: 0
outTTLF: 0
outTTCC: 0
outTTBB: 0
outTT1B: 0
outTT2B: 0
>> Completed 0 out of 543 events
[INFO] Defaulting to central deepJet weight for: nominal
Nelectrons      = 253 / 543
Npassed_ElEta   = 253 / 543
Nmuons          = 290 / 543
NrelIsoFail     = 0 / 543
Npassed_MuEta   = 290 / 543
Npassed_nAK8Jets= 543 / 543
Npassed_Trigger = 521 / 543
Npassed_MET     = 481 / 543
Npassed_lepPt   = 498 / 543
Npassed_HT      = 542 / 543
npass_Njets     = 539 / 543
Npassed_ALL     = 436 / 543

>> Running /isilon/hadoop/store/group/bruxljm/FWLJMET106XUL_singleLep2017UL_RunIISummer20_X53X53/PairVLQ_x53x53_tWtW_narrow_RH_M1300_TuneCP5_13TeV-madgraph-pythia8/singleLep2017UL/230310_182847/0000/PairVLQ_x53x53_tWtW_narrow_RH_M1300_TuneCP5_13TeV-madgraph-pythia8_33.root for shift: nominal
[step1.h] Opening file: /isilon/hadoop/store/group/bruxljm/FWLJMET106XUL_singleLep2017UL_RunIISummer20_X53X53/PairVLQ_x53x53_tWtW_narrow_RH_M1300_TuneCP5_13TeV-madgraph-pythia8/singleLep2017UL/230310_182847/0000/PairVLQ_x53x53_tWtW_narrow_RH_M1300_TuneCP5_13TeV-madgraph-pythia8_33.root
[step1.h] Finished initializing
RUN CONFIG: YEAR = 2017
Era = 
isMC = 1, isSig = 1, SigMass = 6
isHad =0, isSE =0, isSM =0
isTTTT = 0, isXX = 1, isTpTp = 0, isBpBp = 0
For W's: isTT = 0, isSTt = 0, isSTtW = 0
For jets & PDF: isTOP = 0, isMadgraphBkg = 1
For HOTTagger Efficiencies: isTTV = 0, isTTHbb = 0, isTTHnonbb = 0, isTTTX = 0
isTTVV = 0, isST = 0, isTTToSemiLeptonHT500Njet9 = 0
Pileup sample key: PairVLQ_x53x53_tWtW_narrow_RH_M1300_TuneCP5_13TeV-madgraph-pythia8
b-tagging working points: 0.304(DeepJet)0.4506(DeepCSV)
isTTincMtt0to700: 0
isTTincMtt0to1000: 0
isTTincMtt700to1000: 0
isTTincMtt1000toInf: 0
isTTSemilepIncHT0Njet0: 0
isTTSemilepIncHT500Njet9: 0
outTTLF: 0
outTTCC: 0
outTTBB: 0
outTT1B: 0
outTT2B: 0
>> Completed 0 out of 555 events
[INFO] Defaulting to central deepJet weight for: nominal
Nelectrons      = 262 / 555
Npassed_ElEta   = 262 / 555
Nmuons          = 293 / 555
NrelIsoFail     = 0 / 555
Npassed_MuEta   = 293 / 555
Npassed_nAK8Jets= 555 / 555
Npassed_Trigger = 540 / 555
Npassed_MET     = 486 / 555
Npassed_lepPt   = 508 / 555
Npassed_HT      = 555 / 555
npass_Njets     = 554 / 555
Npassed_ALL     = 441 / 555

>> Running /isilon/hadoop/store/group/bruxljm/FWLJMET106XUL_singleLep2017UL_RunIISummer20_X53X53/PairVLQ_x53x53_tWtW_narrow_RH_M1300_TuneCP5_13TeV-madgraph-pythia8/singleLep2017UL/230310_182847/0000/PairVLQ_x53x53_tWtW_narrow_RH_M1300_TuneCP5_13TeV-madgraph-pythia8_34.root for shift: nominal
[step1.h] Opening file: /isilon/hadoop/store/group/bruxljm/FWLJMET106XUL_singleLep2017UL_RunIISummer20_X53X53/PairVLQ_x53x53_tWtW_narrow_RH_M1300_TuneCP5_13TeV-madgraph-pythia8/singleLep2017UL/230310_182847/0000/PairVLQ_x53x53_tWtW_narrow_RH_M1300_TuneCP5_13TeV-madgraph-pythia8_34.root
[step1.h] Finished initializing
RUN CONFIG: YEAR = 2017
Era = 
isMC = 1, isSig = 1, SigMass = 6
isHad =0, isSE =0, isSM =0
isTTTT = 0, isXX = 1, isTpTp = 0, isBpBp = 0
For W's: isTT = 0, isSTt = 0, isSTtW = 0
For jets & PDF: isTOP = 0, isMadgraphBkg = 1
For HOTTagger Efficiencies: isTTV = 0, isTTHbb = 0, isTTHnonbb = 0, isTTTX = 0
isTTVV = 0, isST = 0, isTTToSemiLeptonHT500Njet9 = 0
Pileup sample key: PairVLQ_x53x53_tWtW_narrow_RH_M1300_TuneCP5_13TeV-madgraph-pythia8
b-tagging working points: 0.304(DeepJet)0.4506(DeepCSV)
isTTincMtt0to700: 0
isTTincMtt0to1000: 0
isTTincMtt700to1000: 0
isTTincMtt1000toInf: 0
isTTSemilepIncHT0Njet0: 0
isTTSemilepIncHT500Njet9: 0
outTTLF: 0
outTTCC: 0
outTTBB: 0
outTT1B: 0
outTT2B: 0
>> Completed 0 out of 1090 events
[INFO] Defaulting to central deepJet weight for: nominal
>> Completed 1000 out of 1090 events
Nelectrons      = 506 / 1090
Npassed_ElEta   = 506 / 1090
Nmuons          = 584 / 1090
NrelIsoFail     = 0 / 1090
Npassed_MuEta   = 584 / 1090
Npassed_nAK8Jets= 1090 / 1090
Npassed_Trigger = 1042 / 1090
Npassed_MET     = 975 / 1090
Npassed_lepPt   = 1004 / 1090
Npassed_HT      = 1090 / 1090
npass_Njets     = 1089 / 1090
Npassed_ALL     = 899 / 1090

>> Running /isilon/hadoop/store/group/bruxljm/FWLJMET106XUL_singleLep2017UL_RunIISummer20_X53X53/PairVLQ_x53x53_tWtW_narrow_RH_M1300_TuneCP5_13TeV-madgraph-pythia8/singleLep2017UL/230310_182847/0000/PairVLQ_x53x53_tWtW_narrow_RH_M1300_TuneCP5_13TeV-madgraph-pythia8_35.root for shift: nominal
[step1.h] Opening file: /isilon/hadoop/store/group/bruxljm/FWLJMET106XUL_singleLep2017UL_RunIISummer20_X53X53/PairVLQ_x53x53_tWtW_narrow_RH_M1300_TuneCP5_13TeV-madgraph-pythia8/singleLep2017UL/230310_182847/0000/PairVLQ_x53x53_tWtW_narrow_RH_M1300_TuneCP5_13TeV-madgraph-pythia8_35.root
[step1.h] Finished initializing
RUN CONFIG: YEAR = 2017
Era = 
isMC = 1, isSig = 1, SigMass = 6
isHad =0, isSE =0, isSM =0
isTTTT = 0, isXX = 1, isTpTp = 0, isBpBp = 0
For W's: isTT = 0, isSTt = 0, isSTtW = 0
For jets & PDF: isTOP = 0, isMadgraphBkg = 1
For HOTTagger Efficiencies: isTTV = 0, isTTHbb = 0, isTTHnonbb = 0, isTTTX = 0
isTTVV = 0, isST = 0, isTTToSemiLeptonHT500Njet9 = 0
Pileup sample key: PairVLQ_x53x53_tWtW_narrow_RH_M1300_TuneCP5_13TeV-madgraph-pythia8
b-tagging working points: 0.304(DeepJet)0.4506(DeepCSV)
isTTincMtt0to700: 0
isTTincMtt0to1000: 0
isTTincMtt700to1000: 0
isTTincMtt1000toInf: 0
isTTSemilepIncHT0Njet0: 0
isTTSemilepIncHT500Njet9: 0
outTTLF: 0
outTTCC: 0
outTTBB: 0
outTT1B: 0
outTT2B: 0
>> Completed 0 out of 1053 events
[INFO] Defaulting to central deepJet weight for: nominal
>> Completed 1000 out of 1053 events
Nelectrons      = 520 / 1053
Npassed_ElEta   = 520 / 1053
Nmuons          = 533 / 1053
NrelIsoFail     = 0 / 1053
Npassed_MuEta   = 533 / 1053
Npassed_nAK8Jets= 1053 / 1053
Npassed_Trigger = 1020 / 1053
Npassed_MET     = 916 / 1053
Npassed_lepPt   = 956 / 1053
Npassed_HT      = 1050 / 1053
npass_Njets     = 1052 / 1053
Npassed_ALL     = 827 / 1053

>> Running /isilon/hadoop/store/group/bruxljm/FWLJMET106XUL_singleLep2017UL_RunIISummer20_X53X53/PairVLQ_x53x53_tWtW_narrow_RH_M1300_TuneCP5_13TeV-madgraph-pythia8/singleLep2017UL/230310_182847/0000/PairVLQ_x53x53_tWtW_narrow_RH_M1300_TuneCP5_13TeV-madgraph-pythia8_36.root for shift: nominal
[step1.h] Opening file: /isilon/hadoop/store/group/bruxljm/FWLJMET106XUL_singleLep2017UL_RunIISummer20_X53X53/PairVLQ_x53x53_tWtW_narrow_RH_M1300_TuneCP5_13TeV-madgraph-pythia8/singleLep2017UL/230310_182847/0000/PairVLQ_x53x53_tWtW_narrow_RH_M1300_TuneCP5_13TeV-madgraph-pythia8_36.root
[step1.h] Finished initializing
RUN CONFIG: YEAR = 2017
Era = 
isMC = 1, isSig = 1, SigMass = 6
isHad =0, isSE =0, isSM =0
isTTTT = 0, isXX = 1, isTpTp = 0, isBpBp = 0
For W's: isTT = 0, isSTt = 0, isSTtW = 0
For jets & PDF: isTOP = 0, isMadgraphBkg = 1
For HOTTagger Efficiencies: isTTV = 0, isTTHbb = 0, isTTHnonbb = 0, isTTTX = 0
isTTVV = 0, isST = 0, isTTToSemiLeptonHT500Njet9 = 0
Pileup sample key: PairVLQ_x53x53_tWtW_narrow_RH_M1300_TuneCP5_13TeV-madgraph-pythia8
b-tagging working points: 0.304(DeepJet)0.4506(DeepCSV)
isTTincMtt0to700: 0
isTTincMtt0to1000: 0
isTTincMtt700to1000: 0
isTTincMtt1000toInf: 0
isTTSemilepIncHT0Njet0: 0
isTTSemilepIncHT500Njet9: 0
outTTLF: 0
outTTCC: 0
outTTBB: 0
outTT1B: 0
outTT2B: 0
>> Completed 0 out of 1052 events
[INFO] Defaulting to central deepJet weight for: nominal
>> Completed 1000 out of 1052 events
Nelectrons      = 493 / 1052
Npassed_ElEta   = 493 / 1052
Nmuons          = 559 / 1052
NrelIsoFail     = 0 / 1052
Npassed_MuEta   = 559 / 1052
Npassed_nAK8Jets= 1052 / 1052
Npassed_Trigger = 1025 / 1052
Npassed_MET     = 936 / 1052
Npassed_lepPt   = 964 / 1052
Npassed_HT      = 1051 / 1052
npass_Njets     = 1049 / 1052
Npassed_ALL     = 856 / 1052

>> Running /isilon/hadoop/store/group/bruxljm/FWLJMET106XUL_singleLep2017UL_RunIISummer20_X53X53/PairVLQ_x53x53_tWtW_narrow_RH_M1300_TuneCP5_13TeV-madgraph-pythia8/singleLep2017UL/230310_182847/0000/PairVLQ_x53x53_tWtW_narrow_RH_M1300_TuneCP5_13TeV-madgraph-pythia8_37.root for shift: nominal
[step1.h] Opening file: /isilon/hadoop/store/group/bruxljm/FWLJMET106XUL_singleLep2017UL_RunIISummer20_X53X53/PairVLQ_x53x53_tWtW_narrow_RH_M1300_TuneCP5_13TeV-madgraph-pythia8/singleLep2017UL/230310_182847/0000/PairVLQ_x53x53_tWtW_narrow_RH_M1300_TuneCP5_13TeV-madgraph-pythia8_37.root
[step1.h] Finished initializing
RUN CONFIG: YEAR = 2017
Era = 
isMC = 1, isSig = 1, SigMass = 6
isHad =0, isSE =0, isSM =0
isTTTT = 0, isXX = 1, isTpTp = 0, isBpBp = 0
For W's: isTT = 0, isSTt = 0, isSTtW = 0
For jets & PDF: isTOP = 0, isMadgraphBkg = 1
For HOTTagger Efficiencies: isTTV = 0, isTTHbb = 0, isTTHnonbb = 0, isTTTX = 0
isTTVV = 0, isST = 0, isTTToSemiLeptonHT500Njet9 = 0
Pileup sample key: PairVLQ_x53x53_tWtW_narrow_RH_M1300_TuneCP5_13TeV-madgraph-pythia8
b-tagging working points: 0.304(DeepJet)0.4506(DeepCSV)
isTTincMtt0to700: 0
isTTincMtt0to1000: 0
isTTincMtt700to1000: 0
isTTincMtt1000toInf: 0
isTTSemilepIncHT0Njet0: 0
isTTSemilepIncHT500Njet9: 0
outTTLF: 0
outTTCC: 0
outTTBB: 0
outTT1B: 0
outTT2B: 0
>> Completed 0 out of 1065 events
[INFO] Defaulting to central deepJet weight for: nominal
>> Completed 1000 out of 1065 events
Nelectrons      = 487 / 1065
Npassed_ElEta   = 487 / 1065
Nmuons          = 578 / 1065
NrelIsoFail     = 0 / 1065
Npassed_MuEta   = 578 / 1065
Npassed_nAK8Jets= 1065 / 1065
Npassed_Trigger = 1023 / 1065
Npassed_MET     = 953 / 1065
Npassed_lepPt   = 984 / 1065
Npassed_HT      = 1065 / 1065
npass_Njets     = 1061 / 1065
Npassed_ALL     = 876 / 1065

>> Running /isilon/hadoop/store/group/bruxljm/FWLJMET106XUL_singleLep2017UL_RunIISummer20_X53X53/PairVLQ_x53x53_tWtW_narrow_RH_M1300_TuneCP5_13TeV-madgraph-pythia8/singleLep2017UL/230310_182847/0000/PairVLQ_x53x53_tWtW_narrow_RH_M1300_TuneCP5_13TeV-madgraph-pythia8_38.root for shift: nominal
[step1.h] Opening file: /isilon/hadoop/store/group/bruxljm/FWLJMET106XUL_singleLep2017UL_RunIISummer20_X53X53/PairVLQ_x53x53_tWtW_narrow_RH_M1300_TuneCP5_13TeV-madgraph-pythia8/singleLep2017UL/230310_182847/0000/PairVLQ_x53x53_tWtW_narrow_RH_M1300_TuneCP5_13TeV-madgraph-pythia8_38.root
[step1.h] Finished initializing
RUN CONFIG: YEAR = 2017
Era = 
isMC = 1, isSig = 1, SigMass = 6
isHad =0, isSE =0, isSM =0
isTTTT = 0, isXX = 1, isTpTp = 0, isBpBp = 0
For W's: isTT = 0, isSTt = 0, isSTtW = 0
For jets & PDF: isTOP = 0, isMadgraphBkg = 1
For HOTTagger Efficiencies: isTTV = 0, isTTHbb = 0, isTTHnonbb = 0, isTTTX = 0
isTTVV = 0, isST = 0, isTTToSemiLeptonHT500Njet9 = 0
Pileup sample key: PairVLQ_x53x53_tWtW_narrow_RH_M1300_TuneCP5_13TeV-madgraph-pythia8
b-tagging working points: 0.304(DeepJet)0.4506(DeepCSV)
isTTincMtt0to700: 0
isTTincMtt0to1000: 0
isTTincMtt700to1000: 0
isTTincMtt1000toInf: 0
isTTSemilepIncHT0Njet0: 0
isTTSemilepIncHT500Njet9: 0
outTTLF: 0
outTTCC: 0
outTTBB: 0
outTT1B: 0
outTT2B: 0
>> Completed 0 out of 539 events
[INFO] Defaulting to central deepJet weight for: nominal
Nelectrons      = 261 / 539
Npassed_ElEta   = 261 / 539
Nmuons          = 278 / 539
NrelIsoFail     = 0 / 539
Npassed_MuEta   = 278 / 539
Npassed_nAK8Jets= 539 / 539
Npassed_Trigger = 520 / 539
Npassed_MET     = 486 / 539
Npassed_lepPt   = 492 / 539
Npassed_HT      = 539 / 539
npass_Njets     = 537 / 539
Npassed_ALL     = 443 / 539

>> Running /isilon/hadoop/store/group/bruxljm/FWLJMET106XUL_singleLep2017UL_RunIISummer20_X53X53/PairVLQ_x53x53_tWtW_narrow_RH_M1300_TuneCP5_13TeV-madgraph-pythia8/singleLep2017UL/230310_182847/0000/PairVLQ_x53x53_tWtW_narrow_RH_M1300_TuneCP5_13TeV-madgraph-pythia8_39.root for shift: nominal
[step1.h] Opening file: /isilon/hadoop/store/group/bruxljm/FWLJMET106XUL_singleLep2017UL_RunIISummer20_X53X53/PairVLQ_x53x53_tWtW_narrow_RH_M1300_TuneCP5_13TeV-madgraph-pythia8/singleLep2017UL/230310_182847/0000/PairVLQ_x53x53_tWtW_narrow_RH_M1300_TuneCP5_13TeV-madgraph-pythia8_39.root
[step1.h] Finished initializing
RUN CONFIG: YEAR = 2017
Era = 
isMC = 1, isSig = 1, SigMass = 6
isHad =0, isSE =0, isSM =0
isTTTT = 0, isXX = 1, isTpTp = 0, isBpBp = 0
For W's: isTT = 0, isSTt = 0, isSTtW = 0
For jets & PDF: isTOP = 0, isMadgraphBkg = 1
For HOTTagger Efficiencies: isTTV = 0, isTTHbb = 0, isTTHnonbb = 0, isTTTX = 0
isTTVV = 0, isST = 0, isTTToSemiLeptonHT500Njet9 = 0
Pileup sample key: PairVLQ_x53x53_tWtW_narrow_RH_M1300_TuneCP5_13TeV-madgraph-pythia8
b-tagging working points: 0.304(DeepJet)0.4506(DeepCSV)
isTTincMtt0to700: 0
isTTincMtt0to1000: 0
isTTincMtt700to1000: 0
isTTincMtt1000toInf: 0
isTTSemilepIncHT0Njet0: 0
isTTSemilepIncHT500Njet9: 0
outTTLF: 0
outTTCC: 0
outTTBB: 0
outTT1B: 0
outTT2B: 0
>> Completed 0 out of 1055 events
[INFO] Defaulting to central deepJet weight for: nominal
>> Completed 1000 out of 1055 events
Nelectrons      = 482 / 1055
Npassed_ElEta   = 482 / 1055
Nmuons          = 573 / 1055
NrelIsoFail     = 0 / 1055
Npassed_MuEta   = 573 / 1055
Npassed_nAK8Jets= 1055 / 1055
Npassed_Trigger = 1012 / 1055
Npassed_MET     = 945 / 1055
Npassed_lepPt   = 970 / 1055
Npassed_HT      = 1055 / 1055
npass_Njets     = 1051 / 1055
Npassed_ALL     = 865 / 1055

>> Running /isilon/hadoop/store/group/bruxljm/FWLJMET106XUL_singleLep2017UL_RunIISummer20_X53X53/PairVLQ_x53x53_tWtW_narrow_RH_M1300_TuneCP5_13TeV-madgraph-pythia8/singleLep2017UL/230310_182847/0000/PairVLQ_x53x53_tWtW_narrow_RH_M1300_TuneCP5_13TeV-madgraph-pythia8_4.root for shift: nominal
[step1.h] Opening file: /isilon/hadoop/store/group/bruxljm/FWLJMET106XUL_singleLep2017UL_RunIISummer20_X53X53/PairVLQ_x53x53_tWtW_narrow_RH_M1300_TuneCP5_13TeV-madgraph-pythia8/singleLep2017UL/230310_182847/0000/PairVLQ_x53x53_tWtW_narrow_RH_M1300_TuneCP5_13TeV-madgraph-pythia8_4.root
[step1.h] Finished initializing
RUN CONFIG: YEAR = 2017
Era = 
isMC = 1, isSig = 1, SigMass = 6
isHad =0, isSE =0, isSM =0
isTTTT = 0, isXX = 1, isTpTp = 0, isBpBp = 0
For W's: isTT = 0, isSTt = 0, isSTtW = 0
For jets & PDF: isTOP = 0, isMadgraphBkg = 1
For HOTTagger Efficiencies: isTTV = 0, isTTHbb = 0, isTTHnonbb = 0, isTTTX = 0
isTTVV = 0, isST = 0, isTTToSemiLeptonHT500Njet9 = 0
Pileup sample key: PairVLQ_x53x53_tWtW_narrow_RH_M1300_TuneCP5_13TeV-madgraph-pythia8
b-tagging working points: 0.304(DeepJet)0.4506(DeepCSV)
isTTincMtt0to700: 0
isTTincMtt0to1000: 0
isTTincMtt700to1000: 0
isTTincMtt1000toInf: 0
isTTSemilepIncHT0Njet0: 0
isTTSemilepIncHT500Njet9: 0
outTTLF: 0
outTTCC: 0
outTTBB: 0
outTT1B: 0
outTT2B: 0
>> Completed 0 out of 1073 events
[INFO] Defaulting to central deepJet weight for: nominal
>> Completed 1000 out of 1073 events
Nelectrons      = 498 / 1073
Npassed_ElEta   = 498 / 1073
Nmuons          = 575 / 1073
NrelIsoFail     = 0 / 1073
Npassed_MuEta   = 575 / 1073
Npassed_nAK8Jets= 1073 / 1073
Npassed_Trigger = 1040 / 1073
Npassed_MET     = 958 / 1073
Npassed_lepPt   = 985 / 1073
Npassed_HT      = 1071 / 1073
npass_Njets     = 1070 / 1073
Npassed_ALL     = 874 / 1073
>> Available ROOT Files:
-rw-r--r-- 1 fsimpson gridusers 2949572 Apr 24 09:14 PairVLQ_x53x53_tWtW_narrow_RH_M1300_TuneCP5_13TeV-madgraph-pythia8_153nominal.root
-rw-r--r-- 1 fsimpson gridusers 3072536 Apr 24 09:14 PairVLQ_x53x53_tWtW_narrow_RH_M1300_TuneCP5_13TeV-madgraph-pythia8_154nominal.root
-rw-r--r-- 1 fsimpson gridusers 3002519 Apr 24 09:14 PairVLQ_x53x53_tWtW_narrow_RH_M1300_TuneCP5_13TeV-madgraph-pythia8_155nominal.root
-rw-r--r-- 1 fsimpson gridusers 2908470 Apr 24 09:14 PairVLQ_x53x53_tWtW_narrow_RH_M1300_TuneCP5_13TeV-madgraph-pythia8_16nominal.root
-rw-r--r-- 1 fsimpson gridusers 2848661 Apr 24 09:14 PairVLQ_x53x53_tWtW_narrow_RH_M1300_TuneCP5_13TeV-madgraph-pythia8_17nominal.root
-rw-r--r-- 1 fsimpson gridusers 3146937 Apr 24 09:14 PairVLQ_x53x53_tWtW_narrow_RH_M1300_TuneCP5_13TeV-madgraph-pythia8_18nominal.root
-rw-r--r-- 1 fsimpson gridusers 3080091 Apr 24 09:14 PairVLQ_x53x53_tWtW_narrow_RH_M1300_TuneCP5_13TeV-madgraph-pythia8_19nominal.root
-rw-r--r-- 1 fsimpson gridusers 2883689 Apr 24 09:14 PairVLQ_x53x53_tWtW_narrow_RH_M1300_TuneCP5_13TeV-madgraph-pythia8_20nominal.root
-rw-r--r-- 1 fsimpson gridusers 3099178 Apr 24 09:14 PairVLQ_x53x53_tWtW_narrow_RH_M1300_TuneCP5_13TeV-madgraph-pythia8_21nominal.root
-rw-r--r-- 1 fsimpson gridusers 3028350 Apr 24 09:14 PairVLQ_x53x53_tWtW_narrow_RH_M1300_TuneCP5_13TeV-madgraph-pythia8_22nominal.root
-rw-r--r-- 1 fsimpson gridusers 3052239 Apr 24 09:14 PairVLQ_x53x53_tWtW_narrow_RH_M1300_TuneCP5_13TeV-madgraph-pythia8_23nominal.root
-rw-r--r-- 1 fsimpson gridusers 2970288 Apr 24 09:14 PairVLQ_x53x53_tWtW_narrow_RH_M1300_TuneCP5_13TeV-madgraph-pythia8_24nominal.root
-rw-r--r-- 1 fsimpson gridusers 2980545 Apr 24 09:14 PairVLQ_x53x53_tWtW_narrow_RH_M1300_TuneCP5_13TeV-madgraph-pythia8_25nominal.root
-rw-r--r-- 1 fsimpson gridusers 3060334 Apr 24 09:14 PairVLQ_x53x53_tWtW_narrow_RH_M1300_TuneCP5_13TeV-madgraph-pythia8_26nominal.root
-rw-r--r-- 1 fsimpson gridusers 1576055 Apr 24 09:14 PairVLQ_x53x53_tWtW_narrow_RH_M1300_TuneCP5_13TeV-madgraph-pythia8_27nominal.root
-rw-r--r-- 1 fsimpson gridusers 3074926 Apr 24 09:14 PairVLQ_x53x53_tWtW_narrow_RH_M1300_TuneCP5_13TeV-madgraph-pythia8_28nominal.root
-rw-r--r-- 1 fsimpson gridusers 3154063 Apr 24 09:14 PairVLQ_x53x53_tWtW_narrow_RH_M1300_TuneCP5_13TeV-madgraph-pythia8_29nominal.root
-rw-r--r-- 1 fsimpson gridusers 2938811 Apr 24 09:14 PairVLQ_x53x53_tWtW_narrow_RH_M1300_TuneCP5_13TeV-madgraph-pythia8_2nominal.root
-rw-r--r-- 1 fsimpson gridusers 3044557 Apr 24 09:14 PairVLQ_x53x53_tWtW_narrow_RH_M1300_TuneCP5_13TeV-madgraph-pythia8_30nominal.root
-rw-r--r-- 1 fsimpson gridusers 1462431 Apr 24 09:14 PairVLQ_x53x53_tWtW_narrow_RH_M1300_TuneCP5_13TeV-madgraph-pythia8_31nominal.root
-rw-r--r-- 1 fsimpson gridusers 1505369 Apr 24 09:14 PairVLQ_x53x53_tWtW_narrow_RH_M1300_TuneCP5_13TeV-madgraph-pythia8_32nominal.root
-rw-r--r-- 1 fsimpson gridusers 1592231 Apr 24 09:14 PairVLQ_x53x53_tWtW_narrow_RH_M1300_TuneCP5_13TeV-madgraph-pythia8_33nominal.root
-rw-r--r-- 1 fsimpson gridusers 3172972 Apr 24 09:14 PairVLQ_x53x53_tWtW_narrow_RH_M1300_TuneCP5_13TeV-madgraph-pythia8_34nominal.root
-rw-r--r-- 1 fsimpson gridusers 2907179 Apr 24 09:14 PairVLQ_x53x53_tWtW_narrow_RH_M1300_TuneCP5_13TeV-madgraph-pythia8_35nominal.root
-rw-r--r-- 1 fsimpson gridusers 2995096 Apr 24 09:14 PairVLQ_x53x53_tWtW_narrow_RH_M1300_TuneCP5_13TeV-madgraph-pythia8_36nominal.root
-rw-r--r-- 1 fsimpson gridusers 3056465 Apr 24 09:14 PairVLQ_x53x53_tWtW_narrow_RH_M1300_TuneCP5_13TeV-madgraph-pythia8_37nominal.root
-rw-r--r-- 1 fsimpson gridusers 1533061 Apr 24 09:14 PairVLQ_x53x53_tWtW_narrow_RH_M1300_TuneCP5_13TeV-madgraph-pythia8_38nominal.root
-rw-r--r-- 1 fsimpson gridusers 3080381 Apr 24 09:14 PairVLQ_x53x53_tWtW_narrow_RH_M1300_TuneCP5_13TeV-madgraph-pythia8_39nominal.root
-rw-r--r-- 1 fsimpson gridusers 2899418 Apr 24 09:14 PairVLQ_x53x53_tWtW_narrow_RH_M1300_TuneCP5_13TeV-madgraph-pythia8_3nominal.root
-rw-r--r-- 1 fsimpson gridusers 3080005 Apr 24 09:14 PairVLQ_x53x53_tWtW_narrow_RH_M1300_TuneCP5_13TeV-madgraph-pythia8_4nominal.root
>> xrdcp output for condor
hadd Target file: PairVLQ_x53x53_tWtW_narrow_RH_M1300_TuneCP5_13TeV-madgraph-pythia8_3nominal_hadd.root
hadd compression setting for all ouput: 1
hadd Source file 1: PairVLQ_x53x53_tWtW_narrow_RH_M1300_TuneCP5_13TeV-madgraph-pythia8_153nominal.root
hadd Source file 2: PairVLQ_x53x53_tWtW_narrow_RH_M1300_TuneCP5_13TeV-madgraph-pythia8_154nominal.root
hadd Source file 3: PairVLQ_x53x53_tWtW_narrow_RH_M1300_TuneCP5_13TeV-madgraph-pythia8_155nominal.root
hadd Source file 4: PairVLQ_x53x53_tWtW_narrow_RH_M1300_TuneCP5_13TeV-madgraph-pythia8_16nominal.root
hadd Source file 5: PairVLQ_x53x53_tWtW_narrow_RH_M1300_TuneCP5_13TeV-madgraph-pythia8_17nominal.root
hadd Source file 6: PairVLQ_x53x53_tWtW_narrow_RH_M1300_TuneCP5_13TeV-madgraph-pythia8_18nominal.root
hadd Source file 7: PairVLQ_x53x53_tWtW_narrow_RH_M1300_TuneCP5_13TeV-madgraph-pythia8_19nominal.root
hadd Source file 8: PairVLQ_x53x53_tWtW_narrow_RH_M1300_TuneCP5_13TeV-madgraph-pythia8_20nominal.root
hadd Source file 9: PairVLQ_x53x53_tWtW_narrow_RH_M1300_TuneCP5_13TeV-madgraph-pythia8_21nominal.root
hadd Source file 10: PairVLQ_x53x53_tWtW_narrow_RH_M1300_TuneCP5_13TeV-madgraph-pythia8_22nominal.root
hadd Source file 11: PairVLQ_x53x53_tWtW_narrow_RH_M1300_TuneCP5_13TeV-madgraph-pythia8_23nominal.root
hadd Source file 12: PairVLQ_x53x53_tWtW_narrow_RH_M1300_TuneCP5_13TeV-madgraph-pythia8_24nominal.root
hadd Source file 13: PairVLQ_x53x53_tWtW_narrow_RH_M1300_TuneCP5_13TeV-madgraph-pythia8_25nominal.root
hadd Source file 14: PairVLQ_x53x53_tWtW_narrow_RH_M1300_TuneCP5_13TeV-madgraph-pythia8_26nominal.root
hadd Source file 15: PairVLQ_x53x53_tWtW_narrow_RH_M1300_TuneCP5_13TeV-madgraph-pythia8_27nominal.root
hadd Source file 16: PairVLQ_x53x53_tWtW_narrow_RH_M1300_TuneCP5_13TeV-madgraph-pythia8_28nominal.root
hadd Source file 17: PairVLQ_x53x53_tWtW_narrow_RH_M1300_TuneCP5_13TeV-madgraph-pythia8_29nominal.root
hadd Source file 18: PairVLQ_x53x53_tWtW_narrow_RH_M1300_TuneCP5_13TeV-madgraph-pythia8_2nominal.root
hadd Source file 19: PairVLQ_x53x53_tWtW_narrow_RH_M1300_TuneCP5_13TeV-madgraph-pythia8_30nominal.root
hadd Source file 20: PairVLQ_x53x53_tWtW_narrow_RH_M1300_TuneCP5_13TeV-madgraph-pythia8_31nominal.root
hadd Source file 21: PairVLQ_x53x53_tWtW_narrow_RH_M1300_TuneCP5_13TeV-madgraph-pythia8_32nominal.root
hadd Source file 22: PairVLQ_x53x53_tWtW_narrow_RH_M1300_TuneCP5_13TeV-madgraph-pythia8_33nominal.root
hadd Source file 23: PairVLQ_x53x53_tWtW_narrow_RH_M1300_TuneCP5_13TeV-madgraph-pythia8_34nominal.root
hadd Source file 24: PairVLQ_x53x53_tWtW_narrow_RH_M1300_TuneCP5_13TeV-madgraph-pythia8_35nominal.root
hadd Source file 25: PairVLQ_x53x53_tWtW_narrow_RH_M1300_TuneCP5_13TeV-madgraph-pythia8_36nominal.root
hadd Source file 26: PairVLQ_x53x53_tWtW_narrow_RH_M1300_TuneCP5_13TeV-madgraph-pythia8_37nominal.root
hadd Source file 27: PairVLQ_x53x53_tWtW_narrow_RH_M1300_TuneCP5_13TeV-madgraph-pythia8_38nominal.root
hadd Source file 28: PairVLQ_x53x53_tWtW_narrow_RH_M1300_TuneCP5_13TeV-madgraph-pythia8_39nominal.root
hadd Source file 29: PairVLQ_x53x53_tWtW_narrow_RH_M1300_TuneCP5_13TeV-madgraph-pythia8_3nominal.root
hadd Source file 30: PairVLQ_x53x53_tWtW_narrow_RH_M1300_TuneCP5_13TeV-madgraph-pythia8_4nominal.root
hadd Target path: PairVLQ_x53x53_tWtW_narrow_RH_M1300_TuneCP5_13TeV-madgraph-pythia8_3nominal_hadd.root:/
>> mv PairVLQ_x53x53_tWtW_narrow_RH_M1300_TuneCP5_13TeV-madgraph-pythia8_3nominal_hadd.root /isilon/hadoop/store/group/bruxljm/FWLJMET106XUL_singleLep2017UL_RunIISummer20_X53X53_step1/nominal/PairVLQ_x53x53_tWtW_narrow_RH_M1300_TuneCP5_13TeV-madgraph-pythia8/PairVLQ_x53x53_tWtW_narrow_RH_M1300_TuneCP5_13TeV-madgraph-pythia8_3.root
[DONE]
