000 (630121.000.000) 04/24 07:52:03 Job submitted from host: <172.20.3.187:9618?addrs=172.20.3.187-9618&noUDP&sock=2297_2121_3>
...
001 (630121.000.000) 04/24 07:56:13 Job executing on host: <172.20.225.4:9618?addrs=172.20.225.4-9618&noUDP&sock=3366_5fdf_3>
...
006 (630121.000.000) 04/24 07:56:23 Image size of job updated: 97656
	95  -  MemoryUsage of job (MB)
	96520  -  ResidentSetSize of job (KB)
...
006 (630121.000.000) 04/24 08:01:23 Image size of job updated: 706280
	690  -  MemoryUsage of job (MB)
	706000  -  ResidentSetSize of job (KB)
...
006 (630121.000.000) 04/24 08:06:24 Image size of job updated: 978704
	955  -  MemoryUsage of job (MB)
	977916  -  ResidentSetSize of job (KB)
...
006 (630121.000.000) 04/24 08:11:24 Image size of job updated: 1182264
	1154  -  MemoryUsage of job (MB)
	1181336  -  ResidentSetSize of job (KB)
...
006 (630121.000.000) 04/24 08:16:24 Image size of job updated: 1356120
	1324  -  MemoryUsage of job (MB)
	1355496  -  ResidentSetSize of job (KB)
...
006 (630121.000.000) 04/24 08:21:25 Image size of job updated: 1503084
	1468  -  MemoryUsage of job (MB)
	1502652  -  ResidentSetSize of job (KB)
...
006 (630121.000.000) 04/24 08:23:08 Image size of job updated: 1558928
	1468  -  MemoryUsage of job (MB)
	1502652  -  ResidentSetSize of job (KB)
...
005 (630121.000.000) 04/24 08:23:08 Job terminated.
	(1) Normal termination (return value 0)
		Usr 0 00:25:27, Sys 0 00:00:34  -  Run Remote Usage
		Usr 0 00:00:00, Sys 0 00:00:00  -  Run Local Usage
		Usr 0 00:25:27, Sys 0 00:00:34  -  Total Remote Usage
		Usr 0 00:00:00, Sys 0 00:00:00  -  Total Local Usage
	1715220  -  Run Bytes Sent By Job
	8620734  -  Run Bytes Received By Job
	1715220  -  Total Bytes Sent By Job
	8620734  -  Total Bytes Received By Job
	Partitionable Resources :    Usage  Request Allocated 
	   Cpus                 :     0.99        1         1 
	   Disk (KB)            : 10649       10000 479779449 
	   Memory (MB)          :  1468        6144      8033 
...
000 (630180.000.000) 04/24 08:39:28 Job submitted from host: <172.20.3.187:9618?addrs=172.20.3.187-9618&noUDP&sock=2297_2121_3>
...
001 (630180.000.000) 04/24 08:51:32 Job executing on host: <172.20.225.2:9618?addrs=172.20.225.2-9618&noUDP&sock=3424_285d_3>
...
006 (630180.000.000) 04/24 08:51:41 Image size of job updated: 31536
	24  -  MemoryUsage of job (MB)
	23688  -  ResidentSetSize of job (KB)
...
006 (630180.000.000) 04/24 08:56:43 Image size of job updated: 734164
	715  -  MemoryUsage of job (MB)
	731768  -  ResidentSetSize of job (KB)
...
006 (630180.000.000) 04/24 09:01:43 Image size of job updated: 996580
	972  -  MemoryUsage of job (MB)
	995044  -  ResidentSetSize of job (KB)
...
006 (630180.000.000) 04/24 09:06:44 Image size of job updated: 1176456
	1149  -  MemoryUsage of job (MB)
	1176076  -  ResidentSetSize of job (KB)
...
006 (630180.000.000) 04/24 09:11:44 Image size of job updated: 1338964
	1308  -  MemoryUsage of job (MB)
	1338736  -  ResidentSetSize of job (KB)
...
006 (630180.000.000) 04/24 09:16:45 Image size of job updated: 1479056
	1445  -  MemoryUsage of job (MB)
	1478860  -  ResidentSetSize of job (KB)
...
006 (630180.000.000) 04/24 09:20:09 Image size of job updated: 1646084
	1445  -  MemoryUsage of job (MB)
	1478860  -  ResidentSetSize of job (KB)
...
005 (630180.000.000) 04/24 09:20:09 Job terminated.
	(1) Normal termination (return value 0)
		Usr 0 00:26:11, Sys 0 00:01:00  -  Run Remote Usage
		Usr 0 00:00:00, Sys 0 00:00:00  -  Run Local Usage
		Usr 0 00:26:11, Sys 0 00:01:00  -  Total Remote Usage
		Usr 0 00:00:00, Sys 0 00:00:00  -  Total Local Usage
	1773498  -  Run Bytes Sent By Job
	8620823  -  Run Bytes Received By Job
	1773498  -  Total Bytes Sent By Job
	8620823  -  Total Bytes Received By Job
	Partitionable Resources :    Usage  Request Allocated 
	   Cpus                 :     0.99        1         1 
	   Disk (KB)            : 10707       10000 479786084 
	   Memory (MB)          :  1445        6144      8033 
...
