/isilon/condor/hep104.hep.brown.edu/execute/dir_52174
>> Setting macroDir to PWD

Processing compile_step1.C...
>> Running on BRUX, PairVLQ_x53x53_tWtW_narrow_RH_M900_TuneCP5_13TeV-madgraph-pythia8 stored on BRUX
>> Input file path: /isilon/hadoop/store/group/bruxljm/FWLJMET106XUL_singleLep2017UL_RunIISummer20_X53X53/PairVLQ_x53x53_tWtW_narrow_RH_M900_TuneCP5_13TeV-madgraph-pythia8/singleLep2017UL/230310_183353/0000
>> Running step1 over list: 153 154 155 156 16 17 18 19 2 20 21 22 23 24 25 26 27 28 29 3 30 31 32 33 34 35 36 37 38 39
>> Adding PairVLQ_x53x53_tWtW_narrow_RH_M900_TuneCP5_13TeV-madgraph-pythia8_153.root to the list by reading PairVLQ_x53x53_tWtW_narrow_RH_M900_TuneCP5_13TeV-madgraph-pythia8_153
>> Adding PairVLQ_x53x53_tWtW_narrow_RH_M900_TuneCP5_13TeV-madgraph-pythia8_154.root to the list by reading PairVLQ_x53x53_tWtW_narrow_RH_M900_TuneCP5_13TeV-madgraph-pythia8_154
>> Adding PairVLQ_x53x53_tWtW_narrow_RH_M900_TuneCP5_13TeV-madgraph-pythia8_155.root to the list by reading PairVLQ_x53x53_tWtW_narrow_RH_M900_TuneCP5_13TeV-madgraph-pythia8_155
>> Adding PairVLQ_x53x53_tWtW_narrow_RH_M900_TuneCP5_13TeV-madgraph-pythia8_156.root to the list by reading PairVLQ_x53x53_tWtW_narrow_RH_M900_TuneCP5_13TeV-madgraph-pythia8_156
>> Adding PairVLQ_x53x53_tWtW_narrow_RH_M900_TuneCP5_13TeV-madgraph-pythia8_16.root to the list by reading PairVLQ_x53x53_tWtW_narrow_RH_M900_TuneCP5_13TeV-madgraph-pythia8_16
>> Adding PairVLQ_x53x53_tWtW_narrow_RH_M900_TuneCP5_13TeV-madgraph-pythia8_17.root to the list by reading PairVLQ_x53x53_tWtW_narrow_RH_M900_TuneCP5_13TeV-madgraph-pythia8_17
>> Adding PairVLQ_x53x53_tWtW_narrow_RH_M900_TuneCP5_13TeV-madgraph-pythia8_18.root to the list by reading PairVLQ_x53x53_tWtW_narrow_RH_M900_TuneCP5_13TeV-madgraph-pythia8_18
>> Adding PairVLQ_x53x53_tWtW_narrow_RH_M900_TuneCP5_13TeV-madgraph-pythia8_19.root to the list by reading PairVLQ_x53x53_tWtW_narrow_RH_M900_TuneCP5_13TeV-madgraph-pythia8_19
>> Adding PairVLQ_x53x53_tWtW_narrow_RH_M900_TuneCP5_13TeV-madgraph-pythia8_2.root to the list by reading PairVLQ_x53x53_tWtW_narrow_RH_M900_TuneCP5_13TeV-madgraph-pythia8_2
>> Adding PairVLQ_x53x53_tWtW_narrow_RH_M900_TuneCP5_13TeV-madgraph-pythia8_20.root to the list by reading PairVLQ_x53x53_tWtW_narrow_RH_M900_TuneCP5_13TeV-madgraph-pythia8_20
>> Adding PairVLQ_x53x53_tWtW_narrow_RH_M900_TuneCP5_13TeV-madgraph-pythia8_21.root to the list by reading PairVLQ_x53x53_tWtW_narrow_RH_M900_TuneCP5_13TeV-madgraph-pythia8_21
>> Adding PairVLQ_x53x53_tWtW_narrow_RH_M900_TuneCP5_13TeV-madgraph-pythia8_22.root to the list by reading PairVLQ_x53x53_tWtW_narrow_RH_M900_TuneCP5_13TeV-madgraph-pythia8_22
>> Adding PairVLQ_x53x53_tWtW_narrow_RH_M900_TuneCP5_13TeV-madgraph-pythia8_23.root to the list by reading PairVLQ_x53x53_tWtW_narrow_RH_M900_TuneCP5_13TeV-madgraph-pythia8_23
>> Adding PairVLQ_x53x53_tWtW_narrow_RH_M900_TuneCP5_13TeV-madgraph-pythia8_24.root to the list by reading PairVLQ_x53x53_tWtW_narrow_RH_M900_TuneCP5_13TeV-madgraph-pythia8_24
>> Adding PairVLQ_x53x53_tWtW_narrow_RH_M900_TuneCP5_13TeV-madgraph-pythia8_25.root to the list by reading PairVLQ_x53x53_tWtW_narrow_RH_M900_TuneCP5_13TeV-madgraph-pythia8_25
>> Adding PairVLQ_x53x53_tWtW_narrow_RH_M900_TuneCP5_13TeV-madgraph-pythia8_26.root to the list by reading PairVLQ_x53x53_tWtW_narrow_RH_M900_TuneCP5_13TeV-madgraph-pythia8_26
>> Adding PairVLQ_x53x53_tWtW_narrow_RH_M900_TuneCP5_13TeV-madgraph-pythia8_27.root to the list by reading PairVLQ_x53x53_tWtW_narrow_RH_M900_TuneCP5_13TeV-madgraph-pythia8_27
>> Adding PairVLQ_x53x53_tWtW_narrow_RH_M900_TuneCP5_13TeV-madgraph-pythia8_28.root to the list by reading PairVLQ_x53x53_tWtW_narrow_RH_M900_TuneCP5_13TeV-madgraph-pythia8_28
>> Adding PairVLQ_x53x53_tWtW_narrow_RH_M900_TuneCP5_13TeV-madgraph-pythia8_29.root to the list by reading PairVLQ_x53x53_tWtW_narrow_RH_M900_TuneCP5_13TeV-madgraph-pythia8_29
>> Adding PairVLQ_x53x53_tWtW_narrow_RH_M900_TuneCP5_13TeV-madgraph-pythia8_3.root to the list by reading PairVLQ_x53x53_tWtW_narrow_RH_M900_TuneCP5_13TeV-madgraph-pythia8_3
>> Adding PairVLQ_x53x53_tWtW_narrow_RH_M900_TuneCP5_13TeV-madgraph-pythia8_30.root to the list by reading PairVLQ_x53x53_tWtW_narrow_RH_M900_TuneCP5_13TeV-madgraph-pythia8_30
>> Adding PairVLQ_x53x53_tWtW_narrow_RH_M900_TuneCP5_13TeV-madgraph-pythia8_31.root to the list by reading PairVLQ_x53x53_tWtW_narrow_RH_M900_TuneCP5_13TeV-madgraph-pythia8_31
>> Adding PairVLQ_x53x53_tWtW_narrow_RH_M900_TuneCP5_13TeV-madgraph-pythia8_32.root to the list by reading PairVLQ_x53x53_tWtW_narrow_RH_M900_TuneCP5_13TeV-madgraph-pythia8_32
>> Adding PairVLQ_x53x53_tWtW_narrow_RH_M900_TuneCP5_13TeV-madgraph-pythia8_33.root to the list by reading PairVLQ_x53x53_tWtW_narrow_RH_M900_TuneCP5_13TeV-madgraph-pythia8_33
>> Adding PairVLQ_x53x53_tWtW_narrow_RH_M900_TuneCP5_13TeV-madgraph-pythia8_34.root to the list by reading PairVLQ_x53x53_tWtW_narrow_RH_M900_TuneCP5_13TeV-madgraph-pythia8_34
>> Adding PairVLQ_x53x53_tWtW_narrow_RH_M900_TuneCP5_13TeV-madgraph-pythia8_35.root to the list by reading PairVLQ_x53x53_tWtW_narrow_RH_M900_TuneCP5_13TeV-madgraph-pythia8_35
>> Adding PairVLQ_x53x53_tWtW_narrow_RH_M900_TuneCP5_13TeV-madgraph-pythia8_36.root to the list by reading PairVLQ_x53x53_tWtW_narrow_RH_M900_TuneCP5_13TeV-madgraph-pythia8_36
>> Adding PairVLQ_x53x53_tWtW_narrow_RH_M900_TuneCP5_13TeV-madgraph-pythia8_37.root to the list by reading PairVLQ_x53x53_tWtW_narrow_RH_M900_TuneCP5_13TeV-madgraph-pythia8_37
>> Adding PairVLQ_x53x53_tWtW_narrow_RH_M900_TuneCP5_13TeV-madgraph-pythia8_38.root to the list by reading PairVLQ_x53x53_tWtW_narrow_RH_M900_TuneCP5_13TeV-madgraph-pythia8_38
>> Adding PairVLQ_x53x53_tWtW_narrow_RH_M900_TuneCP5_13TeV-madgraph-pythia8_39.root to the list by reading PairVLQ_x53x53_tWtW_narrow_RH_M900_TuneCP5_13TeV-madgraph-pythia8_39
[OPT] Using deepCSV reshaping file: reshaping_deepCSV_106XUL17_v4.csv
[OPT] Using deepJet reshaping file: reshaping_deepJet_106XUL17_v4.csv

>> Running /isilon/hadoop/store/group/bruxljm/FWLJMET106XUL_singleLep2017UL_RunIISummer20_X53X53/PairVLQ_x53x53_tWtW_narrow_RH_M900_TuneCP5_13TeV-madgraph-pythia8/singleLep2017UL/230310_183353/0000/PairVLQ_x53x53_tWtW_narrow_RH_M900_TuneCP5_13TeV-madgraph-pythia8_153.root for shift: nominal
[step1.h] Opening file: /isilon/hadoop/store/group/bruxljm/FWLJMET106XUL_singleLep2017UL_RunIISummer20_X53X53/PairVLQ_x53x53_tWtW_narrow_RH_M900_TuneCP5_13TeV-madgraph-pythia8/singleLep2017UL/230310_183353/0000/PairVLQ_x53x53_tWtW_narrow_RH_M900_TuneCP5_13TeV-madgraph-pythia8_153.root
[step1.h] Finished initializing
RUN CONFIG: YEAR = 2017
Era = 
isMC = 1, isSig = 1, SigMass = 2
isHad =0, isSE =0, isSM =0
isTTTT = 0, isXX = 1, isTpTp = 0, isBpBp = 0
For W's: isTT = 0, isSTt = 0, isSTtW = 0
For jets & PDF: isTOP = 0, isMadgraphBkg = 1
For HOTTagger Efficiencies: isTTV = 0, isTTHbb = 0, isTTHnonbb = 0, isTTTX = 0
isTTVV = 0, isST = 0, isTTToSemiLeptonHT500Njet9 = 0
Pileup sample key: PairVLQ_x53x53_tWtW_narrow_RH_M900_TuneCP5_13TeV-madgraph-pythia8
b-tagging working points: 0.304(DeepJet)0.4506(DeepCSV)
isTTincMtt0to700: 0
isTTincMtt0to1000: 0
isTTincMtt700to1000: 0
isTTincMtt1000toInf: 0
isTTSemilepIncHT0Njet0: 0
isTTSemilepIncHT500Njet9: 0
outTTLF: 0
outTTCC: 0
outTTBB: 0
outTT1B: 0
outTT2B: 0
>> Completed 0 out of 1060 events
[INFO] Defaulting to central deepJet weight for: nominal
>> Completed 1000 out of 1060 events
Nelectrons      = 510 / 1060
Npassed_ElEta   = 510 / 1060
Nmuons          = 550 / 1060
NrelIsoFail     = 0 / 1060
Npassed_MuEta   = 550 / 1060
Npassed_nAK8Jets= 1060 / 1060
Npassed_Trigger = 1018 / 1060
Npassed_MET     = 859 / 1060
Npassed_lepPt   = 929 / 1060
Npassed_HT      = 1053 / 1060
npass_Njets     = 1055 / 1060
Npassed_ALL     = 743 / 1060

>> Running /isilon/hadoop/store/group/bruxljm/FWLJMET106XUL_singleLep2017UL_RunIISummer20_X53X53/PairVLQ_x53x53_tWtW_narrow_RH_M900_TuneCP5_13TeV-madgraph-pythia8/singleLep2017UL/230310_183353/0000/PairVLQ_x53x53_tWtW_narrow_RH_M900_TuneCP5_13TeV-madgraph-pythia8_154.root for shift: nominal
[step1.h] Opening file: /isilon/hadoop/store/group/bruxljm/FWLJMET106XUL_singleLep2017UL_RunIISummer20_X53X53/PairVLQ_x53x53_tWtW_narrow_RH_M900_TuneCP5_13TeV-madgraph-pythia8/singleLep2017UL/230310_183353/0000/PairVLQ_x53x53_tWtW_narrow_RH_M900_TuneCP5_13TeV-madgraph-pythia8_154.root
[step1.h] Finished initializing
RUN CONFIG: YEAR = 2017
Era = 
isMC = 1, isSig = 1, SigMass = 2
isHad =0, isSE =0, isSM =0
isTTTT = 0, isXX = 1, isTpTp = 0, isBpBp = 0
For W's: isTT = 0, isSTt = 0, isSTtW = 0
For jets & PDF: isTOP = 0, isMadgraphBkg = 1
For HOTTagger Efficiencies: isTTV = 0, isTTHbb = 0, isTTHnonbb = 0, isTTTX = 0
isTTVV = 0, isST = 0, isTTToSemiLeptonHT500Njet9 = 0
Pileup sample key: PairVLQ_x53x53_tWtW_narrow_RH_M900_TuneCP5_13TeV-madgraph-pythia8
b-tagging working points: 0.304(DeepJet)0.4506(DeepCSV)
isTTincMtt0to700: 0
isTTincMtt0to1000: 0
isTTincMtt700to1000: 0
isTTincMtt1000toInf: 0
isTTSemilepIncHT0Njet0: 0
isTTSemilepIncHT500Njet9: 0
outTTLF: 0
outTTCC: 0
outTTBB: 0
outTT1B: 0
outTT2B: 0
>> Completed 0 out of 1035 events
[INFO] Defaulting to central deepJet weight for: nominal
>> Completed 1000 out of 1035 events
Nelectrons      = 491 / 1035
Npassed_ElEta   = 491 / 1035
Nmuons          = 544 / 1035
NrelIsoFail     = 0 / 1035
Npassed_MuEta   = 544 / 1035
Npassed_nAK8Jets= 1035 / 1035
Npassed_Trigger = 1001 / 1035
Npassed_MET     = 806 / 1035
Npassed_lepPt   = 889 / 1035
Npassed_HT      = 1026 / 1035
npass_Njets     = 1030 / 1035
Npassed_ALL     = 691 / 1035

>> Running /isilon/hadoop/store/group/bruxljm/FWLJMET106XUL_singleLep2017UL_RunIISummer20_X53X53/PairVLQ_x53x53_tWtW_narrow_RH_M900_TuneCP5_13TeV-madgraph-pythia8/singleLep2017UL/230310_183353/0000/PairVLQ_x53x53_tWtW_narrow_RH_M900_TuneCP5_13TeV-madgraph-pythia8_155.root for shift: nominal
[step1.h] Opening file: /isilon/hadoop/store/group/bruxljm/FWLJMET106XUL_singleLep2017UL_RunIISummer20_X53X53/PairVLQ_x53x53_tWtW_narrow_RH_M900_TuneCP5_13TeV-madgraph-pythia8/singleLep2017UL/230310_183353/0000/PairVLQ_x53x53_tWtW_narrow_RH_M900_TuneCP5_13TeV-madgraph-pythia8_155.root
[step1.h] Finished initializing
RUN CONFIG: YEAR = 2017
Era = 
isMC = 1, isSig = 1, SigMass = 2
isHad =0, isSE =0, isSM =0
isTTTT = 0, isXX = 1, isTpTp = 0, isBpBp = 0
For W's: isTT = 0, isSTt = 0, isSTtW = 0
For jets & PDF: isTOP = 0, isMadgraphBkg = 1
For HOTTagger Efficiencies: isTTV = 0, isTTHbb = 0, isTTHnonbb = 0, isTTTX = 0
isTTVV = 0, isST = 0, isTTToSemiLeptonHT500Njet9 = 0
Pileup sample key: PairVLQ_x53x53_tWtW_narrow_RH_M900_TuneCP5_13TeV-madgraph-pythia8
b-tagging working points: 0.304(DeepJet)0.4506(DeepCSV)
isTTincMtt0to700: 0
isTTincMtt0to1000: 0
isTTincMtt700to1000: 0
isTTincMtt1000toInf: 0
isTTSemilepIncHT0Njet0: 0
isTTSemilepIncHT500Njet9: 0
outTTLF: 0
outTTCC: 0
outTTBB: 0
outTT1B: 0
outTT2B: 0
>> Completed 0 out of 1050 events
[INFO] Defaulting to central deepJet weight for: nominal
>> Completed 1000 out of 1050 events
Nelectrons      = 489 / 1050
Npassed_ElEta   = 489 / 1050
Nmuons          = 561 / 1050
NrelIsoFail     = 0 / 1050
Npassed_MuEta   = 561 / 1050
Npassed_nAK8Jets= 1050 / 1050
Npassed_Trigger = 1005 / 1050
Npassed_MET     = 857 / 1050
Npassed_lepPt   = 907 / 1050
Npassed_HT      = 1046 / 1050
npass_Njets     = 1048 / 1050
Npassed_ALL     = 732 / 1050

>> Running /isilon/hadoop/store/group/bruxljm/FWLJMET106XUL_singleLep2017UL_RunIISummer20_X53X53/PairVLQ_x53x53_tWtW_narrow_RH_M900_TuneCP5_13TeV-madgraph-pythia8/singleLep2017UL/230310_183353/0000/PairVLQ_x53x53_tWtW_narrow_RH_M900_TuneCP5_13TeV-madgraph-pythia8_156.root for shift: nominal
[step1.h] Opening file: /isilon/hadoop/store/group/bruxljm/FWLJMET106XUL_singleLep2017UL_RunIISummer20_X53X53/PairVLQ_x53x53_tWtW_narrow_RH_M900_TuneCP5_13TeV-madgraph-pythia8/singleLep2017UL/230310_183353/0000/PairVLQ_x53x53_tWtW_narrow_RH_M900_TuneCP5_13TeV-madgraph-pythia8_156.root
[step1.h] Finished initializing
RUN CONFIG: YEAR = 2017
Era = 
isMC = 1, isSig = 1, SigMass = 2
isHad =0, isSE =0, isSM =0
isTTTT = 0, isXX = 1, isTpTp = 0, isBpBp = 0
For W's: isTT = 0, isSTt = 0, isSTtW = 0
For jets & PDF: isTOP = 0, isMadgraphBkg = 1
For HOTTagger Efficiencies: isTTV = 0, isTTHbb = 0, isTTHnonbb = 0, isTTTX = 0
isTTVV = 0, isST = 0, isTTToSemiLeptonHT500Njet9 = 0
Pileup sample key: PairVLQ_x53x53_tWtW_narrow_RH_M900_TuneCP5_13TeV-madgraph-pythia8
b-tagging working points: 0.304(DeepJet)0.4506(DeepCSV)
isTTincMtt0to700: 0
isTTincMtt0to1000: 0
isTTincMtt700to1000: 0
isTTincMtt1000toInf: 0
isTTSemilepIncHT0Njet0: 0
isTTSemilepIncHT500Njet9: 0
outTTLF: 0
outTTCC: 0
outTTBB: 0
outTT1B: 0
outTT2B: 0
>> Completed 0 out of 1033 events
[INFO] Defaulting to central deepJet weight for: nominal
>> Completed 1000 out of 1033 events
Nelectrons      = 465 / 1033
Npassed_ElEta   = 465 / 1033
Nmuons          = 568 / 1033
NrelIsoFail     = 0 / 1033
Npassed_MuEta   = 568 / 1033
Npassed_nAK8Jets= 1033 / 1033
Npassed_Trigger = 985 / 1033
Npassed_MET     = 868 / 1033
Npassed_lepPt   = 873 / 1033
Npassed_HT      = 1024 / 1033
npass_Njets     = 1028 / 1033
Npassed_ALL     = 722 / 1033

>> Running /isilon/hadoop/store/group/bruxljm/FWLJMET106XUL_singleLep2017UL_RunIISummer20_X53X53/PairVLQ_x53x53_tWtW_narrow_RH_M900_TuneCP5_13TeV-madgraph-pythia8/singleLep2017UL/230310_183353/0000/PairVLQ_x53x53_tWtW_narrow_RH_M900_TuneCP5_13TeV-madgraph-pythia8_16.root for shift: nominal
[step1.h] Opening file: /isilon/hadoop/store/group/bruxljm/FWLJMET106XUL_singleLep2017UL_RunIISummer20_X53X53/PairVLQ_x53x53_tWtW_narrow_RH_M900_TuneCP5_13TeV-madgraph-pythia8/singleLep2017UL/230310_183353/0000/PairVLQ_x53x53_tWtW_narrow_RH_M900_TuneCP5_13TeV-madgraph-pythia8_16.root
[step1.h] Finished initializing
RUN CONFIG: YEAR = 2017
Era = 
isMC = 1, isSig = 1, SigMass = 2
isHad =0, isSE =0, isSM =0
isTTTT = 0, isXX = 1, isTpTp = 0, isBpBp = 0
For W's: isTT = 0, isSTt = 0, isSTtW = 0
For jets & PDF: isTOP = 0, isMadgraphBkg = 1
For HOTTagger Efficiencies: isTTV = 0, isTTHbb = 0, isTTHnonbb = 0, isTTTX = 0
isTTVV = 0, isST = 0, isTTToSemiLeptonHT500Njet9 = 0
Pileup sample key: PairVLQ_x53x53_tWtW_narrow_RH_M900_TuneCP5_13TeV-madgraph-pythia8
b-tagging working points: 0.304(DeepJet)0.4506(DeepCSV)
isTTincMtt0to700: 0
isTTincMtt0to1000: 0
isTTincMtt700to1000: 0
isTTincMtt1000toInf: 0
isTTSemilepIncHT0Njet0: 0
isTTSemilepIncHT500Njet9: 0
outTTLF: 0
outTTCC: 0
outTTBB: 0
outTT1B: 0
outTT2B: 0
>> Completed 0 out of 1004 events
[INFO] Defaulting to central deepJet weight for: nominal
>> Completed 1000 out of 1004 events
Nelectrons      = 478 / 1004
Npassed_ElEta   = 478 / 1004
Nmuons          = 526 / 1004
NrelIsoFail     = 0 / 1004
Npassed_MuEta   = 526 / 1004
Npassed_nAK8Jets= 1004 / 1004
Npassed_Trigger = 970 / 1004
Npassed_MET     = 832 / 1004
Npassed_lepPt   = 864 / 1004
Npassed_HT      = 995 / 1004
npass_Njets     = 1004 / 1004
Npassed_ALL     = 701 / 1004

>> Running /isilon/hadoop/store/group/bruxljm/FWLJMET106XUL_singleLep2017UL_RunIISummer20_X53X53/PairVLQ_x53x53_tWtW_narrow_RH_M900_TuneCP5_13TeV-madgraph-pythia8/singleLep2017UL/230310_183353/0000/PairVLQ_x53x53_tWtW_narrow_RH_M900_TuneCP5_13TeV-madgraph-pythia8_17.root for shift: nominal
[step1.h] Opening file: /isilon/hadoop/store/group/bruxljm/FWLJMET106XUL_singleLep2017UL_RunIISummer20_X53X53/PairVLQ_x53x53_tWtW_narrow_RH_M900_TuneCP5_13TeV-madgraph-pythia8/singleLep2017UL/230310_183353/0000/PairVLQ_x53x53_tWtW_narrow_RH_M900_TuneCP5_13TeV-madgraph-pythia8_17.root
[step1.h] Finished initializing
RUN CONFIG: YEAR = 2017
Era = 
isMC = 1, isSig = 1, SigMass = 2
isHad =0, isSE =0, isSM =0
isTTTT = 0, isXX = 1, isTpTp = 0, isBpBp = 0
For W's: isTT = 0, isSTt = 0, isSTtW = 0
For jets & PDF: isTOP = 0, isMadgraphBkg = 1
For HOTTagger Efficiencies: isTTV = 0, isTTHbb = 0, isTTHnonbb = 0, isTTTX = 0
isTTVV = 0, isST = 0, isTTToSemiLeptonHT500Njet9 = 0
Pileup sample key: PairVLQ_x53x53_tWtW_narrow_RH_M900_TuneCP5_13TeV-madgraph-pythia8
b-tagging working points: 0.304(DeepJet)0.4506(DeepCSV)
isTTincMtt0to700: 0
isTTincMtt0to1000: 0
isTTincMtt700to1000: 0
isTTincMtt1000toInf: 0
isTTSemilepIncHT0Njet0: 0
isTTSemilepIncHT500Njet9: 0
outTTLF: 0
outTTCC: 0
outTTBB: 0
outTT1B: 0
outTT2B: 0
>> Completed 0 out of 1034 events
[INFO] Defaulting to central deepJet weight for: nominal
>> Completed 1000 out of 1034 events
Nelectrons      = 467 / 1034
Npassed_ElEta   = 467 / 1034
Nmuons          = 567 / 1034
NrelIsoFail     = 0 / 1034
Npassed_MuEta   = 567 / 1034
Npassed_nAK8Jets= 1034 / 1034
Npassed_Trigger = 986 / 1034
Npassed_MET     = 828 / 1034
Npassed_lepPt   = 892 / 1034
Npassed_HT      = 1029 / 1034
npass_Njets     = 1028 / 1034
Npassed_ALL     = 709 / 1034

>> Running /isilon/hadoop/store/group/bruxljm/FWLJMET106XUL_singleLep2017UL_RunIISummer20_X53X53/PairVLQ_x53x53_tWtW_narrow_RH_M900_TuneCP5_13TeV-madgraph-pythia8/singleLep2017UL/230310_183353/0000/PairVLQ_x53x53_tWtW_narrow_RH_M900_TuneCP5_13TeV-madgraph-pythia8_18.root for shift: nominal
[step1.h] Opening file: /isilon/hadoop/store/group/bruxljm/FWLJMET106XUL_singleLep2017UL_RunIISummer20_X53X53/PairVLQ_x53x53_tWtW_narrow_RH_M900_TuneCP5_13TeV-madgraph-pythia8/singleLep2017UL/230310_183353/0000/PairVLQ_x53x53_tWtW_narrow_RH_M900_TuneCP5_13TeV-madgraph-pythia8_18.root
[step1.h] Finished initializing
RUN CONFIG: YEAR = 2017
Era = 
isMC = 1, isSig = 1, SigMass = 2
isHad =0, isSE =0, isSM =0
isTTTT = 0, isXX = 1, isTpTp = 0, isBpBp = 0
For W's: isTT = 0, isSTt = 0, isSTtW = 0
For jets & PDF: isTOP = 0, isMadgraphBkg = 1
For HOTTagger Efficiencies: isTTV = 0, isTTHbb = 0, isTTHnonbb = 0, isTTTX = 0
isTTVV = 0, isST = 0, isTTToSemiLeptonHT500Njet9 = 0
Pileup sample key: PairVLQ_x53x53_tWtW_narrow_RH_M900_TuneCP5_13TeV-madgraph-pythia8
b-tagging working points: 0.304(DeepJet)0.4506(DeepCSV)
isTTincMtt0to700: 0
isTTincMtt0to1000: 0
isTTincMtt700to1000: 0
isTTincMtt1000toInf: 0
isTTSemilepIncHT0Njet0: 0
isTTSemilepIncHT500Njet9: 0
outTTLF: 0
outTTCC: 0
outTTBB: 0
outTT1B: 0
outTT2B: 0
>> Completed 0 out of 1088 events
[INFO] Defaulting to central deepJet weight for: nominal
>> Completed 1000 out of 1088 events
Nelectrons      = 492 / 1088
Npassed_ElEta   = 492 / 1088
Nmuons          = 596 / 1088
NrelIsoFail     = 0 / 1088
Npassed_MuEta   = 596 / 1088
Npassed_nAK8Jets= 1088 / 1088
Npassed_Trigger = 1043 / 1088
Npassed_MET     = 884 / 1088
Npassed_lepPt   = 919 / 1088
Npassed_HT      = 1079 / 1088
npass_Njets     = 1085 / 1088
Npassed_ALL     = 737 / 1088

>> Running /isilon/hadoop/store/group/bruxljm/FWLJMET106XUL_singleLep2017UL_RunIISummer20_X53X53/PairVLQ_x53x53_tWtW_narrow_RH_M900_TuneCP5_13TeV-madgraph-pythia8/singleLep2017UL/230310_183353/0000/PairVLQ_x53x53_tWtW_narrow_RH_M900_TuneCP5_13TeV-madgraph-pythia8_19.root for shift: nominal
[step1.h] Opening file: /isilon/hadoop/store/group/bruxljm/FWLJMET106XUL_singleLep2017UL_RunIISummer20_X53X53/PairVLQ_x53x53_tWtW_narrow_RH_M900_TuneCP5_13TeV-madgraph-pythia8/singleLep2017UL/230310_183353/0000/PairVLQ_x53x53_tWtW_narrow_RH_M900_TuneCP5_13TeV-madgraph-pythia8_19.root
[step1.h] Finished initializing
RUN CONFIG: YEAR = 2017
Era = 
isMC = 1, isSig = 1, SigMass = 2
isHad =0, isSE =0, isSM =0
isTTTT = 0, isXX = 1, isTpTp = 0, isBpBp = 0
For W's: isTT = 0, isSTt = 0, isSTtW = 0
For jets & PDF: isTOP = 0, isMadgraphBkg = 1
For HOTTagger Efficiencies: isTTV = 0, isTTHbb = 0, isTTHnonbb = 0, isTTTX = 0
isTTVV = 0, isST = 0, isTTToSemiLeptonHT500Njet9 = 0
Pileup sample key: PairVLQ_x53x53_tWtW_narrow_RH_M900_TuneCP5_13TeV-madgraph-pythia8
b-tagging working points: 0.304(DeepJet)0.4506(DeepCSV)
isTTincMtt0to700: 0
isTTincMtt0to1000: 0
isTTincMtt700to1000: 0
isTTincMtt1000toInf: 0
isTTSemilepIncHT0Njet0: 0
isTTSemilepIncHT500Njet9: 0
outTTLF: 0
outTTCC: 0
outTTBB: 0
outTT1B: 0
outTT2B: 0
>> Completed 0 out of 1041 events
[INFO] Defaulting to central deepJet weight for: nominal
>> Completed 1000 out of 1041 events
Nelectrons      = 471 / 1041
Npassed_ElEta   = 471 / 1041
Nmuons          = 570 / 1041
NrelIsoFail     = 0 / 1041
Npassed_MuEta   = 570 / 1041
Npassed_nAK8Jets= 1041 / 1041
Npassed_Trigger = 1004 / 1041
Npassed_MET     = 866 / 1041
Npassed_lepPt   = 921 / 1041
Npassed_HT      = 1033 / 1041
npass_Njets     = 1039 / 1041
Npassed_ALL     = 753 / 1041

>> Running /isilon/hadoop/store/group/bruxljm/FWLJMET106XUL_singleLep2017UL_RunIISummer20_X53X53/PairVLQ_x53x53_tWtW_narrow_RH_M900_TuneCP5_13TeV-madgraph-pythia8/singleLep2017UL/230310_183353/0000/PairVLQ_x53x53_tWtW_narrow_RH_M900_TuneCP5_13TeV-madgraph-pythia8_2.root for shift: nominal
[step1.h] Opening file: /isilon/hadoop/store/group/bruxljm/FWLJMET106XUL_singleLep2017UL_RunIISummer20_X53X53/PairVLQ_x53x53_tWtW_narrow_RH_M900_TuneCP5_13TeV-madgraph-pythia8/singleLep2017UL/230310_183353/0000/PairVLQ_x53x53_tWtW_narrow_RH_M900_TuneCP5_13TeV-madgraph-pythia8_2.root
[step1.h] Finished initializing
RUN CONFIG: YEAR = 2017
Era = 
isMC = 1, isSig = 1, SigMass = 2
isHad =0, isSE =0, isSM =0
isTTTT = 0, isXX = 1, isTpTp = 0, isBpBp = 0
For W's: isTT = 0, isSTt = 0, isSTtW = 0
For jets & PDF: isTOP = 0, isMadgraphBkg = 1
For HOTTagger Efficiencies: isTTV = 0, isTTHbb = 0, isTTHnonbb = 0, isTTTX = 0
isTTVV = 0, isST = 0, isTTToSemiLeptonHT500Njet9 = 0
Pileup sample key: PairVLQ_x53x53_tWtW_narrow_RH_M900_TuneCP5_13TeV-madgraph-pythia8
b-tagging working points: 0.304(DeepJet)0.4506(DeepCSV)
isTTincMtt0to700: 0
isTTincMtt0to1000: 0
isTTincMtt700to1000: 0
isTTincMtt1000toInf: 0
isTTSemilepIncHT0Njet0: 0
isTTSemilepIncHT500Njet9: 0
outTTLF: 0
outTTCC: 0
outTTBB: 0
outTT1B: 0
outTT2B: 0
>> Completed 0 out of 1035 events
[INFO] Defaulting to central deepJet weight for: nominal
>> Completed 1000 out of 1035 events
Nelectrons      = 488 / 1035
Npassed_ElEta   = 488 / 1035
Nmuons          = 547 / 1035
NrelIsoFail     = 0 / 1035
Npassed_MuEta   = 547 / 1035
Npassed_nAK8Jets= 1035 / 1035
Npassed_Trigger = 1003 / 1035
Npassed_MET     = 839 / 1035
Npassed_lepPt   = 896 / 1035
Npassed_HT      = 1029 / 1035
npass_Njets     = 1029 / 1035
Npassed_ALL     = 715 / 1035

>> Running /isilon/hadoop/store/group/bruxljm/FWLJMET106XUL_singleLep2017UL_RunIISummer20_X53X53/PairVLQ_x53x53_tWtW_narrow_RH_M900_TuneCP5_13TeV-madgraph-pythia8/singleLep2017UL/230310_183353/0000/PairVLQ_x53x53_tWtW_narrow_RH_M900_TuneCP5_13TeV-madgraph-pythia8_20.root for shift: nominal
[step1.h] Opening file: /isilon/hadoop/store/group/bruxljm/FWLJMET106XUL_singleLep2017UL_RunIISummer20_X53X53/PairVLQ_x53x53_tWtW_narrow_RH_M900_TuneCP5_13TeV-madgraph-pythia8/singleLep2017UL/230310_183353/0000/PairVLQ_x53x53_tWtW_narrow_RH_M900_TuneCP5_13TeV-madgraph-pythia8_20.root
[step1.h] Finished initializing
RUN CONFIG: YEAR = 2017
Era = 
isMC = 1, isSig = 1, SigMass = 2
isHad =0, isSE =0, isSM =0
isTTTT = 0, isXX = 1, isTpTp = 0, isBpBp = 0
For W's: isTT = 0, isSTt = 0, isSTtW = 0
For jets & PDF: isTOP = 0, isMadgraphBkg = 1
For HOTTagger Efficiencies: isTTV = 0, isTTHbb = 0, isTTHnonbb = 0, isTTTX = 0
isTTVV = 0, isST = 0, isTTToSemiLeptonHT500Njet9 = 0
Pileup sample key: PairVLQ_x53x53_tWtW_narrow_RH_M900_TuneCP5_13TeV-madgraph-pythia8
b-tagging working points: 0.304(DeepJet)0.4506(DeepCSV)
isTTincMtt0to700: 0
isTTincMtt0to1000: 0
isTTincMtt700to1000: 0
isTTincMtt1000toInf: 0
isTTSemilepIncHT0Njet0: 0
isTTSemilepIncHT500Njet9: 0
outTTLF: 0
outTTCC: 0
outTTBB: 0
outTT1B: 0
outTT2B: 0
>> Completed 0 out of 1036 events
[INFO] Defaulting to central deepJet weight for: nominal
>> Completed 1000 out of 1036 events
Nelectrons      = 470 / 1036
Npassed_ElEta   = 470 / 1036
Nmuons          = 566 / 1036
NrelIsoFail     = 0 / 1036
Npassed_MuEta   = 566 / 1036
Npassed_nAK8Jets= 1036 / 1036
Npassed_Trigger = 1001 / 1036
Npassed_MET     = 843 / 1036
Npassed_lepPt   = 892 / 1036
Npassed_HT      = 1031 / 1036
npass_Njets     = 1029 / 1036
Npassed_ALL     = 709 / 1036

>> Running /isilon/hadoop/store/group/bruxljm/FWLJMET106XUL_singleLep2017UL_RunIISummer20_X53X53/PairVLQ_x53x53_tWtW_narrow_RH_M900_TuneCP5_13TeV-madgraph-pythia8/singleLep2017UL/230310_183353/0000/PairVLQ_x53x53_tWtW_narrow_RH_M900_TuneCP5_13TeV-madgraph-pythia8_21.root for shift: nominal
[step1.h] Opening file: /isilon/hadoop/store/group/bruxljm/FWLJMET106XUL_singleLep2017UL_RunIISummer20_X53X53/PairVLQ_x53x53_tWtW_narrow_RH_M900_TuneCP5_13TeV-madgraph-pythia8/singleLep2017UL/230310_183353/0000/PairVLQ_x53x53_tWtW_narrow_RH_M900_TuneCP5_13TeV-madgraph-pythia8_21.root
[step1.h] Finished initializing
RUN CONFIG: YEAR = 2017
Era = 
isMC = 1, isSig = 1, SigMass = 2
isHad =0, isSE =0, isSM =0
isTTTT = 0, isXX = 1, isTpTp = 0, isBpBp = 0
For W's: isTT = 0, isSTt = 0, isSTtW = 0
For jets & PDF: isTOP = 0, isMadgraphBkg = 1
For HOTTagger Efficiencies: isTTV = 0, isTTHbb = 0, isTTHnonbb = 0, isTTTX = 0
isTTVV = 0, isST = 0, isTTToSemiLeptonHT500Njet9 = 0
Pileup sample key: PairVLQ_x53x53_tWtW_narrow_RH_M900_TuneCP5_13TeV-madgraph-pythia8
b-tagging working points: 0.304(DeepJet)0.4506(DeepCSV)
isTTincMtt0to700: 0
isTTincMtt0to1000: 0
isTTincMtt700to1000: 0
isTTincMtt1000toInf: 0
isTTSemilepIncHT0Njet0: 0
isTTSemilepIncHT500Njet9: 0
outTTLF: 0
outTTCC: 0
outTTBB: 0
outTT1B: 0
outTT2B: 0
>> Completed 0 out of 1033 events
[INFO] Defaulting to central deepJet weight for: nominal
>> Completed 1000 out of 1033 events
Nelectrons      = 484 / 1033
Npassed_ElEta   = 484 / 1033
Nmuons          = 549 / 1033
NrelIsoFail     = 0 / 1033
Npassed_MuEta   = 549 / 1033
Npassed_nAK8Jets= 1033 / 1033
Npassed_Trigger = 1002 / 1033
Npassed_MET     = 862 / 1033
Npassed_lepPt   = 903 / 1033
Npassed_HT      = 1026 / 1033
npass_Njets     = 1030 / 1033
Npassed_ALL     = 743 / 1033

>> Running /isilon/hadoop/store/group/bruxljm/FWLJMET106XUL_singleLep2017UL_RunIISummer20_X53X53/PairVLQ_x53x53_tWtW_narrow_RH_M900_TuneCP5_13TeV-madgraph-pythia8/singleLep2017UL/230310_183353/0000/PairVLQ_x53x53_tWtW_narrow_RH_M900_TuneCP5_13TeV-madgraph-pythia8_22.root for shift: nominal
[step1.h] Opening file: /isilon/hadoop/store/group/bruxljm/FWLJMET106XUL_singleLep2017UL_RunIISummer20_X53X53/PairVLQ_x53x53_tWtW_narrow_RH_M900_TuneCP5_13TeV-madgraph-pythia8/singleLep2017UL/230310_183353/0000/PairVLQ_x53x53_tWtW_narrow_RH_M900_TuneCP5_13TeV-madgraph-pythia8_22.root
[step1.h] Finished initializing
RUN CONFIG: YEAR = 2017
Era = 
isMC = 1, isSig = 1, SigMass = 2
isHad =0, isSE =0, isSM =0
isTTTT = 0, isXX = 1, isTpTp = 0, isBpBp = 0
For W's: isTT = 0, isSTt = 0, isSTtW = 0
For jets & PDF: isTOP = 0, isMadgraphBkg = 1
For HOTTagger Efficiencies: isTTV = 0, isTTHbb = 0, isTTHnonbb = 0, isTTTX = 0
isTTVV = 0, isST = 0, isTTToSemiLeptonHT500Njet9 = 0
Pileup sample key: PairVLQ_x53x53_tWtW_narrow_RH_M900_TuneCP5_13TeV-madgraph-pythia8
b-tagging working points: 0.304(DeepJet)0.4506(DeepCSV)
isTTincMtt0to700: 0
isTTincMtt0to1000: 0
isTTincMtt700to1000: 0
isTTincMtt1000toInf: 0
isTTSemilepIncHT0Njet0: 0
isTTSemilepIncHT500Njet9: 0
outTTLF: 0
outTTCC: 0
outTTBB: 0
outTT1B: 0
outTT2B: 0
>> Completed 0 out of 1069 events
[INFO] Defaulting to central deepJet weight for: nominal
>> Completed 1000 out of 1069 events
Nelectrons      = 477 / 1069
Npassed_ElEta   = 477 / 1069
Nmuons          = 592 / 1069
NrelIsoFail     = 0 / 1069
Npassed_MuEta   = 592 / 1069
Npassed_nAK8Jets= 1069 / 1069
Npassed_Trigger = 1040 / 1069
Npassed_MET     = 900 / 1069
Npassed_lepPt   = 908 / 1069
Npassed_HT      = 1060 / 1069
npass_Njets     = 1062 / 1069
Npassed_ALL     = 760 / 1069

>> Running /isilon/hadoop/store/group/bruxljm/FWLJMET106XUL_singleLep2017UL_RunIISummer20_X53X53/PairVLQ_x53x53_tWtW_narrow_RH_M900_TuneCP5_13TeV-madgraph-pythia8/singleLep2017UL/230310_183353/0000/PairVLQ_x53x53_tWtW_narrow_RH_M900_TuneCP5_13TeV-madgraph-pythia8_23.root for shift: nominal
[step1.h] Opening file: /isilon/hadoop/store/group/bruxljm/FWLJMET106XUL_singleLep2017UL_RunIISummer20_X53X53/PairVLQ_x53x53_tWtW_narrow_RH_M900_TuneCP5_13TeV-madgraph-pythia8/singleLep2017UL/230310_183353/0000/PairVLQ_x53x53_tWtW_narrow_RH_M900_TuneCP5_13TeV-madgraph-pythia8_23.root
[step1.h] Finished initializing
RUN CONFIG: YEAR = 2017
Era = 
isMC = 1, isSig = 1, SigMass = 2
isHad =0, isSE =0, isSM =0
isTTTT = 0, isXX = 1, isTpTp = 0, isBpBp = 0
For W's: isTT = 0, isSTt = 0, isSTtW = 0
For jets & PDF: isTOP = 0, isMadgraphBkg = 1
For HOTTagger Efficiencies: isTTV = 0, isTTHbb = 0, isTTHnonbb = 0, isTTTX = 0
isTTVV = 0, isST = 0, isTTToSemiLeptonHT500Njet9 = 0
Pileup sample key: PairVLQ_x53x53_tWtW_narrow_RH_M900_TuneCP5_13TeV-madgraph-pythia8
b-tagging working points: 0.304(DeepJet)0.4506(DeepCSV)
isTTincMtt0to700: 0
isTTincMtt0to1000: 0
isTTincMtt700to1000: 0
isTTincMtt1000toInf: 0
isTTSemilepIncHT0Njet0: 0
isTTSemilepIncHT500Njet9: 0
outTTLF: 0
outTTCC: 0
outTTBB: 0
outTT1B: 0
outTT2B: 0
>> Completed 0 out of 1069 events
[INFO] Defaulting to central deepJet weight for: nominal
>> Completed 1000 out of 1069 events
Nelectrons      = 495 / 1069
Npassed_ElEta   = 495 / 1069
Nmuons          = 574 / 1069
NrelIsoFail     = 0 / 1069
Npassed_MuEta   = 574 / 1069
Npassed_nAK8Jets= 1069 / 1069
Npassed_Trigger = 1031 / 1069
Npassed_MET     = 881 / 1069
Npassed_lepPt   = 911 / 1069
Npassed_HT      = 1062 / 1069
npass_Njets     = 1066 / 1069
Npassed_ALL     = 740 / 1069

>> Running /isilon/hadoop/store/group/bruxljm/FWLJMET106XUL_singleLep2017UL_RunIISummer20_X53X53/PairVLQ_x53x53_tWtW_narrow_RH_M900_TuneCP5_13TeV-madgraph-pythia8/singleLep2017UL/230310_183353/0000/PairVLQ_x53x53_tWtW_narrow_RH_M900_TuneCP5_13TeV-madgraph-pythia8_24.root for shift: nominal
[step1.h] Opening file: /isilon/hadoop/store/group/bruxljm/FWLJMET106XUL_singleLep2017UL_RunIISummer20_X53X53/PairVLQ_x53x53_tWtW_narrow_RH_M900_TuneCP5_13TeV-madgraph-pythia8/singleLep2017UL/230310_183353/0000/PairVLQ_x53x53_tWtW_narrow_RH_M900_TuneCP5_13TeV-madgraph-pythia8_24.root
[step1.h] Finished initializing
RUN CONFIG: YEAR = 2017
Era = 
isMC = 1, isSig = 1, SigMass = 2
isHad =0, isSE =0, isSM =0
isTTTT = 0, isXX = 1, isTpTp = 0, isBpBp = 0
For W's: isTT = 0, isSTt = 0, isSTtW = 0
For jets & PDF: isTOP = 0, isMadgraphBkg = 1
For HOTTagger Efficiencies: isTTV = 0, isTTHbb = 0, isTTHnonbb = 0, isTTTX = 0
isTTVV = 0, isST = 0, isTTToSemiLeptonHT500Njet9 = 0
Pileup sample key: PairVLQ_x53x53_tWtW_narrow_RH_M900_TuneCP5_13TeV-madgraph-pythia8
b-tagging working points: 0.304(DeepJet)0.4506(DeepCSV)
isTTincMtt0to700: 0
isTTincMtt0to1000: 0
isTTincMtt700to1000: 0
isTTincMtt1000toInf: 0
isTTSemilepIncHT0Njet0: 0
isTTSemilepIncHT500Njet9: 0
outTTLF: 0
outTTCC: 0
outTTBB: 0
outTT1B: 0
outTT2B: 0
>> Completed 0 out of 1070 events
[INFO] Defaulting to central deepJet weight for: nominal
>> Completed 1000 out of 1070 events
Nelectrons      = 505 / 1070
Npassed_ElEta   = 505 / 1070
Nmuons          = 565 / 1070
NrelIsoFail     = 0 / 1070
Npassed_MuEta   = 565 / 1070
Npassed_nAK8Jets= 1070 / 1070
Npassed_Trigger = 1024 / 1070
Npassed_MET     = 902 / 1070
Npassed_lepPt   = 915 / 1070
Npassed_HT      = 1062 / 1070
npass_Njets     = 1064 / 1070
Npassed_ALL     = 762 / 1070

>> Running /isilon/hadoop/store/group/bruxljm/FWLJMET106XUL_singleLep2017UL_RunIISummer20_X53X53/PairVLQ_x53x53_tWtW_narrow_RH_M900_TuneCP5_13TeV-madgraph-pythia8/singleLep2017UL/230310_183353/0000/PairVLQ_x53x53_tWtW_narrow_RH_M900_TuneCP5_13TeV-madgraph-pythia8_25.root for shift: nominal
[step1.h] Opening file: /isilon/hadoop/store/group/bruxljm/FWLJMET106XUL_singleLep2017UL_RunIISummer20_X53X53/PairVLQ_x53x53_tWtW_narrow_RH_M900_TuneCP5_13TeV-madgraph-pythia8/singleLep2017UL/230310_183353/0000/PairVLQ_x53x53_tWtW_narrow_RH_M900_TuneCP5_13TeV-madgraph-pythia8_25.root
[step1.h] Finished initializing
RUN CONFIG: YEAR = 2017
Era = 
isMC = 1, isSig = 1, SigMass = 2
isHad =0, isSE =0, isSM =0
isTTTT = 0, isXX = 1, isTpTp = 0, isBpBp = 0
For W's: isTT = 0, isSTt = 0, isSTtW = 0
For jets & PDF: isTOP = 0, isMadgraphBkg = 1
For HOTTagger Efficiencies: isTTV = 0, isTTHbb = 0, isTTHnonbb = 0, isTTTX = 0
isTTVV = 0, isST = 0, isTTToSemiLeptonHT500Njet9 = 0
Pileup sample key: PairVLQ_x53x53_tWtW_narrow_RH_M900_TuneCP5_13TeV-madgraph-pythia8
b-tagging working points: 0.304(DeepJet)0.4506(DeepCSV)
isTTincMtt0to700: 0
isTTincMtt0to1000: 0
isTTincMtt700to1000: 0
isTTincMtt1000toInf: 0
isTTSemilepIncHT0Njet0: 0
isTTSemilepIncHT500Njet9: 0
outTTLF: 0
outTTCC: 0
outTTBB: 0
outTT1B: 0
outTT2B: 0
>> Completed 0 out of 524 events
[INFO] Defaulting to central deepJet weight for: nominal
Nelectrons      = 247 / 524
Npassed_ElEta   = 247 / 524
Nmuons          = 277 / 524
NrelIsoFail     = 0 / 524
Npassed_MuEta   = 277 / 524
Npassed_nAK8Jets= 524 / 524
Npassed_Trigger = 506 / 524
Npassed_MET     = 439 / 524
Npassed_lepPt   = 436 / 524
Npassed_HT      = 520 / 524
npass_Njets     = 520 / 524
Npassed_ALL     = 359 / 524

>> Running /isilon/hadoop/store/group/bruxljm/FWLJMET106XUL_singleLep2017UL_RunIISummer20_X53X53/PairVLQ_x53x53_tWtW_narrow_RH_M900_TuneCP5_13TeV-madgraph-pythia8/singleLep2017UL/230310_183353/0000/PairVLQ_x53x53_tWtW_narrow_RH_M900_TuneCP5_13TeV-madgraph-pythia8_26.root for shift: nominal
[step1.h] Opening file: /isilon/hadoop/store/group/bruxljm/FWLJMET106XUL_singleLep2017UL_RunIISummer20_X53X53/PairVLQ_x53x53_tWtW_narrow_RH_M900_TuneCP5_13TeV-madgraph-pythia8/singleLep2017UL/230310_183353/0000/PairVLQ_x53x53_tWtW_narrow_RH_M900_TuneCP5_13TeV-madgraph-pythia8_26.root
[step1.h] Finished initializing
RUN CONFIG: YEAR = 2017
Era = 
isMC = 1, isSig = 1, SigMass = 2
isHad =0, isSE =0, isSM =0
isTTTT = 0, isXX = 1, isTpTp = 0, isBpBp = 0
For W's: isTT = 0, isSTt = 0, isSTtW = 0
For jets & PDF: isTOP = 0, isMadgraphBkg = 1
For HOTTagger Efficiencies: isTTV = 0, isTTHbb = 0, isTTHnonbb = 0, isTTTX = 0
isTTVV = 0, isST = 0, isTTToSemiLeptonHT500Njet9 = 0
Pileup sample key: PairVLQ_x53x53_tWtW_narrow_RH_M900_TuneCP5_13TeV-madgraph-pythia8
b-tagging working points: 0.304(DeepJet)0.4506(DeepCSV)
isTTincMtt0to700: 0
isTTincMtt0to1000: 0
isTTincMtt700to1000: 0
isTTincMtt1000toInf: 0
isTTSemilepIncHT0Njet0: 0
isTTSemilepIncHT500Njet9: 0
outTTLF: 0
outTTCC: 0
outTTBB: 0
outTT1B: 0
outTT2B: 0
>> Completed 0 out of 1043 events
[INFO] Defaulting to central deepJet weight for: nominal
>> Completed 1000 out of 1043 events
Nelectrons      = 498 / 1043
Npassed_ElEta   = 498 / 1043
Nmuons          = 545 / 1043
NrelIsoFail     = 0 / 1043
Npassed_MuEta   = 545 / 1043
Npassed_nAK8Jets= 1043 / 1043
Npassed_Trigger = 999 / 1043
Npassed_MET     = 867 / 1043
Npassed_lepPt   = 894 / 1043
Npassed_HT      = 1035 / 1043
npass_Njets     = 1041 / 1043
Npassed_ALL     = 732 / 1043

>> Running /isilon/hadoop/store/group/bruxljm/FWLJMET106XUL_singleLep2017UL_RunIISummer20_X53X53/PairVLQ_x53x53_tWtW_narrow_RH_M900_TuneCP5_13TeV-madgraph-pythia8/singleLep2017UL/230310_183353/0000/PairVLQ_x53x53_tWtW_narrow_RH_M900_TuneCP5_13TeV-madgraph-pythia8_27.root for shift: nominal
[step1.h] Opening file: /isilon/hadoop/store/group/bruxljm/FWLJMET106XUL_singleLep2017UL_RunIISummer20_X53X53/PairVLQ_x53x53_tWtW_narrow_RH_M900_TuneCP5_13TeV-madgraph-pythia8/singleLep2017UL/230310_183353/0000/PairVLQ_x53x53_tWtW_narrow_RH_M900_TuneCP5_13TeV-madgraph-pythia8_27.root
[step1.h] Finished initializing
RUN CONFIG: YEAR = 2017
Era = 
isMC = 1, isSig = 1, SigMass = 2
isHad =0, isSE =0, isSM =0
isTTTT = 0, isXX = 1, isTpTp = 0, isBpBp = 0
For W's: isTT = 0, isSTt = 0, isSTtW = 0
For jets & PDF: isTOP = 0, isMadgraphBkg = 1
For HOTTagger Efficiencies: isTTV = 0, isTTHbb = 0, isTTHnonbb = 0, isTTTX = 0
isTTVV = 0, isST = 0, isTTToSemiLeptonHT500Njet9 = 0
Pileup sample key: PairVLQ_x53x53_tWtW_narrow_RH_M900_TuneCP5_13TeV-madgraph-pythia8
b-tagging working points: 0.304(DeepJet)0.4506(DeepCSV)
isTTincMtt0to700: 0
isTTincMtt0to1000: 0
isTTincMtt700to1000: 0
isTTincMtt1000toInf: 0
isTTSemilepIncHT0Njet0: 0
isTTSemilepIncHT500Njet9: 0
outTTLF: 0
outTTCC: 0
outTTBB: 0
outTT1B: 0
outTT2B: 0
>> Completed 0 out of 1046 events
[INFO] Defaulting to central deepJet weight for: nominal
>> Completed 1000 out of 1046 events
Nelectrons      = 524 / 1046
Npassed_ElEta   = 524 / 1046
Nmuons          = 522 / 1046
NrelIsoFail     = 0 / 1046
Npassed_MuEta   = 522 / 1046
Npassed_nAK8Jets= 1046 / 1046
Npassed_Trigger = 1009 / 1046
Npassed_MET     = 860 / 1046
Npassed_lepPt   = 889 / 1046
Npassed_HT      = 1036 / 1046
npass_Njets     = 1043 / 1046
Npassed_ALL     = 713 / 1046

>> Running /isilon/hadoop/store/group/bruxljm/FWLJMET106XUL_singleLep2017UL_RunIISummer20_X53X53/PairVLQ_x53x53_tWtW_narrow_RH_M900_TuneCP5_13TeV-madgraph-pythia8/singleLep2017UL/230310_183353/0000/PairVLQ_x53x53_tWtW_narrow_RH_M900_TuneCP5_13TeV-madgraph-pythia8_28.root for shift: nominal
[step1.h] Opening file: /isilon/hadoop/store/group/bruxljm/FWLJMET106XUL_singleLep2017UL_RunIISummer20_X53X53/PairVLQ_x53x53_tWtW_narrow_RH_M900_TuneCP5_13TeV-madgraph-pythia8/singleLep2017UL/230310_183353/0000/PairVLQ_x53x53_tWtW_narrow_RH_M900_TuneCP5_13TeV-madgraph-pythia8_28.root
[step1.h] Finished initializing
RUN CONFIG: YEAR = 2017
Era = 
isMC = 1, isSig = 1, SigMass = 2
isHad =0, isSE =0, isSM =0
isTTTT = 0, isXX = 1, isTpTp = 0, isBpBp = 0
For W's: isTT = 0, isSTt = 0, isSTtW = 0
For jets & PDF: isTOP = 0, isMadgraphBkg = 1
For HOTTagger Efficiencies: isTTV = 0, isTTHbb = 0, isTTHnonbb = 0, isTTTX = 0
isTTVV = 0, isST = 0, isTTToSemiLeptonHT500Njet9 = 0
Pileup sample key: PairVLQ_x53x53_tWtW_narrow_RH_M900_TuneCP5_13TeV-madgraph-pythia8
b-tagging working points: 0.304(DeepJet)0.4506(DeepCSV)
isTTincMtt0to700: 0
isTTincMtt0to1000: 0
isTTincMtt700to1000: 0
isTTincMtt1000toInf: 0
isTTSemilepIncHT0Njet0: 0
isTTSemilepIncHT500Njet9: 0
outTTLF: 0
outTTCC: 0
outTTBB: 0
outTT1B: 0
outTT2B: 0
>> Completed 0 out of 1046 events
[INFO] Defaulting to central deepJet weight for: nominal
>> Completed 1000 out of 1046 events
Nelectrons      = 479 / 1046
Npassed_ElEta   = 479 / 1046
Nmuons          = 567 / 1046
NrelIsoFail     = 0 / 1046
Npassed_MuEta   = 567 / 1046
Npassed_nAK8Jets= 1046 / 1046
Npassed_Trigger = 1012 / 1046
Npassed_MET     = 873 / 1046
Npassed_lepPt   = 903 / 1046
Npassed_HT      = 1039 / 1046
npass_Njets     = 1045 / 1046
Npassed_ALL     = 745 / 1046

>> Running /isilon/hadoop/store/group/bruxljm/FWLJMET106XUL_singleLep2017UL_RunIISummer20_X53X53/PairVLQ_x53x53_tWtW_narrow_RH_M900_TuneCP5_13TeV-madgraph-pythia8/singleLep2017UL/230310_183353/0000/PairVLQ_x53x53_tWtW_narrow_RH_M900_TuneCP5_13TeV-madgraph-pythia8_29.root for shift: nominal
[step1.h] Opening file: /isilon/hadoop/store/group/bruxljm/FWLJMET106XUL_singleLep2017UL_RunIISummer20_X53X53/PairVLQ_x53x53_tWtW_narrow_RH_M900_TuneCP5_13TeV-madgraph-pythia8/singleLep2017UL/230310_183353/0000/PairVLQ_x53x53_tWtW_narrow_RH_M900_TuneCP5_13TeV-madgraph-pythia8_29.root
[step1.h] Finished initializing
RUN CONFIG: YEAR = 2017
Era = 
isMC = 1, isSig = 1, SigMass = 2
isHad =0, isSE =0, isSM =0
isTTTT = 0, isXX = 1, isTpTp = 0, isBpBp = 0
For W's: isTT = 0, isSTt = 0, isSTtW = 0
For jets & PDF: isTOP = 0, isMadgraphBkg = 1
For HOTTagger Efficiencies: isTTV = 0, isTTHbb = 0, isTTHnonbb = 0, isTTTX = 0
isTTVV = 0, isST = 0, isTTToSemiLeptonHT500Njet9 = 0
Pileup sample key: PairVLQ_x53x53_tWtW_narrow_RH_M900_TuneCP5_13TeV-madgraph-pythia8
b-tagging working points: 0.304(DeepJet)0.4506(DeepCSV)
isTTincMtt0to700: 0
isTTincMtt0to1000: 0
isTTincMtt700to1000: 0
isTTincMtt1000toInf: 0
isTTSemilepIncHT0Njet0: 0
isTTSemilepIncHT500Njet9: 0
outTTLF: 0
outTTCC: 0
outTTBB: 0
outTT1B: 0
outTT2B: 0
>> Completed 0 out of 1026 events
[INFO] Defaulting to central deepJet weight for: nominal
>> Completed 1000 out of 1026 events
Nelectrons      = 501 / 1026
Npassed_ElEta   = 501 / 1026
Nmuons          = 525 / 1026
NrelIsoFail     = 0 / 1026
Npassed_MuEta   = 525 / 1026
Npassed_nAK8Jets= 1026 / 1026
Npassed_Trigger = 994 / 1026
Npassed_MET     = 840 / 1026
Npassed_lepPt   = 886 / 1026
Npassed_HT      = 1015 / 1026
npass_Njets     = 1023 / 1026
Npassed_ALL     = 719 / 1026

>> Running /isilon/hadoop/store/group/bruxljm/FWLJMET106XUL_singleLep2017UL_RunIISummer20_X53X53/PairVLQ_x53x53_tWtW_narrow_RH_M900_TuneCP5_13TeV-madgraph-pythia8/singleLep2017UL/230310_183353/0000/PairVLQ_x53x53_tWtW_narrow_RH_M900_TuneCP5_13TeV-madgraph-pythia8_3.root for shift: nominal
[step1.h] Opening file: /isilon/hadoop/store/group/bruxljm/FWLJMET106XUL_singleLep2017UL_RunIISummer20_X53X53/PairVLQ_x53x53_tWtW_narrow_RH_M900_TuneCP5_13TeV-madgraph-pythia8/singleLep2017UL/230310_183353/0000/PairVLQ_x53x53_tWtW_narrow_RH_M900_TuneCP5_13TeV-madgraph-pythia8_3.root
[step1.h] Finished initializing
RUN CONFIG: YEAR = 2017
Era = 
isMC = 1, isSig = 1, SigMass = 2
isHad =0, isSE =0, isSM =0
isTTTT = 0, isXX = 1, isTpTp = 0, isBpBp = 0
For W's: isTT = 0, isSTt = 0, isSTtW = 0
For jets & PDF: isTOP = 0, isMadgraphBkg = 1
For HOTTagger Efficiencies: isTTV = 0, isTTHbb = 0, isTTHnonbb = 0, isTTTX = 0
isTTVV = 0, isST = 0, isTTToSemiLeptonHT500Njet9 = 0
Pileup sample key: PairVLQ_x53x53_tWtW_narrow_RH_M900_TuneCP5_13TeV-madgraph-pythia8
b-tagging working points: 0.304(DeepJet)0.4506(DeepCSV)
isTTincMtt0to700: 0
isTTincMtt0to1000: 0
isTTincMtt700to1000: 0
isTTincMtt1000toInf: 0
isTTSemilepIncHT0Njet0: 0
isTTSemilepIncHT500Njet9: 0
outTTLF: 0
outTTCC: 0
outTTBB: 0
outTT1B: 0
outTT2B: 0
>> Completed 0 out of 549 events
[INFO] Defaulting to central deepJet weight for: nominal
Nelectrons      = 245 / 549
Npassed_ElEta   = 245 / 549
Nmuons          = 304 / 549
NrelIsoFail     = 0 / 549
Npassed_MuEta   = 304 / 549
Npassed_nAK8Jets= 549 / 549
Npassed_Trigger = 529 / 549
Npassed_MET     = 456 / 549
Npassed_lepPt   = 473 / 549
Npassed_HT      = 545 / 549
npass_Njets     = 548 / 549
Npassed_ALL     = 388 / 549

>> Running /isilon/hadoop/store/group/bruxljm/FWLJMET106XUL_singleLep2017UL_RunIISummer20_X53X53/PairVLQ_x53x53_tWtW_narrow_RH_M900_TuneCP5_13TeV-madgraph-pythia8/singleLep2017UL/230310_183353/0000/PairVLQ_x53x53_tWtW_narrow_RH_M900_TuneCP5_13TeV-madgraph-pythia8_30.root for shift: nominal
[step1.h] Opening file: /isilon/hadoop/store/group/bruxljm/FWLJMET106XUL_singleLep2017UL_RunIISummer20_X53X53/PairVLQ_x53x53_tWtW_narrow_RH_M900_TuneCP5_13TeV-madgraph-pythia8/singleLep2017UL/230310_183353/0000/PairVLQ_x53x53_tWtW_narrow_RH_M900_TuneCP5_13TeV-madgraph-pythia8_30.root
[step1.h] Finished initializing
RUN CONFIG: YEAR = 2017
Era = 
isMC = 1, isSig = 1, SigMass = 2
isHad =0, isSE =0, isSM =0
isTTTT = 0, isXX = 1, isTpTp = 0, isBpBp = 0
For W's: isTT = 0, isSTt = 0, isSTtW = 0
For jets & PDF: isTOP = 0, isMadgraphBkg = 1
For HOTTagger Efficiencies: isTTV = 0, isTTHbb = 0, isTTHnonbb = 0, isTTTX = 0
isTTVV = 0, isST = 0, isTTToSemiLeptonHT500Njet9 = 0
Pileup sample key: PairVLQ_x53x53_tWtW_narrow_RH_M900_TuneCP5_13TeV-madgraph-pythia8
b-tagging working points: 0.304(DeepJet)0.4506(DeepCSV)
isTTincMtt0to700: 0
isTTincMtt0to1000: 0
isTTincMtt700to1000: 0
isTTincMtt1000toInf: 0
isTTSemilepIncHT0Njet0: 0
isTTSemilepIncHT500Njet9: 0
outTTLF: 0
outTTCC: 0
outTTBB: 0
outTT1B: 0
outTT2B: 0
>> Completed 0 out of 546 events
[INFO] Defaulting to central deepJet weight for: nominal
Nelectrons      = 274 / 546
Npassed_ElEta   = 274 / 546
Nmuons          = 272 / 546
NrelIsoFail     = 0 / 546
Npassed_MuEta   = 272 / 546
Npassed_nAK8Jets= 546 / 546
Npassed_Trigger = 528 / 546
Npassed_MET     = 441 / 546
Npassed_lepPt   = 451 / 546
Npassed_HT      = 542 / 546
npass_Njets     = 543 / 546
Npassed_ALL     = 355 / 546

>> Running /isilon/hadoop/store/group/bruxljm/FWLJMET106XUL_singleLep2017UL_RunIISummer20_X53X53/PairVLQ_x53x53_tWtW_narrow_RH_M900_TuneCP5_13TeV-madgraph-pythia8/singleLep2017UL/230310_183353/0000/PairVLQ_x53x53_tWtW_narrow_RH_M900_TuneCP5_13TeV-madgraph-pythia8_31.root for shift: nominal
[step1.h] Opening file: /isilon/hadoop/store/group/bruxljm/FWLJMET106XUL_singleLep2017UL_RunIISummer20_X53X53/PairVLQ_x53x53_tWtW_narrow_RH_M900_TuneCP5_13TeV-madgraph-pythia8/singleLep2017UL/230310_183353/0000/PairVLQ_x53x53_tWtW_narrow_RH_M900_TuneCP5_13TeV-madgraph-pythia8_31.root
[step1.h] Finished initializing
RUN CONFIG: YEAR = 2017
Era = 
isMC = 1, isSig = 1, SigMass = 2
isHad =0, isSE =0, isSM =0
isTTTT = 0, isXX = 1, isTpTp = 0, isBpBp = 0
For W's: isTT = 0, isSTt = 0, isSTtW = 0
For jets & PDF: isTOP = 0, isMadgraphBkg = 1
For HOTTagger Efficiencies: isTTV = 0, isTTHbb = 0, isTTHnonbb = 0, isTTTX = 0
isTTVV = 0, isST = 0, isTTToSemiLeptonHT500Njet9 = 0
Pileup sample key: PairVLQ_x53x53_tWtW_narrow_RH_M900_TuneCP5_13TeV-madgraph-pythia8
b-tagging working points: 0.304(DeepJet)0.4506(DeepCSV)
isTTincMtt0to700: 0
isTTincMtt0to1000: 0
isTTincMtt700to1000: 0
isTTincMtt1000toInf: 0
isTTSemilepIncHT0Njet0: 0
isTTSemilepIncHT500Njet9: 0
outTTLF: 0
outTTCC: 0
outTTBB: 0
outTT1B: 0
outTT2B: 0
>> Completed 0 out of 1063 events
[INFO] Defaulting to central deepJet weight for: nominal
>> Completed 1000 out of 1063 events
Nelectrons      = 525 / 1063
Npassed_ElEta   = 525 / 1063
Nmuons          = 538 / 1063
NrelIsoFail     = 0 / 1063
Npassed_MuEta   = 538 / 1063
Npassed_nAK8Jets= 1063 / 1063
Npassed_Trigger = 1023 / 1063
Npassed_MET     = 897 / 1063
Npassed_lepPt   = 900 / 1063
Npassed_HT      = 1053 / 1063
npass_Njets     = 1055 / 1063
Npassed_ALL     = 753 / 1063

>> Running /isilon/hadoop/store/group/bruxljm/FWLJMET106XUL_singleLep2017UL_RunIISummer20_X53X53/PairVLQ_x53x53_tWtW_narrow_RH_M900_TuneCP5_13TeV-madgraph-pythia8/singleLep2017UL/230310_183353/0000/PairVLQ_x53x53_tWtW_narrow_RH_M900_TuneCP5_13TeV-madgraph-pythia8_32.root for shift: nominal
[step1.h] Opening file: /isilon/hadoop/store/group/bruxljm/FWLJMET106XUL_singleLep2017UL_RunIISummer20_X53X53/PairVLQ_x53x53_tWtW_narrow_RH_M900_TuneCP5_13TeV-madgraph-pythia8/singleLep2017UL/230310_183353/0000/PairVLQ_x53x53_tWtW_narrow_RH_M900_TuneCP5_13TeV-madgraph-pythia8_32.root
[step1.h] Finished initializing
RUN CONFIG: YEAR = 2017
Era = 
isMC = 1, isSig = 1, SigMass = 2
isHad =0, isSE =0, isSM =0
isTTTT = 0, isXX = 1, isTpTp = 0, isBpBp = 0
For W's: isTT = 0, isSTt = 0, isSTtW = 0
For jets & PDF: isTOP = 0, isMadgraphBkg = 1
For HOTTagger Efficiencies: isTTV = 0, isTTHbb = 0, isTTHnonbb = 0, isTTTX = 0
isTTVV = 0, isST = 0, isTTToSemiLeptonHT500Njet9 = 0
Pileup sample key: PairVLQ_x53x53_tWtW_narrow_RH_M900_TuneCP5_13TeV-madgraph-pythia8
b-tagging working points: 0.304(DeepJet)0.4506(DeepCSV)
isTTincMtt0to700: 0
isTTincMtt0to1000: 0
isTTincMtt700to1000: 0
isTTincMtt1000toInf: 0
isTTSemilepIncHT0Njet0: 0
isTTSemilepIncHT500Njet9: 0
outTTLF: 0
outTTCC: 0
outTTBB: 0
outTT1B: 0
outTT2B: 0
>> Completed 0 out of 1078 events
[INFO] Defaulting to central deepJet weight for: nominal
>> Completed 1000 out of 1078 events
Nelectrons      = 482 / 1078
Npassed_ElEta   = 482 / 1078
Nmuons          = 596 / 1078
NrelIsoFail     = 0 / 1078
Npassed_MuEta   = 596 / 1078
Npassed_nAK8Jets= 1078 / 1078
Npassed_Trigger = 1049 / 1078
Npassed_MET     = 879 / 1078
Npassed_lepPt   = 951 / 1078
Npassed_HT      = 1070 / 1078
npass_Njets     = 1074 / 1078
Npassed_ALL     = 773 / 1078

>> Running /isilon/hadoop/store/group/bruxljm/FWLJMET106XUL_singleLep2017UL_RunIISummer20_X53X53/PairVLQ_x53x53_tWtW_narrow_RH_M900_TuneCP5_13TeV-madgraph-pythia8/singleLep2017UL/230310_183353/0000/PairVLQ_x53x53_tWtW_narrow_RH_M900_TuneCP5_13TeV-madgraph-pythia8_33.root for shift: nominal
[step1.h] Opening file: /isilon/hadoop/store/group/bruxljm/FWLJMET106XUL_singleLep2017UL_RunIISummer20_X53X53/PairVLQ_x53x53_tWtW_narrow_RH_M900_TuneCP5_13TeV-madgraph-pythia8/singleLep2017UL/230310_183353/0000/PairVLQ_x53x53_tWtW_narrow_RH_M900_TuneCP5_13TeV-madgraph-pythia8_33.root
[step1.h] Finished initializing
RUN CONFIG: YEAR = 2017
Era = 
isMC = 1, isSig = 1, SigMass = 2
isHad =0, isSE =0, isSM =0
isTTTT = 0, isXX = 1, isTpTp = 0, isBpBp = 0
For W's: isTT = 0, isSTt = 0, isSTtW = 0
For jets & PDF: isTOP = 0, isMadgraphBkg = 1
For HOTTagger Efficiencies: isTTV = 0, isTTHbb = 0, isTTHnonbb = 0, isTTTX = 0
isTTVV = 0, isST = 0, isTTToSemiLeptonHT500Njet9 = 0
Pileup sample key: PairVLQ_x53x53_tWtW_narrow_RH_M900_TuneCP5_13TeV-madgraph-pythia8
b-tagging working points: 0.304(DeepJet)0.4506(DeepCSV)
isTTincMtt0to700: 0
isTTincMtt0to1000: 0
isTTincMtt700to1000: 0
isTTincMtt1000toInf: 0
isTTSemilepIncHT0Njet0: 0
isTTSemilepIncHT500Njet9: 0
outTTLF: 0
outTTCC: 0
outTTBB: 0
outTT1B: 0
outTT2B: 0
>> Completed 0 out of 1032 events
[INFO] Defaulting to central deepJet weight for: nominal
>> Completed 1000 out of 1032 events
Nelectrons      = 499 / 1032
Npassed_ElEta   = 499 / 1032
Nmuons          = 533 / 1032
NrelIsoFail     = 0 / 1032
Npassed_MuEta   = 533 / 1032
Npassed_nAK8Jets= 1032 / 1032
Npassed_Trigger = 991 / 1032
Npassed_MET     = 861 / 1032
Npassed_lepPt   = 891 / 1032
Npassed_HT      = 1023 / 1032
npass_Njets     = 1026 / 1032
Npassed_ALL     = 727 / 1032

>> Running /isilon/hadoop/store/group/bruxljm/FWLJMET106XUL_singleLep2017UL_RunIISummer20_X53X53/PairVLQ_x53x53_tWtW_narrow_RH_M900_TuneCP5_13TeV-madgraph-pythia8/singleLep2017UL/230310_183353/0000/PairVLQ_x53x53_tWtW_narrow_RH_M900_TuneCP5_13TeV-madgraph-pythia8_34.root for shift: nominal
[step1.h] Opening file: /isilon/hadoop/store/group/bruxljm/FWLJMET106XUL_singleLep2017UL_RunIISummer20_X53X53/PairVLQ_x53x53_tWtW_narrow_RH_M900_TuneCP5_13TeV-madgraph-pythia8/singleLep2017UL/230310_183353/0000/PairVLQ_x53x53_tWtW_narrow_RH_M900_TuneCP5_13TeV-madgraph-pythia8_34.root
[step1.h] Finished initializing
RUN CONFIG: YEAR = 2017
Era = 
isMC = 1, isSig = 1, SigMass = 2
isHad =0, isSE =0, isSM =0
isTTTT = 0, isXX = 1, isTpTp = 0, isBpBp = 0
For W's: isTT = 0, isSTt = 0, isSTtW = 0
For jets & PDF: isTOP = 0, isMadgraphBkg = 1
For HOTTagger Efficiencies: isTTV = 0, isTTHbb = 0, isTTHnonbb = 0, isTTTX = 0
isTTVV = 0, isST = 0, isTTToSemiLeptonHT500Njet9 = 0
Pileup sample key: PairVLQ_x53x53_tWtW_narrow_RH_M900_TuneCP5_13TeV-madgraph-pythia8
b-tagging working points: 0.304(DeepJet)0.4506(DeepCSV)
isTTincMtt0to700: 0
isTTincMtt0to1000: 0
isTTincMtt700to1000: 0
isTTincMtt1000toInf: 0
isTTSemilepIncHT0Njet0: 0
isTTSemilepIncHT500Njet9: 0
outTTLF: 0
outTTCC: 0
outTTBB: 0
outTT1B: 0
outTT2B: 0
>> Completed 0 out of 1026 events
[INFO] Defaulting to central deepJet weight for: nominal
>> Completed 1000 out of 1026 events
Nelectrons      = 496 / 1026
Npassed_ElEta   = 496 / 1026
Nmuons          = 530 / 1026
NrelIsoFail     = 0 / 1026
Npassed_MuEta   = 530 / 1026
Npassed_nAK8Jets= 1026 / 1026
Npassed_Trigger = 988 / 1026
Npassed_MET     = 866 / 1026
Npassed_lepPt   = 910 / 1026
Npassed_HT      = 1020 / 1026
npass_Njets     = 1023 / 1026
Npassed_ALL     = 763 / 1026

>> Running /isilon/hadoop/store/group/bruxljm/FWLJMET106XUL_singleLep2017UL_RunIISummer20_X53X53/PairVLQ_x53x53_tWtW_narrow_RH_M900_TuneCP5_13TeV-madgraph-pythia8/singleLep2017UL/230310_183353/0000/PairVLQ_x53x53_tWtW_narrow_RH_M900_TuneCP5_13TeV-madgraph-pythia8_35.root for shift: nominal
[step1.h] Opening file: /isilon/hadoop/store/group/bruxljm/FWLJMET106XUL_singleLep2017UL_RunIISummer20_X53X53/PairVLQ_x53x53_tWtW_narrow_RH_M900_TuneCP5_13TeV-madgraph-pythia8/singleLep2017UL/230310_183353/0000/PairVLQ_x53x53_tWtW_narrow_RH_M900_TuneCP5_13TeV-madgraph-pythia8_35.root
[step1.h] Finished initializing
RUN CONFIG: YEAR = 2017
Era = 
isMC = 1, isSig = 1, SigMass = 2
isHad =0, isSE =0, isSM =0
isTTTT = 0, isXX = 1, isTpTp = 0, isBpBp = 0
For W's: isTT = 0, isSTt = 0, isSTtW = 0
For jets & PDF: isTOP = 0, isMadgraphBkg = 1
For HOTTagger Efficiencies: isTTV = 0, isTTHbb = 0, isTTHnonbb = 0, isTTTX = 0
isTTVV = 0, isST = 0, isTTToSemiLeptonHT500Njet9 = 0
Pileup sample key: PairVLQ_x53x53_tWtW_narrow_RH_M900_TuneCP5_13TeV-madgraph-pythia8
b-tagging working points: 0.304(DeepJet)0.4506(DeepCSV)
isTTincMtt0to700: 0
isTTincMtt0to1000: 0
isTTincMtt700to1000: 0
isTTincMtt1000toInf: 0
isTTSemilepIncHT0Njet0: 0
isTTSemilepIncHT500Njet9: 0
outTTLF: 0
outTTCC: 0
outTTBB: 0
outTT1B: 0
outTT2B: 0
>> Completed 0 out of 1023 events
[INFO] Defaulting to central deepJet weight for: nominal
>> Completed 1000 out of 1023 events
Nelectrons      = 475 / 1023
Npassed_ElEta   = 475 / 1023
Nmuons          = 548 / 1023
NrelIsoFail     = 0 / 1023
Npassed_MuEta   = 548 / 1023
Npassed_nAK8Jets= 1023 / 1023
Npassed_Trigger = 986 / 1023
Npassed_MET     = 850 / 1023
Npassed_lepPt   = 881 / 1023
Npassed_HT      = 1016 / 1023
npass_Njets     = 1016 / 1023
Npassed_ALL     = 724 / 1023

>> Running /isilon/hadoop/store/group/bruxljm/FWLJMET106XUL_singleLep2017UL_RunIISummer20_X53X53/PairVLQ_x53x53_tWtW_narrow_RH_M900_TuneCP5_13TeV-madgraph-pythia8/singleLep2017UL/230310_183353/0000/PairVLQ_x53x53_tWtW_narrow_RH_M900_TuneCP5_13TeV-madgraph-pythia8_36.root for shift: nominal
[step1.h] Opening file: /isilon/hadoop/store/group/bruxljm/FWLJMET106XUL_singleLep2017UL_RunIISummer20_X53X53/PairVLQ_x53x53_tWtW_narrow_RH_M900_TuneCP5_13TeV-madgraph-pythia8/singleLep2017UL/230310_183353/0000/PairVLQ_x53x53_tWtW_narrow_RH_M900_TuneCP5_13TeV-madgraph-pythia8_36.root
[step1.h] Finished initializing
RUN CONFIG: YEAR = 2017
Era = 
isMC = 1, isSig = 1, SigMass = 2
isHad =0, isSE =0, isSM =0
isTTTT = 0, isXX = 1, isTpTp = 0, isBpBp = 0
For W's: isTT = 0, isSTt = 0, isSTtW = 0
For jets & PDF: isTOP = 0, isMadgraphBkg = 1
For HOTTagger Efficiencies: isTTV = 0, isTTHbb = 0, isTTHnonbb = 0, isTTTX = 0
isTTVV = 0, isST = 0, isTTToSemiLeptonHT500Njet9 = 0
Pileup sample key: PairVLQ_x53x53_tWtW_narrow_RH_M900_TuneCP5_13TeV-madgraph-pythia8
b-tagging working points: 0.304(DeepJet)0.4506(DeepCSV)
isTTincMtt0to700: 0
isTTincMtt0to1000: 0
isTTincMtt700to1000: 0
isTTincMtt1000toInf: 0
isTTSemilepIncHT0Njet0: 0
isTTSemilepIncHT500Njet9: 0
outTTLF: 0
outTTCC: 0
outTTBB: 0
outTT1B: 0
outTT2B: 0
>> Completed 0 out of 1026 events
[INFO] Defaulting to central deepJet weight for: nominal
>> Completed 1000 out of 1026 events
Nelectrons      = 468 / 1026
Npassed_ElEta   = 468 / 1026
Nmuons          = 558 / 1026
NrelIsoFail     = 0 / 1026
Npassed_MuEta   = 558 / 1026
Npassed_nAK8Jets= 1026 / 1026
Npassed_Trigger = 995 / 1026
Npassed_MET     = 847 / 1026
Npassed_lepPt   = 879 / 1026
Npassed_HT      = 1021 / 1026
npass_Njets     = 1023 / 1026
Npassed_ALL     = 721 / 1026

>> Running /isilon/hadoop/store/group/bruxljm/FWLJMET106XUL_singleLep2017UL_RunIISummer20_X53X53/PairVLQ_x53x53_tWtW_narrow_RH_M900_TuneCP5_13TeV-madgraph-pythia8/singleLep2017UL/230310_183353/0000/PairVLQ_x53x53_tWtW_narrow_RH_M900_TuneCP5_13TeV-madgraph-pythia8_37.root for shift: nominal
[step1.h] Opening file: /isilon/hadoop/store/group/bruxljm/FWLJMET106XUL_singleLep2017UL_RunIISummer20_X53X53/PairVLQ_x53x53_tWtW_narrow_RH_M900_TuneCP5_13TeV-madgraph-pythia8/singleLep2017UL/230310_183353/0000/PairVLQ_x53x53_tWtW_narrow_RH_M900_TuneCP5_13TeV-madgraph-pythia8_37.root
[step1.h] Finished initializing
RUN CONFIG: YEAR = 2017
Era = 
isMC = 1, isSig = 1, SigMass = 2
isHad =0, isSE =0, isSM =0
isTTTT = 0, isXX = 1, isTpTp = 0, isBpBp = 0
For W's: isTT = 0, isSTt = 0, isSTtW = 0
For jets & PDF: isTOP = 0, isMadgraphBkg = 1
For HOTTagger Efficiencies: isTTV = 0, isTTHbb = 0, isTTHnonbb = 0, isTTTX = 0
isTTVV = 0, isST = 0, isTTToSemiLeptonHT500Njet9 = 0
Pileup sample key: PairVLQ_x53x53_tWtW_narrow_RH_M900_TuneCP5_13TeV-madgraph-pythia8
b-tagging working points: 0.304(DeepJet)0.4506(DeepCSV)
isTTincMtt0to700: 0
isTTincMtt0to1000: 0
isTTincMtt700to1000: 0
isTTincMtt1000toInf: 0
isTTSemilepIncHT0Njet0: 0
isTTSemilepIncHT500Njet9: 0
outTTLF: 0
outTTCC: 0
outTTBB: 0
outTT1B: 0
outTT2B: 0
>> Completed 0 out of 1017 events
[INFO] Defaulting to central deepJet weight for: nominal
>> Completed 1000 out of 1017 events
Nelectrons      = 495 / 1017
Npassed_ElEta   = 495 / 1017
Nmuons          = 522 / 1017
NrelIsoFail     = 0 / 1017
Npassed_MuEta   = 522 / 1017
Npassed_nAK8Jets= 1017 / 1017
Npassed_Trigger = 987 / 1017
Npassed_MET     = 862 / 1017
Npassed_lepPt   = 878 / 1017
Npassed_HT      = 1008 / 1017
npass_Njets     = 1014 / 1017
Npassed_ALL     = 733 / 1017

>> Running /isilon/hadoop/store/group/bruxljm/FWLJMET106XUL_singleLep2017UL_RunIISummer20_X53X53/PairVLQ_x53x53_tWtW_narrow_RH_M900_TuneCP5_13TeV-madgraph-pythia8/singleLep2017UL/230310_183353/0000/PairVLQ_x53x53_tWtW_narrow_RH_M900_TuneCP5_13TeV-madgraph-pythia8_38.root for shift: nominal
[step1.h] Opening file: /isilon/hadoop/store/group/bruxljm/FWLJMET106XUL_singleLep2017UL_RunIISummer20_X53X53/PairVLQ_x53x53_tWtW_narrow_RH_M900_TuneCP5_13TeV-madgraph-pythia8/singleLep2017UL/230310_183353/0000/PairVLQ_x53x53_tWtW_narrow_RH_M900_TuneCP5_13TeV-madgraph-pythia8_38.root
[step1.h] Finished initializing
RUN CONFIG: YEAR = 2017
Era = 
isMC = 1, isSig = 1, SigMass = 2
isHad =0, isSE =0, isSM =0
isTTTT = 0, isXX = 1, isTpTp = 0, isBpBp = 0
For W's: isTT = 0, isSTt = 0, isSTtW = 0
For jets & PDF: isTOP = 0, isMadgraphBkg = 1
For HOTTagger Efficiencies: isTTV = 0, isTTHbb = 0, isTTHnonbb = 0, isTTTX = 0
isTTVV = 0, isST = 0, isTTToSemiLeptonHT500Njet9 = 0
Pileup sample key: PairVLQ_x53x53_tWtW_narrow_RH_M900_TuneCP5_13TeV-madgraph-pythia8
b-tagging working points: 0.304(DeepJet)0.4506(DeepCSV)
isTTincMtt0to700: 0
isTTincMtt0to1000: 0
isTTincMtt700to1000: 0
isTTincMtt1000toInf: 0
isTTSemilepIncHT0Njet0: 0
isTTSemilepIncHT500Njet9: 0
outTTLF: 0
outTTCC: 0
outTTBB: 0
outTT1B: 0
outTT2B: 0
>> Completed 0 out of 1035 events
[INFO] Defaulting to central deepJet weight for: nominal
>> Completed 1000 out of 1035 events
Nelectrons      = 482 / 1035
Npassed_ElEta   = 482 / 1035
Nmuons          = 553 / 1035
NrelIsoFail     = 0 / 1035
Npassed_MuEta   = 553 / 1035
Npassed_nAK8Jets= 1035 / 1035
Npassed_Trigger = 1007 / 1035
Npassed_MET     = 857 / 1035
Npassed_lepPt   = 905 / 1035
Npassed_HT      = 1025 / 1035
npass_Njets     = 1030 / 1035
Npassed_ALL     = 733 / 1035

>> Running /isilon/hadoop/store/group/bruxljm/FWLJMET106XUL_singleLep2017UL_RunIISummer20_X53X53/PairVLQ_x53x53_tWtW_narrow_RH_M900_TuneCP5_13TeV-madgraph-pythia8/singleLep2017UL/230310_183353/0000/PairVLQ_x53x53_tWtW_narrow_RH_M900_TuneCP5_13TeV-madgraph-pythia8_39.root for shift: nominal
[step1.h] Opening file: /isilon/hadoop/store/group/bruxljm/FWLJMET106XUL_singleLep2017UL_RunIISummer20_X53X53/PairVLQ_x53x53_tWtW_narrow_RH_M900_TuneCP5_13TeV-madgraph-pythia8/singleLep2017UL/230310_183353/0000/PairVLQ_x53x53_tWtW_narrow_RH_M900_TuneCP5_13TeV-madgraph-pythia8_39.root
[step1.h] Finished initializing
RUN CONFIG: YEAR = 2017
Era = 
isMC = 1, isSig = 1, SigMass = 2
isHad =0, isSE =0, isSM =0
isTTTT = 0, isXX = 1, isTpTp = 0, isBpBp = 0
For W's: isTT = 0, isSTt = 0, isSTtW = 0
For jets & PDF: isTOP = 0, isMadgraphBkg = 1
For HOTTagger Efficiencies: isTTV = 0, isTTHbb = 0, isTTHnonbb = 0, isTTTX = 0
isTTVV = 0, isST = 0, isTTToSemiLeptonHT500Njet9 = 0
Pileup sample key: PairVLQ_x53x53_tWtW_narrow_RH_M900_TuneCP5_13TeV-madgraph-pythia8
b-tagging working points: 0.304(DeepJet)0.4506(DeepCSV)
isTTincMtt0to700: 0
isTTincMtt0to1000: 0
isTTincMtt700to1000: 0
isTTincMtt1000toInf: 0
isTTSemilepIncHT0Njet0: 0
isTTSemilepIncHT500Njet9: 0
outTTLF: 0
outTTCC: 0
outTTBB: 0
outTT1B: 0
outTT2B: 0
>> Completed 0 out of 1022 events
[INFO] Defaulting to central deepJet weight for: nominal
>> Completed 1000 out of 1022 events
Nelectrons      = 464 / 1022
Npassed_ElEta   = 464 / 1022
Nmuons          = 558 / 1022
NrelIsoFail     = 0 / 1022
Npassed_MuEta   = 558 / 1022
Npassed_nAK8Jets= 1022 / 1022
Npassed_Trigger = 993 / 1022
Npassed_MET     = 848 / 1022
Npassed_lepPt   = 889 / 1022
Npassed_HT      = 1020 / 1022
npass_Njets     = 1021 / 1022
Npassed_ALL     = 731 / 1022
>> Available ROOT Files:
-rw-r--r-- 1 fsimpson gridusers 2634016 Apr 24 09:20 PairVLQ_x53x53_tWtW_narrow_RH_M900_TuneCP5_13TeV-madgraph-pythia8_153nominal.root
-rw-r--r-- 1 fsimpson gridusers 2446720 Apr 24 09:20 PairVLQ_x53x53_tWtW_narrow_RH_M900_TuneCP5_13TeV-madgraph-pythia8_154nominal.root
-rw-r--r-- 1 fsimpson gridusers 2567410 Apr 24 09:20 PairVLQ_x53x53_tWtW_narrow_RH_M900_TuneCP5_13TeV-madgraph-pythia8_155nominal.root
-rw-r--r-- 1 fsimpson gridusers 2570253 Apr 24 09:20 PairVLQ_x53x53_tWtW_narrow_RH_M900_TuneCP5_13TeV-madgraph-pythia8_156nominal.root
-rw-r--r-- 1 fsimpson gridusers 2460620 Apr 24 09:20 PairVLQ_x53x53_tWtW_narrow_RH_M900_TuneCP5_13TeV-madgraph-pythia8_16nominal.root
-rw-r--r-- 1 fsimpson gridusers 2524890 Apr 24 09:20 PairVLQ_x53x53_tWtW_narrow_RH_M900_TuneCP5_13TeV-madgraph-pythia8_17nominal.root
-rw-r--r-- 1 fsimpson gridusers 2583416 Apr 24 09:20 PairVLQ_x53x53_tWtW_narrow_RH_M900_TuneCP5_13TeV-madgraph-pythia8_18nominal.root
-rw-r--r-- 1 fsimpson gridusers 2654876 Apr 24 09:20 PairVLQ_x53x53_tWtW_narrow_RH_M900_TuneCP5_13TeV-madgraph-pythia8_19nominal.root
-rw-r--r-- 1 fsimpson gridusers 2473502 Apr 24 09:20 PairVLQ_x53x53_tWtW_narrow_RH_M900_TuneCP5_13TeV-madgraph-pythia8_20nominal.root
-rw-r--r-- 1 fsimpson gridusers 2597132 Apr 24 09:20 PairVLQ_x53x53_tWtW_narrow_RH_M900_TuneCP5_13TeV-madgraph-pythia8_21nominal.root
-rw-r--r-- 1 fsimpson gridusers 2611837 Apr 24 09:20 PairVLQ_x53x53_tWtW_narrow_RH_M900_TuneCP5_13TeV-madgraph-pythia8_22nominal.root
-rw-r--r-- 1 fsimpson gridusers 2631083 Apr 24 09:20 PairVLQ_x53x53_tWtW_narrow_RH_M900_TuneCP5_13TeV-madgraph-pythia8_23nominal.root
-rw-r--r-- 1 fsimpson gridusers 2730680 Apr 24 09:20 PairVLQ_x53x53_tWtW_narrow_RH_M900_TuneCP5_13TeV-madgraph-pythia8_24nominal.root
-rw-r--r-- 1 fsimpson gridusers 1279121 Apr 24 09:20 PairVLQ_x53x53_tWtW_narrow_RH_M900_TuneCP5_13TeV-madgraph-pythia8_25nominal.root
-rw-r--r-- 1 fsimpson gridusers 2559751 Apr 24 09:20 PairVLQ_x53x53_tWtW_narrow_RH_M900_TuneCP5_13TeV-madgraph-pythia8_26nominal.root
-rw-r--r-- 1 fsimpson gridusers 2572961 Apr 24 09:20 PairVLQ_x53x53_tWtW_narrow_RH_M900_TuneCP5_13TeV-madgraph-pythia8_27nominal.root
-rw-r--r-- 1 fsimpson gridusers 2623687 Apr 24 09:20 PairVLQ_x53x53_tWtW_narrow_RH_M900_TuneCP5_13TeV-madgraph-pythia8_28nominal.root
-rw-r--r-- 1 fsimpson gridusers 2547482 Apr 24 09:20 PairVLQ_x53x53_tWtW_narrow_RH_M900_TuneCP5_13TeV-madgraph-pythia8_29nominal.root
-rw-r--r-- 1 fsimpson gridusers 2508810 Apr 24 09:20 PairVLQ_x53x53_tWtW_narrow_RH_M900_TuneCP5_13TeV-madgraph-pythia8_2nominal.root
-rw-r--r-- 1 fsimpson gridusers 1260765 Apr 24 09:20 PairVLQ_x53x53_tWtW_narrow_RH_M900_TuneCP5_13TeV-madgraph-pythia8_30nominal.root
-rw-r--r-- 1 fsimpson gridusers 2707133 Apr 24 09:20 PairVLQ_x53x53_tWtW_narrow_RH_M900_TuneCP5_13TeV-madgraph-pythia8_31nominal.root
-rw-r--r-- 1 fsimpson gridusers 2734125 Apr 24 09:20 PairVLQ_x53x53_tWtW_narrow_RH_M900_TuneCP5_13TeV-madgraph-pythia8_32nominal.root
-rw-r--r-- 1 fsimpson gridusers 2515942 Apr 24 09:20 PairVLQ_x53x53_tWtW_narrow_RH_M900_TuneCP5_13TeV-madgraph-pythia8_33nominal.root
-rw-r--r-- 1 fsimpson gridusers 2713307 Apr 24 09:20 PairVLQ_x53x53_tWtW_narrow_RH_M900_TuneCP5_13TeV-madgraph-pythia8_34nominal.root
-rw-r--r-- 1 fsimpson gridusers 2531429 Apr 24 09:20 PairVLQ_x53x53_tWtW_narrow_RH_M900_TuneCP5_13TeV-madgraph-pythia8_35nominal.root
-rw-r--r-- 1 fsimpson gridusers 2563498 Apr 24 09:20 PairVLQ_x53x53_tWtW_narrow_RH_M900_TuneCP5_13TeV-madgraph-pythia8_36nominal.root
-rw-r--r-- 1 fsimpson gridusers 2595612 Apr 24 09:20 PairVLQ_x53x53_tWtW_narrow_RH_M900_TuneCP5_13TeV-madgraph-pythia8_37nominal.root
-rw-r--r-- 1 fsimpson gridusers 2656856 Apr 24 09:20 PairVLQ_x53x53_tWtW_narrow_RH_M900_TuneCP5_13TeV-madgraph-pythia8_38nominal.root
-rw-r--r-- 1 fsimpson gridusers 2553867 Apr 24 09:20 PairVLQ_x53x53_tWtW_narrow_RH_M900_TuneCP5_13TeV-madgraph-pythia8_39nominal.root
-rw-r--r-- 1 fsimpson gridusers 1374856 Apr 24 09:20 PairVLQ_x53x53_tWtW_narrow_RH_M900_TuneCP5_13TeV-madgraph-pythia8_3nominal.root
>> xrdcp output for condor
hadd Target file: PairVLQ_x53x53_tWtW_narrow_RH_M900_TuneCP5_13TeV-madgraph-pythia8_3nominal_hadd.root
hadd compression setting for all ouput: 1
hadd Source file 1: PairVLQ_x53x53_tWtW_narrow_RH_M900_TuneCP5_13TeV-madgraph-pythia8_153nominal.root
hadd Source file 2: PairVLQ_x53x53_tWtW_narrow_RH_M900_TuneCP5_13TeV-madgraph-pythia8_154nominal.root
hadd Source file 3: PairVLQ_x53x53_tWtW_narrow_RH_M900_TuneCP5_13TeV-madgraph-pythia8_155nominal.root
hadd Source file 4: PairVLQ_x53x53_tWtW_narrow_RH_M900_TuneCP5_13TeV-madgraph-pythia8_156nominal.root
hadd Source file 5: PairVLQ_x53x53_tWtW_narrow_RH_M900_TuneCP5_13TeV-madgraph-pythia8_16nominal.root
hadd Source file 6: PairVLQ_x53x53_tWtW_narrow_RH_M900_TuneCP5_13TeV-madgraph-pythia8_17nominal.root
hadd Source file 7: PairVLQ_x53x53_tWtW_narrow_RH_M900_TuneCP5_13TeV-madgraph-pythia8_18nominal.root
hadd Source file 8: PairVLQ_x53x53_tWtW_narrow_RH_M900_TuneCP5_13TeV-madgraph-pythia8_19nominal.root
hadd Source file 9: PairVLQ_x53x53_tWtW_narrow_RH_M900_TuneCP5_13TeV-madgraph-pythia8_20nominal.root
hadd Source file 10: PairVLQ_x53x53_tWtW_narrow_RH_M900_TuneCP5_13TeV-madgraph-pythia8_21nominal.root
hadd Source file 11: PairVLQ_x53x53_tWtW_narrow_RH_M900_TuneCP5_13TeV-madgraph-pythia8_22nominal.root
hadd Source file 12: PairVLQ_x53x53_tWtW_narrow_RH_M900_TuneCP5_13TeV-madgraph-pythia8_23nominal.root
hadd Source file 13: PairVLQ_x53x53_tWtW_narrow_RH_M900_TuneCP5_13TeV-madgraph-pythia8_24nominal.root
hadd Source file 14: PairVLQ_x53x53_tWtW_narrow_RH_M900_TuneCP5_13TeV-madgraph-pythia8_25nominal.root
hadd Source file 15: PairVLQ_x53x53_tWtW_narrow_RH_M900_TuneCP5_13TeV-madgraph-pythia8_26nominal.root
hadd Source file 16: PairVLQ_x53x53_tWtW_narrow_RH_M900_TuneCP5_13TeV-madgraph-pythia8_27nominal.root
hadd Source file 17: PairVLQ_x53x53_tWtW_narrow_RH_M900_TuneCP5_13TeV-madgraph-pythia8_28nominal.root
hadd Source file 18: PairVLQ_x53x53_tWtW_narrow_RH_M900_TuneCP5_13TeV-madgraph-pythia8_29nominal.root
hadd Source file 19: PairVLQ_x53x53_tWtW_narrow_RH_M900_TuneCP5_13TeV-madgraph-pythia8_2nominal.root
hadd Source file 20: PairVLQ_x53x53_tWtW_narrow_RH_M900_TuneCP5_13TeV-madgraph-pythia8_30nominal.root
hadd Source file 21: PairVLQ_x53x53_tWtW_narrow_RH_M900_TuneCP5_13TeV-madgraph-pythia8_31nominal.root
hadd Source file 22: PairVLQ_x53x53_tWtW_narrow_RH_M900_TuneCP5_13TeV-madgraph-pythia8_32nominal.root
hadd Source file 23: PairVLQ_x53x53_tWtW_narrow_RH_M900_TuneCP5_13TeV-madgraph-pythia8_33nominal.root
hadd Source file 24: PairVLQ_x53x53_tWtW_narrow_RH_M900_TuneCP5_13TeV-madgraph-pythia8_34nominal.root
hadd Source file 25: PairVLQ_x53x53_tWtW_narrow_RH_M900_TuneCP5_13TeV-madgraph-pythia8_35nominal.root
hadd Source file 26: PairVLQ_x53x53_tWtW_narrow_RH_M900_TuneCP5_13TeV-madgraph-pythia8_36nominal.root
hadd Source file 27: PairVLQ_x53x53_tWtW_narrow_RH_M900_TuneCP5_13TeV-madgraph-pythia8_37nominal.root
hadd Source file 28: PairVLQ_x53x53_tWtW_narrow_RH_M900_TuneCP5_13TeV-madgraph-pythia8_38nominal.root
hadd Source file 29: PairVLQ_x53x53_tWtW_narrow_RH_M900_TuneCP5_13TeV-madgraph-pythia8_39nominal.root
hadd Source file 30: PairVLQ_x53x53_tWtW_narrow_RH_M900_TuneCP5_13TeV-madgraph-pythia8_3nominal.root
hadd Target path: PairVLQ_x53x53_tWtW_narrow_RH_M900_TuneCP5_13TeV-madgraph-pythia8_3nominal_hadd.root:/
>> mv PairVLQ_x53x53_tWtW_narrow_RH_M900_TuneCP5_13TeV-madgraph-pythia8_3nominal_hadd.root /isilon/hadoop/store/group/bruxljm/FWLJMET106XUL_singleLep2017UL_RunIISummer20_X53X53_step1/nominal/PairVLQ_x53x53_tWtW_narrow_RH_M900_TuneCP5_13TeV-madgraph-pythia8/PairVLQ_x53x53_tWtW_narrow_RH_M900_TuneCP5_13TeV-madgraph-pythia8_3.root
[DONE]
