/isilon/condor/hep102.hep.brown.edu/execute/dir_219630
>> Setting macroDir to PWD

Processing compile_step1.C...
>> Running on BRUX, PairVLQ_x53x53_tWtW_narrow_RH_M1000_TuneCP5_13TeV-madgraph-pythia8 stored on BRUX
>> Input file path: /isilon/hadoop/store/group/bruxljm/FWLJMET106XUL_singleLep2017UL_RunIISummer20_X53X53/PairVLQ_x53x53_tWtW_narrow_RH_M1000_TuneCP5_13TeV-madgraph-pythia8/singleLep2017UL/230310_183629/0000
>> Running step1 over list: 71 72 73 74 75 76 77 78 79 8 80 81 82 83 84 85 86 87 88 89 9 90 91 92 93 94 95 96 97 98
>> Adding PairVLQ_x53x53_tWtW_narrow_RH_M1000_TuneCP5_13TeV-madgraph-pythia8_71.root to the list by reading PairVLQ_x53x53_tWtW_narrow_RH_M1000_TuneCP5_13TeV-madgraph-pythia8_71
>> Adding PairVLQ_x53x53_tWtW_narrow_RH_M1000_TuneCP5_13TeV-madgraph-pythia8_72.root to the list by reading PairVLQ_x53x53_tWtW_narrow_RH_M1000_TuneCP5_13TeV-madgraph-pythia8_72
>> Adding PairVLQ_x53x53_tWtW_narrow_RH_M1000_TuneCP5_13TeV-madgraph-pythia8_73.root to the list by reading PairVLQ_x53x53_tWtW_narrow_RH_M1000_TuneCP5_13TeV-madgraph-pythia8_73
>> Adding PairVLQ_x53x53_tWtW_narrow_RH_M1000_TuneCP5_13TeV-madgraph-pythia8_74.root to the list by reading PairVLQ_x53x53_tWtW_narrow_RH_M1000_TuneCP5_13TeV-madgraph-pythia8_74
>> Adding PairVLQ_x53x53_tWtW_narrow_RH_M1000_TuneCP5_13TeV-madgraph-pythia8_75.root to the list by reading PairVLQ_x53x53_tWtW_narrow_RH_M1000_TuneCP5_13TeV-madgraph-pythia8_75
>> Adding PairVLQ_x53x53_tWtW_narrow_RH_M1000_TuneCP5_13TeV-madgraph-pythia8_76.root to the list by reading PairVLQ_x53x53_tWtW_narrow_RH_M1000_TuneCP5_13TeV-madgraph-pythia8_76
>> Adding PairVLQ_x53x53_tWtW_narrow_RH_M1000_TuneCP5_13TeV-madgraph-pythia8_77.root to the list by reading PairVLQ_x53x53_tWtW_narrow_RH_M1000_TuneCP5_13TeV-madgraph-pythia8_77
>> Adding PairVLQ_x53x53_tWtW_narrow_RH_M1000_TuneCP5_13TeV-madgraph-pythia8_78.root to the list by reading PairVLQ_x53x53_tWtW_narrow_RH_M1000_TuneCP5_13TeV-madgraph-pythia8_78
>> Adding PairVLQ_x53x53_tWtW_narrow_RH_M1000_TuneCP5_13TeV-madgraph-pythia8_79.root to the list by reading PairVLQ_x53x53_tWtW_narrow_RH_M1000_TuneCP5_13TeV-madgraph-pythia8_79
>> Adding PairVLQ_x53x53_tWtW_narrow_RH_M1000_TuneCP5_13TeV-madgraph-pythia8_8.root to the list by reading PairVLQ_x53x53_tWtW_narrow_RH_M1000_TuneCP5_13TeV-madgraph-pythia8_8
>> Adding PairVLQ_x53x53_tWtW_narrow_RH_M1000_TuneCP5_13TeV-madgraph-pythia8_80.root to the list by reading PairVLQ_x53x53_tWtW_narrow_RH_M1000_TuneCP5_13TeV-madgraph-pythia8_80
>> Adding PairVLQ_x53x53_tWtW_narrow_RH_M1000_TuneCP5_13TeV-madgraph-pythia8_81.root to the list by reading PairVLQ_x53x53_tWtW_narrow_RH_M1000_TuneCP5_13TeV-madgraph-pythia8_81
>> Adding PairVLQ_x53x53_tWtW_narrow_RH_M1000_TuneCP5_13TeV-madgraph-pythia8_82.root to the list by reading PairVLQ_x53x53_tWtW_narrow_RH_M1000_TuneCP5_13TeV-madgraph-pythia8_82
>> Adding PairVLQ_x53x53_tWtW_narrow_RH_M1000_TuneCP5_13TeV-madgraph-pythia8_83.root to the list by reading PairVLQ_x53x53_tWtW_narrow_RH_M1000_TuneCP5_13TeV-madgraph-pythia8_83
>> Adding PairVLQ_x53x53_tWtW_narrow_RH_M1000_TuneCP5_13TeV-madgraph-pythia8_84.root to the list by reading PairVLQ_x53x53_tWtW_narrow_RH_M1000_TuneCP5_13TeV-madgraph-pythia8_84
>> Adding PairVLQ_x53x53_tWtW_narrow_RH_M1000_TuneCP5_13TeV-madgraph-pythia8_85.root to the list by reading PairVLQ_x53x53_tWtW_narrow_RH_M1000_TuneCP5_13TeV-madgraph-pythia8_85
>> Adding PairVLQ_x53x53_tWtW_narrow_RH_M1000_TuneCP5_13TeV-madgraph-pythia8_86.root to the list by reading PairVLQ_x53x53_tWtW_narrow_RH_M1000_TuneCP5_13TeV-madgraph-pythia8_86
>> Adding PairVLQ_x53x53_tWtW_narrow_RH_M1000_TuneCP5_13TeV-madgraph-pythia8_87.root to the list by reading PairVLQ_x53x53_tWtW_narrow_RH_M1000_TuneCP5_13TeV-madgraph-pythia8_87
>> Adding PairVLQ_x53x53_tWtW_narrow_RH_M1000_TuneCP5_13TeV-madgraph-pythia8_88.root to the list by reading PairVLQ_x53x53_tWtW_narrow_RH_M1000_TuneCP5_13TeV-madgraph-pythia8_88
>> Adding PairVLQ_x53x53_tWtW_narrow_RH_M1000_TuneCP5_13TeV-madgraph-pythia8_89.root to the list by reading PairVLQ_x53x53_tWtW_narrow_RH_M1000_TuneCP5_13TeV-madgraph-pythia8_89
>> Adding PairVLQ_x53x53_tWtW_narrow_RH_M1000_TuneCP5_13TeV-madgraph-pythia8_9.root to the list by reading PairVLQ_x53x53_tWtW_narrow_RH_M1000_TuneCP5_13TeV-madgraph-pythia8_9
>> Adding PairVLQ_x53x53_tWtW_narrow_RH_M1000_TuneCP5_13TeV-madgraph-pythia8_90.root to the list by reading PairVLQ_x53x53_tWtW_narrow_RH_M1000_TuneCP5_13TeV-madgraph-pythia8_90
>> Adding PairVLQ_x53x53_tWtW_narrow_RH_M1000_TuneCP5_13TeV-madgraph-pythia8_91.root to the list by reading PairVLQ_x53x53_tWtW_narrow_RH_M1000_TuneCP5_13TeV-madgraph-pythia8_91
>> Adding PairVLQ_x53x53_tWtW_narrow_RH_M1000_TuneCP5_13TeV-madgraph-pythia8_92.root to the list by reading PairVLQ_x53x53_tWtW_narrow_RH_M1000_TuneCP5_13TeV-madgraph-pythia8_92
>> Adding PairVLQ_x53x53_tWtW_narrow_RH_M1000_TuneCP5_13TeV-madgraph-pythia8_93.root to the list by reading PairVLQ_x53x53_tWtW_narrow_RH_M1000_TuneCP5_13TeV-madgraph-pythia8_93
>> Adding PairVLQ_x53x53_tWtW_narrow_RH_M1000_TuneCP5_13TeV-madgraph-pythia8_94.root to the list by reading PairVLQ_x53x53_tWtW_narrow_RH_M1000_TuneCP5_13TeV-madgraph-pythia8_94
>> Adding PairVLQ_x53x53_tWtW_narrow_RH_M1000_TuneCP5_13TeV-madgraph-pythia8_95.root to the list by reading PairVLQ_x53x53_tWtW_narrow_RH_M1000_TuneCP5_13TeV-madgraph-pythia8_95
>> Adding PairVLQ_x53x53_tWtW_narrow_RH_M1000_TuneCP5_13TeV-madgraph-pythia8_96.root to the list by reading PairVLQ_x53x53_tWtW_narrow_RH_M1000_TuneCP5_13TeV-madgraph-pythia8_96
>> Adding PairVLQ_x53x53_tWtW_narrow_RH_M1000_TuneCP5_13TeV-madgraph-pythia8_97.root to the list by reading PairVLQ_x53x53_tWtW_narrow_RH_M1000_TuneCP5_13TeV-madgraph-pythia8_97
>> Adding PairVLQ_x53x53_tWtW_narrow_RH_M1000_TuneCP5_13TeV-madgraph-pythia8_98.root to the list by reading PairVLQ_x53x53_tWtW_narrow_RH_M1000_TuneCP5_13TeV-madgraph-pythia8_98
[OPT] Using deepCSV reshaping file: reshaping_deepCSV_106XUL17_v4.csv
[OPT] Using deepJet reshaping file: reshaping_deepJet_106XUL17_v4.csv

>> Running /isilon/hadoop/store/group/bruxljm/FWLJMET106XUL_singleLep2017UL_RunIISummer20_X53X53/PairVLQ_x53x53_tWtW_narrow_RH_M1000_TuneCP5_13TeV-madgraph-pythia8/singleLep2017UL/230310_183629/0000/PairVLQ_x53x53_tWtW_narrow_RH_M1000_TuneCP5_13TeV-madgraph-pythia8_71.root for shift: nominal
[step1.h] Opening file: /isilon/hadoop/store/group/bruxljm/FWLJMET106XUL_singleLep2017UL_RunIISummer20_X53X53/PairVLQ_x53x53_tWtW_narrow_RH_M1000_TuneCP5_13TeV-madgraph-pythia8/singleLep2017UL/230310_183629/0000/PairVLQ_x53x53_tWtW_narrow_RH_M1000_TuneCP5_13TeV-madgraph-pythia8_71.root
[step1.h] Finished initializing
RUN CONFIG: YEAR = 2017
Era = 
isMC = 1, isSig = 1, SigMass = 3
isHad =0, isSE =0, isSM =0
isTTTT = 0, isXX = 1, isTpTp = 0, isBpBp = 0
For W's: isTT = 0, isSTt = 0, isSTtW = 0
For jets & PDF: isTOP = 0, isMadgraphBkg = 1
For HOTTagger Efficiencies: isTTV = 0, isTTHbb = 0, isTTHnonbb = 0, isTTTX = 0
isTTVV = 0, isST = 0, isTTToSemiLeptonHT500Njet9 = 0
Pileup sample key: PairVLQ_x53x53_tWtW_narrow_RH_M1000_TuneCP5_13TeV-madgraph-pythia8
b-tagging working points: 0.304(DeepJet)0.4506(DeepCSV)
isTTincMtt0to700: 0
isTTincMtt0to1000: 0
isTTincMtt700to1000: 0
isTTincMtt1000toInf: 0
isTTSemilepIncHT0Njet0: 0
isTTSemilepIncHT500Njet9: 0
outTTLF: 0
outTTCC: 0
outTTBB: 0
outTT1B: 0
outTT2B: 0
>> Completed 0 out of 1026 events
[INFO] Defaulting to central deepJet weight for: nominal
>> Completed 1000 out of 1026 events
Nelectrons      = 518 / 1026
Npassed_ElEta   = 518 / 1026
Nmuons          = 508 / 1026
NrelIsoFail     = 0 / 1026
Npassed_MuEta   = 508 / 1026
Npassed_nAK8Jets= 1026 / 1026
Npassed_Trigger = 988 / 1026
Npassed_MET     = 859 / 1026
Npassed_lepPt   = 911 / 1026
Npassed_HT      = 1025 / 1026
npass_Njets     = 1024 / 1026
Npassed_ALL     = 762 / 1026

>> Running /isilon/hadoop/store/group/bruxljm/FWLJMET106XUL_singleLep2017UL_RunIISummer20_X53X53/PairVLQ_x53x53_tWtW_narrow_RH_M1000_TuneCP5_13TeV-madgraph-pythia8/singleLep2017UL/230310_183629/0000/PairVLQ_x53x53_tWtW_narrow_RH_M1000_TuneCP5_13TeV-madgraph-pythia8_72.root for shift: nominal
[step1.h] Opening file: /isilon/hadoop/store/group/bruxljm/FWLJMET106XUL_singleLep2017UL_RunIISummer20_X53X53/PairVLQ_x53x53_tWtW_narrow_RH_M1000_TuneCP5_13TeV-madgraph-pythia8/singleLep2017UL/230310_183629/0000/PairVLQ_x53x53_tWtW_narrow_RH_M1000_TuneCP5_13TeV-madgraph-pythia8_72.root
[step1.h] Finished initializing
RUN CONFIG: YEAR = 2017
Era = 
isMC = 1, isSig = 1, SigMass = 3
isHad =0, isSE =0, isSM =0
isTTTT = 0, isXX = 1, isTpTp = 0, isBpBp = 0
For W's: isTT = 0, isSTt = 0, isSTtW = 0
For jets & PDF: isTOP = 0, isMadgraphBkg = 1
For HOTTagger Efficiencies: isTTV = 0, isTTHbb = 0, isTTHnonbb = 0, isTTTX = 0
isTTVV = 0, isST = 0, isTTToSemiLeptonHT500Njet9 = 0
Pileup sample key: PairVLQ_x53x53_tWtW_narrow_RH_M1000_TuneCP5_13TeV-madgraph-pythia8
b-tagging working points: 0.304(DeepJet)0.4506(DeepCSV)
isTTincMtt0to700: 0
isTTincMtt0to1000: 0
isTTincMtt700to1000: 0
isTTincMtt1000toInf: 0
isTTSemilepIncHT0Njet0: 0
isTTSemilepIncHT500Njet9: 0
outTTLF: 0
outTTCC: 0
outTTBB: 0
outTT1B: 0
outTT2B: 0
>> Completed 0 out of 1071 events
[INFO] Defaulting to central deepJet weight for: nominal
>> Completed 1000 out of 1071 events
Nelectrons      = 499 / 1071
Npassed_ElEta   = 499 / 1071
Nmuons          = 572 / 1071
NrelIsoFail     = 0 / 1071
Npassed_MuEta   = 572 / 1071
Npassed_nAK8Jets= 1071 / 1071
Npassed_Trigger = 1031 / 1071
Npassed_MET     = 897 / 1071
Npassed_lepPt   = 935 / 1071
Npassed_HT      = 1067 / 1071
npass_Njets     = 1066 / 1071
Npassed_ALL     = 778 / 1071

>> Running /isilon/hadoop/store/group/bruxljm/FWLJMET106XUL_singleLep2017UL_RunIISummer20_X53X53/PairVLQ_x53x53_tWtW_narrow_RH_M1000_TuneCP5_13TeV-madgraph-pythia8/singleLep2017UL/230310_183629/0000/PairVLQ_x53x53_tWtW_narrow_RH_M1000_TuneCP5_13TeV-madgraph-pythia8_73.root for shift: nominal
[step1.h] Opening file: /isilon/hadoop/store/group/bruxljm/FWLJMET106XUL_singleLep2017UL_RunIISummer20_X53X53/PairVLQ_x53x53_tWtW_narrow_RH_M1000_TuneCP5_13TeV-madgraph-pythia8/singleLep2017UL/230310_183629/0000/PairVLQ_x53x53_tWtW_narrow_RH_M1000_TuneCP5_13TeV-madgraph-pythia8_73.root
[step1.h] Finished initializing
RUN CONFIG: YEAR = 2017
Era = 
isMC = 1, isSig = 1, SigMass = 3
isHad =0, isSE =0, isSM =0
isTTTT = 0, isXX = 1, isTpTp = 0, isBpBp = 0
For W's: isTT = 0, isSTt = 0, isSTtW = 0
For jets & PDF: isTOP = 0, isMadgraphBkg = 1
For HOTTagger Efficiencies: isTTV = 0, isTTHbb = 0, isTTHnonbb = 0, isTTTX = 0
isTTVV = 0, isST = 0, isTTToSemiLeptonHT500Njet9 = 0
Pileup sample key: PairVLQ_x53x53_tWtW_narrow_RH_M1000_TuneCP5_13TeV-madgraph-pythia8
b-tagging working points: 0.304(DeepJet)0.4506(DeepCSV)
isTTincMtt0to700: 0
isTTincMtt0to1000: 0
isTTincMtt700to1000: 0
isTTincMtt1000toInf: 0
isTTSemilepIncHT0Njet0: 0
isTTSemilepIncHT500Njet9: 0
outTTLF: 0
outTTCC: 0
outTTBB: 0
outTT1B: 0
outTT2B: 0
>> Completed 0 out of 1036 events
[INFO] Defaulting to central deepJet weight for: nominal
>> Completed 1000 out of 1036 events
Nelectrons      = 479 / 1036
Npassed_ElEta   = 479 / 1036
Nmuons          = 557 / 1036
NrelIsoFail     = 0 / 1036
Npassed_MuEta   = 557 / 1036
Npassed_nAK8Jets= 1036 / 1036
Npassed_Trigger = 1001 / 1036
Npassed_MET     = 860 / 1036
Npassed_lepPt   = 928 / 1036
Npassed_HT      = 1029 / 1036
npass_Njets     = 1032 / 1036
Npassed_ALL     = 758 / 1036

>> Running /isilon/hadoop/store/group/bruxljm/FWLJMET106XUL_singleLep2017UL_RunIISummer20_X53X53/PairVLQ_x53x53_tWtW_narrow_RH_M1000_TuneCP5_13TeV-madgraph-pythia8/singleLep2017UL/230310_183629/0000/PairVLQ_x53x53_tWtW_narrow_RH_M1000_TuneCP5_13TeV-madgraph-pythia8_74.root for shift: nominal
[step1.h] Opening file: /isilon/hadoop/store/group/bruxljm/FWLJMET106XUL_singleLep2017UL_RunIISummer20_X53X53/PairVLQ_x53x53_tWtW_narrow_RH_M1000_TuneCP5_13TeV-madgraph-pythia8/singleLep2017UL/230310_183629/0000/PairVLQ_x53x53_tWtW_narrow_RH_M1000_TuneCP5_13TeV-madgraph-pythia8_74.root
[step1.h] Finished initializing
RUN CONFIG: YEAR = 2017
Era = 
isMC = 1, isSig = 1, SigMass = 3
isHad =0, isSE =0, isSM =0
isTTTT = 0, isXX = 1, isTpTp = 0, isBpBp = 0
For W's: isTT = 0, isSTt = 0, isSTtW = 0
For jets & PDF: isTOP = 0, isMadgraphBkg = 1
For HOTTagger Efficiencies: isTTV = 0, isTTHbb = 0, isTTHnonbb = 0, isTTTX = 0
isTTVV = 0, isST = 0, isTTToSemiLeptonHT500Njet9 = 0
Pileup sample key: PairVLQ_x53x53_tWtW_narrow_RH_M1000_TuneCP5_13TeV-madgraph-pythia8
b-tagging working points: 0.304(DeepJet)0.4506(DeepCSV)
isTTincMtt0to700: 0
isTTincMtt0to1000: 0
isTTincMtt700to1000: 0
isTTincMtt1000toInf: 0
isTTSemilepIncHT0Njet0: 0
isTTSemilepIncHT500Njet9: 0
outTTLF: 0
outTTCC: 0
outTTBB: 0
outTT1B: 0
outTT2B: 0
>> Completed 0 out of 1047 events
[INFO] Defaulting to central deepJet weight for: nominal
>> Completed 1000 out of 1047 events
Nelectrons      = 488 / 1047
Npassed_ElEta   = 488 / 1047
Nmuons          = 559 / 1047
NrelIsoFail     = 0 / 1047
Npassed_MuEta   = 559 / 1047
Npassed_nAK8Jets= 1047 / 1047
Npassed_Trigger = 1009 / 1047
Npassed_MET     = 899 / 1047
Npassed_lepPt   = 934 / 1047
Npassed_HT      = 1039 / 1047
npass_Njets     = 1042 / 1047
Npassed_ALL     = 789 / 1047

>> Running /isilon/hadoop/store/group/bruxljm/FWLJMET106XUL_singleLep2017UL_RunIISummer20_X53X53/PairVLQ_x53x53_tWtW_narrow_RH_M1000_TuneCP5_13TeV-madgraph-pythia8/singleLep2017UL/230310_183629/0000/PairVLQ_x53x53_tWtW_narrow_RH_M1000_TuneCP5_13TeV-madgraph-pythia8_75.root for shift: nominal
[step1.h] Opening file: /isilon/hadoop/store/group/bruxljm/FWLJMET106XUL_singleLep2017UL_RunIISummer20_X53X53/PairVLQ_x53x53_tWtW_narrow_RH_M1000_TuneCP5_13TeV-madgraph-pythia8/singleLep2017UL/230310_183629/0000/PairVLQ_x53x53_tWtW_narrow_RH_M1000_TuneCP5_13TeV-madgraph-pythia8_75.root
[step1.h] Finished initializing
RUN CONFIG: YEAR = 2017
Era = 
isMC = 1, isSig = 1, SigMass = 3
isHad =0, isSE =0, isSM =0
isTTTT = 0, isXX = 1, isTpTp = 0, isBpBp = 0
For W's: isTT = 0, isSTt = 0, isSTtW = 0
For jets & PDF: isTOP = 0, isMadgraphBkg = 1
For HOTTagger Efficiencies: isTTV = 0, isTTHbb = 0, isTTHnonbb = 0, isTTTX = 0
isTTVV = 0, isST = 0, isTTToSemiLeptonHT500Njet9 = 0
Pileup sample key: PairVLQ_x53x53_tWtW_narrow_RH_M1000_TuneCP5_13TeV-madgraph-pythia8
b-tagging working points: 0.304(DeepJet)0.4506(DeepCSV)
isTTincMtt0to700: 0
isTTincMtt0to1000: 0
isTTincMtt700to1000: 0
isTTincMtt1000toInf: 0
isTTSemilepIncHT0Njet0: 0
isTTSemilepIncHT500Njet9: 0
outTTLF: 0
outTTCC: 0
outTTBB: 0
outTT1B: 0
outTT2B: 0
>> Completed 0 out of 1048 events
[INFO] Defaulting to central deepJet weight for: nominal
>> Completed 1000 out of 1048 events
Nelectrons      = 490 / 1048
Npassed_ElEta   = 490 / 1048
Nmuons          = 558 / 1048
NrelIsoFail     = 0 / 1048
Npassed_MuEta   = 558 / 1048
Npassed_nAK8Jets= 1048 / 1048
Npassed_Trigger = 1006 / 1048
Npassed_MET     = 888 / 1048
Npassed_lepPt   = 913 / 1048
Npassed_HT      = 1042 / 1048
npass_Njets     = 1045 / 1048
Npassed_ALL     = 762 / 1048

>> Running /isilon/hadoop/store/group/bruxljm/FWLJMET106XUL_singleLep2017UL_RunIISummer20_X53X53/PairVLQ_x53x53_tWtW_narrow_RH_M1000_TuneCP5_13TeV-madgraph-pythia8/singleLep2017UL/230310_183629/0000/PairVLQ_x53x53_tWtW_narrow_RH_M1000_TuneCP5_13TeV-madgraph-pythia8_76.root for shift: nominal
[step1.h] Opening file: /isilon/hadoop/store/group/bruxljm/FWLJMET106XUL_singleLep2017UL_RunIISummer20_X53X53/PairVLQ_x53x53_tWtW_narrow_RH_M1000_TuneCP5_13TeV-madgraph-pythia8/singleLep2017UL/230310_183629/0000/PairVLQ_x53x53_tWtW_narrow_RH_M1000_TuneCP5_13TeV-madgraph-pythia8_76.root
[step1.h] Finished initializing
RUN CONFIG: YEAR = 2017
Era = 
isMC = 1, isSig = 1, SigMass = 3
isHad =0, isSE =0, isSM =0
isTTTT = 0, isXX = 1, isTpTp = 0, isBpBp = 0
For W's: isTT = 0, isSTt = 0, isSTtW = 0
For jets & PDF: isTOP = 0, isMadgraphBkg = 1
For HOTTagger Efficiencies: isTTV = 0, isTTHbb = 0, isTTHnonbb = 0, isTTTX = 0
isTTVV = 0, isST = 0, isTTToSemiLeptonHT500Njet9 = 0
Pileup sample key: PairVLQ_x53x53_tWtW_narrow_RH_M1000_TuneCP5_13TeV-madgraph-pythia8
b-tagging working points: 0.304(DeepJet)0.4506(DeepCSV)
isTTincMtt0to700: 0
isTTincMtt0to1000: 0
isTTincMtt700to1000: 0
isTTincMtt1000toInf: 0
isTTSemilepIncHT0Njet0: 0
isTTSemilepIncHT500Njet9: 0
outTTLF: 0
outTTCC: 0
outTTBB: 0
outTT1B: 0
outTT2B: 0
>> Completed 0 out of 1025 events
[INFO] Defaulting to central deepJet weight for: nominal
>> Completed 1000 out of 1025 events
Nelectrons      = 447 / 1025
Npassed_ElEta   = 447 / 1025
Nmuons          = 578 / 1025
NrelIsoFail     = 0 / 1025
Npassed_MuEta   = 578 / 1025
Npassed_nAK8Jets= 1025 / 1025
Npassed_Trigger = 991 / 1025
Npassed_MET     = 860 / 1025
Npassed_lepPt   = 906 / 1025
Npassed_HT      = 1021 / 1025
npass_Njets     = 1017 / 1025
Npassed_ALL     = 743 / 1025

>> Running /isilon/hadoop/store/group/bruxljm/FWLJMET106XUL_singleLep2017UL_RunIISummer20_X53X53/PairVLQ_x53x53_tWtW_narrow_RH_M1000_TuneCP5_13TeV-madgraph-pythia8/singleLep2017UL/230310_183629/0000/PairVLQ_x53x53_tWtW_narrow_RH_M1000_TuneCP5_13TeV-madgraph-pythia8_77.root for shift: nominal
[step1.h] Opening file: /isilon/hadoop/store/group/bruxljm/FWLJMET106XUL_singleLep2017UL_RunIISummer20_X53X53/PairVLQ_x53x53_tWtW_narrow_RH_M1000_TuneCP5_13TeV-madgraph-pythia8/singleLep2017UL/230310_183629/0000/PairVLQ_x53x53_tWtW_narrow_RH_M1000_TuneCP5_13TeV-madgraph-pythia8_77.root
[step1.h] Finished initializing
RUN CONFIG: YEAR = 2017
Era = 
isMC = 1, isSig = 1, SigMass = 3
isHad =0, isSE =0, isSM =0
isTTTT = 0, isXX = 1, isTpTp = 0, isBpBp = 0
For W's: isTT = 0, isSTt = 0, isSTtW = 0
For jets & PDF: isTOP = 0, isMadgraphBkg = 1
For HOTTagger Efficiencies: isTTV = 0, isTTHbb = 0, isTTHnonbb = 0, isTTTX = 0
isTTVV = 0, isST = 0, isTTToSemiLeptonHT500Njet9 = 0
Pileup sample key: PairVLQ_x53x53_tWtW_narrow_RH_M1000_TuneCP5_13TeV-madgraph-pythia8
b-tagging working points: 0.304(DeepJet)0.4506(DeepCSV)
isTTincMtt0to700: 0
isTTincMtt0to1000: 0
isTTincMtt700to1000: 0
isTTincMtt1000toInf: 0
isTTSemilepIncHT0Njet0: 0
isTTSemilepIncHT500Njet9: 0
outTTLF: 0
outTTCC: 0
outTTBB: 0
outTT1B: 0
outTT2B: 0
>> Completed 0 out of 1070 events
[INFO] Defaulting to central deepJet weight for: nominal
>> Completed 1000 out of 1070 events
Nelectrons      = 487 / 1070
Npassed_ElEta   = 487 / 1070
Nmuons          = 583 / 1070
NrelIsoFail     = 0 / 1070
Npassed_MuEta   = 583 / 1070
Npassed_nAK8Jets= 1070 / 1070
Npassed_Trigger = 1031 / 1070
Npassed_MET     = 907 / 1070
Npassed_lepPt   = 946 / 1070
Npassed_HT      = 1062 / 1070
npass_Njets     = 1067 / 1070
Npassed_ALL     = 792 / 1070

>> Running /isilon/hadoop/store/group/bruxljm/FWLJMET106XUL_singleLep2017UL_RunIISummer20_X53X53/PairVLQ_x53x53_tWtW_narrow_RH_M1000_TuneCP5_13TeV-madgraph-pythia8/singleLep2017UL/230310_183629/0000/PairVLQ_x53x53_tWtW_narrow_RH_M1000_TuneCP5_13TeV-madgraph-pythia8_78.root for shift: nominal
[step1.h] Opening file: /isilon/hadoop/store/group/bruxljm/FWLJMET106XUL_singleLep2017UL_RunIISummer20_X53X53/PairVLQ_x53x53_tWtW_narrow_RH_M1000_TuneCP5_13TeV-madgraph-pythia8/singleLep2017UL/230310_183629/0000/PairVLQ_x53x53_tWtW_narrow_RH_M1000_TuneCP5_13TeV-madgraph-pythia8_78.root
[step1.h] Finished initializing
RUN CONFIG: YEAR = 2017
Era = 
isMC = 1, isSig = 1, SigMass = 3
isHad =0, isSE =0, isSM =0
isTTTT = 0, isXX = 1, isTpTp = 0, isBpBp = 0
For W's: isTT = 0, isSTt = 0, isSTtW = 0
For jets & PDF: isTOP = 0, isMadgraphBkg = 1
For HOTTagger Efficiencies: isTTV = 0, isTTHbb = 0, isTTHnonbb = 0, isTTTX = 0
isTTVV = 0, isST = 0, isTTToSemiLeptonHT500Njet9 = 0
Pileup sample key: PairVLQ_x53x53_tWtW_narrow_RH_M1000_TuneCP5_13TeV-madgraph-pythia8
b-tagging working points: 0.304(DeepJet)0.4506(DeepCSV)
isTTincMtt0to700: 0
isTTincMtt0to1000: 0
isTTincMtt700to1000: 0
isTTincMtt1000toInf: 0
isTTSemilepIncHT0Njet0: 0
isTTSemilepIncHT500Njet9: 0
outTTLF: 0
outTTCC: 0
outTTBB: 0
outTT1B: 0
outTT2B: 0
>> Completed 0 out of 1051 events
[INFO] Defaulting to central deepJet weight for: nominal
>> Completed 1000 out of 1051 events
Nelectrons      = 492 / 1051
Npassed_ElEta   = 492 / 1051
Nmuons          = 559 / 1051
NrelIsoFail     = 0 / 1051
Npassed_MuEta   = 559 / 1051
Npassed_nAK8Jets= 1051 / 1051
Npassed_Trigger = 1008 / 1051
Npassed_MET     = 899 / 1051
Npassed_lepPt   = 917 / 1051
Npassed_HT      = 1045 / 1051
npass_Njets     = 1046 / 1051
Npassed_ALL     = 767 / 1051

>> Running /isilon/hadoop/store/group/bruxljm/FWLJMET106XUL_singleLep2017UL_RunIISummer20_X53X53/PairVLQ_x53x53_tWtW_narrow_RH_M1000_TuneCP5_13TeV-madgraph-pythia8/singleLep2017UL/230310_183629/0000/PairVLQ_x53x53_tWtW_narrow_RH_M1000_TuneCP5_13TeV-madgraph-pythia8_79.root for shift: nominal
[step1.h] Opening file: /isilon/hadoop/store/group/bruxljm/FWLJMET106XUL_singleLep2017UL_RunIISummer20_X53X53/PairVLQ_x53x53_tWtW_narrow_RH_M1000_TuneCP5_13TeV-madgraph-pythia8/singleLep2017UL/230310_183629/0000/PairVLQ_x53x53_tWtW_narrow_RH_M1000_TuneCP5_13TeV-madgraph-pythia8_79.root
[step1.h] Finished initializing
RUN CONFIG: YEAR = 2017
Era = 
isMC = 1, isSig = 1, SigMass = 3
isHad =0, isSE =0, isSM =0
isTTTT = 0, isXX = 1, isTpTp = 0, isBpBp = 0
For W's: isTT = 0, isSTt = 0, isSTtW = 0
For jets & PDF: isTOP = 0, isMadgraphBkg = 1
For HOTTagger Efficiencies: isTTV = 0, isTTHbb = 0, isTTHnonbb = 0, isTTTX = 0
isTTVV = 0, isST = 0, isTTToSemiLeptonHT500Njet9 = 0
Pileup sample key: PairVLQ_x53x53_tWtW_narrow_RH_M1000_TuneCP5_13TeV-madgraph-pythia8
b-tagging working points: 0.304(DeepJet)0.4506(DeepCSV)
isTTincMtt0to700: 0
isTTincMtt0to1000: 0
isTTincMtt700to1000: 0
isTTincMtt1000toInf: 0
isTTSemilepIncHT0Njet0: 0
isTTSemilepIncHT500Njet9: 0
outTTLF: 0
outTTCC: 0
outTTBB: 0
outTT1B: 0
outTT2B: 0
>> Completed 0 out of 545 events
[INFO] Defaulting to central deepJet weight for: nominal
Nelectrons      = 249 / 545
Npassed_ElEta   = 249 / 545
Nmuons          = 296 / 545
NrelIsoFail     = 0 / 545
Npassed_MuEta   = 296 / 545
Npassed_nAK8Jets= 545 / 545
Npassed_Trigger = 527 / 545
Npassed_MET     = 464 / 545
Npassed_lepPt   = 478 / 545
Npassed_HT      = 542 / 545
npass_Njets     = 544 / 545
Npassed_ALL     = 399 / 545

>> Running /isilon/hadoop/store/group/bruxljm/FWLJMET106XUL_singleLep2017UL_RunIISummer20_X53X53/PairVLQ_x53x53_tWtW_narrow_RH_M1000_TuneCP5_13TeV-madgraph-pythia8/singleLep2017UL/230310_183629/0000/PairVLQ_x53x53_tWtW_narrow_RH_M1000_TuneCP5_13TeV-madgraph-pythia8_8.root for shift: nominal
[step1.h] Opening file: /isilon/hadoop/store/group/bruxljm/FWLJMET106XUL_singleLep2017UL_RunIISummer20_X53X53/PairVLQ_x53x53_tWtW_narrow_RH_M1000_TuneCP5_13TeV-madgraph-pythia8/singleLep2017UL/230310_183629/0000/PairVLQ_x53x53_tWtW_narrow_RH_M1000_TuneCP5_13TeV-madgraph-pythia8_8.root
[step1.h] Finished initializing
RUN CONFIG: YEAR = 2017
Era = 
isMC = 1, isSig = 1, SigMass = 3
isHad =0, isSE =0, isSM =0
isTTTT = 0, isXX = 1, isTpTp = 0, isBpBp = 0
For W's: isTT = 0, isSTt = 0, isSTtW = 0
For jets & PDF: isTOP = 0, isMadgraphBkg = 1
For HOTTagger Efficiencies: isTTV = 0, isTTHbb = 0, isTTHnonbb = 0, isTTTX = 0
isTTVV = 0, isST = 0, isTTToSemiLeptonHT500Njet9 = 0
Pileup sample key: PairVLQ_x53x53_tWtW_narrow_RH_M1000_TuneCP5_13TeV-madgraph-pythia8
b-tagging working points: 0.304(DeepJet)0.4506(DeepCSV)
isTTincMtt0to700: 0
isTTincMtt0to1000: 0
isTTincMtt700to1000: 0
isTTincMtt1000toInf: 0
isTTSemilepIncHT0Njet0: 0
isTTSemilepIncHT500Njet9: 0
outTTLF: 0
outTTCC: 0
outTTBB: 0
outTT1B: 0
outTT2B: 0
>> Completed 0 out of 1042 events
[INFO] Defaulting to central deepJet weight for: nominal
>> Completed 1000 out of 1042 events
Nelectrons      = 490 / 1042
Npassed_ElEta   = 490 / 1042
Nmuons          = 552 / 1042
NrelIsoFail     = 0 / 1042
Npassed_MuEta   = 552 / 1042
Npassed_nAK8Jets= 1042 / 1042
Npassed_Trigger = 1011 / 1042
Npassed_MET     = 895 / 1042
Npassed_lepPt   = 931 / 1042
Npassed_HT      = 1040 / 1042
npass_Njets     = 1038 / 1042
Npassed_ALL     = 788 / 1042

>> Running /isilon/hadoop/store/group/bruxljm/FWLJMET106XUL_singleLep2017UL_RunIISummer20_X53X53/PairVLQ_x53x53_tWtW_narrow_RH_M1000_TuneCP5_13TeV-madgraph-pythia8/singleLep2017UL/230310_183629/0000/PairVLQ_x53x53_tWtW_narrow_RH_M1000_TuneCP5_13TeV-madgraph-pythia8_80.root for shift: nominal
[step1.h] Opening file: /isilon/hadoop/store/group/bruxljm/FWLJMET106XUL_singleLep2017UL_RunIISummer20_X53X53/PairVLQ_x53x53_tWtW_narrow_RH_M1000_TuneCP5_13TeV-madgraph-pythia8/singleLep2017UL/230310_183629/0000/PairVLQ_x53x53_tWtW_narrow_RH_M1000_TuneCP5_13TeV-madgraph-pythia8_80.root
[step1.h] Finished initializing
RUN CONFIG: YEAR = 2017
Era = 
isMC = 1, isSig = 1, SigMass = 3
isHad =0, isSE =0, isSM =0
isTTTT = 0, isXX = 1, isTpTp = 0, isBpBp = 0
For W's: isTT = 0, isSTt = 0, isSTtW = 0
For jets & PDF: isTOP = 0, isMadgraphBkg = 1
For HOTTagger Efficiencies: isTTV = 0, isTTHbb = 0, isTTHnonbb = 0, isTTTX = 0
isTTVV = 0, isST = 0, isTTToSemiLeptonHT500Njet9 = 0
Pileup sample key: PairVLQ_x53x53_tWtW_narrow_RH_M1000_TuneCP5_13TeV-madgraph-pythia8
b-tagging working points: 0.304(DeepJet)0.4506(DeepCSV)
isTTincMtt0to700: 0
isTTincMtt0to1000: 0
isTTincMtt700to1000: 0
isTTincMtt1000toInf: 0
isTTSemilepIncHT0Njet0: 0
isTTSemilepIncHT500Njet9: 0
outTTLF: 0
outTTCC: 0
outTTBB: 0
outTT1B: 0
outTT2B: 0
>> Completed 0 out of 1019 events
[INFO] Defaulting to central deepJet weight for: nominal
>> Completed 1000 out of 1019 events
Nelectrons      = 484 / 1019
Npassed_ElEta   = 484 / 1019
Nmuons          = 535 / 1019
NrelIsoFail     = 0 / 1019
Npassed_MuEta   = 535 / 1019
Npassed_nAK8Jets= 1019 / 1019
Npassed_Trigger = 979 / 1019
Npassed_MET     = 864 / 1019
Npassed_lepPt   = 893 / 1019
Npassed_HT      = 1013 / 1019
npass_Njets     = 1017 / 1019
Npassed_ALL     = 753 / 1019

>> Running /isilon/hadoop/store/group/bruxljm/FWLJMET106XUL_singleLep2017UL_RunIISummer20_X53X53/PairVLQ_x53x53_tWtW_narrow_RH_M1000_TuneCP5_13TeV-madgraph-pythia8/singleLep2017UL/230310_183629/0000/PairVLQ_x53x53_tWtW_narrow_RH_M1000_TuneCP5_13TeV-madgraph-pythia8_81.root for shift: nominal
[step1.h] Opening file: /isilon/hadoop/store/group/bruxljm/FWLJMET106XUL_singleLep2017UL_RunIISummer20_X53X53/PairVLQ_x53x53_tWtW_narrow_RH_M1000_TuneCP5_13TeV-madgraph-pythia8/singleLep2017UL/230310_183629/0000/PairVLQ_x53x53_tWtW_narrow_RH_M1000_TuneCP5_13TeV-madgraph-pythia8_81.root
[step1.h] Finished initializing
RUN CONFIG: YEAR = 2017
Era = 
isMC = 1, isSig = 1, SigMass = 3
isHad =0, isSE =0, isSM =0
isTTTT = 0, isXX = 1, isTpTp = 0, isBpBp = 0
For W's: isTT = 0, isSTt = 0, isSTtW = 0
For jets & PDF: isTOP = 0, isMadgraphBkg = 1
For HOTTagger Efficiencies: isTTV = 0, isTTHbb = 0, isTTHnonbb = 0, isTTTX = 0
isTTVV = 0, isST = 0, isTTToSemiLeptonHT500Njet9 = 0
Pileup sample key: PairVLQ_x53x53_tWtW_narrow_RH_M1000_TuneCP5_13TeV-madgraph-pythia8
b-tagging working points: 0.304(DeepJet)0.4506(DeepCSV)
isTTincMtt0to700: 0
isTTincMtt0to1000: 0
isTTincMtt700to1000: 0
isTTincMtt1000toInf: 0
isTTSemilepIncHT0Njet0: 0
isTTSemilepIncHT500Njet9: 0
outTTLF: 0
outTTCC: 0
outTTBB: 0
outTT1B: 0
outTT2B: 0
>> Completed 0 out of 1059 events
[INFO] Defaulting to central deepJet weight for: nominal
>> Completed 1000 out of 1059 events
Nelectrons      = 504 / 1059
Npassed_ElEta   = 504 / 1059
Nmuons          = 555 / 1059
NrelIsoFail     = 0 / 1059
Npassed_MuEta   = 555 / 1059
Npassed_nAK8Jets= 1059 / 1059
Npassed_Trigger = 1033 / 1059
Npassed_MET     = 902 / 1059
Npassed_lepPt   = 917 / 1059
Npassed_HT      = 1051 / 1059
npass_Njets     = 1054 / 1059
Npassed_ALL     = 768 / 1059

>> Running /isilon/hadoop/store/group/bruxljm/FWLJMET106XUL_singleLep2017UL_RunIISummer20_X53X53/PairVLQ_x53x53_tWtW_narrow_RH_M1000_TuneCP5_13TeV-madgraph-pythia8/singleLep2017UL/230310_183629/0000/PairVLQ_x53x53_tWtW_narrow_RH_M1000_TuneCP5_13TeV-madgraph-pythia8_82.root for shift: nominal
[step1.h] Opening file: /isilon/hadoop/store/group/bruxljm/FWLJMET106XUL_singleLep2017UL_RunIISummer20_X53X53/PairVLQ_x53x53_tWtW_narrow_RH_M1000_TuneCP5_13TeV-madgraph-pythia8/singleLep2017UL/230310_183629/0000/PairVLQ_x53x53_tWtW_narrow_RH_M1000_TuneCP5_13TeV-madgraph-pythia8_82.root
[step1.h] Finished initializing
RUN CONFIG: YEAR = 2017
Era = 
isMC = 1, isSig = 1, SigMass = 3
isHad =0, isSE =0, isSM =0
isTTTT = 0, isXX = 1, isTpTp = 0, isBpBp = 0
For W's: isTT = 0, isSTt = 0, isSTtW = 0
For jets & PDF: isTOP = 0, isMadgraphBkg = 1
For HOTTagger Efficiencies: isTTV = 0, isTTHbb = 0, isTTHnonbb = 0, isTTTX = 0
isTTVV = 0, isST = 0, isTTToSemiLeptonHT500Njet9 = 0
Pileup sample key: PairVLQ_x53x53_tWtW_narrow_RH_M1000_TuneCP5_13TeV-madgraph-pythia8
b-tagging working points: 0.304(DeepJet)0.4506(DeepCSV)
isTTincMtt0to700: 0
isTTincMtt0to1000: 0
isTTincMtt700to1000: 0
isTTincMtt1000toInf: 0
isTTSemilepIncHT0Njet0: 0
isTTSemilepIncHT500Njet9: 0
outTTLF: 0
outTTCC: 0
outTTBB: 0
outTT1B: 0
outTT2B: 0
>> Completed 0 out of 1073 events
[INFO] Defaulting to central deepJet weight for: nominal
>> Completed 1000 out of 1073 events
Nelectrons      = 504 / 1073
Npassed_ElEta   = 504 / 1073
Nmuons          = 569 / 1073
NrelIsoFail     = 0 / 1073
Npassed_MuEta   = 569 / 1073
Npassed_nAK8Jets= 1073 / 1073
Npassed_Trigger = 1046 / 1073
Npassed_MET     = 859 / 1073
Npassed_lepPt   = 930 / 1073
Npassed_HT      = 1069 / 1073
npass_Njets     = 1071 / 1073
Npassed_ALL     = 750 / 1073

>> Running /isilon/hadoop/store/group/bruxljm/FWLJMET106XUL_singleLep2017UL_RunIISummer20_X53X53/PairVLQ_x53x53_tWtW_narrow_RH_M1000_TuneCP5_13TeV-madgraph-pythia8/singleLep2017UL/230310_183629/0000/PairVLQ_x53x53_tWtW_narrow_RH_M1000_TuneCP5_13TeV-madgraph-pythia8_83.root for shift: nominal
[step1.h] Opening file: /isilon/hadoop/store/group/bruxljm/FWLJMET106XUL_singleLep2017UL_RunIISummer20_X53X53/PairVLQ_x53x53_tWtW_narrow_RH_M1000_TuneCP5_13TeV-madgraph-pythia8/singleLep2017UL/230310_183629/0000/PairVLQ_x53x53_tWtW_narrow_RH_M1000_TuneCP5_13TeV-madgraph-pythia8_83.root
[step1.h] Finished initializing
RUN CONFIG: YEAR = 2017
Era = 
isMC = 1, isSig = 1, SigMass = 3
isHad =0, isSE =0, isSM =0
isTTTT = 0, isXX = 1, isTpTp = 0, isBpBp = 0
For W's: isTT = 0, isSTt = 0, isSTtW = 0
For jets & PDF: isTOP = 0, isMadgraphBkg = 1
For HOTTagger Efficiencies: isTTV = 0, isTTHbb = 0, isTTHnonbb = 0, isTTTX = 0
isTTVV = 0, isST = 0, isTTToSemiLeptonHT500Njet9 = 0
Pileup sample key: PairVLQ_x53x53_tWtW_narrow_RH_M1000_TuneCP5_13TeV-madgraph-pythia8
b-tagging working points: 0.304(DeepJet)0.4506(DeepCSV)
isTTincMtt0to700: 0
isTTincMtt0to1000: 0
isTTincMtt700to1000: 0
isTTincMtt1000toInf: 0
isTTSemilepIncHT0Njet0: 0
isTTSemilepIncHT500Njet9: 0
outTTLF: 0
outTTCC: 0
outTTBB: 0
outTT1B: 0
outTT2B: 0
>> Completed 0 out of 1013 events
[INFO] Defaulting to central deepJet weight for: nominal
>> Completed 1000 out of 1013 events
Nelectrons      = 467 / 1013
Npassed_ElEta   = 467 / 1013
Nmuons          = 546 / 1013
NrelIsoFail     = 0 / 1013
Npassed_MuEta   = 546 / 1013
Npassed_nAK8Jets= 1013 / 1013
Npassed_Trigger = 989 / 1013
Npassed_MET     = 839 / 1013
Npassed_lepPt   = 888 / 1013
Npassed_HT      = 1005 / 1013
npass_Njets     = 1009 / 1013
Npassed_ALL     = 720 / 1013

>> Running /isilon/hadoop/store/group/bruxljm/FWLJMET106XUL_singleLep2017UL_RunIISummer20_X53X53/PairVLQ_x53x53_tWtW_narrow_RH_M1000_TuneCP5_13TeV-madgraph-pythia8/singleLep2017UL/230310_183629/0000/PairVLQ_x53x53_tWtW_narrow_RH_M1000_TuneCP5_13TeV-madgraph-pythia8_84.root for shift: nominal
[step1.h] Opening file: /isilon/hadoop/store/group/bruxljm/FWLJMET106XUL_singleLep2017UL_RunIISummer20_X53X53/PairVLQ_x53x53_tWtW_narrow_RH_M1000_TuneCP5_13TeV-madgraph-pythia8/singleLep2017UL/230310_183629/0000/PairVLQ_x53x53_tWtW_narrow_RH_M1000_TuneCP5_13TeV-madgraph-pythia8_84.root
[step1.h] Finished initializing
RUN CONFIG: YEAR = 2017
Era = 
isMC = 1, isSig = 1, SigMass = 3
isHad =0, isSE =0, isSM =0
isTTTT = 0, isXX = 1, isTpTp = 0, isBpBp = 0
For W's: isTT = 0, isSTt = 0, isSTtW = 0
For jets & PDF: isTOP = 0, isMadgraphBkg = 1
For HOTTagger Efficiencies: isTTV = 0, isTTHbb = 0, isTTHnonbb = 0, isTTTX = 0
isTTVV = 0, isST = 0, isTTToSemiLeptonHT500Njet9 = 0
Pileup sample key: PairVLQ_x53x53_tWtW_narrow_RH_M1000_TuneCP5_13TeV-madgraph-pythia8
b-tagging working points: 0.304(DeepJet)0.4506(DeepCSV)
isTTincMtt0to700: 0
isTTincMtt0to1000: 0
isTTincMtt700to1000: 0
isTTincMtt1000toInf: 0
isTTSemilepIncHT0Njet0: 0
isTTSemilepIncHT500Njet9: 0
outTTLF: 0
outTTCC: 0
outTTBB: 0
outTT1B: 0
outTT2B: 0
>> Completed 0 out of 1083 events
[INFO] Defaulting to central deepJet weight for: nominal
>> Completed 1000 out of 1083 events
Nelectrons      = 501 / 1083
Npassed_ElEta   = 501 / 1083
Nmuons          = 582 / 1083
NrelIsoFail     = 0 / 1083
Npassed_MuEta   = 582 / 1083
Npassed_nAK8Jets= 1083 / 1083
Npassed_Trigger = 1051 / 1083
Npassed_MET     = 919 / 1083
Npassed_lepPt   = 949 / 1083
Npassed_HT      = 1077 / 1083
npass_Njets     = 1082 / 1083
Npassed_ALL     = 797 / 1083

>> Running /isilon/hadoop/store/group/bruxljm/FWLJMET106XUL_singleLep2017UL_RunIISummer20_X53X53/PairVLQ_x53x53_tWtW_narrow_RH_M1000_TuneCP5_13TeV-madgraph-pythia8/singleLep2017UL/230310_183629/0000/PairVLQ_x53x53_tWtW_narrow_RH_M1000_TuneCP5_13TeV-madgraph-pythia8_85.root for shift: nominal
[step1.h] Opening file: /isilon/hadoop/store/group/bruxljm/FWLJMET106XUL_singleLep2017UL_RunIISummer20_X53X53/PairVLQ_x53x53_tWtW_narrow_RH_M1000_TuneCP5_13TeV-madgraph-pythia8/singleLep2017UL/230310_183629/0000/PairVLQ_x53x53_tWtW_narrow_RH_M1000_TuneCP5_13TeV-madgraph-pythia8_85.root
[step1.h] Finished initializing
RUN CONFIG: YEAR = 2017
Era = 
isMC = 1, isSig = 1, SigMass = 3
isHad =0, isSE =0, isSM =0
isTTTT = 0, isXX = 1, isTpTp = 0, isBpBp = 0
For W's: isTT = 0, isSTt = 0, isSTtW = 0
For jets & PDF: isTOP = 0, isMadgraphBkg = 1
For HOTTagger Efficiencies: isTTV = 0, isTTHbb = 0, isTTHnonbb = 0, isTTTX = 0
isTTVV = 0, isST = 0, isTTToSemiLeptonHT500Njet9 = 0
Pileup sample key: PairVLQ_x53x53_tWtW_narrow_RH_M1000_TuneCP5_13TeV-madgraph-pythia8
b-tagging working points: 0.304(DeepJet)0.4506(DeepCSV)
isTTincMtt0to700: 0
isTTincMtt0to1000: 0
isTTincMtt700to1000: 0
isTTincMtt1000toInf: 0
isTTSemilepIncHT0Njet0: 0
isTTSemilepIncHT500Njet9: 0
outTTLF: 0
outTTCC: 0
outTTBB: 0
outTT1B: 0
outTT2B: 0
>> Completed 0 out of 1084 events
[INFO] Defaulting to central deepJet weight for: nominal
>> Completed 1000 out of 1084 events
Nelectrons      = 504 / 1084
Npassed_ElEta   = 504 / 1084
Nmuons          = 580 / 1084
NrelIsoFail     = 0 / 1084
Npassed_MuEta   = 580 / 1084
Npassed_nAK8Jets= 1084 / 1084
Npassed_Trigger = 1044 / 1084
Npassed_MET     = 891 / 1084
Npassed_lepPt   = 965 / 1084
Npassed_HT      = 1081 / 1084
npass_Njets     = 1078 / 1084
Npassed_ALL     = 791 / 1084

>> Running /isilon/hadoop/store/group/bruxljm/FWLJMET106XUL_singleLep2017UL_RunIISummer20_X53X53/PairVLQ_x53x53_tWtW_narrow_RH_M1000_TuneCP5_13TeV-madgraph-pythia8/singleLep2017UL/230310_183629/0000/PairVLQ_x53x53_tWtW_narrow_RH_M1000_TuneCP5_13TeV-madgraph-pythia8_86.root for shift: nominal
[step1.h] Opening file: /isilon/hadoop/store/group/bruxljm/FWLJMET106XUL_singleLep2017UL_RunIISummer20_X53X53/PairVLQ_x53x53_tWtW_narrow_RH_M1000_TuneCP5_13TeV-madgraph-pythia8/singleLep2017UL/230310_183629/0000/PairVLQ_x53x53_tWtW_narrow_RH_M1000_TuneCP5_13TeV-madgraph-pythia8_86.root
[step1.h] Finished initializing
RUN CONFIG: YEAR = 2017
Era = 
isMC = 1, isSig = 1, SigMass = 3
isHad =0, isSE =0, isSM =0
isTTTT = 0, isXX = 1, isTpTp = 0, isBpBp = 0
For W's: isTT = 0, isSTt = 0, isSTtW = 0
For jets & PDF: isTOP = 0, isMadgraphBkg = 1
For HOTTagger Efficiencies: isTTV = 0, isTTHbb = 0, isTTHnonbb = 0, isTTTX = 0
isTTVV = 0, isST = 0, isTTToSemiLeptonHT500Njet9 = 0
Pileup sample key: PairVLQ_x53x53_tWtW_narrow_RH_M1000_TuneCP5_13TeV-madgraph-pythia8
b-tagging working points: 0.304(DeepJet)0.4506(DeepCSV)
isTTincMtt0to700: 0
isTTincMtt0to1000: 0
isTTincMtt700to1000: 0
isTTincMtt1000toInf: 0
isTTSemilepIncHT0Njet0: 0
isTTSemilepIncHT500Njet9: 0
outTTLF: 0
outTTCC: 0
outTTBB: 0
outTT1B: 0
outTT2B: 0
>> Completed 0 out of 1046 events
[INFO] Defaulting to central deepJet weight for: nominal
>> Completed 1000 out of 1046 events
Nelectrons      = 505 / 1046
Npassed_ElEta   = 505 / 1046
Nmuons          = 541 / 1046
NrelIsoFail     = 0 / 1046
Npassed_MuEta   = 541 / 1046
Npassed_nAK8Jets= 1046 / 1046
Npassed_Trigger = 1009 / 1046
Npassed_MET     = 855 / 1046
Npassed_lepPt   = 939 / 1046
Npassed_HT      = 1042 / 1046
npass_Njets     = 1043 / 1046
Npassed_ALL     = 757 / 1046

>> Running /isilon/hadoop/store/group/bruxljm/FWLJMET106XUL_singleLep2017UL_RunIISummer20_X53X53/PairVLQ_x53x53_tWtW_narrow_RH_M1000_TuneCP5_13TeV-madgraph-pythia8/singleLep2017UL/230310_183629/0000/PairVLQ_x53x53_tWtW_narrow_RH_M1000_TuneCP5_13TeV-madgraph-pythia8_87.root for shift: nominal
[step1.h] Opening file: /isilon/hadoop/store/group/bruxljm/FWLJMET106XUL_singleLep2017UL_RunIISummer20_X53X53/PairVLQ_x53x53_tWtW_narrow_RH_M1000_TuneCP5_13TeV-madgraph-pythia8/singleLep2017UL/230310_183629/0000/PairVLQ_x53x53_tWtW_narrow_RH_M1000_TuneCP5_13TeV-madgraph-pythia8_87.root
[step1.h] Finished initializing
RUN CONFIG: YEAR = 2017
Era = 
isMC = 1, isSig = 1, SigMass = 3
isHad =0, isSE =0, isSM =0
isTTTT = 0, isXX = 1, isTpTp = 0, isBpBp = 0
For W's: isTT = 0, isSTt = 0, isSTtW = 0
For jets & PDF: isTOP = 0, isMadgraphBkg = 1
For HOTTagger Efficiencies: isTTV = 0, isTTHbb = 0, isTTHnonbb = 0, isTTTX = 0
isTTVV = 0, isST = 0, isTTToSemiLeptonHT500Njet9 = 0
Pileup sample key: PairVLQ_x53x53_tWtW_narrow_RH_M1000_TuneCP5_13TeV-madgraph-pythia8
b-tagging working points: 0.304(DeepJet)0.4506(DeepCSV)
isTTincMtt0to700: 0
isTTincMtt0to1000: 0
isTTincMtt700to1000: 0
isTTincMtt1000toInf: 0
isTTSemilepIncHT0Njet0: 0
isTTSemilepIncHT500Njet9: 0
outTTLF: 0
outTTCC: 0
outTTBB: 0
outTT1B: 0
outTT2B: 0
>> Completed 0 out of 1049 events
[INFO] Defaulting to central deepJet weight for: nominal
>> Completed 1000 out of 1049 events
Nelectrons      = 513 / 1049
Npassed_ElEta   = 513 / 1049
Nmuons          = 536 / 1049
NrelIsoFail     = 0 / 1049
Npassed_MuEta   = 536 / 1049
Npassed_nAK8Jets= 1049 / 1049
Npassed_Trigger = 1013 / 1049
Npassed_MET     = 885 / 1049
Npassed_lepPt   = 912 / 1049
Npassed_HT      = 1044 / 1049
npass_Njets     = 1044 / 1049
Npassed_ALL     = 761 / 1049

>> Running /isilon/hadoop/store/group/bruxljm/FWLJMET106XUL_singleLep2017UL_RunIISummer20_X53X53/PairVLQ_x53x53_tWtW_narrow_RH_M1000_TuneCP5_13TeV-madgraph-pythia8/singleLep2017UL/230310_183629/0000/PairVLQ_x53x53_tWtW_narrow_RH_M1000_TuneCP5_13TeV-madgraph-pythia8_88.root for shift: nominal
[step1.h] Opening file: /isilon/hadoop/store/group/bruxljm/FWLJMET106XUL_singleLep2017UL_RunIISummer20_X53X53/PairVLQ_x53x53_tWtW_narrow_RH_M1000_TuneCP5_13TeV-madgraph-pythia8/singleLep2017UL/230310_183629/0000/PairVLQ_x53x53_tWtW_narrow_RH_M1000_TuneCP5_13TeV-madgraph-pythia8_88.root
[step1.h] Finished initializing
RUN CONFIG: YEAR = 2017
Era = 
isMC = 1, isSig = 1, SigMass = 3
isHad =0, isSE =0, isSM =0
isTTTT = 0, isXX = 1, isTpTp = 0, isBpBp = 0
For W's: isTT = 0, isSTt = 0, isSTtW = 0
For jets & PDF: isTOP = 0, isMadgraphBkg = 1
For HOTTagger Efficiencies: isTTV = 0, isTTHbb = 0, isTTHnonbb = 0, isTTTX = 0
isTTVV = 0, isST = 0, isTTToSemiLeptonHT500Njet9 = 0
Pileup sample key: PairVLQ_x53x53_tWtW_narrow_RH_M1000_TuneCP5_13TeV-madgraph-pythia8
b-tagging working points: 0.304(DeepJet)0.4506(DeepCSV)
isTTincMtt0to700: 0
isTTincMtt0to1000: 0
isTTincMtt700to1000: 0
isTTincMtt1000toInf: 0
isTTSemilepIncHT0Njet0: 0
isTTSemilepIncHT500Njet9: 0
outTTLF: 0
outTTCC: 0
outTTBB: 0
outTT1B: 0
outTT2B: 0
>> Completed 0 out of 1041 events
[INFO] Defaulting to central deepJet weight for: nominal
>> Completed 1000 out of 1041 events
Nelectrons      = 488 / 1041
Npassed_ElEta   = 488 / 1041
Nmuons          = 553 / 1041
NrelIsoFail     = 0 / 1041
Npassed_MuEta   = 553 / 1041
Npassed_nAK8Jets= 1041 / 1041
Npassed_Trigger = 1002 / 1041
Npassed_MET     = 861 / 1041
Npassed_lepPt   = 921 / 1041
Npassed_HT      = 1036 / 1041
npass_Njets     = 1040 / 1041
Npassed_ALL     = 753 / 1041

>> Running /isilon/hadoop/store/group/bruxljm/FWLJMET106XUL_singleLep2017UL_RunIISummer20_X53X53/PairVLQ_x53x53_tWtW_narrow_RH_M1000_TuneCP5_13TeV-madgraph-pythia8/singleLep2017UL/230310_183629/0000/PairVLQ_x53x53_tWtW_narrow_RH_M1000_TuneCP5_13TeV-madgraph-pythia8_89.root for shift: nominal
[step1.h] Opening file: /isilon/hadoop/store/group/bruxljm/FWLJMET106XUL_singleLep2017UL_RunIISummer20_X53X53/PairVLQ_x53x53_tWtW_narrow_RH_M1000_TuneCP5_13TeV-madgraph-pythia8/singleLep2017UL/230310_183629/0000/PairVLQ_x53x53_tWtW_narrow_RH_M1000_TuneCP5_13TeV-madgraph-pythia8_89.root
[step1.h] Finished initializing
RUN CONFIG: YEAR = 2017
Era = 
isMC = 1, isSig = 1, SigMass = 3
isHad =0, isSE =0, isSM =0
isTTTT = 0, isXX = 1, isTpTp = 0, isBpBp = 0
For W's: isTT = 0, isSTt = 0, isSTtW = 0
For jets & PDF: isTOP = 0, isMadgraphBkg = 1
For HOTTagger Efficiencies: isTTV = 0, isTTHbb = 0, isTTHnonbb = 0, isTTTX = 0
isTTVV = 0, isST = 0, isTTToSemiLeptonHT500Njet9 = 0
Pileup sample key: PairVLQ_x53x53_tWtW_narrow_RH_M1000_TuneCP5_13TeV-madgraph-pythia8
b-tagging working points: 0.304(DeepJet)0.4506(DeepCSV)
isTTincMtt0to700: 0
isTTincMtt0to1000: 0
isTTincMtt700to1000: 0
isTTincMtt1000toInf: 0
isTTSemilepIncHT0Njet0: 0
isTTSemilepIncHT500Njet9: 0
outTTLF: 0
outTTCC: 0
outTTBB: 0
outTT1B: 0
outTT2B: 0
>> Completed 0 out of 1048 events
[INFO] Defaulting to central deepJet weight for: nominal
>> Completed 1000 out of 1048 events
Nelectrons      = 491 / 1048
Npassed_ElEta   = 491 / 1048
Nmuons          = 557 / 1048
NrelIsoFail     = 0 / 1048
Npassed_MuEta   = 557 / 1048
Npassed_nAK8Jets= 1048 / 1048
Npassed_Trigger = 1001 / 1048
Npassed_MET     = 874 / 1048
Npassed_lepPt   = 927 / 1048
Npassed_HT      = 1043 / 1048
npass_Njets     = 1044 / 1048
Npassed_ALL     = 767 / 1048

>> Running /isilon/hadoop/store/group/bruxljm/FWLJMET106XUL_singleLep2017UL_RunIISummer20_X53X53/PairVLQ_x53x53_tWtW_narrow_RH_M1000_TuneCP5_13TeV-madgraph-pythia8/singleLep2017UL/230310_183629/0000/PairVLQ_x53x53_tWtW_narrow_RH_M1000_TuneCP5_13TeV-madgraph-pythia8_9.root for shift: nominal
[step1.h] Opening file: /isilon/hadoop/store/group/bruxljm/FWLJMET106XUL_singleLep2017UL_RunIISummer20_X53X53/PairVLQ_x53x53_tWtW_narrow_RH_M1000_TuneCP5_13TeV-madgraph-pythia8/singleLep2017UL/230310_183629/0000/PairVLQ_x53x53_tWtW_narrow_RH_M1000_TuneCP5_13TeV-madgraph-pythia8_9.root
[step1.h] Finished initializing
RUN CONFIG: YEAR = 2017
Era = 
isMC = 1, isSig = 1, SigMass = 3
isHad =0, isSE =0, isSM =0
isTTTT = 0, isXX = 1, isTpTp = 0, isBpBp = 0
For W's: isTT = 0, isSTt = 0, isSTtW = 0
For jets & PDF: isTOP = 0, isMadgraphBkg = 1
For HOTTagger Efficiencies: isTTV = 0, isTTHbb = 0, isTTHnonbb = 0, isTTTX = 0
isTTVV = 0, isST = 0, isTTToSemiLeptonHT500Njet9 = 0
Pileup sample key: PairVLQ_x53x53_tWtW_narrow_RH_M1000_TuneCP5_13TeV-madgraph-pythia8
b-tagging working points: 0.304(DeepJet)0.4506(DeepCSV)
isTTincMtt0to700: 0
isTTincMtt0to1000: 0
isTTincMtt700to1000: 0
isTTincMtt1000toInf: 0
isTTSemilepIncHT0Njet0: 0
isTTSemilepIncHT500Njet9: 0
outTTLF: 0
outTTCC: 0
outTTBB: 0
outTT1B: 0
outTT2B: 0
>> Completed 0 out of 1051 events
[INFO] Defaulting to central deepJet weight for: nominal
>> Completed 1000 out of 1051 events
Nelectrons      = 492 / 1051
Npassed_ElEta   = 492 / 1051
Nmuons          = 559 / 1051
NrelIsoFail     = 0 / 1051
Npassed_MuEta   = 559 / 1051
Npassed_nAK8Jets= 1051 / 1051
Npassed_Trigger = 1015 / 1051
Npassed_MET     = 891 / 1051
Npassed_lepPt   = 941 / 1051
Npassed_HT      = 1043 / 1051
npass_Njets     = 1042 / 1051
Npassed_ALL     = 787 / 1051

>> Running /isilon/hadoop/store/group/bruxljm/FWLJMET106XUL_singleLep2017UL_RunIISummer20_X53X53/PairVLQ_x53x53_tWtW_narrow_RH_M1000_TuneCP5_13TeV-madgraph-pythia8/singleLep2017UL/230310_183629/0000/PairVLQ_x53x53_tWtW_narrow_RH_M1000_TuneCP5_13TeV-madgraph-pythia8_90.root for shift: nominal
[step1.h] Opening file: /isilon/hadoop/store/group/bruxljm/FWLJMET106XUL_singleLep2017UL_RunIISummer20_X53X53/PairVLQ_x53x53_tWtW_narrow_RH_M1000_TuneCP5_13TeV-madgraph-pythia8/singleLep2017UL/230310_183629/0000/PairVLQ_x53x53_tWtW_narrow_RH_M1000_TuneCP5_13TeV-madgraph-pythia8_90.root
[step1.h] Finished initializing
RUN CONFIG: YEAR = 2017
Era = 
isMC = 1, isSig = 1, SigMass = 3
isHad =0, isSE =0, isSM =0
isTTTT = 0, isXX = 1, isTpTp = 0, isBpBp = 0
For W's: isTT = 0, isSTt = 0, isSTtW = 0
For jets & PDF: isTOP = 0, isMadgraphBkg = 1
For HOTTagger Efficiencies: isTTV = 0, isTTHbb = 0, isTTHnonbb = 0, isTTTX = 0
isTTVV = 0, isST = 0, isTTToSemiLeptonHT500Njet9 = 0
Pileup sample key: PairVLQ_x53x53_tWtW_narrow_RH_M1000_TuneCP5_13TeV-madgraph-pythia8
b-tagging working points: 0.304(DeepJet)0.4506(DeepCSV)
isTTincMtt0to700: 0
isTTincMtt0to1000: 0
isTTincMtt700to1000: 0
isTTincMtt1000toInf: 0
isTTSemilepIncHT0Njet0: 0
isTTSemilepIncHT500Njet9: 0
outTTLF: 0
outTTCC: 0
outTTBB: 0
outTT1B: 0
outTT2B: 0
>> Completed 0 out of 519 events
[INFO] Defaulting to central deepJet weight for: nominal
Nelectrons      = 248 / 519
Npassed_ElEta   = 248 / 519
Nmuons          = 271 / 519
NrelIsoFail     = 0 / 519
Npassed_MuEta   = 271 / 519
Npassed_nAK8Jets= 519 / 519
Npassed_Trigger = 506 / 519
Npassed_MET     = 440 / 519
Npassed_lepPt   = 458 / 519
Npassed_HT      = 515 / 519
npass_Njets     = 516 / 519
Npassed_ALL     = 378 / 519

>> Running /isilon/hadoop/store/group/bruxljm/FWLJMET106XUL_singleLep2017UL_RunIISummer20_X53X53/PairVLQ_x53x53_tWtW_narrow_RH_M1000_TuneCP5_13TeV-madgraph-pythia8/singleLep2017UL/230310_183629/0000/PairVLQ_x53x53_tWtW_narrow_RH_M1000_TuneCP5_13TeV-madgraph-pythia8_91.root for shift: nominal
[step1.h] Opening file: /isilon/hadoop/store/group/bruxljm/FWLJMET106XUL_singleLep2017UL_RunIISummer20_X53X53/PairVLQ_x53x53_tWtW_narrow_RH_M1000_TuneCP5_13TeV-madgraph-pythia8/singleLep2017UL/230310_183629/0000/PairVLQ_x53x53_tWtW_narrow_RH_M1000_TuneCP5_13TeV-madgraph-pythia8_91.root
[step1.h] Finished initializing
RUN CONFIG: YEAR = 2017
Era = 
isMC = 1, isSig = 1, SigMass = 3
isHad =0, isSE =0, isSM =0
isTTTT = 0, isXX = 1, isTpTp = 0, isBpBp = 0
For W's: isTT = 0, isSTt = 0, isSTtW = 0
For jets & PDF: isTOP = 0, isMadgraphBkg = 1
For HOTTagger Efficiencies: isTTV = 0, isTTHbb = 0, isTTHnonbb = 0, isTTTX = 0
isTTVV = 0, isST = 0, isTTToSemiLeptonHT500Njet9 = 0
Pileup sample key: PairVLQ_x53x53_tWtW_narrow_RH_M1000_TuneCP5_13TeV-madgraph-pythia8
b-tagging working points: 0.304(DeepJet)0.4506(DeepCSV)
isTTincMtt0to700: 0
isTTincMtt0to1000: 0
isTTincMtt700to1000: 0
isTTincMtt1000toInf: 0
isTTSemilepIncHT0Njet0: 0
isTTSemilepIncHT500Njet9: 0
outTTLF: 0
outTTCC: 0
outTTBB: 0
outTT1B: 0
outTT2B: 0
>> Completed 0 out of 536 events
[INFO] Defaulting to central deepJet weight for: nominal
Nelectrons      = 245 / 536
Npassed_ElEta   = 245 / 536
Nmuons          = 291 / 536
NrelIsoFail     = 0 / 536
Npassed_MuEta   = 291 / 536
Npassed_nAK8Jets= 536 / 536
Npassed_Trigger = 518 / 536
Npassed_MET     = 446 / 536
Npassed_lepPt   = 471 / 536
Npassed_HT      = 532 / 536
npass_Njets     = 534 / 536
Npassed_ALL     = 388 / 536

>> Running /isilon/hadoop/store/group/bruxljm/FWLJMET106XUL_singleLep2017UL_RunIISummer20_X53X53/PairVLQ_x53x53_tWtW_narrow_RH_M1000_TuneCP5_13TeV-madgraph-pythia8/singleLep2017UL/230310_183629/0000/PairVLQ_x53x53_tWtW_narrow_RH_M1000_TuneCP5_13TeV-madgraph-pythia8_92.root for shift: nominal
[step1.h] Opening file: /isilon/hadoop/store/group/bruxljm/FWLJMET106XUL_singleLep2017UL_RunIISummer20_X53X53/PairVLQ_x53x53_tWtW_narrow_RH_M1000_TuneCP5_13TeV-madgraph-pythia8/singleLep2017UL/230310_183629/0000/PairVLQ_x53x53_tWtW_narrow_RH_M1000_TuneCP5_13TeV-madgraph-pythia8_92.root
[step1.h] Finished initializing
RUN CONFIG: YEAR = 2017
Era = 
isMC = 1, isSig = 1, SigMass = 3
isHad =0, isSE =0, isSM =0
isTTTT = 0, isXX = 1, isTpTp = 0, isBpBp = 0
For W's: isTT = 0, isSTt = 0, isSTtW = 0
For jets & PDF: isTOP = 0, isMadgraphBkg = 1
For HOTTagger Efficiencies: isTTV = 0, isTTHbb = 0, isTTHnonbb = 0, isTTTX = 0
isTTVV = 0, isST = 0, isTTToSemiLeptonHT500Njet9 = 0
Pileup sample key: PairVLQ_x53x53_tWtW_narrow_RH_M1000_TuneCP5_13TeV-madgraph-pythia8
b-tagging working points: 0.304(DeepJet)0.4506(DeepCSV)
isTTincMtt0to700: 0
isTTincMtt0to1000: 0
isTTincMtt700to1000: 0
isTTincMtt1000toInf: 0
isTTSemilepIncHT0Njet0: 0
isTTSemilepIncHT500Njet9: 0
outTTLF: 0
outTTCC: 0
outTTBB: 0
outTT1B: 0
outTT2B: 0
>> Completed 0 out of 532 events
[INFO] Defaulting to central deepJet weight for: nominal
Nelectrons      = 240 / 532
Npassed_ElEta   = 240 / 532
Nmuons          = 292 / 532
NrelIsoFail     = 0 / 532
Npassed_MuEta   = 292 / 532
Npassed_nAK8Jets= 532 / 532
Npassed_Trigger = 514 / 532
Npassed_MET     = 451 / 532
Npassed_lepPt   = 477 / 532
Npassed_HT      = 529 / 532
npass_Njets     = 530 / 532
Npassed_ALL     = 399 / 532

>> Running /isilon/hadoop/store/group/bruxljm/FWLJMET106XUL_singleLep2017UL_RunIISummer20_X53X53/PairVLQ_x53x53_tWtW_narrow_RH_M1000_TuneCP5_13TeV-madgraph-pythia8/singleLep2017UL/230310_183629/0000/PairVLQ_x53x53_tWtW_narrow_RH_M1000_TuneCP5_13TeV-madgraph-pythia8_93.root for shift: nominal
[step1.h] Opening file: /isilon/hadoop/store/group/bruxljm/FWLJMET106XUL_singleLep2017UL_RunIISummer20_X53X53/PairVLQ_x53x53_tWtW_narrow_RH_M1000_TuneCP5_13TeV-madgraph-pythia8/singleLep2017UL/230310_183629/0000/PairVLQ_x53x53_tWtW_narrow_RH_M1000_TuneCP5_13TeV-madgraph-pythia8_93.root
[step1.h] Finished initializing
RUN CONFIG: YEAR = 2017
Era = 
isMC = 1, isSig = 1, SigMass = 3
isHad =0, isSE =0, isSM =0
isTTTT = 0, isXX = 1, isTpTp = 0, isBpBp = 0
For W's: isTT = 0, isSTt = 0, isSTtW = 0
For jets & PDF: isTOP = 0, isMadgraphBkg = 1
For HOTTagger Efficiencies: isTTV = 0, isTTHbb = 0, isTTHnonbb = 0, isTTTX = 0
isTTVV = 0, isST = 0, isTTToSemiLeptonHT500Njet9 = 0
Pileup sample key: PairVLQ_x53x53_tWtW_narrow_RH_M1000_TuneCP5_13TeV-madgraph-pythia8
b-tagging working points: 0.304(DeepJet)0.4506(DeepCSV)
isTTincMtt0to700: 0
isTTincMtt0to1000: 0
isTTincMtt700to1000: 0
isTTincMtt1000toInf: 0
isTTSemilepIncHT0Njet0: 0
isTTSemilepIncHT500Njet9: 0
outTTLF: 0
outTTCC: 0
outTTBB: 0
outTT1B: 0
outTT2B: 0
>> Completed 0 out of 1067 events
[INFO] Defaulting to central deepJet weight for: nominal
>> Completed 1000 out of 1067 events
Nelectrons      = 475 / 1067
Npassed_ElEta   = 475 / 1067
Nmuons          = 592 / 1067
NrelIsoFail     = 0 / 1067
Npassed_MuEta   = 592 / 1067
Npassed_nAK8Jets= 1067 / 1067
Npassed_Trigger = 1029 / 1067
Npassed_MET     = 909 / 1067
Npassed_lepPt   = 932 / 1067
Npassed_HT      = 1060 / 1067
npass_Njets     = 1064 / 1067
Npassed_ALL     = 779 / 1067

>> Running /isilon/hadoop/store/group/bruxljm/FWLJMET106XUL_singleLep2017UL_RunIISummer20_X53X53/PairVLQ_x53x53_tWtW_narrow_RH_M1000_TuneCP5_13TeV-madgraph-pythia8/singleLep2017UL/230310_183629/0000/PairVLQ_x53x53_tWtW_narrow_RH_M1000_TuneCP5_13TeV-madgraph-pythia8_94.root for shift: nominal
[step1.h] Opening file: /isilon/hadoop/store/group/bruxljm/FWLJMET106XUL_singleLep2017UL_RunIISummer20_X53X53/PairVLQ_x53x53_tWtW_narrow_RH_M1000_TuneCP5_13TeV-madgraph-pythia8/singleLep2017UL/230310_183629/0000/PairVLQ_x53x53_tWtW_narrow_RH_M1000_TuneCP5_13TeV-madgraph-pythia8_94.root
[step1.h] Finished initializing
RUN CONFIG: YEAR = 2017
Era = 
isMC = 1, isSig = 1, SigMass = 3
isHad =0, isSE =0, isSM =0
isTTTT = 0, isXX = 1, isTpTp = 0, isBpBp = 0
For W's: isTT = 0, isSTt = 0, isSTtW = 0
For jets & PDF: isTOP = 0, isMadgraphBkg = 1
For HOTTagger Efficiencies: isTTV = 0, isTTHbb = 0, isTTHnonbb = 0, isTTTX = 0
isTTVV = 0, isST = 0, isTTToSemiLeptonHT500Njet9 = 0
Pileup sample key: PairVLQ_x53x53_tWtW_narrow_RH_M1000_TuneCP5_13TeV-madgraph-pythia8
b-tagging working points: 0.304(DeepJet)0.4506(DeepCSV)
isTTincMtt0to700: 0
isTTincMtt0to1000: 0
isTTincMtt700to1000: 0
isTTincMtt1000toInf: 0
isTTSemilepIncHT0Njet0: 0
isTTSemilepIncHT500Njet9: 0
outTTLF: 0
outTTCC: 0
outTTBB: 0
outTT1B: 0
outTT2B: 0
>> Completed 0 out of 537 events
[INFO] Defaulting to central deepJet weight for: nominal
Nelectrons      = 242 / 537
Npassed_ElEta   = 242 / 537
Nmuons          = 295 / 537
NrelIsoFail     = 0 / 537
Npassed_MuEta   = 295 / 537
Npassed_nAK8Jets= 537 / 537
Npassed_Trigger = 520 / 537
Npassed_MET     = 461 / 537
Npassed_lepPt   = 463 / 537
Npassed_HT      = 536 / 537
npass_Njets     = 535 / 537
Npassed_ALL     = 395 / 537

>> Running /isilon/hadoop/store/group/bruxljm/FWLJMET106XUL_singleLep2017UL_RunIISummer20_X53X53/PairVLQ_x53x53_tWtW_narrow_RH_M1000_TuneCP5_13TeV-madgraph-pythia8/singleLep2017UL/230310_183629/0000/PairVLQ_x53x53_tWtW_narrow_RH_M1000_TuneCP5_13TeV-madgraph-pythia8_95.root for shift: nominal
[step1.h] Opening file: /isilon/hadoop/store/group/bruxljm/FWLJMET106XUL_singleLep2017UL_RunIISummer20_X53X53/PairVLQ_x53x53_tWtW_narrow_RH_M1000_TuneCP5_13TeV-madgraph-pythia8/singleLep2017UL/230310_183629/0000/PairVLQ_x53x53_tWtW_narrow_RH_M1000_TuneCP5_13TeV-madgraph-pythia8_95.root
[step1.h] Finished initializing
RUN CONFIG: YEAR = 2017
Era = 
isMC = 1, isSig = 1, SigMass = 3
isHad =0, isSE =0, isSM =0
isTTTT = 0, isXX = 1, isTpTp = 0, isBpBp = 0
For W's: isTT = 0, isSTt = 0, isSTtW = 0
For jets & PDF: isTOP = 0, isMadgraphBkg = 1
For HOTTagger Efficiencies: isTTV = 0, isTTHbb = 0, isTTHnonbb = 0, isTTTX = 0
isTTVV = 0, isST = 0, isTTToSemiLeptonHT500Njet9 = 0
Pileup sample key: PairVLQ_x53x53_tWtW_narrow_RH_M1000_TuneCP5_13TeV-madgraph-pythia8
b-tagging working points: 0.304(DeepJet)0.4506(DeepCSV)
isTTincMtt0to700: 0
isTTincMtt0to1000: 0
isTTincMtt700to1000: 0
isTTincMtt1000toInf: 0
isTTSemilepIncHT0Njet0: 0
isTTSemilepIncHT500Njet9: 0
outTTLF: 0
outTTCC: 0
outTTBB: 0
outTT1B: 0
outTT2B: 0
>> Completed 0 out of 1072 events
[INFO] Defaulting to central deepJet weight for: nominal
>> Completed 1000 out of 1072 events
Nelectrons      = 516 / 1072
Npassed_ElEta   = 516 / 1072
Nmuons          = 556 / 1072
NrelIsoFail     = 0 / 1072
Npassed_MuEta   = 556 / 1072
Npassed_nAK8Jets= 1072 / 1072
Npassed_Trigger = 1040 / 1072
Npassed_MET     = 928 / 1072
Npassed_lepPt   = 932 / 1072
Npassed_HT      = 1071 / 1072
npass_Njets     = 1065 / 1072
Npassed_ALL     = 793 / 1072

>> Running /isilon/hadoop/store/group/bruxljm/FWLJMET106XUL_singleLep2017UL_RunIISummer20_X53X53/PairVLQ_x53x53_tWtW_narrow_RH_M1000_TuneCP5_13TeV-madgraph-pythia8/singleLep2017UL/230310_183629/0000/PairVLQ_x53x53_tWtW_narrow_RH_M1000_TuneCP5_13TeV-madgraph-pythia8_96.root for shift: nominal
[step1.h] Opening file: /isilon/hadoop/store/group/bruxljm/FWLJMET106XUL_singleLep2017UL_RunIISummer20_X53X53/PairVLQ_x53x53_tWtW_narrow_RH_M1000_TuneCP5_13TeV-madgraph-pythia8/singleLep2017UL/230310_183629/0000/PairVLQ_x53x53_tWtW_narrow_RH_M1000_TuneCP5_13TeV-madgraph-pythia8_96.root
[step1.h] Finished initializing
RUN CONFIG: YEAR = 2017
Era = 
isMC = 1, isSig = 1, SigMass = 3
isHad =0, isSE =0, isSM =0
isTTTT = 0, isXX = 1, isTpTp = 0, isBpBp = 0
For W's: isTT = 0, isSTt = 0, isSTtW = 0
For jets & PDF: isTOP = 0, isMadgraphBkg = 1
For HOTTagger Efficiencies: isTTV = 0, isTTHbb = 0, isTTHnonbb = 0, isTTTX = 0
isTTVV = 0, isST = 0, isTTToSemiLeptonHT500Njet9 = 0
Pileup sample key: PairVLQ_x53x53_tWtW_narrow_RH_M1000_TuneCP5_13TeV-madgraph-pythia8
b-tagging working points: 0.304(DeepJet)0.4506(DeepCSV)
isTTincMtt0to700: 0
isTTincMtt0to1000: 0
isTTincMtt700to1000: 0
isTTincMtt1000toInf: 0
isTTSemilepIncHT0Njet0: 0
isTTSemilepIncHT500Njet9: 0
outTTLF: 0
outTTCC: 0
outTTBB: 0
outTT1B: 0
outTT2B: 0
>> Completed 0 out of 1029 events
[INFO] Defaulting to central deepJet weight for: nominal
>> Completed 1000 out of 1029 events
Nelectrons      = 495 / 1029
Npassed_ElEta   = 495 / 1029
Nmuons          = 534 / 1029
NrelIsoFail     = 0 / 1029
Npassed_MuEta   = 534 / 1029
Npassed_nAK8Jets= 1029 / 1029
Npassed_Trigger = 994 / 1029
Npassed_MET     = 885 / 1029
Npassed_lepPt   = 898 / 1029
Npassed_HT      = 1024 / 1029
npass_Njets     = 1026 / 1029
Npassed_ALL     = 765 / 1029

>> Running /isilon/hadoop/store/group/bruxljm/FWLJMET106XUL_singleLep2017UL_RunIISummer20_X53X53/PairVLQ_x53x53_tWtW_narrow_RH_M1000_TuneCP5_13TeV-madgraph-pythia8/singleLep2017UL/230310_183629/0000/PairVLQ_x53x53_tWtW_narrow_RH_M1000_TuneCP5_13TeV-madgraph-pythia8_97.root for shift: nominal
[step1.h] Opening file: /isilon/hadoop/store/group/bruxljm/FWLJMET106XUL_singleLep2017UL_RunIISummer20_X53X53/PairVLQ_x53x53_tWtW_narrow_RH_M1000_TuneCP5_13TeV-madgraph-pythia8/singleLep2017UL/230310_183629/0000/PairVLQ_x53x53_tWtW_narrow_RH_M1000_TuneCP5_13TeV-madgraph-pythia8_97.root
[step1.h] Finished initializing
RUN CONFIG: YEAR = 2017
Era = 
isMC = 1, isSig = 1, SigMass = 3
isHad =0, isSE =0, isSM =0
isTTTT = 0, isXX = 1, isTpTp = 0, isBpBp = 0
For W's: isTT = 0, isSTt = 0, isSTtW = 0
For jets & PDF: isTOP = 0, isMadgraphBkg = 1
For HOTTagger Efficiencies: isTTV = 0, isTTHbb = 0, isTTHnonbb = 0, isTTTX = 0
isTTVV = 0, isST = 0, isTTToSemiLeptonHT500Njet9 = 0
Pileup sample key: PairVLQ_x53x53_tWtW_narrow_RH_M1000_TuneCP5_13TeV-madgraph-pythia8
b-tagging working points: 0.304(DeepJet)0.4506(DeepCSV)
isTTincMtt0to700: 0
isTTincMtt0to1000: 0
isTTincMtt700to1000: 0
isTTincMtt1000toInf: 0
isTTSemilepIncHT0Njet0: 0
isTTSemilepIncHT500Njet9: 0
outTTLF: 0
outTTCC: 0
outTTBB: 0
outTT1B: 0
outTT2B: 0
>> Completed 0 out of 997 events
[INFO] Defaulting to central deepJet weight for: nominal
Nelectrons      = 464 / 997
Npassed_ElEta   = 464 / 997
Nmuons          = 533 / 997
NrelIsoFail     = 0 / 997
Npassed_MuEta   = 533 / 997
Npassed_nAK8Jets= 997 / 997
Npassed_Trigger = 968 / 997
Npassed_MET     = 851 / 997
Npassed_lepPt   = 877 / 997
Npassed_HT      = 995 / 997
npass_Njets     = 996 / 997
Npassed_ALL     = 744 / 997

>> Running /isilon/hadoop/store/group/bruxljm/FWLJMET106XUL_singleLep2017UL_RunIISummer20_X53X53/PairVLQ_x53x53_tWtW_narrow_RH_M1000_TuneCP5_13TeV-madgraph-pythia8/singleLep2017UL/230310_183629/0000/PairVLQ_x53x53_tWtW_narrow_RH_M1000_TuneCP5_13TeV-madgraph-pythia8_98.root for shift: nominal
[step1.h] Opening file: /isilon/hadoop/store/group/bruxljm/FWLJMET106XUL_singleLep2017UL_RunIISummer20_X53X53/PairVLQ_x53x53_tWtW_narrow_RH_M1000_TuneCP5_13TeV-madgraph-pythia8/singleLep2017UL/230310_183629/0000/PairVLQ_x53x53_tWtW_narrow_RH_M1000_TuneCP5_13TeV-madgraph-pythia8_98.root
[step1.h] Finished initializing
RUN CONFIG: YEAR = 2017
Era = 
isMC = 1, isSig = 1, SigMass = 3
isHad =0, isSE =0, isSM =0
isTTTT = 0, isXX = 1, isTpTp = 0, isBpBp = 0
For W's: isTT = 0, isSTt = 0, isSTtW = 0
For jets & PDF: isTOP = 0, isMadgraphBkg = 1
For HOTTagger Efficiencies: isTTV = 0, isTTHbb = 0, isTTHnonbb = 0, isTTTX = 0
isTTVV = 0, isST = 0, isTTToSemiLeptonHT500Njet9 = 0
Pileup sample key: PairVLQ_x53x53_tWtW_narrow_RH_M1000_TuneCP5_13TeV-madgraph-pythia8
b-tagging working points: 0.304(DeepJet)0.4506(DeepCSV)
isTTincMtt0to700: 0
isTTincMtt0to1000: 0
isTTincMtt700to1000: 0
isTTincMtt1000toInf: 0
isTTSemilepIncHT0Njet0: 0
isTTSemilepIncHT500Njet9: 0
outTTLF: 0
outTTCC: 0
outTTBB: 0
outTT1B: 0
outTT2B: 0
>> Completed 0 out of 1071 events
[INFO] Defaulting to central deepJet weight for: nominal
>> Completed 1000 out of 1071 events
Nelectrons      = 508 / 1071
Npassed_ElEta   = 508 / 1071
Nmuons          = 563 / 1071
NrelIsoFail     = 0 / 1071
Npassed_MuEta   = 563 / 1071
Npassed_nAK8Jets= 1071 / 1071
Npassed_Trigger = 1042 / 1071
Npassed_MET     = 882 / 1071
Npassed_lepPt   = 959 / 1071
Npassed_HT      = 1068 / 1071
npass_Njets     = 1067 / 1071
Npassed_ALL     = 780 / 1071
>> Available ROOT Files:
-rw-r--r-- 1 fsimpson gridusers 2725929 Apr 24 09:08 PairVLQ_x53x53_tWtW_narrow_RH_M1000_TuneCP5_13TeV-madgraph-pythia8_71nominal.root
-rw-r--r-- 1 fsimpson gridusers 2673543 Apr 24 09:08 PairVLQ_x53x53_tWtW_narrow_RH_M1000_TuneCP5_13TeV-madgraph-pythia8_72nominal.root
-rw-r--r-- 1 fsimpson gridusers 2606392 Apr 24 09:08 PairVLQ_x53x53_tWtW_narrow_RH_M1000_TuneCP5_13TeV-madgraph-pythia8_73nominal.root
-rw-r--r-- 1 fsimpson gridusers 2797654 Apr 24 09:08 PairVLQ_x53x53_tWtW_narrow_RH_M1000_TuneCP5_13TeV-madgraph-pythia8_74nominal.root
-rw-r--r-- 1 fsimpson gridusers 2721356 Apr 24 09:08 PairVLQ_x53x53_tWtW_narrow_RH_M1000_TuneCP5_13TeV-madgraph-pythia8_75nominal.root
-rw-r--r-- 1 fsimpson gridusers 2607770 Apr 24 09:08 PairVLQ_x53x53_tWtW_narrow_RH_M1000_TuneCP5_13TeV-madgraph-pythia8_76nominal.root
-rw-r--r-- 1 fsimpson gridusers 2800909 Apr 24 09:08 PairVLQ_x53x53_tWtW_narrow_RH_M1000_TuneCP5_13TeV-madgraph-pythia8_77nominal.root
-rw-r--r-- 1 fsimpson gridusers 2731224 Apr 24 09:08 PairVLQ_x53x53_tWtW_narrow_RH_M1000_TuneCP5_13TeV-madgraph-pythia8_78nominal.root
-rw-r--r-- 1 fsimpson gridusers 1382973 Apr 24 09:08 PairVLQ_x53x53_tWtW_narrow_RH_M1000_TuneCP5_13TeV-madgraph-pythia8_79nominal.root
-rw-r--r-- 1 fsimpson gridusers 2660079 Apr 24 09:08 PairVLQ_x53x53_tWtW_narrow_RH_M1000_TuneCP5_13TeV-madgraph-pythia8_80nominal.root
-rw-r--r-- 1 fsimpson gridusers 2747542 Apr 24 09:08 PairVLQ_x53x53_tWtW_narrow_RH_M1000_TuneCP5_13TeV-madgraph-pythia8_81nominal.root
-rw-r--r-- 1 fsimpson gridusers 2651083 Apr 24 09:08 PairVLQ_x53x53_tWtW_narrow_RH_M1000_TuneCP5_13TeV-madgraph-pythia8_82nominal.root
-rw-r--r-- 1 fsimpson gridusers 2558780 Apr 24 09:08 PairVLQ_x53x53_tWtW_narrow_RH_M1000_TuneCP5_13TeV-madgraph-pythia8_83nominal.root
-rw-r--r-- 1 fsimpson gridusers 2876928 Apr 24 09:08 PairVLQ_x53x53_tWtW_narrow_RH_M1000_TuneCP5_13TeV-madgraph-pythia8_84nominal.root
-rw-r--r-- 1 fsimpson gridusers 2849901 Apr 24 09:08 PairVLQ_x53x53_tWtW_narrow_RH_M1000_TuneCP5_13TeV-madgraph-pythia8_85nominal.root
-rw-r--r-- 1 fsimpson gridusers 2637091 Apr 24 09:08 PairVLQ_x53x53_tWtW_narrow_RH_M1000_TuneCP5_13TeV-madgraph-pythia8_86nominal.root
-rw-r--r-- 1 fsimpson gridusers 2688492 Apr 24 09:08 PairVLQ_x53x53_tWtW_narrow_RH_M1000_TuneCP5_13TeV-madgraph-pythia8_87nominal.root
-rw-r--r-- 1 fsimpson gridusers 2651143 Apr 24 09:08 PairVLQ_x53x53_tWtW_narrow_RH_M1000_TuneCP5_13TeV-madgraph-pythia8_88nominal.root
-rw-r--r-- 1 fsimpson gridusers 2690391 Apr 24 09:08 PairVLQ_x53x53_tWtW_narrow_RH_M1000_TuneCP5_13TeV-madgraph-pythia8_89nominal.root
-rw-r--r-- 1 fsimpson gridusers 2776196 Apr 24 09:08 PairVLQ_x53x53_tWtW_narrow_RH_M1000_TuneCP5_13TeV-madgraph-pythia8_8nominal.root
-rw-r--r-- 1 fsimpson gridusers 1345521 Apr 24 09:08 PairVLQ_x53x53_tWtW_narrow_RH_M1000_TuneCP5_13TeV-madgraph-pythia8_90nominal.root
-rw-r--r-- 1 fsimpson gridusers 1432666 Apr 24 09:08 PairVLQ_x53x53_tWtW_narrow_RH_M1000_TuneCP5_13TeV-madgraph-pythia8_91nominal.root
-rw-r--r-- 1 fsimpson gridusers 1373944 Apr 24 09:08 PairVLQ_x53x53_tWtW_narrow_RH_M1000_TuneCP5_13TeV-madgraph-pythia8_92nominal.root
-rw-r--r-- 1 fsimpson gridusers 2775978 Apr 24 09:08 PairVLQ_x53x53_tWtW_narrow_RH_M1000_TuneCP5_13TeV-madgraph-pythia8_93nominal.root
-rw-r--r-- 1 fsimpson gridusers 1402439 Apr 24 09:08 PairVLQ_x53x53_tWtW_narrow_RH_M1000_TuneCP5_13TeV-madgraph-pythia8_94nominal.root
-rw-r--r-- 1 fsimpson gridusers 2821237 Apr 24 09:08 PairVLQ_x53x53_tWtW_narrow_RH_M1000_TuneCP5_13TeV-madgraph-pythia8_95nominal.root
-rw-r--r-- 1 fsimpson gridusers 2650160 Apr 24 09:08 PairVLQ_x53x53_tWtW_narrow_RH_M1000_TuneCP5_13TeV-madgraph-pythia8_96nominal.root
-rw-r--r-- 1 fsimpson gridusers 2635324 Apr 24 09:08 PairVLQ_x53x53_tWtW_narrow_RH_M1000_TuneCP5_13TeV-madgraph-pythia8_97nominal.root
-rw-r--r-- 1 fsimpson gridusers 2760298 Apr 24 09:08 PairVLQ_x53x53_tWtW_narrow_RH_M1000_TuneCP5_13TeV-madgraph-pythia8_98nominal.root
-rw-r--r-- 1 fsimpson gridusers 2803117 Apr 24 09:08 PairVLQ_x53x53_tWtW_narrow_RH_M1000_TuneCP5_13TeV-madgraph-pythia8_9nominal.root
>> xrdcp output for condor
hadd Target file: PairVLQ_x53x53_tWtW_narrow_RH_M1000_TuneCP5_13TeV-madgraph-pythia8_5nominal_hadd.root
hadd compression setting for all ouput: 1
hadd Source file 1: PairVLQ_x53x53_tWtW_narrow_RH_M1000_TuneCP5_13TeV-madgraph-pythia8_71nominal.root
hadd Source file 2: PairVLQ_x53x53_tWtW_narrow_RH_M1000_TuneCP5_13TeV-madgraph-pythia8_72nominal.root
hadd Source file 3: PairVLQ_x53x53_tWtW_narrow_RH_M1000_TuneCP5_13TeV-madgraph-pythia8_73nominal.root
hadd Source file 4: PairVLQ_x53x53_tWtW_narrow_RH_M1000_TuneCP5_13TeV-madgraph-pythia8_74nominal.root
hadd Source file 5: PairVLQ_x53x53_tWtW_narrow_RH_M1000_TuneCP5_13TeV-madgraph-pythia8_75nominal.root
hadd Source file 6: PairVLQ_x53x53_tWtW_narrow_RH_M1000_TuneCP5_13TeV-madgraph-pythia8_76nominal.root
hadd Source file 7: PairVLQ_x53x53_tWtW_narrow_RH_M1000_TuneCP5_13TeV-madgraph-pythia8_77nominal.root
hadd Source file 8: PairVLQ_x53x53_tWtW_narrow_RH_M1000_TuneCP5_13TeV-madgraph-pythia8_78nominal.root
hadd Source file 9: PairVLQ_x53x53_tWtW_narrow_RH_M1000_TuneCP5_13TeV-madgraph-pythia8_79nominal.root
hadd Source file 10: PairVLQ_x53x53_tWtW_narrow_RH_M1000_TuneCP5_13TeV-madgraph-pythia8_80nominal.root
hadd Source file 11: PairVLQ_x53x53_tWtW_narrow_RH_M1000_TuneCP5_13TeV-madgraph-pythia8_81nominal.root
hadd Source file 12: PairVLQ_x53x53_tWtW_narrow_RH_M1000_TuneCP5_13TeV-madgraph-pythia8_82nominal.root
hadd Source file 13: PairVLQ_x53x53_tWtW_narrow_RH_M1000_TuneCP5_13TeV-madgraph-pythia8_83nominal.root
hadd Source file 14: PairVLQ_x53x53_tWtW_narrow_RH_M1000_TuneCP5_13TeV-madgraph-pythia8_84nominal.root
hadd Source file 15: PairVLQ_x53x53_tWtW_narrow_RH_M1000_TuneCP5_13TeV-madgraph-pythia8_85nominal.root
hadd Source file 16: PairVLQ_x53x53_tWtW_narrow_RH_M1000_TuneCP5_13TeV-madgraph-pythia8_86nominal.root
hadd Source file 17: PairVLQ_x53x53_tWtW_narrow_RH_M1000_TuneCP5_13TeV-madgraph-pythia8_87nominal.root
hadd Source file 18: PairVLQ_x53x53_tWtW_narrow_RH_M1000_TuneCP5_13TeV-madgraph-pythia8_88nominal.root
hadd Source file 19: PairVLQ_x53x53_tWtW_narrow_RH_M1000_TuneCP5_13TeV-madgraph-pythia8_89nominal.root
hadd Source file 20: PairVLQ_x53x53_tWtW_narrow_RH_M1000_TuneCP5_13TeV-madgraph-pythia8_8nominal.root
hadd Source file 21: PairVLQ_x53x53_tWtW_narrow_RH_M1000_TuneCP5_13TeV-madgraph-pythia8_90nominal.root
hadd Source file 22: PairVLQ_x53x53_tWtW_narrow_RH_M1000_TuneCP5_13TeV-madgraph-pythia8_91nominal.root
hadd Source file 23: PairVLQ_x53x53_tWtW_narrow_RH_M1000_TuneCP5_13TeV-madgraph-pythia8_92nominal.root
hadd Source file 24: PairVLQ_x53x53_tWtW_narrow_RH_M1000_TuneCP5_13TeV-madgraph-pythia8_93nominal.root
hadd Source file 25: PairVLQ_x53x53_tWtW_narrow_RH_M1000_TuneCP5_13TeV-madgraph-pythia8_94nominal.root
hadd Source file 26: PairVLQ_x53x53_tWtW_narrow_RH_M1000_TuneCP5_13TeV-madgraph-pythia8_95nominal.root
hadd Source file 27: PairVLQ_x53x53_tWtW_narrow_RH_M1000_TuneCP5_13TeV-madgraph-pythia8_96nominal.root
hadd Source file 28: PairVLQ_x53x53_tWtW_narrow_RH_M1000_TuneCP5_13TeV-madgraph-pythia8_97nominal.root
hadd Source file 29: PairVLQ_x53x53_tWtW_narrow_RH_M1000_TuneCP5_13TeV-madgraph-pythia8_98nominal.root
hadd Source file 30: PairVLQ_x53x53_tWtW_narrow_RH_M1000_TuneCP5_13TeV-madgraph-pythia8_9nominal.root
hadd Target path: PairVLQ_x53x53_tWtW_narrow_RH_M1000_TuneCP5_13TeV-madgraph-pythia8_5nominal_hadd.root:/
>> mv PairVLQ_x53x53_tWtW_narrow_RH_M1000_TuneCP5_13TeV-madgraph-pythia8_5nominal_hadd.root /isilon/hadoop/store/group/bruxljm/FWLJMET106XUL_singleLep2017UL_RunIISummer20_X53X53_step1/nominal/PairVLQ_x53x53_tWtW_narrow_RH_M1000_TuneCP5_13TeV-madgraph-pythia8/PairVLQ_x53x53_tWtW_narrow_RH_M1000_TuneCP5_13TeV-madgraph-pythia8_5.root
[DONE]
