000 (630122.000.000) 04/24 07:52:03 Job submitted from host: <172.20.3.187:9618?addrs=172.20.3.187-9618&noUDP&sock=2297_2121_3>
...
001 (630122.000.000) 04/24 07:56:14 Job executing on host: <172.20.225.4:9618?addrs=172.20.225.4-9618&noUDP&sock=3366_5fdf_3>
...
006 (630122.000.000) 04/24 07:56:23 Image size of job updated: 88900
	61  -  MemoryUsage of job (MB)
	61456  -  ResidentSetSize of job (KB)
...
006 (630122.000.000) 04/24 08:01:25 Image size of job updated: 706144
	689  -  MemoryUsage of job (MB)
	705404  -  ResidentSetSize of job (KB)
...
006 (630122.000.000) 04/24 08:06:25 Image size of job updated: 976592
	954  -  MemoryUsage of job (MB)
	976300  -  ResidentSetSize of job (KB)
...
006 (630122.000.000) 04/24 08:11:25 Image size of job updated: 1179764
	1152  -  MemoryUsage of job (MB)
	1179460  -  ResidentSetSize of job (KB)
...
006 (630122.000.000) 04/24 08:16:26 Image size of job updated: 1356048
	1324  -  MemoryUsage of job (MB)
	1355632  -  ResidentSetSize of job (KB)
...
006 (630122.000.000) 04/24 08:21:26 Image size of job updated: 1500952
	1466  -  MemoryUsage of job (MB)
	1500648  -  ResidentSetSize of job (KB)
...
006 (630122.000.000) 04/24 08:23:35 Image size of job updated: 1889924
	1466  -  MemoryUsage of job (MB)
	1500648  -  ResidentSetSize of job (KB)
...
005 (630122.000.000) 04/24 08:23:38 Job terminated.
	(1) Normal termination (return value 0)
		Usr 0 00:25:45, Sys 0 00:00:39  -  Run Remote Usage
		Usr 0 00:00:00, Sys 0 00:00:00  -  Run Local Usage
		Usr 0 00:25:45, Sys 0 00:00:39  -  Total Remote Usage
		Usr 0 00:00:00, Sys 0 00:00:00  -  Total Local Usage
	1715095  -  Run Bytes Sent By Job
	8620734  -  Run Bytes Received By Job
	1715095  -  Total Bytes Sent By Job
	8620734  -  Total Bytes Received By Job
	Partitionable Resources :    Usage  Request Allocated 
	   Cpus                 :     0.99        1         1 
	   Disk (KB)            : 10649       10000 479779449 
	   Memory (MB)          :  1466        6144      8033 
...
000 (630181.000.000) 04/24 08:39:28 Job submitted from host: <172.20.3.187:9618?addrs=172.20.3.187-9618&noUDP&sock=2297_2121_3>
...
001 (630181.000.000) 04/24 08:52:32 Job executing on host: <172.20.225.4:9618?addrs=172.20.225.4-9618&noUDP&sock=3366_5fdf_3>
...
006 (630181.000.000) 04/24 08:52:41 Image size of job updated: 54292
	39  -  MemoryUsage of job (MB)
	39228  -  ResidentSetSize of job (KB)
...
006 (630181.000.000) 04/24 08:57:41 Image size of job updated: 733112
	715  -  MemoryUsage of job (MB)
	731596  -  ResidentSetSize of job (KB)
...
006 (630181.000.000) 04/24 09:02:41 Image size of job updated: 991000
	968  -  MemoryUsage of job (MB)
	990324  -  ResidentSetSize of job (KB)
...
006 (630181.000.000) 04/24 09:07:42 Image size of job updated: 1185164
	1158  -  MemoryUsage of job (MB)
	1184964  -  ResidentSetSize of job (KB)
...
006 (630181.000.000) 04/24 09:12:43 Image size of job updated: 1356240
	1325  -  MemoryUsage of job (MB)
	1355952  -  ResidentSetSize of job (KB)
...
006 (630181.000.000) 04/24 09:17:43 Image size of job updated: 1503080
	1468  -  MemoryUsage of job (MB)
	1502564  -  ResidentSetSize of job (KB)
...
005 (630181.000.000) 04/24 09:20:12 Job terminated.
	(1) Normal termination (return value 0)
		Usr 0 00:25:40, Sys 0 00:00:41  -  Run Remote Usage
		Usr 0 00:00:00, Sys 0 00:00:00  -  Run Local Usage
		Usr 0 00:25:40, Sys 0 00:00:41  -  Total Remote Usage
		Usr 0 00:00:00, Sys 0 00:00:00  -  Total Local Usage
	1773113  -  Run Bytes Sent By Job
	8620823  -  Run Bytes Received By Job
	1773113  -  Total Bytes Sent By Job
	8620823  -  Total Bytes Received By Job
	Partitionable Resources :    Usage  Request Allocated 
	   Cpus                 :     0.87        1         1 
	   Disk (KB)            : 10706       10000 479779449 
	   Memory (MB)          :  1468        6144      8033 
...
