000 (630101.000.000) 04/24 07:52:01 Job submitted from host: <172.20.3.187:9618?addrs=172.20.3.187-9618&noUDP&sock=2297_2121_3>
...
001 (630101.000.000) 04/24 07:54:13 Job executing on host: <172.20.225.1:9618?addrs=172.20.225.1-9618&noUDP&sock=3382_5963_3>
...
006 (630101.000.000) 04/24 07:54:22 Image size of job updated: 53300
	50  -  MemoryUsage of job (MB)
	50680  -  ResidentSetSize of job (KB)
...
006 (630101.000.000) 04/24 07:59:23 Image size of job updated: 687264
	671  -  MemoryUsage of job (MB)
	686924  -  ResidentSetSize of job (KB)
...
006 (630101.000.000) 04/24 08:04:24 Image size of job updated: 963504
	941  -  MemoryUsage of job (MB)
	962900  -  ResidentSetSize of job (KB)
...
006 (630101.000.000) 04/24 08:09:24 Image size of job updated: 1163552
	1136  -  MemoryUsage of job (MB)
	1163192  -  ResidentSetSize of job (KB)
...
006 (630101.000.000) 04/24 08:14:24 Image size of job updated: 1345660
	1314  -  MemoryUsage of job (MB)
	1345160  -  ResidentSetSize of job (KB)
...
006 (630101.000.000) 04/24 08:19:25 Image size of job updated: 1496700
	1461  -  MemoryUsage of job (MB)
	1495432  -  ResidentSetSize of job (KB)
...
006 (630101.000.000) 04/24 08:21:22 Image size of job updated: 1496700
	1461  -  MemoryUsage of job (MB)
	1495472  -  ResidentSetSize of job (KB)
...
005 (630101.000.000) 04/24 08:21:22 Job terminated.
	(1) Normal termination (return value 0)
		Usr 0 00:25:27, Sys 0 00:00:32  -  Run Remote Usage
		Usr 0 00:00:00, Sys 0 00:00:00  -  Run Local Usage
		Usr 0 00:25:27, Sys 0 00:00:32  -  Total Remote Usage
		Usr 0 00:00:00, Sys 0 00:00:00  -  Total Local Usage
	1715236  -  Run Bytes Sent By Job
	8620734  -  Run Bytes Received By Job
	1715236  -  Total Bytes Sent By Job
	8620734  -  Total Bytes Received By Job
	Partitionable Resources :    Usage  Request Allocated 
	   Cpus                 :     0.94        1         1 
	   Disk (KB)            : 10650       10000 479786105 
	   Memory (MB)          :  1461        6144      8033 
...
000 (630160.000.000) 04/24 08:39:26 Job submitted from host: <172.20.3.187:9618?addrs=172.20.3.187-9618&noUDP&sock=2297_2121_3>
...
001 (630160.000.000) 04/24 08:48:32 Job executing on host: <172.20.225.2:9618?addrs=172.20.225.2-9618&noUDP&sock=3424_285d_3>
...
006 (630160.000.000) 04/24 08:48:41 Image size of job updated: 14332
	14  -  MemoryUsage of job (MB)
	14332  -  ResidentSetSize of job (KB)
...
006 (630160.000.000) 04/24 08:53:42 Image size of job updated: 713052
	695  -  MemoryUsage of job (MB)
	711320  -  ResidentSetSize of job (KB)
...
006 (630160.000.000) 04/24 08:58:42 Image size of job updated: 987076
	962  -  MemoryUsage of job (MB)
	985068  -  ResidentSetSize of job (KB)
...
006 (630160.000.000) 04/24 09:03:43 Image size of job updated: 1184236
	1157  -  MemoryUsage of job (MB)
	1184072  -  ResidentSetSize of job (KB)
...
006 (630160.000.000) 04/24 09:08:43 Image size of job updated: 1354184
	1323  -  MemoryUsage of job (MB)
	1353872  -  ResidentSetSize of job (KB)
...
006 (630160.000.000) 04/24 09:13:44 Image size of job updated: 1501248
	1466  -  MemoryUsage of job (MB)
	1500748  -  ResidentSetSize of job (KB)
...
005 (630160.000.000) 04/24 09:16:11 Job terminated.
	(1) Normal termination (return value 0)
		Usr 0 00:25:40, Sys 0 00:00:33  -  Run Remote Usage
		Usr 0 00:00:00, Sys 0 00:00:00  -  Run Local Usage
		Usr 0 00:25:40, Sys 0 00:00:33  -  Total Remote Usage
		Usr 0 00:00:00, Sys 0 00:00:00  -  Total Local Usage
	1773663  -  Run Bytes Sent By Job
	8620823  -  Run Bytes Received By Job
	1773663  -  Total Bytes Sent By Job
	8620823  -  Total Bytes Received By Job
	Partitionable Resources :    Usage  Request Allocated 
	   Cpus                 :     0.83        1         1 
	   Disk (KB)            : 10707       10000 479786084 
	   Memory (MB)          :  1466        6144      8033 
...
