000 (630097.000.000) 04/24 07:52:01 Job submitted from host: <172.20.3.187:9618?addrs=172.20.3.187-9618&noUDP&sock=2297_2121_3>
...
001 (630097.000.000) 04/24 07:54:12 Job executing on host: <172.20.225.6:9618?addrs=172.20.225.6-9618&noUDP&sock=3382_5963_3>
...
006 (630097.000.000) 04/24 07:54:21 Image size of job updated: 55076
	39  -  MemoryUsage of job (MB)
	39340  -  ResidentSetSize of job (KB)
...
006 (630097.000.000) 04/24 07:59:22 Image size of job updated: 716848
	700  -  MemoryUsage of job (MB)
	716528  -  ResidentSetSize of job (KB)
...
006 (630097.000.000) 04/24 08:04:22 Image size of job updated: 985656
	962  -  MemoryUsage of job (MB)
	985020  -  ResidentSetSize of job (KB)
...
006 (630097.000.000) 04/24 08:09:23 Image size of job updated: 1177604
	1149  -  MemoryUsage of job (MB)
	1176108  -  ResidentSetSize of job (KB)
...
006 (630097.000.000) 04/24 08:14:23 Image size of job updated: 1333300
	1302  -  MemoryUsage of job (MB)
	1333148  -  ResidentSetSize of job (KB)
...
006 (630097.000.000) 04/24 08:19:24 Image size of job updated: 1462888
	1428  -  MemoryUsage of job (MB)
	1462256  -  ResidentSetSize of job (KB)
...
006 (630097.000.000) 04/24 08:22:50 Image size of job updated: 1462888
	1429  -  MemoryUsage of job (MB)
	1462296  -  ResidentSetSize of job (KB)
...
005 (630097.000.000) 04/24 08:22:50 Job terminated.
	(1) Normal termination (return value 0)
		Usr 0 00:26:24, Sys 0 00:01:10  -  Run Remote Usage
		Usr 0 00:00:00, Sys 0 00:00:00  -  Run Local Usage
		Usr 0 00:26:24, Sys 0 00:01:10  -  Total Remote Usage
		Usr 0 00:00:00, Sys 0 00:00:00  -  Total Local Usage
	1715400  -  Run Bytes Sent By Job
	8620734  -  Run Bytes Received By Job
	1715400  -  Total Bytes Sent By Job
	8620734  -  Total Bytes Received By Job
	Partitionable Resources :    Usage  Request Allocated 
	   Cpus                 :     0.98        1         1 
	   Disk (KB)            : 10649       10000 479749220 
	   Memory (MB)          :  1429        6144      8033 
...
000 (630156.000.000) 04/24 08:39:26 Job submitted from host: <172.20.3.187:9618?addrs=172.20.3.187-9618&noUDP&sock=2297_2121_3>
...
001 (630156.000.000) 04/24 08:48:34 Job executing on host: <172.20.225.7:9618?addrs=172.20.225.7-9618&noUDP&sock=3394_9486_3>
...
006 (630156.000.000) 04/24 08:48:42 Image size of job updated: 54232
	38  -  MemoryUsage of job (MB)
	38764  -  ResidentSetSize of job (KB)
...
006 (630156.000.000) 04/24 08:53:42 Image size of job updated: 657996
	642  -  MemoryUsage of job (MB)
	657340  -  ResidentSetSize of job (KB)
...
006 (630156.000.000) 04/24 08:58:43 Image size of job updated: 930464
	909  -  MemoryUsage of job (MB)
	929900  -  ResidentSetSize of job (KB)
...
006 (630156.000.000) 04/24 09:03:43 Image size of job updated: 1135988
	1110  -  MemoryUsage of job (MB)
	1135624  -  ResidentSetSize of job (KB)
...
006 (630156.000.000) 04/24 09:08:44 Image size of job updated: 1307976
	1278  -  MemoryUsage of job (MB)
	1307744  -  ResidentSetSize of job (KB)
...
006 (630156.000.000) 04/24 09:13:44 Image size of job updated: 1457608
	1424  -  MemoryUsage of job (MB)
	1457404  -  ResidentSetSize of job (KB)
...
005 (630156.000.000) 04/24 09:17:58 Job terminated.
	(1) Normal termination (return value 0)
		Usr 0 00:27:11, Sys 0 00:00:55  -  Run Remote Usage
		Usr 0 00:00:00, Sys 0 00:00:00  -  Run Local Usage
		Usr 0 00:27:11, Sys 0 00:00:55  -  Total Remote Usage
		Usr 0 00:00:00, Sys 0 00:00:00  -  Total Local Usage
	1773632  -  Run Bytes Sent By Job
	8620823  -  Run Bytes Received By Job
	1773632  -  Total Bytes Sent By Job
	8620823  -  Total Bytes Received By Job
	Partitionable Resources :    Usage  Request Allocated 
	   Cpus                 :     0.83        1         1 
	   Disk (KB)            : 10707       10000 479738639 
	   Memory (MB)          :  1424        6144      8033 
...
