000 (630086.000.000) 04/24 07:52:00 Job submitted from host: <172.20.3.187:9618?addrs=172.20.3.187-9618&noUDP&sock=2297_2121_3>
...
001 (630086.000.000) 04/24 07:53:13 Job executing on host: <172.20.225.5:9618?addrs=172.20.225.5-9618&noUDP&sock=3375_8c39_3>
...
006 (630086.000.000) 04/24 07:53:21 Image size of job updated: 55892
	40  -  MemoryUsage of job (MB)
	40324  -  ResidentSetSize of job (KB)
...
006 (630086.000.000) 04/24 07:58:21 Image size of job updated: 705516
	689  -  MemoryUsage of job (MB)
	704892  -  ResidentSetSize of job (KB)
...
006 (630086.000.000) 04/24 08:03:22 Image size of job updated: 979588
	957  -  MemoryUsage of job (MB)
	979320  -  ResidentSetSize of job (KB)
...
006 (630086.000.000) 04/24 08:08:23 Image size of job updated: 1182980
	1156  -  MemoryUsage of job (MB)
	1182748  -  ResidentSetSize of job (KB)
...
006 (630086.000.000) 04/24 08:13:24 Image size of job updated: 1363928
	1332  -  MemoryUsage of job (MB)
	1363684  -  ResidentSetSize of job (KB)
...
006 (630086.000.000) 04/24 08:18:24 Image size of job updated: 1514988
	1480  -  MemoryUsage of job (MB)
	1514708  -  ResidentSetSize of job (KB)
...
005 (630086.000.000) 04/24 08:19:38 Job terminated.
	(1) Normal termination (return value 0)
		Usr 0 00:25:04, Sys 0 00:00:27  -  Run Remote Usage
		Usr 0 00:00:00, Sys 0 00:00:00  -  Run Local Usage
		Usr 0 00:25:04, Sys 0 00:00:27  -  Total Remote Usage
		Usr 0 00:00:00, Sys 0 00:00:00  -  Total Local Usage
	1715425  -  Run Bytes Sent By Job
	8620734  -  Run Bytes Received By Job
	1715425  -  Total Bytes Sent By Job
	8620734  -  Total Bytes Received By Job
	Partitionable Resources :    Usage  Request Allocated 
	   Cpus                 :     0.99        1         1 
	   Disk (KB)            : 10650       10000 479749220 
	   Memory (MB)          :  1480        6144      8033 
...
000 (630145.000.000) 04/24 08:39:25 Job submitted from host: <172.20.3.187:9618?addrs=172.20.3.187-9618&noUDP&sock=2297_2121_3>
...
001 (630145.000.000) 04/24 08:46:31 Job executing on host: <172.20.225.8:9618?addrs=172.20.225.8-9618&noUDP&sock=3440_21e1_3>
...
006 (630145.000.000) 04/24 08:46:40 Image size of job updated: 38688
	38  -  MemoryUsage of job (MB)
	38428  -  ResidentSetSize of job (KB)
...
006 (630145.000.000) 04/24 08:51:41 Image size of job updated: 695132
	679  -  MemoryUsage of job (MB)
	694940  -  ResidentSetSize of job (KB)
...
006 (630145.000.000) 04/24 08:56:42 Image size of job updated: 968628
	946  -  MemoryUsage of job (MB)
	968232  -  ResidentSetSize of job (KB)
...
006 (630145.000.000) 04/24 09:01:42 Image size of job updated: 1170528
	1143  -  MemoryUsage of job (MB)
	1169608  -  ResidentSetSize of job (KB)
...
006 (630145.000.000) 04/24 09:06:44 Image size of job updated: 1346428
	1315  -  MemoryUsage of job (MB)
	1345980  -  ResidentSetSize of job (KB)
...
006 (630145.000.000) 04/24 09:11:45 Image size of job updated: 1491180
	1456  -  MemoryUsage of job (MB)
	1490728  -  ResidentSetSize of job (KB)
...
006 (630145.000.000) 04/24 09:14:42 Image size of job updated: 1491180
	1456  -  MemoryUsage of job (MB)
	1490732  -  ResidentSetSize of job (KB)
...
005 (630145.000.000) 04/24 09:14:42 Job terminated.
	(1) Normal termination (return value 0)
		Usr 0 00:26:06, Sys 0 00:00:40  -  Run Remote Usage
		Usr 0 00:00:00, Sys 0 00:00:00  -  Run Local Usage
		Usr 0 00:26:06, Sys 0 00:00:40  -  Total Remote Usage
		Usr 0 00:00:00, Sys 0 00:00:00  -  Total Local Usage
	1773799  -  Run Bytes Sent By Job
	8620823  -  Run Bytes Received By Job
	1773799  -  Total Bytes Sent By Job
	8620823  -  Total Bytes Received By Job
	Partitionable Resources :    Usage  Request Allocated 
	   Cpus                 :     0.81        1         1 
	   Disk (KB)            : 10707       10000 479737977 
	   Memory (MB)          :  1456        6144      8033 
...
