000 (630091.000.000) 04/24 07:52:01 Job submitted from host: <172.20.3.187:9618?addrs=172.20.3.187-9618&noUDP&sock=2297_2121_3>
...
001 (630091.000.000) 04/24 07:54:13 Job executing on host: <172.20.225.4:9618?addrs=172.20.225.4-9618&noUDP&sock=3366_5fdf_3>
...
006 (630091.000.000) 04/24 07:54:22 Image size of job updated: 54300
	39  -  MemoryUsage of job (MB)
	39412  -  ResidentSetSize of job (KB)
...
006 (630091.000.000) 04/24 07:59:22 Image size of job updated: 681176
	665  -  MemoryUsage of job (MB)
	680708  -  ResidentSetSize of job (KB)
...
006 (630091.000.000) 04/24 08:04:23 Image size of job updated: 956096
	934  -  MemoryUsage of job (MB)
	955724  -  ResidentSetSize of job (KB)
...
006 (630091.000.000) 04/24 08:09:24 Image size of job updated: 1160632
	1134  -  MemoryUsage of job (MB)
	1160220  -  ResidentSetSize of job (KB)
...
006 (630091.000.000) 04/24 08:14:24 Image size of job updated: 1341428
	1309  -  MemoryUsage of job (MB)
	1340368  -  ResidentSetSize of job (KB)
...
006 (630091.000.000) 04/24 08:19:25 Image size of job updated: 1488624
	1454  -  MemoryUsage of job (MB)
	1488416  -  ResidentSetSize of job (KB)
...
005 (630091.000.000) 04/24 08:21:40 Job terminated.
	(1) Normal termination (return value 0)
		Usr 0 00:25:59, Sys 0 00:00:32  -  Run Remote Usage
		Usr 0 00:00:00, Sys 0 00:00:00  -  Run Local Usage
		Usr 0 00:25:59, Sys 0 00:00:32  -  Total Remote Usage
		Usr 0 00:00:00, Sys 0 00:00:00  -  Total Local Usage
	1715364  -  Run Bytes Sent By Job
	8620734  -  Run Bytes Received By Job
	1715364  -  Total Bytes Sent By Job
	8620734  -  Total Bytes Received By Job
	Partitionable Resources :    Usage  Request Allocated 
	   Cpus                 :     0.99        1         1 
	   Disk (KB)            : 10650       10000 479779449 
	   Memory (MB)          :  1454        6144      8033 
...
000 (630150.000.000) 04/24 08:39:26 Job submitted from host: <172.20.3.187:9618?addrs=172.20.3.187-9618&noUDP&sock=2297_2121_3>
...
001 (630150.000.000) 04/24 08:47:32 Job executing on host: <172.20.225.8:9618?addrs=172.20.225.8-9618&noUDP&sock=3440_21e1_3>
...
006 (630150.000.000) 04/24 08:47:42 Image size of job updated: 7472
	8  -  MemoryUsage of job (MB)
	7472  -  ResidentSetSize of job (KB)
...
006 (630150.000.000) 04/24 08:52:42 Image size of job updated: 677260
	661  -  MemoryUsage of job (MB)
	675884  -  ResidentSetSize of job (KB)
...
006 (630150.000.000) 04/24 08:57:42 Image size of job updated: 955444
	932  -  MemoryUsage of job (MB)
	954064  -  ResidentSetSize of job (KB)
...
006 (630150.000.000) 04/24 09:02:42 Image size of job updated: 1159496
	1133  -  MemoryUsage of job (MB)
	1159248  -  ResidentSetSize of job (KB)
...
006 (630150.000.000) 04/24 09:07:43 Image size of job updated: 1335384
	1304  -  MemoryUsage of job (MB)
	1335072  -  ResidentSetSize of job (KB)
...
006 (630150.000.000) 04/24 09:12:43 Image size of job updated: 1483756
	1449  -  MemoryUsage of job (MB)
	1483464  -  ResidentSetSize of job (KB)
...
005 (630150.000.000) 04/24 09:15:53 Job terminated.
	(1) Normal termination (return value 0)
		Usr 0 00:26:10, Sys 0 00:00:38  -  Run Remote Usage
		Usr 0 00:00:00, Sys 0 00:00:00  -  Run Local Usage
		Usr 0 00:26:10, Sys 0 00:00:38  -  Total Remote Usage
		Usr 0 00:00:00, Sys 0 00:00:00  -  Total Local Usage
	1773731  -  Run Bytes Sent By Job
	8620823  -  Run Bytes Received By Job
	1773731  -  Total Bytes Sent By Job
	8620823  -  Total Bytes Received By Job
	Partitionable Resources :    Usage  Request Allocated 
	   Cpus                 :     0.82        1         1 
	   Disk (KB)            : 10706       10000 479737977 
	   Memory (MB)          :  1449        6144      8033 
...
