000 (630107.000.000) 04/24 07:52:02 Job submitted from host: <172.20.3.187:9618?addrs=172.20.3.187-9618&noUDP&sock=2297_2121_3>
...
001 (630107.000.000) 04/24 07:55:12 Job executing on host: <172.20.225.4:9618?addrs=172.20.225.4-9618&noUDP&sock=3366_5fdf_3>
...
006 (630107.000.000) 04/24 07:55:24 Image size of job updated: 219276
	208  -  MemoryUsage of job (MB)
	212960  -  ResidentSetSize of job (KB)
...
006 (630107.000.000) 04/24 08:00:21 Image size of job updated: 681056
	665  -  MemoryUsage of job (MB)
	680584  -  ResidentSetSize of job (KB)
...
006 (630107.000.000) 04/24 08:05:21 Image size of job updated: 944316
	922  -  MemoryUsage of job (MB)
	943888  -  ResidentSetSize of job (KB)
...
006 (630107.000.000) 04/24 08:10:21 Image size of job updated: 1138856
	1112  -  MemoryUsage of job (MB)
	1138364  -  ResidentSetSize of job (KB)
...
006 (630107.000.000) 04/24 08:15:22 Image size of job updated: 1311940
	1281  -  MemoryUsage of job (MB)
	1310848  -  ResidentSetSize of job (KB)
...
006 (630107.000.000) 04/24 08:20:22 Image size of job updated: 1454352
	1421  -  MemoryUsage of job (MB)
	1454108  -  ResidentSetSize of job (KB)
...
006 (630107.000.000) 04/24 08:23:53 Image size of job updated: 1889792
	1421  -  MemoryUsage of job (MB)
	1454132  -  ResidentSetSize of job (KB)
...
005 (630107.000.000) 04/24 08:23:53 Job terminated.
	(1) Normal termination (return value 0)
		Usr 0 00:26:47, Sys 0 00:01:08  -  Run Remote Usage
		Usr 0 00:00:00, Sys 0 00:00:00  -  Run Local Usage
		Usr 0 00:26:47, Sys 0 00:01:08  -  Total Remote Usage
		Usr 0 00:00:00, Sys 0 00:00:00  -  Total Local Usage
	1702271  -  Run Bytes Sent By Job
	8620734  -  Run Bytes Received By Job
	1702271  -  Total Bytes Sent By Job
	8620734  -  Total Bytes Received By Job
	Partitionable Resources :    Usage  Request Allocated 
	   Cpus                 :     0.99        1         1 
	   Disk (KB)            : 10637       10000 479779449 
	   Memory (MB)          :  1421        6144      8033 
...
000 (630166.000.000) 04/24 08:39:27 Job submitted from host: <172.20.3.187:9618?addrs=172.20.3.187-9618&noUDP&sock=2297_2121_3>
...
001 (630166.000.000) 04/24 08:49:34 Job executing on host: <172.20.225.3:9618?addrs=172.20.225.3-9618&noUDP&sock=3391_85bd_3>
...
006 (630166.000.000) 04/24 08:49:43 Image size of job updated: 12324
	13  -  MemoryUsage of job (MB)
	12324  -  ResidentSetSize of job (KB)
...
006 (630166.000.000) 04/24 08:54:45 Image size of job updated: 726092
	668  -  MemoryUsage of job (MB)
	683780  -  ResidentSetSize of job (KB)
...
006 (630166.000.000) 04/24 08:59:45 Image size of job updated: 964072
	942  -  MemoryUsage of job (MB)
	963712  -  ResidentSetSize of job (KB)
...
006 (630166.000.000) 04/24 09:04:46 Image size of job updated: 1161328
	1134  -  MemoryUsage of job (MB)
	1160976  -  ResidentSetSize of job (KB)
...
006 (630166.000.000) 04/24 09:09:50 Image size of job updated: 1340368
	1309  -  MemoryUsage of job (MB)
	1339948  -  ResidentSetSize of job (KB)
...
006 (630166.000.000) 04/24 09:14:47 Image size of job updated: 1486596
	1452  -  MemoryUsage of job (MB)
	1486444  -  ResidentSetSize of job (KB)
...
006 (630166.000.000) 04/24 09:17:14 Image size of job updated: 1486596
	1452  -  MemoryUsage of job (MB)
	1486484  -  ResidentSetSize of job (KB)
...
005 (630166.000.000) 04/24 09:17:14 Job terminated.
	(1) Normal termination (return value 0)
		Usr 0 00:25:32, Sys 0 00:00:43  -  Run Remote Usage
		Usr 0 00:00:00, Sys 0 00:00:00  -  Run Local Usage
		Usr 0 00:25:32, Sys 0 00:00:43  -  Total Remote Usage
		Usr 0 00:00:00, Sys 0 00:00:00  -  Total Local Usage
	1710124  -  Run Bytes Sent By Job
	8620823  -  Run Bytes Received By Job
	1710124  -  Total Bytes Sent By Job
	8620823  -  Total Bytes Received By Job
	Partitionable Resources :    Usage  Request  Allocated 
	   Cpus                 :     0.98        1          1 
	   Disk (KB)            : 10645       10000 2210728621 
	   Memory (MB)          :  1452        6144       8033 
...
