/isilon/condor/hep108.hep.brown.edu/execute/dir_238687
>> Setting macroDir to PWD

Processing compile_step1.C...
>> Running on BRUX, PairVLQ_x53x53_tWtW_narrow_RH_M700_TuneCP5_13TeV-madgraph-pythia8 stored on BRUX
>> Input file path: /isilon/hadoop/store/group/bruxljm/FWLJMET106XUL_singleLep2017UL_RunIISummer20_X53X53/PairVLQ_x53x53_tWtW_narrow_RH_M700_TuneCP5_13TeV-madgraph-pythia8/singleLep2017UL/230310_182013/0000
>> Running step1 over list: 1 10 100 101 102 103 104 105 106 107 108 109 11 110 111 112 113 114 115 116 117 118 119 12 120 121 122 123 124 125
>> Adding PairVLQ_x53x53_tWtW_narrow_RH_M700_TuneCP5_13TeV-madgraph-pythia8_1.root to the list by reading PairVLQ_x53x53_tWtW_narrow_RH_M700_TuneCP5_13TeV-madgraph-pythia8_1
>> Adding PairVLQ_x53x53_tWtW_narrow_RH_M700_TuneCP5_13TeV-madgraph-pythia8_10.root to the list by reading PairVLQ_x53x53_tWtW_narrow_RH_M700_TuneCP5_13TeV-madgraph-pythia8_10
>> Adding PairVLQ_x53x53_tWtW_narrow_RH_M700_TuneCP5_13TeV-madgraph-pythia8_100.root to the list by reading PairVLQ_x53x53_tWtW_narrow_RH_M700_TuneCP5_13TeV-madgraph-pythia8_100
>> Adding PairVLQ_x53x53_tWtW_narrow_RH_M700_TuneCP5_13TeV-madgraph-pythia8_101.root to the list by reading PairVLQ_x53x53_tWtW_narrow_RH_M700_TuneCP5_13TeV-madgraph-pythia8_101
>> Adding PairVLQ_x53x53_tWtW_narrow_RH_M700_TuneCP5_13TeV-madgraph-pythia8_102.root to the list by reading PairVLQ_x53x53_tWtW_narrow_RH_M700_TuneCP5_13TeV-madgraph-pythia8_102
>> Adding PairVLQ_x53x53_tWtW_narrow_RH_M700_TuneCP5_13TeV-madgraph-pythia8_103.root to the list by reading PairVLQ_x53x53_tWtW_narrow_RH_M700_TuneCP5_13TeV-madgraph-pythia8_103
>> Adding PairVLQ_x53x53_tWtW_narrow_RH_M700_TuneCP5_13TeV-madgraph-pythia8_104.root to the list by reading PairVLQ_x53x53_tWtW_narrow_RH_M700_TuneCP5_13TeV-madgraph-pythia8_104
>> Adding PairVLQ_x53x53_tWtW_narrow_RH_M700_TuneCP5_13TeV-madgraph-pythia8_105.root to the list by reading PairVLQ_x53x53_tWtW_narrow_RH_M700_TuneCP5_13TeV-madgraph-pythia8_105
>> Adding PairVLQ_x53x53_tWtW_narrow_RH_M700_TuneCP5_13TeV-madgraph-pythia8_106.root to the list by reading PairVLQ_x53x53_tWtW_narrow_RH_M700_TuneCP5_13TeV-madgraph-pythia8_106
>> Adding PairVLQ_x53x53_tWtW_narrow_RH_M700_TuneCP5_13TeV-madgraph-pythia8_107.root to the list by reading PairVLQ_x53x53_tWtW_narrow_RH_M700_TuneCP5_13TeV-madgraph-pythia8_107
>> Adding PairVLQ_x53x53_tWtW_narrow_RH_M700_TuneCP5_13TeV-madgraph-pythia8_108.root to the list by reading PairVLQ_x53x53_tWtW_narrow_RH_M700_TuneCP5_13TeV-madgraph-pythia8_108
>> Adding PairVLQ_x53x53_tWtW_narrow_RH_M700_TuneCP5_13TeV-madgraph-pythia8_109.root to the list by reading PairVLQ_x53x53_tWtW_narrow_RH_M700_TuneCP5_13TeV-madgraph-pythia8_109
>> Adding PairVLQ_x53x53_tWtW_narrow_RH_M700_TuneCP5_13TeV-madgraph-pythia8_11.root to the list by reading PairVLQ_x53x53_tWtW_narrow_RH_M700_TuneCP5_13TeV-madgraph-pythia8_11
>> Adding PairVLQ_x53x53_tWtW_narrow_RH_M700_TuneCP5_13TeV-madgraph-pythia8_110.root to the list by reading PairVLQ_x53x53_tWtW_narrow_RH_M700_TuneCP5_13TeV-madgraph-pythia8_110
>> Adding PairVLQ_x53x53_tWtW_narrow_RH_M700_TuneCP5_13TeV-madgraph-pythia8_111.root to the list by reading PairVLQ_x53x53_tWtW_narrow_RH_M700_TuneCP5_13TeV-madgraph-pythia8_111
>> Adding PairVLQ_x53x53_tWtW_narrow_RH_M700_TuneCP5_13TeV-madgraph-pythia8_112.root to the list by reading PairVLQ_x53x53_tWtW_narrow_RH_M700_TuneCP5_13TeV-madgraph-pythia8_112
>> Adding PairVLQ_x53x53_tWtW_narrow_RH_M700_TuneCP5_13TeV-madgraph-pythia8_113.root to the list by reading PairVLQ_x53x53_tWtW_narrow_RH_M700_TuneCP5_13TeV-madgraph-pythia8_113
>> Adding PairVLQ_x53x53_tWtW_narrow_RH_M700_TuneCP5_13TeV-madgraph-pythia8_114.root to the list by reading PairVLQ_x53x53_tWtW_narrow_RH_M700_TuneCP5_13TeV-madgraph-pythia8_114
>> Adding PairVLQ_x53x53_tWtW_narrow_RH_M700_TuneCP5_13TeV-madgraph-pythia8_115.root to the list by reading PairVLQ_x53x53_tWtW_narrow_RH_M700_TuneCP5_13TeV-madgraph-pythia8_115
>> Adding PairVLQ_x53x53_tWtW_narrow_RH_M700_TuneCP5_13TeV-madgraph-pythia8_116.root to the list by reading PairVLQ_x53x53_tWtW_narrow_RH_M700_TuneCP5_13TeV-madgraph-pythia8_116
>> Adding PairVLQ_x53x53_tWtW_narrow_RH_M700_TuneCP5_13TeV-madgraph-pythia8_117.root to the list by reading PairVLQ_x53x53_tWtW_narrow_RH_M700_TuneCP5_13TeV-madgraph-pythia8_117
>> Adding PairVLQ_x53x53_tWtW_narrow_RH_M700_TuneCP5_13TeV-madgraph-pythia8_118.root to the list by reading PairVLQ_x53x53_tWtW_narrow_RH_M700_TuneCP5_13TeV-madgraph-pythia8_118
>> Adding PairVLQ_x53x53_tWtW_narrow_RH_M700_TuneCP5_13TeV-madgraph-pythia8_119.root to the list by reading PairVLQ_x53x53_tWtW_narrow_RH_M700_TuneCP5_13TeV-madgraph-pythia8_119
>> Adding PairVLQ_x53x53_tWtW_narrow_RH_M700_TuneCP5_13TeV-madgraph-pythia8_12.root to the list by reading PairVLQ_x53x53_tWtW_narrow_RH_M700_TuneCP5_13TeV-madgraph-pythia8_12
>> Adding PairVLQ_x53x53_tWtW_narrow_RH_M700_TuneCP5_13TeV-madgraph-pythia8_120.root to the list by reading PairVLQ_x53x53_tWtW_narrow_RH_M700_TuneCP5_13TeV-madgraph-pythia8_120
>> Adding PairVLQ_x53x53_tWtW_narrow_RH_M700_TuneCP5_13TeV-madgraph-pythia8_121.root to the list by reading PairVLQ_x53x53_tWtW_narrow_RH_M700_TuneCP5_13TeV-madgraph-pythia8_121
>> Adding PairVLQ_x53x53_tWtW_narrow_RH_M700_TuneCP5_13TeV-madgraph-pythia8_122.root to the list by reading PairVLQ_x53x53_tWtW_narrow_RH_M700_TuneCP5_13TeV-madgraph-pythia8_122
>> Adding PairVLQ_x53x53_tWtW_narrow_RH_M700_TuneCP5_13TeV-madgraph-pythia8_123.root to the list by reading PairVLQ_x53x53_tWtW_narrow_RH_M700_TuneCP5_13TeV-madgraph-pythia8_123
>> Adding PairVLQ_x53x53_tWtW_narrow_RH_M700_TuneCP5_13TeV-madgraph-pythia8_124.root to the list by reading PairVLQ_x53x53_tWtW_narrow_RH_M700_TuneCP5_13TeV-madgraph-pythia8_124
>> Adding PairVLQ_x53x53_tWtW_narrow_RH_M700_TuneCP5_13TeV-madgraph-pythia8_125.root to the list by reading PairVLQ_x53x53_tWtW_narrow_RH_M700_TuneCP5_13TeV-madgraph-pythia8_125
[OPT] Using deepCSV reshaping file: reshaping_deepCSV_106XUL17_v4.csv
[OPT] Using deepJet reshaping file: reshaping_deepJet_106XUL17_v4.csv

>> Running /isilon/hadoop/store/group/bruxljm/FWLJMET106XUL_singleLep2017UL_RunIISummer20_X53X53/PairVLQ_x53x53_tWtW_narrow_RH_M700_TuneCP5_13TeV-madgraph-pythia8/singleLep2017UL/230310_182013/0000/PairVLQ_x53x53_tWtW_narrow_RH_M700_TuneCP5_13TeV-madgraph-pythia8_1.root for shift: nominal
[step1.h] Opening file: /isilon/hadoop/store/group/bruxljm/FWLJMET106XUL_singleLep2017UL_RunIISummer20_X53X53/PairVLQ_x53x53_tWtW_narrow_RH_M700_TuneCP5_13TeV-madgraph-pythia8/singleLep2017UL/230310_182013/0000/PairVLQ_x53x53_tWtW_narrow_RH_M700_TuneCP5_13TeV-madgraph-pythia8_1.root
[step1.h] Finished initializing
RUN CONFIG: YEAR = 2017
Era = 
isMC = 1, isSig = 1, SigMass = 0
isHad =0, isSE =0, isSM =0
isTTTT = 0, isXX = 1, isTpTp = 0, isBpBp = 0
For W's: isTT = 0, isSTt = 0, isSTtW = 0
For jets & PDF: isTOP = 0, isMadgraphBkg = 1
For HOTTagger Efficiencies: isTTV = 0, isTTHbb = 0, isTTHnonbb = 0, isTTTX = 0
isTTVV = 0, isST = 0, isTTToSemiLeptonHT500Njet9 = 0
Pileup sample key: PairVLQ_x53x53_tWtW_narrow_RH_M700_TuneCP5_13TeV-madgraph-pythia8
b-tagging working points: 0.304(DeepJet)0.4506(DeepCSV)
isTTincMtt0to700: 0
isTTincMtt0to1000: 0
isTTincMtt700to1000: 0
isTTincMtt1000toInf: 0
isTTSemilepIncHT0Njet0: 0
isTTSemilepIncHT500Njet9: 0
outTTLF: 0
outTTCC: 0
outTTBB: 0
outTT1B: 0
outTT2B: 0
>> Completed 0 out of 530 events
[INFO] Defaulting to central deepJet weight for: nominal
Nelectrons      = 235 / 530
Npassed_ElEta   = 235 / 530
Nmuons          = 295 / 530
NrelIsoFail     = 0 / 530
Npassed_MuEta   = 295 / 530
Npassed_nAK8Jets= 530 / 530
Npassed_Trigger = 509 / 530
Npassed_MET     = 410 / 530
Npassed_lepPt   = 435 / 530
Npassed_HT      = 515 / 530
npass_Njets     = 529 / 530
Npassed_ALL     = 333 / 530

>> Running /isilon/hadoop/store/group/bruxljm/FWLJMET106XUL_singleLep2017UL_RunIISummer20_X53X53/PairVLQ_x53x53_tWtW_narrow_RH_M700_TuneCP5_13TeV-madgraph-pythia8/singleLep2017UL/230310_182013/0000/PairVLQ_x53x53_tWtW_narrow_RH_M700_TuneCP5_13TeV-madgraph-pythia8_10.root for shift: nominal
[step1.h] Opening file: /isilon/hadoop/store/group/bruxljm/FWLJMET106XUL_singleLep2017UL_RunIISummer20_X53X53/PairVLQ_x53x53_tWtW_narrow_RH_M700_TuneCP5_13TeV-madgraph-pythia8/singleLep2017UL/230310_182013/0000/PairVLQ_x53x53_tWtW_narrow_RH_M700_TuneCP5_13TeV-madgraph-pythia8_10.root
[step1.h] Finished initializing
RUN CONFIG: YEAR = 2017
Era = 
isMC = 1, isSig = 1, SigMass = 0
isHad =0, isSE =0, isSM =0
isTTTT = 0, isXX = 1, isTpTp = 0, isBpBp = 0
For W's: isTT = 0, isSTt = 0, isSTtW = 0
For jets & PDF: isTOP = 0, isMadgraphBkg = 1
For HOTTagger Efficiencies: isTTV = 0, isTTHbb = 0, isTTHnonbb = 0, isTTTX = 0
isTTVV = 0, isST = 0, isTTToSemiLeptonHT500Njet9 = 0
Pileup sample key: PairVLQ_x53x53_tWtW_narrow_RH_M700_TuneCP5_13TeV-madgraph-pythia8
b-tagging working points: 0.304(DeepJet)0.4506(DeepCSV)
isTTincMtt0to700: 0
isTTincMtt0to1000: 0
isTTincMtt700to1000: 0
isTTincMtt1000toInf: 0
isTTSemilepIncHT0Njet0: 0
isTTSemilepIncHT500Njet9: 0
outTTLF: 0
outTTCC: 0
outTTBB: 0
outTT1B: 0
outTT2B: 0
>> Completed 0 out of 525 events
[INFO] Defaulting to central deepJet weight for: nominal
Nelectrons      = 256 / 525
Npassed_ElEta   = 256 / 525
Nmuons          = 269 / 525
NrelIsoFail     = 0 / 525
Npassed_MuEta   = 269 / 525
Npassed_nAK8Jets= 525 / 525
Npassed_Trigger = 514 / 525
Npassed_MET     = 396 / 525
Npassed_lepPt   = 423 / 525
Npassed_HT      = 514 / 525
npass_Njets     = 521 / 525
Npassed_ALL     = 310 / 525

>> Running /isilon/hadoop/store/group/bruxljm/FWLJMET106XUL_singleLep2017UL_RunIISummer20_X53X53/PairVLQ_x53x53_tWtW_narrow_RH_M700_TuneCP5_13TeV-madgraph-pythia8/singleLep2017UL/230310_182013/0000/PairVLQ_x53x53_tWtW_narrow_RH_M700_TuneCP5_13TeV-madgraph-pythia8_100.root for shift: nominal
[step1.h] Opening file: /isilon/hadoop/store/group/bruxljm/FWLJMET106XUL_singleLep2017UL_RunIISummer20_X53X53/PairVLQ_x53x53_tWtW_narrow_RH_M700_TuneCP5_13TeV-madgraph-pythia8/singleLep2017UL/230310_182013/0000/PairVLQ_x53x53_tWtW_narrow_RH_M700_TuneCP5_13TeV-madgraph-pythia8_100.root
[step1.h] Finished initializing
RUN CONFIG: YEAR = 2017
Era = 
isMC = 1, isSig = 1, SigMass = 0
isHad =0, isSE =0, isSM =0
isTTTT = 0, isXX = 1, isTpTp = 0, isBpBp = 0
For W's: isTT = 0, isSTt = 0, isSTtW = 0
For jets & PDF: isTOP = 0, isMadgraphBkg = 1
For HOTTagger Efficiencies: isTTV = 0, isTTHbb = 0, isTTHnonbb = 0, isTTTX = 0
isTTVV = 0, isST = 0, isTTToSemiLeptonHT500Njet9 = 0
Pileup sample key: PairVLQ_x53x53_tWtW_narrow_RH_M700_TuneCP5_13TeV-madgraph-pythia8
b-tagging working points: 0.304(DeepJet)0.4506(DeepCSV)
isTTincMtt0to700: 0
isTTincMtt0to1000: 0
isTTincMtt700to1000: 0
isTTincMtt1000toInf: 0
isTTSemilepIncHT0Njet0: 0
isTTSemilepIncHT500Njet9: 0
outTTLF: 0
outTTCC: 0
outTTBB: 0
outTT1B: 0
outTT2B: 0
>> Completed 0 out of 983 events
[INFO] Defaulting to central deepJet weight for: nominal
Nelectrons      = 425 / 983
Npassed_ElEta   = 425 / 983
Nmuons          = 558 / 983
NrelIsoFail     = 0 / 983
Npassed_MuEta   = 558 / 983
Npassed_nAK8Jets= 983 / 983
Npassed_Trigger = 944 / 983
Npassed_MET     = 756 / 983
Npassed_lepPt   = 815 / 983
Npassed_HT      = 958 / 983
npass_Njets     = 979 / 983
Npassed_ALL     = 607 / 983

>> Running /isilon/hadoop/store/group/bruxljm/FWLJMET106XUL_singleLep2017UL_RunIISummer20_X53X53/PairVLQ_x53x53_tWtW_narrow_RH_M700_TuneCP5_13TeV-madgraph-pythia8/singleLep2017UL/230310_182013/0000/PairVLQ_x53x53_tWtW_narrow_RH_M700_TuneCP5_13TeV-madgraph-pythia8_101.root for shift: nominal
[step1.h] Opening file: /isilon/hadoop/store/group/bruxljm/FWLJMET106XUL_singleLep2017UL_RunIISummer20_X53X53/PairVLQ_x53x53_tWtW_narrow_RH_M700_TuneCP5_13TeV-madgraph-pythia8/singleLep2017UL/230310_182013/0000/PairVLQ_x53x53_tWtW_narrow_RH_M700_TuneCP5_13TeV-madgraph-pythia8_101.root
[step1.h] Finished initializing
RUN CONFIG: YEAR = 2017
Era = 
isMC = 1, isSig = 1, SigMass = 0
isHad =0, isSE =0, isSM =0
isTTTT = 0, isXX = 1, isTpTp = 0, isBpBp = 0
For W's: isTT = 0, isSTt = 0, isSTtW = 0
For jets & PDF: isTOP = 0, isMadgraphBkg = 1
For HOTTagger Efficiencies: isTTV = 0, isTTHbb = 0, isTTHnonbb = 0, isTTTX = 0
isTTVV = 0, isST = 0, isTTToSemiLeptonHT500Njet9 = 0
Pileup sample key: PairVLQ_x53x53_tWtW_narrow_RH_M700_TuneCP5_13TeV-madgraph-pythia8
b-tagging working points: 0.304(DeepJet)0.4506(DeepCSV)
isTTincMtt0to700: 0
isTTincMtt0to1000: 0
isTTincMtt700to1000: 0
isTTincMtt1000toInf: 0
isTTSemilepIncHT0Njet0: 0
isTTSemilepIncHT500Njet9: 0
outTTLF: 0
outTTCC: 0
outTTBB: 0
outTT1B: 0
outTT2B: 0
>> Completed 0 out of 1013 events
[INFO] Defaulting to central deepJet weight for: nominal
>> Completed 1000 out of 1013 events
Nelectrons      = 447 / 1013
Npassed_ElEta   = 447 / 1013
Nmuons          = 566 / 1013
NrelIsoFail     = 0 / 1013
Npassed_MuEta   = 566 / 1013
Npassed_nAK8Jets= 1013 / 1013
Npassed_Trigger = 980 / 1013
Npassed_MET     = 801 / 1013
Npassed_lepPt   = 804 / 1013
Npassed_HT      = 995 / 1013
npass_Njets     = 1012 / 1013
Npassed_ALL     = 625 / 1013

>> Running /isilon/hadoop/store/group/bruxljm/FWLJMET106XUL_singleLep2017UL_RunIISummer20_X53X53/PairVLQ_x53x53_tWtW_narrow_RH_M700_TuneCP5_13TeV-madgraph-pythia8/singleLep2017UL/230310_182013/0000/PairVLQ_x53x53_tWtW_narrow_RH_M700_TuneCP5_13TeV-madgraph-pythia8_102.root for shift: nominal
[step1.h] Opening file: /isilon/hadoop/store/group/bruxljm/FWLJMET106XUL_singleLep2017UL_RunIISummer20_X53X53/PairVLQ_x53x53_tWtW_narrow_RH_M700_TuneCP5_13TeV-madgraph-pythia8/singleLep2017UL/230310_182013/0000/PairVLQ_x53x53_tWtW_narrow_RH_M700_TuneCP5_13TeV-madgraph-pythia8_102.root
[step1.h] Finished initializing
RUN CONFIG: YEAR = 2017
Era = 
isMC = 1, isSig = 1, SigMass = 0
isHad =0, isSE =0, isSM =0
isTTTT = 0, isXX = 1, isTpTp = 0, isBpBp = 0
For W's: isTT = 0, isSTt = 0, isSTtW = 0
For jets & PDF: isTOP = 0, isMadgraphBkg = 1
For HOTTagger Efficiencies: isTTV = 0, isTTHbb = 0, isTTHnonbb = 0, isTTTX = 0
isTTVV = 0, isST = 0, isTTToSemiLeptonHT500Njet9 = 0
Pileup sample key: PairVLQ_x53x53_tWtW_narrow_RH_M700_TuneCP5_13TeV-madgraph-pythia8
b-tagging working points: 0.304(DeepJet)0.4506(DeepCSV)
isTTincMtt0to700: 0
isTTincMtt0to1000: 0
isTTincMtt700to1000: 0
isTTincMtt1000toInf: 0
isTTSemilepIncHT0Njet0: 0
isTTSemilepIncHT500Njet9: 0
outTTLF: 0
outTTCC: 0
outTTBB: 0
outTT1B: 0
outTT2B: 0
>> Completed 0 out of 1058 events
[INFO] Defaulting to central deepJet weight for: nominal
>> Completed 1000 out of 1058 events
Nelectrons      = 513 / 1058
Npassed_ElEta   = 513 / 1058
Nmuons          = 545 / 1058
NrelIsoFail     = 0 / 1058
Npassed_MuEta   = 545 / 1058
Npassed_nAK8Jets= 1058 / 1058
Npassed_Trigger = 1014 / 1058
Npassed_MET     = 810 / 1058
Npassed_lepPt   = 873 / 1058
Npassed_HT      = 1039 / 1058
npass_Njets     = 1054 / 1058
Npassed_ALL     = 652 / 1058

>> Running /isilon/hadoop/store/group/bruxljm/FWLJMET106XUL_singleLep2017UL_RunIISummer20_X53X53/PairVLQ_x53x53_tWtW_narrow_RH_M700_TuneCP5_13TeV-madgraph-pythia8/singleLep2017UL/230310_182013/0000/PairVLQ_x53x53_tWtW_narrow_RH_M700_TuneCP5_13TeV-madgraph-pythia8_103.root for shift: nominal
[step1.h] Opening file: /isilon/hadoop/store/group/bruxljm/FWLJMET106XUL_singleLep2017UL_RunIISummer20_X53X53/PairVLQ_x53x53_tWtW_narrow_RH_M700_TuneCP5_13TeV-madgraph-pythia8/singleLep2017UL/230310_182013/0000/PairVLQ_x53x53_tWtW_narrow_RH_M700_TuneCP5_13TeV-madgraph-pythia8_103.root
[step1.h] Finished initializing
RUN CONFIG: YEAR = 2017
Era = 
isMC = 1, isSig = 1, SigMass = 0
isHad =0, isSE =0, isSM =0
isTTTT = 0, isXX = 1, isTpTp = 0, isBpBp = 0
For W's: isTT = 0, isSTt = 0, isSTtW = 0
For jets & PDF: isTOP = 0, isMadgraphBkg = 1
For HOTTagger Efficiencies: isTTV = 0, isTTHbb = 0, isTTHnonbb = 0, isTTTX = 0
isTTVV = 0, isST = 0, isTTToSemiLeptonHT500Njet9 = 0
Pileup sample key: PairVLQ_x53x53_tWtW_narrow_RH_M700_TuneCP5_13TeV-madgraph-pythia8
b-tagging working points: 0.304(DeepJet)0.4506(DeepCSV)
isTTincMtt0to700: 0
isTTincMtt0to1000: 0
isTTincMtt700to1000: 0
isTTincMtt1000toInf: 0
isTTSemilepIncHT0Njet0: 0
isTTSemilepIncHT500Njet9: 0
outTTLF: 0
outTTCC: 0
outTTBB: 0
outTT1B: 0
outTT2B: 0
>> Completed 0 out of 1027 events
[INFO] Defaulting to central deepJet weight for: nominal
>> Completed 1000 out of 1027 events
Nelectrons      = 488 / 1027
Npassed_ElEta   = 488 / 1027
Nmuons          = 539 / 1027
NrelIsoFail     = 0 / 1027
Npassed_MuEta   = 539 / 1027
Npassed_nAK8Jets= 1027 / 1027
Npassed_Trigger = 993 / 1027
Npassed_MET     = 779 / 1027
Npassed_lepPt   = 862 / 1027
Npassed_HT      = 997 / 1027
npass_Njets     = 1023 / 1027
Npassed_ALL     = 631 / 1027

>> Running /isilon/hadoop/store/group/bruxljm/FWLJMET106XUL_singleLep2017UL_RunIISummer20_X53X53/PairVLQ_x53x53_tWtW_narrow_RH_M700_TuneCP5_13TeV-madgraph-pythia8/singleLep2017UL/230310_182013/0000/PairVLQ_x53x53_tWtW_narrow_RH_M700_TuneCP5_13TeV-madgraph-pythia8_104.root for shift: nominal
[step1.h] Opening file: /isilon/hadoop/store/group/bruxljm/FWLJMET106XUL_singleLep2017UL_RunIISummer20_X53X53/PairVLQ_x53x53_tWtW_narrow_RH_M700_TuneCP5_13TeV-madgraph-pythia8/singleLep2017UL/230310_182013/0000/PairVLQ_x53x53_tWtW_narrow_RH_M700_TuneCP5_13TeV-madgraph-pythia8_104.root
[step1.h] Finished initializing
RUN CONFIG: YEAR = 2017
Era = 
isMC = 1, isSig = 1, SigMass = 0
isHad =0, isSE =0, isSM =0
isTTTT = 0, isXX = 1, isTpTp = 0, isBpBp = 0
For W's: isTT = 0, isSTt = 0, isSTtW = 0
For jets & PDF: isTOP = 0, isMadgraphBkg = 1
For HOTTagger Efficiencies: isTTV = 0, isTTHbb = 0, isTTHnonbb = 0, isTTTX = 0
isTTVV = 0, isST = 0, isTTToSemiLeptonHT500Njet9 = 0
Pileup sample key: PairVLQ_x53x53_tWtW_narrow_RH_M700_TuneCP5_13TeV-madgraph-pythia8
b-tagging working points: 0.304(DeepJet)0.4506(DeepCSV)
isTTincMtt0to700: 0
isTTincMtt0to1000: 0
isTTincMtt700to1000: 0
isTTincMtt1000toInf: 0
isTTSemilepIncHT0Njet0: 0
isTTSemilepIncHT500Njet9: 0
outTTLF: 0
outTTCC: 0
outTTBB: 0
outTT1B: 0
outTT2B: 0
>> Completed 0 out of 1036 events
[INFO] Defaulting to central deepJet weight for: nominal
>> Completed 1000 out of 1036 events
Nelectrons      = 493 / 1036
Npassed_ElEta   = 493 / 1036
Nmuons          = 543 / 1036
NrelIsoFail     = 0 / 1036
Npassed_MuEta   = 543 / 1036
Npassed_nAK8Jets= 1036 / 1036
Npassed_Trigger = 994 / 1036
Npassed_MET     = 802 / 1036
Npassed_lepPt   = 874 / 1036
Npassed_HT      = 1012 / 1036
npass_Njets     = 1030 / 1036
Npassed_ALL     = 661 / 1036

>> Running /isilon/hadoop/store/group/bruxljm/FWLJMET106XUL_singleLep2017UL_RunIISummer20_X53X53/PairVLQ_x53x53_tWtW_narrow_RH_M700_TuneCP5_13TeV-madgraph-pythia8/singleLep2017UL/230310_182013/0000/PairVLQ_x53x53_tWtW_narrow_RH_M700_TuneCP5_13TeV-madgraph-pythia8_105.root for shift: nominal
[step1.h] Opening file: /isilon/hadoop/store/group/bruxljm/FWLJMET106XUL_singleLep2017UL_RunIISummer20_X53X53/PairVLQ_x53x53_tWtW_narrow_RH_M700_TuneCP5_13TeV-madgraph-pythia8/singleLep2017UL/230310_182013/0000/PairVLQ_x53x53_tWtW_narrow_RH_M700_TuneCP5_13TeV-madgraph-pythia8_105.root
[step1.h] Finished initializing
RUN CONFIG: YEAR = 2017
Era = 
isMC = 1, isSig = 1, SigMass = 0
isHad =0, isSE =0, isSM =0
isTTTT = 0, isXX = 1, isTpTp = 0, isBpBp = 0
For W's: isTT = 0, isSTt = 0, isSTtW = 0
For jets & PDF: isTOP = 0, isMadgraphBkg = 1
For HOTTagger Efficiencies: isTTV = 0, isTTHbb = 0, isTTHnonbb = 0, isTTTX = 0
isTTVV = 0, isST = 0, isTTToSemiLeptonHT500Njet9 = 0
Pileup sample key: PairVLQ_x53x53_tWtW_narrow_RH_M700_TuneCP5_13TeV-madgraph-pythia8
b-tagging working points: 0.304(DeepJet)0.4506(DeepCSV)
isTTincMtt0to700: 0
isTTincMtt0to1000: 0
isTTincMtt700to1000: 0
isTTincMtt1000toInf: 0
isTTSemilepIncHT0Njet0: 0
isTTSemilepIncHT500Njet9: 0
outTTLF: 0
outTTCC: 0
outTTBB: 0
outTT1B: 0
outTT2B: 0
>> Completed 0 out of 1045 events
[INFO] Defaulting to central deepJet weight for: nominal
>> Completed 1000 out of 1045 events
Nelectrons      = 503 / 1045
Npassed_ElEta   = 503 / 1045
Nmuons          = 542 / 1045
NrelIsoFail     = 0 / 1045
Npassed_MuEta   = 542 / 1045
Npassed_nAK8Jets= 1045 / 1045
Npassed_Trigger = 1019 / 1045
Npassed_MET     = 792 / 1045
Npassed_lepPt   = 850 / 1045
Npassed_HT      = 1019 / 1045
npass_Njets     = 1043 / 1045
Npassed_ALL     = 631 / 1045

>> Running /isilon/hadoop/store/group/bruxljm/FWLJMET106XUL_singleLep2017UL_RunIISummer20_X53X53/PairVLQ_x53x53_tWtW_narrow_RH_M700_TuneCP5_13TeV-madgraph-pythia8/singleLep2017UL/230310_182013/0000/PairVLQ_x53x53_tWtW_narrow_RH_M700_TuneCP5_13TeV-madgraph-pythia8_106.root for shift: nominal
[step1.h] Opening file: /isilon/hadoop/store/group/bruxljm/FWLJMET106XUL_singleLep2017UL_RunIISummer20_X53X53/PairVLQ_x53x53_tWtW_narrow_RH_M700_TuneCP5_13TeV-madgraph-pythia8/singleLep2017UL/230310_182013/0000/PairVLQ_x53x53_tWtW_narrow_RH_M700_TuneCP5_13TeV-madgraph-pythia8_106.root
[step1.h] Finished initializing
RUN CONFIG: YEAR = 2017
Era = 
isMC = 1, isSig = 1, SigMass = 0
isHad =0, isSE =0, isSM =0
isTTTT = 0, isXX = 1, isTpTp = 0, isBpBp = 0
For W's: isTT = 0, isSTt = 0, isSTtW = 0
For jets & PDF: isTOP = 0, isMadgraphBkg = 1
For HOTTagger Efficiencies: isTTV = 0, isTTHbb = 0, isTTHnonbb = 0, isTTTX = 0
isTTVV = 0, isST = 0, isTTToSemiLeptonHT500Njet9 = 0
Pileup sample key: PairVLQ_x53x53_tWtW_narrow_RH_M700_TuneCP5_13TeV-madgraph-pythia8
b-tagging working points: 0.304(DeepJet)0.4506(DeepCSV)
isTTincMtt0to700: 0
isTTincMtt0to1000: 0
isTTincMtt700to1000: 0
isTTincMtt1000toInf: 0
isTTSemilepIncHT0Njet0: 0
isTTSemilepIncHT500Njet9: 0
outTTLF: 0
outTTCC: 0
outTTBB: 0
outTT1B: 0
outTT2B: 0
>> Completed 0 out of 1013 events
[INFO] Defaulting to central deepJet weight for: nominal
>> Completed 1000 out of 1013 events
Nelectrons      = 441 / 1013
Npassed_ElEta   = 441 / 1013
Nmuons          = 572 / 1013
NrelIsoFail     = 0 / 1013
Npassed_MuEta   = 572 / 1013
Npassed_nAK8Jets= 1013 / 1013
Npassed_Trigger = 964 / 1013
Npassed_MET     = 769 / 1013
Npassed_lepPt   = 816 / 1013
Npassed_HT      = 999 / 1013
npass_Njets     = 1008 / 1013
Npassed_ALL     = 612 / 1013

>> Running /isilon/hadoop/store/group/bruxljm/FWLJMET106XUL_singleLep2017UL_RunIISummer20_X53X53/PairVLQ_x53x53_tWtW_narrow_RH_M700_TuneCP5_13TeV-madgraph-pythia8/singleLep2017UL/230310_182013/0000/PairVLQ_x53x53_tWtW_narrow_RH_M700_TuneCP5_13TeV-madgraph-pythia8_107.root for shift: nominal
[step1.h] Opening file: /isilon/hadoop/store/group/bruxljm/FWLJMET106XUL_singleLep2017UL_RunIISummer20_X53X53/PairVLQ_x53x53_tWtW_narrow_RH_M700_TuneCP5_13TeV-madgraph-pythia8/singleLep2017UL/230310_182013/0000/PairVLQ_x53x53_tWtW_narrow_RH_M700_TuneCP5_13TeV-madgraph-pythia8_107.root
[step1.h] Finished initializing
RUN CONFIG: YEAR = 2017
Era = 
isMC = 1, isSig = 1, SigMass = 0
isHad =0, isSE =0, isSM =0
isTTTT = 0, isXX = 1, isTpTp = 0, isBpBp = 0
For W's: isTT = 0, isSTt = 0, isSTtW = 0
For jets & PDF: isTOP = 0, isMadgraphBkg = 1
For HOTTagger Efficiencies: isTTV = 0, isTTHbb = 0, isTTHnonbb = 0, isTTTX = 0
isTTVV = 0, isST = 0, isTTToSemiLeptonHT500Njet9 = 0
Pileup sample key: PairVLQ_x53x53_tWtW_narrow_RH_M700_TuneCP5_13TeV-madgraph-pythia8
b-tagging working points: 0.304(DeepJet)0.4506(DeepCSV)
isTTincMtt0to700: 0
isTTincMtt0to1000: 0
isTTincMtt700to1000: 0
isTTincMtt1000toInf: 0
isTTSemilepIncHT0Njet0: 0
isTTSemilepIncHT500Njet9: 0
outTTLF: 0
outTTCC: 0
outTTBB: 0
outTT1B: 0
outTT2B: 0
>> Completed 0 out of 988 events
[INFO] Defaulting to central deepJet weight for: nominal
Nelectrons      = 457 / 988
Npassed_ElEta   = 457 / 988
Nmuons          = 531 / 988
NrelIsoFail     = 0 / 988
Npassed_MuEta   = 531 / 988
Npassed_nAK8Jets= 988 / 988
Npassed_Trigger = 961 / 988
Npassed_MET     = 775 / 988
Npassed_lepPt   = 807 / 988
Npassed_HT      = 962 / 988
npass_Njets     = 976 / 988
Npassed_ALL     = 608 / 988

>> Running /isilon/hadoop/store/group/bruxljm/FWLJMET106XUL_singleLep2017UL_RunIISummer20_X53X53/PairVLQ_x53x53_tWtW_narrow_RH_M700_TuneCP5_13TeV-madgraph-pythia8/singleLep2017UL/230310_182013/0000/PairVLQ_x53x53_tWtW_narrow_RH_M700_TuneCP5_13TeV-madgraph-pythia8_108.root for shift: nominal
[step1.h] Opening file: /isilon/hadoop/store/group/bruxljm/FWLJMET106XUL_singleLep2017UL_RunIISummer20_X53X53/PairVLQ_x53x53_tWtW_narrow_RH_M700_TuneCP5_13TeV-madgraph-pythia8/singleLep2017UL/230310_182013/0000/PairVLQ_x53x53_tWtW_narrow_RH_M700_TuneCP5_13TeV-madgraph-pythia8_108.root
[step1.h] Finished initializing
RUN CONFIG: YEAR = 2017
Era = 
isMC = 1, isSig = 1, SigMass = 0
isHad =0, isSE =0, isSM =0
isTTTT = 0, isXX = 1, isTpTp = 0, isBpBp = 0
For W's: isTT = 0, isSTt = 0, isSTtW = 0
For jets & PDF: isTOP = 0, isMadgraphBkg = 1
For HOTTagger Efficiencies: isTTV = 0, isTTHbb = 0, isTTHnonbb = 0, isTTTX = 0
isTTVV = 0, isST = 0, isTTToSemiLeptonHT500Njet9 = 0
Pileup sample key: PairVLQ_x53x53_tWtW_narrow_RH_M700_TuneCP5_13TeV-madgraph-pythia8
b-tagging working points: 0.304(DeepJet)0.4506(DeepCSV)
isTTincMtt0to700: 0
isTTincMtt0to1000: 0
isTTincMtt700to1000: 0
isTTincMtt1000toInf: 0
isTTSemilepIncHT0Njet0: 0
isTTSemilepIncHT500Njet9: 0
outTTLF: 0
outTTCC: 0
outTTBB: 0
outTT1B: 0
outTT2B: 0
>> Completed 0 out of 1036 events
[INFO] Defaulting to central deepJet weight for: nominal
>> Completed 1000 out of 1036 events
Nelectrons      = 451 / 1036
Npassed_ElEta   = 451 / 1036
Nmuons          = 585 / 1036
NrelIsoFail     = 0 / 1036
Npassed_MuEta   = 585 / 1036
Npassed_nAK8Jets= 1036 / 1036
Npassed_Trigger = 999 / 1036
Npassed_MET     = 782 / 1036
Npassed_lepPt   = 834 / 1036
Npassed_HT      = 1013 / 1036
npass_Njets     = 1032 / 1036
Npassed_ALL     = 614 / 1036

>> Running /isilon/hadoop/store/group/bruxljm/FWLJMET106XUL_singleLep2017UL_RunIISummer20_X53X53/PairVLQ_x53x53_tWtW_narrow_RH_M700_TuneCP5_13TeV-madgraph-pythia8/singleLep2017UL/230310_182013/0000/PairVLQ_x53x53_tWtW_narrow_RH_M700_TuneCP5_13TeV-madgraph-pythia8_109.root for shift: nominal
[step1.h] Opening file: /isilon/hadoop/store/group/bruxljm/FWLJMET106XUL_singleLep2017UL_RunIISummer20_X53X53/PairVLQ_x53x53_tWtW_narrow_RH_M700_TuneCP5_13TeV-madgraph-pythia8/singleLep2017UL/230310_182013/0000/PairVLQ_x53x53_tWtW_narrow_RH_M700_TuneCP5_13TeV-madgraph-pythia8_109.root
[step1.h] Finished initializing
RUN CONFIG: YEAR = 2017
Era = 
isMC = 1, isSig = 1, SigMass = 0
isHad =0, isSE =0, isSM =0
isTTTT = 0, isXX = 1, isTpTp = 0, isBpBp = 0
For W's: isTT = 0, isSTt = 0, isSTtW = 0
For jets & PDF: isTOP = 0, isMadgraphBkg = 1
For HOTTagger Efficiencies: isTTV = 0, isTTHbb = 0, isTTHnonbb = 0, isTTTX = 0
isTTVV = 0, isST = 0, isTTToSemiLeptonHT500Njet9 = 0
Pileup sample key: PairVLQ_x53x53_tWtW_narrow_RH_M700_TuneCP5_13TeV-madgraph-pythia8
b-tagging working points: 0.304(DeepJet)0.4506(DeepCSV)
isTTincMtt0to700: 0
isTTincMtt0to1000: 0
isTTincMtt700to1000: 0
isTTincMtt1000toInf: 0
isTTSemilepIncHT0Njet0: 0
isTTSemilepIncHT500Njet9: 0
outTTLF: 0
outTTCC: 0
outTTBB: 0
outTT1B: 0
outTT2B: 0
>> Completed 0 out of 1039 events
[INFO] Defaulting to central deepJet weight for: nominal
>> Completed 1000 out of 1039 events
Nelectrons      = 468 / 1039
Npassed_ElEta   = 468 / 1039
Nmuons          = 571 / 1039
NrelIsoFail     = 0 / 1039
Npassed_MuEta   = 571 / 1039
Npassed_nAK8Jets= 1039 / 1039
Npassed_Trigger = 1007 / 1039
Npassed_MET     = 789 / 1039
Npassed_lepPt   = 819 / 1039
Npassed_HT      = 1006 / 1039
npass_Njets     = 1035 / 1039
Npassed_ALL     = 604 / 1039

>> Running /isilon/hadoop/store/group/bruxljm/FWLJMET106XUL_singleLep2017UL_RunIISummer20_X53X53/PairVLQ_x53x53_tWtW_narrow_RH_M700_TuneCP5_13TeV-madgraph-pythia8/singleLep2017UL/230310_182013/0000/PairVLQ_x53x53_tWtW_narrow_RH_M700_TuneCP5_13TeV-madgraph-pythia8_11.root for shift: nominal
[step1.h] Opening file: /isilon/hadoop/store/group/bruxljm/FWLJMET106XUL_singleLep2017UL_RunIISummer20_X53X53/PairVLQ_x53x53_tWtW_narrow_RH_M700_TuneCP5_13TeV-madgraph-pythia8/singleLep2017UL/230310_182013/0000/PairVLQ_x53x53_tWtW_narrow_RH_M700_TuneCP5_13TeV-madgraph-pythia8_11.root
[step1.h] Finished initializing
RUN CONFIG: YEAR = 2017
Era = 
isMC = 1, isSig = 1, SigMass = 0
isHad =0, isSE =0, isSM =0
isTTTT = 0, isXX = 1, isTpTp = 0, isBpBp = 0
For W's: isTT = 0, isSTt = 0, isSTtW = 0
For jets & PDF: isTOP = 0, isMadgraphBkg = 1
For HOTTagger Efficiencies: isTTV = 0, isTTHbb = 0, isTTHnonbb = 0, isTTTX = 0
isTTVV = 0, isST = 0, isTTToSemiLeptonHT500Njet9 = 0
Pileup sample key: PairVLQ_x53x53_tWtW_narrow_RH_M700_TuneCP5_13TeV-madgraph-pythia8
b-tagging working points: 0.304(DeepJet)0.4506(DeepCSV)
isTTincMtt0to700: 0
isTTincMtt0to1000: 0
isTTincMtt700to1000: 0
isTTincMtt1000toInf: 0
isTTSemilepIncHT0Njet0: 0
isTTSemilepIncHT500Njet9: 0
outTTLF: 0
outTTCC: 0
outTTBB: 0
outTT1B: 0
outTT2B: 0
>> Completed 0 out of 1031 events
[INFO] Defaulting to central deepJet weight for: nominal
>> Completed 1000 out of 1031 events
Nelectrons      = 472 / 1031
Npassed_ElEta   = 472 / 1031
Nmuons          = 559 / 1031
NrelIsoFail     = 0 / 1031
Npassed_MuEta   = 559 / 1031
Npassed_nAK8Jets= 1031 / 1031
Npassed_Trigger = 998 / 1031
Npassed_MET     = 800 / 1031
Npassed_lepPt   = 848 / 1031
Npassed_HT      = 995 / 1031
npass_Njets     = 1022 / 1031
Npassed_ALL     = 625 / 1031

>> Running /isilon/hadoop/store/group/bruxljm/FWLJMET106XUL_singleLep2017UL_RunIISummer20_X53X53/PairVLQ_x53x53_tWtW_narrow_RH_M700_TuneCP5_13TeV-madgraph-pythia8/singleLep2017UL/230310_182013/0000/PairVLQ_x53x53_tWtW_narrow_RH_M700_TuneCP5_13TeV-madgraph-pythia8_110.root for shift: nominal
[step1.h] Opening file: /isilon/hadoop/store/group/bruxljm/FWLJMET106XUL_singleLep2017UL_RunIISummer20_X53X53/PairVLQ_x53x53_tWtW_narrow_RH_M700_TuneCP5_13TeV-madgraph-pythia8/singleLep2017UL/230310_182013/0000/PairVLQ_x53x53_tWtW_narrow_RH_M700_TuneCP5_13TeV-madgraph-pythia8_110.root
[step1.h] Finished initializing
RUN CONFIG: YEAR = 2017
Era = 
isMC = 1, isSig = 1, SigMass = 0
isHad =0, isSE =0, isSM =0
isTTTT = 0, isXX = 1, isTpTp = 0, isBpBp = 0
For W's: isTT = 0, isSTt = 0, isSTtW = 0
For jets & PDF: isTOP = 0, isMadgraphBkg = 1
For HOTTagger Efficiencies: isTTV = 0, isTTHbb = 0, isTTHnonbb = 0, isTTTX = 0
isTTVV = 0, isST = 0, isTTToSemiLeptonHT500Njet9 = 0
Pileup sample key: PairVLQ_x53x53_tWtW_narrow_RH_M700_TuneCP5_13TeV-madgraph-pythia8
b-tagging working points: 0.304(DeepJet)0.4506(DeepCSV)
isTTincMtt0to700: 0
isTTincMtt0to1000: 0
isTTincMtt700to1000: 0
isTTincMtt1000toInf: 0
isTTSemilepIncHT0Njet0: 0
isTTSemilepIncHT500Njet9: 0
outTTLF: 0
outTTCC: 0
outTTBB: 0
outTT1B: 0
outTT2B: 0
>> Completed 0 out of 989 events
[INFO] Defaulting to central deepJet weight for: nominal
Nelectrons      = 452 / 989
Npassed_ElEta   = 452 / 989
Nmuons          = 537 / 989
NrelIsoFail     = 0 / 989
Npassed_MuEta   = 537 / 989
Npassed_nAK8Jets= 989 / 989
Npassed_Trigger = 950 / 989
Npassed_MET     = 758 / 989
Npassed_lepPt   = 816 / 989
Npassed_HT      = 970 / 989
npass_Njets     = 984 / 989
Npassed_ALL     = 608 / 989

>> Running /isilon/hadoop/store/group/bruxljm/FWLJMET106XUL_singleLep2017UL_RunIISummer20_X53X53/PairVLQ_x53x53_tWtW_narrow_RH_M700_TuneCP5_13TeV-madgraph-pythia8/singleLep2017UL/230310_182013/0000/PairVLQ_x53x53_tWtW_narrow_RH_M700_TuneCP5_13TeV-madgraph-pythia8_111.root for shift: nominal
[step1.h] Opening file: /isilon/hadoop/store/group/bruxljm/FWLJMET106XUL_singleLep2017UL_RunIISummer20_X53X53/PairVLQ_x53x53_tWtW_narrow_RH_M700_TuneCP5_13TeV-madgraph-pythia8/singleLep2017UL/230310_182013/0000/PairVLQ_x53x53_tWtW_narrow_RH_M700_TuneCP5_13TeV-madgraph-pythia8_111.root
[step1.h] Finished initializing
RUN CONFIG: YEAR = 2017
Era = 
isMC = 1, isSig = 1, SigMass = 0
isHad =0, isSE =0, isSM =0
isTTTT = 0, isXX = 1, isTpTp = 0, isBpBp = 0
For W's: isTT = 0, isSTt = 0, isSTtW = 0
For jets & PDF: isTOP = 0, isMadgraphBkg = 1
For HOTTagger Efficiencies: isTTV = 0, isTTHbb = 0, isTTHnonbb = 0, isTTTX = 0
isTTVV = 0, isST = 0, isTTToSemiLeptonHT500Njet9 = 0
Pileup sample key: PairVLQ_x53x53_tWtW_narrow_RH_M700_TuneCP5_13TeV-madgraph-pythia8
b-tagging working points: 0.304(DeepJet)0.4506(DeepCSV)
isTTincMtt0to700: 0
isTTincMtt0to1000: 0
isTTincMtt700to1000: 0
isTTincMtt1000toInf: 0
isTTSemilepIncHT0Njet0: 0
isTTSemilepIncHT500Njet9: 0
outTTLF: 0
outTTCC: 0
outTTBB: 0
outTT1B: 0
outTT2B: 0
>> Completed 0 out of 1028 events
[INFO] Defaulting to central deepJet weight for: nominal
>> Completed 1000 out of 1028 events
Nelectrons      = 456 / 1028
Npassed_ElEta   = 456 / 1028
Nmuons          = 572 / 1028
NrelIsoFail     = 0 / 1028
Npassed_MuEta   = 572 / 1028
Npassed_nAK8Jets= 1028 / 1028
Npassed_Trigger = 1000 / 1028
Npassed_MET     = 799 / 1028
Npassed_lepPt   = 843 / 1028
Npassed_HT      = 1006 / 1028
npass_Njets     = 1024 / 1028
Npassed_ALL     = 633 / 1028

>> Running /isilon/hadoop/store/group/bruxljm/FWLJMET106XUL_singleLep2017UL_RunIISummer20_X53X53/PairVLQ_x53x53_tWtW_narrow_RH_M700_TuneCP5_13TeV-madgraph-pythia8/singleLep2017UL/230310_182013/0000/PairVLQ_x53x53_tWtW_narrow_RH_M700_TuneCP5_13TeV-madgraph-pythia8_112.root for shift: nominal
[step1.h] Opening file: /isilon/hadoop/store/group/bruxljm/FWLJMET106XUL_singleLep2017UL_RunIISummer20_X53X53/PairVLQ_x53x53_tWtW_narrow_RH_M700_TuneCP5_13TeV-madgraph-pythia8/singleLep2017UL/230310_182013/0000/PairVLQ_x53x53_tWtW_narrow_RH_M700_TuneCP5_13TeV-madgraph-pythia8_112.root
[step1.h] Finished initializing
RUN CONFIG: YEAR = 2017
Era = 
isMC = 1, isSig = 1, SigMass = 0
isHad =0, isSE =0, isSM =0
isTTTT = 0, isXX = 1, isTpTp = 0, isBpBp = 0
For W's: isTT = 0, isSTt = 0, isSTtW = 0
For jets & PDF: isTOP = 0, isMadgraphBkg = 1
For HOTTagger Efficiencies: isTTV = 0, isTTHbb = 0, isTTHnonbb = 0, isTTTX = 0
isTTVV = 0, isST = 0, isTTToSemiLeptonHT500Njet9 = 0
Pileup sample key: PairVLQ_x53x53_tWtW_narrow_RH_M700_TuneCP5_13TeV-madgraph-pythia8
b-tagging working points: 0.304(DeepJet)0.4506(DeepCSV)
isTTincMtt0to700: 0
isTTincMtt0to1000: 0
isTTincMtt700to1000: 0
isTTincMtt1000toInf: 0
isTTSemilepIncHT0Njet0: 0
isTTSemilepIncHT500Njet9: 0
outTTLF: 0
outTTCC: 0
outTTBB: 0
outTT1B: 0
outTT2B: 0
>> Completed 0 out of 1022 events
[INFO] Defaulting to central deepJet weight for: nominal
>> Completed 1000 out of 1022 events
Nelectrons      = 469 / 1022
Npassed_ElEta   = 469 / 1022
Nmuons          = 553 / 1022
NrelIsoFail     = 0 / 1022
Npassed_MuEta   = 553 / 1022
Npassed_nAK8Jets= 1022 / 1022
Npassed_Trigger = 986 / 1022
Npassed_MET     = 794 / 1022
Npassed_lepPt   = 836 / 1022
Npassed_HT      = 997 / 1022
npass_Njets     = 1016 / 1022
Npassed_ALL     = 635 / 1022

>> Running /isilon/hadoop/store/group/bruxljm/FWLJMET106XUL_singleLep2017UL_RunIISummer20_X53X53/PairVLQ_x53x53_tWtW_narrow_RH_M700_TuneCP5_13TeV-madgraph-pythia8/singleLep2017UL/230310_182013/0000/PairVLQ_x53x53_tWtW_narrow_RH_M700_TuneCP5_13TeV-madgraph-pythia8_113.root for shift: nominal
[step1.h] Opening file: /isilon/hadoop/store/group/bruxljm/FWLJMET106XUL_singleLep2017UL_RunIISummer20_X53X53/PairVLQ_x53x53_tWtW_narrow_RH_M700_TuneCP5_13TeV-madgraph-pythia8/singleLep2017UL/230310_182013/0000/PairVLQ_x53x53_tWtW_narrow_RH_M700_TuneCP5_13TeV-madgraph-pythia8_113.root
[step1.h] Finished initializing
RUN CONFIG: YEAR = 2017
Era = 
isMC = 1, isSig = 1, SigMass = 0
isHad =0, isSE =0, isSM =0
isTTTT = 0, isXX = 1, isTpTp = 0, isBpBp = 0
For W's: isTT = 0, isSTt = 0, isSTtW = 0
For jets & PDF: isTOP = 0, isMadgraphBkg = 1
For HOTTagger Efficiencies: isTTV = 0, isTTHbb = 0, isTTHnonbb = 0, isTTTX = 0
isTTVV = 0, isST = 0, isTTToSemiLeptonHT500Njet9 = 0
Pileup sample key: PairVLQ_x53x53_tWtW_narrow_RH_M700_TuneCP5_13TeV-madgraph-pythia8
b-tagging working points: 0.304(DeepJet)0.4506(DeepCSV)
isTTincMtt0to700: 0
isTTincMtt0to1000: 0
isTTincMtt700to1000: 0
isTTincMtt1000toInf: 0
isTTSemilepIncHT0Njet0: 0
isTTSemilepIncHT500Njet9: 0
outTTLF: 0
outTTCC: 0
outTTBB: 0
outTT1B: 0
outTT2B: 0
>> Completed 0 out of 1022 events
[INFO] Defaulting to central deepJet weight for: nominal
>> Completed 1000 out of 1022 events
Nelectrons      = 474 / 1022
Npassed_ElEta   = 474 / 1022
Nmuons          = 548 / 1022
NrelIsoFail     = 0 / 1022
Npassed_MuEta   = 548 / 1022
Npassed_nAK8Jets= 1022 / 1022
Npassed_Trigger = 982 / 1022
Npassed_MET     = 765 / 1022
Npassed_lepPt   = 833 / 1022
Npassed_HT      = 1003 / 1022
npass_Njets     = 1018 / 1022
Npassed_ALL     = 601 / 1022

>> Running /isilon/hadoop/store/group/bruxljm/FWLJMET106XUL_singleLep2017UL_RunIISummer20_X53X53/PairVLQ_x53x53_tWtW_narrow_RH_M700_TuneCP5_13TeV-madgraph-pythia8/singleLep2017UL/230310_182013/0000/PairVLQ_x53x53_tWtW_narrow_RH_M700_TuneCP5_13TeV-madgraph-pythia8_114.root for shift: nominal
[step1.h] Opening file: /isilon/hadoop/store/group/bruxljm/FWLJMET106XUL_singleLep2017UL_RunIISummer20_X53X53/PairVLQ_x53x53_tWtW_narrow_RH_M700_TuneCP5_13TeV-madgraph-pythia8/singleLep2017UL/230310_182013/0000/PairVLQ_x53x53_tWtW_narrow_RH_M700_TuneCP5_13TeV-madgraph-pythia8_114.root
[step1.h] Finished initializing
RUN CONFIG: YEAR = 2017
Era = 
isMC = 1, isSig = 1, SigMass = 0
isHad =0, isSE =0, isSM =0
isTTTT = 0, isXX = 1, isTpTp = 0, isBpBp = 0
For W's: isTT = 0, isSTt = 0, isSTtW = 0
For jets & PDF: isTOP = 0, isMadgraphBkg = 1
For HOTTagger Efficiencies: isTTV = 0, isTTHbb = 0, isTTHnonbb = 0, isTTTX = 0
isTTVV = 0, isST = 0, isTTToSemiLeptonHT500Njet9 = 0
Pileup sample key: PairVLQ_x53x53_tWtW_narrow_RH_M700_TuneCP5_13TeV-madgraph-pythia8
b-tagging working points: 0.304(DeepJet)0.4506(DeepCSV)
isTTincMtt0to700: 0
isTTincMtt0to1000: 0
isTTincMtt700to1000: 0
isTTincMtt1000toInf: 0
isTTSemilepIncHT0Njet0: 0
isTTSemilepIncHT500Njet9: 0
outTTLF: 0
outTTCC: 0
outTTBB: 0
outTT1B: 0
outTT2B: 0
>> Completed 0 out of 1067 events
[INFO] Defaulting to central deepJet weight for: nominal
>> Completed 1000 out of 1067 events
Nelectrons      = 508 / 1067
Npassed_ElEta   = 508 / 1067
Nmuons          = 559 / 1067
NrelIsoFail     = 0 / 1067
Npassed_MuEta   = 559 / 1067
Npassed_nAK8Jets= 1067 / 1067
Npassed_Trigger = 1030 / 1067
Npassed_MET     = 805 / 1067
Npassed_lepPt   = 878 / 1067
Npassed_HT      = 1039 / 1067
npass_Njets     = 1062 / 1067
Npassed_ALL     = 643 / 1067

>> Running /isilon/hadoop/store/group/bruxljm/FWLJMET106XUL_singleLep2017UL_RunIISummer20_X53X53/PairVLQ_x53x53_tWtW_narrow_RH_M700_TuneCP5_13TeV-madgraph-pythia8/singleLep2017UL/230310_182013/0000/PairVLQ_x53x53_tWtW_narrow_RH_M700_TuneCP5_13TeV-madgraph-pythia8_115.root for shift: nominal
[step1.h] Opening file: /isilon/hadoop/store/group/bruxljm/FWLJMET106XUL_singleLep2017UL_RunIISummer20_X53X53/PairVLQ_x53x53_tWtW_narrow_RH_M700_TuneCP5_13TeV-madgraph-pythia8/singleLep2017UL/230310_182013/0000/PairVLQ_x53x53_tWtW_narrow_RH_M700_TuneCP5_13TeV-madgraph-pythia8_115.root
[step1.h] Finished initializing
RUN CONFIG: YEAR = 2017
Era = 
isMC = 1, isSig = 1, SigMass = 0
isHad =0, isSE =0, isSM =0
isTTTT = 0, isXX = 1, isTpTp = 0, isBpBp = 0
For W's: isTT = 0, isSTt = 0, isSTtW = 0
For jets & PDF: isTOP = 0, isMadgraphBkg = 1
For HOTTagger Efficiencies: isTTV = 0, isTTHbb = 0, isTTHnonbb = 0, isTTTX = 0
isTTVV = 0, isST = 0, isTTToSemiLeptonHT500Njet9 = 0
Pileup sample key: PairVLQ_x53x53_tWtW_narrow_RH_M700_TuneCP5_13TeV-madgraph-pythia8
b-tagging working points: 0.304(DeepJet)0.4506(DeepCSV)
isTTincMtt0to700: 0
isTTincMtt0to1000: 0
isTTincMtt700to1000: 0
isTTincMtt1000toInf: 0
isTTSemilepIncHT0Njet0: 0
isTTSemilepIncHT500Njet9: 0
outTTLF: 0
outTTCC: 0
outTTBB: 0
outTT1B: 0
outTT2B: 0
>> Completed 0 out of 1029 events
[INFO] Defaulting to central deepJet weight for: nominal
>> Completed 1000 out of 1029 events
Nelectrons      = 475 / 1029
Npassed_ElEta   = 475 / 1029
Nmuons          = 554 / 1029
NrelIsoFail     = 0 / 1029
Npassed_MuEta   = 554 / 1029
Npassed_nAK8Jets= 1029 / 1029
Npassed_Trigger = 998 / 1029
Npassed_MET     = 780 / 1029
Npassed_lepPt   = 837 / 1029
Npassed_HT      = 997 / 1029
npass_Njets     = 1023 / 1029
Npassed_ALL     = 605 / 1029

>> Running /isilon/hadoop/store/group/bruxljm/FWLJMET106XUL_singleLep2017UL_RunIISummer20_X53X53/PairVLQ_x53x53_tWtW_narrow_RH_M700_TuneCP5_13TeV-madgraph-pythia8/singleLep2017UL/230310_182013/0000/PairVLQ_x53x53_tWtW_narrow_RH_M700_TuneCP5_13TeV-madgraph-pythia8_116.root for shift: nominal
[step1.h] Opening file: /isilon/hadoop/store/group/bruxljm/FWLJMET106XUL_singleLep2017UL_RunIISummer20_X53X53/PairVLQ_x53x53_tWtW_narrow_RH_M700_TuneCP5_13TeV-madgraph-pythia8/singleLep2017UL/230310_182013/0000/PairVLQ_x53x53_tWtW_narrow_RH_M700_TuneCP5_13TeV-madgraph-pythia8_116.root
[step1.h] Finished initializing
RUN CONFIG: YEAR = 2017
Era = 
isMC = 1, isSig = 1, SigMass = 0
isHad =0, isSE =0, isSM =0
isTTTT = 0, isXX = 1, isTpTp = 0, isBpBp = 0
For W's: isTT = 0, isSTt = 0, isSTtW = 0
For jets & PDF: isTOP = 0, isMadgraphBkg = 1
For HOTTagger Efficiencies: isTTV = 0, isTTHbb = 0, isTTHnonbb = 0, isTTTX = 0
isTTVV = 0, isST = 0, isTTToSemiLeptonHT500Njet9 = 0
Pileup sample key: PairVLQ_x53x53_tWtW_narrow_RH_M700_TuneCP5_13TeV-madgraph-pythia8
b-tagging working points: 0.304(DeepJet)0.4506(DeepCSV)
isTTincMtt0to700: 0
isTTincMtt0to1000: 0
isTTincMtt700to1000: 0
isTTincMtt1000toInf: 0
isTTSemilepIncHT0Njet0: 0
isTTSemilepIncHT500Njet9: 0
outTTLF: 0
outTTCC: 0
outTTBB: 0
outTT1B: 0
outTT2B: 0
>> Completed 0 out of 1000 events
[INFO] Defaulting to central deepJet weight for: nominal
Nelectrons      = 495 / 1000
Npassed_ElEta   = 495 / 1000
Nmuons          = 505 / 1000
NrelIsoFail     = 0 / 1000
Npassed_MuEta   = 505 / 1000
Npassed_nAK8Jets= 1000 / 1000
Npassed_Trigger = 957 / 1000
Npassed_MET     = 743 / 1000
Npassed_lepPt   = 796 / 1000
Npassed_HT      = 967 / 1000
npass_Njets     = 993 / 1000
Npassed_ALL     = 569 / 1000

>> Running /isilon/hadoop/store/group/bruxljm/FWLJMET106XUL_singleLep2017UL_RunIISummer20_X53X53/PairVLQ_x53x53_tWtW_narrow_RH_M700_TuneCP5_13TeV-madgraph-pythia8/singleLep2017UL/230310_182013/0000/PairVLQ_x53x53_tWtW_narrow_RH_M700_TuneCP5_13TeV-madgraph-pythia8_117.root for shift: nominal
[step1.h] Opening file: /isilon/hadoop/store/group/bruxljm/FWLJMET106XUL_singleLep2017UL_RunIISummer20_X53X53/PairVLQ_x53x53_tWtW_narrow_RH_M700_TuneCP5_13TeV-madgraph-pythia8/singleLep2017UL/230310_182013/0000/PairVLQ_x53x53_tWtW_narrow_RH_M700_TuneCP5_13TeV-madgraph-pythia8_117.root
[step1.h] Finished initializing
RUN CONFIG: YEAR = 2017
Era = 
isMC = 1, isSig = 1, SigMass = 0
isHad =0, isSE =0, isSM =0
isTTTT = 0, isXX = 1, isTpTp = 0, isBpBp = 0
For W's: isTT = 0, isSTt = 0, isSTtW = 0
For jets & PDF: isTOP = 0, isMadgraphBkg = 1
For HOTTagger Efficiencies: isTTV = 0, isTTHbb = 0, isTTHnonbb = 0, isTTTX = 0
isTTVV = 0, isST = 0, isTTToSemiLeptonHT500Njet9 = 0
Pileup sample key: PairVLQ_x53x53_tWtW_narrow_RH_M700_TuneCP5_13TeV-madgraph-pythia8
b-tagging working points: 0.304(DeepJet)0.4506(DeepCSV)
isTTincMtt0to700: 0
isTTincMtt0to1000: 0
isTTincMtt700to1000: 0
isTTincMtt1000toInf: 0
isTTSemilepIncHT0Njet0: 0
isTTSemilepIncHT500Njet9: 0
outTTLF: 0
outTTCC: 0
outTTBB: 0
outTT1B: 0
outTT2B: 0
>> Completed 0 out of 1033 events
[INFO] Defaulting to central deepJet weight for: nominal
>> Completed 1000 out of 1033 events
Nelectrons      = 505 / 1033
Npassed_ElEta   = 505 / 1033
Nmuons          = 528 / 1033
NrelIsoFail     = 0 / 1033
Npassed_MuEta   = 528 / 1033
Npassed_nAK8Jets= 1033 / 1033
Npassed_Trigger = 987 / 1033
Npassed_MET     = 785 / 1033
Npassed_lepPt   = 834 / 1033
Npassed_HT      = 1009 / 1033
npass_Njets     = 1026 / 1033
Npassed_ALL     = 611 / 1033

>> Running /isilon/hadoop/store/group/bruxljm/FWLJMET106XUL_singleLep2017UL_RunIISummer20_X53X53/PairVLQ_x53x53_tWtW_narrow_RH_M700_TuneCP5_13TeV-madgraph-pythia8/singleLep2017UL/230310_182013/0000/PairVLQ_x53x53_tWtW_narrow_RH_M700_TuneCP5_13TeV-madgraph-pythia8_118.root for shift: nominal
[step1.h] Opening file: /isilon/hadoop/store/group/bruxljm/FWLJMET106XUL_singleLep2017UL_RunIISummer20_X53X53/PairVLQ_x53x53_tWtW_narrow_RH_M700_TuneCP5_13TeV-madgraph-pythia8/singleLep2017UL/230310_182013/0000/PairVLQ_x53x53_tWtW_narrow_RH_M700_TuneCP5_13TeV-madgraph-pythia8_118.root
[step1.h] Finished initializing
RUN CONFIG: YEAR = 2017
Era = 
isMC = 1, isSig = 1, SigMass = 0
isHad =0, isSE =0, isSM =0
isTTTT = 0, isXX = 1, isTpTp = 0, isBpBp = 0
For W's: isTT = 0, isSTt = 0, isSTtW = 0
For jets & PDF: isTOP = 0, isMadgraphBkg = 1
For HOTTagger Efficiencies: isTTV = 0, isTTHbb = 0, isTTHnonbb = 0, isTTTX = 0
isTTVV = 0, isST = 0, isTTToSemiLeptonHT500Njet9 = 0
Pileup sample key: PairVLQ_x53x53_tWtW_narrow_RH_M700_TuneCP5_13TeV-madgraph-pythia8
b-tagging working points: 0.304(DeepJet)0.4506(DeepCSV)
isTTincMtt0to700: 0
isTTincMtt0to1000: 0
isTTincMtt700to1000: 0
isTTincMtt1000toInf: 0
isTTSemilepIncHT0Njet0: 0
isTTSemilepIncHT500Njet9: 0
outTTLF: 0
outTTCC: 0
outTTBB: 0
outTT1B: 0
outTT2B: 0
>> Completed 0 out of 1044 events
[INFO] Defaulting to central deepJet weight for: nominal
>> Completed 1000 out of 1044 events
Nelectrons      = 483 / 1044
Npassed_ElEta   = 483 / 1044
Nmuons          = 561 / 1044
NrelIsoFail     = 0 / 1044
Npassed_MuEta   = 561 / 1044
Npassed_nAK8Jets= 1044 / 1044
Npassed_Trigger = 1004 / 1044
Npassed_MET     = 790 / 1044
Npassed_lepPt   = 850 / 1044
Npassed_HT      = 1014 / 1044
npass_Njets     = 1037 / 1044
Npassed_ALL     = 614 / 1044

>> Running /isilon/hadoop/store/group/bruxljm/FWLJMET106XUL_singleLep2017UL_RunIISummer20_X53X53/PairVLQ_x53x53_tWtW_narrow_RH_M700_TuneCP5_13TeV-madgraph-pythia8/singleLep2017UL/230310_182013/0000/PairVLQ_x53x53_tWtW_narrow_RH_M700_TuneCP5_13TeV-madgraph-pythia8_119.root for shift: nominal
[step1.h] Opening file: /isilon/hadoop/store/group/bruxljm/FWLJMET106XUL_singleLep2017UL_RunIISummer20_X53X53/PairVLQ_x53x53_tWtW_narrow_RH_M700_TuneCP5_13TeV-madgraph-pythia8/singleLep2017UL/230310_182013/0000/PairVLQ_x53x53_tWtW_narrow_RH_M700_TuneCP5_13TeV-madgraph-pythia8_119.root
[step1.h] Finished initializing
RUN CONFIG: YEAR = 2017
Era = 
isMC = 1, isSig = 1, SigMass = 0
isHad =0, isSE =0, isSM =0
isTTTT = 0, isXX = 1, isTpTp = 0, isBpBp = 0
For W's: isTT = 0, isSTt = 0, isSTtW = 0
For jets & PDF: isTOP = 0, isMadgraphBkg = 1
For HOTTagger Efficiencies: isTTV = 0, isTTHbb = 0, isTTHnonbb = 0, isTTTX = 0
isTTVV = 0, isST = 0, isTTToSemiLeptonHT500Njet9 = 0
Pileup sample key: PairVLQ_x53x53_tWtW_narrow_RH_M700_TuneCP5_13TeV-madgraph-pythia8
b-tagging working points: 0.304(DeepJet)0.4506(DeepCSV)
isTTincMtt0to700: 0
isTTincMtt0to1000: 0
isTTincMtt700to1000: 0
isTTincMtt1000toInf: 0
isTTSemilepIncHT0Njet0: 0
isTTSemilepIncHT500Njet9: 0
outTTLF: 0
outTTCC: 0
outTTBB: 0
outTT1B: 0
outTT2B: 0
>> Completed 0 out of 1060 events
[INFO] Defaulting to central deepJet weight for: nominal
>> Completed 1000 out of 1060 events
Nelectrons      = 480 / 1060
Npassed_ElEta   = 480 / 1060
Nmuons          = 580 / 1060
NrelIsoFail     = 0 / 1060
Npassed_MuEta   = 580 / 1060
Npassed_nAK8Jets= 1060 / 1060
Npassed_Trigger = 1017 / 1060
Npassed_MET     = 828 / 1060
Npassed_lepPt   = 864 / 1060
Npassed_HT      = 1038 / 1060
npass_Njets     = 1057 / 1060
Npassed_ALL     = 657 / 1060

>> Running /isilon/hadoop/store/group/bruxljm/FWLJMET106XUL_singleLep2017UL_RunIISummer20_X53X53/PairVLQ_x53x53_tWtW_narrow_RH_M700_TuneCP5_13TeV-madgraph-pythia8/singleLep2017UL/230310_182013/0000/PairVLQ_x53x53_tWtW_narrow_RH_M700_TuneCP5_13TeV-madgraph-pythia8_12.root for shift: nominal
[step1.h] Opening file: /isilon/hadoop/store/group/bruxljm/FWLJMET106XUL_singleLep2017UL_RunIISummer20_X53X53/PairVLQ_x53x53_tWtW_narrow_RH_M700_TuneCP5_13TeV-madgraph-pythia8/singleLep2017UL/230310_182013/0000/PairVLQ_x53x53_tWtW_narrow_RH_M700_TuneCP5_13TeV-madgraph-pythia8_12.root
[step1.h] Finished initializing
RUN CONFIG: YEAR = 2017
Era = 
isMC = 1, isSig = 1, SigMass = 0
isHad =0, isSE =0, isSM =0
isTTTT = 0, isXX = 1, isTpTp = 0, isBpBp = 0
For W's: isTT = 0, isSTt = 0, isSTtW = 0
For jets & PDF: isTOP = 0, isMadgraphBkg = 1
For HOTTagger Efficiencies: isTTV = 0, isTTHbb = 0, isTTHnonbb = 0, isTTTX = 0
isTTVV = 0, isST = 0, isTTToSemiLeptonHT500Njet9 = 0
Pileup sample key: PairVLQ_x53x53_tWtW_narrow_RH_M700_TuneCP5_13TeV-madgraph-pythia8
b-tagging working points: 0.304(DeepJet)0.4506(DeepCSV)
isTTincMtt0to700: 0
isTTincMtt0to1000: 0
isTTincMtt700to1000: 0
isTTincMtt1000toInf: 0
isTTSemilepIncHT0Njet0: 0
isTTSemilepIncHT500Njet9: 0
outTTLF: 0
outTTCC: 0
outTTBB: 0
outTT1B: 0
outTT2B: 0
>> Completed 0 out of 1013 events
[INFO] Defaulting to central deepJet weight for: nominal
>> Completed 1000 out of 1013 events
Nelectrons      = 463 / 1013
Npassed_ElEta   = 463 / 1013
Nmuons          = 550 / 1013
NrelIsoFail     = 0 / 1013
Npassed_MuEta   = 550 / 1013
Npassed_nAK8Jets= 1013 / 1013
Npassed_Trigger = 971 / 1013
Npassed_MET     = 801 / 1013
Npassed_lepPt   = 815 / 1013
Npassed_HT      = 990 / 1013
npass_Njets     = 1005 / 1013
Npassed_ALL     = 628 / 1013

>> Running /isilon/hadoop/store/group/bruxljm/FWLJMET106XUL_singleLep2017UL_RunIISummer20_X53X53/PairVLQ_x53x53_tWtW_narrow_RH_M700_TuneCP5_13TeV-madgraph-pythia8/singleLep2017UL/230310_182013/0000/PairVLQ_x53x53_tWtW_narrow_RH_M700_TuneCP5_13TeV-madgraph-pythia8_120.root for shift: nominal
[step1.h] Opening file: /isilon/hadoop/store/group/bruxljm/FWLJMET106XUL_singleLep2017UL_RunIISummer20_X53X53/PairVLQ_x53x53_tWtW_narrow_RH_M700_TuneCP5_13TeV-madgraph-pythia8/singleLep2017UL/230310_182013/0000/PairVLQ_x53x53_tWtW_narrow_RH_M700_TuneCP5_13TeV-madgraph-pythia8_120.root
[step1.h] Finished initializing
RUN CONFIG: YEAR = 2017
Era = 
isMC = 1, isSig = 1, SigMass = 0
isHad =0, isSE =0, isSM =0
isTTTT = 0, isXX = 1, isTpTp = 0, isBpBp = 0
For W's: isTT = 0, isSTt = 0, isSTtW = 0
For jets & PDF: isTOP = 0, isMadgraphBkg = 1
For HOTTagger Efficiencies: isTTV = 0, isTTHbb = 0, isTTHnonbb = 0, isTTTX = 0
isTTVV = 0, isST = 0, isTTToSemiLeptonHT500Njet9 = 0
Pileup sample key: PairVLQ_x53x53_tWtW_narrow_RH_M700_TuneCP5_13TeV-madgraph-pythia8
b-tagging working points: 0.304(DeepJet)0.4506(DeepCSV)
isTTincMtt0to700: 0
isTTincMtt0to1000: 0
isTTincMtt700to1000: 0
isTTincMtt1000toInf: 0
isTTSemilepIncHT0Njet0: 0
isTTSemilepIncHT500Njet9: 0
outTTLF: 0
outTTCC: 0
outTTBB: 0
outTT1B: 0
outTT2B: 0
>> Completed 0 out of 1035 events
[INFO] Defaulting to central deepJet weight for: nominal
>> Completed 1000 out of 1035 events
Nelectrons      = 494 / 1035
Npassed_ElEta   = 494 / 1035
Nmuons          = 541 / 1035
NrelIsoFail     = 0 / 1035
Npassed_MuEta   = 541 / 1035
Npassed_nAK8Jets= 1035 / 1035
Npassed_Trigger = 1006 / 1035
Npassed_MET     = 784 / 1035
Npassed_lepPt   = 820 / 1035
Npassed_HT      = 1006 / 1035
npass_Njets     = 1030 / 1035
Npassed_ALL     = 596 / 1035

>> Running /isilon/hadoop/store/group/bruxljm/FWLJMET106XUL_singleLep2017UL_RunIISummer20_X53X53/PairVLQ_x53x53_tWtW_narrow_RH_M700_TuneCP5_13TeV-madgraph-pythia8/singleLep2017UL/230310_182013/0000/PairVLQ_x53x53_tWtW_narrow_RH_M700_TuneCP5_13TeV-madgraph-pythia8_121.root for shift: nominal
[step1.h] Opening file: /isilon/hadoop/store/group/bruxljm/FWLJMET106XUL_singleLep2017UL_RunIISummer20_X53X53/PairVLQ_x53x53_tWtW_narrow_RH_M700_TuneCP5_13TeV-madgraph-pythia8/singleLep2017UL/230310_182013/0000/PairVLQ_x53x53_tWtW_narrow_RH_M700_TuneCP5_13TeV-madgraph-pythia8_121.root
[step1.h] Finished initializing
RUN CONFIG: YEAR = 2017
Era = 
isMC = 1, isSig = 1, SigMass = 0
isHad =0, isSE =0, isSM =0
isTTTT = 0, isXX = 1, isTpTp = 0, isBpBp = 0
For W's: isTT = 0, isSTt = 0, isSTtW = 0
For jets & PDF: isTOP = 0, isMadgraphBkg = 1
For HOTTagger Efficiencies: isTTV = 0, isTTHbb = 0, isTTHnonbb = 0, isTTTX = 0
isTTVV = 0, isST = 0, isTTToSemiLeptonHT500Njet9 = 0
Pileup sample key: PairVLQ_x53x53_tWtW_narrow_RH_M700_TuneCP5_13TeV-madgraph-pythia8
b-tagging working points: 0.304(DeepJet)0.4506(DeepCSV)
isTTincMtt0to700: 0
isTTincMtt0to1000: 0
isTTincMtt700to1000: 0
isTTincMtt1000toInf: 0
isTTSemilepIncHT0Njet0: 0
isTTSemilepIncHT500Njet9: 0
outTTLF: 0
outTTCC: 0
outTTBB: 0
outTT1B: 0
outTT2B: 0
>> Completed 0 out of 1013 events
[INFO] Defaulting to central deepJet weight for: nominal
>> Completed 1000 out of 1013 events
Nelectrons      = 481 / 1013
Npassed_ElEta   = 481 / 1013
Nmuons          = 532 / 1013
NrelIsoFail     = 0 / 1013
Npassed_MuEta   = 532 / 1013
Npassed_nAK8Jets= 1013 / 1013
Npassed_Trigger = 980 / 1013
Npassed_MET     = 790 / 1013
Npassed_lepPt   = 814 / 1013
Npassed_HT      = 982 / 1013
npass_Njets     = 1010 / 1013
Npassed_ALL     = 604 / 1013

>> Running /isilon/hadoop/store/group/bruxljm/FWLJMET106XUL_singleLep2017UL_RunIISummer20_X53X53/PairVLQ_x53x53_tWtW_narrow_RH_M700_TuneCP5_13TeV-madgraph-pythia8/singleLep2017UL/230310_182013/0000/PairVLQ_x53x53_tWtW_narrow_RH_M700_TuneCP5_13TeV-madgraph-pythia8_122.root for shift: nominal
[step1.h] Opening file: /isilon/hadoop/store/group/bruxljm/FWLJMET106XUL_singleLep2017UL_RunIISummer20_X53X53/PairVLQ_x53x53_tWtW_narrow_RH_M700_TuneCP5_13TeV-madgraph-pythia8/singleLep2017UL/230310_182013/0000/PairVLQ_x53x53_tWtW_narrow_RH_M700_TuneCP5_13TeV-madgraph-pythia8_122.root
[step1.h] Finished initializing
RUN CONFIG: YEAR = 2017
Era = 
isMC = 1, isSig = 1, SigMass = 0
isHad =0, isSE =0, isSM =0
isTTTT = 0, isXX = 1, isTpTp = 0, isBpBp = 0
For W's: isTT = 0, isSTt = 0, isSTtW = 0
For jets & PDF: isTOP = 0, isMadgraphBkg = 1
For HOTTagger Efficiencies: isTTV = 0, isTTHbb = 0, isTTHnonbb = 0, isTTTX = 0
isTTVV = 0, isST = 0, isTTToSemiLeptonHT500Njet9 = 0
Pileup sample key: PairVLQ_x53x53_tWtW_narrow_RH_M700_TuneCP5_13TeV-madgraph-pythia8
b-tagging working points: 0.304(DeepJet)0.4506(DeepCSV)
isTTincMtt0to700: 0
isTTincMtt0to1000: 0
isTTincMtt700to1000: 0
isTTincMtt1000toInf: 0
isTTSemilepIncHT0Njet0: 0
isTTSemilepIncHT500Njet9: 0
outTTLF: 0
outTTCC: 0
outTTBB: 0
outTT1B: 0
outTT2B: 0
>> Completed 0 out of 1021 events
[INFO] Defaulting to central deepJet weight for: nominal
>> Completed 1000 out of 1021 events
Nelectrons      = 485 / 1021
Npassed_ElEta   = 485 / 1021
Nmuons          = 536 / 1021
NrelIsoFail     = 0 / 1021
Npassed_MuEta   = 536 / 1021
Npassed_nAK8Jets= 1021 / 1021
Npassed_Trigger = 991 / 1021
Npassed_MET     = 783 / 1021
Npassed_lepPt   = 843 / 1021
Npassed_HT      = 991 / 1021
npass_Njets     = 1014 / 1021
Npassed_ALL     = 629 / 1021

>> Running /isilon/hadoop/store/group/bruxljm/FWLJMET106XUL_singleLep2017UL_RunIISummer20_X53X53/PairVLQ_x53x53_tWtW_narrow_RH_M700_TuneCP5_13TeV-madgraph-pythia8/singleLep2017UL/230310_182013/0000/PairVLQ_x53x53_tWtW_narrow_RH_M700_TuneCP5_13TeV-madgraph-pythia8_123.root for shift: nominal
[step1.h] Opening file: /isilon/hadoop/store/group/bruxljm/FWLJMET106XUL_singleLep2017UL_RunIISummer20_X53X53/PairVLQ_x53x53_tWtW_narrow_RH_M700_TuneCP5_13TeV-madgraph-pythia8/singleLep2017UL/230310_182013/0000/PairVLQ_x53x53_tWtW_narrow_RH_M700_TuneCP5_13TeV-madgraph-pythia8_123.root
[step1.h] Finished initializing
RUN CONFIG: YEAR = 2017
Era = 
isMC = 1, isSig = 1, SigMass = 0
isHad =0, isSE =0, isSM =0
isTTTT = 0, isXX = 1, isTpTp = 0, isBpBp = 0
For W's: isTT = 0, isSTt = 0, isSTtW = 0
For jets & PDF: isTOP = 0, isMadgraphBkg = 1
For HOTTagger Efficiencies: isTTV = 0, isTTHbb = 0, isTTHnonbb = 0, isTTTX = 0
isTTVV = 0, isST = 0, isTTToSemiLeptonHT500Njet9 = 0
Pileup sample key: PairVLQ_x53x53_tWtW_narrow_RH_M700_TuneCP5_13TeV-madgraph-pythia8
b-tagging working points: 0.304(DeepJet)0.4506(DeepCSV)
isTTincMtt0to700: 0
isTTincMtt0to1000: 0
isTTincMtt700to1000: 0
isTTincMtt1000toInf: 0
isTTSemilepIncHT0Njet0: 0
isTTSemilepIncHT500Njet9: 0
outTTLF: 0
outTTCC: 0
outTTBB: 0
outTT1B: 0
outTT2B: 0
>> Completed 0 out of 997 events
[INFO] Defaulting to central deepJet weight for: nominal
Nelectrons      = 448 / 997
Npassed_ElEta   = 448 / 997
Nmuons          = 549 / 997
NrelIsoFail     = 0 / 997
Npassed_MuEta   = 549 / 997
Npassed_nAK8Jets= 997 / 997
Npassed_Trigger = 947 / 997
Npassed_MET     = 749 / 997
Npassed_lepPt   = 801 / 997
Npassed_HT      = 980 / 997
npass_Njets     = 990 / 997
Npassed_ALL     = 593 / 997

>> Running /isilon/hadoop/store/group/bruxljm/FWLJMET106XUL_singleLep2017UL_RunIISummer20_X53X53/PairVLQ_x53x53_tWtW_narrow_RH_M700_TuneCP5_13TeV-madgraph-pythia8/singleLep2017UL/230310_182013/0000/PairVLQ_x53x53_tWtW_narrow_RH_M700_TuneCP5_13TeV-madgraph-pythia8_124.root for shift: nominal
[step1.h] Opening file: /isilon/hadoop/store/group/bruxljm/FWLJMET106XUL_singleLep2017UL_RunIISummer20_X53X53/PairVLQ_x53x53_tWtW_narrow_RH_M700_TuneCP5_13TeV-madgraph-pythia8/singleLep2017UL/230310_182013/0000/PairVLQ_x53x53_tWtW_narrow_RH_M700_TuneCP5_13TeV-madgraph-pythia8_124.root
[step1.h] Finished initializing
RUN CONFIG: YEAR = 2017
Era = 
isMC = 1, isSig = 1, SigMass = 0
isHad =0, isSE =0, isSM =0
isTTTT = 0, isXX = 1, isTpTp = 0, isBpBp = 0
For W's: isTT = 0, isSTt = 0, isSTtW = 0
For jets & PDF: isTOP = 0, isMadgraphBkg = 1
For HOTTagger Efficiencies: isTTV = 0, isTTHbb = 0, isTTHnonbb = 0, isTTTX = 0
isTTVV = 0, isST = 0, isTTToSemiLeptonHT500Njet9 = 0
Pileup sample key: PairVLQ_x53x53_tWtW_narrow_RH_M700_TuneCP5_13TeV-madgraph-pythia8
b-tagging working points: 0.304(DeepJet)0.4506(DeepCSV)
isTTincMtt0to700: 0
isTTincMtt0to1000: 0
isTTincMtt700to1000: 0
isTTincMtt1000toInf: 0
isTTSemilepIncHT0Njet0: 0
isTTSemilepIncHT500Njet9: 0
outTTLF: 0
outTTCC: 0
outTTBB: 0
outTT1B: 0
outTT2B: 0
>> Completed 0 out of 1001 events
[INFO] Defaulting to central deepJet weight for: nominal
>> Completed 1000 out of 1001 events
Nelectrons      = 449 / 1001
Npassed_ElEta   = 449 / 1001
Nmuons          = 552 / 1001
NrelIsoFail     = 0 / 1001
Npassed_MuEta   = 552 / 1001
Npassed_nAK8Jets= 1001 / 1001
Npassed_Trigger = 957 / 1001
Npassed_MET     = 771 / 1001
Npassed_lepPt   = 816 / 1001
Npassed_HT      = 969 / 1001
npass_Njets     = 996 / 1001
Npassed_ALL     = 602 / 1001

>> Running /isilon/hadoop/store/group/bruxljm/FWLJMET106XUL_singleLep2017UL_RunIISummer20_X53X53/PairVLQ_x53x53_tWtW_narrow_RH_M700_TuneCP5_13TeV-madgraph-pythia8/singleLep2017UL/230310_182013/0000/PairVLQ_x53x53_tWtW_narrow_RH_M700_TuneCP5_13TeV-madgraph-pythia8_125.root for shift: nominal
[step1.h] Opening file: /isilon/hadoop/store/group/bruxljm/FWLJMET106XUL_singleLep2017UL_RunIISummer20_X53X53/PairVLQ_x53x53_tWtW_narrow_RH_M700_TuneCP5_13TeV-madgraph-pythia8/singleLep2017UL/230310_182013/0000/PairVLQ_x53x53_tWtW_narrow_RH_M700_TuneCP5_13TeV-madgraph-pythia8_125.root
[step1.h] Finished initializing
RUN CONFIG: YEAR = 2017
Era = 
isMC = 1, isSig = 1, SigMass = 0
isHad =0, isSE =0, isSM =0
isTTTT = 0, isXX = 1, isTpTp = 0, isBpBp = 0
For W's: isTT = 0, isSTt = 0, isSTtW = 0
For jets & PDF: isTOP = 0, isMadgraphBkg = 1
For HOTTagger Efficiencies: isTTV = 0, isTTHbb = 0, isTTHnonbb = 0, isTTTX = 0
isTTVV = 0, isST = 0, isTTToSemiLeptonHT500Njet9 = 0
Pileup sample key: PairVLQ_x53x53_tWtW_narrow_RH_M700_TuneCP5_13TeV-madgraph-pythia8
b-tagging working points: 0.304(DeepJet)0.4506(DeepCSV)
isTTincMtt0to700: 0
isTTincMtt0to1000: 0
isTTincMtt700to1000: 0
isTTincMtt1000toInf: 0
isTTSemilepIncHT0Njet0: 0
isTTSemilepIncHT500Njet9: 0
outTTLF: 0
outTTCC: 0
outTTBB: 0
outTT1B: 0
outTT2B: 0
>> Completed 0 out of 1016 events
[INFO] Defaulting to central deepJet weight for: nominal
>> Completed 1000 out of 1016 events
Nelectrons      = 423 / 1016
Npassed_ElEta   = 423 / 1016
Nmuons          = 593 / 1016
NrelIsoFail     = 0 / 1016
Npassed_MuEta   = 593 / 1016
Npassed_nAK8Jets= 1016 / 1016
Npassed_Trigger = 989 / 1016
Npassed_MET     = 779 / 1016
Npassed_lepPt   = 818 / 1016
Npassed_HT      = 989 / 1016
npass_Njets     = 1011 / 1016
Npassed_ALL     = 599 / 1016
>> Available ROOT Files:
-rw-r--r-- 1 fsimpson gridusers 2098285 Apr 24 09:18 PairVLQ_x53x53_tWtW_narrow_RH_M700_TuneCP5_13TeV-madgraph-pythia8_100nominal.root
-rw-r--r-- 1 fsimpson gridusers 2151238 Apr 24 09:18 PairVLQ_x53x53_tWtW_narrow_RH_M700_TuneCP5_13TeV-madgraph-pythia8_101nominal.root
-rw-r--r-- 1 fsimpson gridusers 2252184 Apr 24 09:18 PairVLQ_x53x53_tWtW_narrow_RH_M700_TuneCP5_13TeV-madgraph-pythia8_102nominal.root
-rw-r--r-- 1 fsimpson gridusers 2185056 Apr 24 09:18 PairVLQ_x53x53_tWtW_narrow_RH_M700_TuneCP5_13TeV-madgraph-pythia8_103nominal.root
-rw-r--r-- 1 fsimpson gridusers 2306741 Apr 24 09:18 PairVLQ_x53x53_tWtW_narrow_RH_M700_TuneCP5_13TeV-madgraph-pythia8_104nominal.root
-rw-r--r-- 1 fsimpson gridusers 2183479 Apr 24 09:18 PairVLQ_x53x53_tWtW_narrow_RH_M700_TuneCP5_13TeV-madgraph-pythia8_105nominal.root
-rw-r--r-- 1 fsimpson gridusers 2122064 Apr 24 09:18 PairVLQ_x53x53_tWtW_narrow_RH_M700_TuneCP5_13TeV-madgraph-pythia8_106nominal.root
-rw-r--r-- 1 fsimpson gridusers 2131288 Apr 24 09:18 PairVLQ_x53x53_tWtW_narrow_RH_M700_TuneCP5_13TeV-madgraph-pythia8_107nominal.root
-rw-r--r-- 1 fsimpson gridusers 2119190 Apr 24 09:18 PairVLQ_x53x53_tWtW_narrow_RH_M700_TuneCP5_13TeV-madgraph-pythia8_108nominal.root
-rw-r--r-- 1 fsimpson gridusers 2085893 Apr 24 09:18 PairVLQ_x53x53_tWtW_narrow_RH_M700_TuneCP5_13TeV-madgraph-pythia8_109nominal.root
-rw-r--r-- 1 fsimpson gridusers 1064068 Apr 24 09:18 PairVLQ_x53x53_tWtW_narrow_RH_M700_TuneCP5_13TeV-madgraph-pythia8_10nominal.root
-rw-r--r-- 1 fsimpson gridusers 2078669 Apr 24 09:18 PairVLQ_x53x53_tWtW_narrow_RH_M700_TuneCP5_13TeV-madgraph-pythia8_110nominal.root
-rw-r--r-- 1 fsimpson gridusers 2184398 Apr 24 09:18 PairVLQ_x53x53_tWtW_narrow_RH_M700_TuneCP5_13TeV-madgraph-pythia8_111nominal.root
-rw-r--r-- 1 fsimpson gridusers 2158673 Apr 24 09:18 PairVLQ_x53x53_tWtW_narrow_RH_M700_TuneCP5_13TeV-madgraph-pythia8_112nominal.root
-rw-r--r-- 1 fsimpson gridusers 2090934 Apr 24 09:18 PairVLQ_x53x53_tWtW_narrow_RH_M700_TuneCP5_13TeV-madgraph-pythia8_113nominal.root
-rw-r--r-- 1 fsimpson gridusers 2290851 Apr 24 09:18 PairVLQ_x53x53_tWtW_narrow_RH_M700_TuneCP5_13TeV-madgraph-pythia8_114nominal.root
-rw-r--r-- 1 fsimpson gridusers 2048042 Apr 24 09:18 PairVLQ_x53x53_tWtW_narrow_RH_M700_TuneCP5_13TeV-madgraph-pythia8_115nominal.root
-rw-r--r-- 1 fsimpson gridusers 1975069 Apr 24 09:18 PairVLQ_x53x53_tWtW_narrow_RH_M700_TuneCP5_13TeV-madgraph-pythia8_116nominal.root
-rw-r--r-- 1 fsimpson gridusers 2139591 Apr 24 09:18 PairVLQ_x53x53_tWtW_narrow_RH_M700_TuneCP5_13TeV-madgraph-pythia8_117nominal.root
-rw-r--r-- 1 fsimpson gridusers 2146571 Apr 24 09:18 PairVLQ_x53x53_tWtW_narrow_RH_M700_TuneCP5_13TeV-madgraph-pythia8_118nominal.root
-rw-r--r-- 1 fsimpson gridusers 2243433 Apr 24 09:18 PairVLQ_x53x53_tWtW_narrow_RH_M700_TuneCP5_13TeV-madgraph-pythia8_119nominal.root
-rw-r--r-- 1 fsimpson gridusers 2193238 Apr 24 09:18 PairVLQ_x53x53_tWtW_narrow_RH_M700_TuneCP5_13TeV-madgraph-pythia8_11nominal.root
-rw-r--r-- 1 fsimpson gridusers 2074553 Apr 24 09:18 PairVLQ_x53x53_tWtW_narrow_RH_M700_TuneCP5_13TeV-madgraph-pythia8_120nominal.root
-rw-r--r-- 1 fsimpson gridusers 2103644 Apr 24 09:18 PairVLQ_x53x53_tWtW_narrow_RH_M700_TuneCP5_13TeV-madgraph-pythia8_121nominal.root
-rw-r--r-- 1 fsimpson gridusers 2138534 Apr 24 09:18 PairVLQ_x53x53_tWtW_narrow_RH_M700_TuneCP5_13TeV-madgraph-pythia8_122nominal.root
-rw-r--r-- 1 fsimpson gridusers 2050578 Apr 24 09:18 PairVLQ_x53x53_tWtW_narrow_RH_M700_TuneCP5_13TeV-madgraph-pythia8_123nominal.root
-rw-r--r-- 1 fsimpson gridusers 2127699 Apr 24 09:18 PairVLQ_x53x53_tWtW_narrow_RH_M700_TuneCP5_13TeV-madgraph-pythia8_124nominal.root
-rw-r--r-- 1 fsimpson gridusers 2022363 Apr 24 09:18 PairVLQ_x53x53_tWtW_narrow_RH_M700_TuneCP5_13TeV-madgraph-pythia8_125nominal.root
-rw-r--r-- 1 fsimpson gridusers 2207084 Apr 24 09:18 PairVLQ_x53x53_tWtW_narrow_RH_M700_TuneCP5_13TeV-madgraph-pythia8_12nominal.root
-rw-r--r-- 1 fsimpson gridusers 1195133 Apr 24 09:18 PairVLQ_x53x53_tWtW_narrow_RH_M700_TuneCP5_13TeV-madgraph-pythia8_1nominal.root
>> xrdcp output for condor
hadd Target file: PairVLQ_x53x53_tWtW_narrow_RH_M700_TuneCP5_13TeV-madgraph-pythia8_1nominal_hadd.root
hadd compression setting for all ouput: 1
hadd Source file 1: PairVLQ_x53x53_tWtW_narrow_RH_M700_TuneCP5_13TeV-madgraph-pythia8_100nominal.root
hadd Source file 2: PairVLQ_x53x53_tWtW_narrow_RH_M700_TuneCP5_13TeV-madgraph-pythia8_101nominal.root
hadd Source file 3: PairVLQ_x53x53_tWtW_narrow_RH_M700_TuneCP5_13TeV-madgraph-pythia8_102nominal.root
hadd Source file 4: PairVLQ_x53x53_tWtW_narrow_RH_M700_TuneCP5_13TeV-madgraph-pythia8_103nominal.root
hadd Source file 5: PairVLQ_x53x53_tWtW_narrow_RH_M700_TuneCP5_13TeV-madgraph-pythia8_104nominal.root
hadd Source file 6: PairVLQ_x53x53_tWtW_narrow_RH_M700_TuneCP5_13TeV-madgraph-pythia8_105nominal.root
hadd Source file 7: PairVLQ_x53x53_tWtW_narrow_RH_M700_TuneCP5_13TeV-madgraph-pythia8_106nominal.root
hadd Source file 8: PairVLQ_x53x53_tWtW_narrow_RH_M700_TuneCP5_13TeV-madgraph-pythia8_107nominal.root
hadd Source file 9: PairVLQ_x53x53_tWtW_narrow_RH_M700_TuneCP5_13TeV-madgraph-pythia8_108nominal.root
hadd Source file 10: PairVLQ_x53x53_tWtW_narrow_RH_M700_TuneCP5_13TeV-madgraph-pythia8_109nominal.root
hadd Source file 11: PairVLQ_x53x53_tWtW_narrow_RH_M700_TuneCP5_13TeV-madgraph-pythia8_10nominal.root
hadd Source file 12: PairVLQ_x53x53_tWtW_narrow_RH_M700_TuneCP5_13TeV-madgraph-pythia8_110nominal.root
hadd Source file 13: PairVLQ_x53x53_tWtW_narrow_RH_M700_TuneCP5_13TeV-madgraph-pythia8_111nominal.root
hadd Source file 14: PairVLQ_x53x53_tWtW_narrow_RH_M700_TuneCP5_13TeV-madgraph-pythia8_112nominal.root
hadd Source file 15: PairVLQ_x53x53_tWtW_narrow_RH_M700_TuneCP5_13TeV-madgraph-pythia8_113nominal.root
hadd Source file 16: PairVLQ_x53x53_tWtW_narrow_RH_M700_TuneCP5_13TeV-madgraph-pythia8_114nominal.root
hadd Source file 17: PairVLQ_x53x53_tWtW_narrow_RH_M700_TuneCP5_13TeV-madgraph-pythia8_115nominal.root
hadd Source file 18: PairVLQ_x53x53_tWtW_narrow_RH_M700_TuneCP5_13TeV-madgraph-pythia8_116nominal.root
hadd Source file 19: PairVLQ_x53x53_tWtW_narrow_RH_M700_TuneCP5_13TeV-madgraph-pythia8_117nominal.root
hadd Source file 20: PairVLQ_x53x53_tWtW_narrow_RH_M700_TuneCP5_13TeV-madgraph-pythia8_118nominal.root
hadd Source file 21: PairVLQ_x53x53_tWtW_narrow_RH_M700_TuneCP5_13TeV-madgraph-pythia8_119nominal.root
hadd Source file 22: PairVLQ_x53x53_tWtW_narrow_RH_M700_TuneCP5_13TeV-madgraph-pythia8_11nominal.root
hadd Source file 23: PairVLQ_x53x53_tWtW_narrow_RH_M700_TuneCP5_13TeV-madgraph-pythia8_120nominal.root
hadd Source file 24: PairVLQ_x53x53_tWtW_narrow_RH_M700_TuneCP5_13TeV-madgraph-pythia8_121nominal.root
hadd Source file 25: PairVLQ_x53x53_tWtW_narrow_RH_M700_TuneCP5_13TeV-madgraph-pythia8_122nominal.root
hadd Source file 26: PairVLQ_x53x53_tWtW_narrow_RH_M700_TuneCP5_13TeV-madgraph-pythia8_123nominal.root
hadd Source file 27: PairVLQ_x53x53_tWtW_narrow_RH_M700_TuneCP5_13TeV-madgraph-pythia8_124nominal.root
hadd Source file 28: PairVLQ_x53x53_tWtW_narrow_RH_M700_TuneCP5_13TeV-madgraph-pythia8_125nominal.root
hadd Source file 29: PairVLQ_x53x53_tWtW_narrow_RH_M700_TuneCP5_13TeV-madgraph-pythia8_12nominal.root
hadd Source file 30: PairVLQ_x53x53_tWtW_narrow_RH_M700_TuneCP5_13TeV-madgraph-pythia8_1nominal.root
hadd Target path: PairVLQ_x53x53_tWtW_narrow_RH_M700_TuneCP5_13TeV-madgraph-pythia8_1nominal_hadd.root:/
>> mv PairVLQ_x53x53_tWtW_narrow_RH_M700_TuneCP5_13TeV-madgraph-pythia8_1nominal_hadd.root /isilon/hadoop/store/group/bruxljm/FWLJMET106XUL_singleLep2017UL_RunIISummer20_X53X53_step1/nominal/PairVLQ_x53x53_tWtW_narrow_RH_M700_TuneCP5_13TeV-madgraph-pythia8/PairVLQ_x53x53_tWtW_narrow_RH_M700_TuneCP5_13TeV-madgraph-pythia8_1.root
[DONE]
