000 (630113.000.000) 04/24 07:52:02 Job submitted from host: <172.20.3.187:9618?addrs=172.20.3.187-9618&noUDP&sock=2297_2121_3>
...
001 (630113.000.000) 04/24 07:55:12 Job executing on host: <172.20.225.5:9618?addrs=172.20.225.5-9618&noUDP&sock=3375_8c39_3>
...
006 (630113.000.000) 04/24 07:55:20 Image size of job updated: 54124
	38  -  MemoryUsage of job (MB)
	38432  -  ResidentSetSize of job (KB)
...
006 (630113.000.000) 04/24 08:00:20 Image size of job updated: 719280
	703  -  MemoryUsage of job (MB)
	719000  -  ResidentSetSize of job (KB)
...
006 (630113.000.000) 04/24 08:05:21 Image size of job updated: 977276
	954  -  MemoryUsage of job (MB)
	976760  -  ResidentSetSize of job (KB)
...
006 (630113.000.000) 04/24 08:10:22 Image size of job updated: 1174752
	1147  -  MemoryUsage of job (MB)
	1174184  -  ResidentSetSize of job (KB)
...
006 (630113.000.000) 04/24 08:15:22 Image size of job updated: 1339080
	1308  -  MemoryUsage of job (MB)
	1338608  -  ResidentSetSize of job (KB)
...
006 (630113.000.000) 04/24 08:20:23 Image size of job updated: 1484852
	1449  -  MemoryUsage of job (MB)
	1483668  -  ResidentSetSize of job (KB)
...
005 (630113.000.000) 04/24 08:22:50 Job terminated.
	(1) Normal termination (return value 0)
		Usr 0 00:25:56, Sys 0 00:00:47  -  Run Remote Usage
		Usr 0 00:00:00, Sys 0 00:00:00  -  Run Local Usage
		Usr 0 00:25:56, Sys 0 00:00:47  -  Total Remote Usage
		Usr 0 00:00:00, Sys 0 00:00:00  -  Total Local Usage
	1702265  -  Run Bytes Sent By Job
	8620734  -  Run Bytes Received By Job
	1702265  -  Total Bytes Sent By Job
	8620734  -  Total Bytes Received By Job
	Partitionable Resources :    Usage  Request Allocated 
	   Cpus                 :     0.98        1         1 
	   Disk (KB)            : 10637       10000 479749220 
	   Memory (MB)          :  1449        6144      8033 
...
000 (630172.000.000) 04/24 08:39:27 Job submitted from host: <172.20.3.187:9618?addrs=172.20.3.187-9618&noUDP&sock=2297_2121_3>
...
001 (630172.000.000) 04/24 08:49:32 Job executing on host: <172.20.225.7:9618?addrs=172.20.225.7-9618&noUDP&sock=3394_9486_3>
...
006 (630172.000.000) 04/24 08:49:41 Image size of job updated: 13536
	14  -  MemoryUsage of job (MB)
	13536  -  ResidentSetSize of job (KB)
...
006 (630172.000.000) 04/24 08:54:42 Image size of job updated: 678728
	662  -  MemoryUsage of job (MB)
	677512  -  ResidentSetSize of job (KB)
...
006 (630172.000.000) 04/24 08:59:42 Image size of job updated: 958276
	936  -  MemoryUsage of job (MB)
	957448  -  ResidentSetSize of job (KB)
...
006 (630172.000.000) 04/24 09:04:44 Image size of job updated: 1162956
	1136  -  MemoryUsage of job (MB)
	1162648  -  ResidentSetSize of job (KB)
...
006 (630172.000.000) 04/24 09:09:44 Image size of job updated: 1336396
	1305  -  MemoryUsage of job (MB)
	1336168  -  ResidentSetSize of job (KB)
...
006 (630172.000.000) 04/24 09:14:44 Image size of job updated: 1480592
	1446  -  MemoryUsage of job (MB)
	1480396  -  ResidentSetSize of job (KB)
...
005 (630172.000.000) 04/24 09:17:22 Job terminated.
	(1) Normal termination (return value 0)
		Usr 0 00:25:53, Sys 0 00:00:38  -  Run Remote Usage
		Usr 0 00:00:00, Sys 0 00:00:00  -  Run Local Usage
		Usr 0 00:25:53, Sys 0 00:00:38  -  Total Remote Usage
		Usr 0 00:00:00, Sys 0 00:00:00  -  Total Local Usage
	1709999  -  Run Bytes Sent By Job
	8620823  -  Run Bytes Received By Job
	1709999  -  Total Bytes Sent By Job
	8620823  -  Total Bytes Received By Job
	Partitionable Resources :    Usage  Request Allocated 
	   Cpus                 :     0.99        1         1 
	   Disk (KB)            : 10644       10000 479738639 
	   Memory (MB)          :  1446        6144      8033 
...
