000 (630105.000.000) 04/24 07:52:02 Job submitted from host: <172.20.3.187:9618?addrs=172.20.3.187-9618&noUDP&sock=2297_2121_3>
...
001 (630105.000.000) 04/24 07:55:12 Job executing on host: <172.20.225.3:9618?addrs=172.20.225.3-9618&noUDP&sock=3391_85bd_3>
...
006 (630105.000.000) 04/24 07:55:21 Image size of job updated: 12324
	13  -  MemoryUsage of job (MB)
	12324  -  ResidentSetSize of job (KB)
...
006 (630105.000.000) 04/24 08:00:23 Image size of job updated: 692916
	677  -  MemoryUsage of job (MB)
	692316  -  ResidentSetSize of job (KB)
...
006 (630105.000.000) 04/24 08:05:23 Image size of job updated: 957288
	935  -  MemoryUsage of job (MB)
	957012  -  ResidentSetSize of job (KB)
...
006 (630105.000.000) 04/24 08:10:23 Image size of job updated: 1152668
	1126  -  MemoryUsage of job (MB)
	1152328  -  ResidentSetSize of job (KB)
...
006 (630105.000.000) 04/24 08:15:24 Image size of job updated: 1320460
	1290  -  MemoryUsage of job (MB)
	1320000  -  ResidentSetSize of job (KB)
...
006 (630105.000.000) 04/24 08:20:24 Image size of job updated: 1459944
	1426  -  MemoryUsage of job (MB)
	1459700  -  ResidentSetSize of job (KB)
...
005 (630105.000.000) 04/24 08:23:52 Job terminated.
	(1) Normal termination (return value 0)
		Usr 0 00:26:36, Sys 0 00:01:03  -  Run Remote Usage
		Usr 0 00:00:00, Sys 0 00:00:00  -  Run Local Usage
		Usr 0 00:26:36, Sys 0 00:01:03  -  Total Remote Usage
		Usr 0 00:00:00, Sys 0 00:00:00  -  Total Local Usage
	1715236  -  Run Bytes Sent By Job
	8620734  -  Run Bytes Received By Job
	1715236  -  Total Bytes Sent By Job
	8620734  -  Total Bytes Received By Job
	Partitionable Resources :    Usage  Request  Allocated 
	   Cpus                 :     0.99        1          1 
	   Disk (KB)            : 10650       10000 2210728621 
	   Memory (MB)          :  1426        6144       8033 
...
000 (630164.000.000) 04/24 08:39:27 Job submitted from host: <172.20.3.187:9618?addrs=172.20.3.187-9618&noUDP&sock=2297_2121_3>
...
001 (630164.000.000) 04/24 08:49:32 Job executing on host: <172.20.225.3:9618?addrs=172.20.225.3-9618&noUDP&sock=3391_85bd_3>
...
006 (630164.000.000) 04/24 08:49:41 Image size of job updated: 9128
	9  -  MemoryUsage of job (MB)
	9128  -  ResidentSetSize of job (KB)
...
006 (630164.000.000) 04/24 08:54:42 Image size of job updated: 696720
	672  -  MemoryUsage of job (MB)
	687328  -  ResidentSetSize of job (KB)
...
006 (630164.000.000) 04/24 08:59:43 Image size of job updated: 968476
	944  -  MemoryUsage of job (MB)
	966296  -  ResidentSetSize of job (KB)
...
006 (630164.000.000) 04/24 09:04:43 Image size of job updated: 1161180
	1134  -  MemoryUsage of job (MB)
	1160544  -  ResidentSetSize of job (KB)
...
006 (630164.000.000) 04/24 09:09:46 Image size of job updated: 1342640
	1311  -  MemoryUsage of job (MB)
	1342404  -  ResidentSetSize of job (KB)
...
006 (630164.000.000) 04/24 09:14:44 Image size of job updated: 1487820
	1453  -  MemoryUsage of job (MB)
	1487464  -  ResidentSetSize of job (KB)
...
006 (630164.000.000) 04/24 09:17:44 Image size of job updated: 1639708
	1453  -  MemoryUsage of job (MB)
	1487464  -  ResidentSetSize of job (KB)
...
005 (630164.000.000) 04/24 09:17:44 Job terminated.
	(1) Normal termination (return value 0)
		Usr 0 00:25:58, Sys 0 00:00:41  -  Run Remote Usage
		Usr 0 00:00:00, Sys 0 00:00:00  -  Run Local Usage
		Usr 0 00:25:58, Sys 0 00:00:41  -  Total Remote Usage
		Usr 0 00:00:00, Sys 0 00:00:00  -  Total Local Usage
	1773458  -  Run Bytes Sent By Job
	8620823  -  Run Bytes Received By Job
	1773458  -  Total Bytes Sent By Job
	8620823  -  Total Bytes Received By Job
	Partitionable Resources :    Usage  Request  Allocated 
	   Cpus                 :     0.72        1          1 
	   Disk (KB)            : 10707       10000 2210728621 
	   Memory (MB)          :  1453        6144       8033 
...
