/isilon/condor/hep105.hep.brown.edu/execute/dir_216301
>> Setting macroDir to PWD

Processing compile_step1.C...
>> Running on BRUX, PairVLQ_x53x53_tWtW_narrow_RH_M1400_TuneCP5_13TeV-madgraph-pythia8 stored on BRUX
>> Input file path: /isilon/hadoop/store/group/bruxljm/FWLJMET106XUL_singleLep2017UL_RunIISummer20_X53X53/PairVLQ_x53x53_tWtW_narrow_RH_M1400_TuneCP5_13TeV-madgraph-pythia8/singleLep2017UL/230310_181045/0000
>> Running step1 over list: 153 154 155 156 157 158 16 17 18 19 2 20 21 22 23 24 25 26 27 28 29 3 30 31 32 33 34 35 36 37
>> Adding PairVLQ_x53x53_tWtW_narrow_RH_M1400_TuneCP5_13TeV-madgraph-pythia8_153.root to the list by reading PairVLQ_x53x53_tWtW_narrow_RH_M1400_TuneCP5_13TeV-madgraph-pythia8_153
>> Adding PairVLQ_x53x53_tWtW_narrow_RH_M1400_TuneCP5_13TeV-madgraph-pythia8_154.root to the list by reading PairVLQ_x53x53_tWtW_narrow_RH_M1400_TuneCP5_13TeV-madgraph-pythia8_154
>> Adding PairVLQ_x53x53_tWtW_narrow_RH_M1400_TuneCP5_13TeV-madgraph-pythia8_155.root to the list by reading PairVLQ_x53x53_tWtW_narrow_RH_M1400_TuneCP5_13TeV-madgraph-pythia8_155
>> Adding PairVLQ_x53x53_tWtW_narrow_RH_M1400_TuneCP5_13TeV-madgraph-pythia8_156.root to the list by reading PairVLQ_x53x53_tWtW_narrow_RH_M1400_TuneCP5_13TeV-madgraph-pythia8_156
>> Adding PairVLQ_x53x53_tWtW_narrow_RH_M1400_TuneCP5_13TeV-madgraph-pythia8_157.root to the list by reading PairVLQ_x53x53_tWtW_narrow_RH_M1400_TuneCP5_13TeV-madgraph-pythia8_157
>> Adding PairVLQ_x53x53_tWtW_narrow_RH_M1400_TuneCP5_13TeV-madgraph-pythia8_158.root to the list by reading PairVLQ_x53x53_tWtW_narrow_RH_M1400_TuneCP5_13TeV-madgraph-pythia8_158
>> Adding PairVLQ_x53x53_tWtW_narrow_RH_M1400_TuneCP5_13TeV-madgraph-pythia8_16.root to the list by reading PairVLQ_x53x53_tWtW_narrow_RH_M1400_TuneCP5_13TeV-madgraph-pythia8_16
>> Adding PairVLQ_x53x53_tWtW_narrow_RH_M1400_TuneCP5_13TeV-madgraph-pythia8_17.root to the list by reading PairVLQ_x53x53_tWtW_narrow_RH_M1400_TuneCP5_13TeV-madgraph-pythia8_17
>> Adding PairVLQ_x53x53_tWtW_narrow_RH_M1400_TuneCP5_13TeV-madgraph-pythia8_18.root to the list by reading PairVLQ_x53x53_tWtW_narrow_RH_M1400_TuneCP5_13TeV-madgraph-pythia8_18
>> Adding PairVLQ_x53x53_tWtW_narrow_RH_M1400_TuneCP5_13TeV-madgraph-pythia8_19.root to the list by reading PairVLQ_x53x53_tWtW_narrow_RH_M1400_TuneCP5_13TeV-madgraph-pythia8_19
>> Adding PairVLQ_x53x53_tWtW_narrow_RH_M1400_TuneCP5_13TeV-madgraph-pythia8_2.root to the list by reading PairVLQ_x53x53_tWtW_narrow_RH_M1400_TuneCP5_13TeV-madgraph-pythia8_2
>> Adding PairVLQ_x53x53_tWtW_narrow_RH_M1400_TuneCP5_13TeV-madgraph-pythia8_20.root to the list by reading PairVLQ_x53x53_tWtW_narrow_RH_M1400_TuneCP5_13TeV-madgraph-pythia8_20
>> Adding PairVLQ_x53x53_tWtW_narrow_RH_M1400_TuneCP5_13TeV-madgraph-pythia8_21.root to the list by reading PairVLQ_x53x53_tWtW_narrow_RH_M1400_TuneCP5_13TeV-madgraph-pythia8_21
>> Adding PairVLQ_x53x53_tWtW_narrow_RH_M1400_TuneCP5_13TeV-madgraph-pythia8_22.root to the list by reading PairVLQ_x53x53_tWtW_narrow_RH_M1400_TuneCP5_13TeV-madgraph-pythia8_22
>> Adding PairVLQ_x53x53_tWtW_narrow_RH_M1400_TuneCP5_13TeV-madgraph-pythia8_23.root to the list by reading PairVLQ_x53x53_tWtW_narrow_RH_M1400_TuneCP5_13TeV-madgraph-pythia8_23
>> Adding PairVLQ_x53x53_tWtW_narrow_RH_M1400_TuneCP5_13TeV-madgraph-pythia8_24.root to the list by reading PairVLQ_x53x53_tWtW_narrow_RH_M1400_TuneCP5_13TeV-madgraph-pythia8_24
>> Adding PairVLQ_x53x53_tWtW_narrow_RH_M1400_TuneCP5_13TeV-madgraph-pythia8_25.root to the list by reading PairVLQ_x53x53_tWtW_narrow_RH_M1400_TuneCP5_13TeV-madgraph-pythia8_25
>> Adding PairVLQ_x53x53_tWtW_narrow_RH_M1400_TuneCP5_13TeV-madgraph-pythia8_26.root to the list by reading PairVLQ_x53x53_tWtW_narrow_RH_M1400_TuneCP5_13TeV-madgraph-pythia8_26
>> Adding PairVLQ_x53x53_tWtW_narrow_RH_M1400_TuneCP5_13TeV-madgraph-pythia8_27.root to the list by reading PairVLQ_x53x53_tWtW_narrow_RH_M1400_TuneCP5_13TeV-madgraph-pythia8_27
>> Adding PairVLQ_x53x53_tWtW_narrow_RH_M1400_TuneCP5_13TeV-madgraph-pythia8_28.root to the list by reading PairVLQ_x53x53_tWtW_narrow_RH_M1400_TuneCP5_13TeV-madgraph-pythia8_28
>> Adding PairVLQ_x53x53_tWtW_narrow_RH_M1400_TuneCP5_13TeV-madgraph-pythia8_29.root to the list by reading PairVLQ_x53x53_tWtW_narrow_RH_M1400_TuneCP5_13TeV-madgraph-pythia8_29
>> Adding PairVLQ_x53x53_tWtW_narrow_RH_M1400_TuneCP5_13TeV-madgraph-pythia8_3.root to the list by reading PairVLQ_x53x53_tWtW_narrow_RH_M1400_TuneCP5_13TeV-madgraph-pythia8_3
>> Adding PairVLQ_x53x53_tWtW_narrow_RH_M1400_TuneCP5_13TeV-madgraph-pythia8_30.root to the list by reading PairVLQ_x53x53_tWtW_narrow_RH_M1400_TuneCP5_13TeV-madgraph-pythia8_30
>> Adding PairVLQ_x53x53_tWtW_narrow_RH_M1400_TuneCP5_13TeV-madgraph-pythia8_31.root to the list by reading PairVLQ_x53x53_tWtW_narrow_RH_M1400_TuneCP5_13TeV-madgraph-pythia8_31
>> Adding PairVLQ_x53x53_tWtW_narrow_RH_M1400_TuneCP5_13TeV-madgraph-pythia8_32.root to the list by reading PairVLQ_x53x53_tWtW_narrow_RH_M1400_TuneCP5_13TeV-madgraph-pythia8_32
>> Adding PairVLQ_x53x53_tWtW_narrow_RH_M1400_TuneCP5_13TeV-madgraph-pythia8_33.root to the list by reading PairVLQ_x53x53_tWtW_narrow_RH_M1400_TuneCP5_13TeV-madgraph-pythia8_33
>> Adding PairVLQ_x53x53_tWtW_narrow_RH_M1400_TuneCP5_13TeV-madgraph-pythia8_34.root to the list by reading PairVLQ_x53x53_tWtW_narrow_RH_M1400_TuneCP5_13TeV-madgraph-pythia8_34
>> Adding PairVLQ_x53x53_tWtW_narrow_RH_M1400_TuneCP5_13TeV-madgraph-pythia8_35.root to the list by reading PairVLQ_x53x53_tWtW_narrow_RH_M1400_TuneCP5_13TeV-madgraph-pythia8_35
>> Adding PairVLQ_x53x53_tWtW_narrow_RH_M1400_TuneCP5_13TeV-madgraph-pythia8_36.root to the list by reading PairVLQ_x53x53_tWtW_narrow_RH_M1400_TuneCP5_13TeV-madgraph-pythia8_36
>> Adding PairVLQ_x53x53_tWtW_narrow_RH_M1400_TuneCP5_13TeV-madgraph-pythia8_37.root to the list by reading PairVLQ_x53x53_tWtW_narrow_RH_M1400_TuneCP5_13TeV-madgraph-pythia8_37
[OPT] Using deepCSV reshaping file: reshaping_deepCSV_106XUL17_v4.csv
[OPT] Using deepJet reshaping file: reshaping_deepJet_106XUL17_v4.csv

>> Running /isilon/hadoop/store/group/bruxljm/FWLJMET106XUL_singleLep2017UL_RunIISummer20_X53X53/PairVLQ_x53x53_tWtW_narrow_RH_M1400_TuneCP5_13TeV-madgraph-pythia8/singleLep2017UL/230310_181045/0000/PairVLQ_x53x53_tWtW_narrow_RH_M1400_TuneCP5_13TeV-madgraph-pythia8_153.root for shift: nominal
[step1.h] Opening file: /isilon/hadoop/store/group/bruxljm/FWLJMET106XUL_singleLep2017UL_RunIISummer20_X53X53/PairVLQ_x53x53_tWtW_narrow_RH_M1400_TuneCP5_13TeV-madgraph-pythia8/singleLep2017UL/230310_181045/0000/PairVLQ_x53x53_tWtW_narrow_RH_M1400_TuneCP5_13TeV-madgraph-pythia8_153.root
[step1.h] Finished initializing
RUN CONFIG: YEAR = 2017
Era = 
isMC = 1, isSig = 1, SigMass = 7
isHad =0, isSE =0, isSM =0
isTTTT = 0, isXX = 1, isTpTp = 0, isBpBp = 0
For W's: isTT = 0, isSTt = 0, isSTtW = 0
For jets & PDF: isTOP = 0, isMadgraphBkg = 1
For HOTTagger Efficiencies: isTTV = 0, isTTHbb = 0, isTTHnonbb = 0, isTTTX = 0
isTTVV = 0, isST = 0, isTTToSemiLeptonHT500Njet9 = 0
Pileup sample key: PairVLQ_x53x53_tWtW_narrow_RH_M1400_TuneCP5_13TeV-madgraph-pythia8
b-tagging working points: 0.304(DeepJet)0.4506(DeepCSV)
isTTincMtt0to700: 0
isTTincMtt0to1000: 0
isTTincMtt700to1000: 0
isTTincMtt1000toInf: 0
isTTSemilepIncHT0Njet0: 0
isTTSemilepIncHT500Njet9: 0
outTTLF: 0
outTTCC: 0
outTTBB: 0
outTT1B: 0
outTT2B: 0
>> Completed 0 out of 1031 events
[INFO] Defaulting to central deepJet weight for: nominal
>> Completed 1000 out of 1031 events
Nelectrons      = 476 / 1031
Npassed_ElEta   = 476 / 1031
Nmuons          = 555 / 1031
NrelIsoFail     = 0 / 1031
Npassed_MuEta   = 555 / 1031
Npassed_nAK8Jets= 1031 / 1031
Npassed_Trigger = 982 / 1031
Npassed_MET     = 924 / 1031
Npassed_lepPt   = 965 / 1031
Npassed_HT      = 1029 / 1031
npass_Njets     = 1029 / 1031
Npassed_ALL     = 864 / 1031

>> Running /isilon/hadoop/store/group/bruxljm/FWLJMET106XUL_singleLep2017UL_RunIISummer20_X53X53/PairVLQ_x53x53_tWtW_narrow_RH_M1400_TuneCP5_13TeV-madgraph-pythia8/singleLep2017UL/230310_181045/0000/PairVLQ_x53x53_tWtW_narrow_RH_M1400_TuneCP5_13TeV-madgraph-pythia8_154.root for shift: nominal
[step1.h] Opening file: /isilon/hadoop/store/group/bruxljm/FWLJMET106XUL_singleLep2017UL_RunIISummer20_X53X53/PairVLQ_x53x53_tWtW_narrow_RH_M1400_TuneCP5_13TeV-madgraph-pythia8/singleLep2017UL/230310_181045/0000/PairVLQ_x53x53_tWtW_narrow_RH_M1400_TuneCP5_13TeV-madgraph-pythia8_154.root
[step1.h] Finished initializing
RUN CONFIG: YEAR = 2017
Era = 
isMC = 1, isSig = 1, SigMass = 7
isHad =0, isSE =0, isSM =0
isTTTT = 0, isXX = 1, isTpTp = 0, isBpBp = 0
For W's: isTT = 0, isSTt = 0, isSTtW = 0
For jets & PDF: isTOP = 0, isMadgraphBkg = 1
For HOTTagger Efficiencies: isTTV = 0, isTTHbb = 0, isTTHnonbb = 0, isTTTX = 0
isTTVV = 0, isST = 0, isTTToSemiLeptonHT500Njet9 = 0
Pileup sample key: PairVLQ_x53x53_tWtW_narrow_RH_M1400_TuneCP5_13TeV-madgraph-pythia8
b-tagging working points: 0.304(DeepJet)0.4506(DeepCSV)
isTTincMtt0to700: 0
isTTincMtt0to1000: 0
isTTincMtt700to1000: 0
isTTincMtt1000toInf: 0
isTTSemilepIncHT0Njet0: 0
isTTSemilepIncHT500Njet9: 0
outTTLF: 0
outTTCC: 0
outTTBB: 0
outTT1B: 0
outTT2B: 0
>> Completed 0 out of 1081 events
[INFO] Defaulting to central deepJet weight for: nominal
>> Completed 1000 out of 1081 events
Nelectrons      = 515 / 1081
Npassed_ElEta   = 515 / 1081
Nmuons          = 566 / 1081
NrelIsoFail     = 0 / 1081
Npassed_MuEta   = 566 / 1081
Npassed_nAK8Jets= 1081 / 1081
Npassed_Trigger = 1035 / 1081
Npassed_MET     = 970 / 1081
Npassed_lepPt   = 986 / 1081
Npassed_HT      = 1080 / 1081
npass_Njets     = 1075 / 1081
Npassed_ALL     = 879 / 1081

>> Running /isilon/hadoop/store/group/bruxljm/FWLJMET106XUL_singleLep2017UL_RunIISummer20_X53X53/PairVLQ_x53x53_tWtW_narrow_RH_M1400_TuneCP5_13TeV-madgraph-pythia8/singleLep2017UL/230310_181045/0000/PairVLQ_x53x53_tWtW_narrow_RH_M1400_TuneCP5_13TeV-madgraph-pythia8_155.root for shift: nominal
[step1.h] Opening file: /isilon/hadoop/store/group/bruxljm/FWLJMET106XUL_singleLep2017UL_RunIISummer20_X53X53/PairVLQ_x53x53_tWtW_narrow_RH_M1400_TuneCP5_13TeV-madgraph-pythia8/singleLep2017UL/230310_181045/0000/PairVLQ_x53x53_tWtW_narrow_RH_M1400_TuneCP5_13TeV-madgraph-pythia8_155.root
[step1.h] Finished initializing
RUN CONFIG: YEAR = 2017
Era = 
isMC = 1, isSig = 1, SigMass = 7
isHad =0, isSE =0, isSM =0
isTTTT = 0, isXX = 1, isTpTp = 0, isBpBp = 0
For W's: isTT = 0, isSTt = 0, isSTtW = 0
For jets & PDF: isTOP = 0, isMadgraphBkg = 1
For HOTTagger Efficiencies: isTTV = 0, isTTHbb = 0, isTTHnonbb = 0, isTTTX = 0
isTTVV = 0, isST = 0, isTTToSemiLeptonHT500Njet9 = 0
Pileup sample key: PairVLQ_x53x53_tWtW_narrow_RH_M1400_TuneCP5_13TeV-madgraph-pythia8
b-tagging working points: 0.304(DeepJet)0.4506(DeepCSV)
isTTincMtt0to700: 0
isTTincMtt0to1000: 0
isTTincMtt700to1000: 0
isTTincMtt1000toInf: 0
isTTSemilepIncHT0Njet0: 0
isTTSemilepIncHT500Njet9: 0
outTTLF: 0
outTTCC: 0
outTTBB: 0
outTT1B: 0
outTT2B: 0
>> Completed 0 out of 1090 events
[INFO] Defaulting to central deepJet weight for: nominal
>> Completed 1000 out of 1090 events
Nelectrons      = 499 / 1090
Npassed_ElEta   = 499 / 1090
Nmuons          = 591 / 1090
NrelIsoFail     = 0 / 1090
Npassed_MuEta   = 591 / 1090
Npassed_nAK8Jets= 1090 / 1090
Npassed_Trigger = 1059 / 1090
Npassed_MET     = 974 / 1090
Npassed_lepPt   = 1003 / 1090
Npassed_HT      = 1089 / 1090
npass_Njets     = 1089 / 1090
Npassed_ALL     = 898 / 1090

>> Running /isilon/hadoop/store/group/bruxljm/FWLJMET106XUL_singleLep2017UL_RunIISummer20_X53X53/PairVLQ_x53x53_tWtW_narrow_RH_M1400_TuneCP5_13TeV-madgraph-pythia8/singleLep2017UL/230310_181045/0000/PairVLQ_x53x53_tWtW_narrow_RH_M1400_TuneCP5_13TeV-madgraph-pythia8_156.root for shift: nominal
[step1.h] Opening file: /isilon/hadoop/store/group/bruxljm/FWLJMET106XUL_singleLep2017UL_RunIISummer20_X53X53/PairVLQ_x53x53_tWtW_narrow_RH_M1400_TuneCP5_13TeV-madgraph-pythia8/singleLep2017UL/230310_181045/0000/PairVLQ_x53x53_tWtW_narrow_RH_M1400_TuneCP5_13TeV-madgraph-pythia8_156.root
[step1.h] Finished initializing
RUN CONFIG: YEAR = 2017
Era = 
isMC = 1, isSig = 1, SigMass = 7
isHad =0, isSE =0, isSM =0
isTTTT = 0, isXX = 1, isTpTp = 0, isBpBp = 0
For W's: isTT = 0, isSTt = 0, isSTtW = 0
For jets & PDF: isTOP = 0, isMadgraphBkg = 1
For HOTTagger Efficiencies: isTTV = 0, isTTHbb = 0, isTTHnonbb = 0, isTTTX = 0
isTTVV = 0, isST = 0, isTTToSemiLeptonHT500Njet9 = 0
Pileup sample key: PairVLQ_x53x53_tWtW_narrow_RH_M1400_TuneCP5_13TeV-madgraph-pythia8
b-tagging working points: 0.304(DeepJet)0.4506(DeepCSV)
isTTincMtt0to700: 0
isTTincMtt0to1000: 0
isTTincMtt700to1000: 0
isTTincMtt1000toInf: 0
isTTSemilepIncHT0Njet0: 0
isTTSemilepIncHT500Njet9: 0
outTTLF: 0
outTTCC: 0
outTTBB: 0
outTT1B: 0
outTT2B: 0
>> Completed 0 out of 1059 events
[INFO] Defaulting to central deepJet weight for: nominal
>> Completed 1000 out of 1059 events
Nelectrons      = 500 / 1059
Npassed_ElEta   = 500 / 1059
Nmuons          = 559 / 1059
NrelIsoFail     = 0 / 1059
Npassed_MuEta   = 559 / 1059
Npassed_nAK8Jets= 1059 / 1059
Npassed_Trigger = 1027 / 1059
Npassed_MET     = 952 / 1059
Npassed_lepPt   = 980 / 1059
Npassed_HT      = 1056 / 1059
npass_Njets     = 1053 / 1059
Npassed_ALL     = 873 / 1059

>> Running /isilon/hadoop/store/group/bruxljm/FWLJMET106XUL_singleLep2017UL_RunIISummer20_X53X53/PairVLQ_x53x53_tWtW_narrow_RH_M1400_TuneCP5_13TeV-madgraph-pythia8/singleLep2017UL/230310_181045/0000/PairVLQ_x53x53_tWtW_narrow_RH_M1400_TuneCP5_13TeV-madgraph-pythia8_157.root for shift: nominal
[step1.h] Opening file: /isilon/hadoop/store/group/bruxljm/FWLJMET106XUL_singleLep2017UL_RunIISummer20_X53X53/PairVLQ_x53x53_tWtW_narrow_RH_M1400_TuneCP5_13TeV-madgraph-pythia8/singleLep2017UL/230310_181045/0000/PairVLQ_x53x53_tWtW_narrow_RH_M1400_TuneCP5_13TeV-madgraph-pythia8_157.root
[step1.h] Finished initializing
RUN CONFIG: YEAR = 2017
Era = 
isMC = 1, isSig = 1, SigMass = 7
isHad =0, isSE =0, isSM =0
isTTTT = 0, isXX = 1, isTpTp = 0, isBpBp = 0
For W's: isTT = 0, isSTt = 0, isSTtW = 0
For jets & PDF: isTOP = 0, isMadgraphBkg = 1
For HOTTagger Efficiencies: isTTV = 0, isTTHbb = 0, isTTHnonbb = 0, isTTTX = 0
isTTVV = 0, isST = 0, isTTToSemiLeptonHT500Njet9 = 0
Pileup sample key: PairVLQ_x53x53_tWtW_narrow_RH_M1400_TuneCP5_13TeV-madgraph-pythia8
b-tagging working points: 0.304(DeepJet)0.4506(DeepCSV)
isTTincMtt0to700: 0
isTTincMtt0to1000: 0
isTTincMtt700to1000: 0
isTTincMtt1000toInf: 0
isTTSemilepIncHT0Njet0: 0
isTTSemilepIncHT500Njet9: 0
outTTLF: 0
outTTCC: 0
outTTBB: 0
outTT1B: 0
outTT2B: 0
>> Completed 0 out of 1046 events
[INFO] Defaulting to central deepJet weight for: nominal
>> Completed 1000 out of 1046 events
Nelectrons      = 484 / 1046
Npassed_ElEta   = 484 / 1046
Nmuons          = 562 / 1046
NrelIsoFail     = 0 / 1046
Npassed_MuEta   = 562 / 1046
Npassed_nAK8Jets= 1046 / 1046
Npassed_Trigger = 1014 / 1046
Npassed_MET     = 942 / 1046
Npassed_lepPt   = 961 / 1046
Npassed_HT      = 1046 / 1046
npass_Njets     = 1042 / 1046
Npassed_ALL     = 862 / 1046

>> Running /isilon/hadoop/store/group/bruxljm/FWLJMET106XUL_singleLep2017UL_RunIISummer20_X53X53/PairVLQ_x53x53_tWtW_narrow_RH_M1400_TuneCP5_13TeV-madgraph-pythia8/singleLep2017UL/230310_181045/0000/PairVLQ_x53x53_tWtW_narrow_RH_M1400_TuneCP5_13TeV-madgraph-pythia8_158.root for shift: nominal
[step1.h] Opening file: /isilon/hadoop/store/group/bruxljm/FWLJMET106XUL_singleLep2017UL_RunIISummer20_X53X53/PairVLQ_x53x53_tWtW_narrow_RH_M1400_TuneCP5_13TeV-madgraph-pythia8/singleLep2017UL/230310_181045/0000/PairVLQ_x53x53_tWtW_narrow_RH_M1400_TuneCP5_13TeV-madgraph-pythia8_158.root
[step1.h] Finished initializing
RUN CONFIG: YEAR = 2017
Era = 
isMC = 1, isSig = 1, SigMass = 7
isHad =0, isSE =0, isSM =0
isTTTT = 0, isXX = 1, isTpTp = 0, isBpBp = 0
For W's: isTT = 0, isSTt = 0, isSTtW = 0
For jets & PDF: isTOP = 0, isMadgraphBkg = 1
For HOTTagger Efficiencies: isTTV = 0, isTTHbb = 0, isTTHnonbb = 0, isTTTX = 0
isTTVV = 0, isST = 0, isTTToSemiLeptonHT500Njet9 = 0
Pileup sample key: PairVLQ_x53x53_tWtW_narrow_RH_M1400_TuneCP5_13TeV-madgraph-pythia8
b-tagging working points: 0.304(DeepJet)0.4506(DeepCSV)
isTTincMtt0to700: 0
isTTincMtt0to1000: 0
isTTincMtt700to1000: 0
isTTincMtt1000toInf: 0
isTTSemilepIncHT0Njet0: 0
isTTSemilepIncHT500Njet9: 0
outTTLF: 0
outTTCC: 0
outTTBB: 0
outTT1B: 0
outTT2B: 0
>> Completed 0 out of 539 events
[INFO] Defaulting to central deepJet weight for: nominal
Nelectrons      = 251 / 539
Npassed_ElEta   = 251 / 539
Nmuons          = 288 / 539
NrelIsoFail     = 0 / 539
Npassed_MuEta   = 288 / 539
Npassed_nAK8Jets= 539 / 539
Npassed_Trigger = 518 / 539
Npassed_MET     = 489 / 539
Npassed_lepPt   = 494 / 539
Npassed_HT      = 538 / 539
npass_Njets     = 539 / 539
Npassed_ALL     = 447 / 539

>> Running /isilon/hadoop/store/group/bruxljm/FWLJMET106XUL_singleLep2017UL_RunIISummer20_X53X53/PairVLQ_x53x53_tWtW_narrow_RH_M1400_TuneCP5_13TeV-madgraph-pythia8/singleLep2017UL/230310_181045/0000/PairVLQ_x53x53_tWtW_narrow_RH_M1400_TuneCP5_13TeV-madgraph-pythia8_16.root for shift: nominal
[step1.h] Opening file: /isilon/hadoop/store/group/bruxljm/FWLJMET106XUL_singleLep2017UL_RunIISummer20_X53X53/PairVLQ_x53x53_tWtW_narrow_RH_M1400_TuneCP5_13TeV-madgraph-pythia8/singleLep2017UL/230310_181045/0000/PairVLQ_x53x53_tWtW_narrow_RH_M1400_TuneCP5_13TeV-madgraph-pythia8_16.root
[step1.h] Finished initializing
RUN CONFIG: YEAR = 2017
Era = 
isMC = 1, isSig = 1, SigMass = 7
isHad =0, isSE =0, isSM =0
isTTTT = 0, isXX = 1, isTpTp = 0, isBpBp = 0
For W's: isTT = 0, isSTt = 0, isSTtW = 0
For jets & PDF: isTOP = 0, isMadgraphBkg = 1
For HOTTagger Efficiencies: isTTV = 0, isTTHbb = 0, isTTHnonbb = 0, isTTTX = 0
isTTVV = 0, isST = 0, isTTToSemiLeptonHT500Njet9 = 0
Pileup sample key: PairVLQ_x53x53_tWtW_narrow_RH_M1400_TuneCP5_13TeV-madgraph-pythia8
b-tagging working points: 0.304(DeepJet)0.4506(DeepCSV)
isTTincMtt0to700: 0
isTTincMtt0to1000: 0
isTTincMtt700to1000: 0
isTTincMtt1000toInf: 0
isTTSemilepIncHT0Njet0: 0
isTTSemilepIncHT500Njet9: 0
outTTLF: 0
outTTCC: 0
outTTBB: 0
outTT1B: 0
outTT2B: 0
>> Completed 0 out of 1084 events
[INFO] Defaulting to central deepJet weight for: nominal
>> Completed 1000 out of 1084 events
Nelectrons      = 533 / 1084
Npassed_ElEta   = 533 / 1084
Nmuons          = 551 / 1084
NrelIsoFail     = 0 / 1084
Npassed_MuEta   = 551 / 1084
Npassed_nAK8Jets= 1084 / 1084
Npassed_Trigger = 1043 / 1084
Npassed_MET     = 993 / 1084
Npassed_lepPt   = 1008 / 1084
Npassed_HT      = 1082 / 1084
npass_Njets     = 1079 / 1084
Npassed_ALL     = 913 / 1084

>> Running /isilon/hadoop/store/group/bruxljm/FWLJMET106XUL_singleLep2017UL_RunIISummer20_X53X53/PairVLQ_x53x53_tWtW_narrow_RH_M1400_TuneCP5_13TeV-madgraph-pythia8/singleLep2017UL/230310_181045/0000/PairVLQ_x53x53_tWtW_narrow_RH_M1400_TuneCP5_13TeV-madgraph-pythia8_17.root for shift: nominal
[step1.h] Opening file: /isilon/hadoop/store/group/bruxljm/FWLJMET106XUL_singleLep2017UL_RunIISummer20_X53X53/PairVLQ_x53x53_tWtW_narrow_RH_M1400_TuneCP5_13TeV-madgraph-pythia8/singleLep2017UL/230310_181045/0000/PairVLQ_x53x53_tWtW_narrow_RH_M1400_TuneCP5_13TeV-madgraph-pythia8_17.root
[step1.h] Finished initializing
RUN CONFIG: YEAR = 2017
Era = 
isMC = 1, isSig = 1, SigMass = 7
isHad =0, isSE =0, isSM =0
isTTTT = 0, isXX = 1, isTpTp = 0, isBpBp = 0
For W's: isTT = 0, isSTt = 0, isSTtW = 0
For jets & PDF: isTOP = 0, isMadgraphBkg = 1
For HOTTagger Efficiencies: isTTV = 0, isTTHbb = 0, isTTHnonbb = 0, isTTTX = 0
isTTVV = 0, isST = 0, isTTToSemiLeptonHT500Njet9 = 0
Pileup sample key: PairVLQ_x53x53_tWtW_narrow_RH_M1400_TuneCP5_13TeV-madgraph-pythia8
b-tagging working points: 0.304(DeepJet)0.4506(DeepCSV)
isTTincMtt0to700: 0
isTTincMtt0to1000: 0
isTTincMtt700to1000: 0
isTTincMtt1000toInf: 0
isTTSemilepIncHT0Njet0: 0
isTTSemilepIncHT500Njet9: 0
outTTLF: 0
outTTCC: 0
outTTBB: 0
outTT1B: 0
outTT2B: 0
>> Completed 0 out of 1073 events
[INFO] Defaulting to central deepJet weight for: nominal
>> Completed 1000 out of 1073 events
Nelectrons      = 484 / 1073
Npassed_ElEta   = 484 / 1073
Nmuons          = 589 / 1073
NrelIsoFail     = 0 / 1073
Npassed_MuEta   = 589 / 1073
Npassed_nAK8Jets= 1073 / 1073
Npassed_Trigger = 1037 / 1073
Npassed_MET     = 958 / 1073
Npassed_lepPt   = 981 / 1073
Npassed_HT      = 1071 / 1073
npass_Njets     = 1070 / 1073
Npassed_ALL     = 871 / 1073

>> Running /isilon/hadoop/store/group/bruxljm/FWLJMET106XUL_singleLep2017UL_RunIISummer20_X53X53/PairVLQ_x53x53_tWtW_narrow_RH_M1400_TuneCP5_13TeV-madgraph-pythia8/singleLep2017UL/230310_181045/0000/PairVLQ_x53x53_tWtW_narrow_RH_M1400_TuneCP5_13TeV-madgraph-pythia8_18.root for shift: nominal
[step1.h] Opening file: /isilon/hadoop/store/group/bruxljm/FWLJMET106XUL_singleLep2017UL_RunIISummer20_X53X53/PairVLQ_x53x53_tWtW_narrow_RH_M1400_TuneCP5_13TeV-madgraph-pythia8/singleLep2017UL/230310_181045/0000/PairVLQ_x53x53_tWtW_narrow_RH_M1400_TuneCP5_13TeV-madgraph-pythia8_18.root
[step1.h] Finished initializing
RUN CONFIG: YEAR = 2017
Era = 
isMC = 1, isSig = 1, SigMass = 7
isHad =0, isSE =0, isSM =0
isTTTT = 0, isXX = 1, isTpTp = 0, isBpBp = 0
For W's: isTT = 0, isSTt = 0, isSTtW = 0
For jets & PDF: isTOP = 0, isMadgraphBkg = 1
For HOTTagger Efficiencies: isTTV = 0, isTTHbb = 0, isTTHnonbb = 0, isTTTX = 0
isTTVV = 0, isST = 0, isTTToSemiLeptonHT500Njet9 = 0
Pileup sample key: PairVLQ_x53x53_tWtW_narrow_RH_M1400_TuneCP5_13TeV-madgraph-pythia8
b-tagging working points: 0.304(DeepJet)0.4506(DeepCSV)
isTTincMtt0to700: 0
isTTincMtt0to1000: 0
isTTincMtt700to1000: 0
isTTincMtt1000toInf: 0
isTTSemilepIncHT0Njet0: 0
isTTSemilepIncHT500Njet9: 0
outTTLF: 0
outTTCC: 0
outTTBB: 0
outTT1B: 0
outTT2B: 0
>> Completed 0 out of 530 events
[INFO] Defaulting to central deepJet weight for: nominal
Nelectrons      = 245 / 530
Npassed_ElEta   = 245 / 530
Nmuons          = 285 / 530
NrelIsoFail     = 0 / 530
Npassed_MuEta   = 285 / 530
Npassed_nAK8Jets= 530 / 530
Npassed_Trigger = 513 / 530
Npassed_MET     = 477 / 530
Npassed_lepPt   = 489 / 530
Npassed_HT      = 529 / 530
npass_Njets     = 523 / 530
Npassed_ALL     = 431 / 530

>> Running /isilon/hadoop/store/group/bruxljm/FWLJMET106XUL_singleLep2017UL_RunIISummer20_X53X53/PairVLQ_x53x53_tWtW_narrow_RH_M1400_TuneCP5_13TeV-madgraph-pythia8/singleLep2017UL/230310_181045/0000/PairVLQ_x53x53_tWtW_narrow_RH_M1400_TuneCP5_13TeV-madgraph-pythia8_19.root for shift: nominal
[step1.h] Opening file: /isilon/hadoop/store/group/bruxljm/FWLJMET106XUL_singleLep2017UL_RunIISummer20_X53X53/PairVLQ_x53x53_tWtW_narrow_RH_M1400_TuneCP5_13TeV-madgraph-pythia8/singleLep2017UL/230310_181045/0000/PairVLQ_x53x53_tWtW_narrow_RH_M1400_TuneCP5_13TeV-madgraph-pythia8_19.root
[step1.h] Finished initializing
RUN CONFIG: YEAR = 2017
Era = 
isMC = 1, isSig = 1, SigMass = 7
isHad =0, isSE =0, isSM =0
isTTTT = 0, isXX = 1, isTpTp = 0, isBpBp = 0
For W's: isTT = 0, isSTt = 0, isSTtW = 0
For jets & PDF: isTOP = 0, isMadgraphBkg = 1
For HOTTagger Efficiencies: isTTV = 0, isTTHbb = 0, isTTHnonbb = 0, isTTTX = 0
isTTVV = 0, isST = 0, isTTToSemiLeptonHT500Njet9 = 0
Pileup sample key: PairVLQ_x53x53_tWtW_narrow_RH_M1400_TuneCP5_13TeV-madgraph-pythia8
b-tagging working points: 0.304(DeepJet)0.4506(DeepCSV)
isTTincMtt0to700: 0
isTTincMtt0to1000: 0
isTTincMtt700to1000: 0
isTTincMtt1000toInf: 0
isTTSemilepIncHT0Njet0: 0
isTTSemilepIncHT500Njet9: 0
outTTLF: 0
outTTCC: 0
outTTBB: 0
outTT1B: 0
outTT2B: 0
>> Completed 0 out of 1047 events
[INFO] Defaulting to central deepJet weight for: nominal
>> Completed 1000 out of 1047 events
Nelectrons      = 501 / 1047
Npassed_ElEta   = 501 / 1047
Nmuons          = 546 / 1047
NrelIsoFail     = 0 / 1047
Npassed_MuEta   = 546 / 1047
Npassed_nAK8Jets= 1047 / 1047
Npassed_Trigger = 1000 / 1047
Npassed_MET     = 951 / 1047
Npassed_lepPt   = 966 / 1047
Npassed_HT      = 1045 / 1047
npass_Njets     = 1042 / 1047
Npassed_ALL     = 870 / 1047

>> Running /isilon/hadoop/store/group/bruxljm/FWLJMET106XUL_singleLep2017UL_RunIISummer20_X53X53/PairVLQ_x53x53_tWtW_narrow_RH_M1400_TuneCP5_13TeV-madgraph-pythia8/singleLep2017UL/230310_181045/0000/PairVLQ_x53x53_tWtW_narrow_RH_M1400_TuneCP5_13TeV-madgraph-pythia8_2.root for shift: nominal
[step1.h] Opening file: /isilon/hadoop/store/group/bruxljm/FWLJMET106XUL_singleLep2017UL_RunIISummer20_X53X53/PairVLQ_x53x53_tWtW_narrow_RH_M1400_TuneCP5_13TeV-madgraph-pythia8/singleLep2017UL/230310_181045/0000/PairVLQ_x53x53_tWtW_narrow_RH_M1400_TuneCP5_13TeV-madgraph-pythia8_2.root
[step1.h] Finished initializing
RUN CONFIG: YEAR = 2017
Era = 
isMC = 1, isSig = 1, SigMass = 7
isHad =0, isSE =0, isSM =0
isTTTT = 0, isXX = 1, isTpTp = 0, isBpBp = 0
For W's: isTT = 0, isSTt = 0, isSTtW = 0
For jets & PDF: isTOP = 0, isMadgraphBkg = 1
For HOTTagger Efficiencies: isTTV = 0, isTTHbb = 0, isTTHnonbb = 0, isTTTX = 0
isTTVV = 0, isST = 0, isTTToSemiLeptonHT500Njet9 = 0
Pileup sample key: PairVLQ_x53x53_tWtW_narrow_RH_M1400_TuneCP5_13TeV-madgraph-pythia8
b-tagging working points: 0.304(DeepJet)0.4506(DeepCSV)
isTTincMtt0to700: 0
isTTincMtt0to1000: 0
isTTincMtt700to1000: 0
isTTincMtt1000toInf: 0
isTTSemilepIncHT0Njet0: 0
isTTSemilepIncHT500Njet9: 0
outTTLF: 0
outTTCC: 0
outTTBB: 0
outTT1B: 0
outTT2B: 0
>> Completed 0 out of 1103 events
[INFO] Defaulting to central deepJet weight for: nominal
>> Completed 1000 out of 1103 events
Nelectrons      = 533 / 1103
Npassed_ElEta   = 533 / 1103
Nmuons          = 570 / 1103
NrelIsoFail     = 0 / 1103
Npassed_MuEta   = 570 / 1103
Npassed_nAK8Jets= 1103 / 1103
Npassed_Trigger = 1055 / 1103
Npassed_MET     = 1001 / 1103
Npassed_lepPt   = 1017 / 1103
Npassed_HT      = 1102 / 1103
npass_Njets     = 1099 / 1103
Npassed_ALL     = 919 / 1103

>> Running /isilon/hadoop/store/group/bruxljm/FWLJMET106XUL_singleLep2017UL_RunIISummer20_X53X53/PairVLQ_x53x53_tWtW_narrow_RH_M1400_TuneCP5_13TeV-madgraph-pythia8/singleLep2017UL/230310_181045/0000/PairVLQ_x53x53_tWtW_narrow_RH_M1400_TuneCP5_13TeV-madgraph-pythia8_20.root for shift: nominal
[step1.h] Opening file: /isilon/hadoop/store/group/bruxljm/FWLJMET106XUL_singleLep2017UL_RunIISummer20_X53X53/PairVLQ_x53x53_tWtW_narrow_RH_M1400_TuneCP5_13TeV-madgraph-pythia8/singleLep2017UL/230310_181045/0000/PairVLQ_x53x53_tWtW_narrow_RH_M1400_TuneCP5_13TeV-madgraph-pythia8_20.root
[step1.h] Finished initializing
RUN CONFIG: YEAR = 2017
Era = 
isMC = 1, isSig = 1, SigMass = 7
isHad =0, isSE =0, isSM =0
isTTTT = 0, isXX = 1, isTpTp = 0, isBpBp = 0
For W's: isTT = 0, isSTt = 0, isSTtW = 0
For jets & PDF: isTOP = 0, isMadgraphBkg = 1
For HOTTagger Efficiencies: isTTV = 0, isTTHbb = 0, isTTHnonbb = 0, isTTTX = 0
isTTVV = 0, isST = 0, isTTToSemiLeptonHT500Njet9 = 0
Pileup sample key: PairVLQ_x53x53_tWtW_narrow_RH_M1400_TuneCP5_13TeV-madgraph-pythia8
b-tagging working points: 0.304(DeepJet)0.4506(DeepCSV)
isTTincMtt0to700: 0
isTTincMtt0to1000: 0
isTTincMtt700to1000: 0
isTTincMtt1000toInf: 0
isTTSemilepIncHT0Njet0: 0
isTTSemilepIncHT500Njet9: 0
outTTLF: 0
outTTCC: 0
outTTBB: 0
outTT1B: 0
outTT2B: 0
>> Completed 0 out of 539 events
[INFO] Defaulting to central deepJet weight for: nominal
Nelectrons      = 240 / 539
Npassed_ElEta   = 240 / 539
Nmuons          = 299 / 539
NrelIsoFail     = 0 / 539
Npassed_MuEta   = 299 / 539
Npassed_nAK8Jets= 539 / 539
Npassed_Trigger = 524 / 539
Npassed_MET     = 485 / 539
Npassed_lepPt   = 492 / 539
Npassed_HT      = 538 / 539
npass_Njets     = 537 / 539
Npassed_ALL     = 444 / 539

>> Running /isilon/hadoop/store/group/bruxljm/FWLJMET106XUL_singleLep2017UL_RunIISummer20_X53X53/PairVLQ_x53x53_tWtW_narrow_RH_M1400_TuneCP5_13TeV-madgraph-pythia8/singleLep2017UL/230310_181045/0000/PairVLQ_x53x53_tWtW_narrow_RH_M1400_TuneCP5_13TeV-madgraph-pythia8_21.root for shift: nominal
[step1.h] Opening file: /isilon/hadoop/store/group/bruxljm/FWLJMET106XUL_singleLep2017UL_RunIISummer20_X53X53/PairVLQ_x53x53_tWtW_narrow_RH_M1400_TuneCP5_13TeV-madgraph-pythia8/singleLep2017UL/230310_181045/0000/PairVLQ_x53x53_tWtW_narrow_RH_M1400_TuneCP5_13TeV-madgraph-pythia8_21.root
[step1.h] Finished initializing
RUN CONFIG: YEAR = 2017
Era = 
isMC = 1, isSig = 1, SigMass = 7
isHad =0, isSE =0, isSM =0
isTTTT = 0, isXX = 1, isTpTp = 0, isBpBp = 0
For W's: isTT = 0, isSTt = 0, isSTtW = 0
For jets & PDF: isTOP = 0, isMadgraphBkg = 1
For HOTTagger Efficiencies: isTTV = 0, isTTHbb = 0, isTTHnonbb = 0, isTTTX = 0
isTTVV = 0, isST = 0, isTTToSemiLeptonHT500Njet9 = 0
Pileup sample key: PairVLQ_x53x53_tWtW_narrow_RH_M1400_TuneCP5_13TeV-madgraph-pythia8
b-tagging working points: 0.304(DeepJet)0.4506(DeepCSV)
isTTincMtt0to700: 0
isTTincMtt0to1000: 0
isTTincMtt700to1000: 0
isTTincMtt1000toInf: 0
isTTSemilepIncHT0Njet0: 0
isTTSemilepIncHT500Njet9: 0
outTTLF: 0
outTTCC: 0
outTTBB: 0
outTT1B: 0
outTT2B: 0
>> Completed 0 out of 501 events
[INFO] Defaulting to central deepJet weight for: nominal
Nelectrons      = 230 / 501
Npassed_ElEta   = 230 / 501
Nmuons          = 271 / 501
NrelIsoFail     = 0 / 501
Npassed_MuEta   = 271 / 501
Npassed_nAK8Jets= 501 / 501
Npassed_Trigger = 483 / 501
Npassed_MET     = 454 / 501
Npassed_lepPt   = 466 / 501
Npassed_HT      = 500 / 501
npass_Njets     = 501 / 501
Npassed_ALL     = 423 / 501

>> Running /isilon/hadoop/store/group/bruxljm/FWLJMET106XUL_singleLep2017UL_RunIISummer20_X53X53/PairVLQ_x53x53_tWtW_narrow_RH_M1400_TuneCP5_13TeV-madgraph-pythia8/singleLep2017UL/230310_181045/0000/PairVLQ_x53x53_tWtW_narrow_RH_M1400_TuneCP5_13TeV-madgraph-pythia8_22.root for shift: nominal
[step1.h] Opening file: /isilon/hadoop/store/group/bruxljm/FWLJMET106XUL_singleLep2017UL_RunIISummer20_X53X53/PairVLQ_x53x53_tWtW_narrow_RH_M1400_TuneCP5_13TeV-madgraph-pythia8/singleLep2017UL/230310_181045/0000/PairVLQ_x53x53_tWtW_narrow_RH_M1400_TuneCP5_13TeV-madgraph-pythia8_22.root
[step1.h] Finished initializing
RUN CONFIG: YEAR = 2017
Era = 
isMC = 1, isSig = 1, SigMass = 7
isHad =0, isSE =0, isSM =0
isTTTT = 0, isXX = 1, isTpTp = 0, isBpBp = 0
For W's: isTT = 0, isSTt = 0, isSTtW = 0
For jets & PDF: isTOP = 0, isMadgraphBkg = 1
For HOTTagger Efficiencies: isTTV = 0, isTTHbb = 0, isTTHnonbb = 0, isTTTX = 0
isTTVV = 0, isST = 0, isTTToSemiLeptonHT500Njet9 = 0
Pileup sample key: PairVLQ_x53x53_tWtW_narrow_RH_M1400_TuneCP5_13TeV-madgraph-pythia8
b-tagging working points: 0.304(DeepJet)0.4506(DeepCSV)
isTTincMtt0to700: 0
isTTincMtt0to1000: 0
isTTincMtt700to1000: 0
isTTincMtt1000toInf: 0
isTTSemilepIncHT0Njet0: 0
isTTSemilepIncHT500Njet9: 0
outTTLF: 0
outTTCC: 0
outTTBB: 0
outTT1B: 0
outTT2B: 0
>> Completed 0 out of 1039 events
[INFO] Defaulting to central deepJet weight for: nominal
>> Completed 1000 out of 1039 events
Nelectrons      = 474 / 1039
Npassed_ElEta   = 474 / 1039
Nmuons          = 565 / 1039
NrelIsoFail     = 0 / 1039
Npassed_MuEta   = 565 / 1039
Npassed_nAK8Jets= 1039 / 1039
Npassed_Trigger = 990 / 1039
Npassed_MET     = 945 / 1039
Npassed_lepPt   = 963 / 1039
Npassed_HT      = 1037 / 1039
npass_Njets     = 1035 / 1039
Npassed_ALL     = 873 / 1039

>> Running /isilon/hadoop/store/group/bruxljm/FWLJMET106XUL_singleLep2017UL_RunIISummer20_X53X53/PairVLQ_x53x53_tWtW_narrow_RH_M1400_TuneCP5_13TeV-madgraph-pythia8/singleLep2017UL/230310_181045/0000/PairVLQ_x53x53_tWtW_narrow_RH_M1400_TuneCP5_13TeV-madgraph-pythia8_23.root for shift: nominal
[step1.h] Opening file: /isilon/hadoop/store/group/bruxljm/FWLJMET106XUL_singleLep2017UL_RunIISummer20_X53X53/PairVLQ_x53x53_tWtW_narrow_RH_M1400_TuneCP5_13TeV-madgraph-pythia8/singleLep2017UL/230310_181045/0000/PairVLQ_x53x53_tWtW_narrow_RH_M1400_TuneCP5_13TeV-madgraph-pythia8_23.root
[step1.h] Finished initializing
RUN CONFIG: YEAR = 2017
Era = 
isMC = 1, isSig = 1, SigMass = 7
isHad =0, isSE =0, isSM =0
isTTTT = 0, isXX = 1, isTpTp = 0, isBpBp = 0
For W's: isTT = 0, isSTt = 0, isSTtW = 0
For jets & PDF: isTOP = 0, isMadgraphBkg = 1
For HOTTagger Efficiencies: isTTV = 0, isTTHbb = 0, isTTHnonbb = 0, isTTTX = 0
isTTVV = 0, isST = 0, isTTToSemiLeptonHT500Njet9 = 0
Pileup sample key: PairVLQ_x53x53_tWtW_narrow_RH_M1400_TuneCP5_13TeV-madgraph-pythia8
b-tagging working points: 0.304(DeepJet)0.4506(DeepCSV)
isTTincMtt0to700: 0
isTTincMtt0to1000: 0
isTTincMtt700to1000: 0
isTTincMtt1000toInf: 0
isTTSemilepIncHT0Njet0: 0
isTTSemilepIncHT500Njet9: 0
outTTLF: 0
outTTCC: 0
outTTBB: 0
outTT1B: 0
outTT2B: 0
>> Completed 0 out of 1044 events
[INFO] Defaulting to central deepJet weight for: nominal
>> Completed 1000 out of 1044 events
Nelectrons      = 452 / 1044
Npassed_ElEta   = 452 / 1044
Nmuons          = 592 / 1044
NrelIsoFail     = 0 / 1044
Npassed_MuEta   = 592 / 1044
Npassed_nAK8Jets= 1044 / 1044
Npassed_Trigger = 1013 / 1044
Npassed_MET     = 930 / 1044
Npassed_lepPt   = 965 / 1044
Npassed_HT      = 1044 / 1044
npass_Njets     = 1041 / 1044
Npassed_ALL     = 857 / 1044

>> Running /isilon/hadoop/store/group/bruxljm/FWLJMET106XUL_singleLep2017UL_RunIISummer20_X53X53/PairVLQ_x53x53_tWtW_narrow_RH_M1400_TuneCP5_13TeV-madgraph-pythia8/singleLep2017UL/230310_181045/0000/PairVLQ_x53x53_tWtW_narrow_RH_M1400_TuneCP5_13TeV-madgraph-pythia8_24.root for shift: nominal
[step1.h] Opening file: /isilon/hadoop/store/group/bruxljm/FWLJMET106XUL_singleLep2017UL_RunIISummer20_X53X53/PairVLQ_x53x53_tWtW_narrow_RH_M1400_TuneCP5_13TeV-madgraph-pythia8/singleLep2017UL/230310_181045/0000/PairVLQ_x53x53_tWtW_narrow_RH_M1400_TuneCP5_13TeV-madgraph-pythia8_24.root
[step1.h] Finished initializing
RUN CONFIG: YEAR = 2017
Era = 
isMC = 1, isSig = 1, SigMass = 7
isHad =0, isSE =0, isSM =0
isTTTT = 0, isXX = 1, isTpTp = 0, isBpBp = 0
For W's: isTT = 0, isSTt = 0, isSTtW = 0
For jets & PDF: isTOP = 0, isMadgraphBkg = 1
For HOTTagger Efficiencies: isTTV = 0, isTTHbb = 0, isTTHnonbb = 0, isTTTX = 0
isTTVV = 0, isST = 0, isTTToSemiLeptonHT500Njet9 = 0
Pileup sample key: PairVLQ_x53x53_tWtW_narrow_RH_M1400_TuneCP5_13TeV-madgraph-pythia8
b-tagging working points: 0.304(DeepJet)0.4506(DeepCSV)
isTTincMtt0to700: 0
isTTincMtt0to1000: 0
isTTincMtt700to1000: 0
isTTincMtt1000toInf: 0
isTTSemilepIncHT0Njet0: 0
isTTSemilepIncHT500Njet9: 0
outTTLF: 0
outTTCC: 0
outTTBB: 0
outTT1B: 0
outTT2B: 0
>> Completed 0 out of 1026 events
[INFO] Defaulting to central deepJet weight for: nominal
>> Completed 1000 out of 1026 events
Nelectrons      = 486 / 1026
Npassed_ElEta   = 486 / 1026
Nmuons          = 540 / 1026
NrelIsoFail     = 0 / 1026
Npassed_MuEta   = 540 / 1026
Npassed_nAK8Jets= 1026 / 1026
Npassed_Trigger = 984 / 1026
Npassed_MET     = 925 / 1026
Npassed_lepPt   = 947 / 1026
Npassed_HT      = 1026 / 1026
npass_Njets     = 1024 / 1026
Npassed_ALL     = 851 / 1026

>> Running /isilon/hadoop/store/group/bruxljm/FWLJMET106XUL_singleLep2017UL_RunIISummer20_X53X53/PairVLQ_x53x53_tWtW_narrow_RH_M1400_TuneCP5_13TeV-madgraph-pythia8/singleLep2017UL/230310_181045/0000/PairVLQ_x53x53_tWtW_narrow_RH_M1400_TuneCP5_13TeV-madgraph-pythia8_25.root for shift: nominal
[step1.h] Opening file: /isilon/hadoop/store/group/bruxljm/FWLJMET106XUL_singleLep2017UL_RunIISummer20_X53X53/PairVLQ_x53x53_tWtW_narrow_RH_M1400_TuneCP5_13TeV-madgraph-pythia8/singleLep2017UL/230310_181045/0000/PairVLQ_x53x53_tWtW_narrow_RH_M1400_TuneCP5_13TeV-madgraph-pythia8_25.root
[step1.h] Finished initializing
RUN CONFIG: YEAR = 2017
Era = 
isMC = 1, isSig = 1, SigMass = 7
isHad =0, isSE =0, isSM =0
isTTTT = 0, isXX = 1, isTpTp = 0, isBpBp = 0
For W's: isTT = 0, isSTt = 0, isSTtW = 0
For jets & PDF: isTOP = 0, isMadgraphBkg = 1
For HOTTagger Efficiencies: isTTV = 0, isTTHbb = 0, isTTHnonbb = 0, isTTTX = 0
isTTVV = 0, isST = 0, isTTToSemiLeptonHT500Njet9 = 0
Pileup sample key: PairVLQ_x53x53_tWtW_narrow_RH_M1400_TuneCP5_13TeV-madgraph-pythia8
b-tagging working points: 0.304(DeepJet)0.4506(DeepCSV)
isTTincMtt0to700: 0
isTTincMtt0to1000: 0
isTTincMtt700to1000: 0
isTTincMtt1000toInf: 0
isTTSemilepIncHT0Njet0: 0
isTTSemilepIncHT500Njet9: 0
outTTLF: 0
outTTCC: 0
outTTBB: 0
outTT1B: 0
outTT2B: 0
>> Completed 0 out of 1035 events
[INFO] Defaulting to central deepJet weight for: nominal
>> Completed 1000 out of 1035 events
Nelectrons      = 491 / 1035
Npassed_ElEta   = 491 / 1035
Nmuons          = 544 / 1035
NrelIsoFail     = 0 / 1035
Npassed_MuEta   = 544 / 1035
Npassed_nAK8Jets= 1035 / 1035
Npassed_Trigger = 997 / 1035
Npassed_MET     = 925 / 1035
Npassed_lepPt   = 950 / 1035
Npassed_HT      = 1034 / 1035
npass_Njets     = 1032 / 1035
Npassed_ALL     = 843 / 1035

>> Running /isilon/hadoop/store/group/bruxljm/FWLJMET106XUL_singleLep2017UL_RunIISummer20_X53X53/PairVLQ_x53x53_tWtW_narrow_RH_M1400_TuneCP5_13TeV-madgraph-pythia8/singleLep2017UL/230310_181045/0000/PairVLQ_x53x53_tWtW_narrow_RH_M1400_TuneCP5_13TeV-madgraph-pythia8_26.root for shift: nominal
[step1.h] Opening file: /isilon/hadoop/store/group/bruxljm/FWLJMET106XUL_singleLep2017UL_RunIISummer20_X53X53/PairVLQ_x53x53_tWtW_narrow_RH_M1400_TuneCP5_13TeV-madgraph-pythia8/singleLep2017UL/230310_181045/0000/PairVLQ_x53x53_tWtW_narrow_RH_M1400_TuneCP5_13TeV-madgraph-pythia8_26.root
[step1.h] Finished initializing
RUN CONFIG: YEAR = 2017
Era = 
isMC = 1, isSig = 1, SigMass = 7
isHad =0, isSE =0, isSM =0
isTTTT = 0, isXX = 1, isTpTp = 0, isBpBp = 0
For W's: isTT = 0, isSTt = 0, isSTtW = 0
For jets & PDF: isTOP = 0, isMadgraphBkg = 1
For HOTTagger Efficiencies: isTTV = 0, isTTHbb = 0, isTTHnonbb = 0, isTTTX = 0
isTTVV = 0, isST = 0, isTTToSemiLeptonHT500Njet9 = 0
Pileup sample key: PairVLQ_x53x53_tWtW_narrow_RH_M1400_TuneCP5_13TeV-madgraph-pythia8
b-tagging working points: 0.304(DeepJet)0.4506(DeepCSV)
isTTincMtt0to700: 0
isTTincMtt0to1000: 0
isTTincMtt700to1000: 0
isTTincMtt1000toInf: 0
isTTSemilepIncHT0Njet0: 0
isTTSemilepIncHT500Njet9: 0
outTTLF: 0
outTTCC: 0
outTTBB: 0
outTT1B: 0
outTT2B: 0
>> Completed 0 out of 1047 events
[INFO] Defaulting to central deepJet weight for: nominal
>> Completed 1000 out of 1047 events
Nelectrons      = 457 / 1047
Npassed_ElEta   = 457 / 1047
Nmuons          = 590 / 1047
NrelIsoFail     = 0 / 1047
Npassed_MuEta   = 590 / 1047
Npassed_nAK8Jets= 1047 / 1047
Npassed_Trigger = 1016 / 1047
Npassed_MET     = 949 / 1047
Npassed_lepPt   = 963 / 1047
Npassed_HT      = 1044 / 1047
npass_Njets     = 1044 / 1047
Npassed_ALL     = 870 / 1047

>> Running /isilon/hadoop/store/group/bruxljm/FWLJMET106XUL_singleLep2017UL_RunIISummer20_X53X53/PairVLQ_x53x53_tWtW_narrow_RH_M1400_TuneCP5_13TeV-madgraph-pythia8/singleLep2017UL/230310_181045/0000/PairVLQ_x53x53_tWtW_narrow_RH_M1400_TuneCP5_13TeV-madgraph-pythia8_27.root for shift: nominal
[step1.h] Opening file: /isilon/hadoop/store/group/bruxljm/FWLJMET106XUL_singleLep2017UL_RunIISummer20_X53X53/PairVLQ_x53x53_tWtW_narrow_RH_M1400_TuneCP5_13TeV-madgraph-pythia8/singleLep2017UL/230310_181045/0000/PairVLQ_x53x53_tWtW_narrow_RH_M1400_TuneCP5_13TeV-madgraph-pythia8_27.root
[step1.h] Finished initializing
RUN CONFIG: YEAR = 2017
Era = 
isMC = 1, isSig = 1, SigMass = 7
isHad =0, isSE =0, isSM =0
isTTTT = 0, isXX = 1, isTpTp = 0, isBpBp = 0
For W's: isTT = 0, isSTt = 0, isSTtW = 0
For jets & PDF: isTOP = 0, isMadgraphBkg = 1
For HOTTagger Efficiencies: isTTV = 0, isTTHbb = 0, isTTHnonbb = 0, isTTTX = 0
isTTVV = 0, isST = 0, isTTToSemiLeptonHT500Njet9 = 0
Pileup sample key: PairVLQ_x53x53_tWtW_narrow_RH_M1400_TuneCP5_13TeV-madgraph-pythia8
b-tagging working points: 0.304(DeepJet)0.4506(DeepCSV)
isTTincMtt0to700: 0
isTTincMtt0to1000: 0
isTTincMtt700to1000: 0
isTTincMtt1000toInf: 0
isTTSemilepIncHT0Njet0: 0
isTTSemilepIncHT500Njet9: 0
outTTLF: 0
outTTCC: 0
outTTBB: 0
outTT1B: 0
outTT2B: 0
>> Completed 0 out of 1056 events
[INFO] Defaulting to central deepJet weight for: nominal
>> Completed 1000 out of 1056 events
Nelectrons      = 471 / 1056
Npassed_ElEta   = 471 / 1056
Nmuons          = 585 / 1056
NrelIsoFail     = 0 / 1056
Npassed_MuEta   = 585 / 1056
Npassed_nAK8Jets= 1056 / 1056
Npassed_Trigger = 1019 / 1056
Npassed_MET     = 952 / 1056
Npassed_lepPt   = 981 / 1056
Npassed_HT      = 1056 / 1056
npass_Njets     = 1049 / 1056
Npassed_ALL     = 881 / 1056

>> Running /isilon/hadoop/store/group/bruxljm/FWLJMET106XUL_singleLep2017UL_RunIISummer20_X53X53/PairVLQ_x53x53_tWtW_narrow_RH_M1400_TuneCP5_13TeV-madgraph-pythia8/singleLep2017UL/230310_181045/0000/PairVLQ_x53x53_tWtW_narrow_RH_M1400_TuneCP5_13TeV-madgraph-pythia8_28.root for shift: nominal
[step1.h] Opening file: /isilon/hadoop/store/group/bruxljm/FWLJMET106XUL_singleLep2017UL_RunIISummer20_X53X53/PairVLQ_x53x53_tWtW_narrow_RH_M1400_TuneCP5_13TeV-madgraph-pythia8/singleLep2017UL/230310_181045/0000/PairVLQ_x53x53_tWtW_narrow_RH_M1400_TuneCP5_13TeV-madgraph-pythia8_28.root
[step1.h] Finished initializing
RUN CONFIG: YEAR = 2017
Era = 
isMC = 1, isSig = 1, SigMass = 7
isHad =0, isSE =0, isSM =0
isTTTT = 0, isXX = 1, isTpTp = 0, isBpBp = 0
For W's: isTT = 0, isSTt = 0, isSTtW = 0
For jets & PDF: isTOP = 0, isMadgraphBkg = 1
For HOTTagger Efficiencies: isTTV = 0, isTTHbb = 0, isTTHnonbb = 0, isTTTX = 0
isTTVV = 0, isST = 0, isTTToSemiLeptonHT500Njet9 = 0
Pileup sample key: PairVLQ_x53x53_tWtW_narrow_RH_M1400_TuneCP5_13TeV-madgraph-pythia8
b-tagging working points: 0.304(DeepJet)0.4506(DeepCSV)
isTTincMtt0to700: 0
isTTincMtt0to1000: 0
isTTincMtt700to1000: 0
isTTincMtt1000toInf: 0
isTTSemilepIncHT0Njet0: 0
isTTSemilepIncHT500Njet9: 0
outTTLF: 0
outTTCC: 0
outTTBB: 0
outTT1B: 0
outTT2B: 0
>> Completed 0 out of 1064 events
[INFO] Defaulting to central deepJet weight for: nominal
>> Completed 1000 out of 1064 events
Nelectrons      = 504 / 1064
Npassed_ElEta   = 504 / 1064
Nmuons          = 560 / 1064
NrelIsoFail     = 0 / 1064
Npassed_MuEta   = 560 / 1064
Npassed_nAK8Jets= 1064 / 1064
Npassed_Trigger = 1029 / 1064
Npassed_MET     = 967 / 1064
Npassed_lepPt   = 983 / 1064
Npassed_HT      = 1061 / 1064
npass_Njets     = 1058 / 1064
Npassed_ALL     = 889 / 1064

>> Running /isilon/hadoop/store/group/bruxljm/FWLJMET106XUL_singleLep2017UL_RunIISummer20_X53X53/PairVLQ_x53x53_tWtW_narrow_RH_M1400_TuneCP5_13TeV-madgraph-pythia8/singleLep2017UL/230310_181045/0000/PairVLQ_x53x53_tWtW_narrow_RH_M1400_TuneCP5_13TeV-madgraph-pythia8_29.root for shift: nominal
[step1.h] Opening file: /isilon/hadoop/store/group/bruxljm/FWLJMET106XUL_singleLep2017UL_RunIISummer20_X53X53/PairVLQ_x53x53_tWtW_narrow_RH_M1400_TuneCP5_13TeV-madgraph-pythia8/singleLep2017UL/230310_181045/0000/PairVLQ_x53x53_tWtW_narrow_RH_M1400_TuneCP5_13TeV-madgraph-pythia8_29.root
[step1.h] Finished initializing
RUN CONFIG: YEAR = 2017
Era = 
isMC = 1, isSig = 1, SigMass = 7
isHad =0, isSE =0, isSM =0
isTTTT = 0, isXX = 1, isTpTp = 0, isBpBp = 0
For W's: isTT = 0, isSTt = 0, isSTtW = 0
For jets & PDF: isTOP = 0, isMadgraphBkg = 1
For HOTTagger Efficiencies: isTTV = 0, isTTHbb = 0, isTTHnonbb = 0, isTTTX = 0
isTTVV = 0, isST = 0, isTTToSemiLeptonHT500Njet9 = 0
Pileup sample key: PairVLQ_x53x53_tWtW_narrow_RH_M1400_TuneCP5_13TeV-madgraph-pythia8
b-tagging working points: 0.304(DeepJet)0.4506(DeepCSV)
isTTincMtt0to700: 0
isTTincMtt0to1000: 0
isTTincMtt700to1000: 0
isTTincMtt1000toInf: 0
isTTSemilepIncHT0Njet0: 0
isTTSemilepIncHT500Njet9: 0
outTTLF: 0
outTTCC: 0
outTTBB: 0
outTT1B: 0
outTT2B: 0
>> Completed 0 out of 1028 events
[INFO] Defaulting to central deepJet weight for: nominal
>> Completed 1000 out of 1028 events
Nelectrons      = 451 / 1028
Npassed_ElEta   = 451 / 1028
Nmuons          = 577 / 1028
NrelIsoFail     = 0 / 1028
Npassed_MuEta   = 577 / 1028
Npassed_nAK8Jets= 1028 / 1028
Npassed_Trigger = 1000 / 1028
Npassed_MET     = 911 / 1028
Npassed_lepPt   = 951 / 1028
Npassed_HT      = 1028 / 1028
npass_Njets     = 1024 / 1028
Npassed_ALL     = 840 / 1028

>> Running /isilon/hadoop/store/group/bruxljm/FWLJMET106XUL_singleLep2017UL_RunIISummer20_X53X53/PairVLQ_x53x53_tWtW_narrow_RH_M1400_TuneCP5_13TeV-madgraph-pythia8/singleLep2017UL/230310_181045/0000/PairVLQ_x53x53_tWtW_narrow_RH_M1400_TuneCP5_13TeV-madgraph-pythia8_3.root for shift: nominal
[step1.h] Opening file: /isilon/hadoop/store/group/bruxljm/FWLJMET106XUL_singleLep2017UL_RunIISummer20_X53X53/PairVLQ_x53x53_tWtW_narrow_RH_M1400_TuneCP5_13TeV-madgraph-pythia8/singleLep2017UL/230310_181045/0000/PairVLQ_x53x53_tWtW_narrow_RH_M1400_TuneCP5_13TeV-madgraph-pythia8_3.root
[step1.h] Finished initializing
RUN CONFIG: YEAR = 2017
Era = 
isMC = 1, isSig = 1, SigMass = 7
isHad =0, isSE =0, isSM =0
isTTTT = 0, isXX = 1, isTpTp = 0, isBpBp = 0
For W's: isTT = 0, isSTt = 0, isSTtW = 0
For jets & PDF: isTOP = 0, isMadgraphBkg = 1
For HOTTagger Efficiencies: isTTV = 0, isTTHbb = 0, isTTHnonbb = 0, isTTTX = 0
isTTVV = 0, isST = 0, isTTToSemiLeptonHT500Njet9 = 0
Pileup sample key: PairVLQ_x53x53_tWtW_narrow_RH_M1400_TuneCP5_13TeV-madgraph-pythia8
b-tagging working points: 0.304(DeepJet)0.4506(DeepCSV)
isTTincMtt0to700: 0
isTTincMtt0to1000: 0
isTTincMtt700to1000: 0
isTTincMtt1000toInf: 0
isTTSemilepIncHT0Njet0: 0
isTTSemilepIncHT500Njet9: 0
outTTLF: 0
outTTCC: 0
outTTBB: 0
outTT1B: 0
outTT2B: 0
>> Completed 0 out of 1053 events
[INFO] Defaulting to central deepJet weight for: nominal
>> Completed 1000 out of 1053 events
Nelectrons      = 490 / 1053
Npassed_ElEta   = 490 / 1053
Nmuons          = 563 / 1053
NrelIsoFail     = 0 / 1053
Npassed_MuEta   = 563 / 1053
Npassed_nAK8Jets= 1053 / 1053
Npassed_Trigger = 1017 / 1053
Npassed_MET     = 936 / 1053
Npassed_lepPt   = 964 / 1053
Npassed_HT      = 1052 / 1053
npass_Njets     = 1049 / 1053
Npassed_ALL     = 856 / 1053

>> Running /isilon/hadoop/store/group/bruxljm/FWLJMET106XUL_singleLep2017UL_RunIISummer20_X53X53/PairVLQ_x53x53_tWtW_narrow_RH_M1400_TuneCP5_13TeV-madgraph-pythia8/singleLep2017UL/230310_181045/0000/PairVLQ_x53x53_tWtW_narrow_RH_M1400_TuneCP5_13TeV-madgraph-pythia8_30.root for shift: nominal
[step1.h] Opening file: /isilon/hadoop/store/group/bruxljm/FWLJMET106XUL_singleLep2017UL_RunIISummer20_X53X53/PairVLQ_x53x53_tWtW_narrow_RH_M1400_TuneCP5_13TeV-madgraph-pythia8/singleLep2017UL/230310_181045/0000/PairVLQ_x53x53_tWtW_narrow_RH_M1400_TuneCP5_13TeV-madgraph-pythia8_30.root
[step1.h] Finished initializing
RUN CONFIG: YEAR = 2017
Era = 
isMC = 1, isSig = 1, SigMass = 7
isHad =0, isSE =0, isSM =0
isTTTT = 0, isXX = 1, isTpTp = 0, isBpBp = 0
For W's: isTT = 0, isSTt = 0, isSTtW = 0
For jets & PDF: isTOP = 0, isMadgraphBkg = 1
For HOTTagger Efficiencies: isTTV = 0, isTTHbb = 0, isTTHnonbb = 0, isTTTX = 0
isTTVV = 0, isST = 0, isTTToSemiLeptonHT500Njet9 = 0
Pileup sample key: PairVLQ_x53x53_tWtW_narrow_RH_M1400_TuneCP5_13TeV-madgraph-pythia8
b-tagging working points: 0.304(DeepJet)0.4506(DeepCSV)
isTTincMtt0to700: 0
isTTincMtt0to1000: 0
isTTincMtt700to1000: 0
isTTincMtt1000toInf: 0
isTTSemilepIncHT0Njet0: 0
isTTSemilepIncHT500Njet9: 0
outTTLF: 0
outTTCC: 0
outTTBB: 0
outTT1B: 0
outTT2B: 0
>> Completed 0 out of 1098 events
[INFO] Defaulting to central deepJet weight for: nominal
>> Completed 1000 out of 1098 events
Nelectrons      = 482 / 1098
Npassed_ElEta   = 482 / 1098
Nmuons          = 616 / 1098
NrelIsoFail     = 0 / 1098
Npassed_MuEta   = 616 / 1098
Npassed_nAK8Jets= 1098 / 1098
Npassed_Trigger = 1051 / 1098
Npassed_MET     = 986 / 1098
Npassed_lepPt   = 1013 / 1098
Npassed_HT      = 1095 / 1098
npass_Njets     = 1092 / 1098
Npassed_ALL     = 907 / 1098

>> Running /isilon/hadoop/store/group/bruxljm/FWLJMET106XUL_singleLep2017UL_RunIISummer20_X53X53/PairVLQ_x53x53_tWtW_narrow_RH_M1400_TuneCP5_13TeV-madgraph-pythia8/singleLep2017UL/230310_181045/0000/PairVLQ_x53x53_tWtW_narrow_RH_M1400_TuneCP5_13TeV-madgraph-pythia8_31.root for shift: nominal
[step1.h] Opening file: /isilon/hadoop/store/group/bruxljm/FWLJMET106XUL_singleLep2017UL_RunIISummer20_X53X53/PairVLQ_x53x53_tWtW_narrow_RH_M1400_TuneCP5_13TeV-madgraph-pythia8/singleLep2017UL/230310_181045/0000/PairVLQ_x53x53_tWtW_narrow_RH_M1400_TuneCP5_13TeV-madgraph-pythia8_31.root
[step1.h] Finished initializing
RUN CONFIG: YEAR = 2017
Era = 
isMC = 1, isSig = 1, SigMass = 7
isHad =0, isSE =0, isSM =0
isTTTT = 0, isXX = 1, isTpTp = 0, isBpBp = 0
For W's: isTT = 0, isSTt = 0, isSTtW = 0
For jets & PDF: isTOP = 0, isMadgraphBkg = 1
For HOTTagger Efficiencies: isTTV = 0, isTTHbb = 0, isTTHnonbb = 0, isTTTX = 0
isTTVV = 0, isST = 0, isTTToSemiLeptonHT500Njet9 = 0
Pileup sample key: PairVLQ_x53x53_tWtW_narrow_RH_M1400_TuneCP5_13TeV-madgraph-pythia8
b-tagging working points: 0.304(DeepJet)0.4506(DeepCSV)
isTTincMtt0to700: 0
isTTincMtt0to1000: 0
isTTincMtt700to1000: 0
isTTincMtt1000toInf: 0
isTTSemilepIncHT0Njet0: 0
isTTSemilepIncHT500Njet9: 0
outTTLF: 0
outTTCC: 0
outTTBB: 0
outTT1B: 0
outTT2B: 0
>> Completed 0 out of 1058 events
[INFO] Defaulting to central deepJet weight for: nominal
>> Completed 1000 out of 1058 events
Nelectrons      = 491 / 1058
Npassed_ElEta   = 491 / 1058
Nmuons          = 567 / 1058
NrelIsoFail     = 0 / 1058
Npassed_MuEta   = 567 / 1058
Npassed_nAK8Jets= 1058 / 1058
Npassed_Trigger = 1009 / 1058
Npassed_MET     = 948 / 1058
Npassed_lepPt   = 980 / 1058
Npassed_HT      = 1055 / 1058
npass_Njets     = 1053 / 1058
Npassed_ALL     = 872 / 1058

>> Running /isilon/hadoop/store/group/bruxljm/FWLJMET106XUL_singleLep2017UL_RunIISummer20_X53X53/PairVLQ_x53x53_tWtW_narrow_RH_M1400_TuneCP5_13TeV-madgraph-pythia8/singleLep2017UL/230310_181045/0000/PairVLQ_x53x53_tWtW_narrow_RH_M1400_TuneCP5_13TeV-madgraph-pythia8_32.root for shift: nominal
[step1.h] Opening file: /isilon/hadoop/store/group/bruxljm/FWLJMET106XUL_singleLep2017UL_RunIISummer20_X53X53/PairVLQ_x53x53_tWtW_narrow_RH_M1400_TuneCP5_13TeV-madgraph-pythia8/singleLep2017UL/230310_181045/0000/PairVLQ_x53x53_tWtW_narrow_RH_M1400_TuneCP5_13TeV-madgraph-pythia8_32.root
[step1.h] Finished initializing
RUN CONFIG: YEAR = 2017
Era = 
isMC = 1, isSig = 1, SigMass = 7
isHad =0, isSE =0, isSM =0
isTTTT = 0, isXX = 1, isTpTp = 0, isBpBp = 0
For W's: isTT = 0, isSTt = 0, isSTtW = 0
For jets & PDF: isTOP = 0, isMadgraphBkg = 1
For HOTTagger Efficiencies: isTTV = 0, isTTHbb = 0, isTTHnonbb = 0, isTTTX = 0
isTTVV = 0, isST = 0, isTTToSemiLeptonHT500Njet9 = 0
Pileup sample key: PairVLQ_x53x53_tWtW_narrow_RH_M1400_TuneCP5_13TeV-madgraph-pythia8
b-tagging working points: 0.304(DeepJet)0.4506(DeepCSV)
isTTincMtt0to700: 0
isTTincMtt0to1000: 0
isTTincMtt700to1000: 0
isTTincMtt1000toInf: 0
isTTSemilepIncHT0Njet0: 0
isTTSemilepIncHT500Njet9: 0
outTTLF: 0
outTTCC: 0
outTTBB: 0
outTT1B: 0
outTT2B: 0
>> Completed 0 out of 1040 events
[INFO] Defaulting to central deepJet weight for: nominal
>> Completed 1000 out of 1040 events
Nelectrons      = 461 / 1040
Npassed_ElEta   = 461 / 1040
Nmuons          = 579 / 1040
NrelIsoFail     = 0 / 1040
Npassed_MuEta   = 579 / 1040
Npassed_nAK8Jets= 1040 / 1040
Npassed_Trigger = 1010 / 1040
Npassed_MET     = 931 / 1040
Npassed_lepPt   = 964 / 1040
Npassed_HT      = 1039 / 1040
npass_Njets     = 1033 / 1040
Npassed_ALL     = 860 / 1040

>> Running /isilon/hadoop/store/group/bruxljm/FWLJMET106XUL_singleLep2017UL_RunIISummer20_X53X53/PairVLQ_x53x53_tWtW_narrow_RH_M1400_TuneCP5_13TeV-madgraph-pythia8/singleLep2017UL/230310_181045/0000/PairVLQ_x53x53_tWtW_narrow_RH_M1400_TuneCP5_13TeV-madgraph-pythia8_33.root for shift: nominal
[step1.h] Opening file: /isilon/hadoop/store/group/bruxljm/FWLJMET106XUL_singleLep2017UL_RunIISummer20_X53X53/PairVLQ_x53x53_tWtW_narrow_RH_M1400_TuneCP5_13TeV-madgraph-pythia8/singleLep2017UL/230310_181045/0000/PairVLQ_x53x53_tWtW_narrow_RH_M1400_TuneCP5_13TeV-madgraph-pythia8_33.root
[step1.h] Finished initializing
RUN CONFIG: YEAR = 2017
Era = 
isMC = 1, isSig = 1, SigMass = 7
isHad =0, isSE =0, isSM =0
isTTTT = 0, isXX = 1, isTpTp = 0, isBpBp = 0
For W's: isTT = 0, isSTt = 0, isSTtW = 0
For jets & PDF: isTOP = 0, isMadgraphBkg = 1
For HOTTagger Efficiencies: isTTV = 0, isTTHbb = 0, isTTHnonbb = 0, isTTTX = 0
isTTVV = 0, isST = 0, isTTToSemiLeptonHT500Njet9 = 0
Pileup sample key: PairVLQ_x53x53_tWtW_narrow_RH_M1400_TuneCP5_13TeV-madgraph-pythia8
b-tagging working points: 0.304(DeepJet)0.4506(DeepCSV)
isTTincMtt0to700: 0
isTTincMtt0to1000: 0
isTTincMtt700to1000: 0
isTTincMtt1000toInf: 0
isTTSemilepIncHT0Njet0: 0
isTTSemilepIncHT500Njet9: 0
outTTLF: 0
outTTCC: 0
outTTBB: 0
outTT1B: 0
outTT2B: 0
>> Completed 0 out of 1070 events
[INFO] Defaulting to central deepJet weight for: nominal
>> Completed 1000 out of 1070 events
Nelectrons      = 473 / 1070
Npassed_ElEta   = 473 / 1070
Nmuons          = 597 / 1070
NrelIsoFail     = 0 / 1070
Npassed_MuEta   = 597 / 1070
Npassed_nAK8Jets= 1070 / 1070
Npassed_Trigger = 1037 / 1070
Npassed_MET     = 963 / 1070
Npassed_lepPt   = 981 / 1070
Npassed_HT      = 1069 / 1070
npass_Njets     = 1065 / 1070
Npassed_ALL     = 876 / 1070

>> Running /isilon/hadoop/store/group/bruxljm/FWLJMET106XUL_singleLep2017UL_RunIISummer20_X53X53/PairVLQ_x53x53_tWtW_narrow_RH_M1400_TuneCP5_13TeV-madgraph-pythia8/singleLep2017UL/230310_181045/0000/PairVLQ_x53x53_tWtW_narrow_RH_M1400_TuneCP5_13TeV-madgraph-pythia8_34.root for shift: nominal
[step1.h] Opening file: /isilon/hadoop/store/group/bruxljm/FWLJMET106XUL_singleLep2017UL_RunIISummer20_X53X53/PairVLQ_x53x53_tWtW_narrow_RH_M1400_TuneCP5_13TeV-madgraph-pythia8/singleLep2017UL/230310_181045/0000/PairVLQ_x53x53_tWtW_narrow_RH_M1400_TuneCP5_13TeV-madgraph-pythia8_34.root
[step1.h] Finished initializing
RUN CONFIG: YEAR = 2017
Era = 
isMC = 1, isSig = 1, SigMass = 7
isHad =0, isSE =0, isSM =0
isTTTT = 0, isXX = 1, isTpTp = 0, isBpBp = 0
For W's: isTT = 0, isSTt = 0, isSTtW = 0
For jets & PDF: isTOP = 0, isMadgraphBkg = 1
For HOTTagger Efficiencies: isTTV = 0, isTTHbb = 0, isTTHnonbb = 0, isTTTX = 0
isTTVV = 0, isST = 0, isTTToSemiLeptonHT500Njet9 = 0
Pileup sample key: PairVLQ_x53x53_tWtW_narrow_RH_M1400_TuneCP5_13TeV-madgraph-pythia8
b-tagging working points: 0.304(DeepJet)0.4506(DeepCSV)
isTTincMtt0to700: 0
isTTincMtt0to1000: 0
isTTincMtt700to1000: 0
isTTincMtt1000toInf: 0
isTTSemilepIncHT0Njet0: 0
isTTSemilepIncHT500Njet9: 0
outTTLF: 0
outTTCC: 0
outTTBB: 0
outTT1B: 0
outTT2B: 0
>> Completed 0 out of 517 events
[INFO] Defaulting to central deepJet weight for: nominal
Nelectrons      = 260 / 517
Npassed_ElEta   = 260 / 517
Nmuons          = 257 / 517
NrelIsoFail     = 0 / 517
Npassed_MuEta   = 257 / 517
Npassed_nAK8Jets= 517 / 517
Npassed_Trigger = 500 / 517
Npassed_MET     = 465 / 517
Npassed_lepPt   = 481 / 517
Npassed_HT      = 517 / 517
npass_Njets     = 513 / 517
Npassed_ALL     = 429 / 517

>> Running /isilon/hadoop/store/group/bruxljm/FWLJMET106XUL_singleLep2017UL_RunIISummer20_X53X53/PairVLQ_x53x53_tWtW_narrow_RH_M1400_TuneCP5_13TeV-madgraph-pythia8/singleLep2017UL/230310_181045/0000/PairVLQ_x53x53_tWtW_narrow_RH_M1400_TuneCP5_13TeV-madgraph-pythia8_35.root for shift: nominal
[step1.h] Opening file: /isilon/hadoop/store/group/bruxljm/FWLJMET106XUL_singleLep2017UL_RunIISummer20_X53X53/PairVLQ_x53x53_tWtW_narrow_RH_M1400_TuneCP5_13TeV-madgraph-pythia8/singleLep2017UL/230310_181045/0000/PairVLQ_x53x53_tWtW_narrow_RH_M1400_TuneCP5_13TeV-madgraph-pythia8_35.root
[step1.h] Finished initializing
RUN CONFIG: YEAR = 2017
Era = 
isMC = 1, isSig = 1, SigMass = 7
isHad =0, isSE =0, isSM =0
isTTTT = 0, isXX = 1, isTpTp = 0, isBpBp = 0
For W's: isTT = 0, isSTt = 0, isSTtW = 0
For jets & PDF: isTOP = 0, isMadgraphBkg = 1
For HOTTagger Efficiencies: isTTV = 0, isTTHbb = 0, isTTHnonbb = 0, isTTTX = 0
isTTVV = 0, isST = 0, isTTToSemiLeptonHT500Njet9 = 0
Pileup sample key: PairVLQ_x53x53_tWtW_narrow_RH_M1400_TuneCP5_13TeV-madgraph-pythia8
b-tagging working points: 0.304(DeepJet)0.4506(DeepCSV)
isTTincMtt0to700: 0
isTTincMtt0to1000: 0
isTTincMtt700to1000: 0
isTTincMtt1000toInf: 0
isTTSemilepIncHT0Njet0: 0
isTTSemilepIncHT500Njet9: 0
outTTLF: 0
outTTCC: 0
outTTBB: 0
outTT1B: 0
outTT2B: 0
>> Completed 0 out of 1060 events
[INFO] Defaulting to central deepJet weight for: nominal
>> Completed 1000 out of 1060 events
Nelectrons      = 486 / 1060
Npassed_ElEta   = 486 / 1060
Nmuons          = 574 / 1060
NrelIsoFail     = 0 / 1060
Npassed_MuEta   = 574 / 1060
Npassed_nAK8Jets= 1060 / 1060
Npassed_Trigger = 1034 / 1060
Npassed_MET     = 960 / 1060
Npassed_lepPt   = 988 / 1060
Npassed_HT      = 1060 / 1060
npass_Njets     = 1055 / 1060
Npassed_ALL     = 895 / 1060

>> Running /isilon/hadoop/store/group/bruxljm/FWLJMET106XUL_singleLep2017UL_RunIISummer20_X53X53/PairVLQ_x53x53_tWtW_narrow_RH_M1400_TuneCP5_13TeV-madgraph-pythia8/singleLep2017UL/230310_181045/0000/PairVLQ_x53x53_tWtW_narrow_RH_M1400_TuneCP5_13TeV-madgraph-pythia8_36.root for shift: nominal
[step1.h] Opening file: /isilon/hadoop/store/group/bruxljm/FWLJMET106XUL_singleLep2017UL_RunIISummer20_X53X53/PairVLQ_x53x53_tWtW_narrow_RH_M1400_TuneCP5_13TeV-madgraph-pythia8/singleLep2017UL/230310_181045/0000/PairVLQ_x53x53_tWtW_narrow_RH_M1400_TuneCP5_13TeV-madgraph-pythia8_36.root
[step1.h] Finished initializing
RUN CONFIG: YEAR = 2017
Era = 
isMC = 1, isSig = 1, SigMass = 7
isHad =0, isSE =0, isSM =0
isTTTT = 0, isXX = 1, isTpTp = 0, isBpBp = 0
For W's: isTT = 0, isSTt = 0, isSTtW = 0
For jets & PDF: isTOP = 0, isMadgraphBkg = 1
For HOTTagger Efficiencies: isTTV = 0, isTTHbb = 0, isTTHnonbb = 0, isTTTX = 0
isTTVV = 0, isST = 0, isTTToSemiLeptonHT500Njet9 = 0
Pileup sample key: PairVLQ_x53x53_tWtW_narrow_RH_M1400_TuneCP5_13TeV-madgraph-pythia8
b-tagging working points: 0.304(DeepJet)0.4506(DeepCSV)
isTTincMtt0to700: 0
isTTincMtt0to1000: 0
isTTincMtt700to1000: 0
isTTincMtt1000toInf: 0
isTTSemilepIncHT0Njet0: 0
isTTSemilepIncHT500Njet9: 0
outTTLF: 0
outTTCC: 0
outTTBB: 0
outTT1B: 0
outTT2B: 0
>> Completed 0 out of 524 events
[INFO] Defaulting to central deepJet weight for: nominal
Nelectrons      = 227 / 524
Npassed_ElEta   = 227 / 524
Nmuons          = 297 / 524
NrelIsoFail     = 0 / 524
Npassed_MuEta   = 297 / 524
Npassed_nAK8Jets= 524 / 524
Npassed_Trigger = 512 / 524
Npassed_MET     = 462 / 524
Npassed_lepPt   = 492 / 524
Npassed_HT      = 524 / 524
npass_Njets     = 521 / 524
Npassed_ALL     = 430 / 524

>> Running /isilon/hadoop/store/group/bruxljm/FWLJMET106XUL_singleLep2017UL_RunIISummer20_X53X53/PairVLQ_x53x53_tWtW_narrow_RH_M1400_TuneCP5_13TeV-madgraph-pythia8/singleLep2017UL/230310_181045/0000/PairVLQ_x53x53_tWtW_narrow_RH_M1400_TuneCP5_13TeV-madgraph-pythia8_37.root for shift: nominal
[step1.h] Opening file: /isilon/hadoop/store/group/bruxljm/FWLJMET106XUL_singleLep2017UL_RunIISummer20_X53X53/PairVLQ_x53x53_tWtW_narrow_RH_M1400_TuneCP5_13TeV-madgraph-pythia8/singleLep2017UL/230310_181045/0000/PairVLQ_x53x53_tWtW_narrow_RH_M1400_TuneCP5_13TeV-madgraph-pythia8_37.root
[step1.h] Finished initializing
RUN CONFIG: YEAR = 2017
Era = 
isMC = 1, isSig = 1, SigMass = 7
isHad =0, isSE =0, isSM =0
isTTTT = 0, isXX = 1, isTpTp = 0, isBpBp = 0
For W's: isTT = 0, isSTt = 0, isSTtW = 0
For jets & PDF: isTOP = 0, isMadgraphBkg = 1
For HOTTagger Efficiencies: isTTV = 0, isTTHbb = 0, isTTHnonbb = 0, isTTTX = 0
isTTVV = 0, isST = 0, isTTToSemiLeptonHT500Njet9 = 0
Pileup sample key: PairVLQ_x53x53_tWtW_narrow_RH_M1400_TuneCP5_13TeV-madgraph-pythia8
b-tagging working points: 0.304(DeepJet)0.4506(DeepCSV)
isTTincMtt0to700: 0
isTTincMtt0to1000: 0
isTTincMtt700to1000: 0
isTTincMtt1000toInf: 0
isTTSemilepIncHT0Njet0: 0
isTTSemilepIncHT500Njet9: 0
outTTLF: 0
outTTCC: 0
outTTBB: 0
outTT1B: 0
outTT2B: 0
>> Completed 0 out of 533 events
[INFO] Defaulting to central deepJet weight for: nominal
Nelectrons      = 241 / 533
Npassed_ElEta   = 241 / 533
Nmuons          = 292 / 533
NrelIsoFail     = 0 / 533
Npassed_MuEta   = 292 / 533
Npassed_nAK8Jets= 533 / 533
Npassed_Trigger = 511 / 533
Npassed_MET     = 473 / 533
Npassed_lepPt   = 498 / 533
Npassed_HT      = 532 / 533
npass_Njets     = 532 / 533
Npassed_ALL     = 442 / 533
>> Available ROOT Files:
-rw-r--r-- 1 fsimpson gridusers 3049981 Apr 24 09:15 PairVLQ_x53x53_tWtW_narrow_RH_M1400_TuneCP5_13TeV-madgraph-pythia8_153nominal.root
-rw-r--r-- 1 fsimpson gridusers 3151784 Apr 24 09:15 PairVLQ_x53x53_tWtW_narrow_RH_M1400_TuneCP5_13TeV-madgraph-pythia8_154nominal.root
-rw-r--r-- 1 fsimpson gridusers 3201765 Apr 24 09:15 PairVLQ_x53x53_tWtW_narrow_RH_M1400_TuneCP5_13TeV-madgraph-pythia8_155nominal.root
-rw-r--r-- 1 fsimpson gridusers 3058060 Apr 24 09:15 PairVLQ_x53x53_tWtW_narrow_RH_M1400_TuneCP5_13TeV-madgraph-pythia8_156nominal.root
-rw-r--r-- 1 fsimpson gridusers 3060970 Apr 24 09:15 PairVLQ_x53x53_tWtW_narrow_RH_M1400_TuneCP5_13TeV-madgraph-pythia8_157nominal.root
-rw-r--r-- 1 fsimpson gridusers 1567581 Apr 24 09:15 PairVLQ_x53x53_tWtW_narrow_RH_M1400_TuneCP5_13TeV-madgraph-pythia8_158nominal.root
-rw-r--r-- 1 fsimpson gridusers 3181336 Apr 24 09:15 PairVLQ_x53x53_tWtW_narrow_RH_M1400_TuneCP5_13TeV-madgraph-pythia8_16nominal.root
-rw-r--r-- 1 fsimpson gridusers 3093061 Apr 24 09:15 PairVLQ_x53x53_tWtW_narrow_RH_M1400_TuneCP5_13TeV-madgraph-pythia8_17nominal.root
-rw-r--r-- 1 fsimpson gridusers 1556394 Apr 24 09:15 PairVLQ_x53x53_tWtW_narrow_RH_M1400_TuneCP5_13TeV-madgraph-pythia8_18nominal.root
-rw-r--r-- 1 fsimpson gridusers 3061803 Apr 24 09:15 PairVLQ_x53x53_tWtW_narrow_RH_M1400_TuneCP5_13TeV-madgraph-pythia8_19nominal.root
-rw-r--r-- 1 fsimpson gridusers 1582062 Apr 24 09:15 PairVLQ_x53x53_tWtW_narrow_RH_M1400_TuneCP5_13TeV-madgraph-pythia8_20nominal.root
-rw-r--r-- 1 fsimpson gridusers 1499777 Apr 24 09:15 PairVLQ_x53x53_tWtW_narrow_RH_M1400_TuneCP5_13TeV-madgraph-pythia8_21nominal.root
-rw-r--r-- 1 fsimpson gridusers 3079918 Apr 24 09:15 PairVLQ_x53x53_tWtW_narrow_RH_M1400_TuneCP5_13TeV-madgraph-pythia8_22nominal.root
-rw-r--r-- 1 fsimpson gridusers 3037177 Apr 24 09:15 PairVLQ_x53x53_tWtW_narrow_RH_M1400_TuneCP5_13TeV-madgraph-pythia8_23nominal.root
-rw-r--r-- 1 fsimpson gridusers 2976363 Apr 24 09:15 PairVLQ_x53x53_tWtW_narrow_RH_M1400_TuneCP5_13TeV-madgraph-pythia8_24nominal.root
-rw-r--r-- 1 fsimpson gridusers 2946898 Apr 24 09:15 PairVLQ_x53x53_tWtW_narrow_RH_M1400_TuneCP5_13TeV-madgraph-pythia8_25nominal.root
-rw-r--r-- 1 fsimpson gridusers 3109884 Apr 24 09:15 PairVLQ_x53x53_tWtW_narrow_RH_M1400_TuneCP5_13TeV-madgraph-pythia8_26nominal.root
-rw-r--r-- 1 fsimpson gridusers 3079901 Apr 24 09:15 PairVLQ_x53x53_tWtW_narrow_RH_M1400_TuneCP5_13TeV-madgraph-pythia8_27nominal.root
-rw-r--r-- 1 fsimpson gridusers 3131743 Apr 24 09:15 PairVLQ_x53x53_tWtW_narrow_RH_M1400_TuneCP5_13TeV-madgraph-pythia8_28nominal.root
-rw-r--r-- 1 fsimpson gridusers 2946418 Apr 24 09:15 PairVLQ_x53x53_tWtW_narrow_RH_M1400_TuneCP5_13TeV-madgraph-pythia8_29nominal.root
-rw-r--r-- 1 fsimpson gridusers 3227826 Apr 24 09:15 PairVLQ_x53x53_tWtW_narrow_RH_M1400_TuneCP5_13TeV-madgraph-pythia8_2nominal.root
-rw-r--r-- 1 fsimpson gridusers 3151824 Apr 24 09:15 PairVLQ_x53x53_tWtW_narrow_RH_M1400_TuneCP5_13TeV-madgraph-pythia8_30nominal.root
-rw-r--r-- 1 fsimpson gridusers 3038061 Apr 24 09:15 PairVLQ_x53x53_tWtW_narrow_RH_M1400_TuneCP5_13TeV-madgraph-pythia8_31nominal.root
-rw-r--r-- 1 fsimpson gridusers 3013843 Apr 24 09:15 PairVLQ_x53x53_tWtW_narrow_RH_M1400_TuneCP5_13TeV-madgraph-pythia8_32nominal.root
-rw-r--r-- 1 fsimpson gridusers 3092765 Apr 24 09:15 PairVLQ_x53x53_tWtW_narrow_RH_M1400_TuneCP5_13TeV-madgraph-pythia8_33nominal.root
-rw-r--r-- 1 fsimpson gridusers 1500825 Apr 24 09:15 PairVLQ_x53x53_tWtW_narrow_RH_M1400_TuneCP5_13TeV-madgraph-pythia8_34nominal.root
-rw-r--r-- 1 fsimpson gridusers 3112760 Apr 24 09:15 PairVLQ_x53x53_tWtW_narrow_RH_M1400_TuneCP5_13TeV-madgraph-pythia8_35nominal.root
-rw-r--r-- 1 fsimpson gridusers 1546738 Apr 24 09:15 PairVLQ_x53x53_tWtW_narrow_RH_M1400_TuneCP5_13TeV-madgraph-pythia8_36nominal.root
-rw-r--r-- 1 fsimpson gridusers 1553085 Apr 24 09:15 PairVLQ_x53x53_tWtW_narrow_RH_M1400_TuneCP5_13TeV-madgraph-pythia8_37nominal.root
-rw-r--r-- 1 fsimpson gridusers 3019341 Apr 24 09:15 PairVLQ_x53x53_tWtW_narrow_RH_M1400_TuneCP5_13TeV-madgraph-pythia8_3nominal.root
>> xrdcp output for condor
hadd Target file: PairVLQ_x53x53_tWtW_narrow_RH_M1400_TuneCP5_13TeV-madgraph-pythia8_3nominal_hadd.root
hadd compression setting for all ouput: 1
hadd Source file 1: PairVLQ_x53x53_tWtW_narrow_RH_M1400_TuneCP5_13TeV-madgraph-pythia8_153nominal.root
hadd Source file 2: PairVLQ_x53x53_tWtW_narrow_RH_M1400_TuneCP5_13TeV-madgraph-pythia8_154nominal.root
hadd Source file 3: PairVLQ_x53x53_tWtW_narrow_RH_M1400_TuneCP5_13TeV-madgraph-pythia8_155nominal.root
hadd Source file 4: PairVLQ_x53x53_tWtW_narrow_RH_M1400_TuneCP5_13TeV-madgraph-pythia8_156nominal.root
hadd Source file 5: PairVLQ_x53x53_tWtW_narrow_RH_M1400_TuneCP5_13TeV-madgraph-pythia8_157nominal.root
hadd Source file 6: PairVLQ_x53x53_tWtW_narrow_RH_M1400_TuneCP5_13TeV-madgraph-pythia8_158nominal.root
hadd Source file 7: PairVLQ_x53x53_tWtW_narrow_RH_M1400_TuneCP5_13TeV-madgraph-pythia8_16nominal.root
hadd Source file 8: PairVLQ_x53x53_tWtW_narrow_RH_M1400_TuneCP5_13TeV-madgraph-pythia8_17nominal.root
hadd Source file 9: PairVLQ_x53x53_tWtW_narrow_RH_M1400_TuneCP5_13TeV-madgraph-pythia8_18nominal.root
hadd Source file 10: PairVLQ_x53x53_tWtW_narrow_RH_M1400_TuneCP5_13TeV-madgraph-pythia8_19nominal.root
hadd Source file 11: PairVLQ_x53x53_tWtW_narrow_RH_M1400_TuneCP5_13TeV-madgraph-pythia8_20nominal.root
hadd Source file 12: PairVLQ_x53x53_tWtW_narrow_RH_M1400_TuneCP5_13TeV-madgraph-pythia8_21nominal.root
hadd Source file 13: PairVLQ_x53x53_tWtW_narrow_RH_M1400_TuneCP5_13TeV-madgraph-pythia8_22nominal.root
hadd Source file 14: PairVLQ_x53x53_tWtW_narrow_RH_M1400_TuneCP5_13TeV-madgraph-pythia8_23nominal.root
hadd Source file 15: PairVLQ_x53x53_tWtW_narrow_RH_M1400_TuneCP5_13TeV-madgraph-pythia8_24nominal.root
hadd Source file 16: PairVLQ_x53x53_tWtW_narrow_RH_M1400_TuneCP5_13TeV-madgraph-pythia8_25nominal.root
hadd Source file 17: PairVLQ_x53x53_tWtW_narrow_RH_M1400_TuneCP5_13TeV-madgraph-pythia8_26nominal.root
hadd Source file 18: PairVLQ_x53x53_tWtW_narrow_RH_M1400_TuneCP5_13TeV-madgraph-pythia8_27nominal.root
hadd Source file 19: PairVLQ_x53x53_tWtW_narrow_RH_M1400_TuneCP5_13TeV-madgraph-pythia8_28nominal.root
hadd Source file 20: PairVLQ_x53x53_tWtW_narrow_RH_M1400_TuneCP5_13TeV-madgraph-pythia8_29nominal.root
hadd Source file 21: PairVLQ_x53x53_tWtW_narrow_RH_M1400_TuneCP5_13TeV-madgraph-pythia8_2nominal.root
hadd Source file 22: PairVLQ_x53x53_tWtW_narrow_RH_M1400_TuneCP5_13TeV-madgraph-pythia8_30nominal.root
hadd Source file 23: PairVLQ_x53x53_tWtW_narrow_RH_M1400_TuneCP5_13TeV-madgraph-pythia8_31nominal.root
hadd Source file 24: PairVLQ_x53x53_tWtW_narrow_RH_M1400_TuneCP5_13TeV-madgraph-pythia8_32nominal.root
hadd Source file 25: PairVLQ_x53x53_tWtW_narrow_RH_M1400_TuneCP5_13TeV-madgraph-pythia8_33nominal.root
hadd Source file 26: PairVLQ_x53x53_tWtW_narrow_RH_M1400_TuneCP5_13TeV-madgraph-pythia8_34nominal.root
hadd Source file 27: PairVLQ_x53x53_tWtW_narrow_RH_M1400_TuneCP5_13TeV-madgraph-pythia8_35nominal.root
hadd Source file 28: PairVLQ_x53x53_tWtW_narrow_RH_M1400_TuneCP5_13TeV-madgraph-pythia8_36nominal.root
hadd Source file 29: PairVLQ_x53x53_tWtW_narrow_RH_M1400_TuneCP5_13TeV-madgraph-pythia8_37nominal.root
hadd Source file 30: PairVLQ_x53x53_tWtW_narrow_RH_M1400_TuneCP5_13TeV-madgraph-pythia8_3nominal.root
hadd Target path: PairVLQ_x53x53_tWtW_narrow_RH_M1400_TuneCP5_13TeV-madgraph-pythia8_3nominal_hadd.root:/
>> mv PairVLQ_x53x53_tWtW_narrow_RH_M1400_TuneCP5_13TeV-madgraph-pythia8_3nominal_hadd.root /isilon/hadoop/store/group/bruxljm/FWLJMET106XUL_singleLep2017UL_RunIISummer20_X53X53_step1/nominal/PairVLQ_x53x53_tWtW_narrow_RH_M1400_TuneCP5_13TeV-madgraph-pythia8/PairVLQ_x53x53_tWtW_narrow_RH_M1400_TuneCP5_13TeV-madgraph-pythia8_3.root
[DONE]
