000 (630119.000.000) 04/24 07:52:03 Job submitted from host: <172.20.3.187:9618?addrs=172.20.3.187-9618&noUDP&sock=2297_2121_3>
...
001 (630119.000.000) 04/24 07:56:12 Job executing on host: <172.20.225.4:9618?addrs=172.20.225.4-9618&noUDP&sock=3366_5fdf_3>
...
006 (630119.000.000) 04/24 07:56:22 Image size of job updated: 92488
	85  -  MemoryUsage of job (MB)
	86136  -  ResidentSetSize of job (KB)
...
006 (630119.000.000) 04/24 08:01:22 Image size of job updated: 682868
	667  -  MemoryUsage of job (MB)
	682464  -  ResidentSetSize of job (KB)
...
006 (630119.000.000) 04/24 08:06:22 Image size of job updated: 956676
	934  -  MemoryUsage of job (MB)
	956208  -  ResidentSetSize of job (KB)
...
006 (630119.000.000) 04/24 08:11:23 Image size of job updated: 1161440
	1135  -  MemoryUsage of job (MB)
	1161232  -  ResidentSetSize of job (KB)
...
006 (630119.000.000) 04/24 08:16:23 Image size of job updated: 1341084
	1309  -  MemoryUsage of job (MB)
	1340300  -  ResidentSetSize of job (KB)
...
006 (630119.000.000) 04/24 08:21:24 Image size of job updated: 1487904
	1453  -  MemoryUsage of job (MB)
	1487084  -  ResidentSetSize of job (KB)
...
006 (630119.000.000) 04/24 08:23:42 Image size of job updated: 1891624
	1453  -  MemoryUsage of job (MB)
	1487132  -  ResidentSetSize of job (KB)
...
005 (630119.000.000) 04/24 08:23:42 Job terminated.
	(1) Normal termination (return value 0)
		Usr 0 00:26:01, Sys 0 00:00:35  -  Run Remote Usage
		Usr 0 00:00:00, Sys 0 00:00:00  -  Run Local Usage
		Usr 0 00:26:01, Sys 0 00:00:35  -  Total Remote Usage
		Usr 0 00:00:00, Sys 0 00:00:00  -  Total Local Usage
	1703256  -  Run Bytes Sent By Job
	8620734  -  Run Bytes Received By Job
	1703256  -  Total Bytes Sent By Job
	8620734  -  Total Bytes Received By Job
	Partitionable Resources :    Usage  Request Allocated 
	   Cpus                 :     0.99        1         1 
	   Disk (KB)            : 10638       10000 479779449 
	   Memory (MB)          :  1453        6144      8033 
...
000 (630178.000.000) 04/24 08:39:28 Job submitted from host: <172.20.3.187:9618?addrs=172.20.3.187-9618&noUDP&sock=2297_2121_3>
...
001 (630178.000.000) 04/24 08:51:31 Job executing on host: <172.20.225.8:9618?addrs=172.20.225.8-9618&noUDP&sock=3440_21e1_3>
...
006 (630178.000.000) 04/24 08:51:40 Image size of job updated: 5696
	3  -  MemoryUsage of job (MB)
	2880  -  ResidentSetSize of job (KB)
...
006 (630178.000.000) 04/24 08:56:41 Image size of job updated: 707680
	656  -  MemoryUsage of job (MB)
	671356  -  ResidentSetSize of job (KB)
...
006 (630178.000.000) 04/24 09:01:41 Image size of job updated: 951292
	929  -  MemoryUsage of job (MB)
	950952  -  ResidentSetSize of job (KB)
...
006 (630178.000.000) 04/24 09:06:42 Image size of job updated: 1151288
	1124  -  MemoryUsage of job (MB)
	1150788  -  ResidentSetSize of job (KB)
...
006 (630178.000.000) 04/24 09:11:42 Image size of job updated: 1328564
	1298  -  MemoryUsage of job (MB)
	1328136  -  ResidentSetSize of job (KB)
...
006 (630178.000.000) 04/24 09:16:42 Image size of job updated: 1474320
	1440  -  MemoryUsage of job (MB)
	1474068  -  ResidentSetSize of job (KB)
...
006 (630178.000.000) 04/24 09:19:34 Image size of job updated: 1474320
	1440  -  MemoryUsage of job (MB)
	1474076  -  ResidentSetSize of job (KB)
...
005 (630178.000.000) 04/24 09:19:34 Job terminated.
	(1) Normal termination (return value 0)
		Usr 0 00:26:01, Sys 0 00:00:41  -  Run Remote Usage
		Usr 0 00:00:00, Sys 0 00:00:00  -  Run Local Usage
		Usr 0 00:26:01, Sys 0 00:00:41  -  Total Remote Usage
		Usr 0 00:00:00, Sys 0 00:00:00  -  Total Local Usage
	1715160  -  Run Bytes Sent By Job
	8620823  -  Run Bytes Received By Job
	1715160  -  Total Bytes Sent By Job
	8620823  -  Total Bytes Received By Job
	Partitionable Resources :    Usage  Request Allocated 
	   Cpus                 :     0.87        1         1 
	   Disk (KB)            : 10649       10000 479737977 
	   Memory (MB)          :  1440        6144      8033 
...
