/isilon/condor/hep104.hep.brown.edu/execute/dir_51658
>> Setting macroDir to PWD

Processing compile_step1.C...
>> Running on BRUX, PairVLQ_x53x53_tWtW_narrow_RH_M1400_TuneCP5_13TeV-madgraph-pythia8 stored on BRUX
>> Input file path: /isilon/hadoop/store/group/bruxljm/FWLJMET106XUL_singleLep2017UL_RunIISummer20_X53X53/PairVLQ_x53x53_tWtW_narrow_RH_M1400_TuneCP5_13TeV-madgraph-pythia8/singleLep2017UL/230310_181045/0000
>> Running step1 over list: 65 66 67 68 69 7 70 71 72 73 74 75 76 77 78 79 8 80 81 82 83 84 85 86 87 88 89 9 90 91
>> Adding PairVLQ_x53x53_tWtW_narrow_RH_M1400_TuneCP5_13TeV-madgraph-pythia8_65.root to the list by reading PairVLQ_x53x53_tWtW_narrow_RH_M1400_TuneCP5_13TeV-madgraph-pythia8_65
>> Adding PairVLQ_x53x53_tWtW_narrow_RH_M1400_TuneCP5_13TeV-madgraph-pythia8_66.root to the list by reading PairVLQ_x53x53_tWtW_narrow_RH_M1400_TuneCP5_13TeV-madgraph-pythia8_66
>> Adding PairVLQ_x53x53_tWtW_narrow_RH_M1400_TuneCP5_13TeV-madgraph-pythia8_67.root to the list by reading PairVLQ_x53x53_tWtW_narrow_RH_M1400_TuneCP5_13TeV-madgraph-pythia8_67
>> Adding PairVLQ_x53x53_tWtW_narrow_RH_M1400_TuneCP5_13TeV-madgraph-pythia8_68.root to the list by reading PairVLQ_x53x53_tWtW_narrow_RH_M1400_TuneCP5_13TeV-madgraph-pythia8_68
>> Adding PairVLQ_x53x53_tWtW_narrow_RH_M1400_TuneCP5_13TeV-madgraph-pythia8_69.root to the list by reading PairVLQ_x53x53_tWtW_narrow_RH_M1400_TuneCP5_13TeV-madgraph-pythia8_69
>> Adding PairVLQ_x53x53_tWtW_narrow_RH_M1400_TuneCP5_13TeV-madgraph-pythia8_7.root to the list by reading PairVLQ_x53x53_tWtW_narrow_RH_M1400_TuneCP5_13TeV-madgraph-pythia8_7
>> Adding PairVLQ_x53x53_tWtW_narrow_RH_M1400_TuneCP5_13TeV-madgraph-pythia8_70.root to the list by reading PairVLQ_x53x53_tWtW_narrow_RH_M1400_TuneCP5_13TeV-madgraph-pythia8_70
>> Adding PairVLQ_x53x53_tWtW_narrow_RH_M1400_TuneCP5_13TeV-madgraph-pythia8_71.root to the list by reading PairVLQ_x53x53_tWtW_narrow_RH_M1400_TuneCP5_13TeV-madgraph-pythia8_71
>> Adding PairVLQ_x53x53_tWtW_narrow_RH_M1400_TuneCP5_13TeV-madgraph-pythia8_72.root to the list by reading PairVLQ_x53x53_tWtW_narrow_RH_M1400_TuneCP5_13TeV-madgraph-pythia8_72
>> Adding PairVLQ_x53x53_tWtW_narrow_RH_M1400_TuneCP5_13TeV-madgraph-pythia8_73.root to the list by reading PairVLQ_x53x53_tWtW_narrow_RH_M1400_TuneCP5_13TeV-madgraph-pythia8_73
>> Adding PairVLQ_x53x53_tWtW_narrow_RH_M1400_TuneCP5_13TeV-madgraph-pythia8_74.root to the list by reading PairVLQ_x53x53_tWtW_narrow_RH_M1400_TuneCP5_13TeV-madgraph-pythia8_74
>> Adding PairVLQ_x53x53_tWtW_narrow_RH_M1400_TuneCP5_13TeV-madgraph-pythia8_75.root to the list by reading PairVLQ_x53x53_tWtW_narrow_RH_M1400_TuneCP5_13TeV-madgraph-pythia8_75
>> Adding PairVLQ_x53x53_tWtW_narrow_RH_M1400_TuneCP5_13TeV-madgraph-pythia8_76.root to the list by reading PairVLQ_x53x53_tWtW_narrow_RH_M1400_TuneCP5_13TeV-madgraph-pythia8_76
>> Adding PairVLQ_x53x53_tWtW_narrow_RH_M1400_TuneCP5_13TeV-madgraph-pythia8_77.root to the list by reading PairVLQ_x53x53_tWtW_narrow_RH_M1400_TuneCP5_13TeV-madgraph-pythia8_77
>> Adding PairVLQ_x53x53_tWtW_narrow_RH_M1400_TuneCP5_13TeV-madgraph-pythia8_78.root to the list by reading PairVLQ_x53x53_tWtW_narrow_RH_M1400_TuneCP5_13TeV-madgraph-pythia8_78
>> Adding PairVLQ_x53x53_tWtW_narrow_RH_M1400_TuneCP5_13TeV-madgraph-pythia8_79.root to the list by reading PairVLQ_x53x53_tWtW_narrow_RH_M1400_TuneCP5_13TeV-madgraph-pythia8_79
>> Adding PairVLQ_x53x53_tWtW_narrow_RH_M1400_TuneCP5_13TeV-madgraph-pythia8_8.root to the list by reading PairVLQ_x53x53_tWtW_narrow_RH_M1400_TuneCP5_13TeV-madgraph-pythia8_8
>> Adding PairVLQ_x53x53_tWtW_narrow_RH_M1400_TuneCP5_13TeV-madgraph-pythia8_80.root to the list by reading PairVLQ_x53x53_tWtW_narrow_RH_M1400_TuneCP5_13TeV-madgraph-pythia8_80
>> Adding PairVLQ_x53x53_tWtW_narrow_RH_M1400_TuneCP5_13TeV-madgraph-pythia8_81.root to the list by reading PairVLQ_x53x53_tWtW_narrow_RH_M1400_TuneCP5_13TeV-madgraph-pythia8_81
>> Adding PairVLQ_x53x53_tWtW_narrow_RH_M1400_TuneCP5_13TeV-madgraph-pythia8_82.root to the list by reading PairVLQ_x53x53_tWtW_narrow_RH_M1400_TuneCP5_13TeV-madgraph-pythia8_82
>> Adding PairVLQ_x53x53_tWtW_narrow_RH_M1400_TuneCP5_13TeV-madgraph-pythia8_83.root to the list by reading PairVLQ_x53x53_tWtW_narrow_RH_M1400_TuneCP5_13TeV-madgraph-pythia8_83
>> Adding PairVLQ_x53x53_tWtW_narrow_RH_M1400_TuneCP5_13TeV-madgraph-pythia8_84.root to the list by reading PairVLQ_x53x53_tWtW_narrow_RH_M1400_TuneCP5_13TeV-madgraph-pythia8_84
>> Adding PairVLQ_x53x53_tWtW_narrow_RH_M1400_TuneCP5_13TeV-madgraph-pythia8_85.root to the list by reading PairVLQ_x53x53_tWtW_narrow_RH_M1400_TuneCP5_13TeV-madgraph-pythia8_85
>> Adding PairVLQ_x53x53_tWtW_narrow_RH_M1400_TuneCP5_13TeV-madgraph-pythia8_86.root to the list by reading PairVLQ_x53x53_tWtW_narrow_RH_M1400_TuneCP5_13TeV-madgraph-pythia8_86
>> Adding PairVLQ_x53x53_tWtW_narrow_RH_M1400_TuneCP5_13TeV-madgraph-pythia8_87.root to the list by reading PairVLQ_x53x53_tWtW_narrow_RH_M1400_TuneCP5_13TeV-madgraph-pythia8_87
>> Adding PairVLQ_x53x53_tWtW_narrow_RH_M1400_TuneCP5_13TeV-madgraph-pythia8_88.root to the list by reading PairVLQ_x53x53_tWtW_narrow_RH_M1400_TuneCP5_13TeV-madgraph-pythia8_88
>> Adding PairVLQ_x53x53_tWtW_narrow_RH_M1400_TuneCP5_13TeV-madgraph-pythia8_89.root to the list by reading PairVLQ_x53x53_tWtW_narrow_RH_M1400_TuneCP5_13TeV-madgraph-pythia8_89
>> Adding PairVLQ_x53x53_tWtW_narrow_RH_M1400_TuneCP5_13TeV-madgraph-pythia8_9.root to the list by reading PairVLQ_x53x53_tWtW_narrow_RH_M1400_TuneCP5_13TeV-madgraph-pythia8_9
>> Adding PairVLQ_x53x53_tWtW_narrow_RH_M1400_TuneCP5_13TeV-madgraph-pythia8_90.root to the list by reading PairVLQ_x53x53_tWtW_narrow_RH_M1400_TuneCP5_13TeV-madgraph-pythia8_90
>> Adding PairVLQ_x53x53_tWtW_narrow_RH_M1400_TuneCP5_13TeV-madgraph-pythia8_91.root to the list by reading PairVLQ_x53x53_tWtW_narrow_RH_M1400_TuneCP5_13TeV-madgraph-pythia8_91
[OPT] Using deepCSV reshaping file: reshaping_deepCSV_106XUL17_v4.csv
[OPT] Using deepJet reshaping file: reshaping_deepJet_106XUL17_v4.csv

>> Running /isilon/hadoop/store/group/bruxljm/FWLJMET106XUL_singleLep2017UL_RunIISummer20_X53X53/PairVLQ_x53x53_tWtW_narrow_RH_M1400_TuneCP5_13TeV-madgraph-pythia8/singleLep2017UL/230310_181045/0000/PairVLQ_x53x53_tWtW_narrow_RH_M1400_TuneCP5_13TeV-madgraph-pythia8_65.root for shift: nominal
[step1.h] Opening file: /isilon/hadoop/store/group/bruxljm/FWLJMET106XUL_singleLep2017UL_RunIISummer20_X53X53/PairVLQ_x53x53_tWtW_narrow_RH_M1400_TuneCP5_13TeV-madgraph-pythia8/singleLep2017UL/230310_181045/0000/PairVLQ_x53x53_tWtW_narrow_RH_M1400_TuneCP5_13TeV-madgraph-pythia8_65.root
[step1.h] Finished initializing
RUN CONFIG: YEAR = 2017
Era = 
isMC = 1, isSig = 1, SigMass = 7
isHad =0, isSE =0, isSM =0
isTTTT = 0, isXX = 1, isTpTp = 0, isBpBp = 0
For W's: isTT = 0, isSTt = 0, isSTtW = 0
For jets & PDF: isTOP = 0, isMadgraphBkg = 1
For HOTTagger Efficiencies: isTTV = 0, isTTHbb = 0, isTTHnonbb = 0, isTTTX = 0
isTTVV = 0, isST = 0, isTTToSemiLeptonHT500Njet9 = 0
Pileup sample key: PairVLQ_x53x53_tWtW_narrow_RH_M1400_TuneCP5_13TeV-madgraph-pythia8
b-tagging working points: 0.304(DeepJet)0.4506(DeepCSV)
isTTincMtt0to700: 0
isTTincMtt0to1000: 0
isTTincMtt700to1000: 0
isTTincMtt1000toInf: 0
isTTSemilepIncHT0Njet0: 0
isTTSemilepIncHT500Njet9: 0
outTTLF: 0
outTTCC: 0
outTTBB: 0
outTT1B: 0
outTT2B: 0
>> Completed 0 out of 1048 events
[INFO] Defaulting to central deepJet weight for: nominal
>> Completed 1000 out of 1048 events
Nelectrons      = 474 / 1048
Npassed_ElEta   = 474 / 1048
Nmuons          = 574 / 1048
NrelIsoFail     = 0 / 1048
Npassed_MuEta   = 574 / 1048
Npassed_nAK8Jets= 1048 / 1048
Npassed_Trigger = 1018 / 1048
Npassed_MET     = 930 / 1048
Npassed_lepPt   = 964 / 1048
Npassed_HT      = 1048 / 1048
npass_Njets     = 1041 / 1048
Npassed_ALL     = 845 / 1048

>> Running /isilon/hadoop/store/group/bruxljm/FWLJMET106XUL_singleLep2017UL_RunIISummer20_X53X53/PairVLQ_x53x53_tWtW_narrow_RH_M1400_TuneCP5_13TeV-madgraph-pythia8/singleLep2017UL/230310_181045/0000/PairVLQ_x53x53_tWtW_narrow_RH_M1400_TuneCP5_13TeV-madgraph-pythia8_66.root for shift: nominal
[step1.h] Opening file: /isilon/hadoop/store/group/bruxljm/FWLJMET106XUL_singleLep2017UL_RunIISummer20_X53X53/PairVLQ_x53x53_tWtW_narrow_RH_M1400_TuneCP5_13TeV-madgraph-pythia8/singleLep2017UL/230310_181045/0000/PairVLQ_x53x53_tWtW_narrow_RH_M1400_TuneCP5_13TeV-madgraph-pythia8_66.root
[step1.h] Finished initializing
RUN CONFIG: YEAR = 2017
Era = 
isMC = 1, isSig = 1, SigMass = 7
isHad =0, isSE =0, isSM =0
isTTTT = 0, isXX = 1, isTpTp = 0, isBpBp = 0
For W's: isTT = 0, isSTt = 0, isSTtW = 0
For jets & PDF: isTOP = 0, isMadgraphBkg = 1
For HOTTagger Efficiencies: isTTV = 0, isTTHbb = 0, isTTHnonbb = 0, isTTTX = 0
isTTVV = 0, isST = 0, isTTToSemiLeptonHT500Njet9 = 0
Pileup sample key: PairVLQ_x53x53_tWtW_narrow_RH_M1400_TuneCP5_13TeV-madgraph-pythia8
b-tagging working points: 0.304(DeepJet)0.4506(DeepCSV)
isTTincMtt0to700: 0
isTTincMtt0to1000: 0
isTTincMtt700to1000: 0
isTTincMtt1000toInf: 0
isTTSemilepIncHT0Njet0: 0
isTTSemilepIncHT500Njet9: 0
outTTLF: 0
outTTCC: 0
outTTBB: 0
outTT1B: 0
outTT2B: 0
>> Completed 0 out of 1098 events
[INFO] Defaulting to central deepJet weight for: nominal
>> Completed 1000 out of 1098 events
Nelectrons      = 512 / 1098
Npassed_ElEta   = 512 / 1098
Nmuons          = 586 / 1098
NrelIsoFail     = 0 / 1098
Npassed_MuEta   = 586 / 1098
Npassed_nAK8Jets= 1098 / 1098
Npassed_Trigger = 1055 / 1098
Npassed_MET     = 972 / 1098
Npassed_lepPt   = 1006 / 1098
Npassed_HT      = 1096 / 1098
npass_Njets     = 1093 / 1098
Npassed_ALL     = 887 / 1098

>> Running /isilon/hadoop/store/group/bruxljm/FWLJMET106XUL_singleLep2017UL_RunIISummer20_X53X53/PairVLQ_x53x53_tWtW_narrow_RH_M1400_TuneCP5_13TeV-madgraph-pythia8/singleLep2017UL/230310_181045/0000/PairVLQ_x53x53_tWtW_narrow_RH_M1400_TuneCP5_13TeV-madgraph-pythia8_67.root for shift: nominal
[step1.h] Opening file: /isilon/hadoop/store/group/bruxljm/FWLJMET106XUL_singleLep2017UL_RunIISummer20_X53X53/PairVLQ_x53x53_tWtW_narrow_RH_M1400_TuneCP5_13TeV-madgraph-pythia8/singleLep2017UL/230310_181045/0000/PairVLQ_x53x53_tWtW_narrow_RH_M1400_TuneCP5_13TeV-madgraph-pythia8_67.root
[step1.h] Finished initializing
RUN CONFIG: YEAR = 2017
Era = 
isMC = 1, isSig = 1, SigMass = 7
isHad =0, isSE =0, isSM =0
isTTTT = 0, isXX = 1, isTpTp = 0, isBpBp = 0
For W's: isTT = 0, isSTt = 0, isSTtW = 0
For jets & PDF: isTOP = 0, isMadgraphBkg = 1
For HOTTagger Efficiencies: isTTV = 0, isTTHbb = 0, isTTHnonbb = 0, isTTTX = 0
isTTVV = 0, isST = 0, isTTToSemiLeptonHT500Njet9 = 0
Pileup sample key: PairVLQ_x53x53_tWtW_narrow_RH_M1400_TuneCP5_13TeV-madgraph-pythia8
b-tagging working points: 0.304(DeepJet)0.4506(DeepCSV)
isTTincMtt0to700: 0
isTTincMtt0to1000: 0
isTTincMtt700to1000: 0
isTTincMtt1000toInf: 0
isTTSemilepIncHT0Njet0: 0
isTTSemilepIncHT500Njet9: 0
outTTLF: 0
outTTCC: 0
outTTBB: 0
outTT1B: 0
outTT2B: 0
>> Completed 0 out of 1086 events
[INFO] Defaulting to central deepJet weight for: nominal
>> Completed 1000 out of 1086 events
Nelectrons      = 482 / 1086
Npassed_ElEta   = 482 / 1086
Nmuons          = 604 / 1086
NrelIsoFail     = 0 / 1086
Npassed_MuEta   = 604 / 1086
Npassed_nAK8Jets= 1086 / 1086
Npassed_Trigger = 1048 / 1086
Npassed_MET     = 967 / 1086
Npassed_lepPt   = 1000 / 1086
Npassed_HT      = 1086 / 1086
npass_Njets     = 1081 / 1086
Npassed_ALL     = 886 / 1086

>> Running /isilon/hadoop/store/group/bruxljm/FWLJMET106XUL_singleLep2017UL_RunIISummer20_X53X53/PairVLQ_x53x53_tWtW_narrow_RH_M1400_TuneCP5_13TeV-madgraph-pythia8/singleLep2017UL/230310_181045/0000/PairVLQ_x53x53_tWtW_narrow_RH_M1400_TuneCP5_13TeV-madgraph-pythia8_68.root for shift: nominal
[step1.h] Opening file: /isilon/hadoop/store/group/bruxljm/FWLJMET106XUL_singleLep2017UL_RunIISummer20_X53X53/PairVLQ_x53x53_tWtW_narrow_RH_M1400_TuneCP5_13TeV-madgraph-pythia8/singleLep2017UL/230310_181045/0000/PairVLQ_x53x53_tWtW_narrow_RH_M1400_TuneCP5_13TeV-madgraph-pythia8_68.root
[step1.h] Finished initializing
RUN CONFIG: YEAR = 2017
Era = 
isMC = 1, isSig = 1, SigMass = 7
isHad =0, isSE =0, isSM =0
isTTTT = 0, isXX = 1, isTpTp = 0, isBpBp = 0
For W's: isTT = 0, isSTt = 0, isSTtW = 0
For jets & PDF: isTOP = 0, isMadgraphBkg = 1
For HOTTagger Efficiencies: isTTV = 0, isTTHbb = 0, isTTHnonbb = 0, isTTTX = 0
isTTVV = 0, isST = 0, isTTToSemiLeptonHT500Njet9 = 0
Pileup sample key: PairVLQ_x53x53_tWtW_narrow_RH_M1400_TuneCP5_13TeV-madgraph-pythia8
b-tagging working points: 0.304(DeepJet)0.4506(DeepCSV)
isTTincMtt0to700: 0
isTTincMtt0to1000: 0
isTTincMtt700to1000: 0
isTTincMtt1000toInf: 0
isTTSemilepIncHT0Njet0: 0
isTTSemilepIncHT500Njet9: 0
outTTLF: 0
outTTCC: 0
outTTBB: 0
outTT1B: 0
outTT2B: 0
>> Completed 0 out of 1080 events
[INFO] Defaulting to central deepJet weight for: nominal
>> Completed 1000 out of 1080 events
Nelectrons      = 503 / 1080
Npassed_ElEta   = 503 / 1080
Nmuons          = 577 / 1080
NrelIsoFail     = 0 / 1080
Npassed_MuEta   = 577 / 1080
Npassed_nAK8Jets= 1080 / 1080
Npassed_Trigger = 1035 / 1080
Npassed_MET     = 955 / 1080
Npassed_lepPt   = 999 / 1080
Npassed_HT      = 1080 / 1080
npass_Njets     = 1076 / 1080
Npassed_ALL     = 876 / 1080

>> Running /isilon/hadoop/store/group/bruxljm/FWLJMET106XUL_singleLep2017UL_RunIISummer20_X53X53/PairVLQ_x53x53_tWtW_narrow_RH_M1400_TuneCP5_13TeV-madgraph-pythia8/singleLep2017UL/230310_181045/0000/PairVLQ_x53x53_tWtW_narrow_RH_M1400_TuneCP5_13TeV-madgraph-pythia8_69.root for shift: nominal
[step1.h] Opening file: /isilon/hadoop/store/group/bruxljm/FWLJMET106XUL_singleLep2017UL_RunIISummer20_X53X53/PairVLQ_x53x53_tWtW_narrow_RH_M1400_TuneCP5_13TeV-madgraph-pythia8/singleLep2017UL/230310_181045/0000/PairVLQ_x53x53_tWtW_narrow_RH_M1400_TuneCP5_13TeV-madgraph-pythia8_69.root
[step1.h] Finished initializing
RUN CONFIG: YEAR = 2017
Era = 
isMC = 1, isSig = 1, SigMass = 7
isHad =0, isSE =0, isSM =0
isTTTT = 0, isXX = 1, isTpTp = 0, isBpBp = 0
For W's: isTT = 0, isSTt = 0, isSTtW = 0
For jets & PDF: isTOP = 0, isMadgraphBkg = 1
For HOTTagger Efficiencies: isTTV = 0, isTTHbb = 0, isTTHnonbb = 0, isTTTX = 0
isTTVV = 0, isST = 0, isTTToSemiLeptonHT500Njet9 = 0
Pileup sample key: PairVLQ_x53x53_tWtW_narrow_RH_M1400_TuneCP5_13TeV-madgraph-pythia8
b-tagging working points: 0.304(DeepJet)0.4506(DeepCSV)
isTTincMtt0to700: 0
isTTincMtt0to1000: 0
isTTincMtt700to1000: 0
isTTincMtt1000toInf: 0
isTTSemilepIncHT0Njet0: 0
isTTSemilepIncHT500Njet9: 0
outTTLF: 0
outTTCC: 0
outTTBB: 0
outTT1B: 0
outTT2B: 0
>> Completed 0 out of 1054 events
[INFO] Defaulting to central deepJet weight for: nominal
>> Completed 1000 out of 1054 events
Nelectrons      = 452 / 1054
Npassed_ElEta   = 452 / 1054
Nmuons          = 602 / 1054
NrelIsoFail     = 0 / 1054
Npassed_MuEta   = 602 / 1054
Npassed_nAK8Jets= 1054 / 1054
Npassed_Trigger = 1009 / 1054
Npassed_MET     = 966 / 1054
Npassed_lepPt   = 976 / 1054
Npassed_HT      = 1054 / 1054
npass_Njets     = 1050 / 1054
Npassed_ALL     = 889 / 1054

>> Running /isilon/hadoop/store/group/bruxljm/FWLJMET106XUL_singleLep2017UL_RunIISummer20_X53X53/PairVLQ_x53x53_tWtW_narrow_RH_M1400_TuneCP5_13TeV-madgraph-pythia8/singleLep2017UL/230310_181045/0000/PairVLQ_x53x53_tWtW_narrow_RH_M1400_TuneCP5_13TeV-madgraph-pythia8_7.root for shift: nominal
[step1.h] Opening file: /isilon/hadoop/store/group/bruxljm/FWLJMET106XUL_singleLep2017UL_RunIISummer20_X53X53/PairVLQ_x53x53_tWtW_narrow_RH_M1400_TuneCP5_13TeV-madgraph-pythia8/singleLep2017UL/230310_181045/0000/PairVLQ_x53x53_tWtW_narrow_RH_M1400_TuneCP5_13TeV-madgraph-pythia8_7.root
[step1.h] Finished initializing
RUN CONFIG: YEAR = 2017
Era = 
isMC = 1, isSig = 1, SigMass = 7
isHad =0, isSE =0, isSM =0
isTTTT = 0, isXX = 1, isTpTp = 0, isBpBp = 0
For W's: isTT = 0, isSTt = 0, isSTtW = 0
For jets & PDF: isTOP = 0, isMadgraphBkg = 1
For HOTTagger Efficiencies: isTTV = 0, isTTHbb = 0, isTTHnonbb = 0, isTTTX = 0
isTTVV = 0, isST = 0, isTTToSemiLeptonHT500Njet9 = 0
Pileup sample key: PairVLQ_x53x53_tWtW_narrow_RH_M1400_TuneCP5_13TeV-madgraph-pythia8
b-tagging working points: 0.304(DeepJet)0.4506(DeepCSV)
isTTincMtt0to700: 0
isTTincMtt0to1000: 0
isTTincMtt700to1000: 0
isTTincMtt1000toInf: 0
isTTSemilepIncHT0Njet0: 0
isTTSemilepIncHT500Njet9: 0
outTTLF: 0
outTTCC: 0
outTTBB: 0
outTT1B: 0
outTT2B: 0
>> Completed 0 out of 1070 events
[INFO] Defaulting to central deepJet weight for: nominal
>> Completed 1000 out of 1070 events
Nelectrons      = 497 / 1070
Npassed_ElEta   = 497 / 1070
Nmuons          = 573 / 1070
NrelIsoFail     = 0 / 1070
Npassed_MuEta   = 573 / 1070
Npassed_nAK8Jets= 1070 / 1070
Npassed_Trigger = 1035 / 1070
Npassed_MET     = 953 / 1070
Npassed_lepPt   = 985 / 1070
Npassed_HT      = 1069 / 1070
npass_Njets     = 1066 / 1070
Npassed_ALL     = 872 / 1070

>> Running /isilon/hadoop/store/group/bruxljm/FWLJMET106XUL_singleLep2017UL_RunIISummer20_X53X53/PairVLQ_x53x53_tWtW_narrow_RH_M1400_TuneCP5_13TeV-madgraph-pythia8/singleLep2017UL/230310_181045/0000/PairVLQ_x53x53_tWtW_narrow_RH_M1400_TuneCP5_13TeV-madgraph-pythia8_70.root for shift: nominal
[step1.h] Opening file: /isilon/hadoop/store/group/bruxljm/FWLJMET106XUL_singleLep2017UL_RunIISummer20_X53X53/PairVLQ_x53x53_tWtW_narrow_RH_M1400_TuneCP5_13TeV-madgraph-pythia8/singleLep2017UL/230310_181045/0000/PairVLQ_x53x53_tWtW_narrow_RH_M1400_TuneCP5_13TeV-madgraph-pythia8_70.root
[step1.h] Finished initializing
RUN CONFIG: YEAR = 2017
Era = 
isMC = 1, isSig = 1, SigMass = 7
isHad =0, isSE =0, isSM =0
isTTTT = 0, isXX = 1, isTpTp = 0, isBpBp = 0
For W's: isTT = 0, isSTt = 0, isSTtW = 0
For jets & PDF: isTOP = 0, isMadgraphBkg = 1
For HOTTagger Efficiencies: isTTV = 0, isTTHbb = 0, isTTHnonbb = 0, isTTTX = 0
isTTVV = 0, isST = 0, isTTToSemiLeptonHT500Njet9 = 0
Pileup sample key: PairVLQ_x53x53_tWtW_narrow_RH_M1400_TuneCP5_13TeV-madgraph-pythia8
b-tagging working points: 0.304(DeepJet)0.4506(DeepCSV)
isTTincMtt0to700: 0
isTTincMtt0to1000: 0
isTTincMtt700to1000: 0
isTTincMtt1000toInf: 0
isTTSemilepIncHT0Njet0: 0
isTTSemilepIncHT500Njet9: 0
outTTLF: 0
outTTCC: 0
outTTBB: 0
outTT1B: 0
outTT2B: 0
>> Completed 0 out of 1026 events
[INFO] Defaulting to central deepJet weight for: nominal
>> Completed 1000 out of 1026 events
Nelectrons      = 438 / 1026
Npassed_ElEta   = 438 / 1026
Nmuons          = 588 / 1026
NrelIsoFail     = 0 / 1026
Npassed_MuEta   = 588 / 1026
Npassed_nAK8Jets= 1026 / 1026
Npassed_Trigger = 990 / 1026
Npassed_MET     = 921 / 1026
Npassed_lepPt   = 934 / 1026
Npassed_HT      = 1024 / 1026
npass_Njets     = 1025 / 1026
Npassed_ALL     = 828 / 1026

>> Running /isilon/hadoop/store/group/bruxljm/FWLJMET106XUL_singleLep2017UL_RunIISummer20_X53X53/PairVLQ_x53x53_tWtW_narrow_RH_M1400_TuneCP5_13TeV-madgraph-pythia8/singleLep2017UL/230310_181045/0000/PairVLQ_x53x53_tWtW_narrow_RH_M1400_TuneCP5_13TeV-madgraph-pythia8_71.root for shift: nominal
[step1.h] Opening file: /isilon/hadoop/store/group/bruxljm/FWLJMET106XUL_singleLep2017UL_RunIISummer20_X53X53/PairVLQ_x53x53_tWtW_narrow_RH_M1400_TuneCP5_13TeV-madgraph-pythia8/singleLep2017UL/230310_181045/0000/PairVLQ_x53x53_tWtW_narrow_RH_M1400_TuneCP5_13TeV-madgraph-pythia8_71.root
[step1.h] Finished initializing
RUN CONFIG: YEAR = 2017
Era = 
isMC = 1, isSig = 1, SigMass = 7
isHad =0, isSE =0, isSM =0
isTTTT = 0, isXX = 1, isTpTp = 0, isBpBp = 0
For W's: isTT = 0, isSTt = 0, isSTtW = 0
For jets & PDF: isTOP = 0, isMadgraphBkg = 1
For HOTTagger Efficiencies: isTTV = 0, isTTHbb = 0, isTTHnonbb = 0, isTTTX = 0
isTTVV = 0, isST = 0, isTTToSemiLeptonHT500Njet9 = 0
Pileup sample key: PairVLQ_x53x53_tWtW_narrow_RH_M1400_TuneCP5_13TeV-madgraph-pythia8
b-tagging working points: 0.304(DeepJet)0.4506(DeepCSV)
isTTincMtt0to700: 0
isTTincMtt0to1000: 0
isTTincMtt700to1000: 0
isTTincMtt1000toInf: 0
isTTSemilepIncHT0Njet0: 0
isTTSemilepIncHT500Njet9: 0
outTTLF: 0
outTTCC: 0
outTTBB: 0
outTT1B: 0
outTT2B: 0
>> Completed 0 out of 1073 events
[INFO] Defaulting to central deepJet weight for: nominal
>> Completed 1000 out of 1073 events
Nelectrons      = 517 / 1073
Npassed_ElEta   = 517 / 1073
Nmuons          = 556 / 1073
NrelIsoFail     = 0 / 1073
Npassed_MuEta   = 556 / 1073
Npassed_nAK8Jets= 1073 / 1073
Npassed_Trigger = 1027 / 1073
Npassed_MET     = 961 / 1073
Npassed_lepPt   = 977 / 1073
Npassed_HT      = 1071 / 1073
npass_Njets     = 1069 / 1073
Npassed_ALL     = 871 / 1073

>> Running /isilon/hadoop/store/group/bruxljm/FWLJMET106XUL_singleLep2017UL_RunIISummer20_X53X53/PairVLQ_x53x53_tWtW_narrow_RH_M1400_TuneCP5_13TeV-madgraph-pythia8/singleLep2017UL/230310_181045/0000/PairVLQ_x53x53_tWtW_narrow_RH_M1400_TuneCP5_13TeV-madgraph-pythia8_72.root for shift: nominal
[step1.h] Opening file: /isilon/hadoop/store/group/bruxljm/FWLJMET106XUL_singleLep2017UL_RunIISummer20_X53X53/PairVLQ_x53x53_tWtW_narrow_RH_M1400_TuneCP5_13TeV-madgraph-pythia8/singleLep2017UL/230310_181045/0000/PairVLQ_x53x53_tWtW_narrow_RH_M1400_TuneCP5_13TeV-madgraph-pythia8_72.root
[step1.h] Finished initializing
RUN CONFIG: YEAR = 2017
Era = 
isMC = 1, isSig = 1, SigMass = 7
isHad =0, isSE =0, isSM =0
isTTTT = 0, isXX = 1, isTpTp = 0, isBpBp = 0
For W's: isTT = 0, isSTt = 0, isSTtW = 0
For jets & PDF: isTOP = 0, isMadgraphBkg = 1
For HOTTagger Efficiencies: isTTV = 0, isTTHbb = 0, isTTHnonbb = 0, isTTTX = 0
isTTVV = 0, isST = 0, isTTToSemiLeptonHT500Njet9 = 0
Pileup sample key: PairVLQ_x53x53_tWtW_narrow_RH_M1400_TuneCP5_13TeV-madgraph-pythia8
b-tagging working points: 0.304(DeepJet)0.4506(DeepCSV)
isTTincMtt0to700: 0
isTTincMtt0to1000: 0
isTTincMtt700to1000: 0
isTTincMtt1000toInf: 0
isTTSemilepIncHT0Njet0: 0
isTTSemilepIncHT500Njet9: 0
outTTLF: 0
outTTCC: 0
outTTBB: 0
outTT1B: 0
outTT2B: 0
>> Completed 0 out of 1041 events
[INFO] Defaulting to central deepJet weight for: nominal
>> Completed 1000 out of 1041 events
Nelectrons      = 469 / 1041
Npassed_ElEta   = 469 / 1041
Nmuons          = 572 / 1041
NrelIsoFail     = 0 / 1041
Npassed_MuEta   = 572 / 1041
Npassed_nAK8Jets= 1041 / 1041
Npassed_Trigger = 1009 / 1041
Npassed_MET     = 924 / 1041
Npassed_lepPt   = 973 / 1041
Npassed_HT      = 1041 / 1041
npass_Njets     = 1039 / 1041
Npassed_ALL     = 865 / 1041

>> Running /isilon/hadoop/store/group/bruxljm/FWLJMET106XUL_singleLep2017UL_RunIISummer20_X53X53/PairVLQ_x53x53_tWtW_narrow_RH_M1400_TuneCP5_13TeV-madgraph-pythia8/singleLep2017UL/230310_181045/0000/PairVLQ_x53x53_tWtW_narrow_RH_M1400_TuneCP5_13TeV-madgraph-pythia8_73.root for shift: nominal
[step1.h] Opening file: /isilon/hadoop/store/group/bruxljm/FWLJMET106XUL_singleLep2017UL_RunIISummer20_X53X53/PairVLQ_x53x53_tWtW_narrow_RH_M1400_TuneCP5_13TeV-madgraph-pythia8/singleLep2017UL/230310_181045/0000/PairVLQ_x53x53_tWtW_narrow_RH_M1400_TuneCP5_13TeV-madgraph-pythia8_73.root
[step1.h] Finished initializing
RUN CONFIG: YEAR = 2017
Era = 
isMC = 1, isSig = 1, SigMass = 7
isHad =0, isSE =0, isSM =0
isTTTT = 0, isXX = 1, isTpTp = 0, isBpBp = 0
For W's: isTT = 0, isSTt = 0, isSTtW = 0
For jets & PDF: isTOP = 0, isMadgraphBkg = 1
For HOTTagger Efficiencies: isTTV = 0, isTTHbb = 0, isTTHnonbb = 0, isTTTX = 0
isTTVV = 0, isST = 0, isTTToSemiLeptonHT500Njet9 = 0
Pileup sample key: PairVLQ_x53x53_tWtW_narrow_RH_M1400_TuneCP5_13TeV-madgraph-pythia8
b-tagging working points: 0.304(DeepJet)0.4506(DeepCSV)
isTTincMtt0to700: 0
isTTincMtt0to1000: 0
isTTincMtt700to1000: 0
isTTincMtt1000toInf: 0
isTTSemilepIncHT0Njet0: 0
isTTSemilepIncHT500Njet9: 0
outTTLF: 0
outTTCC: 0
outTTBB: 0
outTT1B: 0
outTT2B: 0
>> Completed 0 out of 1047 events
[INFO] Defaulting to central deepJet weight for: nominal
>> Completed 1000 out of 1047 events
Nelectrons      = 501 / 1047
Npassed_ElEta   = 501 / 1047
Nmuons          = 546 / 1047
NrelIsoFail     = 0 / 1047
Npassed_MuEta   = 546 / 1047
Npassed_nAK8Jets= 1047 / 1047
Npassed_Trigger = 997 / 1047
Npassed_MET     = 936 / 1047
Npassed_lepPt   = 952 / 1047
Npassed_HT      = 1047 / 1047
npass_Njets     = 1041 / 1047
Npassed_ALL     = 848 / 1047

>> Running /isilon/hadoop/store/group/bruxljm/FWLJMET106XUL_singleLep2017UL_RunIISummer20_X53X53/PairVLQ_x53x53_tWtW_narrow_RH_M1400_TuneCP5_13TeV-madgraph-pythia8/singleLep2017UL/230310_181045/0000/PairVLQ_x53x53_tWtW_narrow_RH_M1400_TuneCP5_13TeV-madgraph-pythia8_74.root for shift: nominal
[step1.h] Opening file: /isilon/hadoop/store/group/bruxljm/FWLJMET106XUL_singleLep2017UL_RunIISummer20_X53X53/PairVLQ_x53x53_tWtW_narrow_RH_M1400_TuneCP5_13TeV-madgraph-pythia8/singleLep2017UL/230310_181045/0000/PairVLQ_x53x53_tWtW_narrow_RH_M1400_TuneCP5_13TeV-madgraph-pythia8_74.root
[step1.h] Finished initializing
RUN CONFIG: YEAR = 2017
Era = 
isMC = 1, isSig = 1, SigMass = 7
isHad =0, isSE =0, isSM =0
isTTTT = 0, isXX = 1, isTpTp = 0, isBpBp = 0
For W's: isTT = 0, isSTt = 0, isSTtW = 0
For jets & PDF: isTOP = 0, isMadgraphBkg = 1
For HOTTagger Efficiencies: isTTV = 0, isTTHbb = 0, isTTHnonbb = 0, isTTTX = 0
isTTVV = 0, isST = 0, isTTToSemiLeptonHT500Njet9 = 0
Pileup sample key: PairVLQ_x53x53_tWtW_narrow_RH_M1400_TuneCP5_13TeV-madgraph-pythia8
b-tagging working points: 0.304(DeepJet)0.4506(DeepCSV)
isTTincMtt0to700: 0
isTTincMtt0to1000: 0
isTTincMtt700to1000: 0
isTTincMtt1000toInf: 0
isTTSemilepIncHT0Njet0: 0
isTTSemilepIncHT500Njet9: 0
outTTLF: 0
outTTCC: 0
outTTBB: 0
outTT1B: 0
outTT2B: 0
>> Completed 0 out of 1024 events
[INFO] Defaulting to central deepJet weight for: nominal
>> Completed 1000 out of 1024 events
Nelectrons      = 460 / 1024
Npassed_ElEta   = 460 / 1024
Nmuons          = 564 / 1024
NrelIsoFail     = 0 / 1024
Npassed_MuEta   = 564 / 1024
Npassed_nAK8Jets= 1024 / 1024
Npassed_Trigger = 990 / 1024
Npassed_MET     = 926 / 1024
Npassed_lepPt   = 924 / 1024
Npassed_HT      = 1021 / 1024
npass_Njets     = 1021 / 1024
Npassed_ALL     = 831 / 1024

>> Running /isilon/hadoop/store/group/bruxljm/FWLJMET106XUL_singleLep2017UL_RunIISummer20_X53X53/PairVLQ_x53x53_tWtW_narrow_RH_M1400_TuneCP5_13TeV-madgraph-pythia8/singleLep2017UL/230310_181045/0000/PairVLQ_x53x53_tWtW_narrow_RH_M1400_TuneCP5_13TeV-madgraph-pythia8_75.root for shift: nominal
[step1.h] Opening file: /isilon/hadoop/store/group/bruxljm/FWLJMET106XUL_singleLep2017UL_RunIISummer20_X53X53/PairVLQ_x53x53_tWtW_narrow_RH_M1400_TuneCP5_13TeV-madgraph-pythia8/singleLep2017UL/230310_181045/0000/PairVLQ_x53x53_tWtW_narrow_RH_M1400_TuneCP5_13TeV-madgraph-pythia8_75.root
[step1.h] Finished initializing
RUN CONFIG: YEAR = 2017
Era = 
isMC = 1, isSig = 1, SigMass = 7
isHad =0, isSE =0, isSM =0
isTTTT = 0, isXX = 1, isTpTp = 0, isBpBp = 0
For W's: isTT = 0, isSTt = 0, isSTtW = 0
For jets & PDF: isTOP = 0, isMadgraphBkg = 1
For HOTTagger Efficiencies: isTTV = 0, isTTHbb = 0, isTTHnonbb = 0, isTTTX = 0
isTTVV = 0, isST = 0, isTTToSemiLeptonHT500Njet9 = 0
Pileup sample key: PairVLQ_x53x53_tWtW_narrow_RH_M1400_TuneCP5_13TeV-madgraph-pythia8
b-tagging working points: 0.304(DeepJet)0.4506(DeepCSV)
isTTincMtt0to700: 0
isTTincMtt0to1000: 0
isTTincMtt700to1000: 0
isTTincMtt1000toInf: 0
isTTSemilepIncHT0Njet0: 0
isTTSemilepIncHT500Njet9: 0
outTTLF: 0
outTTCC: 0
outTTBB: 0
outTT1B: 0
outTT2B: 0
>> Completed 0 out of 1096 events
[INFO] Defaulting to central deepJet weight for: nominal
>> Completed 1000 out of 1096 events
Nelectrons      = 491 / 1096
Npassed_ElEta   = 491 / 1096
Nmuons          = 605 / 1096
NrelIsoFail     = 0 / 1096
Npassed_MuEta   = 605 / 1096
Npassed_nAK8Jets= 1096 / 1096
Npassed_Trigger = 1043 / 1096
Npassed_MET     = 978 / 1096
Npassed_lepPt   = 1017 / 1096
Npassed_HT      = 1094 / 1096
npass_Njets     = 1091 / 1096
Npassed_ALL     = 909 / 1096

>> Running /isilon/hadoop/store/group/bruxljm/FWLJMET106XUL_singleLep2017UL_RunIISummer20_X53X53/PairVLQ_x53x53_tWtW_narrow_RH_M1400_TuneCP5_13TeV-madgraph-pythia8/singleLep2017UL/230310_181045/0000/PairVLQ_x53x53_tWtW_narrow_RH_M1400_TuneCP5_13TeV-madgraph-pythia8_76.root for shift: nominal
[step1.h] Opening file: /isilon/hadoop/store/group/bruxljm/FWLJMET106XUL_singleLep2017UL_RunIISummer20_X53X53/PairVLQ_x53x53_tWtW_narrow_RH_M1400_TuneCP5_13TeV-madgraph-pythia8/singleLep2017UL/230310_181045/0000/PairVLQ_x53x53_tWtW_narrow_RH_M1400_TuneCP5_13TeV-madgraph-pythia8_76.root
[step1.h] Finished initializing
RUN CONFIG: YEAR = 2017
Era = 
isMC = 1, isSig = 1, SigMass = 7
isHad =0, isSE =0, isSM =0
isTTTT = 0, isXX = 1, isTpTp = 0, isBpBp = 0
For W's: isTT = 0, isSTt = 0, isSTtW = 0
For jets & PDF: isTOP = 0, isMadgraphBkg = 1
For HOTTagger Efficiencies: isTTV = 0, isTTHbb = 0, isTTHnonbb = 0, isTTTX = 0
isTTVV = 0, isST = 0, isTTToSemiLeptonHT500Njet9 = 0
Pileup sample key: PairVLQ_x53x53_tWtW_narrow_RH_M1400_TuneCP5_13TeV-madgraph-pythia8
b-tagging working points: 0.304(DeepJet)0.4506(DeepCSV)
isTTincMtt0to700: 0
isTTincMtt0to1000: 0
isTTincMtt700to1000: 0
isTTincMtt1000toInf: 0
isTTSemilepIncHT0Njet0: 0
isTTSemilepIncHT500Njet9: 0
outTTLF: 0
outTTCC: 0
outTTBB: 0
outTT1B: 0
outTT2B: 0
>> Completed 0 out of 1046 events
[INFO] Defaulting to central deepJet weight for: nominal
>> Completed 1000 out of 1046 events
Nelectrons      = 472 / 1046
Npassed_ElEta   = 472 / 1046
Nmuons          = 574 / 1046
NrelIsoFail     = 0 / 1046
Npassed_MuEta   = 574 / 1046
Npassed_nAK8Jets= 1046 / 1046
Npassed_Trigger = 1013 / 1046
Npassed_MET     = 940 / 1046
Npassed_lepPt   = 966 / 1046
Npassed_HT      = 1043 / 1046
npass_Njets     = 1040 / 1046
Npassed_ALL     = 862 / 1046

>> Running /isilon/hadoop/store/group/bruxljm/FWLJMET106XUL_singleLep2017UL_RunIISummer20_X53X53/PairVLQ_x53x53_tWtW_narrow_RH_M1400_TuneCP5_13TeV-madgraph-pythia8/singleLep2017UL/230310_181045/0000/PairVLQ_x53x53_tWtW_narrow_RH_M1400_TuneCP5_13TeV-madgraph-pythia8_77.root for shift: nominal
[step1.h] Opening file: /isilon/hadoop/store/group/bruxljm/FWLJMET106XUL_singleLep2017UL_RunIISummer20_X53X53/PairVLQ_x53x53_tWtW_narrow_RH_M1400_TuneCP5_13TeV-madgraph-pythia8/singleLep2017UL/230310_181045/0000/PairVLQ_x53x53_tWtW_narrow_RH_M1400_TuneCP5_13TeV-madgraph-pythia8_77.root
[step1.h] Finished initializing
RUN CONFIG: YEAR = 2017
Era = 
isMC = 1, isSig = 1, SigMass = 7
isHad =0, isSE =0, isSM =0
isTTTT = 0, isXX = 1, isTpTp = 0, isBpBp = 0
For W's: isTT = 0, isSTt = 0, isSTtW = 0
For jets & PDF: isTOP = 0, isMadgraphBkg = 1
For HOTTagger Efficiencies: isTTV = 0, isTTHbb = 0, isTTHnonbb = 0, isTTTX = 0
isTTVV = 0, isST = 0, isTTToSemiLeptonHT500Njet9 = 0
Pileup sample key: PairVLQ_x53x53_tWtW_narrow_RH_M1400_TuneCP5_13TeV-madgraph-pythia8
b-tagging working points: 0.304(DeepJet)0.4506(DeepCSV)
isTTincMtt0to700: 0
isTTincMtt0to1000: 0
isTTincMtt700to1000: 0
isTTincMtt1000toInf: 0
isTTSemilepIncHT0Njet0: 0
isTTSemilepIncHT500Njet9: 0
outTTLF: 0
outTTCC: 0
outTTBB: 0
outTT1B: 0
outTT2B: 0
>> Completed 0 out of 1038 events
[INFO] Defaulting to central deepJet weight for: nominal
>> Completed 1000 out of 1038 events
Nelectrons      = 476 / 1038
Npassed_ElEta   = 476 / 1038
Nmuons          = 562 / 1038
NrelIsoFail     = 0 / 1038
Npassed_MuEta   = 562 / 1038
Npassed_nAK8Jets= 1038 / 1038
Npassed_Trigger = 1000 / 1038
Npassed_MET     = 916 / 1038
Npassed_lepPt   = 956 / 1038
Npassed_HT      = 1037 / 1038
npass_Njets     = 1034 / 1038
Npassed_ALL     = 838 / 1038

>> Running /isilon/hadoop/store/group/bruxljm/FWLJMET106XUL_singleLep2017UL_RunIISummer20_X53X53/PairVLQ_x53x53_tWtW_narrow_RH_M1400_TuneCP5_13TeV-madgraph-pythia8/singleLep2017UL/230310_181045/0000/PairVLQ_x53x53_tWtW_narrow_RH_M1400_TuneCP5_13TeV-madgraph-pythia8_78.root for shift: nominal
[step1.h] Opening file: /isilon/hadoop/store/group/bruxljm/FWLJMET106XUL_singleLep2017UL_RunIISummer20_X53X53/PairVLQ_x53x53_tWtW_narrow_RH_M1400_TuneCP5_13TeV-madgraph-pythia8/singleLep2017UL/230310_181045/0000/PairVLQ_x53x53_tWtW_narrow_RH_M1400_TuneCP5_13TeV-madgraph-pythia8_78.root
[step1.h] Finished initializing
RUN CONFIG: YEAR = 2017
Era = 
isMC = 1, isSig = 1, SigMass = 7
isHad =0, isSE =0, isSM =0
isTTTT = 0, isXX = 1, isTpTp = 0, isBpBp = 0
For W's: isTT = 0, isSTt = 0, isSTtW = 0
For jets & PDF: isTOP = 0, isMadgraphBkg = 1
For HOTTagger Efficiencies: isTTV = 0, isTTHbb = 0, isTTHnonbb = 0, isTTTX = 0
isTTVV = 0, isST = 0, isTTToSemiLeptonHT500Njet9 = 0
Pileup sample key: PairVLQ_x53x53_tWtW_narrow_RH_M1400_TuneCP5_13TeV-madgraph-pythia8
b-tagging working points: 0.304(DeepJet)0.4506(DeepCSV)
isTTincMtt0to700: 0
isTTincMtt0to1000: 0
isTTincMtt700to1000: 0
isTTincMtt1000toInf: 0
isTTSemilepIncHT0Njet0: 0
isTTSemilepIncHT500Njet9: 0
outTTLF: 0
outTTCC: 0
outTTBB: 0
outTT1B: 0
outTT2B: 0
>> Completed 0 out of 1089 events
[INFO] Defaulting to central deepJet weight for: nominal
>> Completed 1000 out of 1089 events
Nelectrons      = 487 / 1089
Npassed_ElEta   = 487 / 1089
Nmuons          = 602 / 1089
NrelIsoFail     = 0 / 1089
Npassed_MuEta   = 602 / 1089
Npassed_nAK8Jets= 1089 / 1089
Npassed_Trigger = 1052 / 1089
Npassed_MET     = 986 / 1089
Npassed_lepPt   = 1002 / 1089
Npassed_HT      = 1089 / 1089
npass_Njets     = 1086 / 1089
Npassed_ALL     = 903 / 1089

>> Running /isilon/hadoop/store/group/bruxljm/FWLJMET106XUL_singleLep2017UL_RunIISummer20_X53X53/PairVLQ_x53x53_tWtW_narrow_RH_M1400_TuneCP5_13TeV-madgraph-pythia8/singleLep2017UL/230310_181045/0000/PairVLQ_x53x53_tWtW_narrow_RH_M1400_TuneCP5_13TeV-madgraph-pythia8_79.root for shift: nominal
[step1.h] Opening file: /isilon/hadoop/store/group/bruxljm/FWLJMET106XUL_singleLep2017UL_RunIISummer20_X53X53/PairVLQ_x53x53_tWtW_narrow_RH_M1400_TuneCP5_13TeV-madgraph-pythia8/singleLep2017UL/230310_181045/0000/PairVLQ_x53x53_tWtW_narrow_RH_M1400_TuneCP5_13TeV-madgraph-pythia8_79.root
[step1.h] Finished initializing
RUN CONFIG: YEAR = 2017
Era = 
isMC = 1, isSig = 1, SigMass = 7
isHad =0, isSE =0, isSM =0
isTTTT = 0, isXX = 1, isTpTp = 0, isBpBp = 0
For W's: isTT = 0, isSTt = 0, isSTtW = 0
For jets & PDF: isTOP = 0, isMadgraphBkg = 1
For HOTTagger Efficiencies: isTTV = 0, isTTHbb = 0, isTTHnonbb = 0, isTTTX = 0
isTTVV = 0, isST = 0, isTTToSemiLeptonHT500Njet9 = 0
Pileup sample key: PairVLQ_x53x53_tWtW_narrow_RH_M1400_TuneCP5_13TeV-madgraph-pythia8
b-tagging working points: 0.304(DeepJet)0.4506(DeepCSV)
isTTincMtt0to700: 0
isTTincMtt0to1000: 0
isTTincMtt700to1000: 0
isTTincMtt1000toInf: 0
isTTSemilepIncHT0Njet0: 0
isTTSemilepIncHT500Njet9: 0
outTTLF: 0
outTTCC: 0
outTTBB: 0
outTT1B: 0
outTT2B: 0
>> Completed 0 out of 1035 events
[INFO] Defaulting to central deepJet weight for: nominal
>> Completed 1000 out of 1035 events
Nelectrons      = 466 / 1035
Npassed_ElEta   = 466 / 1035
Nmuons          = 569 / 1035
NrelIsoFail     = 0 / 1035
Npassed_MuEta   = 569 / 1035
Npassed_nAK8Jets= 1035 / 1035
Npassed_Trigger = 1004 / 1035
Npassed_MET     = 938 / 1035
Npassed_lepPt   = 963 / 1035
Npassed_HT      = 1034 / 1035
npass_Njets     = 1031 / 1035
Npassed_ALL     = 867 / 1035

>> Running /isilon/hadoop/store/group/bruxljm/FWLJMET106XUL_singleLep2017UL_RunIISummer20_X53X53/PairVLQ_x53x53_tWtW_narrow_RH_M1400_TuneCP5_13TeV-madgraph-pythia8/singleLep2017UL/230310_181045/0000/PairVLQ_x53x53_tWtW_narrow_RH_M1400_TuneCP5_13TeV-madgraph-pythia8_8.root for shift: nominal
[step1.h] Opening file: /isilon/hadoop/store/group/bruxljm/FWLJMET106XUL_singleLep2017UL_RunIISummer20_X53X53/PairVLQ_x53x53_tWtW_narrow_RH_M1400_TuneCP5_13TeV-madgraph-pythia8/singleLep2017UL/230310_181045/0000/PairVLQ_x53x53_tWtW_narrow_RH_M1400_TuneCP5_13TeV-madgraph-pythia8_8.root
[step1.h] Finished initializing
RUN CONFIG: YEAR = 2017
Era = 
isMC = 1, isSig = 1, SigMass = 7
isHad =0, isSE =0, isSM =0
isTTTT = 0, isXX = 1, isTpTp = 0, isBpBp = 0
For W's: isTT = 0, isSTt = 0, isSTtW = 0
For jets & PDF: isTOP = 0, isMadgraphBkg = 1
For HOTTagger Efficiencies: isTTV = 0, isTTHbb = 0, isTTHnonbb = 0, isTTTX = 0
isTTVV = 0, isST = 0, isTTToSemiLeptonHT500Njet9 = 0
Pileup sample key: PairVLQ_x53x53_tWtW_narrow_RH_M1400_TuneCP5_13TeV-madgraph-pythia8
b-tagging working points: 0.304(DeepJet)0.4506(DeepCSV)
isTTincMtt0to700: 0
isTTincMtt0to1000: 0
isTTincMtt700to1000: 0
isTTincMtt1000toInf: 0
isTTSemilepIncHT0Njet0: 0
isTTSemilepIncHT500Njet9: 0
outTTLF: 0
outTTCC: 0
outTTBB: 0
outTT1B: 0
outTT2B: 0
>> Completed 0 out of 1038 events
[INFO] Defaulting to central deepJet weight for: nominal
>> Completed 1000 out of 1038 events
Nelectrons      = 487 / 1038
Npassed_ElEta   = 487 / 1038
Nmuons          = 551 / 1038
NrelIsoFail     = 0 / 1038
Npassed_MuEta   = 551 / 1038
Npassed_nAK8Jets= 1038 / 1038
Npassed_Trigger = 1003 / 1038
Npassed_MET     = 923 / 1038
Npassed_lepPt   = 957 / 1038
Npassed_HT      = 1036 / 1038
npass_Njets     = 1033 / 1038
Npassed_ALL     = 848 / 1038

>> Running /isilon/hadoop/store/group/bruxljm/FWLJMET106XUL_singleLep2017UL_RunIISummer20_X53X53/PairVLQ_x53x53_tWtW_narrow_RH_M1400_TuneCP5_13TeV-madgraph-pythia8/singleLep2017UL/230310_181045/0000/PairVLQ_x53x53_tWtW_narrow_RH_M1400_TuneCP5_13TeV-madgraph-pythia8_80.root for shift: nominal
[step1.h] Opening file: /isilon/hadoop/store/group/bruxljm/FWLJMET106XUL_singleLep2017UL_RunIISummer20_X53X53/PairVLQ_x53x53_tWtW_narrow_RH_M1400_TuneCP5_13TeV-madgraph-pythia8/singleLep2017UL/230310_181045/0000/PairVLQ_x53x53_tWtW_narrow_RH_M1400_TuneCP5_13TeV-madgraph-pythia8_80.root
[step1.h] Finished initializing
RUN CONFIG: YEAR = 2017
Era = 
isMC = 1, isSig = 1, SigMass = 7
isHad =0, isSE =0, isSM =0
isTTTT = 0, isXX = 1, isTpTp = 0, isBpBp = 0
For W's: isTT = 0, isSTt = 0, isSTtW = 0
For jets & PDF: isTOP = 0, isMadgraphBkg = 1
For HOTTagger Efficiencies: isTTV = 0, isTTHbb = 0, isTTHnonbb = 0, isTTTX = 0
isTTVV = 0, isST = 0, isTTToSemiLeptonHT500Njet9 = 0
Pileup sample key: PairVLQ_x53x53_tWtW_narrow_RH_M1400_TuneCP5_13TeV-madgraph-pythia8
b-tagging working points: 0.304(DeepJet)0.4506(DeepCSV)
isTTincMtt0to700: 0
isTTincMtt0to1000: 0
isTTincMtt700to1000: 0
isTTincMtt1000toInf: 0
isTTSemilepIncHT0Njet0: 0
isTTSemilepIncHT500Njet9: 0
outTTLF: 0
outTTCC: 0
outTTBB: 0
outTT1B: 0
outTT2B: 0
>> Completed 0 out of 1041 events
[INFO] Defaulting to central deepJet weight for: nominal
>> Completed 1000 out of 1041 events
Nelectrons      = 502 / 1041
Npassed_ElEta   = 502 / 1041
Nmuons          = 539 / 1041
NrelIsoFail     = 0 / 1041
Npassed_MuEta   = 539 / 1041
Npassed_nAK8Jets= 1041 / 1041
Npassed_Trigger = 1001 / 1041
Npassed_MET     = 951 / 1041
Npassed_lepPt   = 949 / 1041
Npassed_HT      = 1041 / 1041
npass_Njets     = 1039 / 1041
Npassed_ALL     = 862 / 1041

>> Running /isilon/hadoop/store/group/bruxljm/FWLJMET106XUL_singleLep2017UL_RunIISummer20_X53X53/PairVLQ_x53x53_tWtW_narrow_RH_M1400_TuneCP5_13TeV-madgraph-pythia8/singleLep2017UL/230310_181045/0000/PairVLQ_x53x53_tWtW_narrow_RH_M1400_TuneCP5_13TeV-madgraph-pythia8_81.root for shift: nominal
[step1.h] Opening file: /isilon/hadoop/store/group/bruxljm/FWLJMET106XUL_singleLep2017UL_RunIISummer20_X53X53/PairVLQ_x53x53_tWtW_narrow_RH_M1400_TuneCP5_13TeV-madgraph-pythia8/singleLep2017UL/230310_181045/0000/PairVLQ_x53x53_tWtW_narrow_RH_M1400_TuneCP5_13TeV-madgraph-pythia8_81.root
[step1.h] Finished initializing
RUN CONFIG: YEAR = 2017
Era = 
isMC = 1, isSig = 1, SigMass = 7
isHad =0, isSE =0, isSM =0
isTTTT = 0, isXX = 1, isTpTp = 0, isBpBp = 0
For W's: isTT = 0, isSTt = 0, isSTtW = 0
For jets & PDF: isTOP = 0, isMadgraphBkg = 1
For HOTTagger Efficiencies: isTTV = 0, isTTHbb = 0, isTTHnonbb = 0, isTTTX = 0
isTTVV = 0, isST = 0, isTTToSemiLeptonHT500Njet9 = 0
Pileup sample key: PairVLQ_x53x53_tWtW_narrow_RH_M1400_TuneCP5_13TeV-madgraph-pythia8
b-tagging working points: 0.304(DeepJet)0.4506(DeepCSV)
isTTincMtt0to700: 0
isTTincMtt0to1000: 0
isTTincMtt700to1000: 0
isTTincMtt1000toInf: 0
isTTSemilepIncHT0Njet0: 0
isTTSemilepIncHT500Njet9: 0
outTTLF: 0
outTTCC: 0
outTTBB: 0
outTT1B: 0
outTT2B: 0
>> Completed 0 out of 503 events
[INFO] Defaulting to central deepJet weight for: nominal
Nelectrons      = 219 / 503
Npassed_ElEta   = 219 / 503
Nmuons          = 284 / 503
NrelIsoFail     = 0 / 503
Npassed_MuEta   = 284 / 503
Npassed_nAK8Jets= 503 / 503
Npassed_Trigger = 485 / 503
Npassed_MET     = 447 / 503
Npassed_lepPt   = 461 / 503
Npassed_HT      = 503 / 503
npass_Njets     = 501 / 503
Npassed_ALL     = 406 / 503

>> Running /isilon/hadoop/store/group/bruxljm/FWLJMET106XUL_singleLep2017UL_RunIISummer20_X53X53/PairVLQ_x53x53_tWtW_narrow_RH_M1400_TuneCP5_13TeV-madgraph-pythia8/singleLep2017UL/230310_181045/0000/PairVLQ_x53x53_tWtW_narrow_RH_M1400_TuneCP5_13TeV-madgraph-pythia8_82.root for shift: nominal
[step1.h] Opening file: /isilon/hadoop/store/group/bruxljm/FWLJMET106XUL_singleLep2017UL_RunIISummer20_X53X53/PairVLQ_x53x53_tWtW_narrow_RH_M1400_TuneCP5_13TeV-madgraph-pythia8/singleLep2017UL/230310_181045/0000/PairVLQ_x53x53_tWtW_narrow_RH_M1400_TuneCP5_13TeV-madgraph-pythia8_82.root
[step1.h] Finished initializing
RUN CONFIG: YEAR = 2017
Era = 
isMC = 1, isSig = 1, SigMass = 7
isHad =0, isSE =0, isSM =0
isTTTT = 0, isXX = 1, isTpTp = 0, isBpBp = 0
For W's: isTT = 0, isSTt = 0, isSTtW = 0
For jets & PDF: isTOP = 0, isMadgraphBkg = 1
For HOTTagger Efficiencies: isTTV = 0, isTTHbb = 0, isTTHnonbb = 0, isTTTX = 0
isTTVV = 0, isST = 0, isTTToSemiLeptonHT500Njet9 = 0
Pileup sample key: PairVLQ_x53x53_tWtW_narrow_RH_M1400_TuneCP5_13TeV-madgraph-pythia8
b-tagging working points: 0.304(DeepJet)0.4506(DeepCSV)
isTTincMtt0to700: 0
isTTincMtt0to1000: 0
isTTincMtt700to1000: 0
isTTincMtt1000toInf: 0
isTTSemilepIncHT0Njet0: 0
isTTSemilepIncHT500Njet9: 0
outTTLF: 0
outTTCC: 0
outTTBB: 0
outTT1B: 0
outTT2B: 0
>> Completed 0 out of 1036 events
[INFO] Defaulting to central deepJet weight for: nominal
>> Completed 1000 out of 1036 events
Nelectrons      = 460 / 1036
Npassed_ElEta   = 460 / 1036
Nmuons          = 576 / 1036
NrelIsoFail     = 0 / 1036
Npassed_MuEta   = 576 / 1036
Npassed_nAK8Jets= 1036 / 1036
Npassed_Trigger = 1005 / 1036
Npassed_MET     = 931 / 1036
Npassed_lepPt   = 935 / 1036
Npassed_HT      = 1036 / 1036
npass_Njets     = 1033 / 1036
Npassed_ALL     = 839 / 1036

>> Running /isilon/hadoop/store/group/bruxljm/FWLJMET106XUL_singleLep2017UL_RunIISummer20_X53X53/PairVLQ_x53x53_tWtW_narrow_RH_M1400_TuneCP5_13TeV-madgraph-pythia8/singleLep2017UL/230310_181045/0000/PairVLQ_x53x53_tWtW_narrow_RH_M1400_TuneCP5_13TeV-madgraph-pythia8_83.root for shift: nominal
[step1.h] Opening file: /isilon/hadoop/store/group/bruxljm/FWLJMET106XUL_singleLep2017UL_RunIISummer20_X53X53/PairVLQ_x53x53_tWtW_narrow_RH_M1400_TuneCP5_13TeV-madgraph-pythia8/singleLep2017UL/230310_181045/0000/PairVLQ_x53x53_tWtW_narrow_RH_M1400_TuneCP5_13TeV-madgraph-pythia8_83.root
[step1.h] Finished initializing
RUN CONFIG: YEAR = 2017
Era = 
isMC = 1, isSig = 1, SigMass = 7
isHad =0, isSE =0, isSM =0
isTTTT = 0, isXX = 1, isTpTp = 0, isBpBp = 0
For W's: isTT = 0, isSTt = 0, isSTtW = 0
For jets & PDF: isTOP = 0, isMadgraphBkg = 1
For HOTTagger Efficiencies: isTTV = 0, isTTHbb = 0, isTTHnonbb = 0, isTTTX = 0
isTTVV = 0, isST = 0, isTTToSemiLeptonHT500Njet9 = 0
Pileup sample key: PairVLQ_x53x53_tWtW_narrow_RH_M1400_TuneCP5_13TeV-madgraph-pythia8
b-tagging working points: 0.304(DeepJet)0.4506(DeepCSV)
isTTincMtt0to700: 0
isTTincMtt0to1000: 0
isTTincMtt700to1000: 0
isTTincMtt1000toInf: 0
isTTSemilepIncHT0Njet0: 0
isTTSemilepIncHT500Njet9: 0
outTTLF: 0
outTTCC: 0
outTTBB: 0
outTT1B: 0
outTT2B: 0
>> Completed 0 out of 1044 events
[INFO] Defaulting to central deepJet weight for: nominal
>> Completed 1000 out of 1044 events
Nelectrons      = 503 / 1044
Npassed_ElEta   = 503 / 1044
Nmuons          = 541 / 1044
NrelIsoFail     = 0 / 1044
Npassed_MuEta   = 541 / 1044
Npassed_nAK8Jets= 1044 / 1044
Npassed_Trigger = 1011 / 1044
Npassed_MET     = 937 / 1044
Npassed_lepPt   = 966 / 1044
Npassed_HT      = 1043 / 1044
npass_Njets     = 1042 / 1044
Npassed_ALL     = 862 / 1044

>> Running /isilon/hadoop/store/group/bruxljm/FWLJMET106XUL_singleLep2017UL_RunIISummer20_X53X53/PairVLQ_x53x53_tWtW_narrow_RH_M1400_TuneCP5_13TeV-madgraph-pythia8/singleLep2017UL/230310_181045/0000/PairVLQ_x53x53_tWtW_narrow_RH_M1400_TuneCP5_13TeV-madgraph-pythia8_84.root for shift: nominal
[step1.h] Opening file: /isilon/hadoop/store/group/bruxljm/FWLJMET106XUL_singleLep2017UL_RunIISummer20_X53X53/PairVLQ_x53x53_tWtW_narrow_RH_M1400_TuneCP5_13TeV-madgraph-pythia8/singleLep2017UL/230310_181045/0000/PairVLQ_x53x53_tWtW_narrow_RH_M1400_TuneCP5_13TeV-madgraph-pythia8_84.root
[step1.h] Finished initializing
RUN CONFIG: YEAR = 2017
Era = 
isMC = 1, isSig = 1, SigMass = 7
isHad =0, isSE =0, isSM =0
isTTTT = 0, isXX = 1, isTpTp = 0, isBpBp = 0
For W's: isTT = 0, isSTt = 0, isSTtW = 0
For jets & PDF: isTOP = 0, isMadgraphBkg = 1
For HOTTagger Efficiencies: isTTV = 0, isTTHbb = 0, isTTHnonbb = 0, isTTTX = 0
isTTVV = 0, isST = 0, isTTToSemiLeptonHT500Njet9 = 0
Pileup sample key: PairVLQ_x53x53_tWtW_narrow_RH_M1400_TuneCP5_13TeV-madgraph-pythia8
b-tagging working points: 0.304(DeepJet)0.4506(DeepCSV)
isTTincMtt0to700: 0
isTTincMtt0to1000: 0
isTTincMtt700to1000: 0
isTTincMtt1000toInf: 0
isTTSemilepIncHT0Njet0: 0
isTTSemilepIncHT500Njet9: 0
outTTLF: 0
outTTCC: 0
outTTBB: 0
outTT1B: 0
outTT2B: 0
>> Completed 0 out of 1080 events
[INFO] Defaulting to central deepJet weight for: nominal
>> Completed 1000 out of 1080 events
Nelectrons      = 503 / 1080
Npassed_ElEta   = 503 / 1080
Nmuons          = 577 / 1080
NrelIsoFail     = 0 / 1080
Npassed_MuEta   = 577 / 1080
Npassed_nAK8Jets= 1080 / 1080
Npassed_Trigger = 1038 / 1080
Npassed_MET     = 967 / 1080
Npassed_lepPt   = 994 / 1080
Npassed_HT      = 1078 / 1080
npass_Njets     = 1074 / 1080
Npassed_ALL     = 881 / 1080

>> Running /isilon/hadoop/store/group/bruxljm/FWLJMET106XUL_singleLep2017UL_RunIISummer20_X53X53/PairVLQ_x53x53_tWtW_narrow_RH_M1400_TuneCP5_13TeV-madgraph-pythia8/singleLep2017UL/230310_181045/0000/PairVLQ_x53x53_tWtW_narrow_RH_M1400_TuneCP5_13TeV-madgraph-pythia8_85.root for shift: nominal
[step1.h] Opening file: /isilon/hadoop/store/group/bruxljm/FWLJMET106XUL_singleLep2017UL_RunIISummer20_X53X53/PairVLQ_x53x53_tWtW_narrow_RH_M1400_TuneCP5_13TeV-madgraph-pythia8/singleLep2017UL/230310_181045/0000/PairVLQ_x53x53_tWtW_narrow_RH_M1400_TuneCP5_13TeV-madgraph-pythia8_85.root
[step1.h] Finished initializing
RUN CONFIG: YEAR = 2017
Era = 
isMC = 1, isSig = 1, SigMass = 7
isHad =0, isSE =0, isSM =0
isTTTT = 0, isXX = 1, isTpTp = 0, isBpBp = 0
For W's: isTT = 0, isSTt = 0, isSTtW = 0
For jets & PDF: isTOP = 0, isMadgraphBkg = 1
For HOTTagger Efficiencies: isTTV = 0, isTTHbb = 0, isTTHnonbb = 0, isTTTX = 0
isTTVV = 0, isST = 0, isTTToSemiLeptonHT500Njet9 = 0
Pileup sample key: PairVLQ_x53x53_tWtW_narrow_RH_M1400_TuneCP5_13TeV-madgraph-pythia8
b-tagging working points: 0.304(DeepJet)0.4506(DeepCSV)
isTTincMtt0to700: 0
isTTincMtt0to1000: 0
isTTincMtt700to1000: 0
isTTincMtt1000toInf: 0
isTTSemilepIncHT0Njet0: 0
isTTSemilepIncHT500Njet9: 0
outTTLF: 0
outTTCC: 0
outTTBB: 0
outTT1B: 0
outTT2B: 0
>> Completed 0 out of 1022 events
[INFO] Defaulting to central deepJet weight for: nominal
>> Completed 1000 out of 1022 events
Nelectrons      = 458 / 1022
Npassed_ElEta   = 458 / 1022
Nmuons          = 564 / 1022
NrelIsoFail     = 0 / 1022
Npassed_MuEta   = 564 / 1022
Npassed_nAK8Jets= 1022 / 1022
Npassed_Trigger = 992 / 1022
Npassed_MET     = 908 / 1022
Npassed_lepPt   = 939 / 1022
Npassed_HT      = 1021 / 1022
npass_Njets     = 1020 / 1022
Npassed_ALL     = 830 / 1022

>> Running /isilon/hadoop/store/group/bruxljm/FWLJMET106XUL_singleLep2017UL_RunIISummer20_X53X53/PairVLQ_x53x53_tWtW_narrow_RH_M1400_TuneCP5_13TeV-madgraph-pythia8/singleLep2017UL/230310_181045/0000/PairVLQ_x53x53_tWtW_narrow_RH_M1400_TuneCP5_13TeV-madgraph-pythia8_86.root for shift: nominal
[step1.h] Opening file: /isilon/hadoop/store/group/bruxljm/FWLJMET106XUL_singleLep2017UL_RunIISummer20_X53X53/PairVLQ_x53x53_tWtW_narrow_RH_M1400_TuneCP5_13TeV-madgraph-pythia8/singleLep2017UL/230310_181045/0000/PairVLQ_x53x53_tWtW_narrow_RH_M1400_TuneCP5_13TeV-madgraph-pythia8_86.root
[step1.h] Finished initializing
RUN CONFIG: YEAR = 2017
Era = 
isMC = 1, isSig = 1, SigMass = 7
isHad =0, isSE =0, isSM =0
isTTTT = 0, isXX = 1, isTpTp = 0, isBpBp = 0
For W's: isTT = 0, isSTt = 0, isSTtW = 0
For jets & PDF: isTOP = 0, isMadgraphBkg = 1
For HOTTagger Efficiencies: isTTV = 0, isTTHbb = 0, isTTHnonbb = 0, isTTTX = 0
isTTVV = 0, isST = 0, isTTToSemiLeptonHT500Njet9 = 0
Pileup sample key: PairVLQ_x53x53_tWtW_narrow_RH_M1400_TuneCP5_13TeV-madgraph-pythia8
b-tagging working points: 0.304(DeepJet)0.4506(DeepCSV)
isTTincMtt0to700: 0
isTTincMtt0to1000: 0
isTTincMtt700to1000: 0
isTTincMtt1000toInf: 0
isTTSemilepIncHT0Njet0: 0
isTTSemilepIncHT500Njet9: 0
outTTLF: 0
outTTCC: 0
outTTBB: 0
outTT1B: 0
outTT2B: 0
>> Completed 0 out of 1062 events
[INFO] Defaulting to central deepJet weight for: nominal
>> Completed 1000 out of 1062 events
Nelectrons      = 486 / 1062
Npassed_ElEta   = 486 / 1062
Nmuons          = 576 / 1062
NrelIsoFail     = 0 / 1062
Npassed_MuEta   = 576 / 1062
Npassed_nAK8Jets= 1062 / 1062
Npassed_Trigger = 1026 / 1062
Npassed_MET     = 950 / 1062
Npassed_lepPt   = 975 / 1062
Npassed_HT      = 1062 / 1062
npass_Njets     = 1056 / 1062
Npassed_ALL     = 872 / 1062

>> Running /isilon/hadoop/store/group/bruxljm/FWLJMET106XUL_singleLep2017UL_RunIISummer20_X53X53/PairVLQ_x53x53_tWtW_narrow_RH_M1400_TuneCP5_13TeV-madgraph-pythia8/singleLep2017UL/230310_181045/0000/PairVLQ_x53x53_tWtW_narrow_RH_M1400_TuneCP5_13TeV-madgraph-pythia8_87.root for shift: nominal
[step1.h] Opening file: /isilon/hadoop/store/group/bruxljm/FWLJMET106XUL_singleLep2017UL_RunIISummer20_X53X53/PairVLQ_x53x53_tWtW_narrow_RH_M1400_TuneCP5_13TeV-madgraph-pythia8/singleLep2017UL/230310_181045/0000/PairVLQ_x53x53_tWtW_narrow_RH_M1400_TuneCP5_13TeV-madgraph-pythia8_87.root
[step1.h] Finished initializing
RUN CONFIG: YEAR = 2017
Era = 
isMC = 1, isSig = 1, SigMass = 7
isHad =0, isSE =0, isSM =0
isTTTT = 0, isXX = 1, isTpTp = 0, isBpBp = 0
For W's: isTT = 0, isSTt = 0, isSTtW = 0
For jets & PDF: isTOP = 0, isMadgraphBkg = 1
For HOTTagger Efficiencies: isTTV = 0, isTTHbb = 0, isTTHnonbb = 0, isTTTX = 0
isTTVV = 0, isST = 0, isTTToSemiLeptonHT500Njet9 = 0
Pileup sample key: PairVLQ_x53x53_tWtW_narrow_RH_M1400_TuneCP5_13TeV-madgraph-pythia8
b-tagging working points: 0.304(DeepJet)0.4506(DeepCSV)
isTTincMtt0to700: 0
isTTincMtt0to1000: 0
isTTincMtt700to1000: 0
isTTincMtt1000toInf: 0
isTTSemilepIncHT0Njet0: 0
isTTSemilepIncHT500Njet9: 0
outTTLF: 0
outTTCC: 0
outTTBB: 0
outTT1B: 0
outTT2B: 0
>> Completed 0 out of 986 events
[INFO] Defaulting to central deepJet weight for: nominal
Nelectrons      = 470 / 986
Npassed_ElEta   = 470 / 986
Nmuons          = 516 / 986
NrelIsoFail     = 0 / 986
Npassed_MuEta   = 516 / 986
Npassed_nAK8Jets= 986 / 986
Npassed_Trigger = 956 / 986
Npassed_MET     = 876 / 986
Npassed_lepPt   = 907 / 986
Npassed_HT      = 986 / 986
npass_Njets     = 984 / 986
Npassed_ALL     = 801 / 986

>> Running /isilon/hadoop/store/group/bruxljm/FWLJMET106XUL_singleLep2017UL_RunIISummer20_X53X53/PairVLQ_x53x53_tWtW_narrow_RH_M1400_TuneCP5_13TeV-madgraph-pythia8/singleLep2017UL/230310_181045/0000/PairVLQ_x53x53_tWtW_narrow_RH_M1400_TuneCP5_13TeV-madgraph-pythia8_88.root for shift: nominal
[step1.h] Opening file: /isilon/hadoop/store/group/bruxljm/FWLJMET106XUL_singleLep2017UL_RunIISummer20_X53X53/PairVLQ_x53x53_tWtW_narrow_RH_M1400_TuneCP5_13TeV-madgraph-pythia8/singleLep2017UL/230310_181045/0000/PairVLQ_x53x53_tWtW_narrow_RH_M1400_TuneCP5_13TeV-madgraph-pythia8_88.root
[step1.h] Finished initializing
RUN CONFIG: YEAR = 2017
Era = 
isMC = 1, isSig = 1, SigMass = 7
isHad =0, isSE =0, isSM =0
isTTTT = 0, isXX = 1, isTpTp = 0, isBpBp = 0
For W's: isTT = 0, isSTt = 0, isSTtW = 0
For jets & PDF: isTOP = 0, isMadgraphBkg = 1
For HOTTagger Efficiencies: isTTV = 0, isTTHbb = 0, isTTHnonbb = 0, isTTTX = 0
isTTVV = 0, isST = 0, isTTToSemiLeptonHT500Njet9 = 0
Pileup sample key: PairVLQ_x53x53_tWtW_narrow_RH_M1400_TuneCP5_13TeV-madgraph-pythia8
b-tagging working points: 0.304(DeepJet)0.4506(DeepCSV)
isTTincMtt0to700: 0
isTTincMtt0to1000: 0
isTTincMtt700to1000: 0
isTTincMtt1000toInf: 0
isTTSemilepIncHT0Njet0: 0
isTTSemilepIncHT500Njet9: 0
outTTLF: 0
outTTCC: 0
outTTBB: 0
outTT1B: 0
outTT2B: 0
>> Completed 0 out of 1075 events
[INFO] Defaulting to central deepJet weight for: nominal
>> Completed 1000 out of 1075 events
Nelectrons      = 468 / 1075
Npassed_ElEta   = 468 / 1075
Nmuons          = 607 / 1075
NrelIsoFail     = 0 / 1075
Npassed_MuEta   = 607 / 1075
Npassed_nAK8Jets= 1075 / 1075
Npassed_Trigger = 1034 / 1075
Npassed_MET     = 971 / 1075
Npassed_lepPt   = 982 / 1075
Npassed_HT      = 1073 / 1075
npass_Njets     = 1073 / 1075
Npassed_ALL     = 885 / 1075

>> Running /isilon/hadoop/store/group/bruxljm/FWLJMET106XUL_singleLep2017UL_RunIISummer20_X53X53/PairVLQ_x53x53_tWtW_narrow_RH_M1400_TuneCP5_13TeV-madgraph-pythia8/singleLep2017UL/230310_181045/0000/PairVLQ_x53x53_tWtW_narrow_RH_M1400_TuneCP5_13TeV-madgraph-pythia8_89.root for shift: nominal
[step1.h] Opening file: /isilon/hadoop/store/group/bruxljm/FWLJMET106XUL_singleLep2017UL_RunIISummer20_X53X53/PairVLQ_x53x53_tWtW_narrow_RH_M1400_TuneCP5_13TeV-madgraph-pythia8/singleLep2017UL/230310_181045/0000/PairVLQ_x53x53_tWtW_narrow_RH_M1400_TuneCP5_13TeV-madgraph-pythia8_89.root
[step1.h] Finished initializing
RUN CONFIG: YEAR = 2017
Era = 
isMC = 1, isSig = 1, SigMass = 7
isHad =0, isSE =0, isSM =0
isTTTT = 0, isXX = 1, isTpTp = 0, isBpBp = 0
For W's: isTT = 0, isSTt = 0, isSTtW = 0
For jets & PDF: isTOP = 0, isMadgraphBkg = 1
For HOTTagger Efficiencies: isTTV = 0, isTTHbb = 0, isTTHnonbb = 0, isTTTX = 0
isTTVV = 0, isST = 0, isTTToSemiLeptonHT500Njet9 = 0
Pileup sample key: PairVLQ_x53x53_tWtW_narrow_RH_M1400_TuneCP5_13TeV-madgraph-pythia8
b-tagging working points: 0.304(DeepJet)0.4506(DeepCSV)
isTTincMtt0to700: 0
isTTincMtt0to1000: 0
isTTincMtt700to1000: 0
isTTincMtt1000toInf: 0
isTTSemilepIncHT0Njet0: 0
isTTSemilepIncHT500Njet9: 0
outTTLF: 0
outTTCC: 0
outTTBB: 0
outTT1B: 0
outTT2B: 0
>> Completed 0 out of 1063 events
[INFO] Defaulting to central deepJet weight for: nominal
>> Completed 1000 out of 1063 events
Nelectrons      = 488 / 1063
Npassed_ElEta   = 488 / 1063
Nmuons          = 575 / 1063
NrelIsoFail     = 0 / 1063
Npassed_MuEta   = 575 / 1063
Npassed_nAK8Jets= 1063 / 1063
Npassed_Trigger = 1021 / 1063
Npassed_MET     = 966 / 1063
Npassed_lepPt   = 973 / 1063
Npassed_HT      = 1061 / 1063
npass_Njets     = 1055 / 1063
Npassed_ALL     = 870 / 1063

>> Running /isilon/hadoop/store/group/bruxljm/FWLJMET106XUL_singleLep2017UL_RunIISummer20_X53X53/PairVLQ_x53x53_tWtW_narrow_RH_M1400_TuneCP5_13TeV-madgraph-pythia8/singleLep2017UL/230310_181045/0000/PairVLQ_x53x53_tWtW_narrow_RH_M1400_TuneCP5_13TeV-madgraph-pythia8_9.root for shift: nominal
[step1.h] Opening file: /isilon/hadoop/store/group/bruxljm/FWLJMET106XUL_singleLep2017UL_RunIISummer20_X53X53/PairVLQ_x53x53_tWtW_narrow_RH_M1400_TuneCP5_13TeV-madgraph-pythia8/singleLep2017UL/230310_181045/0000/PairVLQ_x53x53_tWtW_narrow_RH_M1400_TuneCP5_13TeV-madgraph-pythia8_9.root
[step1.h] Finished initializing
RUN CONFIG: YEAR = 2017
Era = 
isMC = 1, isSig = 1, SigMass = 7
isHad =0, isSE =0, isSM =0
isTTTT = 0, isXX = 1, isTpTp = 0, isBpBp = 0
For W's: isTT = 0, isSTt = 0, isSTtW = 0
For jets & PDF: isTOP = 0, isMadgraphBkg = 1
For HOTTagger Efficiencies: isTTV = 0, isTTHbb = 0, isTTHnonbb = 0, isTTTX = 0
isTTVV = 0, isST = 0, isTTToSemiLeptonHT500Njet9 = 0
Pileup sample key: PairVLQ_x53x53_tWtW_narrow_RH_M1400_TuneCP5_13TeV-madgraph-pythia8
b-tagging working points: 0.304(DeepJet)0.4506(DeepCSV)
isTTincMtt0to700: 0
isTTincMtt0to1000: 0
isTTincMtt700to1000: 0
isTTincMtt1000toInf: 0
isTTSemilepIncHT0Njet0: 0
isTTSemilepIncHT500Njet9: 0
outTTLF: 0
outTTCC: 0
outTTBB: 0
outTT1B: 0
outTT2B: 0
>> Completed 0 out of 1073 events
[INFO] Defaulting to central deepJet weight for: nominal
>> Completed 1000 out of 1073 events
Nelectrons      = 494 / 1073
Npassed_ElEta   = 494 / 1073
Nmuons          = 579 / 1073
NrelIsoFail     = 0 / 1073
Npassed_MuEta   = 579 / 1073
Npassed_nAK8Jets= 1073 / 1073
Npassed_Trigger = 1042 / 1073
Npassed_MET     = 968 / 1073
Npassed_lepPt   = 991 / 1073
Npassed_HT      = 1072 / 1073
npass_Njets     = 1068 / 1073
Npassed_ALL     = 886 / 1073

>> Running /isilon/hadoop/store/group/bruxljm/FWLJMET106XUL_singleLep2017UL_RunIISummer20_X53X53/PairVLQ_x53x53_tWtW_narrow_RH_M1400_TuneCP5_13TeV-madgraph-pythia8/singleLep2017UL/230310_181045/0000/PairVLQ_x53x53_tWtW_narrow_RH_M1400_TuneCP5_13TeV-madgraph-pythia8_90.root for shift: nominal
[step1.h] Opening file: /isilon/hadoop/store/group/bruxljm/FWLJMET106XUL_singleLep2017UL_RunIISummer20_X53X53/PairVLQ_x53x53_tWtW_narrow_RH_M1400_TuneCP5_13TeV-madgraph-pythia8/singleLep2017UL/230310_181045/0000/PairVLQ_x53x53_tWtW_narrow_RH_M1400_TuneCP5_13TeV-madgraph-pythia8_90.root
[step1.h] Finished initializing
RUN CONFIG: YEAR = 2017
Era = 
isMC = 1, isSig = 1, SigMass = 7
isHad =0, isSE =0, isSM =0
isTTTT = 0, isXX = 1, isTpTp = 0, isBpBp = 0
For W's: isTT = 0, isSTt = 0, isSTtW = 0
For jets & PDF: isTOP = 0, isMadgraphBkg = 1
For HOTTagger Efficiencies: isTTV = 0, isTTHbb = 0, isTTHnonbb = 0, isTTTX = 0
isTTVV = 0, isST = 0, isTTToSemiLeptonHT500Njet9 = 0
Pileup sample key: PairVLQ_x53x53_tWtW_narrow_RH_M1400_TuneCP5_13TeV-madgraph-pythia8
b-tagging working points: 0.304(DeepJet)0.4506(DeepCSV)
isTTincMtt0to700: 0
isTTincMtt0to1000: 0
isTTincMtt700to1000: 0
isTTincMtt1000toInf: 0
isTTSemilepIncHT0Njet0: 0
isTTSemilepIncHT500Njet9: 0
outTTLF: 0
outTTCC: 0
outTTBB: 0
outTT1B: 0
outTT2B: 0
>> Completed 0 out of 1072 events
[INFO] Defaulting to central deepJet weight for: nominal
>> Completed 1000 out of 1072 events
Nelectrons      = 501 / 1072
Npassed_ElEta   = 501 / 1072
Nmuons          = 571 / 1072
NrelIsoFail     = 0 / 1072
Npassed_MuEta   = 571 / 1072
Npassed_nAK8Jets= 1072 / 1072
Npassed_Trigger = 1034 / 1072
Npassed_MET     = 960 / 1072
Npassed_lepPt   = 983 / 1072
Npassed_HT      = 1071 / 1072
npass_Njets     = 1067 / 1072
Npassed_ALL     = 874 / 1072

>> Running /isilon/hadoop/store/group/bruxljm/FWLJMET106XUL_singleLep2017UL_RunIISummer20_X53X53/PairVLQ_x53x53_tWtW_narrow_RH_M1400_TuneCP5_13TeV-madgraph-pythia8/singleLep2017UL/230310_181045/0000/PairVLQ_x53x53_tWtW_narrow_RH_M1400_TuneCP5_13TeV-madgraph-pythia8_91.root for shift: nominal
[step1.h] Opening file: /isilon/hadoop/store/group/bruxljm/FWLJMET106XUL_singleLep2017UL_RunIISummer20_X53X53/PairVLQ_x53x53_tWtW_narrow_RH_M1400_TuneCP5_13TeV-madgraph-pythia8/singleLep2017UL/230310_181045/0000/PairVLQ_x53x53_tWtW_narrow_RH_M1400_TuneCP5_13TeV-madgraph-pythia8_91.root
[step1.h] Finished initializing
RUN CONFIG: YEAR = 2017
Era = 
isMC = 1, isSig = 1, SigMass = 7
isHad =0, isSE =0, isSM =0
isTTTT = 0, isXX = 1, isTpTp = 0, isBpBp = 0
For W's: isTT = 0, isSTt = 0, isSTtW = 0
For jets & PDF: isTOP = 0, isMadgraphBkg = 1
For HOTTagger Efficiencies: isTTV = 0, isTTHbb = 0, isTTHnonbb = 0, isTTTX = 0
isTTVV = 0, isST = 0, isTTToSemiLeptonHT500Njet9 = 0
Pileup sample key: PairVLQ_x53x53_tWtW_narrow_RH_M1400_TuneCP5_13TeV-madgraph-pythia8
b-tagging working points: 0.304(DeepJet)0.4506(DeepCSV)
isTTincMtt0to700: 0
isTTincMtt0to1000: 0
isTTincMtt700to1000: 0
isTTincMtt1000toInf: 0
isTTSemilepIncHT0Njet0: 0
isTTSemilepIncHT500Njet9: 0
outTTLF: 0
outTTCC: 0
outTTBB: 0
outTT1B: 0
outTT2B: 0
>> Completed 0 out of 1049 events
[INFO] Defaulting to central deepJet weight for: nominal
>> Completed 1000 out of 1049 events
Nelectrons      = 468 / 1049
Npassed_ElEta   = 468 / 1049
Nmuons          = 581 / 1049
NrelIsoFail     = 0 / 1049
Npassed_MuEta   = 581 / 1049
Npassed_nAK8Jets= 1049 / 1049
Npassed_Trigger = 1010 / 1049
Npassed_MET     = 945 / 1049
Npassed_lepPt   = 957 / 1049
Npassed_HT      = 1049 / 1049
npass_Njets     = 1045 / 1049
Npassed_ALL     = 858 / 1049
>> Available ROOT Files:
-rw-r--r-- 1 fsimpson gridusers 2959162 Apr 24 09:16 PairVLQ_x53x53_tWtW_narrow_RH_M1400_TuneCP5_13TeV-madgraph-pythia8_65nominal.root
-rw-r--r-- 1 fsimpson gridusers 3115109 Apr 24 09:16 PairVLQ_x53x53_tWtW_narrow_RH_M1400_TuneCP5_13TeV-madgraph-pythia8_66nominal.root
-rw-r--r-- 1 fsimpson gridusers 3141701 Apr 24 09:16 PairVLQ_x53x53_tWtW_narrow_RH_M1400_TuneCP5_13TeV-madgraph-pythia8_67nominal.root
-rw-r--r-- 1 fsimpson gridusers 3073271 Apr 24 09:16 PairVLQ_x53x53_tWtW_narrow_RH_M1400_TuneCP5_13TeV-madgraph-pythia8_68nominal.root
-rw-r--r-- 1 fsimpson gridusers 3124265 Apr 24 09:16 PairVLQ_x53x53_tWtW_narrow_RH_M1400_TuneCP5_13TeV-madgraph-pythia8_69nominal.root
-rw-r--r-- 1 fsimpson gridusers 2961884 Apr 24 09:16 PairVLQ_x53x53_tWtW_narrow_RH_M1400_TuneCP5_13TeV-madgraph-pythia8_70nominal.root
-rw-r--r-- 1 fsimpson gridusers 3001055 Apr 24 09:16 PairVLQ_x53x53_tWtW_narrow_RH_M1400_TuneCP5_13TeV-madgraph-pythia8_71nominal.root
-rw-r--r-- 1 fsimpson gridusers 3050418 Apr 24 09:16 PairVLQ_x53x53_tWtW_narrow_RH_M1400_TuneCP5_13TeV-madgraph-pythia8_72nominal.root
-rw-r--r-- 1 fsimpson gridusers 3051125 Apr 24 09:16 PairVLQ_x53x53_tWtW_narrow_RH_M1400_TuneCP5_13TeV-madgraph-pythia8_73nominal.root
-rw-r--r-- 1 fsimpson gridusers 2916134 Apr 24 09:16 PairVLQ_x53x53_tWtW_narrow_RH_M1400_TuneCP5_13TeV-madgraph-pythia8_74nominal.root
-rw-r--r-- 1 fsimpson gridusers 3161156 Apr 24 09:16 PairVLQ_x53x53_tWtW_narrow_RH_M1400_TuneCP5_13TeV-madgraph-pythia8_75nominal.root
-rw-r--r-- 1 fsimpson gridusers 3083236 Apr 24 09:16 PairVLQ_x53x53_tWtW_narrow_RH_M1400_TuneCP5_13TeV-madgraph-pythia8_76nominal.root
-rw-r--r-- 1 fsimpson gridusers 2981500 Apr 24 09:16 PairVLQ_x53x53_tWtW_narrow_RH_M1400_TuneCP5_13TeV-madgraph-pythia8_77nominal.root
-rw-r--r-- 1 fsimpson gridusers 3116823 Apr 24 09:16 PairVLQ_x53x53_tWtW_narrow_RH_M1400_TuneCP5_13TeV-madgraph-pythia8_78nominal.root
-rw-r--r-- 1 fsimpson gridusers 3084698 Apr 24 09:16 PairVLQ_x53x53_tWtW_narrow_RH_M1400_TuneCP5_13TeV-madgraph-pythia8_79nominal.root
-rw-r--r-- 1 fsimpson gridusers 3056738 Apr 24 09:16 PairVLQ_x53x53_tWtW_narrow_RH_M1400_TuneCP5_13TeV-madgraph-pythia8_7nominal.root
-rw-r--r-- 1 fsimpson gridusers 3048849 Apr 24 09:16 PairVLQ_x53x53_tWtW_narrow_RH_M1400_TuneCP5_13TeV-madgraph-pythia8_80nominal.root
-rw-r--r-- 1 fsimpson gridusers 1432138 Apr 24 09:16 PairVLQ_x53x53_tWtW_narrow_RH_M1400_TuneCP5_13TeV-madgraph-pythia8_81nominal.root
-rw-r--r-- 1 fsimpson gridusers 2942173 Apr 24 09:16 PairVLQ_x53x53_tWtW_narrow_RH_M1400_TuneCP5_13TeV-madgraph-pythia8_82nominal.root
-rw-r--r-- 1 fsimpson gridusers 3079103 Apr 24 09:16 PairVLQ_x53x53_tWtW_narrow_RH_M1400_TuneCP5_13TeV-madgraph-pythia8_83nominal.root
-rw-r--r-- 1 fsimpson gridusers 3109361 Apr 24 09:16 PairVLQ_x53x53_tWtW_narrow_RH_M1400_TuneCP5_13TeV-madgraph-pythia8_84nominal.root
-rw-r--r-- 1 fsimpson gridusers 2933126 Apr 24 09:16 PairVLQ_x53x53_tWtW_narrow_RH_M1400_TuneCP5_13TeV-madgraph-pythia8_85nominal.root
-rw-r--r-- 1 fsimpson gridusers 3105355 Apr 24 09:16 PairVLQ_x53x53_tWtW_narrow_RH_M1400_TuneCP5_13TeV-madgraph-pythia8_86nominal.root
-rw-r--r-- 1 fsimpson gridusers 2803009 Apr 24 09:16 PairVLQ_x53x53_tWtW_narrow_RH_M1400_TuneCP5_13TeV-madgraph-pythia8_87nominal.root
-rw-r--r-- 1 fsimpson gridusers 3091468 Apr 24 09:16 PairVLQ_x53x53_tWtW_narrow_RH_M1400_TuneCP5_13TeV-madgraph-pythia8_88nominal.root
-rw-r--r-- 1 fsimpson gridusers 3113185 Apr 24 09:16 PairVLQ_x53x53_tWtW_narrow_RH_M1400_TuneCP5_13TeV-madgraph-pythia8_89nominal.root
-rw-r--r-- 1 fsimpson gridusers 2959597 Apr 24 09:16 PairVLQ_x53x53_tWtW_narrow_RH_M1400_TuneCP5_13TeV-madgraph-pythia8_8nominal.root
-rw-r--r-- 1 fsimpson gridusers 3113862 Apr 24 09:16 PairVLQ_x53x53_tWtW_narrow_RH_M1400_TuneCP5_13TeV-madgraph-pythia8_90nominal.root
-rw-r--r-- 1 fsimpson gridusers 3000694 Apr 24 09:16 PairVLQ_x53x53_tWtW_narrow_RH_M1400_TuneCP5_13TeV-madgraph-pythia8_91nominal.root
-rw-r--r-- 1 fsimpson gridusers 3163791 Apr 24 09:16 PairVLQ_x53x53_tWtW_narrow_RH_M1400_TuneCP5_13TeV-madgraph-pythia8_9nominal.root
>> xrdcp output for condor
hadd Target file: PairVLQ_x53x53_tWtW_narrow_RH_M1400_TuneCP5_13TeV-madgraph-pythia8_5nominal_hadd.root
hadd compression setting for all ouput: 1
hadd Source file 1: PairVLQ_x53x53_tWtW_narrow_RH_M1400_TuneCP5_13TeV-madgraph-pythia8_65nominal.root
hadd Source file 2: PairVLQ_x53x53_tWtW_narrow_RH_M1400_TuneCP5_13TeV-madgraph-pythia8_66nominal.root
hadd Source file 3: PairVLQ_x53x53_tWtW_narrow_RH_M1400_TuneCP5_13TeV-madgraph-pythia8_67nominal.root
hadd Source file 4: PairVLQ_x53x53_tWtW_narrow_RH_M1400_TuneCP5_13TeV-madgraph-pythia8_68nominal.root
hadd Source file 5: PairVLQ_x53x53_tWtW_narrow_RH_M1400_TuneCP5_13TeV-madgraph-pythia8_69nominal.root
hadd Source file 6: PairVLQ_x53x53_tWtW_narrow_RH_M1400_TuneCP5_13TeV-madgraph-pythia8_70nominal.root
hadd Source file 7: PairVLQ_x53x53_tWtW_narrow_RH_M1400_TuneCP5_13TeV-madgraph-pythia8_71nominal.root
hadd Source file 8: PairVLQ_x53x53_tWtW_narrow_RH_M1400_TuneCP5_13TeV-madgraph-pythia8_72nominal.root
hadd Source file 9: PairVLQ_x53x53_tWtW_narrow_RH_M1400_TuneCP5_13TeV-madgraph-pythia8_73nominal.root
hadd Source file 10: PairVLQ_x53x53_tWtW_narrow_RH_M1400_TuneCP5_13TeV-madgraph-pythia8_74nominal.root
hadd Source file 11: PairVLQ_x53x53_tWtW_narrow_RH_M1400_TuneCP5_13TeV-madgraph-pythia8_75nominal.root
hadd Source file 12: PairVLQ_x53x53_tWtW_narrow_RH_M1400_TuneCP5_13TeV-madgraph-pythia8_76nominal.root
hadd Source file 13: PairVLQ_x53x53_tWtW_narrow_RH_M1400_TuneCP5_13TeV-madgraph-pythia8_77nominal.root
hadd Source file 14: PairVLQ_x53x53_tWtW_narrow_RH_M1400_TuneCP5_13TeV-madgraph-pythia8_78nominal.root
hadd Source file 15: PairVLQ_x53x53_tWtW_narrow_RH_M1400_TuneCP5_13TeV-madgraph-pythia8_79nominal.root
hadd Source file 16: PairVLQ_x53x53_tWtW_narrow_RH_M1400_TuneCP5_13TeV-madgraph-pythia8_7nominal.root
hadd Source file 17: PairVLQ_x53x53_tWtW_narrow_RH_M1400_TuneCP5_13TeV-madgraph-pythia8_80nominal.root
hadd Source file 18: PairVLQ_x53x53_tWtW_narrow_RH_M1400_TuneCP5_13TeV-madgraph-pythia8_81nominal.root
hadd Source file 19: PairVLQ_x53x53_tWtW_narrow_RH_M1400_TuneCP5_13TeV-madgraph-pythia8_82nominal.root
hadd Source file 20: PairVLQ_x53x53_tWtW_narrow_RH_M1400_TuneCP5_13TeV-madgraph-pythia8_83nominal.root
hadd Source file 21: PairVLQ_x53x53_tWtW_narrow_RH_M1400_TuneCP5_13TeV-madgraph-pythia8_84nominal.root
hadd Source file 22: PairVLQ_x53x53_tWtW_narrow_RH_M1400_TuneCP5_13TeV-madgraph-pythia8_85nominal.root
hadd Source file 23: PairVLQ_x53x53_tWtW_narrow_RH_M1400_TuneCP5_13TeV-madgraph-pythia8_86nominal.root
hadd Source file 24: PairVLQ_x53x53_tWtW_narrow_RH_M1400_TuneCP5_13TeV-madgraph-pythia8_87nominal.root
hadd Source file 25: PairVLQ_x53x53_tWtW_narrow_RH_M1400_TuneCP5_13TeV-madgraph-pythia8_88nominal.root
hadd Source file 26: PairVLQ_x53x53_tWtW_narrow_RH_M1400_TuneCP5_13TeV-madgraph-pythia8_89nominal.root
hadd Source file 27: PairVLQ_x53x53_tWtW_narrow_RH_M1400_TuneCP5_13TeV-madgraph-pythia8_8nominal.root
hadd Source file 28: PairVLQ_x53x53_tWtW_narrow_RH_M1400_TuneCP5_13TeV-madgraph-pythia8_90nominal.root
hadd Source file 29: PairVLQ_x53x53_tWtW_narrow_RH_M1400_TuneCP5_13TeV-madgraph-pythia8_91nominal.root
hadd Source file 30: PairVLQ_x53x53_tWtW_narrow_RH_M1400_TuneCP5_13TeV-madgraph-pythia8_9nominal.root
hadd Target path: PairVLQ_x53x53_tWtW_narrow_RH_M1400_TuneCP5_13TeV-madgraph-pythia8_5nominal_hadd.root:/
>> mv PairVLQ_x53x53_tWtW_narrow_RH_M1400_TuneCP5_13TeV-madgraph-pythia8_5nominal_hadd.root /isilon/hadoop/store/group/bruxljm/FWLJMET106XUL_singleLep2017UL_RunIISummer20_X53X53_step1/nominal/PairVLQ_x53x53_tWtW_narrow_RH_M1400_TuneCP5_13TeV-madgraph-pythia8/PairVLQ_x53x53_tWtW_narrow_RH_M1400_TuneCP5_13TeV-madgraph-pythia8_5.root
[DONE]
