/isilon/condor/hep105.hep.brown.edu/execute/dir_215343
>> Setting macroDir to PWD

Processing compile_step1.C...
>> Running on BRUX, PairVLQ_x53x53_tWtW_narrow_RH_M1100_TuneCP5_13TeV-madgraph-pythia8 stored on BRUX
>> Input file path: /isilon/hadoop/store/group/bruxljm/FWLJMET106XUL_singleLep2017UL_RunIISummer20_X53X53/PairVLQ_x53x53_tWtW_narrow_RH_M1100_TuneCP5_13TeV-madgraph-pythia8/singleLep2017UL/230310_181922/0000
>> Running step1 over list: 1 10 100 101 102 103 104 105 106 107 108 109 11 110 111 112 113 114 115 116 117 118 119 12 120 121 122 123 124 125
>> Adding PairVLQ_x53x53_tWtW_narrow_RH_M1100_TuneCP5_13TeV-madgraph-pythia8_1.root to the list by reading PairVLQ_x53x53_tWtW_narrow_RH_M1100_TuneCP5_13TeV-madgraph-pythia8_1
>> Adding PairVLQ_x53x53_tWtW_narrow_RH_M1100_TuneCP5_13TeV-madgraph-pythia8_10.root to the list by reading PairVLQ_x53x53_tWtW_narrow_RH_M1100_TuneCP5_13TeV-madgraph-pythia8_10
>> Adding PairVLQ_x53x53_tWtW_narrow_RH_M1100_TuneCP5_13TeV-madgraph-pythia8_100.root to the list by reading PairVLQ_x53x53_tWtW_narrow_RH_M1100_TuneCP5_13TeV-madgraph-pythia8_100
>> Adding PairVLQ_x53x53_tWtW_narrow_RH_M1100_TuneCP5_13TeV-madgraph-pythia8_101.root to the list by reading PairVLQ_x53x53_tWtW_narrow_RH_M1100_TuneCP5_13TeV-madgraph-pythia8_101
>> Adding PairVLQ_x53x53_tWtW_narrow_RH_M1100_TuneCP5_13TeV-madgraph-pythia8_102.root to the list by reading PairVLQ_x53x53_tWtW_narrow_RH_M1100_TuneCP5_13TeV-madgraph-pythia8_102
>> Adding PairVLQ_x53x53_tWtW_narrow_RH_M1100_TuneCP5_13TeV-madgraph-pythia8_103.root to the list by reading PairVLQ_x53x53_tWtW_narrow_RH_M1100_TuneCP5_13TeV-madgraph-pythia8_103
>> Adding PairVLQ_x53x53_tWtW_narrow_RH_M1100_TuneCP5_13TeV-madgraph-pythia8_104.root to the list by reading PairVLQ_x53x53_tWtW_narrow_RH_M1100_TuneCP5_13TeV-madgraph-pythia8_104
>> Adding PairVLQ_x53x53_tWtW_narrow_RH_M1100_TuneCP5_13TeV-madgraph-pythia8_105.root to the list by reading PairVLQ_x53x53_tWtW_narrow_RH_M1100_TuneCP5_13TeV-madgraph-pythia8_105
>> Adding PairVLQ_x53x53_tWtW_narrow_RH_M1100_TuneCP5_13TeV-madgraph-pythia8_106.root to the list by reading PairVLQ_x53x53_tWtW_narrow_RH_M1100_TuneCP5_13TeV-madgraph-pythia8_106
>> Adding PairVLQ_x53x53_tWtW_narrow_RH_M1100_TuneCP5_13TeV-madgraph-pythia8_107.root to the list by reading PairVLQ_x53x53_tWtW_narrow_RH_M1100_TuneCP5_13TeV-madgraph-pythia8_107
>> Adding PairVLQ_x53x53_tWtW_narrow_RH_M1100_TuneCP5_13TeV-madgraph-pythia8_108.root to the list by reading PairVLQ_x53x53_tWtW_narrow_RH_M1100_TuneCP5_13TeV-madgraph-pythia8_108
>> Adding PairVLQ_x53x53_tWtW_narrow_RH_M1100_TuneCP5_13TeV-madgraph-pythia8_109.root to the list by reading PairVLQ_x53x53_tWtW_narrow_RH_M1100_TuneCP5_13TeV-madgraph-pythia8_109
>> Adding PairVLQ_x53x53_tWtW_narrow_RH_M1100_TuneCP5_13TeV-madgraph-pythia8_11.root to the list by reading PairVLQ_x53x53_tWtW_narrow_RH_M1100_TuneCP5_13TeV-madgraph-pythia8_11
>> Adding PairVLQ_x53x53_tWtW_narrow_RH_M1100_TuneCP5_13TeV-madgraph-pythia8_110.root to the list by reading PairVLQ_x53x53_tWtW_narrow_RH_M1100_TuneCP5_13TeV-madgraph-pythia8_110
>> Adding PairVLQ_x53x53_tWtW_narrow_RH_M1100_TuneCP5_13TeV-madgraph-pythia8_111.root to the list by reading PairVLQ_x53x53_tWtW_narrow_RH_M1100_TuneCP5_13TeV-madgraph-pythia8_111
>> Adding PairVLQ_x53x53_tWtW_narrow_RH_M1100_TuneCP5_13TeV-madgraph-pythia8_112.root to the list by reading PairVLQ_x53x53_tWtW_narrow_RH_M1100_TuneCP5_13TeV-madgraph-pythia8_112
>> Adding PairVLQ_x53x53_tWtW_narrow_RH_M1100_TuneCP5_13TeV-madgraph-pythia8_113.root to the list by reading PairVLQ_x53x53_tWtW_narrow_RH_M1100_TuneCP5_13TeV-madgraph-pythia8_113
>> Adding PairVLQ_x53x53_tWtW_narrow_RH_M1100_TuneCP5_13TeV-madgraph-pythia8_114.root to the list by reading PairVLQ_x53x53_tWtW_narrow_RH_M1100_TuneCP5_13TeV-madgraph-pythia8_114
>> Adding PairVLQ_x53x53_tWtW_narrow_RH_M1100_TuneCP5_13TeV-madgraph-pythia8_115.root to the list by reading PairVLQ_x53x53_tWtW_narrow_RH_M1100_TuneCP5_13TeV-madgraph-pythia8_115
>> Adding PairVLQ_x53x53_tWtW_narrow_RH_M1100_TuneCP5_13TeV-madgraph-pythia8_116.root to the list by reading PairVLQ_x53x53_tWtW_narrow_RH_M1100_TuneCP5_13TeV-madgraph-pythia8_116
>> Adding PairVLQ_x53x53_tWtW_narrow_RH_M1100_TuneCP5_13TeV-madgraph-pythia8_117.root to the list by reading PairVLQ_x53x53_tWtW_narrow_RH_M1100_TuneCP5_13TeV-madgraph-pythia8_117
>> Adding PairVLQ_x53x53_tWtW_narrow_RH_M1100_TuneCP5_13TeV-madgraph-pythia8_118.root to the list by reading PairVLQ_x53x53_tWtW_narrow_RH_M1100_TuneCP5_13TeV-madgraph-pythia8_118
>> Adding PairVLQ_x53x53_tWtW_narrow_RH_M1100_TuneCP5_13TeV-madgraph-pythia8_119.root to the list by reading PairVLQ_x53x53_tWtW_narrow_RH_M1100_TuneCP5_13TeV-madgraph-pythia8_119
>> Adding PairVLQ_x53x53_tWtW_narrow_RH_M1100_TuneCP5_13TeV-madgraph-pythia8_12.root to the list by reading PairVLQ_x53x53_tWtW_narrow_RH_M1100_TuneCP5_13TeV-madgraph-pythia8_12
>> Adding PairVLQ_x53x53_tWtW_narrow_RH_M1100_TuneCP5_13TeV-madgraph-pythia8_120.root to the list by reading PairVLQ_x53x53_tWtW_narrow_RH_M1100_TuneCP5_13TeV-madgraph-pythia8_120
>> Adding PairVLQ_x53x53_tWtW_narrow_RH_M1100_TuneCP5_13TeV-madgraph-pythia8_121.root to the list by reading PairVLQ_x53x53_tWtW_narrow_RH_M1100_TuneCP5_13TeV-madgraph-pythia8_121
>> Adding PairVLQ_x53x53_tWtW_narrow_RH_M1100_TuneCP5_13TeV-madgraph-pythia8_122.root to the list by reading PairVLQ_x53x53_tWtW_narrow_RH_M1100_TuneCP5_13TeV-madgraph-pythia8_122
>> Adding PairVLQ_x53x53_tWtW_narrow_RH_M1100_TuneCP5_13TeV-madgraph-pythia8_123.root to the list by reading PairVLQ_x53x53_tWtW_narrow_RH_M1100_TuneCP5_13TeV-madgraph-pythia8_123
>> Adding PairVLQ_x53x53_tWtW_narrow_RH_M1100_TuneCP5_13TeV-madgraph-pythia8_124.root to the list by reading PairVLQ_x53x53_tWtW_narrow_RH_M1100_TuneCP5_13TeV-madgraph-pythia8_124
>> Adding PairVLQ_x53x53_tWtW_narrow_RH_M1100_TuneCP5_13TeV-madgraph-pythia8_125.root to the list by reading PairVLQ_x53x53_tWtW_narrow_RH_M1100_TuneCP5_13TeV-madgraph-pythia8_125
[OPT] Using deepCSV reshaping file: reshaping_deepCSV_106XUL17_v4.csv
[OPT] Using deepJet reshaping file: reshaping_deepJet_106XUL17_v4.csv

>> Running /isilon/hadoop/store/group/bruxljm/FWLJMET106XUL_singleLep2017UL_RunIISummer20_X53X53/PairVLQ_x53x53_tWtW_narrow_RH_M1100_TuneCP5_13TeV-madgraph-pythia8/singleLep2017UL/230310_181922/0000/PairVLQ_x53x53_tWtW_narrow_RH_M1100_TuneCP5_13TeV-madgraph-pythia8_1.root for shift: nominal
[step1.h] Opening file: /isilon/hadoop/store/group/bruxljm/FWLJMET106XUL_singleLep2017UL_RunIISummer20_X53X53/PairVLQ_x53x53_tWtW_narrow_RH_M1100_TuneCP5_13TeV-madgraph-pythia8/singleLep2017UL/230310_181922/0000/PairVLQ_x53x53_tWtW_narrow_RH_M1100_TuneCP5_13TeV-madgraph-pythia8_1.root
[step1.h] Finished initializing
RUN CONFIG: YEAR = 2017
Era = 
isMC = 1, isSig = 1, SigMass = 4
isHad =0, isSE =0, isSM =0
isTTTT = 0, isXX = 1, isTpTp = 0, isBpBp = 0
For W's: isTT = 0, isSTt = 0, isSTtW = 0
For jets & PDF: isTOP = 0, isMadgraphBkg = 1
For HOTTagger Efficiencies: isTTV = 0, isTTHbb = 0, isTTHnonbb = 0, isTTTX = 0
isTTVV = 0, isST = 0, isTTToSemiLeptonHT500Njet9 = 0
Pileup sample key: PairVLQ_x53x53_tWtW_narrow_RH_M1100_TuneCP5_13TeV-madgraph-pythia8
b-tagging working points: 0.304(DeepJet)0.4506(DeepCSV)
isTTincMtt0to700: 0
isTTincMtt0to1000: 0
isTTincMtt700to1000: 0
isTTincMtt1000toInf: 0
isTTSemilepIncHT0Njet0: 0
isTTSemilepIncHT500Njet9: 0
outTTLF: 0
outTTCC: 0
outTTBB: 0
outTT1B: 0
outTT2B: 0
>> Completed 0 out of 1066 events
[INFO] Defaulting to central deepJet weight for: nominal
>> Completed 1000 out of 1066 events
Nelectrons      = 459 / 1066
Npassed_ElEta   = 459 / 1066
Nmuons          = 607 / 1066
NrelIsoFail     = 0 / 1066
Npassed_MuEta   = 607 / 1066
Npassed_nAK8Jets= 1066 / 1066
Npassed_Trigger = 1024 / 1066
Npassed_MET     = 926 / 1066
Npassed_lepPt   = 941 / 1066
Npassed_HT      = 1064 / 1066
npass_Njets     = 1064 / 1066
Npassed_ALL     = 812 / 1066

>> Running /isilon/hadoop/store/group/bruxljm/FWLJMET106XUL_singleLep2017UL_RunIISummer20_X53X53/PairVLQ_x53x53_tWtW_narrow_RH_M1100_TuneCP5_13TeV-madgraph-pythia8/singleLep2017UL/230310_181922/0000/PairVLQ_x53x53_tWtW_narrow_RH_M1100_TuneCP5_13TeV-madgraph-pythia8_10.root for shift: nominal
[step1.h] Opening file: /isilon/hadoop/store/group/bruxljm/FWLJMET106XUL_singleLep2017UL_RunIISummer20_X53X53/PairVLQ_x53x53_tWtW_narrow_RH_M1100_TuneCP5_13TeV-madgraph-pythia8/singleLep2017UL/230310_181922/0000/PairVLQ_x53x53_tWtW_narrow_RH_M1100_TuneCP5_13TeV-madgraph-pythia8_10.root
[step1.h] Finished initializing
RUN CONFIG: YEAR = 2017
Era = 
isMC = 1, isSig = 1, SigMass = 4
isHad =0, isSE =0, isSM =0
isTTTT = 0, isXX = 1, isTpTp = 0, isBpBp = 0
For W's: isTT = 0, isSTt = 0, isSTtW = 0
For jets & PDF: isTOP = 0, isMadgraphBkg = 1
For HOTTagger Efficiencies: isTTV = 0, isTTHbb = 0, isTTHnonbb = 0, isTTTX = 0
isTTVV = 0, isST = 0, isTTToSemiLeptonHT500Njet9 = 0
Pileup sample key: PairVLQ_x53x53_tWtW_narrow_RH_M1100_TuneCP5_13TeV-madgraph-pythia8
b-tagging working points: 0.304(DeepJet)0.4506(DeepCSV)
isTTincMtt0to700: 0
isTTincMtt0to1000: 0
isTTincMtt700to1000: 0
isTTincMtt1000toInf: 0
isTTSemilepIncHT0Njet0: 0
isTTSemilepIncHT500Njet9: 0
outTTLF: 0
outTTCC: 0
outTTBB: 0
outTT1B: 0
outTT2B: 0
>> Completed 0 out of 1049 events
[INFO] Defaulting to central deepJet weight for: nominal
>> Completed 1000 out of 1049 events
Nelectrons      = 480 / 1049
Npassed_ElEta   = 480 / 1049
Nmuons          = 569 / 1049
NrelIsoFail     = 0 / 1049
Npassed_MuEta   = 569 / 1049
Npassed_nAK8Jets= 1049 / 1049
Npassed_Trigger = 1009 / 1049
Npassed_MET     = 904 / 1049
Npassed_lepPt   = 942 / 1049
Npassed_HT      = 1046 / 1049
npass_Njets     = 1047 / 1049
Npassed_ALL     = 807 / 1049

>> Running /isilon/hadoop/store/group/bruxljm/FWLJMET106XUL_singleLep2017UL_RunIISummer20_X53X53/PairVLQ_x53x53_tWtW_narrow_RH_M1100_TuneCP5_13TeV-madgraph-pythia8/singleLep2017UL/230310_181922/0000/PairVLQ_x53x53_tWtW_narrow_RH_M1100_TuneCP5_13TeV-madgraph-pythia8_100.root for shift: nominal
[step1.h] Opening file: /isilon/hadoop/store/group/bruxljm/FWLJMET106XUL_singleLep2017UL_RunIISummer20_X53X53/PairVLQ_x53x53_tWtW_narrow_RH_M1100_TuneCP5_13TeV-madgraph-pythia8/singleLep2017UL/230310_181922/0000/PairVLQ_x53x53_tWtW_narrow_RH_M1100_TuneCP5_13TeV-madgraph-pythia8_100.root
[step1.h] Finished initializing
RUN CONFIG: YEAR = 2017
Era = 
isMC = 1, isSig = 1, SigMass = 4
isHad =0, isSE =0, isSM =0
isTTTT = 0, isXX = 1, isTpTp = 0, isBpBp = 0
For W's: isTT = 0, isSTt = 0, isSTtW = 0
For jets & PDF: isTOP = 0, isMadgraphBkg = 1
For HOTTagger Efficiencies: isTTV = 0, isTTHbb = 0, isTTHnonbb = 0, isTTTX = 0
isTTVV = 0, isST = 0, isTTToSemiLeptonHT500Njet9 = 0
Pileup sample key: PairVLQ_x53x53_tWtW_narrow_RH_M1100_TuneCP5_13TeV-madgraph-pythia8
b-tagging working points: 0.304(DeepJet)0.4506(DeepCSV)
isTTincMtt0to700: 0
isTTincMtt0to1000: 0
isTTincMtt700to1000: 0
isTTincMtt1000toInf: 0
isTTSemilepIncHT0Njet0: 0
isTTSemilepIncHT500Njet9: 0
outTTLF: 0
outTTCC: 0
outTTBB: 0
outTT1B: 0
outTT2B: 0
>> Completed 0 out of 1044 events
[INFO] Defaulting to central deepJet weight for: nominal
>> Completed 1000 out of 1044 events
Nelectrons      = 484 / 1044
Npassed_ElEta   = 484 / 1044
Nmuons          = 560 / 1044
NrelIsoFail     = 0 / 1044
Npassed_MuEta   = 560 / 1044
Npassed_nAK8Jets= 1044 / 1044
Npassed_Trigger = 998 / 1044
Npassed_MET     = 906 / 1044
Npassed_lepPt   = 922 / 1044
Npassed_HT      = 1037 / 1044
npass_Njets     = 1041 / 1044
Npassed_ALL     = 792 / 1044

>> Running /isilon/hadoop/store/group/bruxljm/FWLJMET106XUL_singleLep2017UL_RunIISummer20_X53X53/PairVLQ_x53x53_tWtW_narrow_RH_M1100_TuneCP5_13TeV-madgraph-pythia8/singleLep2017UL/230310_181922/0000/PairVLQ_x53x53_tWtW_narrow_RH_M1100_TuneCP5_13TeV-madgraph-pythia8_101.root for shift: nominal
[step1.h] Opening file: /isilon/hadoop/store/group/bruxljm/FWLJMET106XUL_singleLep2017UL_RunIISummer20_X53X53/PairVLQ_x53x53_tWtW_narrow_RH_M1100_TuneCP5_13TeV-madgraph-pythia8/singleLep2017UL/230310_181922/0000/PairVLQ_x53x53_tWtW_narrow_RH_M1100_TuneCP5_13TeV-madgraph-pythia8_101.root
[step1.h] Finished initializing
RUN CONFIG: YEAR = 2017
Era = 
isMC = 1, isSig = 1, SigMass = 4
isHad =0, isSE =0, isSM =0
isTTTT = 0, isXX = 1, isTpTp = 0, isBpBp = 0
For W's: isTT = 0, isSTt = 0, isSTtW = 0
For jets & PDF: isTOP = 0, isMadgraphBkg = 1
For HOTTagger Efficiencies: isTTV = 0, isTTHbb = 0, isTTHnonbb = 0, isTTTX = 0
isTTVV = 0, isST = 0, isTTToSemiLeptonHT500Njet9 = 0
Pileup sample key: PairVLQ_x53x53_tWtW_narrow_RH_M1100_TuneCP5_13TeV-madgraph-pythia8
b-tagging working points: 0.304(DeepJet)0.4506(DeepCSV)
isTTincMtt0to700: 0
isTTincMtt0to1000: 0
isTTincMtt700to1000: 0
isTTincMtt1000toInf: 0
isTTSemilepIncHT0Njet0: 0
isTTSemilepIncHT500Njet9: 0
outTTLF: 0
outTTCC: 0
outTTBB: 0
outTT1B: 0
outTT2B: 0
>> Completed 0 out of 1079 events
[INFO] Defaulting to central deepJet weight for: nominal
>> Completed 1000 out of 1079 events
Nelectrons      = 492 / 1079
Npassed_ElEta   = 492 / 1079
Nmuons          = 587 / 1079
NrelIsoFail     = 0 / 1079
Npassed_MuEta   = 587 / 1079
Npassed_nAK8Jets= 1079 / 1079
Npassed_Trigger = 1045 / 1079
Npassed_MET     = 942 / 1079
Npassed_lepPt   = 962 / 1079
Npassed_HT      = 1075 / 1079
npass_Njets     = 1073 / 1079
Npassed_ALL     = 828 / 1079

>> Running /isilon/hadoop/store/group/bruxljm/FWLJMET106XUL_singleLep2017UL_RunIISummer20_X53X53/PairVLQ_x53x53_tWtW_narrow_RH_M1100_TuneCP5_13TeV-madgraph-pythia8/singleLep2017UL/230310_181922/0000/PairVLQ_x53x53_tWtW_narrow_RH_M1100_TuneCP5_13TeV-madgraph-pythia8_102.root for shift: nominal
[step1.h] Opening file: /isilon/hadoop/store/group/bruxljm/FWLJMET106XUL_singleLep2017UL_RunIISummer20_X53X53/PairVLQ_x53x53_tWtW_narrow_RH_M1100_TuneCP5_13TeV-madgraph-pythia8/singleLep2017UL/230310_181922/0000/PairVLQ_x53x53_tWtW_narrow_RH_M1100_TuneCP5_13TeV-madgraph-pythia8_102.root
[step1.h] Finished initializing
RUN CONFIG: YEAR = 2017
Era = 
isMC = 1, isSig = 1, SigMass = 4
isHad =0, isSE =0, isSM =0
isTTTT = 0, isXX = 1, isTpTp = 0, isBpBp = 0
For W's: isTT = 0, isSTt = 0, isSTtW = 0
For jets & PDF: isTOP = 0, isMadgraphBkg = 1
For HOTTagger Efficiencies: isTTV = 0, isTTHbb = 0, isTTHnonbb = 0, isTTTX = 0
isTTVV = 0, isST = 0, isTTToSemiLeptonHT500Njet9 = 0
Pileup sample key: PairVLQ_x53x53_tWtW_narrow_RH_M1100_TuneCP5_13TeV-madgraph-pythia8
b-tagging working points: 0.304(DeepJet)0.4506(DeepCSV)
isTTincMtt0to700: 0
isTTincMtt0to1000: 0
isTTincMtt700to1000: 0
isTTincMtt1000toInf: 0
isTTSemilepIncHT0Njet0: 0
isTTSemilepIncHT500Njet9: 0
outTTLF: 0
outTTCC: 0
outTTBB: 0
outTT1B: 0
outTT2B: 0
>> Completed 0 out of 1006 events
[INFO] Defaulting to central deepJet weight for: nominal
>> Completed 1000 out of 1006 events
Nelectrons      = 476 / 1006
Npassed_ElEta   = 476 / 1006
Nmuons          = 530 / 1006
NrelIsoFail     = 0 / 1006
Npassed_MuEta   = 530 / 1006
Npassed_nAK8Jets= 1006 / 1006
Npassed_Trigger = 965 / 1006
Npassed_MET     = 870 / 1006
Npassed_lepPt   = 901 / 1006
Npassed_HT      = 1004 / 1006
npass_Njets     = 1005 / 1006
Npassed_ALL     = 779 / 1006

>> Running /isilon/hadoop/store/group/bruxljm/FWLJMET106XUL_singleLep2017UL_RunIISummer20_X53X53/PairVLQ_x53x53_tWtW_narrow_RH_M1100_TuneCP5_13TeV-madgraph-pythia8/singleLep2017UL/230310_181922/0000/PairVLQ_x53x53_tWtW_narrow_RH_M1100_TuneCP5_13TeV-madgraph-pythia8_103.root for shift: nominal
[step1.h] Opening file: /isilon/hadoop/store/group/bruxljm/FWLJMET106XUL_singleLep2017UL_RunIISummer20_X53X53/PairVLQ_x53x53_tWtW_narrow_RH_M1100_TuneCP5_13TeV-madgraph-pythia8/singleLep2017UL/230310_181922/0000/PairVLQ_x53x53_tWtW_narrow_RH_M1100_TuneCP5_13TeV-madgraph-pythia8_103.root
[step1.h] Finished initializing
RUN CONFIG: YEAR = 2017
Era = 
isMC = 1, isSig = 1, SigMass = 4
isHad =0, isSE =0, isSM =0
isTTTT = 0, isXX = 1, isTpTp = 0, isBpBp = 0
For W's: isTT = 0, isSTt = 0, isSTtW = 0
For jets & PDF: isTOP = 0, isMadgraphBkg = 1
For HOTTagger Efficiencies: isTTV = 0, isTTHbb = 0, isTTHnonbb = 0, isTTTX = 0
isTTVV = 0, isST = 0, isTTToSemiLeptonHT500Njet9 = 0
Pileup sample key: PairVLQ_x53x53_tWtW_narrow_RH_M1100_TuneCP5_13TeV-madgraph-pythia8
b-tagging working points: 0.304(DeepJet)0.4506(DeepCSV)
isTTincMtt0to700: 0
isTTincMtt0to1000: 0
isTTincMtt700to1000: 0
isTTincMtt1000toInf: 0
isTTSemilepIncHT0Njet0: 0
isTTSemilepIncHT500Njet9: 0
outTTLF: 0
outTTCC: 0
outTTBB: 0
outTT1B: 0
outTT2B: 0
>> Completed 0 out of 1088 events
[INFO] Defaulting to central deepJet weight for: nominal
>> Completed 1000 out of 1088 events
Nelectrons      = 492 / 1088
Npassed_ElEta   = 492 / 1088
Nmuons          = 596 / 1088
NrelIsoFail     = 0 / 1088
Npassed_MuEta   = 596 / 1088
Npassed_nAK8Jets= 1088 / 1088
Npassed_Trigger = 1054 / 1088
Npassed_MET     = 940 / 1088
Npassed_lepPt   = 982 / 1088
Npassed_HT      = 1086 / 1088
npass_Njets     = 1086 / 1088
Npassed_ALL     = 845 / 1088

>> Running /isilon/hadoop/store/group/bruxljm/FWLJMET106XUL_singleLep2017UL_RunIISummer20_X53X53/PairVLQ_x53x53_tWtW_narrow_RH_M1100_TuneCP5_13TeV-madgraph-pythia8/singleLep2017UL/230310_181922/0000/PairVLQ_x53x53_tWtW_narrow_RH_M1100_TuneCP5_13TeV-madgraph-pythia8_104.root for shift: nominal
[step1.h] Opening file: /isilon/hadoop/store/group/bruxljm/FWLJMET106XUL_singleLep2017UL_RunIISummer20_X53X53/PairVLQ_x53x53_tWtW_narrow_RH_M1100_TuneCP5_13TeV-madgraph-pythia8/singleLep2017UL/230310_181922/0000/PairVLQ_x53x53_tWtW_narrow_RH_M1100_TuneCP5_13TeV-madgraph-pythia8_104.root
[step1.h] Finished initializing
RUN CONFIG: YEAR = 2017
Era = 
isMC = 1, isSig = 1, SigMass = 4
isHad =0, isSE =0, isSM =0
isTTTT = 0, isXX = 1, isTpTp = 0, isBpBp = 0
For W's: isTT = 0, isSTt = 0, isSTtW = 0
For jets & PDF: isTOP = 0, isMadgraphBkg = 1
For HOTTagger Efficiencies: isTTV = 0, isTTHbb = 0, isTTHnonbb = 0, isTTTX = 0
isTTVV = 0, isST = 0, isTTToSemiLeptonHT500Njet9 = 0
Pileup sample key: PairVLQ_x53x53_tWtW_narrow_RH_M1100_TuneCP5_13TeV-madgraph-pythia8
b-tagging working points: 0.304(DeepJet)0.4506(DeepCSV)
isTTincMtt0to700: 0
isTTincMtt0to1000: 0
isTTincMtt700to1000: 0
isTTincMtt1000toInf: 0
isTTSemilepIncHT0Njet0: 0
isTTSemilepIncHT500Njet9: 0
outTTLF: 0
outTTCC: 0
outTTBB: 0
outTT1B: 0
outTT2B: 0
>> Completed 0 out of 1050 events
[INFO] Defaulting to central deepJet weight for: nominal
>> Completed 1000 out of 1050 events
Nelectrons      = 511 / 1050
Npassed_ElEta   = 511 / 1050
Nmuons          = 539 / 1050
NrelIsoFail     = 0 / 1050
Npassed_MuEta   = 539 / 1050
Npassed_nAK8Jets= 1050 / 1050
Npassed_Trigger = 1004 / 1050
Npassed_MET     = 890 / 1050
Npassed_lepPt   = 927 / 1050
Npassed_HT      = 1048 / 1050
npass_Njets     = 1047 / 1050
Npassed_ALL     = 784 / 1050

>> Running /isilon/hadoop/store/group/bruxljm/FWLJMET106XUL_singleLep2017UL_RunIISummer20_X53X53/PairVLQ_x53x53_tWtW_narrow_RH_M1100_TuneCP5_13TeV-madgraph-pythia8/singleLep2017UL/230310_181922/0000/PairVLQ_x53x53_tWtW_narrow_RH_M1100_TuneCP5_13TeV-madgraph-pythia8_105.root for shift: nominal
[step1.h] Opening file: /isilon/hadoop/store/group/bruxljm/FWLJMET106XUL_singleLep2017UL_RunIISummer20_X53X53/PairVLQ_x53x53_tWtW_narrow_RH_M1100_TuneCP5_13TeV-madgraph-pythia8/singleLep2017UL/230310_181922/0000/PairVLQ_x53x53_tWtW_narrow_RH_M1100_TuneCP5_13TeV-madgraph-pythia8_105.root
[step1.h] Finished initializing
RUN CONFIG: YEAR = 2017
Era = 
isMC = 1, isSig = 1, SigMass = 4
isHad =0, isSE =0, isSM =0
isTTTT = 0, isXX = 1, isTpTp = 0, isBpBp = 0
For W's: isTT = 0, isSTt = 0, isSTtW = 0
For jets & PDF: isTOP = 0, isMadgraphBkg = 1
For HOTTagger Efficiencies: isTTV = 0, isTTHbb = 0, isTTHnonbb = 0, isTTTX = 0
isTTVV = 0, isST = 0, isTTToSemiLeptonHT500Njet9 = 0
Pileup sample key: PairVLQ_x53x53_tWtW_narrow_RH_M1100_TuneCP5_13TeV-madgraph-pythia8
b-tagging working points: 0.304(DeepJet)0.4506(DeepCSV)
isTTincMtt0to700: 0
isTTincMtt0to1000: 0
isTTincMtt700to1000: 0
isTTincMtt1000toInf: 0
isTTSemilepIncHT0Njet0: 0
isTTSemilepIncHT500Njet9: 0
outTTLF: 0
outTTCC: 0
outTTBB: 0
outTT1B: 0
outTT2B: 0
>> Completed 0 out of 1082 events
[INFO] Defaulting to central deepJet weight for: nominal
>> Completed 1000 out of 1082 events
Nelectrons      = 524 / 1082
Npassed_ElEta   = 524 / 1082
Nmuons          = 558 / 1082
NrelIsoFail     = 0 / 1082
Npassed_MuEta   = 558 / 1082
Npassed_nAK8Jets= 1082 / 1082
Npassed_Trigger = 1047 / 1082
Npassed_MET     = 941 / 1082
Npassed_lepPt   = 952 / 1082
Npassed_HT      = 1082 / 1082
npass_Njets     = 1080 / 1082
Npassed_ALL     = 823 / 1082

>> Running /isilon/hadoop/store/group/bruxljm/FWLJMET106XUL_singleLep2017UL_RunIISummer20_X53X53/PairVLQ_x53x53_tWtW_narrow_RH_M1100_TuneCP5_13TeV-madgraph-pythia8/singleLep2017UL/230310_181922/0000/PairVLQ_x53x53_tWtW_narrow_RH_M1100_TuneCP5_13TeV-madgraph-pythia8_106.root for shift: nominal
[step1.h] Opening file: /isilon/hadoop/store/group/bruxljm/FWLJMET106XUL_singleLep2017UL_RunIISummer20_X53X53/PairVLQ_x53x53_tWtW_narrow_RH_M1100_TuneCP5_13TeV-madgraph-pythia8/singleLep2017UL/230310_181922/0000/PairVLQ_x53x53_tWtW_narrow_RH_M1100_TuneCP5_13TeV-madgraph-pythia8_106.root
[step1.h] Finished initializing
RUN CONFIG: YEAR = 2017
Era = 
isMC = 1, isSig = 1, SigMass = 4
isHad =0, isSE =0, isSM =0
isTTTT = 0, isXX = 1, isTpTp = 0, isBpBp = 0
For W's: isTT = 0, isSTt = 0, isSTtW = 0
For jets & PDF: isTOP = 0, isMadgraphBkg = 1
For HOTTagger Efficiencies: isTTV = 0, isTTHbb = 0, isTTHnonbb = 0, isTTTX = 0
isTTVV = 0, isST = 0, isTTToSemiLeptonHT500Njet9 = 0
Pileup sample key: PairVLQ_x53x53_tWtW_narrow_RH_M1100_TuneCP5_13TeV-madgraph-pythia8
b-tagging working points: 0.304(DeepJet)0.4506(DeepCSV)
isTTincMtt0to700: 0
isTTincMtt0to1000: 0
isTTincMtt700to1000: 0
isTTincMtt1000toInf: 0
isTTSemilepIncHT0Njet0: 0
isTTSemilepIncHT500Njet9: 0
outTTLF: 0
outTTCC: 0
outTTBB: 0
outTT1B: 0
outTT2B: 0
>> Completed 0 out of 1032 events
[INFO] Defaulting to central deepJet weight for: nominal
>> Completed 1000 out of 1032 events
Nelectrons      = 482 / 1032
Npassed_ElEta   = 482 / 1032
Nmuons          = 550 / 1032
NrelIsoFail     = 0 / 1032
Npassed_MuEta   = 550 / 1032
Npassed_nAK8Jets= 1032 / 1032
Npassed_Trigger = 997 / 1032
Npassed_MET     = 911 / 1032
Npassed_lepPt   = 931 / 1032
Npassed_HT      = 1029 / 1032
npass_Njets     = 1031 / 1032
Npassed_ALL     = 818 / 1032

>> Running /isilon/hadoop/store/group/bruxljm/FWLJMET106XUL_singleLep2017UL_RunIISummer20_X53X53/PairVLQ_x53x53_tWtW_narrow_RH_M1100_TuneCP5_13TeV-madgraph-pythia8/singleLep2017UL/230310_181922/0000/PairVLQ_x53x53_tWtW_narrow_RH_M1100_TuneCP5_13TeV-madgraph-pythia8_107.root for shift: nominal
[step1.h] Opening file: /isilon/hadoop/store/group/bruxljm/FWLJMET106XUL_singleLep2017UL_RunIISummer20_X53X53/PairVLQ_x53x53_tWtW_narrow_RH_M1100_TuneCP5_13TeV-madgraph-pythia8/singleLep2017UL/230310_181922/0000/PairVLQ_x53x53_tWtW_narrow_RH_M1100_TuneCP5_13TeV-madgraph-pythia8_107.root
[step1.h] Finished initializing
RUN CONFIG: YEAR = 2017
Era = 
isMC = 1, isSig = 1, SigMass = 4
isHad =0, isSE =0, isSM =0
isTTTT = 0, isXX = 1, isTpTp = 0, isBpBp = 0
For W's: isTT = 0, isSTt = 0, isSTtW = 0
For jets & PDF: isTOP = 0, isMadgraphBkg = 1
For HOTTagger Efficiencies: isTTV = 0, isTTHbb = 0, isTTHnonbb = 0, isTTTX = 0
isTTVV = 0, isST = 0, isTTToSemiLeptonHT500Njet9 = 0
Pileup sample key: PairVLQ_x53x53_tWtW_narrow_RH_M1100_TuneCP5_13TeV-madgraph-pythia8
b-tagging working points: 0.304(DeepJet)0.4506(DeepCSV)
isTTincMtt0to700: 0
isTTincMtt0to1000: 0
isTTincMtt700to1000: 0
isTTincMtt1000toInf: 0
isTTSemilepIncHT0Njet0: 0
isTTSemilepIncHT500Njet9: 0
outTTLF: 0
outTTCC: 0
outTTBB: 0
outTT1B: 0
outTT2B: 0
>> Completed 0 out of 1053 events
[INFO] Defaulting to central deepJet weight for: nominal
>> Completed 1000 out of 1053 events
Nelectrons      = 493 / 1053
Npassed_ElEta   = 493 / 1053
Nmuons          = 560 / 1053
NrelIsoFail     = 0 / 1053
Npassed_MuEta   = 560 / 1053
Npassed_nAK8Jets= 1053 / 1053
Npassed_Trigger = 1022 / 1053
Npassed_MET     = 916 / 1053
Npassed_lepPt   = 928 / 1053
Npassed_HT      = 1048 / 1053
npass_Njets     = 1046 / 1053
Npassed_ALL     = 799 / 1053

>> Running /isilon/hadoop/store/group/bruxljm/FWLJMET106XUL_singleLep2017UL_RunIISummer20_X53X53/PairVLQ_x53x53_tWtW_narrow_RH_M1100_TuneCP5_13TeV-madgraph-pythia8/singleLep2017UL/230310_181922/0000/PairVLQ_x53x53_tWtW_narrow_RH_M1100_TuneCP5_13TeV-madgraph-pythia8_108.root for shift: nominal
[step1.h] Opening file: /isilon/hadoop/store/group/bruxljm/FWLJMET106XUL_singleLep2017UL_RunIISummer20_X53X53/PairVLQ_x53x53_tWtW_narrow_RH_M1100_TuneCP5_13TeV-madgraph-pythia8/singleLep2017UL/230310_181922/0000/PairVLQ_x53x53_tWtW_narrow_RH_M1100_TuneCP5_13TeV-madgraph-pythia8_108.root
[step1.h] Finished initializing
RUN CONFIG: YEAR = 2017
Era = 
isMC = 1, isSig = 1, SigMass = 4
isHad =0, isSE =0, isSM =0
isTTTT = 0, isXX = 1, isTpTp = 0, isBpBp = 0
For W's: isTT = 0, isSTt = 0, isSTtW = 0
For jets & PDF: isTOP = 0, isMadgraphBkg = 1
For HOTTagger Efficiencies: isTTV = 0, isTTHbb = 0, isTTHnonbb = 0, isTTTX = 0
isTTVV = 0, isST = 0, isTTToSemiLeptonHT500Njet9 = 0
Pileup sample key: PairVLQ_x53x53_tWtW_narrow_RH_M1100_TuneCP5_13TeV-madgraph-pythia8
b-tagging working points: 0.304(DeepJet)0.4506(DeepCSV)
isTTincMtt0to700: 0
isTTincMtt0to1000: 0
isTTincMtt700to1000: 0
isTTincMtt1000toInf: 0
isTTSemilepIncHT0Njet0: 0
isTTSemilepIncHT500Njet9: 0
outTTLF: 0
outTTCC: 0
outTTBB: 0
outTT1B: 0
outTT2B: 0
>> Completed 0 out of 1056 events
[INFO] Defaulting to central deepJet weight for: nominal
>> Completed 1000 out of 1056 events
Nelectrons      = 496 / 1056
Npassed_ElEta   = 496 / 1056
Nmuons          = 560 / 1056
NrelIsoFail     = 0 / 1056
Npassed_MuEta   = 560 / 1056
Npassed_nAK8Jets= 1056 / 1056
Npassed_Trigger = 1023 / 1056
Npassed_MET     = 906 / 1056
Npassed_lepPt   = 945 / 1056
Npassed_HT      = 1052 / 1056
npass_Njets     = 1052 / 1056
Npassed_ALL     = 803 / 1056

>> Running /isilon/hadoop/store/group/bruxljm/FWLJMET106XUL_singleLep2017UL_RunIISummer20_X53X53/PairVLQ_x53x53_tWtW_narrow_RH_M1100_TuneCP5_13TeV-madgraph-pythia8/singleLep2017UL/230310_181922/0000/PairVLQ_x53x53_tWtW_narrow_RH_M1100_TuneCP5_13TeV-madgraph-pythia8_109.root for shift: nominal
[step1.h] Opening file: /isilon/hadoop/store/group/bruxljm/FWLJMET106XUL_singleLep2017UL_RunIISummer20_X53X53/PairVLQ_x53x53_tWtW_narrow_RH_M1100_TuneCP5_13TeV-madgraph-pythia8/singleLep2017UL/230310_181922/0000/PairVLQ_x53x53_tWtW_narrow_RH_M1100_TuneCP5_13TeV-madgraph-pythia8_109.root
[step1.h] Finished initializing
RUN CONFIG: YEAR = 2017
Era = 
isMC = 1, isSig = 1, SigMass = 4
isHad =0, isSE =0, isSM =0
isTTTT = 0, isXX = 1, isTpTp = 0, isBpBp = 0
For W's: isTT = 0, isSTt = 0, isSTtW = 0
For jets & PDF: isTOP = 0, isMadgraphBkg = 1
For HOTTagger Efficiencies: isTTV = 0, isTTHbb = 0, isTTHnonbb = 0, isTTTX = 0
isTTVV = 0, isST = 0, isTTToSemiLeptonHT500Njet9 = 0
Pileup sample key: PairVLQ_x53x53_tWtW_narrow_RH_M1100_TuneCP5_13TeV-madgraph-pythia8
b-tagging working points: 0.304(DeepJet)0.4506(DeepCSV)
isTTincMtt0to700: 0
isTTincMtt0to1000: 0
isTTincMtt700to1000: 0
isTTincMtt1000toInf: 0
isTTSemilepIncHT0Njet0: 0
isTTSemilepIncHT500Njet9: 0
outTTLF: 0
outTTCC: 0
outTTBB: 0
outTT1B: 0
outTT2B: 0
>> Completed 0 out of 1073 events
[INFO] Defaulting to central deepJet weight for: nominal
>> Completed 1000 out of 1073 events
Nelectrons      = 497 / 1073
Npassed_ElEta   = 497 / 1073
Nmuons          = 576 / 1073
NrelIsoFail     = 0 / 1073
Npassed_MuEta   = 576 / 1073
Npassed_nAK8Jets= 1073 / 1073
Npassed_Trigger = 1034 / 1073
Npassed_MET     = 928 / 1073
Npassed_lepPt   = 969 / 1073
Npassed_HT      = 1072 / 1073
npass_Njets     = 1071 / 1073
Npassed_ALL     = 840 / 1073

>> Running /isilon/hadoop/store/group/bruxljm/FWLJMET106XUL_singleLep2017UL_RunIISummer20_X53X53/PairVLQ_x53x53_tWtW_narrow_RH_M1100_TuneCP5_13TeV-madgraph-pythia8/singleLep2017UL/230310_181922/0000/PairVLQ_x53x53_tWtW_narrow_RH_M1100_TuneCP5_13TeV-madgraph-pythia8_11.root for shift: nominal
[step1.h] Opening file: /isilon/hadoop/store/group/bruxljm/FWLJMET106XUL_singleLep2017UL_RunIISummer20_X53X53/PairVLQ_x53x53_tWtW_narrow_RH_M1100_TuneCP5_13TeV-madgraph-pythia8/singleLep2017UL/230310_181922/0000/PairVLQ_x53x53_tWtW_narrow_RH_M1100_TuneCP5_13TeV-madgraph-pythia8_11.root
[step1.h] Finished initializing
RUN CONFIG: YEAR = 2017
Era = 
isMC = 1, isSig = 1, SigMass = 4
isHad =0, isSE =0, isSM =0
isTTTT = 0, isXX = 1, isTpTp = 0, isBpBp = 0
For W's: isTT = 0, isSTt = 0, isSTtW = 0
For jets & PDF: isTOP = 0, isMadgraphBkg = 1
For HOTTagger Efficiencies: isTTV = 0, isTTHbb = 0, isTTHnonbb = 0, isTTTX = 0
isTTVV = 0, isST = 0, isTTToSemiLeptonHT500Njet9 = 0
Pileup sample key: PairVLQ_x53x53_tWtW_narrow_RH_M1100_TuneCP5_13TeV-madgraph-pythia8
b-tagging working points: 0.304(DeepJet)0.4506(DeepCSV)
isTTincMtt0to700: 0
isTTincMtt0to1000: 0
isTTincMtt700to1000: 0
isTTincMtt1000toInf: 0
isTTSemilepIncHT0Njet0: 0
isTTSemilepIncHT500Njet9: 0
outTTLF: 0
outTTCC: 0
outTTBB: 0
outTT1B: 0
outTT2B: 0
>> Completed 0 out of 1059 events
[INFO] Defaulting to central deepJet weight for: nominal
>> Completed 1000 out of 1059 events
Nelectrons      = 461 / 1059
Npassed_ElEta   = 461 / 1059
Nmuons          = 598 / 1059
NrelIsoFail     = 0 / 1059
Npassed_MuEta   = 598 / 1059
Npassed_nAK8Jets= 1059 / 1059
Npassed_Trigger = 1013 / 1059
Npassed_MET     = 923 / 1059
Npassed_lepPt   = 951 / 1059
Npassed_HT      = 1056 / 1059
npass_Njets     = 1058 / 1059
Npassed_ALL     = 825 / 1059

>> Running /isilon/hadoop/store/group/bruxljm/FWLJMET106XUL_singleLep2017UL_RunIISummer20_X53X53/PairVLQ_x53x53_tWtW_narrow_RH_M1100_TuneCP5_13TeV-madgraph-pythia8/singleLep2017UL/230310_181922/0000/PairVLQ_x53x53_tWtW_narrow_RH_M1100_TuneCP5_13TeV-madgraph-pythia8_110.root for shift: nominal
[step1.h] Opening file: /isilon/hadoop/store/group/bruxljm/FWLJMET106XUL_singleLep2017UL_RunIISummer20_X53X53/PairVLQ_x53x53_tWtW_narrow_RH_M1100_TuneCP5_13TeV-madgraph-pythia8/singleLep2017UL/230310_181922/0000/PairVLQ_x53x53_tWtW_narrow_RH_M1100_TuneCP5_13TeV-madgraph-pythia8_110.root
[step1.h] Finished initializing
RUN CONFIG: YEAR = 2017
Era = 
isMC = 1, isSig = 1, SigMass = 4
isHad =0, isSE =0, isSM =0
isTTTT = 0, isXX = 1, isTpTp = 0, isBpBp = 0
For W's: isTT = 0, isSTt = 0, isSTtW = 0
For jets & PDF: isTOP = 0, isMadgraphBkg = 1
For HOTTagger Efficiencies: isTTV = 0, isTTHbb = 0, isTTHnonbb = 0, isTTTX = 0
isTTVV = 0, isST = 0, isTTToSemiLeptonHT500Njet9 = 0
Pileup sample key: PairVLQ_x53x53_tWtW_narrow_RH_M1100_TuneCP5_13TeV-madgraph-pythia8
b-tagging working points: 0.304(DeepJet)0.4506(DeepCSV)
isTTincMtt0to700: 0
isTTincMtt0to1000: 0
isTTincMtt700to1000: 0
isTTincMtt1000toInf: 0
isTTSemilepIncHT0Njet0: 0
isTTSemilepIncHT500Njet9: 0
outTTLF: 0
outTTCC: 0
outTTBB: 0
outTT1B: 0
outTT2B: 0
>> Completed 0 out of 1025 events
[INFO] Defaulting to central deepJet weight for: nominal
>> Completed 1000 out of 1025 events
Nelectrons      = 467 / 1025
Npassed_ElEta   = 467 / 1025
Nmuons          = 558 / 1025
NrelIsoFail     = 0 / 1025
Npassed_MuEta   = 558 / 1025
Npassed_nAK8Jets= 1025 / 1025
Npassed_Trigger = 990 / 1025
Npassed_MET     = 868 / 1025
Npassed_lepPt   = 913 / 1025
Npassed_HT      = 1023 / 1025
npass_Njets     = 1023 / 1025
Npassed_ALL     = 764 / 1025

>> Running /isilon/hadoop/store/group/bruxljm/FWLJMET106XUL_singleLep2017UL_RunIISummer20_X53X53/PairVLQ_x53x53_tWtW_narrow_RH_M1100_TuneCP5_13TeV-madgraph-pythia8/singleLep2017UL/230310_181922/0000/PairVLQ_x53x53_tWtW_narrow_RH_M1100_TuneCP5_13TeV-madgraph-pythia8_111.root for shift: nominal
[step1.h] Opening file: /isilon/hadoop/store/group/bruxljm/FWLJMET106XUL_singleLep2017UL_RunIISummer20_X53X53/PairVLQ_x53x53_tWtW_narrow_RH_M1100_TuneCP5_13TeV-madgraph-pythia8/singleLep2017UL/230310_181922/0000/PairVLQ_x53x53_tWtW_narrow_RH_M1100_TuneCP5_13TeV-madgraph-pythia8_111.root
[step1.h] Finished initializing
RUN CONFIG: YEAR = 2017
Era = 
isMC = 1, isSig = 1, SigMass = 4
isHad =0, isSE =0, isSM =0
isTTTT = 0, isXX = 1, isTpTp = 0, isBpBp = 0
For W's: isTT = 0, isSTt = 0, isSTtW = 0
For jets & PDF: isTOP = 0, isMadgraphBkg = 1
For HOTTagger Efficiencies: isTTV = 0, isTTHbb = 0, isTTHnonbb = 0, isTTTX = 0
isTTVV = 0, isST = 0, isTTToSemiLeptonHT500Njet9 = 0
Pileup sample key: PairVLQ_x53x53_tWtW_narrow_RH_M1100_TuneCP5_13TeV-madgraph-pythia8
b-tagging working points: 0.304(DeepJet)0.4506(DeepCSV)
isTTincMtt0to700: 0
isTTincMtt0to1000: 0
isTTincMtt700to1000: 0
isTTincMtt1000toInf: 0
isTTSemilepIncHT0Njet0: 0
isTTSemilepIncHT500Njet9: 0
outTTLF: 0
outTTCC: 0
outTTBB: 0
outTT1B: 0
outTT2B: 0
>> Completed 0 out of 1075 events
[INFO] Defaulting to central deepJet weight for: nominal
>> Completed 1000 out of 1075 events
Nelectrons      = 498 / 1075
Npassed_ElEta   = 498 / 1075
Nmuons          = 577 / 1075
NrelIsoFail     = 0 / 1075
Npassed_MuEta   = 577 / 1075
Npassed_nAK8Jets= 1075 / 1075
Npassed_Trigger = 1028 / 1075
Npassed_MET     = 945 / 1075
Npassed_lepPt   = 978 / 1075
Npassed_HT      = 1072 / 1075
npass_Njets     = 1071 / 1075
Npassed_ALL     = 851 / 1075

>> Running /isilon/hadoop/store/group/bruxljm/FWLJMET106XUL_singleLep2017UL_RunIISummer20_X53X53/PairVLQ_x53x53_tWtW_narrow_RH_M1100_TuneCP5_13TeV-madgraph-pythia8/singleLep2017UL/230310_181922/0000/PairVLQ_x53x53_tWtW_narrow_RH_M1100_TuneCP5_13TeV-madgraph-pythia8_112.root for shift: nominal
[step1.h] Opening file: /isilon/hadoop/store/group/bruxljm/FWLJMET106XUL_singleLep2017UL_RunIISummer20_X53X53/PairVLQ_x53x53_tWtW_narrow_RH_M1100_TuneCP5_13TeV-madgraph-pythia8/singleLep2017UL/230310_181922/0000/PairVLQ_x53x53_tWtW_narrow_RH_M1100_TuneCP5_13TeV-madgraph-pythia8_112.root
[step1.h] Finished initializing
RUN CONFIG: YEAR = 2017
Era = 
isMC = 1, isSig = 1, SigMass = 4
isHad =0, isSE =0, isSM =0
isTTTT = 0, isXX = 1, isTpTp = 0, isBpBp = 0
For W's: isTT = 0, isSTt = 0, isSTtW = 0
For jets & PDF: isTOP = 0, isMadgraphBkg = 1
For HOTTagger Efficiencies: isTTV = 0, isTTHbb = 0, isTTHnonbb = 0, isTTTX = 0
isTTVV = 0, isST = 0, isTTToSemiLeptonHT500Njet9 = 0
Pileup sample key: PairVLQ_x53x53_tWtW_narrow_RH_M1100_TuneCP5_13TeV-madgraph-pythia8
b-tagging working points: 0.304(DeepJet)0.4506(DeepCSV)
isTTincMtt0to700: 0
isTTincMtt0to1000: 0
isTTincMtt700to1000: 0
isTTincMtt1000toInf: 0
isTTSemilepIncHT0Njet0: 0
isTTSemilepIncHT500Njet9: 0
outTTLF: 0
outTTCC: 0
outTTBB: 0
outTT1B: 0
outTT2B: 0
>> Completed 0 out of 1086 events
[INFO] Defaulting to central deepJet weight for: nominal
>> Completed 1000 out of 1086 events
Nelectrons      = 506 / 1086
Npassed_ElEta   = 506 / 1086
Nmuons          = 580 / 1086
NrelIsoFail     = 0 / 1086
Npassed_MuEta   = 580 / 1086
Npassed_nAK8Jets= 1086 / 1086
Npassed_Trigger = 1048 / 1086
Npassed_MET     = 929 / 1086
Npassed_lepPt   = 973 / 1086
Npassed_HT      = 1083 / 1086
npass_Njets     = 1082 / 1086
Npassed_ALL     = 825 / 1086

>> Running /isilon/hadoop/store/group/bruxljm/FWLJMET106XUL_singleLep2017UL_RunIISummer20_X53X53/PairVLQ_x53x53_tWtW_narrow_RH_M1100_TuneCP5_13TeV-madgraph-pythia8/singleLep2017UL/230310_181922/0000/PairVLQ_x53x53_tWtW_narrow_RH_M1100_TuneCP5_13TeV-madgraph-pythia8_113.root for shift: nominal
[step1.h] Opening file: /isilon/hadoop/store/group/bruxljm/FWLJMET106XUL_singleLep2017UL_RunIISummer20_X53X53/PairVLQ_x53x53_tWtW_narrow_RH_M1100_TuneCP5_13TeV-madgraph-pythia8/singleLep2017UL/230310_181922/0000/PairVLQ_x53x53_tWtW_narrow_RH_M1100_TuneCP5_13TeV-madgraph-pythia8_113.root
[step1.h] Finished initializing
RUN CONFIG: YEAR = 2017
Era = 
isMC = 1, isSig = 1, SigMass = 4
isHad =0, isSE =0, isSM =0
isTTTT = 0, isXX = 1, isTpTp = 0, isBpBp = 0
For W's: isTT = 0, isSTt = 0, isSTtW = 0
For jets & PDF: isTOP = 0, isMadgraphBkg = 1
For HOTTagger Efficiencies: isTTV = 0, isTTHbb = 0, isTTHnonbb = 0, isTTTX = 0
isTTVV = 0, isST = 0, isTTToSemiLeptonHT500Njet9 = 0
Pileup sample key: PairVLQ_x53x53_tWtW_narrow_RH_M1100_TuneCP5_13TeV-madgraph-pythia8
b-tagging working points: 0.304(DeepJet)0.4506(DeepCSV)
isTTincMtt0to700: 0
isTTincMtt0to1000: 0
isTTincMtt700to1000: 0
isTTincMtt1000toInf: 0
isTTSemilepIncHT0Njet0: 0
isTTSemilepIncHT500Njet9: 0
outTTLF: 0
outTTCC: 0
outTTBB: 0
outTT1B: 0
outTT2B: 0
>> Completed 0 out of 1070 events
[INFO] Defaulting to central deepJet weight for: nominal
>> Completed 1000 out of 1070 events
Nelectrons      = 520 / 1070
Npassed_ElEta   = 520 / 1070
Nmuons          = 550 / 1070
NrelIsoFail     = 0 / 1070
Npassed_MuEta   = 550 / 1070
Npassed_nAK8Jets= 1070 / 1070
Npassed_Trigger = 1033 / 1070
Npassed_MET     = 922 / 1070
Npassed_lepPt   = 955 / 1070
Npassed_HT      = 1067 / 1070
npass_Njets     = 1066 / 1070
Npassed_ALL     = 820 / 1070

>> Running /isilon/hadoop/store/group/bruxljm/FWLJMET106XUL_singleLep2017UL_RunIISummer20_X53X53/PairVLQ_x53x53_tWtW_narrow_RH_M1100_TuneCP5_13TeV-madgraph-pythia8/singleLep2017UL/230310_181922/0000/PairVLQ_x53x53_tWtW_narrow_RH_M1100_TuneCP5_13TeV-madgraph-pythia8_114.root for shift: nominal
[step1.h] Opening file: /isilon/hadoop/store/group/bruxljm/FWLJMET106XUL_singleLep2017UL_RunIISummer20_X53X53/PairVLQ_x53x53_tWtW_narrow_RH_M1100_TuneCP5_13TeV-madgraph-pythia8/singleLep2017UL/230310_181922/0000/PairVLQ_x53x53_tWtW_narrow_RH_M1100_TuneCP5_13TeV-madgraph-pythia8_114.root
[step1.h] Finished initializing
RUN CONFIG: YEAR = 2017
Era = 
isMC = 1, isSig = 1, SigMass = 4
isHad =0, isSE =0, isSM =0
isTTTT = 0, isXX = 1, isTpTp = 0, isBpBp = 0
For W's: isTT = 0, isSTt = 0, isSTtW = 0
For jets & PDF: isTOP = 0, isMadgraphBkg = 1
For HOTTagger Efficiencies: isTTV = 0, isTTHbb = 0, isTTHnonbb = 0, isTTTX = 0
isTTVV = 0, isST = 0, isTTToSemiLeptonHT500Njet9 = 0
Pileup sample key: PairVLQ_x53x53_tWtW_narrow_RH_M1100_TuneCP5_13TeV-madgraph-pythia8
b-tagging working points: 0.304(DeepJet)0.4506(DeepCSV)
isTTincMtt0to700: 0
isTTincMtt0to1000: 0
isTTincMtt700to1000: 0
isTTincMtt1000toInf: 0
isTTSemilepIncHT0Njet0: 0
isTTSemilepIncHT500Njet9: 0
outTTLF: 0
outTTCC: 0
outTTBB: 0
outTT1B: 0
outTT2B: 0
>> Completed 0 out of 1036 events
[INFO] Defaulting to central deepJet weight for: nominal
>> Completed 1000 out of 1036 events
Nelectrons      = 495 / 1036
Npassed_ElEta   = 495 / 1036
Nmuons          = 541 / 1036
NrelIsoFail     = 0 / 1036
Npassed_MuEta   = 541 / 1036
Npassed_nAK8Jets= 1036 / 1036
Npassed_Trigger = 1004 / 1036
Npassed_MET     = 910 / 1036
Npassed_lepPt   = 943 / 1036
Npassed_HT      = 1032 / 1036
npass_Njets     = 1035 / 1036
Npassed_ALL     = 829 / 1036

>> Running /isilon/hadoop/store/group/bruxljm/FWLJMET106XUL_singleLep2017UL_RunIISummer20_X53X53/PairVLQ_x53x53_tWtW_narrow_RH_M1100_TuneCP5_13TeV-madgraph-pythia8/singleLep2017UL/230310_181922/0000/PairVLQ_x53x53_tWtW_narrow_RH_M1100_TuneCP5_13TeV-madgraph-pythia8_115.root for shift: nominal
[step1.h] Opening file: /isilon/hadoop/store/group/bruxljm/FWLJMET106XUL_singleLep2017UL_RunIISummer20_X53X53/PairVLQ_x53x53_tWtW_narrow_RH_M1100_TuneCP5_13TeV-madgraph-pythia8/singleLep2017UL/230310_181922/0000/PairVLQ_x53x53_tWtW_narrow_RH_M1100_TuneCP5_13TeV-madgraph-pythia8_115.root
[step1.h] Finished initializing
RUN CONFIG: YEAR = 2017
Era = 
isMC = 1, isSig = 1, SigMass = 4
isHad =0, isSE =0, isSM =0
isTTTT = 0, isXX = 1, isTpTp = 0, isBpBp = 0
For W's: isTT = 0, isSTt = 0, isSTtW = 0
For jets & PDF: isTOP = 0, isMadgraphBkg = 1
For HOTTagger Efficiencies: isTTV = 0, isTTHbb = 0, isTTHnonbb = 0, isTTTX = 0
isTTVV = 0, isST = 0, isTTToSemiLeptonHT500Njet9 = 0
Pileup sample key: PairVLQ_x53x53_tWtW_narrow_RH_M1100_TuneCP5_13TeV-madgraph-pythia8
b-tagging working points: 0.304(DeepJet)0.4506(DeepCSV)
isTTincMtt0to700: 0
isTTincMtt0to1000: 0
isTTincMtt700to1000: 0
isTTincMtt1000toInf: 0
isTTSemilepIncHT0Njet0: 0
isTTSemilepIncHT500Njet9: 0
outTTLF: 0
outTTCC: 0
outTTBB: 0
outTT1B: 0
outTT2B: 0
>> Completed 0 out of 1039 events
[INFO] Defaulting to central deepJet weight for: nominal
>> Completed 1000 out of 1039 events
Nelectrons      = 479 / 1039
Npassed_ElEta   = 479 / 1039
Nmuons          = 560 / 1039
NrelIsoFail     = 0 / 1039
Npassed_MuEta   = 560 / 1039
Npassed_nAK8Jets= 1039 / 1039
Npassed_Trigger = 1003 / 1039
Npassed_MET     = 878 / 1039
Npassed_lepPt   = 924 / 1039
Npassed_HT      = 1036 / 1039
npass_Njets     = 1037 / 1039
Npassed_ALL     = 774 / 1039

>> Running /isilon/hadoop/store/group/bruxljm/FWLJMET106XUL_singleLep2017UL_RunIISummer20_X53X53/PairVLQ_x53x53_tWtW_narrow_RH_M1100_TuneCP5_13TeV-madgraph-pythia8/singleLep2017UL/230310_181922/0000/PairVLQ_x53x53_tWtW_narrow_RH_M1100_TuneCP5_13TeV-madgraph-pythia8_116.root for shift: nominal
[step1.h] Opening file: /isilon/hadoop/store/group/bruxljm/FWLJMET106XUL_singleLep2017UL_RunIISummer20_X53X53/PairVLQ_x53x53_tWtW_narrow_RH_M1100_TuneCP5_13TeV-madgraph-pythia8/singleLep2017UL/230310_181922/0000/PairVLQ_x53x53_tWtW_narrow_RH_M1100_TuneCP5_13TeV-madgraph-pythia8_116.root
[step1.h] Finished initializing
RUN CONFIG: YEAR = 2017
Era = 
isMC = 1, isSig = 1, SigMass = 4
isHad =0, isSE =0, isSM =0
isTTTT = 0, isXX = 1, isTpTp = 0, isBpBp = 0
For W's: isTT = 0, isSTt = 0, isSTtW = 0
For jets & PDF: isTOP = 0, isMadgraphBkg = 1
For HOTTagger Efficiencies: isTTV = 0, isTTHbb = 0, isTTHnonbb = 0, isTTTX = 0
isTTVV = 0, isST = 0, isTTToSemiLeptonHT500Njet9 = 0
Pileup sample key: PairVLQ_x53x53_tWtW_narrow_RH_M1100_TuneCP5_13TeV-madgraph-pythia8
b-tagging working points: 0.304(DeepJet)0.4506(DeepCSV)
isTTincMtt0to700: 0
isTTincMtt0to1000: 0
isTTincMtt700to1000: 0
isTTincMtt1000toInf: 0
isTTSemilepIncHT0Njet0: 0
isTTSemilepIncHT500Njet9: 0
outTTLF: 0
outTTCC: 0
outTTBB: 0
outTT1B: 0
outTT2B: 0
>> Completed 0 out of 1054 events
[INFO] Defaulting to central deepJet weight for: nominal
>> Completed 1000 out of 1054 events
Nelectrons      = 465 / 1054
Npassed_ElEta   = 465 / 1054
Nmuons          = 589 / 1054
NrelIsoFail     = 0 / 1054
Npassed_MuEta   = 589 / 1054
Npassed_nAK8Jets= 1054 / 1054
Npassed_Trigger = 1028 / 1054
Npassed_MET     = 902 / 1054
Npassed_lepPt   = 932 / 1054
Npassed_HT      = 1050 / 1054
npass_Njets     = 1049 / 1054
Npassed_ALL     = 793 / 1054

>> Running /isilon/hadoop/store/group/bruxljm/FWLJMET106XUL_singleLep2017UL_RunIISummer20_X53X53/PairVLQ_x53x53_tWtW_narrow_RH_M1100_TuneCP5_13TeV-madgraph-pythia8/singleLep2017UL/230310_181922/0000/PairVLQ_x53x53_tWtW_narrow_RH_M1100_TuneCP5_13TeV-madgraph-pythia8_117.root for shift: nominal
[step1.h] Opening file: /isilon/hadoop/store/group/bruxljm/FWLJMET106XUL_singleLep2017UL_RunIISummer20_X53X53/PairVLQ_x53x53_tWtW_narrow_RH_M1100_TuneCP5_13TeV-madgraph-pythia8/singleLep2017UL/230310_181922/0000/PairVLQ_x53x53_tWtW_narrow_RH_M1100_TuneCP5_13TeV-madgraph-pythia8_117.root
[step1.h] Finished initializing
RUN CONFIG: YEAR = 2017
Era = 
isMC = 1, isSig = 1, SigMass = 4
isHad =0, isSE =0, isSM =0
isTTTT = 0, isXX = 1, isTpTp = 0, isBpBp = 0
For W's: isTT = 0, isSTt = 0, isSTtW = 0
For jets & PDF: isTOP = 0, isMadgraphBkg = 1
For HOTTagger Efficiencies: isTTV = 0, isTTHbb = 0, isTTHnonbb = 0, isTTTX = 0
isTTVV = 0, isST = 0, isTTToSemiLeptonHT500Njet9 = 0
Pileup sample key: PairVLQ_x53x53_tWtW_narrow_RH_M1100_TuneCP5_13TeV-madgraph-pythia8
b-tagging working points: 0.304(DeepJet)0.4506(DeepCSV)
isTTincMtt0to700: 0
isTTincMtt0to1000: 0
isTTincMtt700to1000: 0
isTTincMtt1000toInf: 0
isTTSemilepIncHT0Njet0: 0
isTTSemilepIncHT500Njet9: 0
outTTLF: 0
outTTCC: 0
outTTBB: 0
outTT1B: 0
outTT2B: 0
>> Completed 0 out of 1040 events
[INFO] Defaulting to central deepJet weight for: nominal
>> Completed 1000 out of 1040 events
Nelectrons      = 470 / 1040
Npassed_ElEta   = 470 / 1040
Nmuons          = 570 / 1040
NrelIsoFail     = 0 / 1040
Npassed_MuEta   = 570 / 1040
Npassed_nAK8Jets= 1040 / 1040
Npassed_Trigger = 1012 / 1040
Npassed_MET     = 903 / 1040
Npassed_lepPt   = 923 / 1040
Npassed_HT      = 1036 / 1040
npass_Njets     = 1038 / 1040
Npassed_ALL     = 798 / 1040

>> Running /isilon/hadoop/store/group/bruxljm/FWLJMET106XUL_singleLep2017UL_RunIISummer20_X53X53/PairVLQ_x53x53_tWtW_narrow_RH_M1100_TuneCP5_13TeV-madgraph-pythia8/singleLep2017UL/230310_181922/0000/PairVLQ_x53x53_tWtW_narrow_RH_M1100_TuneCP5_13TeV-madgraph-pythia8_118.root for shift: nominal
[step1.h] Opening file: /isilon/hadoop/store/group/bruxljm/FWLJMET106XUL_singleLep2017UL_RunIISummer20_X53X53/PairVLQ_x53x53_tWtW_narrow_RH_M1100_TuneCP5_13TeV-madgraph-pythia8/singleLep2017UL/230310_181922/0000/PairVLQ_x53x53_tWtW_narrow_RH_M1100_TuneCP5_13TeV-madgraph-pythia8_118.root
[step1.h] Finished initializing
RUN CONFIG: YEAR = 2017
Era = 
isMC = 1, isSig = 1, SigMass = 4
isHad =0, isSE =0, isSM =0
isTTTT = 0, isXX = 1, isTpTp = 0, isBpBp = 0
For W's: isTT = 0, isSTt = 0, isSTtW = 0
For jets & PDF: isTOP = 0, isMadgraphBkg = 1
For HOTTagger Efficiencies: isTTV = 0, isTTHbb = 0, isTTHnonbb = 0, isTTTX = 0
isTTVV = 0, isST = 0, isTTToSemiLeptonHT500Njet9 = 0
Pileup sample key: PairVLQ_x53x53_tWtW_narrow_RH_M1100_TuneCP5_13TeV-madgraph-pythia8
b-tagging working points: 0.304(DeepJet)0.4506(DeepCSV)
isTTincMtt0to700: 0
isTTincMtt0to1000: 0
isTTincMtt700to1000: 0
isTTincMtt1000toInf: 0
isTTSemilepIncHT0Njet0: 0
isTTSemilepIncHT500Njet9: 0
outTTLF: 0
outTTCC: 0
outTTBB: 0
outTT1B: 0
outTT2B: 0
>> Completed 0 out of 1035 events
[INFO] Defaulting to central deepJet weight for: nominal
>> Completed 1000 out of 1035 events
Nelectrons      = 461 / 1035
Npassed_ElEta   = 461 / 1035
Nmuons          = 574 / 1035
NrelIsoFail     = 0 / 1035
Npassed_MuEta   = 574 / 1035
Npassed_nAK8Jets= 1035 / 1035
Npassed_Trigger = 994 / 1035
Npassed_MET     = 889 / 1035
Npassed_lepPt   = 918 / 1035
Npassed_HT      = 1031 / 1035
npass_Njets     = 1030 / 1035
Npassed_ALL     = 777 / 1035

>> Running /isilon/hadoop/store/group/bruxljm/FWLJMET106XUL_singleLep2017UL_RunIISummer20_X53X53/PairVLQ_x53x53_tWtW_narrow_RH_M1100_TuneCP5_13TeV-madgraph-pythia8/singleLep2017UL/230310_181922/0000/PairVLQ_x53x53_tWtW_narrow_RH_M1100_TuneCP5_13TeV-madgraph-pythia8_119.root for shift: nominal
[step1.h] Opening file: /isilon/hadoop/store/group/bruxljm/FWLJMET106XUL_singleLep2017UL_RunIISummer20_X53X53/PairVLQ_x53x53_tWtW_narrow_RH_M1100_TuneCP5_13TeV-madgraph-pythia8/singleLep2017UL/230310_181922/0000/PairVLQ_x53x53_tWtW_narrow_RH_M1100_TuneCP5_13TeV-madgraph-pythia8_119.root
[step1.h] Finished initializing
RUN CONFIG: YEAR = 2017
Era = 
isMC = 1, isSig = 1, SigMass = 4
isHad =0, isSE =0, isSM =0
isTTTT = 0, isXX = 1, isTpTp = 0, isBpBp = 0
For W's: isTT = 0, isSTt = 0, isSTtW = 0
For jets & PDF: isTOP = 0, isMadgraphBkg = 1
For HOTTagger Efficiencies: isTTV = 0, isTTHbb = 0, isTTHnonbb = 0, isTTTX = 0
isTTVV = 0, isST = 0, isTTToSemiLeptonHT500Njet9 = 0
Pileup sample key: PairVLQ_x53x53_tWtW_narrow_RH_M1100_TuneCP5_13TeV-madgraph-pythia8
b-tagging working points: 0.304(DeepJet)0.4506(DeepCSV)
isTTincMtt0to700: 0
isTTincMtt0to1000: 0
isTTincMtt700to1000: 0
isTTincMtt1000toInf: 0
isTTSemilepIncHT0Njet0: 0
isTTSemilepIncHT500Njet9: 0
outTTLF: 0
outTTCC: 0
outTTBB: 0
outTT1B: 0
outTT2B: 0
>> Completed 0 out of 1048 events
[INFO] Defaulting to central deepJet weight for: nominal
>> Completed 1000 out of 1048 events
Nelectrons      = 489 / 1048
Npassed_ElEta   = 489 / 1048
Nmuons          = 559 / 1048
NrelIsoFail     = 0 / 1048
Npassed_MuEta   = 559 / 1048
Npassed_nAK8Jets= 1048 / 1048
Npassed_Trigger = 1017 / 1048
Npassed_MET     = 904 / 1048
Npassed_lepPt   = 930 / 1048
Npassed_HT      = 1043 / 1048
npass_Njets     = 1043 / 1048
Npassed_ALL     = 793 / 1048

>> Running /isilon/hadoop/store/group/bruxljm/FWLJMET106XUL_singleLep2017UL_RunIISummer20_X53X53/PairVLQ_x53x53_tWtW_narrow_RH_M1100_TuneCP5_13TeV-madgraph-pythia8/singleLep2017UL/230310_181922/0000/PairVLQ_x53x53_tWtW_narrow_RH_M1100_TuneCP5_13TeV-madgraph-pythia8_12.root for shift: nominal
[step1.h] Opening file: /isilon/hadoop/store/group/bruxljm/FWLJMET106XUL_singleLep2017UL_RunIISummer20_X53X53/PairVLQ_x53x53_tWtW_narrow_RH_M1100_TuneCP5_13TeV-madgraph-pythia8/singleLep2017UL/230310_181922/0000/PairVLQ_x53x53_tWtW_narrow_RH_M1100_TuneCP5_13TeV-madgraph-pythia8_12.root
[step1.h] Finished initializing
RUN CONFIG: YEAR = 2017
Era = 
isMC = 1, isSig = 1, SigMass = 4
isHad =0, isSE =0, isSM =0
isTTTT = 0, isXX = 1, isTpTp = 0, isBpBp = 0
For W's: isTT = 0, isSTt = 0, isSTtW = 0
For jets & PDF: isTOP = 0, isMadgraphBkg = 1
For HOTTagger Efficiencies: isTTV = 0, isTTHbb = 0, isTTHnonbb = 0, isTTTX = 0
isTTVV = 0, isST = 0, isTTToSemiLeptonHT500Njet9 = 0
Pileup sample key: PairVLQ_x53x53_tWtW_narrow_RH_M1100_TuneCP5_13TeV-madgraph-pythia8
b-tagging working points: 0.304(DeepJet)0.4506(DeepCSV)
isTTincMtt0to700: 0
isTTincMtt0to1000: 0
isTTincMtt700to1000: 0
isTTincMtt1000toInf: 0
isTTSemilepIncHT0Njet0: 0
isTTSemilepIncHT500Njet9: 0
outTTLF: 0
outTTCC: 0
outTTBB: 0
outTT1B: 0
outTT2B: 0
>> Completed 0 out of 1037 events
[INFO] Defaulting to central deepJet weight for: nominal
>> Completed 1000 out of 1037 events
Nelectrons      = 467 / 1037
Npassed_ElEta   = 467 / 1037
Nmuons          = 570 / 1037
NrelIsoFail     = 0 / 1037
Npassed_MuEta   = 570 / 1037
Npassed_nAK8Jets= 1037 / 1037
Npassed_Trigger = 994 / 1037
Npassed_MET     = 900 / 1037
Npassed_lepPt   = 936 / 1037
Npassed_HT      = 1032 / 1037
npass_Njets     = 1034 / 1037
Npassed_ALL     = 807 / 1037

>> Running /isilon/hadoop/store/group/bruxljm/FWLJMET106XUL_singleLep2017UL_RunIISummer20_X53X53/PairVLQ_x53x53_tWtW_narrow_RH_M1100_TuneCP5_13TeV-madgraph-pythia8/singleLep2017UL/230310_181922/0000/PairVLQ_x53x53_tWtW_narrow_RH_M1100_TuneCP5_13TeV-madgraph-pythia8_120.root for shift: nominal
[step1.h] Opening file: /isilon/hadoop/store/group/bruxljm/FWLJMET106XUL_singleLep2017UL_RunIISummer20_X53X53/PairVLQ_x53x53_tWtW_narrow_RH_M1100_TuneCP5_13TeV-madgraph-pythia8/singleLep2017UL/230310_181922/0000/PairVLQ_x53x53_tWtW_narrow_RH_M1100_TuneCP5_13TeV-madgraph-pythia8_120.root
[step1.h] Finished initializing
RUN CONFIG: YEAR = 2017
Era = 
isMC = 1, isSig = 1, SigMass = 4
isHad =0, isSE =0, isSM =0
isTTTT = 0, isXX = 1, isTpTp = 0, isBpBp = 0
For W's: isTT = 0, isSTt = 0, isSTtW = 0
For jets & PDF: isTOP = 0, isMadgraphBkg = 1
For HOTTagger Efficiencies: isTTV = 0, isTTHbb = 0, isTTHnonbb = 0, isTTTX = 0
isTTVV = 0, isST = 0, isTTToSemiLeptonHT500Njet9 = 0
Pileup sample key: PairVLQ_x53x53_tWtW_narrow_RH_M1100_TuneCP5_13TeV-madgraph-pythia8
b-tagging working points: 0.304(DeepJet)0.4506(DeepCSV)
isTTincMtt0to700: 0
isTTincMtt0to1000: 0
isTTincMtt700to1000: 0
isTTincMtt1000toInf: 0
isTTSemilepIncHT0Njet0: 0
isTTSemilepIncHT500Njet9: 0
outTTLF: 0
outTTCC: 0
outTTBB: 0
outTT1B: 0
outTT2B: 0
>> Completed 0 out of 1068 events
[INFO] Defaulting to central deepJet weight for: nominal
>> Completed 1000 out of 1068 events
Nelectrons      = 524 / 1068
Npassed_ElEta   = 524 / 1068
Nmuons          = 544 / 1068
NrelIsoFail     = 0 / 1068
Npassed_MuEta   = 544 / 1068
Npassed_nAK8Jets= 1068 / 1068
Npassed_Trigger = 1036 / 1068
Npassed_MET     = 908 / 1068
Npassed_lepPt   = 938 / 1068
Npassed_HT      = 1065 / 1068
npass_Njets     = 1062 / 1068
Npassed_ALL     = 790 / 1068

>> Running /isilon/hadoop/store/group/bruxljm/FWLJMET106XUL_singleLep2017UL_RunIISummer20_X53X53/PairVLQ_x53x53_tWtW_narrow_RH_M1100_TuneCP5_13TeV-madgraph-pythia8/singleLep2017UL/230310_181922/0000/PairVLQ_x53x53_tWtW_narrow_RH_M1100_TuneCP5_13TeV-madgraph-pythia8_121.root for shift: nominal
[step1.h] Opening file: /isilon/hadoop/store/group/bruxljm/FWLJMET106XUL_singleLep2017UL_RunIISummer20_X53X53/PairVLQ_x53x53_tWtW_narrow_RH_M1100_TuneCP5_13TeV-madgraph-pythia8/singleLep2017UL/230310_181922/0000/PairVLQ_x53x53_tWtW_narrow_RH_M1100_TuneCP5_13TeV-madgraph-pythia8_121.root
[step1.h] Finished initializing
RUN CONFIG: YEAR = 2017
Era = 
isMC = 1, isSig = 1, SigMass = 4
isHad =0, isSE =0, isSM =0
isTTTT = 0, isXX = 1, isTpTp = 0, isBpBp = 0
For W's: isTT = 0, isSTt = 0, isSTtW = 0
For jets & PDF: isTOP = 0, isMadgraphBkg = 1
For HOTTagger Efficiencies: isTTV = 0, isTTHbb = 0, isTTHnonbb = 0, isTTTX = 0
isTTVV = 0, isST = 0, isTTToSemiLeptonHT500Njet9 = 0
Pileup sample key: PairVLQ_x53x53_tWtW_narrow_RH_M1100_TuneCP5_13TeV-madgraph-pythia8
b-tagging working points: 0.304(DeepJet)0.4506(DeepCSV)
isTTincMtt0to700: 0
isTTincMtt0to1000: 0
isTTincMtt700to1000: 0
isTTincMtt1000toInf: 0
isTTSemilepIncHT0Njet0: 0
isTTSemilepIncHT500Njet9: 0
outTTLF: 0
outTTCC: 0
outTTBB: 0
outTT1B: 0
outTT2B: 0
>> Completed 0 out of 1089 events
[INFO] Defaulting to central deepJet weight for: nominal
>> Completed 1000 out of 1089 events
Nelectrons      = 511 / 1089
Npassed_ElEta   = 511 / 1089
Nmuons          = 578 / 1089
NrelIsoFail     = 0 / 1089
Npassed_MuEta   = 578 / 1089
Npassed_nAK8Jets= 1089 / 1089
Npassed_Trigger = 1051 / 1089
Npassed_MET     = 930 / 1089
Npassed_lepPt   = 968 / 1089
Npassed_HT      = 1088 / 1089
npass_Njets     = 1086 / 1089
Npassed_ALL     = 826 / 1089

>> Running /isilon/hadoop/store/group/bruxljm/FWLJMET106XUL_singleLep2017UL_RunIISummer20_X53X53/PairVLQ_x53x53_tWtW_narrow_RH_M1100_TuneCP5_13TeV-madgraph-pythia8/singleLep2017UL/230310_181922/0000/PairVLQ_x53x53_tWtW_narrow_RH_M1100_TuneCP5_13TeV-madgraph-pythia8_122.root for shift: nominal
[step1.h] Opening file: /isilon/hadoop/store/group/bruxljm/FWLJMET106XUL_singleLep2017UL_RunIISummer20_X53X53/PairVLQ_x53x53_tWtW_narrow_RH_M1100_TuneCP5_13TeV-madgraph-pythia8/singleLep2017UL/230310_181922/0000/PairVLQ_x53x53_tWtW_narrow_RH_M1100_TuneCP5_13TeV-madgraph-pythia8_122.root
[step1.h] Finished initializing
RUN CONFIG: YEAR = 2017
Era = 
isMC = 1, isSig = 1, SigMass = 4
isHad =0, isSE =0, isSM =0
isTTTT = 0, isXX = 1, isTpTp = 0, isBpBp = 0
For W's: isTT = 0, isSTt = 0, isSTtW = 0
For jets & PDF: isTOP = 0, isMadgraphBkg = 1
For HOTTagger Efficiencies: isTTV = 0, isTTHbb = 0, isTTHnonbb = 0, isTTTX = 0
isTTVV = 0, isST = 0, isTTToSemiLeptonHT500Njet9 = 0
Pileup sample key: PairVLQ_x53x53_tWtW_narrow_RH_M1100_TuneCP5_13TeV-madgraph-pythia8
b-tagging working points: 0.304(DeepJet)0.4506(DeepCSV)
isTTincMtt0to700: 0
isTTincMtt0to1000: 0
isTTincMtt700to1000: 0
isTTincMtt1000toInf: 0
isTTSemilepIncHT0Njet0: 0
isTTSemilepIncHT500Njet9: 0
outTTLF: 0
outTTCC: 0
outTTBB: 0
outTT1B: 0
outTT2B: 0
>> Completed 0 out of 1090 events
[INFO] Defaulting to central deepJet weight for: nominal
>> Completed 1000 out of 1090 events
Nelectrons      = 522 / 1090
Npassed_ElEta   = 522 / 1090
Nmuons          = 568 / 1090
NrelIsoFail     = 0 / 1090
Npassed_MuEta   = 568 / 1090
Npassed_nAK8Jets= 1090 / 1090
Npassed_Trigger = 1041 / 1090
Npassed_MET     = 948 / 1090
Npassed_lepPt   = 989 / 1090
Npassed_HT      = 1086 / 1090
npass_Njets     = 1088 / 1090
Npassed_ALL     = 851 / 1090

>> Running /isilon/hadoop/store/group/bruxljm/FWLJMET106XUL_singleLep2017UL_RunIISummer20_X53X53/PairVLQ_x53x53_tWtW_narrow_RH_M1100_TuneCP5_13TeV-madgraph-pythia8/singleLep2017UL/230310_181922/0000/PairVLQ_x53x53_tWtW_narrow_RH_M1100_TuneCP5_13TeV-madgraph-pythia8_123.root for shift: nominal
[step1.h] Opening file: /isilon/hadoop/store/group/bruxljm/FWLJMET106XUL_singleLep2017UL_RunIISummer20_X53X53/PairVLQ_x53x53_tWtW_narrow_RH_M1100_TuneCP5_13TeV-madgraph-pythia8/singleLep2017UL/230310_181922/0000/PairVLQ_x53x53_tWtW_narrow_RH_M1100_TuneCP5_13TeV-madgraph-pythia8_123.root
[step1.h] Finished initializing
RUN CONFIG: YEAR = 2017
Era = 
isMC = 1, isSig = 1, SigMass = 4
isHad =0, isSE =0, isSM =0
isTTTT = 0, isXX = 1, isTpTp = 0, isBpBp = 0
For W's: isTT = 0, isSTt = 0, isSTtW = 0
For jets & PDF: isTOP = 0, isMadgraphBkg = 1
For HOTTagger Efficiencies: isTTV = 0, isTTHbb = 0, isTTHnonbb = 0, isTTTX = 0
isTTVV = 0, isST = 0, isTTToSemiLeptonHT500Njet9 = 0
Pileup sample key: PairVLQ_x53x53_tWtW_narrow_RH_M1100_TuneCP5_13TeV-madgraph-pythia8
b-tagging working points: 0.304(DeepJet)0.4506(DeepCSV)
isTTincMtt0to700: 0
isTTincMtt0to1000: 0
isTTincMtt700to1000: 0
isTTincMtt1000toInf: 0
isTTSemilepIncHT0Njet0: 0
isTTSemilepIncHT500Njet9: 0
outTTLF: 0
outTTCC: 0
outTTBB: 0
outTT1B: 0
outTT2B: 0
>> Completed 0 out of 1038 events
[INFO] Defaulting to central deepJet weight for: nominal
>> Completed 1000 out of 1038 events
Nelectrons      = 499 / 1038
Npassed_ElEta   = 499 / 1038
Nmuons          = 539 / 1038
NrelIsoFail     = 0 / 1038
Npassed_MuEta   = 539 / 1038
Npassed_nAK8Jets= 1038 / 1038
Npassed_Trigger = 994 / 1038
Npassed_MET     = 901 / 1038
Npassed_lepPt   = 927 / 1038
Npassed_HT      = 1036 / 1038
npass_Njets     = 1035 / 1038
Npassed_ALL     = 796 / 1038

>> Running /isilon/hadoop/store/group/bruxljm/FWLJMET106XUL_singleLep2017UL_RunIISummer20_X53X53/PairVLQ_x53x53_tWtW_narrow_RH_M1100_TuneCP5_13TeV-madgraph-pythia8/singleLep2017UL/230310_181922/0000/PairVLQ_x53x53_tWtW_narrow_RH_M1100_TuneCP5_13TeV-madgraph-pythia8_124.root for shift: nominal
[step1.h] Opening file: /isilon/hadoop/store/group/bruxljm/FWLJMET106XUL_singleLep2017UL_RunIISummer20_X53X53/PairVLQ_x53x53_tWtW_narrow_RH_M1100_TuneCP5_13TeV-madgraph-pythia8/singleLep2017UL/230310_181922/0000/PairVLQ_x53x53_tWtW_narrow_RH_M1100_TuneCP5_13TeV-madgraph-pythia8_124.root
[step1.h] Finished initializing
RUN CONFIG: YEAR = 2017
Era = 
isMC = 1, isSig = 1, SigMass = 4
isHad =0, isSE =0, isSM =0
isTTTT = 0, isXX = 1, isTpTp = 0, isBpBp = 0
For W's: isTT = 0, isSTt = 0, isSTtW = 0
For jets & PDF: isTOP = 0, isMadgraphBkg = 1
For HOTTagger Efficiencies: isTTV = 0, isTTHbb = 0, isTTHnonbb = 0, isTTTX = 0
isTTVV = 0, isST = 0, isTTToSemiLeptonHT500Njet9 = 0
Pileup sample key: PairVLQ_x53x53_tWtW_narrow_RH_M1100_TuneCP5_13TeV-madgraph-pythia8
b-tagging working points: 0.304(DeepJet)0.4506(DeepCSV)
isTTincMtt0to700: 0
isTTincMtt0to1000: 0
isTTincMtt700to1000: 0
isTTincMtt1000toInf: 0
isTTSemilepIncHT0Njet0: 0
isTTSemilepIncHT500Njet9: 0
outTTLF: 0
outTTCC: 0
outTTBB: 0
outTT1B: 0
outTT2B: 0
>> Completed 0 out of 1060 events
[INFO] Defaulting to central deepJet weight for: nominal
>> Completed 1000 out of 1060 events
Nelectrons      = 491 / 1060
Npassed_ElEta   = 491 / 1060
Nmuons          = 569 / 1060
NrelIsoFail     = 0 / 1060
Npassed_MuEta   = 569 / 1060
Npassed_nAK8Jets= 1060 / 1060
Npassed_Trigger = 1034 / 1060
Npassed_MET     = 896 / 1060
Npassed_lepPt   = 943 / 1060
Npassed_HT      = 1058 / 1060
npass_Njets     = 1053 / 1060
Npassed_ALL     = 790 / 1060

>> Running /isilon/hadoop/store/group/bruxljm/FWLJMET106XUL_singleLep2017UL_RunIISummer20_X53X53/PairVLQ_x53x53_tWtW_narrow_RH_M1100_TuneCP5_13TeV-madgraph-pythia8/singleLep2017UL/230310_181922/0000/PairVLQ_x53x53_tWtW_narrow_RH_M1100_TuneCP5_13TeV-madgraph-pythia8_125.root for shift: nominal
[step1.h] Opening file: /isilon/hadoop/store/group/bruxljm/FWLJMET106XUL_singleLep2017UL_RunIISummer20_X53X53/PairVLQ_x53x53_tWtW_narrow_RH_M1100_TuneCP5_13TeV-madgraph-pythia8/singleLep2017UL/230310_181922/0000/PairVLQ_x53x53_tWtW_narrow_RH_M1100_TuneCP5_13TeV-madgraph-pythia8_125.root
[step1.h] Finished initializing
RUN CONFIG: YEAR = 2017
Era = 
isMC = 1, isSig = 1, SigMass = 4
isHad =0, isSE =0, isSM =0
isTTTT = 0, isXX = 1, isTpTp = 0, isBpBp = 0
For W's: isTT = 0, isSTt = 0, isSTtW = 0
For jets & PDF: isTOP = 0, isMadgraphBkg = 1
For HOTTagger Efficiencies: isTTV = 0, isTTHbb = 0, isTTHnonbb = 0, isTTTX = 0
isTTVV = 0, isST = 0, isTTToSemiLeptonHT500Njet9 = 0
Pileup sample key: PairVLQ_x53x53_tWtW_narrow_RH_M1100_TuneCP5_13TeV-madgraph-pythia8
b-tagging working points: 0.304(DeepJet)0.4506(DeepCSV)
isTTincMtt0to700: 0
isTTincMtt0to1000: 0
isTTincMtt700to1000: 0
isTTincMtt1000toInf: 0
isTTSemilepIncHT0Njet0: 0
isTTSemilepIncHT500Njet9: 0
outTTLF: 0
outTTCC: 0
outTTBB: 0
outTT1B: 0
outTT2B: 0
>> Completed 0 out of 1037 events
[INFO] Defaulting to central deepJet weight for: nominal
>> Completed 1000 out of 1037 events
Nelectrons      = 486 / 1037
Npassed_ElEta   = 486 / 1037
Nmuons          = 551 / 1037
NrelIsoFail     = 0 / 1037
Npassed_MuEta   = 551 / 1037
Npassed_nAK8Jets= 1037 / 1037
Npassed_Trigger = 987 / 1037
Npassed_MET     = 904 / 1037
Npassed_lepPt   = 919 / 1037
Npassed_HT      = 1035 / 1037
npass_Njets     = 1037 / 1037
Npassed_ALL     = 802 / 1037
>> Available ROOT Files:
-rw-r--r-- 1 fsimpson gridusers 2836928 Apr 24 09:10 PairVLQ_x53x53_tWtW_narrow_RH_M1100_TuneCP5_13TeV-madgraph-pythia8_100nominal.root
-rw-r--r-- 1 fsimpson gridusers 2964516 Apr 24 09:10 PairVLQ_x53x53_tWtW_narrow_RH_M1100_TuneCP5_13TeV-madgraph-pythia8_101nominal.root
-rw-r--r-- 1 fsimpson gridusers 2773707 Apr 24 09:10 PairVLQ_x53x53_tWtW_narrow_RH_M1100_TuneCP5_13TeV-madgraph-pythia8_102nominal.root
-rw-r--r-- 1 fsimpson gridusers 2969204 Apr 24 09:10 PairVLQ_x53x53_tWtW_narrow_RH_M1100_TuneCP5_13TeV-madgraph-pythia8_103nominal.root
-rw-r--r-- 1 fsimpson gridusers 2815963 Apr 24 09:10 PairVLQ_x53x53_tWtW_narrow_RH_M1100_TuneCP5_13TeV-madgraph-pythia8_104nominal.root
-rw-r--r-- 1 fsimpson gridusers 2939198 Apr 24 09:10 PairVLQ_x53x53_tWtW_narrow_RH_M1100_TuneCP5_13TeV-madgraph-pythia8_105nominal.root
-rw-r--r-- 1 fsimpson gridusers 2902639 Apr 24 09:10 PairVLQ_x53x53_tWtW_narrow_RH_M1100_TuneCP5_13TeV-madgraph-pythia8_106nominal.root
-rw-r--r-- 1 fsimpson gridusers 2851342 Apr 24 09:10 PairVLQ_x53x53_tWtW_narrow_RH_M1100_TuneCP5_13TeV-madgraph-pythia8_107nominal.root
-rw-r--r-- 1 fsimpson gridusers 2837066 Apr 24 09:10 PairVLQ_x53x53_tWtW_narrow_RH_M1100_TuneCP5_13TeV-madgraph-pythia8_108nominal.root
-rw-r--r-- 1 fsimpson gridusers 2955796 Apr 24 09:10 PairVLQ_x53x53_tWtW_narrow_RH_M1100_TuneCP5_13TeV-madgraph-pythia8_109nominal.root
-rw-r--r-- 1 fsimpson gridusers 2868760 Apr 24 09:10 PairVLQ_x53x53_tWtW_narrow_RH_M1100_TuneCP5_13TeV-madgraph-pythia8_10nominal.root
-rw-r--r-- 1 fsimpson gridusers 2737650 Apr 24 09:10 PairVLQ_x53x53_tWtW_narrow_RH_M1100_TuneCP5_13TeV-madgraph-pythia8_110nominal.root
-rw-r--r-- 1 fsimpson gridusers 2973437 Apr 24 09:10 PairVLQ_x53x53_tWtW_narrow_RH_M1100_TuneCP5_13TeV-madgraph-pythia8_111nominal.root
-rw-r--r-- 1 fsimpson gridusers 2938439 Apr 24 09:10 PairVLQ_x53x53_tWtW_narrow_RH_M1100_TuneCP5_13TeV-madgraph-pythia8_112nominal.root
-rw-r--r-- 1 fsimpson gridusers 2853349 Apr 24 09:10 PairVLQ_x53x53_tWtW_narrow_RH_M1100_TuneCP5_13TeV-madgraph-pythia8_113nominal.root
-rw-r--r-- 1 fsimpson gridusers 2925460 Apr 24 09:10 PairVLQ_x53x53_tWtW_narrow_RH_M1100_TuneCP5_13TeV-madgraph-pythia8_114nominal.root
-rw-r--r-- 1 fsimpson gridusers 2707432 Apr 24 09:10 PairVLQ_x53x53_tWtW_narrow_RH_M1100_TuneCP5_13TeV-madgraph-pythia8_115nominal.root
-rw-r--r-- 1 fsimpson gridusers 2756757 Apr 24 09:10 PairVLQ_x53x53_tWtW_narrow_RH_M1100_TuneCP5_13TeV-madgraph-pythia8_116nominal.root
-rw-r--r-- 1 fsimpson gridusers 2792496 Apr 24 09:10 PairVLQ_x53x53_tWtW_narrow_RH_M1100_TuneCP5_13TeV-madgraph-pythia8_117nominal.root
-rw-r--r-- 1 fsimpson gridusers 2770930 Apr 24 09:10 PairVLQ_x53x53_tWtW_narrow_RH_M1100_TuneCP5_13TeV-madgraph-pythia8_118nominal.root
-rw-r--r-- 1 fsimpson gridusers 2803484 Apr 24 09:10 PairVLQ_x53x53_tWtW_narrow_RH_M1100_TuneCP5_13TeV-madgraph-pythia8_119nominal.root
-rw-r--r-- 1 fsimpson gridusers 2864895 Apr 24 09:10 PairVLQ_x53x53_tWtW_narrow_RH_M1100_TuneCP5_13TeV-madgraph-pythia8_11nominal.root
-rw-r--r-- 1 fsimpson gridusers 2803036 Apr 24 09:10 PairVLQ_x53x53_tWtW_narrow_RH_M1100_TuneCP5_13TeV-madgraph-pythia8_120nominal.root
-rw-r--r-- 1 fsimpson gridusers 2931725 Apr 24 09:10 PairVLQ_x53x53_tWtW_narrow_RH_M1100_TuneCP5_13TeV-madgraph-pythia8_121nominal.root
-rw-r--r-- 1 fsimpson gridusers 3014737 Apr 24 09:10 PairVLQ_x53x53_tWtW_narrow_RH_M1100_TuneCP5_13TeV-madgraph-pythia8_122nominal.root
-rw-r--r-- 1 fsimpson gridusers 2816529 Apr 24 09:10 PairVLQ_x53x53_tWtW_narrow_RH_M1100_TuneCP5_13TeV-madgraph-pythia8_123nominal.root
-rw-r--r-- 1 fsimpson gridusers 2806960 Apr 24 09:10 PairVLQ_x53x53_tWtW_narrow_RH_M1100_TuneCP5_13TeV-madgraph-pythia8_124nominal.root
-rw-r--r-- 1 fsimpson gridusers 2821307 Apr 24 09:10 PairVLQ_x53x53_tWtW_narrow_RH_M1100_TuneCP5_13TeV-madgraph-pythia8_125nominal.root
-rw-r--r-- 1 fsimpson gridusers 2807402 Apr 24 09:10 PairVLQ_x53x53_tWtW_narrow_RH_M1100_TuneCP5_13TeV-madgraph-pythia8_12nominal.root
-rw-r--r-- 1 fsimpson gridusers 2859877 Apr 24 09:10 PairVLQ_x53x53_tWtW_narrow_RH_M1100_TuneCP5_13TeV-madgraph-pythia8_1nominal.root
>> xrdcp output for condor
hadd Target file: PairVLQ_x53x53_tWtW_narrow_RH_M1100_TuneCP5_13TeV-madgraph-pythia8_1nominal_hadd.root
hadd compression setting for all ouput: 1
hadd Source file 1: PairVLQ_x53x53_tWtW_narrow_RH_M1100_TuneCP5_13TeV-madgraph-pythia8_100nominal.root
hadd Source file 2: PairVLQ_x53x53_tWtW_narrow_RH_M1100_TuneCP5_13TeV-madgraph-pythia8_101nominal.root
hadd Source file 3: PairVLQ_x53x53_tWtW_narrow_RH_M1100_TuneCP5_13TeV-madgraph-pythia8_102nominal.root
hadd Source file 4: PairVLQ_x53x53_tWtW_narrow_RH_M1100_TuneCP5_13TeV-madgraph-pythia8_103nominal.root
hadd Source file 5: PairVLQ_x53x53_tWtW_narrow_RH_M1100_TuneCP5_13TeV-madgraph-pythia8_104nominal.root
hadd Source file 6: PairVLQ_x53x53_tWtW_narrow_RH_M1100_TuneCP5_13TeV-madgraph-pythia8_105nominal.root
hadd Source file 7: PairVLQ_x53x53_tWtW_narrow_RH_M1100_TuneCP5_13TeV-madgraph-pythia8_106nominal.root
hadd Source file 8: PairVLQ_x53x53_tWtW_narrow_RH_M1100_TuneCP5_13TeV-madgraph-pythia8_107nominal.root
hadd Source file 9: PairVLQ_x53x53_tWtW_narrow_RH_M1100_TuneCP5_13TeV-madgraph-pythia8_108nominal.root
hadd Source file 10: PairVLQ_x53x53_tWtW_narrow_RH_M1100_TuneCP5_13TeV-madgraph-pythia8_109nominal.root
hadd Source file 11: PairVLQ_x53x53_tWtW_narrow_RH_M1100_TuneCP5_13TeV-madgraph-pythia8_10nominal.root
hadd Source file 12: PairVLQ_x53x53_tWtW_narrow_RH_M1100_TuneCP5_13TeV-madgraph-pythia8_110nominal.root
hadd Source file 13: PairVLQ_x53x53_tWtW_narrow_RH_M1100_TuneCP5_13TeV-madgraph-pythia8_111nominal.root
hadd Source file 14: PairVLQ_x53x53_tWtW_narrow_RH_M1100_TuneCP5_13TeV-madgraph-pythia8_112nominal.root
hadd Source file 15: PairVLQ_x53x53_tWtW_narrow_RH_M1100_TuneCP5_13TeV-madgraph-pythia8_113nominal.root
hadd Source file 16: PairVLQ_x53x53_tWtW_narrow_RH_M1100_TuneCP5_13TeV-madgraph-pythia8_114nominal.root
hadd Source file 17: PairVLQ_x53x53_tWtW_narrow_RH_M1100_TuneCP5_13TeV-madgraph-pythia8_115nominal.root
hadd Source file 18: PairVLQ_x53x53_tWtW_narrow_RH_M1100_TuneCP5_13TeV-madgraph-pythia8_116nominal.root
hadd Source file 19: PairVLQ_x53x53_tWtW_narrow_RH_M1100_TuneCP5_13TeV-madgraph-pythia8_117nominal.root
hadd Source file 20: PairVLQ_x53x53_tWtW_narrow_RH_M1100_TuneCP5_13TeV-madgraph-pythia8_118nominal.root
hadd Source file 21: PairVLQ_x53x53_tWtW_narrow_RH_M1100_TuneCP5_13TeV-madgraph-pythia8_119nominal.root
hadd Source file 22: PairVLQ_x53x53_tWtW_narrow_RH_M1100_TuneCP5_13TeV-madgraph-pythia8_11nominal.root
hadd Source file 23: PairVLQ_x53x53_tWtW_narrow_RH_M1100_TuneCP5_13TeV-madgraph-pythia8_120nominal.root
hadd Source file 24: PairVLQ_x53x53_tWtW_narrow_RH_M1100_TuneCP5_13TeV-madgraph-pythia8_121nominal.root
hadd Source file 25: PairVLQ_x53x53_tWtW_narrow_RH_M1100_TuneCP5_13TeV-madgraph-pythia8_122nominal.root
hadd Source file 26: PairVLQ_x53x53_tWtW_narrow_RH_M1100_TuneCP5_13TeV-madgraph-pythia8_123nominal.root
hadd Source file 27: PairVLQ_x53x53_tWtW_narrow_RH_M1100_TuneCP5_13TeV-madgraph-pythia8_124nominal.root
hadd Source file 28: PairVLQ_x53x53_tWtW_narrow_RH_M1100_TuneCP5_13TeV-madgraph-pythia8_125nominal.root
hadd Source file 29: PairVLQ_x53x53_tWtW_narrow_RH_M1100_TuneCP5_13TeV-madgraph-pythia8_12nominal.root
hadd Source file 30: PairVLQ_x53x53_tWtW_narrow_RH_M1100_TuneCP5_13TeV-madgraph-pythia8_1nominal.root
hadd Target path: PairVLQ_x53x53_tWtW_narrow_RH_M1100_TuneCP5_13TeV-madgraph-pythia8_1nominal_hadd.root:/
>> mv PairVLQ_x53x53_tWtW_narrow_RH_M1100_TuneCP5_13TeV-madgraph-pythia8_1nominal_hadd.root /isilon/hadoop/store/group/bruxljm/FWLJMET106XUL_singleLep2017UL_RunIISummer20_X53X53_step1/nominal/PairVLQ_x53x53_tWtW_narrow_RH_M1100_TuneCP5_13TeV-madgraph-pythia8/PairVLQ_x53x53_tWtW_narrow_RH_M1100_TuneCP5_13TeV-madgraph-pythia8_1.root
[DONE]
