/isilon/condor/hep106.hep.brown.edu/execute/dir_143044
>> Setting macroDir to PWD

Processing compile_step1.C...
>> Running on BRUX, PairVLQ_x53x53_tWtW_narrow_RH_M900_TuneCP5_13TeV-madgraph-pythia8 stored on BRUX
>> Input file path: /isilon/hadoop/store/group/bruxljm/FWLJMET106XUL_singleLep2017UL_RunIISummer20_X53X53/PairVLQ_x53x53_tWtW_narrow_RH_M900_TuneCP5_13TeV-madgraph-pythia8/singleLep2017UL/230310_183353/0000
>> Running step1 over list: 4 40 41 42 43 44 45 46 47 48 49 5 50 51 52 53 54 55 56 57 58 59 6 60 61 62 63 64 65 66
>> Adding PairVLQ_x53x53_tWtW_narrow_RH_M900_TuneCP5_13TeV-madgraph-pythia8_4.root to the list by reading PairVLQ_x53x53_tWtW_narrow_RH_M900_TuneCP5_13TeV-madgraph-pythia8_4
>> Adding PairVLQ_x53x53_tWtW_narrow_RH_M900_TuneCP5_13TeV-madgraph-pythia8_40.root to the list by reading PairVLQ_x53x53_tWtW_narrow_RH_M900_TuneCP5_13TeV-madgraph-pythia8_40
>> Adding PairVLQ_x53x53_tWtW_narrow_RH_M900_TuneCP5_13TeV-madgraph-pythia8_41.root to the list by reading PairVLQ_x53x53_tWtW_narrow_RH_M900_TuneCP5_13TeV-madgraph-pythia8_41
>> Adding PairVLQ_x53x53_tWtW_narrow_RH_M900_TuneCP5_13TeV-madgraph-pythia8_42.root to the list by reading PairVLQ_x53x53_tWtW_narrow_RH_M900_TuneCP5_13TeV-madgraph-pythia8_42
>> Adding PairVLQ_x53x53_tWtW_narrow_RH_M900_TuneCP5_13TeV-madgraph-pythia8_43.root to the list by reading PairVLQ_x53x53_tWtW_narrow_RH_M900_TuneCP5_13TeV-madgraph-pythia8_43
>> Adding PairVLQ_x53x53_tWtW_narrow_RH_M900_TuneCP5_13TeV-madgraph-pythia8_44.root to the list by reading PairVLQ_x53x53_tWtW_narrow_RH_M900_TuneCP5_13TeV-madgraph-pythia8_44
>> Adding PairVLQ_x53x53_tWtW_narrow_RH_M900_TuneCP5_13TeV-madgraph-pythia8_45.root to the list by reading PairVLQ_x53x53_tWtW_narrow_RH_M900_TuneCP5_13TeV-madgraph-pythia8_45
>> Adding PairVLQ_x53x53_tWtW_narrow_RH_M900_TuneCP5_13TeV-madgraph-pythia8_46.root to the list by reading PairVLQ_x53x53_tWtW_narrow_RH_M900_TuneCP5_13TeV-madgraph-pythia8_46
>> Adding PairVLQ_x53x53_tWtW_narrow_RH_M900_TuneCP5_13TeV-madgraph-pythia8_47.root to the list by reading PairVLQ_x53x53_tWtW_narrow_RH_M900_TuneCP5_13TeV-madgraph-pythia8_47
>> Adding PairVLQ_x53x53_tWtW_narrow_RH_M900_TuneCP5_13TeV-madgraph-pythia8_48.root to the list by reading PairVLQ_x53x53_tWtW_narrow_RH_M900_TuneCP5_13TeV-madgraph-pythia8_48
>> Adding PairVLQ_x53x53_tWtW_narrow_RH_M900_TuneCP5_13TeV-madgraph-pythia8_49.root to the list by reading PairVLQ_x53x53_tWtW_narrow_RH_M900_TuneCP5_13TeV-madgraph-pythia8_49
>> Adding PairVLQ_x53x53_tWtW_narrow_RH_M900_TuneCP5_13TeV-madgraph-pythia8_5.root to the list by reading PairVLQ_x53x53_tWtW_narrow_RH_M900_TuneCP5_13TeV-madgraph-pythia8_5
>> Adding PairVLQ_x53x53_tWtW_narrow_RH_M900_TuneCP5_13TeV-madgraph-pythia8_50.root to the list by reading PairVLQ_x53x53_tWtW_narrow_RH_M900_TuneCP5_13TeV-madgraph-pythia8_50
>> Adding PairVLQ_x53x53_tWtW_narrow_RH_M900_TuneCP5_13TeV-madgraph-pythia8_51.root to the list by reading PairVLQ_x53x53_tWtW_narrow_RH_M900_TuneCP5_13TeV-madgraph-pythia8_51
>> Adding PairVLQ_x53x53_tWtW_narrow_RH_M900_TuneCP5_13TeV-madgraph-pythia8_52.root to the list by reading PairVLQ_x53x53_tWtW_narrow_RH_M900_TuneCP5_13TeV-madgraph-pythia8_52
>> Adding PairVLQ_x53x53_tWtW_narrow_RH_M900_TuneCP5_13TeV-madgraph-pythia8_53.root to the list by reading PairVLQ_x53x53_tWtW_narrow_RH_M900_TuneCP5_13TeV-madgraph-pythia8_53
>> Adding PairVLQ_x53x53_tWtW_narrow_RH_M900_TuneCP5_13TeV-madgraph-pythia8_54.root to the list by reading PairVLQ_x53x53_tWtW_narrow_RH_M900_TuneCP5_13TeV-madgraph-pythia8_54
>> Adding PairVLQ_x53x53_tWtW_narrow_RH_M900_TuneCP5_13TeV-madgraph-pythia8_55.root to the list by reading PairVLQ_x53x53_tWtW_narrow_RH_M900_TuneCP5_13TeV-madgraph-pythia8_55
>> Adding PairVLQ_x53x53_tWtW_narrow_RH_M900_TuneCP5_13TeV-madgraph-pythia8_56.root to the list by reading PairVLQ_x53x53_tWtW_narrow_RH_M900_TuneCP5_13TeV-madgraph-pythia8_56
>> Adding PairVLQ_x53x53_tWtW_narrow_RH_M900_TuneCP5_13TeV-madgraph-pythia8_57.root to the list by reading PairVLQ_x53x53_tWtW_narrow_RH_M900_TuneCP5_13TeV-madgraph-pythia8_57
>> Adding PairVLQ_x53x53_tWtW_narrow_RH_M900_TuneCP5_13TeV-madgraph-pythia8_58.root to the list by reading PairVLQ_x53x53_tWtW_narrow_RH_M900_TuneCP5_13TeV-madgraph-pythia8_58
>> Adding PairVLQ_x53x53_tWtW_narrow_RH_M900_TuneCP5_13TeV-madgraph-pythia8_59.root to the list by reading PairVLQ_x53x53_tWtW_narrow_RH_M900_TuneCP5_13TeV-madgraph-pythia8_59
>> Adding PairVLQ_x53x53_tWtW_narrow_RH_M900_TuneCP5_13TeV-madgraph-pythia8_6.root to the list by reading PairVLQ_x53x53_tWtW_narrow_RH_M900_TuneCP5_13TeV-madgraph-pythia8_6
>> Adding PairVLQ_x53x53_tWtW_narrow_RH_M900_TuneCP5_13TeV-madgraph-pythia8_60.root to the list by reading PairVLQ_x53x53_tWtW_narrow_RH_M900_TuneCP5_13TeV-madgraph-pythia8_60
>> Adding PairVLQ_x53x53_tWtW_narrow_RH_M900_TuneCP5_13TeV-madgraph-pythia8_61.root to the list by reading PairVLQ_x53x53_tWtW_narrow_RH_M900_TuneCP5_13TeV-madgraph-pythia8_61
>> Adding PairVLQ_x53x53_tWtW_narrow_RH_M900_TuneCP5_13TeV-madgraph-pythia8_62.root to the list by reading PairVLQ_x53x53_tWtW_narrow_RH_M900_TuneCP5_13TeV-madgraph-pythia8_62
>> Adding PairVLQ_x53x53_tWtW_narrow_RH_M900_TuneCP5_13TeV-madgraph-pythia8_63.root to the list by reading PairVLQ_x53x53_tWtW_narrow_RH_M900_TuneCP5_13TeV-madgraph-pythia8_63
>> Adding PairVLQ_x53x53_tWtW_narrow_RH_M900_TuneCP5_13TeV-madgraph-pythia8_64.root to the list by reading PairVLQ_x53x53_tWtW_narrow_RH_M900_TuneCP5_13TeV-madgraph-pythia8_64
>> Adding PairVLQ_x53x53_tWtW_narrow_RH_M900_TuneCP5_13TeV-madgraph-pythia8_65.root to the list by reading PairVLQ_x53x53_tWtW_narrow_RH_M900_TuneCP5_13TeV-madgraph-pythia8_65
>> Adding PairVLQ_x53x53_tWtW_narrow_RH_M900_TuneCP5_13TeV-madgraph-pythia8_66.root to the list by reading PairVLQ_x53x53_tWtW_narrow_RH_M900_TuneCP5_13TeV-madgraph-pythia8_66
[OPT] Using deepCSV reshaping file: reshaping_deepCSV_106XUL17_v4.csv
[OPT] Using deepJet reshaping file: reshaping_deepJet_106XUL17_v4.csv

>> Running /isilon/hadoop/store/group/bruxljm/FWLJMET106XUL_singleLep2017UL_RunIISummer20_X53X53/PairVLQ_x53x53_tWtW_narrow_RH_M900_TuneCP5_13TeV-madgraph-pythia8/singleLep2017UL/230310_183353/0000/PairVLQ_x53x53_tWtW_narrow_RH_M900_TuneCP5_13TeV-madgraph-pythia8_4.root for shift: nominal
[step1.h] Opening file: /isilon/hadoop/store/group/bruxljm/FWLJMET106XUL_singleLep2017UL_RunIISummer20_X53X53/PairVLQ_x53x53_tWtW_narrow_RH_M900_TuneCP5_13TeV-madgraph-pythia8/singleLep2017UL/230310_183353/0000/PairVLQ_x53x53_tWtW_narrow_RH_M900_TuneCP5_13TeV-madgraph-pythia8_4.root
[step1.h] Finished initializing
RUN CONFIG: YEAR = 2017
Era = 
isMC = 1, isSig = 1, SigMass = 2
isHad =0, isSE =0, isSM =0
isTTTT = 0, isXX = 1, isTpTp = 0, isBpBp = 0
For W's: isTT = 0, isSTt = 0, isSTtW = 0
For jets & PDF: isTOP = 0, isMadgraphBkg = 1
For HOTTagger Efficiencies: isTTV = 0, isTTHbb = 0, isTTHnonbb = 0, isTTTX = 0
isTTVV = 0, isST = 0, isTTToSemiLeptonHT500Njet9 = 0
Pileup sample key: PairVLQ_x53x53_tWtW_narrow_RH_M900_TuneCP5_13TeV-madgraph-pythia8
b-tagging working points: 0.304(DeepJet)0.4506(DeepCSV)
isTTincMtt0to700: 0
isTTincMtt0to1000: 0
isTTincMtt700to1000: 0
isTTincMtt1000toInf: 0
isTTSemilepIncHT0Njet0: 0
isTTSemilepIncHT500Njet9: 0
outTTLF: 0
outTTCC: 0
outTTBB: 0
outTT1B: 0
outTT2B: 0
>> Completed 0 out of 1038 events
[INFO] Defaulting to central deepJet weight for: nominal
>> Completed 1000 out of 1038 events
Nelectrons      = 474 / 1038
Npassed_ElEta   = 474 / 1038
Nmuons          = 564 / 1038
NrelIsoFail     = 0 / 1038
Npassed_MuEta   = 564 / 1038
Npassed_nAK8Jets= 1038 / 1038
Npassed_Trigger = 998 / 1038
Npassed_MET     = 868 / 1038
Npassed_lepPt   = 879 / 1038
Npassed_HT      = 1029 / 1038
npass_Njets     = 1032 / 1038
Npassed_ALL     = 719 / 1038

>> Running /isilon/hadoop/store/group/bruxljm/FWLJMET106XUL_singleLep2017UL_RunIISummer20_X53X53/PairVLQ_x53x53_tWtW_narrow_RH_M900_TuneCP5_13TeV-madgraph-pythia8/singleLep2017UL/230310_183353/0000/PairVLQ_x53x53_tWtW_narrow_RH_M900_TuneCP5_13TeV-madgraph-pythia8_40.root for shift: nominal
[step1.h] Opening file: /isilon/hadoop/store/group/bruxljm/FWLJMET106XUL_singleLep2017UL_RunIISummer20_X53X53/PairVLQ_x53x53_tWtW_narrow_RH_M900_TuneCP5_13TeV-madgraph-pythia8/singleLep2017UL/230310_183353/0000/PairVLQ_x53x53_tWtW_narrow_RH_M900_TuneCP5_13TeV-madgraph-pythia8_40.root
[step1.h] Finished initializing
RUN CONFIG: YEAR = 2017
Era = 
isMC = 1, isSig = 1, SigMass = 2
isHad =0, isSE =0, isSM =0
isTTTT = 0, isXX = 1, isTpTp = 0, isBpBp = 0
For W's: isTT = 0, isSTt = 0, isSTtW = 0
For jets & PDF: isTOP = 0, isMadgraphBkg = 1
For HOTTagger Efficiencies: isTTV = 0, isTTHbb = 0, isTTHnonbb = 0, isTTTX = 0
isTTVV = 0, isST = 0, isTTToSemiLeptonHT500Njet9 = 0
Pileup sample key: PairVLQ_x53x53_tWtW_narrow_RH_M900_TuneCP5_13TeV-madgraph-pythia8
b-tagging working points: 0.304(DeepJet)0.4506(DeepCSV)
isTTincMtt0to700: 0
isTTincMtt0to1000: 0
isTTincMtt700to1000: 0
isTTincMtt1000toInf: 0
isTTSemilepIncHT0Njet0: 0
isTTSemilepIncHT500Njet9: 0
outTTLF: 0
outTTCC: 0
outTTBB: 0
outTT1B: 0
outTT2B: 0
>> Completed 0 out of 1058 events
[INFO] Defaulting to central deepJet weight for: nominal
>> Completed 1000 out of 1058 events
Nelectrons      = 466 / 1058
Npassed_ElEta   = 466 / 1058
Nmuons          = 592 / 1058
NrelIsoFail     = 0 / 1058
Npassed_MuEta   = 592 / 1058
Npassed_nAK8Jets= 1058 / 1058
Npassed_Trigger = 1027 / 1058
Npassed_MET     = 871 / 1058
Npassed_lepPt   = 915 / 1058
Npassed_HT      = 1051 / 1058
npass_Njets     = 1057 / 1058
Npassed_ALL     = 743 / 1058

>> Running /isilon/hadoop/store/group/bruxljm/FWLJMET106XUL_singleLep2017UL_RunIISummer20_X53X53/PairVLQ_x53x53_tWtW_narrow_RH_M900_TuneCP5_13TeV-madgraph-pythia8/singleLep2017UL/230310_183353/0000/PairVLQ_x53x53_tWtW_narrow_RH_M900_TuneCP5_13TeV-madgraph-pythia8_41.root for shift: nominal
[step1.h] Opening file: /isilon/hadoop/store/group/bruxljm/FWLJMET106XUL_singleLep2017UL_RunIISummer20_X53X53/PairVLQ_x53x53_tWtW_narrow_RH_M900_TuneCP5_13TeV-madgraph-pythia8/singleLep2017UL/230310_183353/0000/PairVLQ_x53x53_tWtW_narrow_RH_M900_TuneCP5_13TeV-madgraph-pythia8_41.root
[step1.h] Finished initializing
RUN CONFIG: YEAR = 2017
Era = 
isMC = 1, isSig = 1, SigMass = 2
isHad =0, isSE =0, isSM =0
isTTTT = 0, isXX = 1, isTpTp = 0, isBpBp = 0
For W's: isTT = 0, isSTt = 0, isSTtW = 0
For jets & PDF: isTOP = 0, isMadgraphBkg = 1
For HOTTagger Efficiencies: isTTV = 0, isTTHbb = 0, isTTHnonbb = 0, isTTTX = 0
isTTVV = 0, isST = 0, isTTToSemiLeptonHT500Njet9 = 0
Pileup sample key: PairVLQ_x53x53_tWtW_narrow_RH_M900_TuneCP5_13TeV-madgraph-pythia8
b-tagging working points: 0.304(DeepJet)0.4506(DeepCSV)
isTTincMtt0to700: 0
isTTincMtt0to1000: 0
isTTincMtt700to1000: 0
isTTincMtt1000toInf: 0
isTTSemilepIncHT0Njet0: 0
isTTSemilepIncHT500Njet9: 0
outTTLF: 0
outTTCC: 0
outTTBB: 0
outTT1B: 0
outTT2B: 0
>> Completed 0 out of 1079 events
[INFO] Defaulting to central deepJet weight for: nominal
>> Completed 1000 out of 1079 events
Nelectrons      = 509 / 1079
Npassed_ElEta   = 509 / 1079
Nmuons          = 570 / 1079
NrelIsoFail     = 0 / 1079
Npassed_MuEta   = 570 / 1079
Npassed_nAK8Jets= 1079 / 1079
Npassed_Trigger = 1033 / 1079
Npassed_MET     = 919 / 1079
Npassed_lepPt   = 947 / 1079
Npassed_HT      = 1067 / 1079
npass_Njets     = 1074 / 1079
Npassed_ALL     = 789 / 1079

>> Running /isilon/hadoop/store/group/bruxljm/FWLJMET106XUL_singleLep2017UL_RunIISummer20_X53X53/PairVLQ_x53x53_tWtW_narrow_RH_M900_TuneCP5_13TeV-madgraph-pythia8/singleLep2017UL/230310_183353/0000/PairVLQ_x53x53_tWtW_narrow_RH_M900_TuneCP5_13TeV-madgraph-pythia8_42.root for shift: nominal
[step1.h] Opening file: /isilon/hadoop/store/group/bruxljm/FWLJMET106XUL_singleLep2017UL_RunIISummer20_X53X53/PairVLQ_x53x53_tWtW_narrow_RH_M900_TuneCP5_13TeV-madgraph-pythia8/singleLep2017UL/230310_183353/0000/PairVLQ_x53x53_tWtW_narrow_RH_M900_TuneCP5_13TeV-madgraph-pythia8_42.root
[step1.h] Finished initializing
RUN CONFIG: YEAR = 2017
Era = 
isMC = 1, isSig = 1, SigMass = 2
isHad =0, isSE =0, isSM =0
isTTTT = 0, isXX = 1, isTpTp = 0, isBpBp = 0
For W's: isTT = 0, isSTt = 0, isSTtW = 0
For jets & PDF: isTOP = 0, isMadgraphBkg = 1
For HOTTagger Efficiencies: isTTV = 0, isTTHbb = 0, isTTHnonbb = 0, isTTTX = 0
isTTVV = 0, isST = 0, isTTToSemiLeptonHT500Njet9 = 0
Pileup sample key: PairVLQ_x53x53_tWtW_narrow_RH_M900_TuneCP5_13TeV-madgraph-pythia8
b-tagging working points: 0.304(DeepJet)0.4506(DeepCSV)
isTTincMtt0to700: 0
isTTincMtt0to1000: 0
isTTincMtt700to1000: 0
isTTincMtt1000toInf: 0
isTTSemilepIncHT0Njet0: 0
isTTSemilepIncHT500Njet9: 0
outTTLF: 0
outTTCC: 0
outTTBB: 0
outTT1B: 0
outTT2B: 0
>> Completed 0 out of 1002 events
[INFO] Defaulting to central deepJet weight for: nominal
>> Completed 1000 out of 1002 events
Nelectrons      = 498 / 1002
Npassed_ElEta   = 498 / 1002
Nmuons          = 504 / 1002
NrelIsoFail     = 0 / 1002
Npassed_MuEta   = 504 / 1002
Npassed_nAK8Jets= 1002 / 1002
Npassed_Trigger = 965 / 1002
Npassed_MET     = 810 / 1002
Npassed_lepPt   = 877 / 1002
Npassed_HT      = 996 / 1002
npass_Njets     = 999 / 1002
Npassed_ALL     = 702 / 1002

>> Running /isilon/hadoop/store/group/bruxljm/FWLJMET106XUL_singleLep2017UL_RunIISummer20_X53X53/PairVLQ_x53x53_tWtW_narrow_RH_M900_TuneCP5_13TeV-madgraph-pythia8/singleLep2017UL/230310_183353/0000/PairVLQ_x53x53_tWtW_narrow_RH_M900_TuneCP5_13TeV-madgraph-pythia8_43.root for shift: nominal
[step1.h] Opening file: /isilon/hadoop/store/group/bruxljm/FWLJMET106XUL_singleLep2017UL_RunIISummer20_X53X53/PairVLQ_x53x53_tWtW_narrow_RH_M900_TuneCP5_13TeV-madgraph-pythia8/singleLep2017UL/230310_183353/0000/PairVLQ_x53x53_tWtW_narrow_RH_M900_TuneCP5_13TeV-madgraph-pythia8_43.root
[step1.h] Finished initializing
RUN CONFIG: YEAR = 2017
Era = 
isMC = 1, isSig = 1, SigMass = 2
isHad =0, isSE =0, isSM =0
isTTTT = 0, isXX = 1, isTpTp = 0, isBpBp = 0
For W's: isTT = 0, isSTt = 0, isSTtW = 0
For jets & PDF: isTOP = 0, isMadgraphBkg = 1
For HOTTagger Efficiencies: isTTV = 0, isTTHbb = 0, isTTHnonbb = 0, isTTTX = 0
isTTVV = 0, isST = 0, isTTToSemiLeptonHT500Njet9 = 0
Pileup sample key: PairVLQ_x53x53_tWtW_narrow_RH_M900_TuneCP5_13TeV-madgraph-pythia8
b-tagging working points: 0.304(DeepJet)0.4506(DeepCSV)
isTTincMtt0to700: 0
isTTincMtt0to1000: 0
isTTincMtt700to1000: 0
isTTincMtt1000toInf: 0
isTTSemilepIncHT0Njet0: 0
isTTSemilepIncHT500Njet9: 0
outTTLF: 0
outTTCC: 0
outTTBB: 0
outTT1B: 0
outTT2B: 0
>> Completed 0 out of 1056 events
[INFO] Defaulting to central deepJet weight for: nominal
>> Completed 1000 out of 1056 events
Nelectrons      = 507 / 1056
Npassed_ElEta   = 507 / 1056
Nmuons          = 549 / 1056
NrelIsoFail     = 0 / 1056
Npassed_MuEta   = 549 / 1056
Npassed_nAK8Jets= 1056 / 1056
Npassed_Trigger = 1024 / 1056
Npassed_MET     = 855 / 1056
Npassed_lepPt   = 905 / 1056
Npassed_HT      = 1050 / 1056
npass_Njets     = 1049 / 1056
Npassed_ALL     = 725 / 1056

>> Running /isilon/hadoop/store/group/bruxljm/FWLJMET106XUL_singleLep2017UL_RunIISummer20_X53X53/PairVLQ_x53x53_tWtW_narrow_RH_M900_TuneCP5_13TeV-madgraph-pythia8/singleLep2017UL/230310_183353/0000/PairVLQ_x53x53_tWtW_narrow_RH_M900_TuneCP5_13TeV-madgraph-pythia8_44.root for shift: nominal
[step1.h] Opening file: /isilon/hadoop/store/group/bruxljm/FWLJMET106XUL_singleLep2017UL_RunIISummer20_X53X53/PairVLQ_x53x53_tWtW_narrow_RH_M900_TuneCP5_13TeV-madgraph-pythia8/singleLep2017UL/230310_183353/0000/PairVLQ_x53x53_tWtW_narrow_RH_M900_TuneCP5_13TeV-madgraph-pythia8_44.root
[step1.h] Finished initializing
RUN CONFIG: YEAR = 2017
Era = 
isMC = 1, isSig = 1, SigMass = 2
isHad =0, isSE =0, isSM =0
isTTTT = 0, isXX = 1, isTpTp = 0, isBpBp = 0
For W's: isTT = 0, isSTt = 0, isSTtW = 0
For jets & PDF: isTOP = 0, isMadgraphBkg = 1
For HOTTagger Efficiencies: isTTV = 0, isTTHbb = 0, isTTHnonbb = 0, isTTTX = 0
isTTVV = 0, isST = 0, isTTToSemiLeptonHT500Njet9 = 0
Pileup sample key: PairVLQ_x53x53_tWtW_narrow_RH_M900_TuneCP5_13TeV-madgraph-pythia8
b-tagging working points: 0.304(DeepJet)0.4506(DeepCSV)
isTTincMtt0to700: 0
isTTincMtt0to1000: 0
isTTincMtt700to1000: 0
isTTincMtt1000toInf: 0
isTTSemilepIncHT0Njet0: 0
isTTSemilepIncHT500Njet9: 0
outTTLF: 0
outTTCC: 0
outTTBB: 0
outTT1B: 0
outTT2B: 0
>> Completed 0 out of 1074 events
[INFO] Defaulting to central deepJet weight for: nominal
>> Completed 1000 out of 1074 events
Nelectrons      = 513 / 1074
Npassed_ElEta   = 513 / 1074
Nmuons          = 561 / 1074
NrelIsoFail     = 0 / 1074
Npassed_MuEta   = 561 / 1074
Npassed_nAK8Jets= 1074 / 1074
Npassed_Trigger = 1041 / 1074
Npassed_MET     = 909 / 1074
Npassed_lepPt   = 920 / 1074
Npassed_HT      = 1065 / 1074
npass_Njets     = 1071 / 1074
Npassed_ALL     = 764 / 1074

>> Running /isilon/hadoop/store/group/bruxljm/FWLJMET106XUL_singleLep2017UL_RunIISummer20_X53X53/PairVLQ_x53x53_tWtW_narrow_RH_M900_TuneCP5_13TeV-madgraph-pythia8/singleLep2017UL/230310_183353/0000/PairVLQ_x53x53_tWtW_narrow_RH_M900_TuneCP5_13TeV-madgraph-pythia8_45.root for shift: nominal
[step1.h] Opening file: /isilon/hadoop/store/group/bruxljm/FWLJMET106XUL_singleLep2017UL_RunIISummer20_X53X53/PairVLQ_x53x53_tWtW_narrow_RH_M900_TuneCP5_13TeV-madgraph-pythia8/singleLep2017UL/230310_183353/0000/PairVLQ_x53x53_tWtW_narrow_RH_M900_TuneCP5_13TeV-madgraph-pythia8_45.root
[step1.h] Finished initializing
RUN CONFIG: YEAR = 2017
Era = 
isMC = 1, isSig = 1, SigMass = 2
isHad =0, isSE =0, isSM =0
isTTTT = 0, isXX = 1, isTpTp = 0, isBpBp = 0
For W's: isTT = 0, isSTt = 0, isSTtW = 0
For jets & PDF: isTOP = 0, isMadgraphBkg = 1
For HOTTagger Efficiencies: isTTV = 0, isTTHbb = 0, isTTHnonbb = 0, isTTTX = 0
isTTVV = 0, isST = 0, isTTToSemiLeptonHT500Njet9 = 0
Pileup sample key: PairVLQ_x53x53_tWtW_narrow_RH_M900_TuneCP5_13TeV-madgraph-pythia8
b-tagging working points: 0.304(DeepJet)0.4506(DeepCSV)
isTTincMtt0to700: 0
isTTincMtt0to1000: 0
isTTincMtt700to1000: 0
isTTincMtt1000toInf: 0
isTTSemilepIncHT0Njet0: 0
isTTSemilepIncHT500Njet9: 0
outTTLF: 0
outTTCC: 0
outTTBB: 0
outTT1B: 0
outTT2B: 0
>> Completed 0 out of 1050 events
[INFO] Defaulting to central deepJet weight for: nominal
>> Completed 1000 out of 1050 events
Nelectrons      = 462 / 1050
Npassed_ElEta   = 462 / 1050
Nmuons          = 588 / 1050
NrelIsoFail     = 0 / 1050
Npassed_MuEta   = 588 / 1050
Npassed_nAK8Jets= 1050 / 1050
Npassed_Trigger = 1012 / 1050
Npassed_MET     = 868 / 1050
Npassed_lepPt   = 888 / 1050
Npassed_HT      = 1041 / 1050
npass_Njets     = 1043 / 1050
Npassed_ALL     = 717 / 1050

>> Running /isilon/hadoop/store/group/bruxljm/FWLJMET106XUL_singleLep2017UL_RunIISummer20_X53X53/PairVLQ_x53x53_tWtW_narrow_RH_M900_TuneCP5_13TeV-madgraph-pythia8/singleLep2017UL/230310_183353/0000/PairVLQ_x53x53_tWtW_narrow_RH_M900_TuneCP5_13TeV-madgraph-pythia8_46.root for shift: nominal
[step1.h] Opening file: /isilon/hadoop/store/group/bruxljm/FWLJMET106XUL_singleLep2017UL_RunIISummer20_X53X53/PairVLQ_x53x53_tWtW_narrow_RH_M900_TuneCP5_13TeV-madgraph-pythia8/singleLep2017UL/230310_183353/0000/PairVLQ_x53x53_tWtW_narrow_RH_M900_TuneCP5_13TeV-madgraph-pythia8_46.root
[step1.h] Finished initializing
RUN CONFIG: YEAR = 2017
Era = 
isMC = 1, isSig = 1, SigMass = 2
isHad =0, isSE =0, isSM =0
isTTTT = 0, isXX = 1, isTpTp = 0, isBpBp = 0
For W's: isTT = 0, isSTt = 0, isSTtW = 0
For jets & PDF: isTOP = 0, isMadgraphBkg = 1
For HOTTagger Efficiencies: isTTV = 0, isTTHbb = 0, isTTHnonbb = 0, isTTTX = 0
isTTVV = 0, isST = 0, isTTToSemiLeptonHT500Njet9 = 0
Pileup sample key: PairVLQ_x53x53_tWtW_narrow_RH_M900_TuneCP5_13TeV-madgraph-pythia8
b-tagging working points: 0.304(DeepJet)0.4506(DeepCSV)
isTTincMtt0to700: 0
isTTincMtt0to1000: 0
isTTincMtt700to1000: 0
isTTincMtt1000toInf: 0
isTTSemilepIncHT0Njet0: 0
isTTSemilepIncHT500Njet9: 0
outTTLF: 0
outTTCC: 0
outTTBB: 0
outTT1B: 0
outTT2B: 0
>> Completed 0 out of 1043 events
[INFO] Defaulting to central deepJet weight for: nominal
>> Completed 1000 out of 1043 events
Nelectrons      = 495 / 1043
Npassed_ElEta   = 495 / 1043
Nmuons          = 548 / 1043
NrelIsoFail     = 0 / 1043
Npassed_MuEta   = 548 / 1043
Npassed_nAK8Jets= 1043 / 1043
Npassed_Trigger = 1010 / 1043
Npassed_MET     = 867 / 1043
Npassed_lepPt   = 905 / 1043
Npassed_HT      = 1035 / 1043
npass_Njets     = 1041 / 1043
Npassed_ALL     = 751 / 1043

>> Running /isilon/hadoop/store/group/bruxljm/FWLJMET106XUL_singleLep2017UL_RunIISummer20_X53X53/PairVLQ_x53x53_tWtW_narrow_RH_M900_TuneCP5_13TeV-madgraph-pythia8/singleLep2017UL/230310_183353/0000/PairVLQ_x53x53_tWtW_narrow_RH_M900_TuneCP5_13TeV-madgraph-pythia8_47.root for shift: nominal
[step1.h] Opening file: /isilon/hadoop/store/group/bruxljm/FWLJMET106XUL_singleLep2017UL_RunIISummer20_X53X53/PairVLQ_x53x53_tWtW_narrow_RH_M900_TuneCP5_13TeV-madgraph-pythia8/singleLep2017UL/230310_183353/0000/PairVLQ_x53x53_tWtW_narrow_RH_M900_TuneCP5_13TeV-madgraph-pythia8_47.root
[step1.h] Finished initializing
RUN CONFIG: YEAR = 2017
Era = 
isMC = 1, isSig = 1, SigMass = 2
isHad =0, isSE =0, isSM =0
isTTTT = 0, isXX = 1, isTpTp = 0, isBpBp = 0
For W's: isTT = 0, isSTt = 0, isSTtW = 0
For jets & PDF: isTOP = 0, isMadgraphBkg = 1
For HOTTagger Efficiencies: isTTV = 0, isTTHbb = 0, isTTHnonbb = 0, isTTTX = 0
isTTVV = 0, isST = 0, isTTToSemiLeptonHT500Njet9 = 0
Pileup sample key: PairVLQ_x53x53_tWtW_narrow_RH_M900_TuneCP5_13TeV-madgraph-pythia8
b-tagging working points: 0.304(DeepJet)0.4506(DeepCSV)
isTTincMtt0to700: 0
isTTincMtt0to1000: 0
isTTincMtt700to1000: 0
isTTincMtt1000toInf: 0
isTTSemilepIncHT0Njet0: 0
isTTSemilepIncHT500Njet9: 0
outTTLF: 0
outTTCC: 0
outTTBB: 0
outTT1B: 0
outTT2B: 0
>> Completed 0 out of 1014 events
[INFO] Defaulting to central deepJet weight for: nominal
>> Completed 1000 out of 1014 events
Nelectrons      = 461 / 1014
Npassed_ElEta   = 461 / 1014
Nmuons          = 553 / 1014
NrelIsoFail     = 0 / 1014
Npassed_MuEta   = 553 / 1014
Npassed_nAK8Jets= 1014 / 1014
Npassed_Trigger = 973 / 1014
Npassed_MET     = 860 / 1014
Npassed_lepPt   = 869 / 1014
Npassed_HT      = 1004 / 1014
npass_Njets     = 1012 / 1014
Npassed_ALL     = 735 / 1014

>> Running /isilon/hadoop/store/group/bruxljm/FWLJMET106XUL_singleLep2017UL_RunIISummer20_X53X53/PairVLQ_x53x53_tWtW_narrow_RH_M900_TuneCP5_13TeV-madgraph-pythia8/singleLep2017UL/230310_183353/0000/PairVLQ_x53x53_tWtW_narrow_RH_M900_TuneCP5_13TeV-madgraph-pythia8_48.root for shift: nominal
[step1.h] Opening file: /isilon/hadoop/store/group/bruxljm/FWLJMET106XUL_singleLep2017UL_RunIISummer20_X53X53/PairVLQ_x53x53_tWtW_narrow_RH_M900_TuneCP5_13TeV-madgraph-pythia8/singleLep2017UL/230310_183353/0000/PairVLQ_x53x53_tWtW_narrow_RH_M900_TuneCP5_13TeV-madgraph-pythia8_48.root
[step1.h] Finished initializing
RUN CONFIG: YEAR = 2017
Era = 
isMC = 1, isSig = 1, SigMass = 2
isHad =0, isSE =0, isSM =0
isTTTT = 0, isXX = 1, isTpTp = 0, isBpBp = 0
For W's: isTT = 0, isSTt = 0, isSTtW = 0
For jets & PDF: isTOP = 0, isMadgraphBkg = 1
For HOTTagger Efficiencies: isTTV = 0, isTTHbb = 0, isTTHnonbb = 0, isTTTX = 0
isTTVV = 0, isST = 0, isTTToSemiLeptonHT500Njet9 = 0
Pileup sample key: PairVLQ_x53x53_tWtW_narrow_RH_M900_TuneCP5_13TeV-madgraph-pythia8
b-tagging working points: 0.304(DeepJet)0.4506(DeepCSV)
isTTincMtt0to700: 0
isTTincMtt0to1000: 0
isTTincMtt700to1000: 0
isTTincMtt1000toInf: 0
isTTSemilepIncHT0Njet0: 0
isTTSemilepIncHT500Njet9: 0
outTTLF: 0
outTTCC: 0
outTTBB: 0
outTT1B: 0
outTT2B: 0
>> Completed 0 out of 1043 events
[INFO] Defaulting to central deepJet weight for: nominal
>> Completed 1000 out of 1043 events
Nelectrons      = 511 / 1043
Npassed_ElEta   = 511 / 1043
Nmuons          = 532 / 1043
NrelIsoFail     = 0 / 1043
Npassed_MuEta   = 532 / 1043
Npassed_nAK8Jets= 1043 / 1043
Npassed_Trigger = 1007 / 1043
Npassed_MET     = 842 / 1043
Npassed_lepPt   = 899 / 1043
Npassed_HT      = 1034 / 1043
npass_Njets     = 1041 / 1043
Npassed_ALL     = 710 / 1043

>> Running /isilon/hadoop/store/group/bruxljm/FWLJMET106XUL_singleLep2017UL_RunIISummer20_X53X53/PairVLQ_x53x53_tWtW_narrow_RH_M900_TuneCP5_13TeV-madgraph-pythia8/singleLep2017UL/230310_183353/0000/PairVLQ_x53x53_tWtW_narrow_RH_M900_TuneCP5_13TeV-madgraph-pythia8_49.root for shift: nominal
[step1.h] Opening file: /isilon/hadoop/store/group/bruxljm/FWLJMET106XUL_singleLep2017UL_RunIISummer20_X53X53/PairVLQ_x53x53_tWtW_narrow_RH_M900_TuneCP5_13TeV-madgraph-pythia8/singleLep2017UL/230310_183353/0000/PairVLQ_x53x53_tWtW_narrow_RH_M900_TuneCP5_13TeV-madgraph-pythia8_49.root
[step1.h] Finished initializing
RUN CONFIG: YEAR = 2017
Era = 
isMC = 1, isSig = 1, SigMass = 2
isHad =0, isSE =0, isSM =0
isTTTT = 0, isXX = 1, isTpTp = 0, isBpBp = 0
For W's: isTT = 0, isSTt = 0, isSTtW = 0
For jets & PDF: isTOP = 0, isMadgraphBkg = 1
For HOTTagger Efficiencies: isTTV = 0, isTTHbb = 0, isTTHnonbb = 0, isTTTX = 0
isTTVV = 0, isST = 0, isTTToSemiLeptonHT500Njet9 = 0
Pileup sample key: PairVLQ_x53x53_tWtW_narrow_RH_M900_TuneCP5_13TeV-madgraph-pythia8
b-tagging working points: 0.304(DeepJet)0.4506(DeepCSV)
isTTincMtt0to700: 0
isTTincMtt0to1000: 0
isTTincMtt700to1000: 0
isTTincMtt1000toInf: 0
isTTSemilepIncHT0Njet0: 0
isTTSemilepIncHT500Njet9: 0
outTTLF: 0
outTTCC: 0
outTTBB: 0
outTT1B: 0
outTT2B: 0
>> Completed 0 out of 1023 events
[INFO] Defaulting to central deepJet weight for: nominal
>> Completed 1000 out of 1023 events
Nelectrons      = 498 / 1023
Npassed_ElEta   = 498 / 1023
Nmuons          = 525 / 1023
NrelIsoFail     = 0 / 1023
Npassed_MuEta   = 525 / 1023
Npassed_nAK8Jets= 1023 / 1023
Npassed_Trigger = 986 / 1023
Npassed_MET     = 842 / 1023
Npassed_lepPt   = 885 / 1023
Npassed_HT      = 1016 / 1023
npass_Njets     = 1020 / 1023
Npassed_ALL     = 722 / 1023

>> Running /isilon/hadoop/store/group/bruxljm/FWLJMET106XUL_singleLep2017UL_RunIISummer20_X53X53/PairVLQ_x53x53_tWtW_narrow_RH_M900_TuneCP5_13TeV-madgraph-pythia8/singleLep2017UL/230310_183353/0000/PairVLQ_x53x53_tWtW_narrow_RH_M900_TuneCP5_13TeV-madgraph-pythia8_5.root for shift: nominal
[step1.h] Opening file: /isilon/hadoop/store/group/bruxljm/FWLJMET106XUL_singleLep2017UL_RunIISummer20_X53X53/PairVLQ_x53x53_tWtW_narrow_RH_M900_TuneCP5_13TeV-madgraph-pythia8/singleLep2017UL/230310_183353/0000/PairVLQ_x53x53_tWtW_narrow_RH_M900_TuneCP5_13TeV-madgraph-pythia8_5.root
[step1.h] Finished initializing
RUN CONFIG: YEAR = 2017
Era = 
isMC = 1, isSig = 1, SigMass = 2
isHad =0, isSE =0, isSM =0
isTTTT = 0, isXX = 1, isTpTp = 0, isBpBp = 0
For W's: isTT = 0, isSTt = 0, isSTtW = 0
For jets & PDF: isTOP = 0, isMadgraphBkg = 1
For HOTTagger Efficiencies: isTTV = 0, isTTHbb = 0, isTTHnonbb = 0, isTTTX = 0
isTTVV = 0, isST = 0, isTTToSemiLeptonHT500Njet9 = 0
Pileup sample key: PairVLQ_x53x53_tWtW_narrow_RH_M900_TuneCP5_13TeV-madgraph-pythia8
b-tagging working points: 0.304(DeepJet)0.4506(DeepCSV)
isTTincMtt0to700: 0
isTTincMtt0to1000: 0
isTTincMtt700to1000: 0
isTTincMtt1000toInf: 0
isTTSemilepIncHT0Njet0: 0
isTTSemilepIncHT500Njet9: 0
outTTLF: 0
outTTCC: 0
outTTBB: 0
outTT1B: 0
outTT2B: 0
>> Completed 0 out of 1022 events
[INFO] Defaulting to central deepJet weight for: nominal
>> Completed 1000 out of 1022 events
Nelectrons      = 472 / 1022
Npassed_ElEta   = 472 / 1022
Nmuons          = 550 / 1022
NrelIsoFail     = 0 / 1022
Npassed_MuEta   = 550 / 1022
Npassed_nAK8Jets= 1022 / 1022
Npassed_Trigger = 990 / 1022
Npassed_MET     = 841 / 1022
Npassed_lepPt   = 873 / 1022
Npassed_HT      = 1017 / 1022
npass_Njets     = 1020 / 1022
Npassed_ALL     = 713 / 1022

>> Running /isilon/hadoop/store/group/bruxljm/FWLJMET106XUL_singleLep2017UL_RunIISummer20_X53X53/PairVLQ_x53x53_tWtW_narrow_RH_M900_TuneCP5_13TeV-madgraph-pythia8/singleLep2017UL/230310_183353/0000/PairVLQ_x53x53_tWtW_narrow_RH_M900_TuneCP5_13TeV-madgraph-pythia8_50.root for shift: nominal
[step1.h] Opening file: /isilon/hadoop/store/group/bruxljm/FWLJMET106XUL_singleLep2017UL_RunIISummer20_X53X53/PairVLQ_x53x53_tWtW_narrow_RH_M900_TuneCP5_13TeV-madgraph-pythia8/singleLep2017UL/230310_183353/0000/PairVLQ_x53x53_tWtW_narrow_RH_M900_TuneCP5_13TeV-madgraph-pythia8_50.root
[step1.h] Finished initializing
RUN CONFIG: YEAR = 2017
Era = 
isMC = 1, isSig = 1, SigMass = 2
isHad =0, isSE =0, isSM =0
isTTTT = 0, isXX = 1, isTpTp = 0, isBpBp = 0
For W's: isTT = 0, isSTt = 0, isSTtW = 0
For jets & PDF: isTOP = 0, isMadgraphBkg = 1
For HOTTagger Efficiencies: isTTV = 0, isTTHbb = 0, isTTHnonbb = 0, isTTTX = 0
isTTVV = 0, isST = 0, isTTToSemiLeptonHT500Njet9 = 0
Pileup sample key: PairVLQ_x53x53_tWtW_narrow_RH_M900_TuneCP5_13TeV-madgraph-pythia8
b-tagging working points: 0.304(DeepJet)0.4506(DeepCSV)
isTTincMtt0to700: 0
isTTincMtt0to1000: 0
isTTincMtt700to1000: 0
isTTincMtt1000toInf: 0
isTTSemilepIncHT0Njet0: 0
isTTSemilepIncHT500Njet9: 0
outTTLF: 0
outTTCC: 0
outTTBB: 0
outTT1B: 0
outTT2B: 0
>> Completed 0 out of 1051 events
[INFO] Defaulting to central deepJet weight for: nominal
>> Completed 1000 out of 1051 events
Nelectrons      = 499 / 1051
Npassed_ElEta   = 499 / 1051
Nmuons          = 552 / 1051
NrelIsoFail     = 0 / 1051
Npassed_MuEta   = 552 / 1051
Npassed_nAK8Jets= 1051 / 1051
Npassed_Trigger = 1018 / 1051
Npassed_MET     = 881 / 1051
Npassed_lepPt   = 917 / 1051
Npassed_HT      = 1042 / 1051
npass_Njets     = 1047 / 1051
Npassed_ALL     = 754 / 1051

>> Running /isilon/hadoop/store/group/bruxljm/FWLJMET106XUL_singleLep2017UL_RunIISummer20_X53X53/PairVLQ_x53x53_tWtW_narrow_RH_M900_TuneCP5_13TeV-madgraph-pythia8/singleLep2017UL/230310_183353/0000/PairVLQ_x53x53_tWtW_narrow_RH_M900_TuneCP5_13TeV-madgraph-pythia8_51.root for shift: nominal
[step1.h] Opening file: /isilon/hadoop/store/group/bruxljm/FWLJMET106XUL_singleLep2017UL_RunIISummer20_X53X53/PairVLQ_x53x53_tWtW_narrow_RH_M900_TuneCP5_13TeV-madgraph-pythia8/singleLep2017UL/230310_183353/0000/PairVLQ_x53x53_tWtW_narrow_RH_M900_TuneCP5_13TeV-madgraph-pythia8_51.root
[step1.h] Finished initializing
RUN CONFIG: YEAR = 2017
Era = 
isMC = 1, isSig = 1, SigMass = 2
isHad =0, isSE =0, isSM =0
isTTTT = 0, isXX = 1, isTpTp = 0, isBpBp = 0
For W's: isTT = 0, isSTt = 0, isSTtW = 0
For jets & PDF: isTOP = 0, isMadgraphBkg = 1
For HOTTagger Efficiencies: isTTV = 0, isTTHbb = 0, isTTHnonbb = 0, isTTTX = 0
isTTVV = 0, isST = 0, isTTToSemiLeptonHT500Njet9 = 0
Pileup sample key: PairVLQ_x53x53_tWtW_narrow_RH_M900_TuneCP5_13TeV-madgraph-pythia8
b-tagging working points: 0.304(DeepJet)0.4506(DeepCSV)
isTTincMtt0to700: 0
isTTincMtt0to1000: 0
isTTincMtt700to1000: 0
isTTincMtt1000toInf: 0
isTTSemilepIncHT0Njet0: 0
isTTSemilepIncHT500Njet9: 0
outTTLF: 0
outTTCC: 0
outTTBB: 0
outTT1B: 0
outTT2B: 0
>> Completed 0 out of 1059 events
[INFO] Defaulting to central deepJet weight for: nominal
>> Completed 1000 out of 1059 events
Nelectrons      = 463 / 1059
Npassed_ElEta   = 463 / 1059
Nmuons          = 596 / 1059
NrelIsoFail     = 0 / 1059
Npassed_MuEta   = 596 / 1059
Npassed_nAK8Jets= 1059 / 1059
Npassed_Trigger = 1017 / 1059
Npassed_MET     = 877 / 1059
Npassed_lepPt   = 907 / 1059
Npassed_HT      = 1055 / 1059
npass_Njets     = 1056 / 1059
Npassed_ALL     = 744 / 1059

>> Running /isilon/hadoop/store/group/bruxljm/FWLJMET106XUL_singleLep2017UL_RunIISummer20_X53X53/PairVLQ_x53x53_tWtW_narrow_RH_M900_TuneCP5_13TeV-madgraph-pythia8/singleLep2017UL/230310_183353/0000/PairVLQ_x53x53_tWtW_narrow_RH_M900_TuneCP5_13TeV-madgraph-pythia8_52.root for shift: nominal
[step1.h] Opening file: /isilon/hadoop/store/group/bruxljm/FWLJMET106XUL_singleLep2017UL_RunIISummer20_X53X53/PairVLQ_x53x53_tWtW_narrow_RH_M900_TuneCP5_13TeV-madgraph-pythia8/singleLep2017UL/230310_183353/0000/PairVLQ_x53x53_tWtW_narrow_RH_M900_TuneCP5_13TeV-madgraph-pythia8_52.root
[step1.h] Finished initializing
RUN CONFIG: YEAR = 2017
Era = 
isMC = 1, isSig = 1, SigMass = 2
isHad =0, isSE =0, isSM =0
isTTTT = 0, isXX = 1, isTpTp = 0, isBpBp = 0
For W's: isTT = 0, isSTt = 0, isSTtW = 0
For jets & PDF: isTOP = 0, isMadgraphBkg = 1
For HOTTagger Efficiencies: isTTV = 0, isTTHbb = 0, isTTHnonbb = 0, isTTTX = 0
isTTVV = 0, isST = 0, isTTToSemiLeptonHT500Njet9 = 0
Pileup sample key: PairVLQ_x53x53_tWtW_narrow_RH_M900_TuneCP5_13TeV-madgraph-pythia8
b-tagging working points: 0.304(DeepJet)0.4506(DeepCSV)
isTTincMtt0to700: 0
isTTincMtt0to1000: 0
isTTincMtt700to1000: 0
isTTincMtt1000toInf: 0
isTTSemilepIncHT0Njet0: 0
isTTSemilepIncHT500Njet9: 0
outTTLF: 0
outTTCC: 0
outTTBB: 0
outTT1B: 0
outTT2B: 0
>> Completed 0 out of 1025 events
[INFO] Defaulting to central deepJet weight for: nominal
>> Completed 1000 out of 1025 events
Nelectrons      = 454 / 1025
Npassed_ElEta   = 454 / 1025
Nmuons          = 571 / 1025
NrelIsoFail     = 0 / 1025
Npassed_MuEta   = 571 / 1025
Npassed_nAK8Jets= 1025 / 1025
Npassed_Trigger = 992 / 1025
Npassed_MET     = 861 / 1025
Npassed_lepPt   = 877 / 1025
Npassed_HT      = 1015 / 1025
npass_Njets     = 1020 / 1025
Npassed_ALL     = 722 / 1025

>> Running /isilon/hadoop/store/group/bruxljm/FWLJMET106XUL_singleLep2017UL_RunIISummer20_X53X53/PairVLQ_x53x53_tWtW_narrow_RH_M900_TuneCP5_13TeV-madgraph-pythia8/singleLep2017UL/230310_183353/0000/PairVLQ_x53x53_tWtW_narrow_RH_M900_TuneCP5_13TeV-madgraph-pythia8_53.root for shift: nominal
[step1.h] Opening file: /isilon/hadoop/store/group/bruxljm/FWLJMET106XUL_singleLep2017UL_RunIISummer20_X53X53/PairVLQ_x53x53_tWtW_narrow_RH_M900_TuneCP5_13TeV-madgraph-pythia8/singleLep2017UL/230310_183353/0000/PairVLQ_x53x53_tWtW_narrow_RH_M900_TuneCP5_13TeV-madgraph-pythia8_53.root
[step1.h] Finished initializing
RUN CONFIG: YEAR = 2017
Era = 
isMC = 1, isSig = 1, SigMass = 2
isHad =0, isSE =0, isSM =0
isTTTT = 0, isXX = 1, isTpTp = 0, isBpBp = 0
For W's: isTT = 0, isSTt = 0, isSTtW = 0
For jets & PDF: isTOP = 0, isMadgraphBkg = 1
For HOTTagger Efficiencies: isTTV = 0, isTTHbb = 0, isTTHnonbb = 0, isTTTX = 0
isTTVV = 0, isST = 0, isTTToSemiLeptonHT500Njet9 = 0
Pileup sample key: PairVLQ_x53x53_tWtW_narrow_RH_M900_TuneCP5_13TeV-madgraph-pythia8
b-tagging working points: 0.304(DeepJet)0.4506(DeepCSV)
isTTincMtt0to700: 0
isTTincMtt0to1000: 0
isTTincMtt700to1000: 0
isTTincMtt1000toInf: 0
isTTSemilepIncHT0Njet0: 0
isTTSemilepIncHT500Njet9: 0
outTTLF: 0
outTTCC: 0
outTTBB: 0
outTT1B: 0
outTT2B: 0
>> Completed 0 out of 1029 events
[INFO] Defaulting to central deepJet weight for: nominal
>> Completed 1000 out of 1029 events
Nelectrons      = 452 / 1029
Npassed_ElEta   = 452 / 1029
Nmuons          = 577 / 1029
NrelIsoFail     = 0 / 1029
Npassed_MuEta   = 577 / 1029
Npassed_nAK8Jets= 1029 / 1029
Npassed_Trigger = 993 / 1029
Npassed_MET     = 855 / 1029
Npassed_lepPt   = 886 / 1029
Npassed_HT      = 1021 / 1029
npass_Njets     = 1024 / 1029
Npassed_ALL     = 727 / 1029

>> Running /isilon/hadoop/store/group/bruxljm/FWLJMET106XUL_singleLep2017UL_RunIISummer20_X53X53/PairVLQ_x53x53_tWtW_narrow_RH_M900_TuneCP5_13TeV-madgraph-pythia8/singleLep2017UL/230310_183353/0000/PairVLQ_x53x53_tWtW_narrow_RH_M900_TuneCP5_13TeV-madgraph-pythia8_54.root for shift: nominal
[step1.h] Opening file: /isilon/hadoop/store/group/bruxljm/FWLJMET106XUL_singleLep2017UL_RunIISummer20_X53X53/PairVLQ_x53x53_tWtW_narrow_RH_M900_TuneCP5_13TeV-madgraph-pythia8/singleLep2017UL/230310_183353/0000/PairVLQ_x53x53_tWtW_narrow_RH_M900_TuneCP5_13TeV-madgraph-pythia8_54.root
[step1.h] Finished initializing
RUN CONFIG: YEAR = 2017
Era = 
isMC = 1, isSig = 1, SigMass = 2
isHad =0, isSE =0, isSM =0
isTTTT = 0, isXX = 1, isTpTp = 0, isBpBp = 0
For W's: isTT = 0, isSTt = 0, isSTtW = 0
For jets & PDF: isTOP = 0, isMadgraphBkg = 1
For HOTTagger Efficiencies: isTTV = 0, isTTHbb = 0, isTTHnonbb = 0, isTTTX = 0
isTTVV = 0, isST = 0, isTTToSemiLeptonHT500Njet9 = 0
Pileup sample key: PairVLQ_x53x53_tWtW_narrow_RH_M900_TuneCP5_13TeV-madgraph-pythia8
b-tagging working points: 0.304(DeepJet)0.4506(DeepCSV)
isTTincMtt0to700: 0
isTTincMtt0to1000: 0
isTTincMtt700to1000: 0
isTTincMtt1000toInf: 0
isTTSemilepIncHT0Njet0: 0
isTTSemilepIncHT500Njet9: 0
outTTLF: 0
outTTCC: 0
outTTBB: 0
outTT1B: 0
outTT2B: 0
>> Completed 0 out of 516 events
[INFO] Defaulting to central deepJet weight for: nominal
Nelectrons      = 247 / 516
Npassed_ElEta   = 247 / 516
Nmuons          = 269 / 516
NrelIsoFail     = 0 / 516
Npassed_MuEta   = 269 / 516
Npassed_nAK8Jets= 516 / 516
Npassed_Trigger = 497 / 516
Npassed_MET     = 424 / 516
Npassed_lepPt   = 445 / 516
Npassed_HT      = 509 / 516
npass_Njets     = 511 / 516
Npassed_ALL     = 358 / 516

>> Running /isilon/hadoop/store/group/bruxljm/FWLJMET106XUL_singleLep2017UL_RunIISummer20_X53X53/PairVLQ_x53x53_tWtW_narrow_RH_M900_TuneCP5_13TeV-madgraph-pythia8/singleLep2017UL/230310_183353/0000/PairVLQ_x53x53_tWtW_narrow_RH_M900_TuneCP5_13TeV-madgraph-pythia8_55.root for shift: nominal
[step1.h] Opening file: /isilon/hadoop/store/group/bruxljm/FWLJMET106XUL_singleLep2017UL_RunIISummer20_X53X53/PairVLQ_x53x53_tWtW_narrow_RH_M900_TuneCP5_13TeV-madgraph-pythia8/singleLep2017UL/230310_183353/0000/PairVLQ_x53x53_tWtW_narrow_RH_M900_TuneCP5_13TeV-madgraph-pythia8_55.root
[step1.h] Finished initializing
RUN CONFIG: YEAR = 2017
Era = 
isMC = 1, isSig = 1, SigMass = 2
isHad =0, isSE =0, isSM =0
isTTTT = 0, isXX = 1, isTpTp = 0, isBpBp = 0
For W's: isTT = 0, isSTt = 0, isSTtW = 0
For jets & PDF: isTOP = 0, isMadgraphBkg = 1
For HOTTagger Efficiencies: isTTV = 0, isTTHbb = 0, isTTHnonbb = 0, isTTTX = 0
isTTVV = 0, isST = 0, isTTToSemiLeptonHT500Njet9 = 0
Pileup sample key: PairVLQ_x53x53_tWtW_narrow_RH_M900_TuneCP5_13TeV-madgraph-pythia8
b-tagging working points: 0.304(DeepJet)0.4506(DeepCSV)
isTTincMtt0to700: 0
isTTincMtt0to1000: 0
isTTincMtt700to1000: 0
isTTincMtt1000toInf: 0
isTTSemilepIncHT0Njet0: 0
isTTSemilepIncHT500Njet9: 0
outTTLF: 0
outTTCC: 0
outTTBB: 0
outTT1B: 0
outTT2B: 0
>> Completed 0 out of 1067 events
[INFO] Defaulting to central deepJet weight for: nominal
>> Completed 1000 out of 1067 events
Nelectrons      = 513 / 1067
Npassed_ElEta   = 513 / 1067
Nmuons          = 554 / 1067
NrelIsoFail     = 0 / 1067
Npassed_MuEta   = 554 / 1067
Npassed_nAK8Jets= 1067 / 1067
Npassed_Trigger = 1037 / 1067
Npassed_MET     = 871 / 1067
Npassed_lepPt   = 919 / 1067
Npassed_HT      = 1057 / 1067
npass_Njets     = 1062 / 1067
Npassed_ALL     = 738 / 1067

>> Running /isilon/hadoop/store/group/bruxljm/FWLJMET106XUL_singleLep2017UL_RunIISummer20_X53X53/PairVLQ_x53x53_tWtW_narrow_RH_M900_TuneCP5_13TeV-madgraph-pythia8/singleLep2017UL/230310_183353/0000/PairVLQ_x53x53_tWtW_narrow_RH_M900_TuneCP5_13TeV-madgraph-pythia8_56.root for shift: nominal
[step1.h] Opening file: /isilon/hadoop/store/group/bruxljm/FWLJMET106XUL_singleLep2017UL_RunIISummer20_X53X53/PairVLQ_x53x53_tWtW_narrow_RH_M900_TuneCP5_13TeV-madgraph-pythia8/singleLep2017UL/230310_183353/0000/PairVLQ_x53x53_tWtW_narrow_RH_M900_TuneCP5_13TeV-madgraph-pythia8_56.root
[step1.h] Finished initializing
RUN CONFIG: YEAR = 2017
Era = 
isMC = 1, isSig = 1, SigMass = 2
isHad =0, isSE =0, isSM =0
isTTTT = 0, isXX = 1, isTpTp = 0, isBpBp = 0
For W's: isTT = 0, isSTt = 0, isSTtW = 0
For jets & PDF: isTOP = 0, isMadgraphBkg = 1
For HOTTagger Efficiencies: isTTV = 0, isTTHbb = 0, isTTHnonbb = 0, isTTTX = 0
isTTVV = 0, isST = 0, isTTToSemiLeptonHT500Njet9 = 0
Pileup sample key: PairVLQ_x53x53_tWtW_narrow_RH_M900_TuneCP5_13TeV-madgraph-pythia8
b-tagging working points: 0.304(DeepJet)0.4506(DeepCSV)
isTTincMtt0to700: 0
isTTincMtt0to1000: 0
isTTincMtt700to1000: 0
isTTincMtt1000toInf: 0
isTTSemilepIncHT0Njet0: 0
isTTSemilepIncHT500Njet9: 0
outTTLF: 0
outTTCC: 0
outTTBB: 0
outTT1B: 0
outTT2B: 0
>> Completed 0 out of 1040 events
[INFO] Defaulting to central deepJet weight for: nominal
>> Completed 1000 out of 1040 events
Nelectrons      = 500 / 1040
Npassed_ElEta   = 500 / 1040
Nmuons          = 540 / 1040
NrelIsoFail     = 0 / 1040
Npassed_MuEta   = 540 / 1040
Npassed_nAK8Jets= 1040 / 1040
Npassed_Trigger = 1009 / 1040
Npassed_MET     = 852 / 1040
Npassed_lepPt   = 906 / 1040
Npassed_HT      = 1029 / 1040
npass_Njets     = 1034 / 1040
Npassed_ALL     = 732 / 1040

>> Running /isilon/hadoop/store/group/bruxljm/FWLJMET106XUL_singleLep2017UL_RunIISummer20_X53X53/PairVLQ_x53x53_tWtW_narrow_RH_M900_TuneCP5_13TeV-madgraph-pythia8/singleLep2017UL/230310_183353/0000/PairVLQ_x53x53_tWtW_narrow_RH_M900_TuneCP5_13TeV-madgraph-pythia8_57.root for shift: nominal
[step1.h] Opening file: /isilon/hadoop/store/group/bruxljm/FWLJMET106XUL_singleLep2017UL_RunIISummer20_X53X53/PairVLQ_x53x53_tWtW_narrow_RH_M900_TuneCP5_13TeV-madgraph-pythia8/singleLep2017UL/230310_183353/0000/PairVLQ_x53x53_tWtW_narrow_RH_M900_TuneCP5_13TeV-madgraph-pythia8_57.root
[step1.h] Finished initializing
RUN CONFIG: YEAR = 2017
Era = 
isMC = 1, isSig = 1, SigMass = 2
isHad =0, isSE =0, isSM =0
isTTTT = 0, isXX = 1, isTpTp = 0, isBpBp = 0
For W's: isTT = 0, isSTt = 0, isSTtW = 0
For jets & PDF: isTOP = 0, isMadgraphBkg = 1
For HOTTagger Efficiencies: isTTV = 0, isTTHbb = 0, isTTHnonbb = 0, isTTTX = 0
isTTVV = 0, isST = 0, isTTToSemiLeptonHT500Njet9 = 0
Pileup sample key: PairVLQ_x53x53_tWtW_narrow_RH_M900_TuneCP5_13TeV-madgraph-pythia8
b-tagging working points: 0.304(DeepJet)0.4506(DeepCSV)
isTTincMtt0to700: 0
isTTincMtt0to1000: 0
isTTincMtt700to1000: 0
isTTincMtt1000toInf: 0
isTTSemilepIncHT0Njet0: 0
isTTSemilepIncHT500Njet9: 0
outTTLF: 0
outTTCC: 0
outTTBB: 0
outTT1B: 0
outTT2B: 0
>> Completed 0 out of 1052 events
[INFO] Defaulting to central deepJet weight for: nominal
>> Completed 1000 out of 1052 events
Nelectrons      = 491 / 1052
Npassed_ElEta   = 491 / 1052
Nmuons          = 561 / 1052
NrelIsoFail     = 0 / 1052
Npassed_MuEta   = 561 / 1052
Npassed_nAK8Jets= 1052 / 1052
Npassed_Trigger = 1015 / 1052
Npassed_MET     = 869 / 1052
Npassed_lepPt   = 909 / 1052
Npassed_HT      = 1043 / 1052
npass_Njets     = 1049 / 1052
Npassed_ALL     = 741 / 1052

>> Running /isilon/hadoop/store/group/bruxljm/FWLJMET106XUL_singleLep2017UL_RunIISummer20_X53X53/PairVLQ_x53x53_tWtW_narrow_RH_M900_TuneCP5_13TeV-madgraph-pythia8/singleLep2017UL/230310_183353/0000/PairVLQ_x53x53_tWtW_narrow_RH_M900_TuneCP5_13TeV-madgraph-pythia8_58.root for shift: nominal
[step1.h] Opening file: /isilon/hadoop/store/group/bruxljm/FWLJMET106XUL_singleLep2017UL_RunIISummer20_X53X53/PairVLQ_x53x53_tWtW_narrow_RH_M900_TuneCP5_13TeV-madgraph-pythia8/singleLep2017UL/230310_183353/0000/PairVLQ_x53x53_tWtW_narrow_RH_M900_TuneCP5_13TeV-madgraph-pythia8_58.root
[step1.h] Finished initializing
RUN CONFIG: YEAR = 2017
Era = 
isMC = 1, isSig = 1, SigMass = 2
isHad =0, isSE =0, isSM =0
isTTTT = 0, isXX = 1, isTpTp = 0, isBpBp = 0
For W's: isTT = 0, isSTt = 0, isSTtW = 0
For jets & PDF: isTOP = 0, isMadgraphBkg = 1
For HOTTagger Efficiencies: isTTV = 0, isTTHbb = 0, isTTHnonbb = 0, isTTTX = 0
isTTVV = 0, isST = 0, isTTToSemiLeptonHT500Njet9 = 0
Pileup sample key: PairVLQ_x53x53_tWtW_narrow_RH_M900_TuneCP5_13TeV-madgraph-pythia8
b-tagging working points: 0.304(DeepJet)0.4506(DeepCSV)
isTTincMtt0to700: 0
isTTincMtt0to1000: 0
isTTincMtt700to1000: 0
isTTincMtt1000toInf: 0
isTTSemilepIncHT0Njet0: 0
isTTSemilepIncHT500Njet9: 0
outTTLF: 0
outTTCC: 0
outTTBB: 0
outTT1B: 0
outTT2B: 0
>> Completed 0 out of 1042 events
[INFO] Defaulting to central deepJet weight for: nominal
>> Completed 1000 out of 1042 events
Nelectrons      = 485 / 1042
Npassed_ElEta   = 485 / 1042
Nmuons          = 557 / 1042
NrelIsoFail     = 0 / 1042
Npassed_MuEta   = 557 / 1042
Npassed_nAK8Jets= 1042 / 1042
Npassed_Trigger = 999 / 1042
Npassed_MET     = 865 / 1042
Npassed_lepPt   = 893 / 1042
Npassed_HT      = 1034 / 1042
npass_Njets     = 1039 / 1042
Npassed_ALL     = 726 / 1042

>> Running /isilon/hadoop/store/group/bruxljm/FWLJMET106XUL_singleLep2017UL_RunIISummer20_X53X53/PairVLQ_x53x53_tWtW_narrow_RH_M900_TuneCP5_13TeV-madgraph-pythia8/singleLep2017UL/230310_183353/0000/PairVLQ_x53x53_tWtW_narrow_RH_M900_TuneCP5_13TeV-madgraph-pythia8_59.root for shift: nominal
[step1.h] Opening file: /isilon/hadoop/store/group/bruxljm/FWLJMET106XUL_singleLep2017UL_RunIISummer20_X53X53/PairVLQ_x53x53_tWtW_narrow_RH_M900_TuneCP5_13TeV-madgraph-pythia8/singleLep2017UL/230310_183353/0000/PairVLQ_x53x53_tWtW_narrow_RH_M900_TuneCP5_13TeV-madgraph-pythia8_59.root
[step1.h] Finished initializing
RUN CONFIG: YEAR = 2017
Era = 
isMC = 1, isSig = 1, SigMass = 2
isHad =0, isSE =0, isSM =0
isTTTT = 0, isXX = 1, isTpTp = 0, isBpBp = 0
For W's: isTT = 0, isSTt = 0, isSTtW = 0
For jets & PDF: isTOP = 0, isMadgraphBkg = 1
For HOTTagger Efficiencies: isTTV = 0, isTTHbb = 0, isTTHnonbb = 0, isTTTX = 0
isTTVV = 0, isST = 0, isTTToSemiLeptonHT500Njet9 = 0
Pileup sample key: PairVLQ_x53x53_tWtW_narrow_RH_M900_TuneCP5_13TeV-madgraph-pythia8
b-tagging working points: 0.304(DeepJet)0.4506(DeepCSV)
isTTincMtt0to700: 0
isTTincMtt0to1000: 0
isTTincMtt700to1000: 0
isTTincMtt1000toInf: 0
isTTSemilepIncHT0Njet0: 0
isTTSemilepIncHT500Njet9: 0
outTTLF: 0
outTTCC: 0
outTTBB: 0
outTT1B: 0
outTT2B: 0
>> Completed 0 out of 1038 events
[INFO] Defaulting to central deepJet weight for: nominal
>> Completed 1000 out of 1038 events
Nelectrons      = 490 / 1038
Npassed_ElEta   = 490 / 1038
Nmuons          = 548 / 1038
NrelIsoFail     = 0 / 1038
Npassed_MuEta   = 548 / 1038
Npassed_nAK8Jets= 1038 / 1038
Npassed_Trigger = 1008 / 1038
Npassed_MET     = 862 / 1038
Npassed_lepPt   = 914 / 1038
Npassed_HT      = 1031 / 1038
npass_Njets     = 1037 / 1038
Npassed_ALL     = 749 / 1038

>> Running /isilon/hadoop/store/group/bruxljm/FWLJMET106XUL_singleLep2017UL_RunIISummer20_X53X53/PairVLQ_x53x53_tWtW_narrow_RH_M900_TuneCP5_13TeV-madgraph-pythia8/singleLep2017UL/230310_183353/0000/PairVLQ_x53x53_tWtW_narrow_RH_M900_TuneCP5_13TeV-madgraph-pythia8_6.root for shift: nominal
[step1.h] Opening file: /isilon/hadoop/store/group/bruxljm/FWLJMET106XUL_singleLep2017UL_RunIISummer20_X53X53/PairVLQ_x53x53_tWtW_narrow_RH_M900_TuneCP5_13TeV-madgraph-pythia8/singleLep2017UL/230310_183353/0000/PairVLQ_x53x53_tWtW_narrow_RH_M900_TuneCP5_13TeV-madgraph-pythia8_6.root
[step1.h] Finished initializing
RUN CONFIG: YEAR = 2017
Era = 
isMC = 1, isSig = 1, SigMass = 2
isHad =0, isSE =0, isSM =0
isTTTT = 0, isXX = 1, isTpTp = 0, isBpBp = 0
For W's: isTT = 0, isSTt = 0, isSTtW = 0
For jets & PDF: isTOP = 0, isMadgraphBkg = 1
For HOTTagger Efficiencies: isTTV = 0, isTTHbb = 0, isTTHnonbb = 0, isTTTX = 0
isTTVV = 0, isST = 0, isTTToSemiLeptonHT500Njet9 = 0
Pileup sample key: PairVLQ_x53x53_tWtW_narrow_RH_M900_TuneCP5_13TeV-madgraph-pythia8
b-tagging working points: 0.304(DeepJet)0.4506(DeepCSV)
isTTincMtt0to700: 0
isTTincMtt0to1000: 0
isTTincMtt700to1000: 0
isTTincMtt1000toInf: 0
isTTSemilepIncHT0Njet0: 0
isTTSemilepIncHT500Njet9: 0
outTTLF: 0
outTTCC: 0
outTTBB: 0
outTT1B: 0
outTT2B: 0
>> Completed 0 out of 1050 events
[INFO] Defaulting to central deepJet weight for: nominal
>> Completed 1000 out of 1050 events
Nelectrons      = 471 / 1050
Npassed_ElEta   = 471 / 1050
Nmuons          = 579 / 1050
NrelIsoFail     = 0 / 1050
Npassed_MuEta   = 579 / 1050
Npassed_nAK8Jets= 1050 / 1050
Npassed_Trigger = 1008 / 1050
Npassed_MET     = 866 / 1050
Npassed_lepPt   = 909 / 1050
Npassed_HT      = 1037 / 1050
npass_Njets     = 1046 / 1050
Npassed_ALL     = 736 / 1050

>> Running /isilon/hadoop/store/group/bruxljm/FWLJMET106XUL_singleLep2017UL_RunIISummer20_X53X53/PairVLQ_x53x53_tWtW_narrow_RH_M900_TuneCP5_13TeV-madgraph-pythia8/singleLep2017UL/230310_183353/0000/PairVLQ_x53x53_tWtW_narrow_RH_M900_TuneCP5_13TeV-madgraph-pythia8_60.root for shift: nominal
[step1.h] Opening file: /isilon/hadoop/store/group/bruxljm/FWLJMET106XUL_singleLep2017UL_RunIISummer20_X53X53/PairVLQ_x53x53_tWtW_narrow_RH_M900_TuneCP5_13TeV-madgraph-pythia8/singleLep2017UL/230310_183353/0000/PairVLQ_x53x53_tWtW_narrow_RH_M900_TuneCP5_13TeV-madgraph-pythia8_60.root
[step1.h] Finished initializing
RUN CONFIG: YEAR = 2017
Era = 
isMC = 1, isSig = 1, SigMass = 2
isHad =0, isSE =0, isSM =0
isTTTT = 0, isXX = 1, isTpTp = 0, isBpBp = 0
For W's: isTT = 0, isSTt = 0, isSTtW = 0
For jets & PDF: isTOP = 0, isMadgraphBkg = 1
For HOTTagger Efficiencies: isTTV = 0, isTTHbb = 0, isTTHnonbb = 0, isTTTX = 0
isTTVV = 0, isST = 0, isTTToSemiLeptonHT500Njet9 = 0
Pileup sample key: PairVLQ_x53x53_tWtW_narrow_RH_M900_TuneCP5_13TeV-madgraph-pythia8
b-tagging working points: 0.304(DeepJet)0.4506(DeepCSV)
isTTincMtt0to700: 0
isTTincMtt0to1000: 0
isTTincMtt700to1000: 0
isTTincMtt1000toInf: 0
isTTSemilepIncHT0Njet0: 0
isTTSemilepIncHT500Njet9: 0
outTTLF: 0
outTTCC: 0
outTTBB: 0
outTT1B: 0
outTT2B: 0
>> Completed 0 out of 1028 events
[INFO] Defaulting to central deepJet weight for: nominal
>> Completed 1000 out of 1028 events
Nelectrons      = 475 / 1028
Npassed_ElEta   = 475 / 1028
Nmuons          = 553 / 1028
NrelIsoFail     = 0 / 1028
Npassed_MuEta   = 553 / 1028
Npassed_nAK8Jets= 1028 / 1028
Npassed_Trigger = 985 / 1028
Npassed_MET     = 837 / 1028
Npassed_lepPt   = 897 / 1028
Npassed_HT      = 1017 / 1028
npass_Njets     = 1026 / 1028
Npassed_ALL     = 716 / 1028

>> Running /isilon/hadoop/store/group/bruxljm/FWLJMET106XUL_singleLep2017UL_RunIISummer20_X53X53/PairVLQ_x53x53_tWtW_narrow_RH_M900_TuneCP5_13TeV-madgraph-pythia8/singleLep2017UL/230310_183353/0000/PairVLQ_x53x53_tWtW_narrow_RH_M900_TuneCP5_13TeV-madgraph-pythia8_61.root for shift: nominal
[step1.h] Opening file: /isilon/hadoop/store/group/bruxljm/FWLJMET106XUL_singleLep2017UL_RunIISummer20_X53X53/PairVLQ_x53x53_tWtW_narrow_RH_M900_TuneCP5_13TeV-madgraph-pythia8/singleLep2017UL/230310_183353/0000/PairVLQ_x53x53_tWtW_narrow_RH_M900_TuneCP5_13TeV-madgraph-pythia8_61.root
[step1.h] Finished initializing
RUN CONFIG: YEAR = 2017
Era = 
isMC = 1, isSig = 1, SigMass = 2
isHad =0, isSE =0, isSM =0
isTTTT = 0, isXX = 1, isTpTp = 0, isBpBp = 0
For W's: isTT = 0, isSTt = 0, isSTtW = 0
For jets & PDF: isTOP = 0, isMadgraphBkg = 1
For HOTTagger Efficiencies: isTTV = 0, isTTHbb = 0, isTTHnonbb = 0, isTTTX = 0
isTTVV = 0, isST = 0, isTTToSemiLeptonHT500Njet9 = 0
Pileup sample key: PairVLQ_x53x53_tWtW_narrow_RH_M900_TuneCP5_13TeV-madgraph-pythia8
b-tagging working points: 0.304(DeepJet)0.4506(DeepCSV)
isTTincMtt0to700: 0
isTTincMtt0to1000: 0
isTTincMtt700to1000: 0
isTTincMtt1000toInf: 0
isTTSemilepIncHT0Njet0: 0
isTTSemilepIncHT500Njet9: 0
outTTLF: 0
outTTCC: 0
outTTBB: 0
outTT1B: 0
outTT2B: 0
>> Completed 0 out of 1033 events
[INFO] Defaulting to central deepJet weight for: nominal
>> Completed 1000 out of 1033 events
Nelectrons      = 492 / 1033
Npassed_ElEta   = 492 / 1033
Nmuons          = 541 / 1033
NrelIsoFail     = 0 / 1033
Npassed_MuEta   = 541 / 1033
Npassed_nAK8Jets= 1033 / 1033
Npassed_Trigger = 997 / 1033
Npassed_MET     = 856 / 1033
Npassed_lepPt   = 897 / 1033
Npassed_HT      = 1021 / 1033
npass_Njets     = 1029 / 1033
Npassed_ALL     = 737 / 1033

>> Running /isilon/hadoop/store/group/bruxljm/FWLJMET106XUL_singleLep2017UL_RunIISummer20_X53X53/PairVLQ_x53x53_tWtW_narrow_RH_M900_TuneCP5_13TeV-madgraph-pythia8/singleLep2017UL/230310_183353/0000/PairVLQ_x53x53_tWtW_narrow_RH_M900_TuneCP5_13TeV-madgraph-pythia8_62.root for shift: nominal
[step1.h] Opening file: /isilon/hadoop/store/group/bruxljm/FWLJMET106XUL_singleLep2017UL_RunIISummer20_X53X53/PairVLQ_x53x53_tWtW_narrow_RH_M900_TuneCP5_13TeV-madgraph-pythia8/singleLep2017UL/230310_183353/0000/PairVLQ_x53x53_tWtW_narrow_RH_M900_TuneCP5_13TeV-madgraph-pythia8_62.root
[step1.h] Finished initializing
RUN CONFIG: YEAR = 2017
Era = 
isMC = 1, isSig = 1, SigMass = 2
isHad =0, isSE =0, isSM =0
isTTTT = 0, isXX = 1, isTpTp = 0, isBpBp = 0
For W's: isTT = 0, isSTt = 0, isSTtW = 0
For jets & PDF: isTOP = 0, isMadgraphBkg = 1
For HOTTagger Efficiencies: isTTV = 0, isTTHbb = 0, isTTHnonbb = 0, isTTTX = 0
isTTVV = 0, isST = 0, isTTToSemiLeptonHT500Njet9 = 0
Pileup sample key: PairVLQ_x53x53_tWtW_narrow_RH_M900_TuneCP5_13TeV-madgraph-pythia8
b-tagging working points: 0.304(DeepJet)0.4506(DeepCSV)
isTTincMtt0to700: 0
isTTincMtt0to1000: 0
isTTincMtt700to1000: 0
isTTincMtt1000toInf: 0
isTTSemilepIncHT0Njet0: 0
isTTSemilepIncHT500Njet9: 0
outTTLF: 0
outTTCC: 0
outTTBB: 0
outTT1B: 0
outTT2B: 0
>> Completed 0 out of 1029 events
[INFO] Defaulting to central deepJet weight for: nominal
>> Completed 1000 out of 1029 events
Nelectrons      = 481 / 1029
Npassed_ElEta   = 481 / 1029
Nmuons          = 548 / 1029
NrelIsoFail     = 0 / 1029
Npassed_MuEta   = 548 / 1029
Npassed_nAK8Jets= 1029 / 1029
Npassed_Trigger = 983 / 1029
Npassed_MET     = 833 / 1029
Npassed_lepPt   = 903 / 1029
Npassed_HT      = 1022 / 1029
npass_Njets     = 1026 / 1029
Npassed_ALL     = 714 / 1029

>> Running /isilon/hadoop/store/group/bruxljm/FWLJMET106XUL_singleLep2017UL_RunIISummer20_X53X53/PairVLQ_x53x53_tWtW_narrow_RH_M900_TuneCP5_13TeV-madgraph-pythia8/singleLep2017UL/230310_183353/0000/PairVLQ_x53x53_tWtW_narrow_RH_M900_TuneCP5_13TeV-madgraph-pythia8_63.root for shift: nominal
[step1.h] Opening file: /isilon/hadoop/store/group/bruxljm/FWLJMET106XUL_singleLep2017UL_RunIISummer20_X53X53/PairVLQ_x53x53_tWtW_narrow_RH_M900_TuneCP5_13TeV-madgraph-pythia8/singleLep2017UL/230310_183353/0000/PairVLQ_x53x53_tWtW_narrow_RH_M900_TuneCP5_13TeV-madgraph-pythia8_63.root
[step1.h] Finished initializing
RUN CONFIG: YEAR = 2017
Era = 
isMC = 1, isSig = 1, SigMass = 2
isHad =0, isSE =0, isSM =0
isTTTT = 0, isXX = 1, isTpTp = 0, isBpBp = 0
For W's: isTT = 0, isSTt = 0, isSTtW = 0
For jets & PDF: isTOP = 0, isMadgraphBkg = 1
For HOTTagger Efficiencies: isTTV = 0, isTTHbb = 0, isTTHnonbb = 0, isTTTX = 0
isTTVV = 0, isST = 0, isTTToSemiLeptonHT500Njet9 = 0
Pileup sample key: PairVLQ_x53x53_tWtW_narrow_RH_M900_TuneCP5_13TeV-madgraph-pythia8
b-tagging working points: 0.304(DeepJet)0.4506(DeepCSV)
isTTincMtt0to700: 0
isTTincMtt0to1000: 0
isTTincMtt700to1000: 0
isTTincMtt1000toInf: 0
isTTSemilepIncHT0Njet0: 0
isTTSemilepIncHT500Njet9: 0
outTTLF: 0
outTTCC: 0
outTTBB: 0
outTT1B: 0
outTT2B: 0
>> Completed 0 out of 1046 events
[INFO] Defaulting to central deepJet weight for: nominal
>> Completed 1000 out of 1046 events
Nelectrons      = 479 / 1046
Npassed_ElEta   = 479 / 1046
Nmuons          = 567 / 1046
NrelIsoFail     = 0 / 1046
Npassed_MuEta   = 567 / 1046
Npassed_nAK8Jets= 1046 / 1046
Npassed_Trigger = 1016 / 1046
Npassed_MET     = 873 / 1046
Npassed_lepPt   = 892 / 1046
Npassed_HT      = 1038 / 1046
npass_Njets     = 1041 / 1046
Npassed_ALL     = 732 / 1046

>> Running /isilon/hadoop/store/group/bruxljm/FWLJMET106XUL_singleLep2017UL_RunIISummer20_X53X53/PairVLQ_x53x53_tWtW_narrow_RH_M900_TuneCP5_13TeV-madgraph-pythia8/singleLep2017UL/230310_183353/0000/PairVLQ_x53x53_tWtW_narrow_RH_M900_TuneCP5_13TeV-madgraph-pythia8_64.root for shift: nominal
[step1.h] Opening file: /isilon/hadoop/store/group/bruxljm/FWLJMET106XUL_singleLep2017UL_RunIISummer20_X53X53/PairVLQ_x53x53_tWtW_narrow_RH_M900_TuneCP5_13TeV-madgraph-pythia8/singleLep2017UL/230310_183353/0000/PairVLQ_x53x53_tWtW_narrow_RH_M900_TuneCP5_13TeV-madgraph-pythia8_64.root
[step1.h] Finished initializing
RUN CONFIG: YEAR = 2017
Era = 
isMC = 1, isSig = 1, SigMass = 2
isHad =0, isSE =0, isSM =0
isTTTT = 0, isXX = 1, isTpTp = 0, isBpBp = 0
For W's: isTT = 0, isSTt = 0, isSTtW = 0
For jets & PDF: isTOP = 0, isMadgraphBkg = 1
For HOTTagger Efficiencies: isTTV = 0, isTTHbb = 0, isTTHnonbb = 0, isTTTX = 0
isTTVV = 0, isST = 0, isTTToSemiLeptonHT500Njet9 = 0
Pileup sample key: PairVLQ_x53x53_tWtW_narrow_RH_M900_TuneCP5_13TeV-madgraph-pythia8
b-tagging working points: 0.304(DeepJet)0.4506(DeepCSV)
isTTincMtt0to700: 0
isTTincMtt0to1000: 0
isTTincMtt700to1000: 0
isTTincMtt1000toInf: 0
isTTSemilepIncHT0Njet0: 0
isTTSemilepIncHT500Njet9: 0
outTTLF: 0
outTTCC: 0
outTTBB: 0
outTT1B: 0
outTT2B: 0
>> Completed 0 out of 1033 events
[INFO] Defaulting to central deepJet weight for: nominal
>> Completed 1000 out of 1033 events
Nelectrons      = 497 / 1033
Npassed_ElEta   = 497 / 1033
Nmuons          = 536 / 1033
NrelIsoFail     = 0 / 1033
Npassed_MuEta   = 536 / 1033
Npassed_nAK8Jets= 1033 / 1033
Npassed_Trigger = 988 / 1033
Npassed_MET     = 851 / 1033
Npassed_lepPt   = 892 / 1033
Npassed_HT      = 1024 / 1033
npass_Njets     = 1033 / 1033
Npassed_ALL     = 727 / 1033

>> Running /isilon/hadoop/store/group/bruxljm/FWLJMET106XUL_singleLep2017UL_RunIISummer20_X53X53/PairVLQ_x53x53_tWtW_narrow_RH_M900_TuneCP5_13TeV-madgraph-pythia8/singleLep2017UL/230310_183353/0000/PairVLQ_x53x53_tWtW_narrow_RH_M900_TuneCP5_13TeV-madgraph-pythia8_65.root for shift: nominal
[step1.h] Opening file: /isilon/hadoop/store/group/bruxljm/FWLJMET106XUL_singleLep2017UL_RunIISummer20_X53X53/PairVLQ_x53x53_tWtW_narrow_RH_M900_TuneCP5_13TeV-madgraph-pythia8/singleLep2017UL/230310_183353/0000/PairVLQ_x53x53_tWtW_narrow_RH_M900_TuneCP5_13TeV-madgraph-pythia8_65.root
[step1.h] Finished initializing
RUN CONFIG: YEAR = 2017
Era = 
isMC = 1, isSig = 1, SigMass = 2
isHad =0, isSE =0, isSM =0
isTTTT = 0, isXX = 1, isTpTp = 0, isBpBp = 0
For W's: isTT = 0, isSTt = 0, isSTtW = 0
For jets & PDF: isTOP = 0, isMadgraphBkg = 1
For HOTTagger Efficiencies: isTTV = 0, isTTHbb = 0, isTTHnonbb = 0, isTTTX = 0
isTTVV = 0, isST = 0, isTTToSemiLeptonHT500Njet9 = 0
Pileup sample key: PairVLQ_x53x53_tWtW_narrow_RH_M900_TuneCP5_13TeV-madgraph-pythia8
b-tagging working points: 0.304(DeepJet)0.4506(DeepCSV)
isTTincMtt0to700: 0
isTTincMtt0to1000: 0
isTTincMtt700to1000: 0
isTTincMtt1000toInf: 0
isTTSemilepIncHT0Njet0: 0
isTTSemilepIncHT500Njet9: 0
outTTLF: 0
outTTCC: 0
outTTBB: 0
outTT1B: 0
outTT2B: 0
>> Completed 0 out of 506 events
[INFO] Defaulting to central deepJet weight for: nominal
Nelectrons      = 236 / 506
Npassed_ElEta   = 236 / 506
Nmuons          = 270 / 506
NrelIsoFail     = 0 / 506
Npassed_MuEta   = 270 / 506
Npassed_nAK8Jets= 506 / 506
Npassed_Trigger = 488 / 506
Npassed_MET     = 415 / 506
Npassed_lepPt   = 441 / 506
Npassed_HT      = 502 / 506
npass_Njets     = 505 / 506
Npassed_ALL     = 354 / 506

>> Running /isilon/hadoop/store/group/bruxljm/FWLJMET106XUL_singleLep2017UL_RunIISummer20_X53X53/PairVLQ_x53x53_tWtW_narrow_RH_M900_TuneCP5_13TeV-madgraph-pythia8/singleLep2017UL/230310_183353/0000/PairVLQ_x53x53_tWtW_narrow_RH_M900_TuneCP5_13TeV-madgraph-pythia8_66.root for shift: nominal
[step1.h] Opening file: /isilon/hadoop/store/group/bruxljm/FWLJMET106XUL_singleLep2017UL_RunIISummer20_X53X53/PairVLQ_x53x53_tWtW_narrow_RH_M900_TuneCP5_13TeV-madgraph-pythia8/singleLep2017UL/230310_183353/0000/PairVLQ_x53x53_tWtW_narrow_RH_M900_TuneCP5_13TeV-madgraph-pythia8_66.root
[step1.h] Finished initializing
RUN CONFIG: YEAR = 2017
Era = 
isMC = 1, isSig = 1, SigMass = 2
isHad =0, isSE =0, isSM =0
isTTTT = 0, isXX = 1, isTpTp = 0, isBpBp = 0
For W's: isTT = 0, isSTt = 0, isSTtW = 0
For jets & PDF: isTOP = 0, isMadgraphBkg = 1
For HOTTagger Efficiencies: isTTV = 0, isTTHbb = 0, isTTHnonbb = 0, isTTTX = 0
isTTVV = 0, isST = 0, isTTToSemiLeptonHT500Njet9 = 0
Pileup sample key: PairVLQ_x53x53_tWtW_narrow_RH_M900_TuneCP5_13TeV-madgraph-pythia8
b-tagging working points: 0.304(DeepJet)0.4506(DeepCSV)
isTTincMtt0to700: 0
isTTincMtt0to1000: 0
isTTincMtt700to1000: 0
isTTincMtt1000toInf: 0
isTTSemilepIncHT0Njet0: 0
isTTSemilepIncHT500Njet9: 0
outTTLF: 0
outTTCC: 0
outTTBB: 0
outTT1B: 0
outTT2B: 0
>> Completed 0 out of 1052 events
[INFO] Defaulting to central deepJet weight for: nominal
>> Completed 1000 out of 1052 events
Nelectrons      = 498 / 1052
Npassed_ElEta   = 498 / 1052
Nmuons          = 554 / 1052
NrelIsoFail     = 0 / 1052
Npassed_MuEta   = 554 / 1052
Npassed_nAK8Jets= 1052 / 1052
Npassed_Trigger = 1015 / 1052
Npassed_MET     = 873 / 1052
Npassed_lepPt   = 908 / 1052
Npassed_HT      = 1047 / 1052
npass_Njets     = 1049 / 1052
Npassed_ALL     = 745 / 1052
>> Available ROOT Files:
-rw-r--r-- 1 fsimpson gridusers 2594481 Apr 24 09:21 PairVLQ_x53x53_tWtW_narrow_RH_M900_TuneCP5_13TeV-madgraph-pythia8_40nominal.root
-rw-r--r-- 1 fsimpson gridusers 2756500 Apr 24 09:21 PairVLQ_x53x53_tWtW_narrow_RH_M900_TuneCP5_13TeV-madgraph-pythia8_41nominal.root
-rw-r--r-- 1 fsimpson gridusers 2447543 Apr 24 09:21 PairVLQ_x53x53_tWtW_narrow_RH_M900_TuneCP5_13TeV-madgraph-pythia8_42nominal.root
-rw-r--r-- 1 fsimpson gridusers 2572370 Apr 24 09:21 PairVLQ_x53x53_tWtW_narrow_RH_M900_TuneCP5_13TeV-madgraph-pythia8_43nominal.root
-rw-r--r-- 1 fsimpson gridusers 2664665 Apr 24 09:21 PairVLQ_x53x53_tWtW_narrow_RH_M900_TuneCP5_13TeV-madgraph-pythia8_44nominal.root
-rw-r--r-- 1 fsimpson gridusers 2475487 Apr 24 09:21 PairVLQ_x53x53_tWtW_narrow_RH_M900_TuneCP5_13TeV-madgraph-pythia8_45nominal.root
-rw-r--r-- 1 fsimpson gridusers 2698421 Apr 24 09:21 PairVLQ_x53x53_tWtW_narrow_RH_M900_TuneCP5_13TeV-madgraph-pythia8_46nominal.root
-rw-r--r-- 1 fsimpson gridusers 2624157 Apr 24 09:21 PairVLQ_x53x53_tWtW_narrow_RH_M900_TuneCP5_13TeV-madgraph-pythia8_47nominal.root
-rw-r--r-- 1 fsimpson gridusers 2501180 Apr 24 09:21 PairVLQ_x53x53_tWtW_narrow_RH_M900_TuneCP5_13TeV-madgraph-pythia8_48nominal.root
-rw-r--r-- 1 fsimpson gridusers 2476424 Apr 24 09:21 PairVLQ_x53x53_tWtW_narrow_RH_M900_TuneCP5_13TeV-madgraph-pythia8_49nominal.root
-rw-r--r-- 1 fsimpson gridusers 2502458 Apr 24 09:21 PairVLQ_x53x53_tWtW_narrow_RH_M900_TuneCP5_13TeV-madgraph-pythia8_4nominal.root
-rw-r--r-- 1 fsimpson gridusers 2644602 Apr 24 09:21 PairVLQ_x53x53_tWtW_narrow_RH_M900_TuneCP5_13TeV-madgraph-pythia8_50nominal.root
-rw-r--r-- 1 fsimpson gridusers 2637928 Apr 24 09:21 PairVLQ_x53x53_tWtW_narrow_RH_M900_TuneCP5_13TeV-madgraph-pythia8_51nominal.root
-rw-r--r-- 1 fsimpson gridusers 2563400 Apr 24 09:21 PairVLQ_x53x53_tWtW_narrow_RH_M900_TuneCP5_13TeV-madgraph-pythia8_52nominal.root
-rw-r--r-- 1 fsimpson gridusers 2555985 Apr 24 09:21 PairVLQ_x53x53_tWtW_narrow_RH_M900_TuneCP5_13TeV-madgraph-pythia8_53nominal.root
-rw-r--r-- 1 fsimpson gridusers 1290344 Apr 24 09:21 PairVLQ_x53x53_tWtW_narrow_RH_M900_TuneCP5_13TeV-madgraph-pythia8_54nominal.root
-rw-r--r-- 1 fsimpson gridusers 2609846 Apr 24 09:21 PairVLQ_x53x53_tWtW_narrow_RH_M900_TuneCP5_13TeV-madgraph-pythia8_55nominal.root
-rw-r--r-- 1 fsimpson gridusers 2590086 Apr 24 09:21 PairVLQ_x53x53_tWtW_narrow_RH_M900_TuneCP5_13TeV-madgraph-pythia8_56nominal.root
-rw-r--r-- 1 fsimpson gridusers 2645680 Apr 24 09:21 PairVLQ_x53x53_tWtW_narrow_RH_M900_TuneCP5_13TeV-madgraph-pythia8_57nominal.root
-rw-r--r-- 1 fsimpson gridusers 2578287 Apr 24 09:21 PairVLQ_x53x53_tWtW_narrow_RH_M900_TuneCP5_13TeV-madgraph-pythia8_58nominal.root
-rw-r--r-- 1 fsimpson gridusers 2670423 Apr 24 09:21 PairVLQ_x53x53_tWtW_narrow_RH_M900_TuneCP5_13TeV-madgraph-pythia8_59nominal.root
-rw-r--r-- 1 fsimpson gridusers 2576531 Apr 24 09:21 PairVLQ_x53x53_tWtW_narrow_RH_M900_TuneCP5_13TeV-madgraph-pythia8_5nominal.root
-rw-r--r-- 1 fsimpson gridusers 2535429 Apr 24 09:21 PairVLQ_x53x53_tWtW_narrow_RH_M900_TuneCP5_13TeV-madgraph-pythia8_60nominal.root
-rw-r--r-- 1 fsimpson gridusers 2602993 Apr 24 09:21 PairVLQ_x53x53_tWtW_narrow_RH_M900_TuneCP5_13TeV-madgraph-pythia8_61nominal.root
-rw-r--r-- 1 fsimpson gridusers 2530407 Apr 24 09:21 PairVLQ_x53x53_tWtW_narrow_RH_M900_TuneCP5_13TeV-madgraph-pythia8_62nominal.root
-rw-r--r-- 1 fsimpson gridusers 2594249 Apr 24 09:21 PairVLQ_x53x53_tWtW_narrow_RH_M900_TuneCP5_13TeV-madgraph-pythia8_63nominal.root
-rw-r--r-- 1 fsimpson gridusers 2600060 Apr 24 09:21 PairVLQ_x53x53_tWtW_narrow_RH_M900_TuneCP5_13TeV-madgraph-pythia8_64nominal.root
-rw-r--r-- 1 fsimpson gridusers 1258912 Apr 24 09:21 PairVLQ_x53x53_tWtW_narrow_RH_M900_TuneCP5_13TeV-madgraph-pythia8_65nominal.root
-rw-r--r-- 1 fsimpson gridusers 2655267 Apr 24 09:21 PairVLQ_x53x53_tWtW_narrow_RH_M900_TuneCP5_13TeV-madgraph-pythia8_66nominal.root
-rw-r--r-- 1 fsimpson gridusers 2592526 Apr 24 09:21 PairVLQ_x53x53_tWtW_narrow_RH_M900_TuneCP5_13TeV-madgraph-pythia8_6nominal.root
>> xrdcp output for condor
hadd Target file: PairVLQ_x53x53_tWtW_narrow_RH_M900_TuneCP5_13TeV-madgraph-pythia8_4nominal_hadd.root
hadd compression setting for all ouput: 1
hadd Source file 1: PairVLQ_x53x53_tWtW_narrow_RH_M900_TuneCP5_13TeV-madgraph-pythia8_40nominal.root
hadd Source file 2: PairVLQ_x53x53_tWtW_narrow_RH_M900_TuneCP5_13TeV-madgraph-pythia8_41nominal.root
hadd Source file 3: PairVLQ_x53x53_tWtW_narrow_RH_M900_TuneCP5_13TeV-madgraph-pythia8_42nominal.root
hadd Source file 4: PairVLQ_x53x53_tWtW_narrow_RH_M900_TuneCP5_13TeV-madgraph-pythia8_43nominal.root
hadd Source file 5: PairVLQ_x53x53_tWtW_narrow_RH_M900_TuneCP5_13TeV-madgraph-pythia8_44nominal.root
hadd Source file 6: PairVLQ_x53x53_tWtW_narrow_RH_M900_TuneCP5_13TeV-madgraph-pythia8_45nominal.root
hadd Source file 7: PairVLQ_x53x53_tWtW_narrow_RH_M900_TuneCP5_13TeV-madgraph-pythia8_46nominal.root
hadd Source file 8: PairVLQ_x53x53_tWtW_narrow_RH_M900_TuneCP5_13TeV-madgraph-pythia8_47nominal.root
hadd Source file 9: PairVLQ_x53x53_tWtW_narrow_RH_M900_TuneCP5_13TeV-madgraph-pythia8_48nominal.root
hadd Source file 10: PairVLQ_x53x53_tWtW_narrow_RH_M900_TuneCP5_13TeV-madgraph-pythia8_49nominal.root
hadd Source file 11: PairVLQ_x53x53_tWtW_narrow_RH_M900_TuneCP5_13TeV-madgraph-pythia8_4nominal.root
hadd Source file 12: PairVLQ_x53x53_tWtW_narrow_RH_M900_TuneCP5_13TeV-madgraph-pythia8_50nominal.root
hadd Source file 13: PairVLQ_x53x53_tWtW_narrow_RH_M900_TuneCP5_13TeV-madgraph-pythia8_51nominal.root
hadd Source file 14: PairVLQ_x53x53_tWtW_narrow_RH_M900_TuneCP5_13TeV-madgraph-pythia8_52nominal.root
hadd Source file 15: PairVLQ_x53x53_tWtW_narrow_RH_M900_TuneCP5_13TeV-madgraph-pythia8_53nominal.root
hadd Source file 16: PairVLQ_x53x53_tWtW_narrow_RH_M900_TuneCP5_13TeV-madgraph-pythia8_54nominal.root
hadd Source file 17: PairVLQ_x53x53_tWtW_narrow_RH_M900_TuneCP5_13TeV-madgraph-pythia8_55nominal.root
hadd Source file 18: PairVLQ_x53x53_tWtW_narrow_RH_M900_TuneCP5_13TeV-madgraph-pythia8_56nominal.root
hadd Source file 19: PairVLQ_x53x53_tWtW_narrow_RH_M900_TuneCP5_13TeV-madgraph-pythia8_57nominal.root
hadd Source file 20: PairVLQ_x53x53_tWtW_narrow_RH_M900_TuneCP5_13TeV-madgraph-pythia8_58nominal.root
hadd Source file 21: PairVLQ_x53x53_tWtW_narrow_RH_M900_TuneCP5_13TeV-madgraph-pythia8_59nominal.root
hadd Source file 22: PairVLQ_x53x53_tWtW_narrow_RH_M900_TuneCP5_13TeV-madgraph-pythia8_5nominal.root
hadd Source file 23: PairVLQ_x53x53_tWtW_narrow_RH_M900_TuneCP5_13TeV-madgraph-pythia8_60nominal.root
hadd Source file 24: PairVLQ_x53x53_tWtW_narrow_RH_M900_TuneCP5_13TeV-madgraph-pythia8_61nominal.root
hadd Source file 25: PairVLQ_x53x53_tWtW_narrow_RH_M900_TuneCP5_13TeV-madgraph-pythia8_62nominal.root
hadd Source file 26: PairVLQ_x53x53_tWtW_narrow_RH_M900_TuneCP5_13TeV-madgraph-pythia8_63nominal.root
hadd Source file 27: PairVLQ_x53x53_tWtW_narrow_RH_M900_TuneCP5_13TeV-madgraph-pythia8_64nominal.root
hadd Source file 28: PairVLQ_x53x53_tWtW_narrow_RH_M900_TuneCP5_13TeV-madgraph-pythia8_65nominal.root
hadd Source file 29: PairVLQ_x53x53_tWtW_narrow_RH_M900_TuneCP5_13TeV-madgraph-pythia8_66nominal.root
hadd Source file 30: PairVLQ_x53x53_tWtW_narrow_RH_M900_TuneCP5_13TeV-madgraph-pythia8_6nominal.root
hadd Target path: PairVLQ_x53x53_tWtW_narrow_RH_M900_TuneCP5_13TeV-madgraph-pythia8_4nominal_hadd.root:/
>> mv PairVLQ_x53x53_tWtW_narrow_RH_M900_TuneCP5_13TeV-madgraph-pythia8_4nominal_hadd.root /isilon/hadoop/store/group/bruxljm/FWLJMET106XUL_singleLep2017UL_RunIISummer20_X53X53_step1/nominal/PairVLQ_x53x53_tWtW_narrow_RH_M900_TuneCP5_13TeV-madgraph-pythia8/PairVLQ_x53x53_tWtW_narrow_RH_M900_TuneCP5_13TeV-madgraph-pythia8_4.root
[DONE]
