000 (630125.000.000) 04/24 07:52:03 Job submitted from host: <172.20.3.187:9618?addrs=172.20.3.187-9618&noUDP&sock=2297_2121_3>
...
001 (630125.000.000) 04/24 07:56:12 Job executing on host: <172.20.225.8:9618?addrs=172.20.225.8-9618&noUDP&sock=3440_21e1_3>
...
006 (630125.000.000) 04/24 07:56:22 Image size of job updated: 41756
	40  -  MemoryUsage of job (MB)
	40116  -  ResidentSetSize of job (KB)
...
006 (630125.000.000) 04/24 08:01:22 Image size of job updated: 690596
	674  -  MemoryUsage of job (MB)
	689628  -  ResidentSetSize of job (KB)
...
006 (630125.000.000) 04/24 08:06:23 Image size of job updated: 964036
	942  -  MemoryUsage of job (MB)
	963596  -  ResidentSetSize of job (KB)
...
006 (630125.000.000) 04/24 08:11:24 Image size of job updated: 1169972
	1143  -  MemoryUsage of job (MB)
	1169624  -  ResidentSetSize of job (KB)
...
006 (630125.000.000) 04/24 08:16:24 Image size of job updated: 1351340
	1320  -  MemoryUsage of job (MB)
	1350992  -  ResidentSetSize of job (KB)
...
006 (630125.000.000) 04/24 08:21:24 Image size of job updated: 1500276
	1464  -  MemoryUsage of job (MB)
	1499044  -  ResidentSetSize of job (KB)
...
005 (630125.000.000) 04/24 08:23:14 Job terminated.
	(1) Normal termination (return value 0)
		Usr 0 00:25:31, Sys 0 00:00:32  -  Run Remote Usage
		Usr 0 00:00:00, Sys 0 00:00:00  -  Run Local Usage
		Usr 0 00:25:31, Sys 0 00:00:32  -  Total Remote Usage
		Usr 0 00:00:00, Sys 0 00:00:00  -  Total Local Usage
	1702779  -  Run Bytes Sent By Job
	8620734  -  Run Bytes Received By Job
	1702779  -  Total Bytes Sent By Job
	8620734  -  Total Bytes Received By Job
	Partitionable Resources :    Usage  Request Allocated 
	   Cpus                 :     0.98        1         1 
	   Disk (KB)            : 10637       10000 479737977 
	   Memory (MB)          :  1464        6144      8033 
...
000 (630184.000.000) 04/24 08:39:28 Job submitted from host: <172.20.3.187:9618?addrs=172.20.3.187-9618&noUDP&sock=2297_2121_3>
...
001 (630184.000.000) 04/24 08:54:33 Job executing on host: <172.20.225.5:9618?addrs=172.20.225.5-9618&noUDP&sock=3375_8c39_3>
...
006 (630184.000.000) 04/24 08:54:44 Image size of job updated: 12328
	13  -  MemoryUsage of job (MB)
	12328  -  ResidentSetSize of job (KB)
...
006 (630184.000.000) 04/24 08:59:44 Image size of job updated: 718508
	702  -  MemoryUsage of job (MB)
	718260  -  ResidentSetSize of job (KB)
...
006 (630184.000.000) 04/24 09:04:47 Image size of job updated: 978504
	956  -  MemoryUsage of job (MB)
	978276  -  ResidentSetSize of job (KB)
...
006 (630184.000.000) 04/24 09:09:45 Image size of job updated: 1177216
	1150  -  MemoryUsage of job (MB)
	1176796  -  ResidentSetSize of job (KB)
...
006 (630184.000.000) 04/24 09:14:46 Image size of job updated: 1353624
	1322  -  MemoryUsage of job (MB)
	1353316  -  ResidentSetSize of job (KB)
...
006 (630184.000.000) 04/24 09:19:46 Image size of job updated: 1503732
	1469  -  MemoryUsage of job (MB)
	1503432  -  ResidentSetSize of job (KB)
...
006 (630184.000.000) 04/24 09:21:29 Image size of job updated: 1630344
	1469  -  MemoryUsage of job (MB)
	1503440  -  ResidentSetSize of job (KB)
...
005 (630184.000.000) 04/24 09:21:29 Job terminated.
	(1) Normal termination (return value 0)
		Usr 0 00:25:11, Sys 0 00:00:34  -  Run Remote Usage
		Usr 0 00:00:00, Sys 0 00:00:00  -  Run Local Usage
		Usr 0 00:25:11, Sys 0 00:00:34  -  Total Remote Usage
		Usr 0 00:00:00, Sys 0 00:00:00  -  Total Local Usage
	1712582  -  Run Bytes Sent By Job
	8620823  -  Run Bytes Received By Job
	1712582  -  Total Bytes Sent By Job
	8620823  -  Total Bytes Received By Job
	Partitionable Resources :    Usage  Request Allocated 
	   Cpus                 :     0.99        1         1 
	   Disk (KB)            : 10647       10000 479749220 
	   Memory (MB)          :  1469        6144      8033 
...
