/isilon/condor/hep103.hep.brown.edu/execute/dir_114286
>> Setting macroDir to PWD

Processing compile_step1.C...
>> Running on BRUX, PairVLQ_x53x53_tWtW_narrow_RH_M1100_TuneCP5_13TeV-madgraph-pythia8 stored on BRUX
>> Input file path: /isilon/hadoop/store/group/bruxljm/FWLJMET106XUL_singleLep2017UL_RunIISummer20_X53X53/PairVLQ_x53x53_tWtW_narrow_RH_M1100_TuneCP5_13TeV-madgraph-pythia8/singleLep2017UL/230310_181922/0000
>> Running step1 over list: 40 41 42 43 44 45 46 47 48 49 5 50 51 52 53 54 55 56 57 58 59 6 60 61 62 63 64 65 66 67
>> Adding PairVLQ_x53x53_tWtW_narrow_RH_M1100_TuneCP5_13TeV-madgraph-pythia8_40.root to the list by reading PairVLQ_x53x53_tWtW_narrow_RH_M1100_TuneCP5_13TeV-madgraph-pythia8_40
>> Adding PairVLQ_x53x53_tWtW_narrow_RH_M1100_TuneCP5_13TeV-madgraph-pythia8_41.root to the list by reading PairVLQ_x53x53_tWtW_narrow_RH_M1100_TuneCP5_13TeV-madgraph-pythia8_41
>> Adding PairVLQ_x53x53_tWtW_narrow_RH_M1100_TuneCP5_13TeV-madgraph-pythia8_42.root to the list by reading PairVLQ_x53x53_tWtW_narrow_RH_M1100_TuneCP5_13TeV-madgraph-pythia8_42
>> Adding PairVLQ_x53x53_tWtW_narrow_RH_M1100_TuneCP5_13TeV-madgraph-pythia8_43.root to the list by reading PairVLQ_x53x53_tWtW_narrow_RH_M1100_TuneCP5_13TeV-madgraph-pythia8_43
>> Adding PairVLQ_x53x53_tWtW_narrow_RH_M1100_TuneCP5_13TeV-madgraph-pythia8_44.root to the list by reading PairVLQ_x53x53_tWtW_narrow_RH_M1100_TuneCP5_13TeV-madgraph-pythia8_44
>> Adding PairVLQ_x53x53_tWtW_narrow_RH_M1100_TuneCP5_13TeV-madgraph-pythia8_45.root to the list by reading PairVLQ_x53x53_tWtW_narrow_RH_M1100_TuneCP5_13TeV-madgraph-pythia8_45
>> Adding PairVLQ_x53x53_tWtW_narrow_RH_M1100_TuneCP5_13TeV-madgraph-pythia8_46.root to the list by reading PairVLQ_x53x53_tWtW_narrow_RH_M1100_TuneCP5_13TeV-madgraph-pythia8_46
>> Adding PairVLQ_x53x53_tWtW_narrow_RH_M1100_TuneCP5_13TeV-madgraph-pythia8_47.root to the list by reading PairVLQ_x53x53_tWtW_narrow_RH_M1100_TuneCP5_13TeV-madgraph-pythia8_47
>> Adding PairVLQ_x53x53_tWtW_narrow_RH_M1100_TuneCP5_13TeV-madgraph-pythia8_48.root to the list by reading PairVLQ_x53x53_tWtW_narrow_RH_M1100_TuneCP5_13TeV-madgraph-pythia8_48
>> Adding PairVLQ_x53x53_tWtW_narrow_RH_M1100_TuneCP5_13TeV-madgraph-pythia8_49.root to the list by reading PairVLQ_x53x53_tWtW_narrow_RH_M1100_TuneCP5_13TeV-madgraph-pythia8_49
>> Adding PairVLQ_x53x53_tWtW_narrow_RH_M1100_TuneCP5_13TeV-madgraph-pythia8_5.root to the list by reading PairVLQ_x53x53_tWtW_narrow_RH_M1100_TuneCP5_13TeV-madgraph-pythia8_5
>> Adding PairVLQ_x53x53_tWtW_narrow_RH_M1100_TuneCP5_13TeV-madgraph-pythia8_50.root to the list by reading PairVLQ_x53x53_tWtW_narrow_RH_M1100_TuneCP5_13TeV-madgraph-pythia8_50
>> Adding PairVLQ_x53x53_tWtW_narrow_RH_M1100_TuneCP5_13TeV-madgraph-pythia8_51.root to the list by reading PairVLQ_x53x53_tWtW_narrow_RH_M1100_TuneCP5_13TeV-madgraph-pythia8_51
>> Adding PairVLQ_x53x53_tWtW_narrow_RH_M1100_TuneCP5_13TeV-madgraph-pythia8_52.root to the list by reading PairVLQ_x53x53_tWtW_narrow_RH_M1100_TuneCP5_13TeV-madgraph-pythia8_52
>> Adding PairVLQ_x53x53_tWtW_narrow_RH_M1100_TuneCP5_13TeV-madgraph-pythia8_53.root to the list by reading PairVLQ_x53x53_tWtW_narrow_RH_M1100_TuneCP5_13TeV-madgraph-pythia8_53
>> Adding PairVLQ_x53x53_tWtW_narrow_RH_M1100_TuneCP5_13TeV-madgraph-pythia8_54.root to the list by reading PairVLQ_x53x53_tWtW_narrow_RH_M1100_TuneCP5_13TeV-madgraph-pythia8_54
>> Adding PairVLQ_x53x53_tWtW_narrow_RH_M1100_TuneCP5_13TeV-madgraph-pythia8_55.root to the list by reading PairVLQ_x53x53_tWtW_narrow_RH_M1100_TuneCP5_13TeV-madgraph-pythia8_55
>> Adding PairVLQ_x53x53_tWtW_narrow_RH_M1100_TuneCP5_13TeV-madgraph-pythia8_56.root to the list by reading PairVLQ_x53x53_tWtW_narrow_RH_M1100_TuneCP5_13TeV-madgraph-pythia8_56
>> Adding PairVLQ_x53x53_tWtW_narrow_RH_M1100_TuneCP5_13TeV-madgraph-pythia8_57.root to the list by reading PairVLQ_x53x53_tWtW_narrow_RH_M1100_TuneCP5_13TeV-madgraph-pythia8_57
>> Adding PairVLQ_x53x53_tWtW_narrow_RH_M1100_TuneCP5_13TeV-madgraph-pythia8_58.root to the list by reading PairVLQ_x53x53_tWtW_narrow_RH_M1100_TuneCP5_13TeV-madgraph-pythia8_58
>> Adding PairVLQ_x53x53_tWtW_narrow_RH_M1100_TuneCP5_13TeV-madgraph-pythia8_59.root to the list by reading PairVLQ_x53x53_tWtW_narrow_RH_M1100_TuneCP5_13TeV-madgraph-pythia8_59
>> Adding PairVLQ_x53x53_tWtW_narrow_RH_M1100_TuneCP5_13TeV-madgraph-pythia8_6.root to the list by reading PairVLQ_x53x53_tWtW_narrow_RH_M1100_TuneCP5_13TeV-madgraph-pythia8_6
>> Adding PairVLQ_x53x53_tWtW_narrow_RH_M1100_TuneCP5_13TeV-madgraph-pythia8_60.root to the list by reading PairVLQ_x53x53_tWtW_narrow_RH_M1100_TuneCP5_13TeV-madgraph-pythia8_60
>> Adding PairVLQ_x53x53_tWtW_narrow_RH_M1100_TuneCP5_13TeV-madgraph-pythia8_61.root to the list by reading PairVLQ_x53x53_tWtW_narrow_RH_M1100_TuneCP5_13TeV-madgraph-pythia8_61
>> Adding PairVLQ_x53x53_tWtW_narrow_RH_M1100_TuneCP5_13TeV-madgraph-pythia8_62.root to the list by reading PairVLQ_x53x53_tWtW_narrow_RH_M1100_TuneCP5_13TeV-madgraph-pythia8_62
>> Adding PairVLQ_x53x53_tWtW_narrow_RH_M1100_TuneCP5_13TeV-madgraph-pythia8_63.root to the list by reading PairVLQ_x53x53_tWtW_narrow_RH_M1100_TuneCP5_13TeV-madgraph-pythia8_63
>> Adding PairVLQ_x53x53_tWtW_narrow_RH_M1100_TuneCP5_13TeV-madgraph-pythia8_64.root to the list by reading PairVLQ_x53x53_tWtW_narrow_RH_M1100_TuneCP5_13TeV-madgraph-pythia8_64
>> Adding PairVLQ_x53x53_tWtW_narrow_RH_M1100_TuneCP5_13TeV-madgraph-pythia8_65.root to the list by reading PairVLQ_x53x53_tWtW_narrow_RH_M1100_TuneCP5_13TeV-madgraph-pythia8_65
>> Adding PairVLQ_x53x53_tWtW_narrow_RH_M1100_TuneCP5_13TeV-madgraph-pythia8_66.root to the list by reading PairVLQ_x53x53_tWtW_narrow_RH_M1100_TuneCP5_13TeV-madgraph-pythia8_66
>> Adding PairVLQ_x53x53_tWtW_narrow_RH_M1100_TuneCP5_13TeV-madgraph-pythia8_67.root to the list by reading PairVLQ_x53x53_tWtW_narrow_RH_M1100_TuneCP5_13TeV-madgraph-pythia8_67
[OPT] Using deepCSV reshaping file: reshaping_deepCSV_106XUL17_v4.csv
[OPT] Using deepJet reshaping file: reshaping_deepJet_106XUL17_v4.csv

>> Running /isilon/hadoop/store/group/bruxljm/FWLJMET106XUL_singleLep2017UL_RunIISummer20_X53X53/PairVLQ_x53x53_tWtW_narrow_RH_M1100_TuneCP5_13TeV-madgraph-pythia8/singleLep2017UL/230310_181922/0000/PairVLQ_x53x53_tWtW_narrow_RH_M1100_TuneCP5_13TeV-madgraph-pythia8_40.root for shift: nominal
[step1.h] Opening file: /isilon/hadoop/store/group/bruxljm/FWLJMET106XUL_singleLep2017UL_RunIISummer20_X53X53/PairVLQ_x53x53_tWtW_narrow_RH_M1100_TuneCP5_13TeV-madgraph-pythia8/singleLep2017UL/230310_181922/0000/PairVLQ_x53x53_tWtW_narrow_RH_M1100_TuneCP5_13TeV-madgraph-pythia8_40.root
[step1.h] Finished initializing
RUN CONFIG: YEAR = 2017
Era = 
isMC = 1, isSig = 1, SigMass = 4
isHad =0, isSE =0, isSM =0
isTTTT = 0, isXX = 1, isTpTp = 0, isBpBp = 0
For W's: isTT = 0, isSTt = 0, isSTtW = 0
For jets & PDF: isTOP = 0, isMadgraphBkg = 1
For HOTTagger Efficiencies: isTTV = 0, isTTHbb = 0, isTTHnonbb = 0, isTTTX = 0
isTTVV = 0, isST = 0, isTTToSemiLeptonHT500Njet9 = 0
Pileup sample key: PairVLQ_x53x53_tWtW_narrow_RH_M1100_TuneCP5_13TeV-madgraph-pythia8
b-tagging working points: 0.304(DeepJet)0.4506(DeepCSV)
isTTincMtt0to700: 0
isTTincMtt0to1000: 0
isTTincMtt700to1000: 0
isTTincMtt1000toInf: 0
isTTSemilepIncHT0Njet0: 0
isTTSemilepIncHT500Njet9: 0
outTTLF: 0
outTTCC: 0
outTTBB: 0
outTT1B: 0
outTT2B: 0
>> Completed 0 out of 1112 events
[INFO] Defaulting to central deepJet weight for: nominal
>> Completed 1000 out of 1112 events
Nelectrons      = 508 / 1112
Npassed_ElEta   = 508 / 1112
Nmuons          = 604 / 1112
NrelIsoFail     = 0 / 1112
Npassed_MuEta   = 604 / 1112
Npassed_nAK8Jets= 1112 / 1112
Npassed_Trigger = 1068 / 1112
Npassed_MET     = 970 / 1112
Npassed_lepPt   = 993 / 1112
Npassed_HT      = 1110 / 1112
npass_Njets     = 1111 / 1112
Npassed_ALL     = 868 / 1112

>> Running /isilon/hadoop/store/group/bruxljm/FWLJMET106XUL_singleLep2017UL_RunIISummer20_X53X53/PairVLQ_x53x53_tWtW_narrow_RH_M1100_TuneCP5_13TeV-madgraph-pythia8/singleLep2017UL/230310_181922/0000/PairVLQ_x53x53_tWtW_narrow_RH_M1100_TuneCP5_13TeV-madgraph-pythia8_41.root for shift: nominal
[step1.h] Opening file: /isilon/hadoop/store/group/bruxljm/FWLJMET106XUL_singleLep2017UL_RunIISummer20_X53X53/PairVLQ_x53x53_tWtW_narrow_RH_M1100_TuneCP5_13TeV-madgraph-pythia8/singleLep2017UL/230310_181922/0000/PairVLQ_x53x53_tWtW_narrow_RH_M1100_TuneCP5_13TeV-madgraph-pythia8_41.root
[step1.h] Finished initializing
RUN CONFIG: YEAR = 2017
Era = 
isMC = 1, isSig = 1, SigMass = 4
isHad =0, isSE =0, isSM =0
isTTTT = 0, isXX = 1, isTpTp = 0, isBpBp = 0
For W's: isTT = 0, isSTt = 0, isSTtW = 0
For jets & PDF: isTOP = 0, isMadgraphBkg = 1
For HOTTagger Efficiencies: isTTV = 0, isTTHbb = 0, isTTHnonbb = 0, isTTTX = 0
isTTVV = 0, isST = 0, isTTToSemiLeptonHT500Njet9 = 0
Pileup sample key: PairVLQ_x53x53_tWtW_narrow_RH_M1100_TuneCP5_13TeV-madgraph-pythia8
b-tagging working points: 0.304(DeepJet)0.4506(DeepCSV)
isTTincMtt0to700: 0
isTTincMtt0to1000: 0
isTTincMtt700to1000: 0
isTTincMtt1000toInf: 0
isTTSemilepIncHT0Njet0: 0
isTTSemilepIncHT500Njet9: 0
outTTLF: 0
outTTCC: 0
outTTBB: 0
outTT1B: 0
outTT2B: 0
>> Completed 0 out of 526 events
[INFO] Defaulting to central deepJet weight for: nominal
Nelectrons      = 247 / 526
Npassed_ElEta   = 247 / 526
Nmuons          = 279 / 526
NrelIsoFail     = 0 / 526
Npassed_MuEta   = 279 / 526
Npassed_nAK8Jets= 526 / 526
Npassed_Trigger = 504 / 526
Npassed_MET     = 445 / 526
Npassed_lepPt   = 456 / 526
Npassed_HT      = 525 / 526
npass_Njets     = 525 / 526
Npassed_ALL     = 386 / 526

>> Running /isilon/hadoop/store/group/bruxljm/FWLJMET106XUL_singleLep2017UL_RunIISummer20_X53X53/PairVLQ_x53x53_tWtW_narrow_RH_M1100_TuneCP5_13TeV-madgraph-pythia8/singleLep2017UL/230310_181922/0000/PairVLQ_x53x53_tWtW_narrow_RH_M1100_TuneCP5_13TeV-madgraph-pythia8_42.root for shift: nominal
[step1.h] Opening file: /isilon/hadoop/store/group/bruxljm/FWLJMET106XUL_singleLep2017UL_RunIISummer20_X53X53/PairVLQ_x53x53_tWtW_narrow_RH_M1100_TuneCP5_13TeV-madgraph-pythia8/singleLep2017UL/230310_181922/0000/PairVLQ_x53x53_tWtW_narrow_RH_M1100_TuneCP5_13TeV-madgraph-pythia8_42.root
[step1.h] Finished initializing
RUN CONFIG: YEAR = 2017
Era = 
isMC = 1, isSig = 1, SigMass = 4
isHad =0, isSE =0, isSM =0
isTTTT = 0, isXX = 1, isTpTp = 0, isBpBp = 0
For W's: isTT = 0, isSTt = 0, isSTtW = 0
For jets & PDF: isTOP = 0, isMadgraphBkg = 1
For HOTTagger Efficiencies: isTTV = 0, isTTHbb = 0, isTTHnonbb = 0, isTTTX = 0
isTTVV = 0, isST = 0, isTTToSemiLeptonHT500Njet9 = 0
Pileup sample key: PairVLQ_x53x53_tWtW_narrow_RH_M1100_TuneCP5_13TeV-madgraph-pythia8
b-tagging working points: 0.304(DeepJet)0.4506(DeepCSV)
isTTincMtt0to700: 0
isTTincMtt0to1000: 0
isTTincMtt700to1000: 0
isTTincMtt1000toInf: 0
isTTSemilepIncHT0Njet0: 0
isTTSemilepIncHT500Njet9: 0
outTTLF: 0
outTTCC: 0
outTTBB: 0
outTT1B: 0
outTT2B: 0
>> Completed 0 out of 1068 events
[INFO] Defaulting to central deepJet weight for: nominal
>> Completed 1000 out of 1068 events
Nelectrons      = 510 / 1068
Npassed_ElEta   = 510 / 1068
Nmuons          = 558 / 1068
NrelIsoFail     = 0 / 1068
Npassed_MuEta   = 558 / 1068
Npassed_nAK8Jets= 1068 / 1068
Npassed_Trigger = 1015 / 1068
Npassed_MET     = 920 / 1068
Npassed_lepPt   = 953 / 1068
Npassed_HT      = 1066 / 1068
npass_Njets     = 1066 / 1068
Npassed_ALL     = 819 / 1068

>> Running /isilon/hadoop/store/group/bruxljm/FWLJMET106XUL_singleLep2017UL_RunIISummer20_X53X53/PairVLQ_x53x53_tWtW_narrow_RH_M1100_TuneCP5_13TeV-madgraph-pythia8/singleLep2017UL/230310_181922/0000/PairVLQ_x53x53_tWtW_narrow_RH_M1100_TuneCP5_13TeV-madgraph-pythia8_43.root for shift: nominal
[step1.h] Opening file: /isilon/hadoop/store/group/bruxljm/FWLJMET106XUL_singleLep2017UL_RunIISummer20_X53X53/PairVLQ_x53x53_tWtW_narrow_RH_M1100_TuneCP5_13TeV-madgraph-pythia8/singleLep2017UL/230310_181922/0000/PairVLQ_x53x53_tWtW_narrow_RH_M1100_TuneCP5_13TeV-madgraph-pythia8_43.root
[step1.h] Finished initializing
RUN CONFIG: YEAR = 2017
Era = 
isMC = 1, isSig = 1, SigMass = 4
isHad =0, isSE =0, isSM =0
isTTTT = 0, isXX = 1, isTpTp = 0, isBpBp = 0
For W's: isTT = 0, isSTt = 0, isSTtW = 0
For jets & PDF: isTOP = 0, isMadgraphBkg = 1
For HOTTagger Efficiencies: isTTV = 0, isTTHbb = 0, isTTHnonbb = 0, isTTTX = 0
isTTVV = 0, isST = 0, isTTToSemiLeptonHT500Njet9 = 0
Pileup sample key: PairVLQ_x53x53_tWtW_narrow_RH_M1100_TuneCP5_13TeV-madgraph-pythia8
b-tagging working points: 0.304(DeepJet)0.4506(DeepCSV)
isTTincMtt0to700: 0
isTTincMtt0to1000: 0
isTTincMtt700to1000: 0
isTTincMtt1000toInf: 0
isTTSemilepIncHT0Njet0: 0
isTTSemilepIncHT500Njet9: 0
outTTLF: 0
outTTCC: 0
outTTBB: 0
outTT1B: 0
outTT2B: 0
>> Completed 0 out of 1018 events
[INFO] Defaulting to central deepJet weight for: nominal
>> Completed 1000 out of 1018 events
Nelectrons      = 498 / 1018
Npassed_ElEta   = 498 / 1018
Nmuons          = 520 / 1018
NrelIsoFail     = 0 / 1018
Npassed_MuEta   = 520 / 1018
Npassed_nAK8Jets= 1018 / 1018
Npassed_Trigger = 989 / 1018
Npassed_MET     = 889 / 1018
Npassed_lepPt   = 906 / 1018
Npassed_HT      = 1017 / 1018
npass_Njets     = 1015 / 1018
Npassed_ALL     = 791 / 1018

>> Running /isilon/hadoop/store/group/bruxljm/FWLJMET106XUL_singleLep2017UL_RunIISummer20_X53X53/PairVLQ_x53x53_tWtW_narrow_RH_M1100_TuneCP5_13TeV-madgraph-pythia8/singleLep2017UL/230310_181922/0000/PairVLQ_x53x53_tWtW_narrow_RH_M1100_TuneCP5_13TeV-madgraph-pythia8_44.root for shift: nominal
[step1.h] Opening file: /isilon/hadoop/store/group/bruxljm/FWLJMET106XUL_singleLep2017UL_RunIISummer20_X53X53/PairVLQ_x53x53_tWtW_narrow_RH_M1100_TuneCP5_13TeV-madgraph-pythia8/singleLep2017UL/230310_181922/0000/PairVLQ_x53x53_tWtW_narrow_RH_M1100_TuneCP5_13TeV-madgraph-pythia8_44.root
[step1.h] Finished initializing
RUN CONFIG: YEAR = 2017
Era = 
isMC = 1, isSig = 1, SigMass = 4
isHad =0, isSE =0, isSM =0
isTTTT = 0, isXX = 1, isTpTp = 0, isBpBp = 0
For W's: isTT = 0, isSTt = 0, isSTtW = 0
For jets & PDF: isTOP = 0, isMadgraphBkg = 1
For HOTTagger Efficiencies: isTTV = 0, isTTHbb = 0, isTTHnonbb = 0, isTTTX = 0
isTTVV = 0, isST = 0, isTTToSemiLeptonHT500Njet9 = 0
Pileup sample key: PairVLQ_x53x53_tWtW_narrow_RH_M1100_TuneCP5_13TeV-madgraph-pythia8
b-tagging working points: 0.304(DeepJet)0.4506(DeepCSV)
isTTincMtt0to700: 0
isTTincMtt0to1000: 0
isTTincMtt700to1000: 0
isTTincMtt1000toInf: 0
isTTSemilepIncHT0Njet0: 0
isTTSemilepIncHT500Njet9: 0
outTTLF: 0
outTTCC: 0
outTTBB: 0
outTT1B: 0
outTT2B: 0
>> Completed 0 out of 1037 events
[INFO] Defaulting to central deepJet weight for: nominal
>> Completed 1000 out of 1037 events
Nelectrons      = 478 / 1037
Npassed_ElEta   = 478 / 1037
Nmuons          = 559 / 1037
NrelIsoFail     = 0 / 1037
Npassed_MuEta   = 559 / 1037
Npassed_nAK8Jets= 1037 / 1037
Npassed_Trigger = 1009 / 1037
Npassed_MET     = 901 / 1037
Npassed_lepPt   = 917 / 1037
Npassed_HT      = 1036 / 1037
npass_Njets     = 1034 / 1037
Npassed_ALL     = 788 / 1037

>> Running /isilon/hadoop/store/group/bruxljm/FWLJMET106XUL_singleLep2017UL_RunIISummer20_X53X53/PairVLQ_x53x53_tWtW_narrow_RH_M1100_TuneCP5_13TeV-madgraph-pythia8/singleLep2017UL/230310_181922/0000/PairVLQ_x53x53_tWtW_narrow_RH_M1100_TuneCP5_13TeV-madgraph-pythia8_45.root for shift: nominal
[step1.h] Opening file: /isilon/hadoop/store/group/bruxljm/FWLJMET106XUL_singleLep2017UL_RunIISummer20_X53X53/PairVLQ_x53x53_tWtW_narrow_RH_M1100_TuneCP5_13TeV-madgraph-pythia8/singleLep2017UL/230310_181922/0000/PairVLQ_x53x53_tWtW_narrow_RH_M1100_TuneCP5_13TeV-madgraph-pythia8_45.root
[step1.h] Finished initializing
RUN CONFIG: YEAR = 2017
Era = 
isMC = 1, isSig = 1, SigMass = 4
isHad =0, isSE =0, isSM =0
isTTTT = 0, isXX = 1, isTpTp = 0, isBpBp = 0
For W's: isTT = 0, isSTt = 0, isSTtW = 0
For jets & PDF: isTOP = 0, isMadgraphBkg = 1
For HOTTagger Efficiencies: isTTV = 0, isTTHbb = 0, isTTHnonbb = 0, isTTTX = 0
isTTVV = 0, isST = 0, isTTToSemiLeptonHT500Njet9 = 0
Pileup sample key: PairVLQ_x53x53_tWtW_narrow_RH_M1100_TuneCP5_13TeV-madgraph-pythia8
b-tagging working points: 0.304(DeepJet)0.4506(DeepCSV)
isTTincMtt0to700: 0
isTTincMtt0to1000: 0
isTTincMtt700to1000: 0
isTTincMtt1000toInf: 0
isTTSemilepIncHT0Njet0: 0
isTTSemilepIncHT500Njet9: 0
outTTLF: 0
outTTCC: 0
outTTBB: 0
outTT1B: 0
outTT2B: 0
>> Completed 0 out of 537 events
[INFO] Defaulting to central deepJet weight for: nominal
Nelectrons      = 253 / 537
Npassed_ElEta   = 253 / 537
Nmuons          = 284 / 537
NrelIsoFail     = 0 / 537
Npassed_MuEta   = 284 / 537
Npassed_nAK8Jets= 537 / 537
Npassed_Trigger = 511 / 537
Npassed_MET     = 469 / 537
Npassed_lepPt   = 475 / 537
Npassed_HT      = 536 / 537
npass_Njets     = 534 / 537
Npassed_ALL     = 409 / 537

>> Running /isilon/hadoop/store/group/bruxljm/FWLJMET106XUL_singleLep2017UL_RunIISummer20_X53X53/PairVLQ_x53x53_tWtW_narrow_RH_M1100_TuneCP5_13TeV-madgraph-pythia8/singleLep2017UL/230310_181922/0000/PairVLQ_x53x53_tWtW_narrow_RH_M1100_TuneCP5_13TeV-madgraph-pythia8_46.root for shift: nominal
[step1.h] Opening file: /isilon/hadoop/store/group/bruxljm/FWLJMET106XUL_singleLep2017UL_RunIISummer20_X53X53/PairVLQ_x53x53_tWtW_narrow_RH_M1100_TuneCP5_13TeV-madgraph-pythia8/singleLep2017UL/230310_181922/0000/PairVLQ_x53x53_tWtW_narrow_RH_M1100_TuneCP5_13TeV-madgraph-pythia8_46.root
[step1.h] Finished initializing
RUN CONFIG: YEAR = 2017
Era = 
isMC = 1, isSig = 1, SigMass = 4
isHad =0, isSE =0, isSM =0
isTTTT = 0, isXX = 1, isTpTp = 0, isBpBp = 0
For W's: isTT = 0, isSTt = 0, isSTtW = 0
For jets & PDF: isTOP = 0, isMadgraphBkg = 1
For HOTTagger Efficiencies: isTTV = 0, isTTHbb = 0, isTTHnonbb = 0, isTTTX = 0
isTTVV = 0, isST = 0, isTTToSemiLeptonHT500Njet9 = 0
Pileup sample key: PairVLQ_x53x53_tWtW_narrow_RH_M1100_TuneCP5_13TeV-madgraph-pythia8
b-tagging working points: 0.304(DeepJet)0.4506(DeepCSV)
isTTincMtt0to700: 0
isTTincMtt0to1000: 0
isTTincMtt700to1000: 0
isTTincMtt1000toInf: 0
isTTSemilepIncHT0Njet0: 0
isTTSemilepIncHT500Njet9: 0
outTTLF: 0
outTTCC: 0
outTTBB: 0
outTT1B: 0
outTT2B: 0
>> Completed 0 out of 1038 events
[INFO] Defaulting to central deepJet weight for: nominal
>> Completed 1000 out of 1038 events
Nelectrons      = 475 / 1038
Npassed_ElEta   = 475 / 1038
Nmuons          = 563 / 1038
NrelIsoFail     = 0 / 1038
Npassed_MuEta   = 563 / 1038
Npassed_nAK8Jets= 1038 / 1038
Npassed_Trigger = 1000 / 1038
Npassed_MET     = 888 / 1038
Npassed_lepPt   = 918 / 1038
Npassed_HT      = 1035 / 1038
npass_Njets     = 1034 / 1038
Npassed_ALL     = 779 / 1038

>> Running /isilon/hadoop/store/group/bruxljm/FWLJMET106XUL_singleLep2017UL_RunIISummer20_X53X53/PairVLQ_x53x53_tWtW_narrow_RH_M1100_TuneCP5_13TeV-madgraph-pythia8/singleLep2017UL/230310_181922/0000/PairVLQ_x53x53_tWtW_narrow_RH_M1100_TuneCP5_13TeV-madgraph-pythia8_47.root for shift: nominal
[step1.h] Opening file: /isilon/hadoop/store/group/bruxljm/FWLJMET106XUL_singleLep2017UL_RunIISummer20_X53X53/PairVLQ_x53x53_tWtW_narrow_RH_M1100_TuneCP5_13TeV-madgraph-pythia8/singleLep2017UL/230310_181922/0000/PairVLQ_x53x53_tWtW_narrow_RH_M1100_TuneCP5_13TeV-madgraph-pythia8_47.root
[step1.h] Finished initializing
RUN CONFIG: YEAR = 2017
Era = 
isMC = 1, isSig = 1, SigMass = 4
isHad =0, isSE =0, isSM =0
isTTTT = 0, isXX = 1, isTpTp = 0, isBpBp = 0
For W's: isTT = 0, isSTt = 0, isSTtW = 0
For jets & PDF: isTOP = 0, isMadgraphBkg = 1
For HOTTagger Efficiencies: isTTV = 0, isTTHbb = 0, isTTHnonbb = 0, isTTTX = 0
isTTVV = 0, isST = 0, isTTToSemiLeptonHT500Njet9 = 0
Pileup sample key: PairVLQ_x53x53_tWtW_narrow_RH_M1100_TuneCP5_13TeV-madgraph-pythia8
b-tagging working points: 0.304(DeepJet)0.4506(DeepCSV)
isTTincMtt0to700: 0
isTTincMtt0to1000: 0
isTTincMtt700to1000: 0
isTTincMtt1000toInf: 0
isTTSemilepIncHT0Njet0: 0
isTTSemilepIncHT500Njet9: 0
outTTLF: 0
outTTCC: 0
outTTBB: 0
outTT1B: 0
outTT2B: 0
>> Completed 0 out of 515 events
[INFO] Defaulting to central deepJet weight for: nominal
Nelectrons      = 222 / 515
Npassed_ElEta   = 222 / 515
Nmuons          = 293 / 515
NrelIsoFail     = 0 / 515
Npassed_MuEta   = 293 / 515
Npassed_nAK8Jets= 515 / 515
Npassed_Trigger = 495 / 515
Npassed_MET     = 430 / 515
Npassed_lepPt   = 465 / 515
Npassed_HT      = 512 / 515
npass_Njets     = 514 / 515
Npassed_ALL     = 390 / 515

>> Running /isilon/hadoop/store/group/bruxljm/FWLJMET106XUL_singleLep2017UL_RunIISummer20_X53X53/PairVLQ_x53x53_tWtW_narrow_RH_M1100_TuneCP5_13TeV-madgraph-pythia8/singleLep2017UL/230310_181922/0000/PairVLQ_x53x53_tWtW_narrow_RH_M1100_TuneCP5_13TeV-madgraph-pythia8_48.root for shift: nominal
[step1.h] Opening file: /isilon/hadoop/store/group/bruxljm/FWLJMET106XUL_singleLep2017UL_RunIISummer20_X53X53/PairVLQ_x53x53_tWtW_narrow_RH_M1100_TuneCP5_13TeV-madgraph-pythia8/singleLep2017UL/230310_181922/0000/PairVLQ_x53x53_tWtW_narrow_RH_M1100_TuneCP5_13TeV-madgraph-pythia8_48.root
[step1.h] Finished initializing
RUN CONFIG: YEAR = 2017
Era = 
isMC = 1, isSig = 1, SigMass = 4
isHad =0, isSE =0, isSM =0
isTTTT = 0, isXX = 1, isTpTp = 0, isBpBp = 0
For W's: isTT = 0, isSTt = 0, isSTtW = 0
For jets & PDF: isTOP = 0, isMadgraphBkg = 1
For HOTTagger Efficiencies: isTTV = 0, isTTHbb = 0, isTTHnonbb = 0, isTTTX = 0
isTTVV = 0, isST = 0, isTTToSemiLeptonHT500Njet9 = 0
Pileup sample key: PairVLQ_x53x53_tWtW_narrow_RH_M1100_TuneCP5_13TeV-madgraph-pythia8
b-tagging working points: 0.304(DeepJet)0.4506(DeepCSV)
isTTincMtt0to700: 0
isTTincMtt0to1000: 0
isTTincMtt700to1000: 0
isTTincMtt1000toInf: 0
isTTSemilepIncHT0Njet0: 0
isTTSemilepIncHT500Njet9: 0
outTTLF: 0
outTTCC: 0
outTTBB: 0
outTT1B: 0
outTT2B: 0
>> Completed 0 out of 1071 events
[INFO] Defaulting to central deepJet weight for: nominal
>> Completed 1000 out of 1071 events
Nelectrons      = 501 / 1071
Npassed_ElEta   = 501 / 1071
Nmuons          = 570 / 1071
NrelIsoFail     = 0 / 1071
Npassed_MuEta   = 570 / 1071
Npassed_nAK8Jets= 1071 / 1071
Npassed_Trigger = 1032 / 1071
Npassed_MET     = 919 / 1071
Npassed_lepPt   = 973 / 1071
Npassed_HT      = 1069 / 1071
npass_Njets     = 1068 / 1071
Npassed_ALL     = 826 / 1071

>> Running /isilon/hadoop/store/group/bruxljm/FWLJMET106XUL_singleLep2017UL_RunIISummer20_X53X53/PairVLQ_x53x53_tWtW_narrow_RH_M1100_TuneCP5_13TeV-madgraph-pythia8/singleLep2017UL/230310_181922/0000/PairVLQ_x53x53_tWtW_narrow_RH_M1100_TuneCP5_13TeV-madgraph-pythia8_49.root for shift: nominal
[step1.h] Opening file: /isilon/hadoop/store/group/bruxljm/FWLJMET106XUL_singleLep2017UL_RunIISummer20_X53X53/PairVLQ_x53x53_tWtW_narrow_RH_M1100_TuneCP5_13TeV-madgraph-pythia8/singleLep2017UL/230310_181922/0000/PairVLQ_x53x53_tWtW_narrow_RH_M1100_TuneCP5_13TeV-madgraph-pythia8_49.root
[step1.h] Finished initializing
RUN CONFIG: YEAR = 2017
Era = 
isMC = 1, isSig = 1, SigMass = 4
isHad =0, isSE =0, isSM =0
isTTTT = 0, isXX = 1, isTpTp = 0, isBpBp = 0
For W's: isTT = 0, isSTt = 0, isSTtW = 0
For jets & PDF: isTOP = 0, isMadgraphBkg = 1
For HOTTagger Efficiencies: isTTV = 0, isTTHbb = 0, isTTHnonbb = 0, isTTTX = 0
isTTVV = 0, isST = 0, isTTToSemiLeptonHT500Njet9 = 0
Pileup sample key: PairVLQ_x53x53_tWtW_narrow_RH_M1100_TuneCP5_13TeV-madgraph-pythia8
b-tagging working points: 0.304(DeepJet)0.4506(DeepCSV)
isTTincMtt0to700: 0
isTTincMtt0to1000: 0
isTTincMtt700to1000: 0
isTTincMtt1000toInf: 0
isTTSemilepIncHT0Njet0: 0
isTTSemilepIncHT500Njet9: 0
outTTLF: 0
outTTCC: 0
outTTBB: 0
outTT1B: 0
outTT2B: 0
>> Completed 0 out of 1057 events
[INFO] Defaulting to central deepJet weight for: nominal
>> Completed 1000 out of 1057 events
Nelectrons      = 484 / 1057
Npassed_ElEta   = 484 / 1057
Nmuons          = 573 / 1057
NrelIsoFail     = 0 / 1057
Npassed_MuEta   = 573 / 1057
Npassed_nAK8Jets= 1057 / 1057
Npassed_Trigger = 1020 / 1057
Npassed_MET     = 890 / 1057
Npassed_lepPt   = 961 / 1057
Npassed_HT      = 1052 / 1057
npass_Njets     = 1053 / 1057
Npassed_ALL     = 795 / 1057

>> Running /isilon/hadoop/store/group/bruxljm/FWLJMET106XUL_singleLep2017UL_RunIISummer20_X53X53/PairVLQ_x53x53_tWtW_narrow_RH_M1100_TuneCP5_13TeV-madgraph-pythia8/singleLep2017UL/230310_181922/0000/PairVLQ_x53x53_tWtW_narrow_RH_M1100_TuneCP5_13TeV-madgraph-pythia8_5.root for shift: nominal
[step1.h] Opening file: /isilon/hadoop/store/group/bruxljm/FWLJMET106XUL_singleLep2017UL_RunIISummer20_X53X53/PairVLQ_x53x53_tWtW_narrow_RH_M1100_TuneCP5_13TeV-madgraph-pythia8/singleLep2017UL/230310_181922/0000/PairVLQ_x53x53_tWtW_narrow_RH_M1100_TuneCP5_13TeV-madgraph-pythia8_5.root
[step1.h] Finished initializing
RUN CONFIG: YEAR = 2017
Era = 
isMC = 1, isSig = 1, SigMass = 4
isHad =0, isSE =0, isSM =0
isTTTT = 0, isXX = 1, isTpTp = 0, isBpBp = 0
For W's: isTT = 0, isSTt = 0, isSTtW = 0
For jets & PDF: isTOP = 0, isMadgraphBkg = 1
For HOTTagger Efficiencies: isTTV = 0, isTTHbb = 0, isTTHnonbb = 0, isTTTX = 0
isTTVV = 0, isST = 0, isTTToSemiLeptonHT500Njet9 = 0
Pileup sample key: PairVLQ_x53x53_tWtW_narrow_RH_M1100_TuneCP5_13TeV-madgraph-pythia8
b-tagging working points: 0.304(DeepJet)0.4506(DeepCSV)
isTTincMtt0to700: 0
isTTincMtt0to1000: 0
isTTincMtt700to1000: 0
isTTincMtt1000toInf: 0
isTTSemilepIncHT0Njet0: 0
isTTSemilepIncHT500Njet9: 0
outTTLF: 0
outTTCC: 0
outTTBB: 0
outTT1B: 0
outTT2B: 0
>> Completed 0 out of 1086 events
[INFO] Defaulting to central deepJet weight for: nominal
>> Completed 1000 out of 1086 events
Nelectrons      = 499 / 1086
Npassed_ElEta   = 499 / 1086
Nmuons          = 587 / 1086
NrelIsoFail     = 0 / 1086
Npassed_MuEta   = 587 / 1086
Npassed_nAK8Jets= 1086 / 1086
Npassed_Trigger = 1051 / 1086
Npassed_MET     = 934 / 1086
Npassed_lepPt   = 966 / 1086
Npassed_HT      = 1083 / 1086
npass_Njets     = 1084 / 1086
Npassed_ALL     = 823 / 1086

>> Running /isilon/hadoop/store/group/bruxljm/FWLJMET106XUL_singleLep2017UL_RunIISummer20_X53X53/PairVLQ_x53x53_tWtW_narrow_RH_M1100_TuneCP5_13TeV-madgraph-pythia8/singleLep2017UL/230310_181922/0000/PairVLQ_x53x53_tWtW_narrow_RH_M1100_TuneCP5_13TeV-madgraph-pythia8_50.root for shift: nominal
[step1.h] Opening file: /isilon/hadoop/store/group/bruxljm/FWLJMET106XUL_singleLep2017UL_RunIISummer20_X53X53/PairVLQ_x53x53_tWtW_narrow_RH_M1100_TuneCP5_13TeV-madgraph-pythia8/singleLep2017UL/230310_181922/0000/PairVLQ_x53x53_tWtW_narrow_RH_M1100_TuneCP5_13TeV-madgraph-pythia8_50.root
[step1.h] Finished initializing
RUN CONFIG: YEAR = 2017
Era = 
isMC = 1, isSig = 1, SigMass = 4
isHad =0, isSE =0, isSM =0
isTTTT = 0, isXX = 1, isTpTp = 0, isBpBp = 0
For W's: isTT = 0, isSTt = 0, isSTtW = 0
For jets & PDF: isTOP = 0, isMadgraphBkg = 1
For HOTTagger Efficiencies: isTTV = 0, isTTHbb = 0, isTTHnonbb = 0, isTTTX = 0
isTTVV = 0, isST = 0, isTTToSemiLeptonHT500Njet9 = 0
Pileup sample key: PairVLQ_x53x53_tWtW_narrow_RH_M1100_TuneCP5_13TeV-madgraph-pythia8
b-tagging working points: 0.304(DeepJet)0.4506(DeepCSV)
isTTincMtt0to700: 0
isTTincMtt0to1000: 0
isTTincMtt700to1000: 0
isTTincMtt1000toInf: 0
isTTSemilepIncHT0Njet0: 0
isTTSemilepIncHT500Njet9: 0
outTTLF: 0
outTTCC: 0
outTTBB: 0
outTT1B: 0
outTT2B: 0
>> Completed 0 out of 1102 events
[INFO] Defaulting to central deepJet weight for: nominal
>> Completed 1000 out of 1102 events
Nelectrons      = 507 / 1102
Npassed_ElEta   = 507 / 1102
Nmuons          = 595 / 1102
NrelIsoFail     = 0 / 1102
Npassed_MuEta   = 595 / 1102
Npassed_nAK8Jets= 1102 / 1102
Npassed_Trigger = 1063 / 1102
Npassed_MET     = 949 / 1102
Npassed_lepPt   = 971 / 1102
Npassed_HT      = 1102 / 1102
npass_Njets     = 1098 / 1102
Npassed_ALL     = 830 / 1102

>> Running /isilon/hadoop/store/group/bruxljm/FWLJMET106XUL_singleLep2017UL_RunIISummer20_X53X53/PairVLQ_x53x53_tWtW_narrow_RH_M1100_TuneCP5_13TeV-madgraph-pythia8/singleLep2017UL/230310_181922/0000/PairVLQ_x53x53_tWtW_narrow_RH_M1100_TuneCP5_13TeV-madgraph-pythia8_51.root for shift: nominal
[step1.h] Opening file: /isilon/hadoop/store/group/bruxljm/FWLJMET106XUL_singleLep2017UL_RunIISummer20_X53X53/PairVLQ_x53x53_tWtW_narrow_RH_M1100_TuneCP5_13TeV-madgraph-pythia8/singleLep2017UL/230310_181922/0000/PairVLQ_x53x53_tWtW_narrow_RH_M1100_TuneCP5_13TeV-madgraph-pythia8_51.root
[step1.h] Finished initializing
RUN CONFIG: YEAR = 2017
Era = 
isMC = 1, isSig = 1, SigMass = 4
isHad =0, isSE =0, isSM =0
isTTTT = 0, isXX = 1, isTpTp = 0, isBpBp = 0
For W's: isTT = 0, isSTt = 0, isSTtW = 0
For jets & PDF: isTOP = 0, isMadgraphBkg = 1
For HOTTagger Efficiencies: isTTV = 0, isTTHbb = 0, isTTHnonbb = 0, isTTTX = 0
isTTVV = 0, isST = 0, isTTToSemiLeptonHT500Njet9 = 0
Pileup sample key: PairVLQ_x53x53_tWtW_narrow_RH_M1100_TuneCP5_13TeV-madgraph-pythia8
b-tagging working points: 0.304(DeepJet)0.4506(DeepCSV)
isTTincMtt0to700: 0
isTTincMtt0to1000: 0
isTTincMtt700to1000: 0
isTTincMtt1000toInf: 0
isTTSemilepIncHT0Njet0: 0
isTTSemilepIncHT500Njet9: 0
outTTLF: 0
outTTCC: 0
outTTBB: 0
outTT1B: 0
outTT2B: 0
>> Completed 0 out of 1036 events
[INFO] Defaulting to central deepJet weight for: nominal
>> Completed 1000 out of 1036 events
Nelectrons      = 477 / 1036
Npassed_ElEta   = 477 / 1036
Nmuons          = 559 / 1036
NrelIsoFail     = 0 / 1036
Npassed_MuEta   = 559 / 1036
Npassed_nAK8Jets= 1036 / 1036
Npassed_Trigger = 995 / 1036
Npassed_MET     = 896 / 1036
Npassed_lepPt   = 924 / 1036
Npassed_HT      = 1032 / 1036
npass_Njets     = 1034 / 1036
Npassed_ALL     = 794 / 1036

>> Running /isilon/hadoop/store/group/bruxljm/FWLJMET106XUL_singleLep2017UL_RunIISummer20_X53X53/PairVLQ_x53x53_tWtW_narrow_RH_M1100_TuneCP5_13TeV-madgraph-pythia8/singleLep2017UL/230310_181922/0000/PairVLQ_x53x53_tWtW_narrow_RH_M1100_TuneCP5_13TeV-madgraph-pythia8_52.root for shift: nominal
[step1.h] Opening file: /isilon/hadoop/store/group/bruxljm/FWLJMET106XUL_singleLep2017UL_RunIISummer20_X53X53/PairVLQ_x53x53_tWtW_narrow_RH_M1100_TuneCP5_13TeV-madgraph-pythia8/singleLep2017UL/230310_181922/0000/PairVLQ_x53x53_tWtW_narrow_RH_M1100_TuneCP5_13TeV-madgraph-pythia8_52.root
[step1.h] Finished initializing
RUN CONFIG: YEAR = 2017
Era = 
isMC = 1, isSig = 1, SigMass = 4
isHad =0, isSE =0, isSM =0
isTTTT = 0, isXX = 1, isTpTp = 0, isBpBp = 0
For W's: isTT = 0, isSTt = 0, isSTtW = 0
For jets & PDF: isTOP = 0, isMadgraphBkg = 1
For HOTTagger Efficiencies: isTTV = 0, isTTHbb = 0, isTTHnonbb = 0, isTTTX = 0
isTTVV = 0, isST = 0, isTTToSemiLeptonHT500Njet9 = 0
Pileup sample key: PairVLQ_x53x53_tWtW_narrow_RH_M1100_TuneCP5_13TeV-madgraph-pythia8
b-tagging working points: 0.304(DeepJet)0.4506(DeepCSV)
isTTincMtt0to700: 0
isTTincMtt0to1000: 0
isTTincMtt700to1000: 0
isTTincMtt1000toInf: 0
isTTSemilepIncHT0Njet0: 0
isTTSemilepIncHT500Njet9: 0
outTTLF: 0
outTTCC: 0
outTTBB: 0
outTT1B: 0
outTT2B: 0
>> Completed 0 out of 1074 events
[INFO] Defaulting to central deepJet weight for: nominal
>> Completed 1000 out of 1074 events
Nelectrons      = 519 / 1074
Npassed_ElEta   = 519 / 1074
Nmuons          = 555 / 1074
NrelIsoFail     = 0 / 1074
Npassed_MuEta   = 555 / 1074
Npassed_nAK8Jets= 1074 / 1074
Npassed_Trigger = 1034 / 1074
Npassed_MET     = 891 / 1074
Npassed_lepPt   = 952 / 1074
Npassed_HT      = 1068 / 1074
npass_Njets     = 1071 / 1074
Npassed_ALL     = 785 / 1074

>> Running /isilon/hadoop/store/group/bruxljm/FWLJMET106XUL_singleLep2017UL_RunIISummer20_X53X53/PairVLQ_x53x53_tWtW_narrow_RH_M1100_TuneCP5_13TeV-madgraph-pythia8/singleLep2017UL/230310_181922/0000/PairVLQ_x53x53_tWtW_narrow_RH_M1100_TuneCP5_13TeV-madgraph-pythia8_53.root for shift: nominal
[step1.h] Opening file: /isilon/hadoop/store/group/bruxljm/FWLJMET106XUL_singleLep2017UL_RunIISummer20_X53X53/PairVLQ_x53x53_tWtW_narrow_RH_M1100_TuneCP5_13TeV-madgraph-pythia8/singleLep2017UL/230310_181922/0000/PairVLQ_x53x53_tWtW_narrow_RH_M1100_TuneCP5_13TeV-madgraph-pythia8_53.root
[step1.h] Finished initializing
RUN CONFIG: YEAR = 2017
Era = 
isMC = 1, isSig = 1, SigMass = 4
isHad =0, isSE =0, isSM =0
isTTTT = 0, isXX = 1, isTpTp = 0, isBpBp = 0
For W's: isTT = 0, isSTt = 0, isSTtW = 0
For jets & PDF: isTOP = 0, isMadgraphBkg = 1
For HOTTagger Efficiencies: isTTV = 0, isTTHbb = 0, isTTHnonbb = 0, isTTTX = 0
isTTVV = 0, isST = 0, isTTToSemiLeptonHT500Njet9 = 0
Pileup sample key: PairVLQ_x53x53_tWtW_narrow_RH_M1100_TuneCP5_13TeV-madgraph-pythia8
b-tagging working points: 0.304(DeepJet)0.4506(DeepCSV)
isTTincMtt0to700: 0
isTTincMtt0to1000: 0
isTTincMtt700to1000: 0
isTTincMtt1000toInf: 0
isTTSemilepIncHT0Njet0: 0
isTTSemilepIncHT500Njet9: 0
outTTLF: 0
outTTCC: 0
outTTBB: 0
outTT1B: 0
outTT2B: 0
>> Completed 0 out of 1027 events
[INFO] Defaulting to central deepJet weight for: nominal
>> Completed 1000 out of 1027 events
Nelectrons      = 460 / 1027
Npassed_ElEta   = 460 / 1027
Nmuons          = 567 / 1027
NrelIsoFail     = 0 / 1027
Npassed_MuEta   = 567 / 1027
Npassed_nAK8Jets= 1027 / 1027
Npassed_Trigger = 996 / 1027
Npassed_MET     = 883 / 1027
Npassed_lepPt   = 922 / 1027
Npassed_HT      = 1026 / 1027
npass_Njets     = 1024 / 1027
Npassed_ALL     = 789 / 1027

>> Running /isilon/hadoop/store/group/bruxljm/FWLJMET106XUL_singleLep2017UL_RunIISummer20_X53X53/PairVLQ_x53x53_tWtW_narrow_RH_M1100_TuneCP5_13TeV-madgraph-pythia8/singleLep2017UL/230310_181922/0000/PairVLQ_x53x53_tWtW_narrow_RH_M1100_TuneCP5_13TeV-madgraph-pythia8_54.root for shift: nominal
[step1.h] Opening file: /isilon/hadoop/store/group/bruxljm/FWLJMET106XUL_singleLep2017UL_RunIISummer20_X53X53/PairVLQ_x53x53_tWtW_narrow_RH_M1100_TuneCP5_13TeV-madgraph-pythia8/singleLep2017UL/230310_181922/0000/PairVLQ_x53x53_tWtW_narrow_RH_M1100_TuneCP5_13TeV-madgraph-pythia8_54.root
[step1.h] Finished initializing
RUN CONFIG: YEAR = 2017
Era = 
isMC = 1, isSig = 1, SigMass = 4
isHad =0, isSE =0, isSM =0
isTTTT = 0, isXX = 1, isTpTp = 0, isBpBp = 0
For W's: isTT = 0, isSTt = 0, isSTtW = 0
For jets & PDF: isTOP = 0, isMadgraphBkg = 1
For HOTTagger Efficiencies: isTTV = 0, isTTHbb = 0, isTTHnonbb = 0, isTTTX = 0
isTTVV = 0, isST = 0, isTTToSemiLeptonHT500Njet9 = 0
Pileup sample key: PairVLQ_x53x53_tWtW_narrow_RH_M1100_TuneCP5_13TeV-madgraph-pythia8
b-tagging working points: 0.304(DeepJet)0.4506(DeepCSV)
isTTincMtt0to700: 0
isTTincMtt0to1000: 0
isTTincMtt700to1000: 0
isTTincMtt1000toInf: 0
isTTSemilepIncHT0Njet0: 0
isTTSemilepIncHT500Njet9: 0
outTTLF: 0
outTTCC: 0
outTTBB: 0
outTT1B: 0
outTT2B: 0
>> Completed 0 out of 1070 events
[INFO] Defaulting to central deepJet weight for: nominal
>> Completed 1000 out of 1070 events
Nelectrons      = 509 / 1070
Npassed_ElEta   = 509 / 1070
Nmuons          = 561 / 1070
NrelIsoFail     = 0 / 1070
Npassed_MuEta   = 561 / 1070
Npassed_nAK8Jets= 1070 / 1070
Npassed_Trigger = 1030 / 1070
Npassed_MET     = 908 / 1070
Npassed_lepPt   = 957 / 1070
Npassed_HT      = 1065 / 1070
npass_Njets     = 1064 / 1070
Npassed_ALL     = 798 / 1070

>> Running /isilon/hadoop/store/group/bruxljm/FWLJMET106XUL_singleLep2017UL_RunIISummer20_X53X53/PairVLQ_x53x53_tWtW_narrow_RH_M1100_TuneCP5_13TeV-madgraph-pythia8/singleLep2017UL/230310_181922/0000/PairVLQ_x53x53_tWtW_narrow_RH_M1100_TuneCP5_13TeV-madgraph-pythia8_55.root for shift: nominal
[step1.h] Opening file: /isilon/hadoop/store/group/bruxljm/FWLJMET106XUL_singleLep2017UL_RunIISummer20_X53X53/PairVLQ_x53x53_tWtW_narrow_RH_M1100_TuneCP5_13TeV-madgraph-pythia8/singleLep2017UL/230310_181922/0000/PairVLQ_x53x53_tWtW_narrow_RH_M1100_TuneCP5_13TeV-madgraph-pythia8_55.root
[step1.h] Finished initializing
RUN CONFIG: YEAR = 2017
Era = 
isMC = 1, isSig = 1, SigMass = 4
isHad =0, isSE =0, isSM =0
isTTTT = 0, isXX = 1, isTpTp = 0, isBpBp = 0
For W's: isTT = 0, isSTt = 0, isSTtW = 0
For jets & PDF: isTOP = 0, isMadgraphBkg = 1
For HOTTagger Efficiencies: isTTV = 0, isTTHbb = 0, isTTHnonbb = 0, isTTTX = 0
isTTVV = 0, isST = 0, isTTToSemiLeptonHT500Njet9 = 0
Pileup sample key: PairVLQ_x53x53_tWtW_narrow_RH_M1100_TuneCP5_13TeV-madgraph-pythia8
b-tagging working points: 0.304(DeepJet)0.4506(DeepCSV)
isTTincMtt0to700: 0
isTTincMtt0to1000: 0
isTTincMtt700to1000: 0
isTTincMtt1000toInf: 0
isTTSemilepIncHT0Njet0: 0
isTTSemilepIncHT500Njet9: 0
outTTLF: 0
outTTCC: 0
outTTBB: 0
outTT1B: 0
outTT2B: 0
>> Completed 0 out of 1046 events
[INFO] Defaulting to central deepJet weight for: nominal
>> Completed 1000 out of 1046 events
Nelectrons      = 470 / 1046
Npassed_ElEta   = 470 / 1046
Nmuons          = 576 / 1046
NrelIsoFail     = 0 / 1046
Npassed_MuEta   = 576 / 1046
Npassed_nAK8Jets= 1046 / 1046
Npassed_Trigger = 1001 / 1046
Npassed_MET     = 917 / 1046
Npassed_lepPt   = 928 / 1046
Npassed_HT      = 1044 / 1046
npass_Njets     = 1042 / 1046
Npassed_ALL     = 809 / 1046

>> Running /isilon/hadoop/store/group/bruxljm/FWLJMET106XUL_singleLep2017UL_RunIISummer20_X53X53/PairVLQ_x53x53_tWtW_narrow_RH_M1100_TuneCP5_13TeV-madgraph-pythia8/singleLep2017UL/230310_181922/0000/PairVLQ_x53x53_tWtW_narrow_RH_M1100_TuneCP5_13TeV-madgraph-pythia8_56.root for shift: nominal
[step1.h] Opening file: /isilon/hadoop/store/group/bruxljm/FWLJMET106XUL_singleLep2017UL_RunIISummer20_X53X53/PairVLQ_x53x53_tWtW_narrow_RH_M1100_TuneCP5_13TeV-madgraph-pythia8/singleLep2017UL/230310_181922/0000/PairVLQ_x53x53_tWtW_narrow_RH_M1100_TuneCP5_13TeV-madgraph-pythia8_56.root
[step1.h] Finished initializing
RUN CONFIG: YEAR = 2017
Era = 
isMC = 1, isSig = 1, SigMass = 4
isHad =0, isSE =0, isSM =0
isTTTT = 0, isXX = 1, isTpTp = 0, isBpBp = 0
For W's: isTT = 0, isSTt = 0, isSTtW = 0
For jets & PDF: isTOP = 0, isMadgraphBkg = 1
For HOTTagger Efficiencies: isTTV = 0, isTTHbb = 0, isTTHnonbb = 0, isTTTX = 0
isTTVV = 0, isST = 0, isTTToSemiLeptonHT500Njet9 = 0
Pileup sample key: PairVLQ_x53x53_tWtW_narrow_RH_M1100_TuneCP5_13TeV-madgraph-pythia8
b-tagging working points: 0.304(DeepJet)0.4506(DeepCSV)
isTTincMtt0to700: 0
isTTincMtt0to1000: 0
isTTincMtt700to1000: 0
isTTincMtt1000toInf: 0
isTTSemilepIncHT0Njet0: 0
isTTSemilepIncHT500Njet9: 0
outTTLF: 0
outTTCC: 0
outTTBB: 0
outTT1B: 0
outTT2B: 0
>> Completed 0 out of 1049 events
[INFO] Defaulting to central deepJet weight for: nominal
>> Completed 1000 out of 1049 events
Nelectrons      = 494 / 1049
Npassed_ElEta   = 494 / 1049
Nmuons          = 555 / 1049
NrelIsoFail     = 0 / 1049
Npassed_MuEta   = 555 / 1049
Npassed_nAK8Jets= 1049 / 1049
Npassed_Trigger = 1011 / 1049
Npassed_MET     = 903 / 1049
Npassed_lepPt   = 964 / 1049
Npassed_HT      = 1047 / 1049
npass_Njets     = 1045 / 1049
Npassed_ALL     = 820 / 1049

>> Running /isilon/hadoop/store/group/bruxljm/FWLJMET106XUL_singleLep2017UL_RunIISummer20_X53X53/PairVLQ_x53x53_tWtW_narrow_RH_M1100_TuneCP5_13TeV-madgraph-pythia8/singleLep2017UL/230310_181922/0000/PairVLQ_x53x53_tWtW_narrow_RH_M1100_TuneCP5_13TeV-madgraph-pythia8_57.root for shift: nominal
[step1.h] Opening file: /isilon/hadoop/store/group/bruxljm/FWLJMET106XUL_singleLep2017UL_RunIISummer20_X53X53/PairVLQ_x53x53_tWtW_narrow_RH_M1100_TuneCP5_13TeV-madgraph-pythia8/singleLep2017UL/230310_181922/0000/PairVLQ_x53x53_tWtW_narrow_RH_M1100_TuneCP5_13TeV-madgraph-pythia8_57.root
[step1.h] Finished initializing
RUN CONFIG: YEAR = 2017
Era = 
isMC = 1, isSig = 1, SigMass = 4
isHad =0, isSE =0, isSM =0
isTTTT = 0, isXX = 1, isTpTp = 0, isBpBp = 0
For W's: isTT = 0, isSTt = 0, isSTtW = 0
For jets & PDF: isTOP = 0, isMadgraphBkg = 1
For HOTTagger Efficiencies: isTTV = 0, isTTHbb = 0, isTTHnonbb = 0, isTTTX = 0
isTTVV = 0, isST = 0, isTTToSemiLeptonHT500Njet9 = 0
Pileup sample key: PairVLQ_x53x53_tWtW_narrow_RH_M1100_TuneCP5_13TeV-madgraph-pythia8
b-tagging working points: 0.304(DeepJet)0.4506(DeepCSV)
isTTincMtt0to700: 0
isTTincMtt0to1000: 0
isTTincMtt700to1000: 0
isTTincMtt1000toInf: 0
isTTSemilepIncHT0Njet0: 0
isTTSemilepIncHT500Njet9: 0
outTTLF: 0
outTTCC: 0
outTTBB: 0
outTT1B: 0
outTT2B: 0
>> Completed 0 out of 1070 events
[INFO] Defaulting to central deepJet weight for: nominal
>> Completed 1000 out of 1070 events
Nelectrons      = 501 / 1070
Npassed_ElEta   = 501 / 1070
Nmuons          = 569 / 1070
NrelIsoFail     = 0 / 1070
Npassed_MuEta   = 569 / 1070
Npassed_nAK8Jets= 1070 / 1070
Npassed_Trigger = 1040 / 1070
Npassed_MET     = 904 / 1070
Npassed_lepPt   = 964 / 1070
Npassed_HT      = 1068 / 1070
npass_Njets     = 1068 / 1070
Npassed_ALL     = 813 / 1070

>> Running /isilon/hadoop/store/group/bruxljm/FWLJMET106XUL_singleLep2017UL_RunIISummer20_X53X53/PairVLQ_x53x53_tWtW_narrow_RH_M1100_TuneCP5_13TeV-madgraph-pythia8/singleLep2017UL/230310_181922/0000/PairVLQ_x53x53_tWtW_narrow_RH_M1100_TuneCP5_13TeV-madgraph-pythia8_58.root for shift: nominal
[step1.h] Opening file: /isilon/hadoop/store/group/bruxljm/FWLJMET106XUL_singleLep2017UL_RunIISummer20_X53X53/PairVLQ_x53x53_tWtW_narrow_RH_M1100_TuneCP5_13TeV-madgraph-pythia8/singleLep2017UL/230310_181922/0000/PairVLQ_x53x53_tWtW_narrow_RH_M1100_TuneCP5_13TeV-madgraph-pythia8_58.root
[step1.h] Finished initializing
RUN CONFIG: YEAR = 2017
Era = 
isMC = 1, isSig = 1, SigMass = 4
isHad =0, isSE =0, isSM =0
isTTTT = 0, isXX = 1, isTpTp = 0, isBpBp = 0
For W's: isTT = 0, isSTt = 0, isSTtW = 0
For jets & PDF: isTOP = 0, isMadgraphBkg = 1
For HOTTagger Efficiencies: isTTV = 0, isTTHbb = 0, isTTHnonbb = 0, isTTTX = 0
isTTVV = 0, isST = 0, isTTToSemiLeptonHT500Njet9 = 0
Pileup sample key: PairVLQ_x53x53_tWtW_narrow_RH_M1100_TuneCP5_13TeV-madgraph-pythia8
b-tagging working points: 0.304(DeepJet)0.4506(DeepCSV)
isTTincMtt0to700: 0
isTTincMtt0to1000: 0
isTTincMtt700to1000: 0
isTTincMtt1000toInf: 0
isTTSemilepIncHT0Njet0: 0
isTTSemilepIncHT500Njet9: 0
outTTLF: 0
outTTCC: 0
outTTBB: 0
outTT1B: 0
outTT2B: 0
>> Completed 0 out of 1076 events
[INFO] Defaulting to central deepJet weight for: nominal
>> Completed 1000 out of 1076 events
Nelectrons      = 463 / 1076
Npassed_ElEta   = 463 / 1076
Nmuons          = 613 / 1076
NrelIsoFail     = 0 / 1076
Npassed_MuEta   = 613 / 1076
Npassed_nAK8Jets= 1076 / 1076
Npassed_Trigger = 1044 / 1076
Npassed_MET     = 926 / 1076
Npassed_lepPt   = 966 / 1076
Npassed_HT      = 1070 / 1076
npass_Njets     = 1072 / 1076
Npassed_ALL     = 816 / 1076

>> Running /isilon/hadoop/store/group/bruxljm/FWLJMET106XUL_singleLep2017UL_RunIISummer20_X53X53/PairVLQ_x53x53_tWtW_narrow_RH_M1100_TuneCP5_13TeV-madgraph-pythia8/singleLep2017UL/230310_181922/0000/PairVLQ_x53x53_tWtW_narrow_RH_M1100_TuneCP5_13TeV-madgraph-pythia8_59.root for shift: nominal
[step1.h] Opening file: /isilon/hadoop/store/group/bruxljm/FWLJMET106XUL_singleLep2017UL_RunIISummer20_X53X53/PairVLQ_x53x53_tWtW_narrow_RH_M1100_TuneCP5_13TeV-madgraph-pythia8/singleLep2017UL/230310_181922/0000/PairVLQ_x53x53_tWtW_narrow_RH_M1100_TuneCP5_13TeV-madgraph-pythia8_59.root
[step1.h] Finished initializing
RUN CONFIG: YEAR = 2017
Era = 
isMC = 1, isSig = 1, SigMass = 4
isHad =0, isSE =0, isSM =0
isTTTT = 0, isXX = 1, isTpTp = 0, isBpBp = 0
For W's: isTT = 0, isSTt = 0, isSTtW = 0
For jets & PDF: isTOP = 0, isMadgraphBkg = 1
For HOTTagger Efficiencies: isTTV = 0, isTTHbb = 0, isTTHnonbb = 0, isTTTX = 0
isTTVV = 0, isST = 0, isTTToSemiLeptonHT500Njet9 = 0
Pileup sample key: PairVLQ_x53x53_tWtW_narrow_RH_M1100_TuneCP5_13TeV-madgraph-pythia8
b-tagging working points: 0.304(DeepJet)0.4506(DeepCSV)
isTTincMtt0to700: 0
isTTincMtt0to1000: 0
isTTincMtt700to1000: 0
isTTincMtt1000toInf: 0
isTTSemilepIncHT0Njet0: 0
isTTSemilepIncHT500Njet9: 0
outTTLF: 0
outTTCC: 0
outTTBB: 0
outTT1B: 0
outTT2B: 0
>> Completed 0 out of 1067 events
[INFO] Defaulting to central deepJet weight for: nominal
>> Completed 1000 out of 1067 events
Nelectrons      = 508 / 1067
Npassed_ElEta   = 508 / 1067
Nmuons          = 559 / 1067
NrelIsoFail     = 0 / 1067
Npassed_MuEta   = 559 / 1067
Npassed_nAK8Jets= 1067 / 1067
Npassed_Trigger = 1028 / 1067
Npassed_MET     = 906 / 1067
Npassed_lepPt   = 950 / 1067
Npassed_HT      = 1065 / 1067
npass_Njets     = 1064 / 1067
Npassed_ALL     = 802 / 1067

>> Running /isilon/hadoop/store/group/bruxljm/FWLJMET106XUL_singleLep2017UL_RunIISummer20_X53X53/PairVLQ_x53x53_tWtW_narrow_RH_M1100_TuneCP5_13TeV-madgraph-pythia8/singleLep2017UL/230310_181922/0000/PairVLQ_x53x53_tWtW_narrow_RH_M1100_TuneCP5_13TeV-madgraph-pythia8_6.root for shift: nominal
[step1.h] Opening file: /isilon/hadoop/store/group/bruxljm/FWLJMET106XUL_singleLep2017UL_RunIISummer20_X53X53/PairVLQ_x53x53_tWtW_narrow_RH_M1100_TuneCP5_13TeV-madgraph-pythia8/singleLep2017UL/230310_181922/0000/PairVLQ_x53x53_tWtW_narrow_RH_M1100_TuneCP5_13TeV-madgraph-pythia8_6.root
[step1.h] Finished initializing
RUN CONFIG: YEAR = 2017
Era = 
isMC = 1, isSig = 1, SigMass = 4
isHad =0, isSE =0, isSM =0
isTTTT = 0, isXX = 1, isTpTp = 0, isBpBp = 0
For W's: isTT = 0, isSTt = 0, isSTtW = 0
For jets & PDF: isTOP = 0, isMadgraphBkg = 1
For HOTTagger Efficiencies: isTTV = 0, isTTHbb = 0, isTTHnonbb = 0, isTTTX = 0
isTTVV = 0, isST = 0, isTTToSemiLeptonHT500Njet9 = 0
Pileup sample key: PairVLQ_x53x53_tWtW_narrow_RH_M1100_TuneCP5_13TeV-madgraph-pythia8
b-tagging working points: 0.304(DeepJet)0.4506(DeepCSV)
isTTincMtt0to700: 0
isTTincMtt0to1000: 0
isTTincMtt700to1000: 0
isTTincMtt1000toInf: 0
isTTSemilepIncHT0Njet0: 0
isTTSemilepIncHT500Njet9: 0
outTTLF: 0
outTTCC: 0
outTTBB: 0
outTT1B: 0
outTT2B: 0
>> Completed 0 out of 1061 events
[INFO] Defaulting to central deepJet weight for: nominal
>> Completed 1000 out of 1061 events
Nelectrons      = 494 / 1061
Npassed_ElEta   = 494 / 1061
Nmuons          = 567 / 1061
NrelIsoFail     = 0 / 1061
Npassed_MuEta   = 567 / 1061
Npassed_nAK8Jets= 1061 / 1061
Npassed_Trigger = 1026 / 1061
Npassed_MET     = 909 / 1061
Npassed_lepPt   = 957 / 1061
Npassed_HT      = 1057 / 1061
npass_Njets     = 1056 / 1061
Npassed_ALL     = 809 / 1061

>> Running /isilon/hadoop/store/group/bruxljm/FWLJMET106XUL_singleLep2017UL_RunIISummer20_X53X53/PairVLQ_x53x53_tWtW_narrow_RH_M1100_TuneCP5_13TeV-madgraph-pythia8/singleLep2017UL/230310_181922/0000/PairVLQ_x53x53_tWtW_narrow_RH_M1100_TuneCP5_13TeV-madgraph-pythia8_60.root for shift: nominal
[step1.h] Opening file: /isilon/hadoop/store/group/bruxljm/FWLJMET106XUL_singleLep2017UL_RunIISummer20_X53X53/PairVLQ_x53x53_tWtW_narrow_RH_M1100_TuneCP5_13TeV-madgraph-pythia8/singleLep2017UL/230310_181922/0000/PairVLQ_x53x53_tWtW_narrow_RH_M1100_TuneCP5_13TeV-madgraph-pythia8_60.root
[step1.h] Finished initializing
RUN CONFIG: YEAR = 2017
Era = 
isMC = 1, isSig = 1, SigMass = 4
isHad =0, isSE =0, isSM =0
isTTTT = 0, isXX = 1, isTpTp = 0, isBpBp = 0
For W's: isTT = 0, isSTt = 0, isSTtW = 0
For jets & PDF: isTOP = 0, isMadgraphBkg = 1
For HOTTagger Efficiencies: isTTV = 0, isTTHbb = 0, isTTHnonbb = 0, isTTTX = 0
isTTVV = 0, isST = 0, isTTToSemiLeptonHT500Njet9 = 0
Pileup sample key: PairVLQ_x53x53_tWtW_narrow_RH_M1100_TuneCP5_13TeV-madgraph-pythia8
b-tagging working points: 0.304(DeepJet)0.4506(DeepCSV)
isTTincMtt0to700: 0
isTTincMtt0to1000: 0
isTTincMtt700to1000: 0
isTTincMtt1000toInf: 0
isTTSemilepIncHT0Njet0: 0
isTTSemilepIncHT500Njet9: 0
outTTLF: 0
outTTCC: 0
outTTBB: 0
outTT1B: 0
outTT2B: 0
>> Completed 0 out of 526 events
[INFO] Defaulting to central deepJet weight for: nominal
Nelectrons      = 228 / 526
Npassed_ElEta   = 228 / 526
Nmuons          = 298 / 526
NrelIsoFail     = 0 / 526
Npassed_MuEta   = 298 / 526
Npassed_nAK8Jets= 526 / 526
Npassed_Trigger = 512 / 526
Npassed_MET     = 442 / 526
Npassed_lepPt   = 469 / 526
Npassed_HT      = 525 / 526
npass_Njets     = 526 / 526
Npassed_ALL     = 394 / 526

>> Running /isilon/hadoop/store/group/bruxljm/FWLJMET106XUL_singleLep2017UL_RunIISummer20_X53X53/PairVLQ_x53x53_tWtW_narrow_RH_M1100_TuneCP5_13TeV-madgraph-pythia8/singleLep2017UL/230310_181922/0000/PairVLQ_x53x53_tWtW_narrow_RH_M1100_TuneCP5_13TeV-madgraph-pythia8_61.root for shift: nominal
[step1.h] Opening file: /isilon/hadoop/store/group/bruxljm/FWLJMET106XUL_singleLep2017UL_RunIISummer20_X53X53/PairVLQ_x53x53_tWtW_narrow_RH_M1100_TuneCP5_13TeV-madgraph-pythia8/singleLep2017UL/230310_181922/0000/PairVLQ_x53x53_tWtW_narrow_RH_M1100_TuneCP5_13TeV-madgraph-pythia8_61.root
[step1.h] Finished initializing
RUN CONFIG: YEAR = 2017
Era = 
isMC = 1, isSig = 1, SigMass = 4
isHad =0, isSE =0, isSM =0
isTTTT = 0, isXX = 1, isTpTp = 0, isBpBp = 0
For W's: isTT = 0, isSTt = 0, isSTtW = 0
For jets & PDF: isTOP = 0, isMadgraphBkg = 1
For HOTTagger Efficiencies: isTTV = 0, isTTHbb = 0, isTTHnonbb = 0, isTTTX = 0
isTTVV = 0, isST = 0, isTTToSemiLeptonHT500Njet9 = 0
Pileup sample key: PairVLQ_x53x53_tWtW_narrow_RH_M1100_TuneCP5_13TeV-madgraph-pythia8
b-tagging working points: 0.304(DeepJet)0.4506(DeepCSV)
isTTincMtt0to700: 0
isTTincMtt0to1000: 0
isTTincMtt700to1000: 0
isTTincMtt1000toInf: 0
isTTSemilepIncHT0Njet0: 0
isTTSemilepIncHT500Njet9: 0
outTTLF: 0
outTTCC: 0
outTTBB: 0
outTT1B: 0
outTT2B: 0
>> Completed 0 out of 1035 events
[INFO] Defaulting to central deepJet weight for: nominal
>> Completed 1000 out of 1035 events
Nelectrons      = 491 / 1035
Npassed_ElEta   = 491 / 1035
Nmuons          = 544 / 1035
NrelIsoFail     = 0 / 1035
Npassed_MuEta   = 544 / 1035
Npassed_nAK8Jets= 1035 / 1035
Npassed_Trigger = 991 / 1035
Npassed_MET     = 893 / 1035
Npassed_lepPt   = 929 / 1035
Npassed_HT      = 1031 / 1035
npass_Njets     = 1030 / 1035
Npassed_ALL     = 794 / 1035

>> Running /isilon/hadoop/store/group/bruxljm/FWLJMET106XUL_singleLep2017UL_RunIISummer20_X53X53/PairVLQ_x53x53_tWtW_narrow_RH_M1100_TuneCP5_13TeV-madgraph-pythia8/singleLep2017UL/230310_181922/0000/PairVLQ_x53x53_tWtW_narrow_RH_M1100_TuneCP5_13TeV-madgraph-pythia8_62.root for shift: nominal
[step1.h] Opening file: /isilon/hadoop/store/group/bruxljm/FWLJMET106XUL_singleLep2017UL_RunIISummer20_X53X53/PairVLQ_x53x53_tWtW_narrow_RH_M1100_TuneCP5_13TeV-madgraph-pythia8/singleLep2017UL/230310_181922/0000/PairVLQ_x53x53_tWtW_narrow_RH_M1100_TuneCP5_13TeV-madgraph-pythia8_62.root
[step1.h] Finished initializing
RUN CONFIG: YEAR = 2017
Era = 
isMC = 1, isSig = 1, SigMass = 4
isHad =0, isSE =0, isSM =0
isTTTT = 0, isXX = 1, isTpTp = 0, isBpBp = 0
For W's: isTT = 0, isSTt = 0, isSTtW = 0
For jets & PDF: isTOP = 0, isMadgraphBkg = 1
For HOTTagger Efficiencies: isTTV = 0, isTTHbb = 0, isTTHnonbb = 0, isTTTX = 0
isTTVV = 0, isST = 0, isTTToSemiLeptonHT500Njet9 = 0
Pileup sample key: PairVLQ_x53x53_tWtW_narrow_RH_M1100_TuneCP5_13TeV-madgraph-pythia8
b-tagging working points: 0.304(DeepJet)0.4506(DeepCSV)
isTTincMtt0to700: 0
isTTincMtt0to1000: 0
isTTincMtt700to1000: 0
isTTincMtt1000toInf: 0
isTTSemilepIncHT0Njet0: 0
isTTSemilepIncHT500Njet9: 0
outTTLF: 0
outTTCC: 0
outTTBB: 0
outTT1B: 0
outTT2B: 0
>> Completed 0 out of 1029 events
[INFO] Defaulting to central deepJet weight for: nominal
>> Completed 1000 out of 1029 events
Nelectrons      = 481 / 1029
Npassed_ElEta   = 481 / 1029
Nmuons          = 548 / 1029
NrelIsoFail     = 0 / 1029
Npassed_MuEta   = 548 / 1029
Npassed_nAK8Jets= 1029 / 1029
Npassed_Trigger = 1007 / 1029
Npassed_MET     = 889 / 1029
Npassed_lepPt   = 919 / 1029
Npassed_HT      = 1027 / 1029
npass_Njets     = 1021 / 1029
Npassed_ALL     = 787 / 1029

>> Running /isilon/hadoop/store/group/bruxljm/FWLJMET106XUL_singleLep2017UL_RunIISummer20_X53X53/PairVLQ_x53x53_tWtW_narrow_RH_M1100_TuneCP5_13TeV-madgraph-pythia8/singleLep2017UL/230310_181922/0000/PairVLQ_x53x53_tWtW_narrow_RH_M1100_TuneCP5_13TeV-madgraph-pythia8_63.root for shift: nominal
[step1.h] Opening file: /isilon/hadoop/store/group/bruxljm/FWLJMET106XUL_singleLep2017UL_RunIISummer20_X53X53/PairVLQ_x53x53_tWtW_narrow_RH_M1100_TuneCP5_13TeV-madgraph-pythia8/singleLep2017UL/230310_181922/0000/PairVLQ_x53x53_tWtW_narrow_RH_M1100_TuneCP5_13TeV-madgraph-pythia8_63.root
[step1.h] Finished initializing
RUN CONFIG: YEAR = 2017
Era = 
isMC = 1, isSig = 1, SigMass = 4
isHad =0, isSE =0, isSM =0
isTTTT = 0, isXX = 1, isTpTp = 0, isBpBp = 0
For W's: isTT = 0, isSTt = 0, isSTtW = 0
For jets & PDF: isTOP = 0, isMadgraphBkg = 1
For HOTTagger Efficiencies: isTTV = 0, isTTHbb = 0, isTTHnonbb = 0, isTTTX = 0
isTTVV = 0, isST = 0, isTTToSemiLeptonHT500Njet9 = 0
Pileup sample key: PairVLQ_x53x53_tWtW_narrow_RH_M1100_TuneCP5_13TeV-madgraph-pythia8
b-tagging working points: 0.304(DeepJet)0.4506(DeepCSV)
isTTincMtt0to700: 0
isTTincMtt0to1000: 0
isTTincMtt700to1000: 0
isTTincMtt1000toInf: 0
isTTSemilepIncHT0Njet0: 0
isTTSemilepIncHT500Njet9: 0
outTTLF: 0
outTTCC: 0
outTTBB: 0
outTT1B: 0
outTT2B: 0
>> Completed 0 out of 1070 events
[INFO] Defaulting to central deepJet weight for: nominal
>> Completed 1000 out of 1070 events
Nelectrons      = 484 / 1070
Npassed_ElEta   = 484 / 1070
Nmuons          = 586 / 1070
NrelIsoFail     = 0 / 1070
Npassed_MuEta   = 586 / 1070
Npassed_nAK8Jets= 1070 / 1070
Npassed_Trigger = 1027 / 1070
Npassed_MET     = 937 / 1070
Npassed_lepPt   = 951 / 1070
Npassed_HT      = 1066 / 1070
npass_Njets     = 1067 / 1070
Npassed_ALL     = 824 / 1070

>> Running /isilon/hadoop/store/group/bruxljm/FWLJMET106XUL_singleLep2017UL_RunIISummer20_X53X53/PairVLQ_x53x53_tWtW_narrow_RH_M1100_TuneCP5_13TeV-madgraph-pythia8/singleLep2017UL/230310_181922/0000/PairVLQ_x53x53_tWtW_narrow_RH_M1100_TuneCP5_13TeV-madgraph-pythia8_64.root for shift: nominal
[step1.h] Opening file: /isilon/hadoop/store/group/bruxljm/FWLJMET106XUL_singleLep2017UL_RunIISummer20_X53X53/PairVLQ_x53x53_tWtW_narrow_RH_M1100_TuneCP5_13TeV-madgraph-pythia8/singleLep2017UL/230310_181922/0000/PairVLQ_x53x53_tWtW_narrow_RH_M1100_TuneCP5_13TeV-madgraph-pythia8_64.root
[step1.h] Finished initializing
RUN CONFIG: YEAR = 2017
Era = 
isMC = 1, isSig = 1, SigMass = 4
isHad =0, isSE =0, isSM =0
isTTTT = 0, isXX = 1, isTpTp = 0, isBpBp = 0
For W's: isTT = 0, isSTt = 0, isSTtW = 0
For jets & PDF: isTOP = 0, isMadgraphBkg = 1
For HOTTagger Efficiencies: isTTV = 0, isTTHbb = 0, isTTHnonbb = 0, isTTTX = 0
isTTVV = 0, isST = 0, isTTToSemiLeptonHT500Njet9 = 0
Pileup sample key: PairVLQ_x53x53_tWtW_narrow_RH_M1100_TuneCP5_13TeV-madgraph-pythia8
b-tagging working points: 0.304(DeepJet)0.4506(DeepCSV)
isTTincMtt0to700: 0
isTTincMtt0to1000: 0
isTTincMtt700to1000: 0
isTTincMtt1000toInf: 0
isTTSemilepIncHT0Njet0: 0
isTTSemilepIncHT500Njet9: 0
outTTLF: 0
outTTCC: 0
outTTBB: 0
outTT1B: 0
outTT2B: 0
>> Completed 0 out of 1047 events
[INFO] Defaulting to central deepJet weight for: nominal
>> Completed 1000 out of 1047 events
Nelectrons      = 501 / 1047
Npassed_ElEta   = 501 / 1047
Nmuons          = 546 / 1047
NrelIsoFail     = 0 / 1047
Npassed_MuEta   = 546 / 1047
Npassed_nAK8Jets= 1047 / 1047
Npassed_Trigger = 1014 / 1047
Npassed_MET     = 897 / 1047
Npassed_lepPt   = 926 / 1047
Npassed_HT      = 1045 / 1047
npass_Njets     = 1044 / 1047
Npassed_ALL     = 790 / 1047

>> Running /isilon/hadoop/store/group/bruxljm/FWLJMET106XUL_singleLep2017UL_RunIISummer20_X53X53/PairVLQ_x53x53_tWtW_narrow_RH_M1100_TuneCP5_13TeV-madgraph-pythia8/singleLep2017UL/230310_181922/0000/PairVLQ_x53x53_tWtW_narrow_RH_M1100_TuneCP5_13TeV-madgraph-pythia8_65.root for shift: nominal
[step1.h] Opening file: /isilon/hadoop/store/group/bruxljm/FWLJMET106XUL_singleLep2017UL_RunIISummer20_X53X53/PairVLQ_x53x53_tWtW_narrow_RH_M1100_TuneCP5_13TeV-madgraph-pythia8/singleLep2017UL/230310_181922/0000/PairVLQ_x53x53_tWtW_narrow_RH_M1100_TuneCP5_13TeV-madgraph-pythia8_65.root
[step1.h] Finished initializing
RUN CONFIG: YEAR = 2017
Era = 
isMC = 1, isSig = 1, SigMass = 4
isHad =0, isSE =0, isSM =0
isTTTT = 0, isXX = 1, isTpTp = 0, isBpBp = 0
For W's: isTT = 0, isSTt = 0, isSTtW = 0
For jets & PDF: isTOP = 0, isMadgraphBkg = 1
For HOTTagger Efficiencies: isTTV = 0, isTTHbb = 0, isTTHnonbb = 0, isTTTX = 0
isTTVV = 0, isST = 0, isTTToSemiLeptonHT500Njet9 = 0
Pileup sample key: PairVLQ_x53x53_tWtW_narrow_RH_M1100_TuneCP5_13TeV-madgraph-pythia8
b-tagging working points: 0.304(DeepJet)0.4506(DeepCSV)
isTTincMtt0to700: 0
isTTincMtt0to1000: 0
isTTincMtt700to1000: 0
isTTincMtt1000toInf: 0
isTTSemilepIncHT0Njet0: 0
isTTSemilepIncHT500Njet9: 0
outTTLF: 0
outTTCC: 0
outTTBB: 0
outTT1B: 0
outTT2B: 0
>> Completed 0 out of 1065 events
[INFO] Defaulting to central deepJet weight for: nominal
>> Completed 1000 out of 1065 events
Nelectrons      = 484 / 1065
Npassed_ElEta   = 484 / 1065
Nmuons          = 581 / 1065
NrelIsoFail     = 0 / 1065
Npassed_MuEta   = 581 / 1065
Npassed_nAK8Jets= 1065 / 1065
Npassed_Trigger = 1024 / 1065
Npassed_MET     = 902 / 1065
Npassed_lepPt   = 954 / 1065
Npassed_HT      = 1062 / 1065
npass_Njets     = 1061 / 1065
Npassed_ALL     = 798 / 1065

>> Running /isilon/hadoop/store/group/bruxljm/FWLJMET106XUL_singleLep2017UL_RunIISummer20_X53X53/PairVLQ_x53x53_tWtW_narrow_RH_M1100_TuneCP5_13TeV-madgraph-pythia8/singleLep2017UL/230310_181922/0000/PairVLQ_x53x53_tWtW_narrow_RH_M1100_TuneCP5_13TeV-madgraph-pythia8_66.root for shift: nominal
[step1.h] Opening file: /isilon/hadoop/store/group/bruxljm/FWLJMET106XUL_singleLep2017UL_RunIISummer20_X53X53/PairVLQ_x53x53_tWtW_narrow_RH_M1100_TuneCP5_13TeV-madgraph-pythia8/singleLep2017UL/230310_181922/0000/PairVLQ_x53x53_tWtW_narrow_RH_M1100_TuneCP5_13TeV-madgraph-pythia8_66.root
[step1.h] Finished initializing
RUN CONFIG: YEAR = 2017
Era = 
isMC = 1, isSig = 1, SigMass = 4
isHad =0, isSE =0, isSM =0
isTTTT = 0, isXX = 1, isTpTp = 0, isBpBp = 0
For W's: isTT = 0, isSTt = 0, isSTtW = 0
For jets & PDF: isTOP = 0, isMadgraphBkg = 1
For HOTTagger Efficiencies: isTTV = 0, isTTHbb = 0, isTTHnonbb = 0, isTTTX = 0
isTTVV = 0, isST = 0, isTTToSemiLeptonHT500Njet9 = 0
Pileup sample key: PairVLQ_x53x53_tWtW_narrow_RH_M1100_TuneCP5_13TeV-madgraph-pythia8
b-tagging working points: 0.304(DeepJet)0.4506(DeepCSV)
isTTincMtt0to700: 0
isTTincMtt0to1000: 0
isTTincMtt700to1000: 0
isTTincMtt1000toInf: 0
isTTSemilepIncHT0Njet0: 0
isTTSemilepIncHT500Njet9: 0
outTTLF: 0
outTTCC: 0
outTTBB: 0
outTT1B: 0
outTT2B: 0
>> Completed 0 out of 527 events
[INFO] Defaulting to central deepJet weight for: nominal
Nelectrons      = 225 / 527
Npassed_ElEta   = 225 / 527
Nmuons          = 302 / 527
NrelIsoFail     = 0 / 527
Npassed_MuEta   = 302 / 527
Npassed_nAK8Jets= 527 / 527
Npassed_Trigger = 512 / 527
Npassed_MET     = 451 / 527
Npassed_lepPt   = 457 / 527
Npassed_HT      = 525 / 527
npass_Njets     = 525 / 527
Npassed_ALL     = 384 / 527

>> Running /isilon/hadoop/store/group/bruxljm/FWLJMET106XUL_singleLep2017UL_RunIISummer20_X53X53/PairVLQ_x53x53_tWtW_narrow_RH_M1100_TuneCP5_13TeV-madgraph-pythia8/singleLep2017UL/230310_181922/0000/PairVLQ_x53x53_tWtW_narrow_RH_M1100_TuneCP5_13TeV-madgraph-pythia8_67.root for shift: nominal
[step1.h] Opening file: /isilon/hadoop/store/group/bruxljm/FWLJMET106XUL_singleLep2017UL_RunIISummer20_X53X53/PairVLQ_x53x53_tWtW_narrow_RH_M1100_TuneCP5_13TeV-madgraph-pythia8/singleLep2017UL/230310_181922/0000/PairVLQ_x53x53_tWtW_narrow_RH_M1100_TuneCP5_13TeV-madgraph-pythia8_67.root
[step1.h] Finished initializing
RUN CONFIG: YEAR = 2017
Era = 
isMC = 1, isSig = 1, SigMass = 4
isHad =0, isSE =0, isSM =0
isTTTT = 0, isXX = 1, isTpTp = 0, isBpBp = 0
For W's: isTT = 0, isSTt = 0, isSTtW = 0
For jets & PDF: isTOP = 0, isMadgraphBkg = 1
For HOTTagger Efficiencies: isTTV = 0, isTTHbb = 0, isTTHnonbb = 0, isTTTX = 0
isTTVV = 0, isST = 0, isTTToSemiLeptonHT500Njet9 = 0
Pileup sample key: PairVLQ_x53x53_tWtW_narrow_RH_M1100_TuneCP5_13TeV-madgraph-pythia8
b-tagging working points: 0.304(DeepJet)0.4506(DeepCSV)
isTTincMtt0to700: 0
isTTincMtt0to1000: 0
isTTincMtt700to1000: 0
isTTincMtt1000toInf: 0
isTTSemilepIncHT0Njet0: 0
isTTSemilepIncHT500Njet9: 0
outTTLF: 0
outTTCC: 0
outTTBB: 0
outTT1B: 0
outTT2B: 0
>> Completed 0 out of 1060 events
[INFO] Defaulting to central deepJet weight for: nominal
>> Completed 1000 out of 1060 events
Nelectrons      = 503 / 1060
Npassed_ElEta   = 503 / 1060
Nmuons          = 557 / 1060
NrelIsoFail     = 0 / 1060
Npassed_MuEta   = 557 / 1060
Npassed_nAK8Jets= 1060 / 1060
Npassed_Trigger = 1019 / 1060
Npassed_MET     = 916 / 1060
Npassed_lepPt   = 954 / 1060
Npassed_HT      = 1057 / 1060
npass_Njets     = 1055 / 1060
Npassed_ALL     = 811 / 1060
>> Available ROOT Files:
-rw-r--r-- 1 fsimpson gridusers 3095053 Apr 24 09:12 PairVLQ_x53x53_tWtW_narrow_RH_M1100_TuneCP5_13TeV-madgraph-pythia8_40nominal.root
-rw-r--r-- 1 fsimpson gridusers 1368669 Apr 24 09:12 PairVLQ_x53x53_tWtW_narrow_RH_M1100_TuneCP5_13TeV-madgraph-pythia8_41nominal.root
-rw-r--r-- 1 fsimpson gridusers 2879741 Apr 24 09:12 PairVLQ_x53x53_tWtW_narrow_RH_M1100_TuneCP5_13TeV-madgraph-pythia8_42nominal.root
-rw-r--r-- 1 fsimpson gridusers 2831381 Apr 24 09:12 PairVLQ_x53x53_tWtW_narrow_RH_M1100_TuneCP5_13TeV-madgraph-pythia8_43nominal.root
-rw-r--r-- 1 fsimpson gridusers 2791185 Apr 24 09:12 PairVLQ_x53x53_tWtW_narrow_RH_M1100_TuneCP5_13TeV-madgraph-pythia8_44nominal.root
-rw-r--r-- 1 fsimpson gridusers 1446583 Apr 24 09:12 PairVLQ_x53x53_tWtW_narrow_RH_M1100_TuneCP5_13TeV-madgraph-pythia8_45nominal.root
-rw-r--r-- 1 fsimpson gridusers 2750367 Apr 24 09:12 PairVLQ_x53x53_tWtW_narrow_RH_M1100_TuneCP5_13TeV-madgraph-pythia8_46nominal.root
-rw-r--r-- 1 fsimpson gridusers 1375180 Apr 24 09:12 PairVLQ_x53x53_tWtW_narrow_RH_M1100_TuneCP5_13TeV-madgraph-pythia8_47nominal.root
-rw-r--r-- 1 fsimpson gridusers 2887011 Apr 24 09:12 PairVLQ_x53x53_tWtW_narrow_RH_M1100_TuneCP5_13TeV-madgraph-pythia8_48nominal.root
-rw-r--r-- 1 fsimpson gridusers 2800141 Apr 24 09:12 PairVLQ_x53x53_tWtW_narrow_RH_M1100_TuneCP5_13TeV-madgraph-pythia8_49nominal.root
-rw-r--r-- 1 fsimpson gridusers 2947550 Apr 24 09:12 PairVLQ_x53x53_tWtW_narrow_RH_M1100_TuneCP5_13TeV-madgraph-pythia8_50nominal.root
-rw-r--r-- 1 fsimpson gridusers 2796966 Apr 24 09:12 PairVLQ_x53x53_tWtW_narrow_RH_M1100_TuneCP5_13TeV-madgraph-pythia8_51nominal.root
-rw-r--r-- 1 fsimpson gridusers 2764047 Apr 24 09:12 PairVLQ_x53x53_tWtW_narrow_RH_M1100_TuneCP5_13TeV-madgraph-pythia8_52nominal.root
-rw-r--r-- 1 fsimpson gridusers 2805628 Apr 24 09:12 PairVLQ_x53x53_tWtW_narrow_RH_M1100_TuneCP5_13TeV-madgraph-pythia8_53nominal.root
-rw-r--r-- 1 fsimpson gridusers 2803247 Apr 24 09:12 PairVLQ_x53x53_tWtW_narrow_RH_M1100_TuneCP5_13TeV-madgraph-pythia8_54nominal.root
-rw-r--r-- 1 fsimpson gridusers 2900708 Apr 24 09:12 PairVLQ_x53x53_tWtW_narrow_RH_M1100_TuneCP5_13TeV-madgraph-pythia8_55nominal.root
-rw-r--r-- 1 fsimpson gridusers 2864420 Apr 24 09:12 PairVLQ_x53x53_tWtW_narrow_RH_M1100_TuneCP5_13TeV-madgraph-pythia8_56nominal.root
-rw-r--r-- 1 fsimpson gridusers 2917110 Apr 24 09:12 PairVLQ_x53x53_tWtW_narrow_RH_M1100_TuneCP5_13TeV-madgraph-pythia8_57nominal.root
-rw-r--r-- 1 fsimpson gridusers 2907394 Apr 24 09:12 PairVLQ_x53x53_tWtW_narrow_RH_M1100_TuneCP5_13TeV-madgraph-pythia8_58nominal.root
-rw-r--r-- 1 fsimpson gridusers 2803784 Apr 24 09:12 PairVLQ_x53x53_tWtW_narrow_RH_M1100_TuneCP5_13TeV-madgraph-pythia8_59nominal.root
-rw-r--r-- 1 fsimpson gridusers 2892329 Apr 24 09:12 PairVLQ_x53x53_tWtW_narrow_RH_M1100_TuneCP5_13TeV-madgraph-pythia8_5nominal.root
-rw-r--r-- 1 fsimpson gridusers 1382620 Apr 24 09:12 PairVLQ_x53x53_tWtW_narrow_RH_M1100_TuneCP5_13TeV-madgraph-pythia8_60nominal.root
-rw-r--r-- 1 fsimpson gridusers 2770203 Apr 24 09:12 PairVLQ_x53x53_tWtW_narrow_RH_M1100_TuneCP5_13TeV-madgraph-pythia8_61nominal.root
-rw-r--r-- 1 fsimpson gridusers 2830965 Apr 24 09:12 PairVLQ_x53x53_tWtW_narrow_RH_M1100_TuneCP5_13TeV-madgraph-pythia8_62nominal.root
-rw-r--r-- 1 fsimpson gridusers 2900083 Apr 24 09:12 PairVLQ_x53x53_tWtW_narrow_RH_M1100_TuneCP5_13TeV-madgraph-pythia8_63nominal.root
-rw-r--r-- 1 fsimpson gridusers 2805466 Apr 24 09:12 PairVLQ_x53x53_tWtW_narrow_RH_M1100_TuneCP5_13TeV-madgraph-pythia8_64nominal.root
-rw-r--r-- 1 fsimpson gridusers 2813737 Apr 24 09:12 PairVLQ_x53x53_tWtW_narrow_RH_M1100_TuneCP5_13TeV-madgraph-pythia8_65nominal.root
-rw-r--r-- 1 fsimpson gridusers 1383373 Apr 24 09:12 PairVLQ_x53x53_tWtW_narrow_RH_M1100_TuneCP5_13TeV-madgraph-pythia8_66nominal.root
-rw-r--r-- 1 fsimpson gridusers 2912106 Apr 24 09:12 PairVLQ_x53x53_tWtW_narrow_RH_M1100_TuneCP5_13TeV-madgraph-pythia8_67nominal.root
-rw-r--r-- 1 fsimpson gridusers 2845215 Apr 24 09:12 PairVLQ_x53x53_tWtW_narrow_RH_M1100_TuneCP5_13TeV-madgraph-pythia8_6nominal.root
>> xrdcp output for condor
hadd Target file: PairVLQ_x53x53_tWtW_narrow_RH_M1100_TuneCP5_13TeV-madgraph-pythia8_4nominal_hadd.root
hadd compression setting for all ouput: 1
hadd Source file 1: PairVLQ_x53x53_tWtW_narrow_RH_M1100_TuneCP5_13TeV-madgraph-pythia8_40nominal.root
hadd Source file 2: PairVLQ_x53x53_tWtW_narrow_RH_M1100_TuneCP5_13TeV-madgraph-pythia8_41nominal.root
hadd Source file 3: PairVLQ_x53x53_tWtW_narrow_RH_M1100_TuneCP5_13TeV-madgraph-pythia8_42nominal.root
hadd Source file 4: PairVLQ_x53x53_tWtW_narrow_RH_M1100_TuneCP5_13TeV-madgraph-pythia8_43nominal.root
hadd Source file 5: PairVLQ_x53x53_tWtW_narrow_RH_M1100_TuneCP5_13TeV-madgraph-pythia8_44nominal.root
hadd Source file 6: PairVLQ_x53x53_tWtW_narrow_RH_M1100_TuneCP5_13TeV-madgraph-pythia8_45nominal.root
hadd Source file 7: PairVLQ_x53x53_tWtW_narrow_RH_M1100_TuneCP5_13TeV-madgraph-pythia8_46nominal.root
hadd Source file 8: PairVLQ_x53x53_tWtW_narrow_RH_M1100_TuneCP5_13TeV-madgraph-pythia8_47nominal.root
hadd Source file 9: PairVLQ_x53x53_tWtW_narrow_RH_M1100_TuneCP5_13TeV-madgraph-pythia8_48nominal.root
hadd Source file 10: PairVLQ_x53x53_tWtW_narrow_RH_M1100_TuneCP5_13TeV-madgraph-pythia8_49nominal.root
hadd Source file 11: PairVLQ_x53x53_tWtW_narrow_RH_M1100_TuneCP5_13TeV-madgraph-pythia8_50nominal.root
hadd Source file 12: PairVLQ_x53x53_tWtW_narrow_RH_M1100_TuneCP5_13TeV-madgraph-pythia8_51nominal.root
hadd Source file 13: PairVLQ_x53x53_tWtW_narrow_RH_M1100_TuneCP5_13TeV-madgraph-pythia8_52nominal.root
hadd Source file 14: PairVLQ_x53x53_tWtW_narrow_RH_M1100_TuneCP5_13TeV-madgraph-pythia8_53nominal.root
hadd Source file 15: PairVLQ_x53x53_tWtW_narrow_RH_M1100_TuneCP5_13TeV-madgraph-pythia8_54nominal.root
hadd Source file 16: PairVLQ_x53x53_tWtW_narrow_RH_M1100_TuneCP5_13TeV-madgraph-pythia8_55nominal.root
hadd Source file 17: PairVLQ_x53x53_tWtW_narrow_RH_M1100_TuneCP5_13TeV-madgraph-pythia8_56nominal.root
hadd Source file 18: PairVLQ_x53x53_tWtW_narrow_RH_M1100_TuneCP5_13TeV-madgraph-pythia8_57nominal.root
hadd Source file 19: PairVLQ_x53x53_tWtW_narrow_RH_M1100_TuneCP5_13TeV-madgraph-pythia8_58nominal.root
hadd Source file 20: PairVLQ_x53x53_tWtW_narrow_RH_M1100_TuneCP5_13TeV-madgraph-pythia8_59nominal.root
hadd Source file 21: PairVLQ_x53x53_tWtW_narrow_RH_M1100_TuneCP5_13TeV-madgraph-pythia8_5nominal.root
hadd Source file 22: PairVLQ_x53x53_tWtW_narrow_RH_M1100_TuneCP5_13TeV-madgraph-pythia8_60nominal.root
hadd Source file 23: PairVLQ_x53x53_tWtW_narrow_RH_M1100_TuneCP5_13TeV-madgraph-pythia8_61nominal.root
hadd Source file 24: PairVLQ_x53x53_tWtW_narrow_RH_M1100_TuneCP5_13TeV-madgraph-pythia8_62nominal.root
hadd Source file 25: PairVLQ_x53x53_tWtW_narrow_RH_M1100_TuneCP5_13TeV-madgraph-pythia8_63nominal.root
hadd Source file 26: PairVLQ_x53x53_tWtW_narrow_RH_M1100_TuneCP5_13TeV-madgraph-pythia8_64nominal.root
hadd Source file 27: PairVLQ_x53x53_tWtW_narrow_RH_M1100_TuneCP5_13TeV-madgraph-pythia8_65nominal.root
hadd Source file 28: PairVLQ_x53x53_tWtW_narrow_RH_M1100_TuneCP5_13TeV-madgraph-pythia8_66nominal.root
hadd Source file 29: PairVLQ_x53x53_tWtW_narrow_RH_M1100_TuneCP5_13TeV-madgraph-pythia8_67nominal.root
hadd Source file 30: PairVLQ_x53x53_tWtW_narrow_RH_M1100_TuneCP5_13TeV-madgraph-pythia8_6nominal.root
hadd Target path: PairVLQ_x53x53_tWtW_narrow_RH_M1100_TuneCP5_13TeV-madgraph-pythia8_4nominal_hadd.root:/
>> mv PairVLQ_x53x53_tWtW_narrow_RH_M1100_TuneCP5_13TeV-madgraph-pythia8_4nominal_hadd.root /isilon/hadoop/store/group/bruxljm/FWLJMET106XUL_singleLep2017UL_RunIISummer20_X53X53_step1/nominal/PairVLQ_x53x53_tWtW_narrow_RH_M1100_TuneCP5_13TeV-madgraph-pythia8/PairVLQ_x53x53_tWtW_narrow_RH_M1100_TuneCP5_13TeV-madgraph-pythia8_4.root
[DONE]
