000 (630087.000.000) 04/24 07:52:00 Job submitted from host: <172.20.3.187:9618?addrs=172.20.3.187-9618&noUDP&sock=2297_2121_3>
...
001 (630087.000.000) 04/24 07:54:12 Job executing on host: <172.20.225.3:9618?addrs=172.20.225.3-9618&noUDP&sock=3391_85bd_3>
...
006 (630087.000.000) 04/24 07:54:22 Image size of job updated: 12204
	12  -  MemoryUsage of job (MB)
	12204  -  ResidentSetSize of job (KB)
...
006 (630087.000.000) 04/24 07:59:22 Image size of job updated: 676868
	661  -  MemoryUsage of job (MB)
	676632  -  ResidentSetSize of job (KB)
...
006 (630087.000.000) 04/24 08:04:23 Image size of job updated: 952572
	930  -  MemoryUsage of job (MB)
	952040  -  ResidentSetSize of job (KB)
...
006 (630087.000.000) 04/24 08:09:24 Image size of job updated: 1152992
	1126  -  MemoryUsage of job (MB)
	1152052  -  ResidentSetSize of job (KB)
...
006 (630087.000.000) 04/24 08:14:24 Image size of job updated: 1324716
	1294  -  MemoryUsage of job (MB)
	1324248  -  ResidentSetSize of job (KB)
...
006 (630087.000.000) 04/24 08:19:25 Image size of job updated: 1465456
	1431  -  MemoryUsage of job (MB)
	1465196  -  ResidentSetSize of job (KB)
...
005 (630087.000.000) 04/24 08:22:43 Job terminated.
	(1) Normal termination (return value 0)
		Usr 0 00:26:19, Sys 0 00:01:07  -  Run Remote Usage
		Usr 0 00:00:00, Sys 0 00:00:00  -  Run Local Usage
		Usr 0 00:26:19, Sys 0 00:01:07  -  Total Remote Usage
		Usr 0 00:00:00, Sys 0 00:00:00  -  Total Local Usage
	1715253  -  Run Bytes Sent By Job
	8620734  -  Run Bytes Received By Job
	1715253  -  Total Bytes Sent By Job
	8620734  -  Total Bytes Received By Job
	Partitionable Resources :    Usage  Request  Allocated 
	   Cpus                 :     0.99        1          1 
	   Disk (KB)            : 10650       10000 2210728621 
	   Memory (MB)          :  1431        6144       8033 
...
000 (630146.000.000) 04/24 08:39:26 Job submitted from host: <172.20.3.187:9618?addrs=172.20.3.187-9618&noUDP&sock=2297_2121_3>
...
001 (630146.000.000) 04/24 08:46:32 Job executing on host: <172.20.225.8:9618?addrs=172.20.225.8-9618&noUDP&sock=3440_21e1_3>
...
006 (630146.000.000) 04/24 08:46:40 Image size of job updated: 4244
	3  -  MemoryUsage of job (MB)
	2368  -  ResidentSetSize of job (KB)
...
006 (630146.000.000) 04/24 08:51:41 Image size of job updated: 688620
	672  -  MemoryUsage of job (MB)
	687896  -  ResidentSetSize of job (KB)
...
006 (630146.000.000) 04/24 08:56:41 Image size of job updated: 962036
	939  -  MemoryUsage of job (MB)
	961264  -  ResidentSetSize of job (KB)
...
006 (630146.000.000) 04/24 09:01:41 Image size of job updated: 1164640
	1137  -  MemoryUsage of job (MB)
	1163348  -  ResidentSetSize of job (KB)
...
006 (630146.000.000) 04/24 09:06:42 Image size of job updated: 1336824
	1306  -  MemoryUsage of job (MB)
	1336580  -  ResidentSetSize of job (KB)
...
006 (630146.000.000) 04/24 09:11:42 Image size of job updated: 1482256
	1448  -  MemoryUsage of job (MB)
	1481840  -  ResidentSetSize of job (KB)
...
005 (630146.000.000) 04/24 09:14:55 Job terminated.
	(1) Normal termination (return value 0)
		Usr 0 00:26:15, Sys 0 00:00:44  -  Run Remote Usage
		Usr 0 00:00:00, Sys 0 00:00:00  -  Run Local Usage
		Usr 0 00:26:15, Sys 0 00:00:44  -  Total Remote Usage
		Usr 0 00:00:00, Sys 0 00:00:00  -  Total Local Usage
	1773404  -  Run Bytes Sent By Job
	8620823  -  Run Bytes Received By Job
	1773404  -  Total Bytes Sent By Job
	8620823  -  Total Bytes Received By Job
	Partitionable Resources :    Usage  Request Allocated 
	   Cpus                 :     0.83        1         1 
	   Disk (KB)            : 10706       10000 479737977 
	   Memory (MB)          :  1448        6144      8033 
...
