/isilon/condor/hep105.hep.brown.edu/execute/dir_214942
>> Setting macroDir to PWD

Processing compile_step1.C...
>> Running on BRUX, PairVLQ_x53x53_tWtW_narrow_RH_M1000_TuneCP5_13TeV-madgraph-pythia8 stored on BRUX
>> Input file path: /isilon/hadoop/store/group/bruxljm/FWLJMET106XUL_singleLep2017UL_RunIISummer20_X53X53/PairVLQ_x53x53_tWtW_narrow_RH_M1000_TuneCP5_13TeV-madgraph-pythia8/singleLep2017UL/230310_183629/0000
>> Running step1 over list: 17 18 19 2 20 21 22 23 24 25 26 27 28 29 3 30 31 32 33 34 35 36 37 38 39 4 40 41 42 43
>> Adding PairVLQ_x53x53_tWtW_narrow_RH_M1000_TuneCP5_13TeV-madgraph-pythia8_17.root to the list by reading PairVLQ_x53x53_tWtW_narrow_RH_M1000_TuneCP5_13TeV-madgraph-pythia8_17
>> Adding PairVLQ_x53x53_tWtW_narrow_RH_M1000_TuneCP5_13TeV-madgraph-pythia8_18.root to the list by reading PairVLQ_x53x53_tWtW_narrow_RH_M1000_TuneCP5_13TeV-madgraph-pythia8_18
>> Adding PairVLQ_x53x53_tWtW_narrow_RH_M1000_TuneCP5_13TeV-madgraph-pythia8_19.root to the list by reading PairVLQ_x53x53_tWtW_narrow_RH_M1000_TuneCP5_13TeV-madgraph-pythia8_19
>> Adding PairVLQ_x53x53_tWtW_narrow_RH_M1000_TuneCP5_13TeV-madgraph-pythia8_2.root to the list by reading PairVLQ_x53x53_tWtW_narrow_RH_M1000_TuneCP5_13TeV-madgraph-pythia8_2
>> Adding PairVLQ_x53x53_tWtW_narrow_RH_M1000_TuneCP5_13TeV-madgraph-pythia8_20.root to the list by reading PairVLQ_x53x53_tWtW_narrow_RH_M1000_TuneCP5_13TeV-madgraph-pythia8_20
>> Adding PairVLQ_x53x53_tWtW_narrow_RH_M1000_TuneCP5_13TeV-madgraph-pythia8_21.root to the list by reading PairVLQ_x53x53_tWtW_narrow_RH_M1000_TuneCP5_13TeV-madgraph-pythia8_21
>> Adding PairVLQ_x53x53_tWtW_narrow_RH_M1000_TuneCP5_13TeV-madgraph-pythia8_22.root to the list by reading PairVLQ_x53x53_tWtW_narrow_RH_M1000_TuneCP5_13TeV-madgraph-pythia8_22
>> Adding PairVLQ_x53x53_tWtW_narrow_RH_M1000_TuneCP5_13TeV-madgraph-pythia8_23.root to the list by reading PairVLQ_x53x53_tWtW_narrow_RH_M1000_TuneCP5_13TeV-madgraph-pythia8_23
>> Adding PairVLQ_x53x53_tWtW_narrow_RH_M1000_TuneCP5_13TeV-madgraph-pythia8_24.root to the list by reading PairVLQ_x53x53_tWtW_narrow_RH_M1000_TuneCP5_13TeV-madgraph-pythia8_24
>> Adding PairVLQ_x53x53_tWtW_narrow_RH_M1000_TuneCP5_13TeV-madgraph-pythia8_25.root to the list by reading PairVLQ_x53x53_tWtW_narrow_RH_M1000_TuneCP5_13TeV-madgraph-pythia8_25
>> Adding PairVLQ_x53x53_tWtW_narrow_RH_M1000_TuneCP5_13TeV-madgraph-pythia8_26.root to the list by reading PairVLQ_x53x53_tWtW_narrow_RH_M1000_TuneCP5_13TeV-madgraph-pythia8_26
>> Adding PairVLQ_x53x53_tWtW_narrow_RH_M1000_TuneCP5_13TeV-madgraph-pythia8_27.root to the list by reading PairVLQ_x53x53_tWtW_narrow_RH_M1000_TuneCP5_13TeV-madgraph-pythia8_27
>> Adding PairVLQ_x53x53_tWtW_narrow_RH_M1000_TuneCP5_13TeV-madgraph-pythia8_28.root to the list by reading PairVLQ_x53x53_tWtW_narrow_RH_M1000_TuneCP5_13TeV-madgraph-pythia8_28
>> Adding PairVLQ_x53x53_tWtW_narrow_RH_M1000_TuneCP5_13TeV-madgraph-pythia8_29.root to the list by reading PairVLQ_x53x53_tWtW_narrow_RH_M1000_TuneCP5_13TeV-madgraph-pythia8_29
>> Adding PairVLQ_x53x53_tWtW_narrow_RH_M1000_TuneCP5_13TeV-madgraph-pythia8_3.root to the list by reading PairVLQ_x53x53_tWtW_narrow_RH_M1000_TuneCP5_13TeV-madgraph-pythia8_3
>> Adding PairVLQ_x53x53_tWtW_narrow_RH_M1000_TuneCP5_13TeV-madgraph-pythia8_30.root to the list by reading PairVLQ_x53x53_tWtW_narrow_RH_M1000_TuneCP5_13TeV-madgraph-pythia8_30
>> Adding PairVLQ_x53x53_tWtW_narrow_RH_M1000_TuneCP5_13TeV-madgraph-pythia8_31.root to the list by reading PairVLQ_x53x53_tWtW_narrow_RH_M1000_TuneCP5_13TeV-madgraph-pythia8_31
>> Adding PairVLQ_x53x53_tWtW_narrow_RH_M1000_TuneCP5_13TeV-madgraph-pythia8_32.root to the list by reading PairVLQ_x53x53_tWtW_narrow_RH_M1000_TuneCP5_13TeV-madgraph-pythia8_32
>> Adding PairVLQ_x53x53_tWtW_narrow_RH_M1000_TuneCP5_13TeV-madgraph-pythia8_33.root to the list by reading PairVLQ_x53x53_tWtW_narrow_RH_M1000_TuneCP5_13TeV-madgraph-pythia8_33
>> Adding PairVLQ_x53x53_tWtW_narrow_RH_M1000_TuneCP5_13TeV-madgraph-pythia8_34.root to the list by reading PairVLQ_x53x53_tWtW_narrow_RH_M1000_TuneCP5_13TeV-madgraph-pythia8_34
>> Adding PairVLQ_x53x53_tWtW_narrow_RH_M1000_TuneCP5_13TeV-madgraph-pythia8_35.root to the list by reading PairVLQ_x53x53_tWtW_narrow_RH_M1000_TuneCP5_13TeV-madgraph-pythia8_35
>> Adding PairVLQ_x53x53_tWtW_narrow_RH_M1000_TuneCP5_13TeV-madgraph-pythia8_36.root to the list by reading PairVLQ_x53x53_tWtW_narrow_RH_M1000_TuneCP5_13TeV-madgraph-pythia8_36
>> Adding PairVLQ_x53x53_tWtW_narrow_RH_M1000_TuneCP5_13TeV-madgraph-pythia8_37.root to the list by reading PairVLQ_x53x53_tWtW_narrow_RH_M1000_TuneCP5_13TeV-madgraph-pythia8_37
>> Adding PairVLQ_x53x53_tWtW_narrow_RH_M1000_TuneCP5_13TeV-madgraph-pythia8_38.root to the list by reading PairVLQ_x53x53_tWtW_narrow_RH_M1000_TuneCP5_13TeV-madgraph-pythia8_38
>> Adding PairVLQ_x53x53_tWtW_narrow_RH_M1000_TuneCP5_13TeV-madgraph-pythia8_39.root to the list by reading PairVLQ_x53x53_tWtW_narrow_RH_M1000_TuneCP5_13TeV-madgraph-pythia8_39
>> Adding PairVLQ_x53x53_tWtW_narrow_RH_M1000_TuneCP5_13TeV-madgraph-pythia8_4.root to the list by reading PairVLQ_x53x53_tWtW_narrow_RH_M1000_TuneCP5_13TeV-madgraph-pythia8_4
>> Adding PairVLQ_x53x53_tWtW_narrow_RH_M1000_TuneCP5_13TeV-madgraph-pythia8_40.root to the list by reading PairVLQ_x53x53_tWtW_narrow_RH_M1000_TuneCP5_13TeV-madgraph-pythia8_40
>> Adding PairVLQ_x53x53_tWtW_narrow_RH_M1000_TuneCP5_13TeV-madgraph-pythia8_41.root to the list by reading PairVLQ_x53x53_tWtW_narrow_RH_M1000_TuneCP5_13TeV-madgraph-pythia8_41
>> Adding PairVLQ_x53x53_tWtW_narrow_RH_M1000_TuneCP5_13TeV-madgraph-pythia8_42.root to the list by reading PairVLQ_x53x53_tWtW_narrow_RH_M1000_TuneCP5_13TeV-madgraph-pythia8_42
>> Adding PairVLQ_x53x53_tWtW_narrow_RH_M1000_TuneCP5_13TeV-madgraph-pythia8_43.root to the list by reading PairVLQ_x53x53_tWtW_narrow_RH_M1000_TuneCP5_13TeV-madgraph-pythia8_43
[OPT] Using deepCSV reshaping file: reshaping_deepCSV_106XUL17_v4.csv
[OPT] Using deepJet reshaping file: reshaping_deepJet_106XUL17_v4.csv

>> Running /isilon/hadoop/store/group/bruxljm/FWLJMET106XUL_singleLep2017UL_RunIISummer20_X53X53/PairVLQ_x53x53_tWtW_narrow_RH_M1000_TuneCP5_13TeV-madgraph-pythia8/singleLep2017UL/230310_183629/0000/PairVLQ_x53x53_tWtW_narrow_RH_M1000_TuneCP5_13TeV-madgraph-pythia8_17.root for shift: nominal
[step1.h] Opening file: /isilon/hadoop/store/group/bruxljm/FWLJMET106XUL_singleLep2017UL_RunIISummer20_X53X53/PairVLQ_x53x53_tWtW_narrow_RH_M1000_TuneCP5_13TeV-madgraph-pythia8/singleLep2017UL/230310_183629/0000/PairVLQ_x53x53_tWtW_narrow_RH_M1000_TuneCP5_13TeV-madgraph-pythia8_17.root
[step1.h] Finished initializing
RUN CONFIG: YEAR = 2017
Era = 
isMC = 1, isSig = 1, SigMass = 3
isHad =0, isSE =0, isSM =0
isTTTT = 0, isXX = 1, isTpTp = 0, isBpBp = 0
For W's: isTT = 0, isSTt = 0, isSTtW = 0
For jets & PDF: isTOP = 0, isMadgraphBkg = 1
For HOTTagger Efficiencies: isTTV = 0, isTTHbb = 0, isTTHnonbb = 0, isTTTX = 0
isTTVV = 0, isST = 0, isTTToSemiLeptonHT500Njet9 = 0
Pileup sample key: PairVLQ_x53x53_tWtW_narrow_RH_M1000_TuneCP5_13TeV-madgraph-pythia8
b-tagging working points: 0.304(DeepJet)0.4506(DeepCSV)
isTTincMtt0to700: 0
isTTincMtt0to1000: 0
isTTincMtt700to1000: 0
isTTincMtt1000toInf: 0
isTTSemilepIncHT0Njet0: 0
isTTSemilepIncHT500Njet9: 0
outTTLF: 0
outTTCC: 0
outTTBB: 0
outTT1B: 0
outTT2B: 0
>> Completed 0 out of 526 events
[INFO] Defaulting to central deepJet weight for: nominal
Nelectrons      = 262 / 526
Npassed_ElEta   = 262 / 526
Nmuons          = 264 / 526
NrelIsoFail     = 0 / 526
Npassed_MuEta   = 264 / 526
Npassed_nAK8Jets= 526 / 526
Npassed_Trigger = 512 / 526
Npassed_MET     = 443 / 526
Npassed_lepPt   = 466 / 526
Npassed_HT      = 523 / 526
npass_Njets     = 525 / 526
Npassed_ALL     = 390 / 526

>> Running /isilon/hadoop/store/group/bruxljm/FWLJMET106XUL_singleLep2017UL_RunIISummer20_X53X53/PairVLQ_x53x53_tWtW_narrow_RH_M1000_TuneCP5_13TeV-madgraph-pythia8/singleLep2017UL/230310_183629/0000/PairVLQ_x53x53_tWtW_narrow_RH_M1000_TuneCP5_13TeV-madgraph-pythia8_18.root for shift: nominal
[step1.h] Opening file: /isilon/hadoop/store/group/bruxljm/FWLJMET106XUL_singleLep2017UL_RunIISummer20_X53X53/PairVLQ_x53x53_tWtW_narrow_RH_M1000_TuneCP5_13TeV-madgraph-pythia8/singleLep2017UL/230310_183629/0000/PairVLQ_x53x53_tWtW_narrow_RH_M1000_TuneCP5_13TeV-madgraph-pythia8_18.root
[step1.h] Finished initializing
RUN CONFIG: YEAR = 2017
Era = 
isMC = 1, isSig = 1, SigMass = 3
isHad =0, isSE =0, isSM =0
isTTTT = 0, isXX = 1, isTpTp = 0, isBpBp = 0
For W's: isTT = 0, isSTt = 0, isSTtW = 0
For jets & PDF: isTOP = 0, isMadgraphBkg = 1
For HOTTagger Efficiencies: isTTV = 0, isTTHbb = 0, isTTHnonbb = 0, isTTTX = 0
isTTVV = 0, isST = 0, isTTToSemiLeptonHT500Njet9 = 0
Pileup sample key: PairVLQ_x53x53_tWtW_narrow_RH_M1000_TuneCP5_13TeV-madgraph-pythia8
b-tagging working points: 0.304(DeepJet)0.4506(DeepCSV)
isTTincMtt0to700: 0
isTTincMtt0to1000: 0
isTTincMtt700to1000: 0
isTTincMtt1000toInf: 0
isTTSemilepIncHT0Njet0: 0
isTTSemilepIncHT500Njet9: 0
outTTLF: 0
outTTCC: 0
outTTBB: 0
outTT1B: 0
outTT2B: 0
>> Completed 0 out of 1074 events
[INFO] Defaulting to central deepJet weight for: nominal
>> Completed 1000 out of 1074 events
Nelectrons      = 503 / 1074
Npassed_ElEta   = 503 / 1074
Nmuons          = 571 / 1074
NrelIsoFail     = 0 / 1074
Npassed_MuEta   = 571 / 1074
Npassed_nAK8Jets= 1074 / 1074
Npassed_Trigger = 1038 / 1074
Npassed_MET     = 902 / 1074
Npassed_lepPt   = 943 / 1074
Npassed_HT      = 1068 / 1074
npass_Njets     = 1072 / 1074
Npassed_ALL     = 789 / 1074

>> Running /isilon/hadoop/store/group/bruxljm/FWLJMET106XUL_singleLep2017UL_RunIISummer20_X53X53/PairVLQ_x53x53_tWtW_narrow_RH_M1000_TuneCP5_13TeV-madgraph-pythia8/singleLep2017UL/230310_183629/0000/PairVLQ_x53x53_tWtW_narrow_RH_M1000_TuneCP5_13TeV-madgraph-pythia8_19.root for shift: nominal
[step1.h] Opening file: /isilon/hadoop/store/group/bruxljm/FWLJMET106XUL_singleLep2017UL_RunIISummer20_X53X53/PairVLQ_x53x53_tWtW_narrow_RH_M1000_TuneCP5_13TeV-madgraph-pythia8/singleLep2017UL/230310_183629/0000/PairVLQ_x53x53_tWtW_narrow_RH_M1000_TuneCP5_13TeV-madgraph-pythia8_19.root
[step1.h] Finished initializing
RUN CONFIG: YEAR = 2017
Era = 
isMC = 1, isSig = 1, SigMass = 3
isHad =0, isSE =0, isSM =0
isTTTT = 0, isXX = 1, isTpTp = 0, isBpBp = 0
For W's: isTT = 0, isSTt = 0, isSTtW = 0
For jets & PDF: isTOP = 0, isMadgraphBkg = 1
For HOTTagger Efficiencies: isTTV = 0, isTTHbb = 0, isTTHnonbb = 0, isTTTX = 0
isTTVV = 0, isST = 0, isTTToSemiLeptonHT500Njet9 = 0
Pileup sample key: PairVLQ_x53x53_tWtW_narrow_RH_M1000_TuneCP5_13TeV-madgraph-pythia8
b-tagging working points: 0.304(DeepJet)0.4506(DeepCSV)
isTTincMtt0to700: 0
isTTincMtt0to1000: 0
isTTincMtt700to1000: 0
isTTincMtt1000toInf: 0
isTTSemilepIncHT0Njet0: 0
isTTSemilepIncHT500Njet9: 0
outTTLF: 0
outTTCC: 0
outTTBB: 0
outTT1B: 0
outTT2B: 0
>> Completed 0 out of 534 events
[INFO] Defaulting to central deepJet weight for: nominal
Nelectrons      = 240 / 534
Npassed_ElEta   = 240 / 534
Nmuons          = 294 / 534
NrelIsoFail     = 0 / 534
Npassed_MuEta   = 294 / 534
Npassed_nAK8Jets= 534 / 534
Npassed_Trigger = 519 / 534
Npassed_MET     = 445 / 534
Npassed_lepPt   = 473 / 534
Npassed_HT      = 533 / 534
npass_Njets     = 531 / 534
Npassed_ALL     = 386 / 534

>> Running /isilon/hadoop/store/group/bruxljm/FWLJMET106XUL_singleLep2017UL_RunIISummer20_X53X53/PairVLQ_x53x53_tWtW_narrow_RH_M1000_TuneCP5_13TeV-madgraph-pythia8/singleLep2017UL/230310_183629/0000/PairVLQ_x53x53_tWtW_narrow_RH_M1000_TuneCP5_13TeV-madgraph-pythia8_2.root for shift: nominal
[step1.h] Opening file: /isilon/hadoop/store/group/bruxljm/FWLJMET106XUL_singleLep2017UL_RunIISummer20_X53X53/PairVLQ_x53x53_tWtW_narrow_RH_M1000_TuneCP5_13TeV-madgraph-pythia8/singleLep2017UL/230310_183629/0000/PairVLQ_x53x53_tWtW_narrow_RH_M1000_TuneCP5_13TeV-madgraph-pythia8_2.root
[step1.h] Finished initializing
RUN CONFIG: YEAR = 2017
Era = 
isMC = 1, isSig = 1, SigMass = 3
isHad =0, isSE =0, isSM =0
isTTTT = 0, isXX = 1, isTpTp = 0, isBpBp = 0
For W's: isTT = 0, isSTt = 0, isSTtW = 0
For jets & PDF: isTOP = 0, isMadgraphBkg = 1
For HOTTagger Efficiencies: isTTV = 0, isTTHbb = 0, isTTHnonbb = 0, isTTTX = 0
isTTVV = 0, isST = 0, isTTToSemiLeptonHT500Njet9 = 0
Pileup sample key: PairVLQ_x53x53_tWtW_narrow_RH_M1000_TuneCP5_13TeV-madgraph-pythia8
b-tagging working points: 0.304(DeepJet)0.4506(DeepCSV)
isTTincMtt0to700: 0
isTTincMtt0to1000: 0
isTTincMtt700to1000: 0
isTTincMtt1000toInf: 0
isTTSemilepIncHT0Njet0: 0
isTTSemilepIncHT500Njet9: 0
outTTLF: 0
outTTCC: 0
outTTBB: 0
outTT1B: 0
outTT2B: 0
>> Completed 0 out of 1057 events
[INFO] Defaulting to central deepJet weight for: nominal
>> Completed 1000 out of 1057 events
Nelectrons      = 485 / 1057
Npassed_ElEta   = 485 / 1057
Nmuons          = 572 / 1057
NrelIsoFail     = 0 / 1057
Npassed_MuEta   = 572 / 1057
Npassed_nAK8Jets= 1057 / 1057
Npassed_Trigger = 1014 / 1057
Npassed_MET     = 885 / 1057
Npassed_lepPt   = 924 / 1057
Npassed_HT      = 1055 / 1057
npass_Njets     = 1054 / 1057
Npassed_ALL     = 774 / 1057

>> Running /isilon/hadoop/store/group/bruxljm/FWLJMET106XUL_singleLep2017UL_RunIISummer20_X53X53/PairVLQ_x53x53_tWtW_narrow_RH_M1000_TuneCP5_13TeV-madgraph-pythia8/singleLep2017UL/230310_183629/0000/PairVLQ_x53x53_tWtW_narrow_RH_M1000_TuneCP5_13TeV-madgraph-pythia8_20.root for shift: nominal
[step1.h] Opening file: /isilon/hadoop/store/group/bruxljm/FWLJMET106XUL_singleLep2017UL_RunIISummer20_X53X53/PairVLQ_x53x53_tWtW_narrow_RH_M1000_TuneCP5_13TeV-madgraph-pythia8/singleLep2017UL/230310_183629/0000/PairVLQ_x53x53_tWtW_narrow_RH_M1000_TuneCP5_13TeV-madgraph-pythia8_20.root
[step1.h] Finished initializing
RUN CONFIG: YEAR = 2017
Era = 
isMC = 1, isSig = 1, SigMass = 3
isHad =0, isSE =0, isSM =0
isTTTT = 0, isXX = 1, isTpTp = 0, isBpBp = 0
For W's: isTT = 0, isSTt = 0, isSTtW = 0
For jets & PDF: isTOP = 0, isMadgraphBkg = 1
For HOTTagger Efficiencies: isTTV = 0, isTTHbb = 0, isTTHnonbb = 0, isTTTX = 0
isTTVV = 0, isST = 0, isTTToSemiLeptonHT500Njet9 = 0
Pileup sample key: PairVLQ_x53x53_tWtW_narrow_RH_M1000_TuneCP5_13TeV-madgraph-pythia8
b-tagging working points: 0.304(DeepJet)0.4506(DeepCSV)
isTTincMtt0to700: 0
isTTincMtt0to1000: 0
isTTincMtt700to1000: 0
isTTincMtt1000toInf: 0
isTTSemilepIncHT0Njet0: 0
isTTSemilepIncHT500Njet9: 0
outTTLF: 0
outTTCC: 0
outTTBB: 0
outTT1B: 0
outTT2B: 0
>> Completed 0 out of 1081 events
[INFO] Defaulting to central deepJet weight for: nominal
>> Completed 1000 out of 1081 events
Nelectrons      = 484 / 1081
Npassed_ElEta   = 484 / 1081
Nmuons          = 597 / 1081
NrelIsoFail     = 0 / 1081
Npassed_MuEta   = 597 / 1081
Npassed_nAK8Jets= 1081 / 1081
Npassed_Trigger = 1036 / 1081
Npassed_MET     = 891 / 1081
Npassed_lepPt   = 950 / 1081
Npassed_HT      = 1073 / 1081
npass_Njets     = 1072 / 1081
Npassed_ALL     = 771 / 1081

>> Running /isilon/hadoop/store/group/bruxljm/FWLJMET106XUL_singleLep2017UL_RunIISummer20_X53X53/PairVLQ_x53x53_tWtW_narrow_RH_M1000_TuneCP5_13TeV-madgraph-pythia8/singleLep2017UL/230310_183629/0000/PairVLQ_x53x53_tWtW_narrow_RH_M1000_TuneCP5_13TeV-madgraph-pythia8_21.root for shift: nominal
[step1.h] Opening file: /isilon/hadoop/store/group/bruxljm/FWLJMET106XUL_singleLep2017UL_RunIISummer20_X53X53/PairVLQ_x53x53_tWtW_narrow_RH_M1000_TuneCP5_13TeV-madgraph-pythia8/singleLep2017UL/230310_183629/0000/PairVLQ_x53x53_tWtW_narrow_RH_M1000_TuneCP5_13TeV-madgraph-pythia8_21.root
[step1.h] Finished initializing
RUN CONFIG: YEAR = 2017
Era = 
isMC = 1, isSig = 1, SigMass = 3
isHad =0, isSE =0, isSM =0
isTTTT = 0, isXX = 1, isTpTp = 0, isBpBp = 0
For W's: isTT = 0, isSTt = 0, isSTtW = 0
For jets & PDF: isTOP = 0, isMadgraphBkg = 1
For HOTTagger Efficiencies: isTTV = 0, isTTHbb = 0, isTTHnonbb = 0, isTTTX = 0
isTTVV = 0, isST = 0, isTTToSemiLeptonHT500Njet9 = 0
Pileup sample key: PairVLQ_x53x53_tWtW_narrow_RH_M1000_TuneCP5_13TeV-madgraph-pythia8
b-tagging working points: 0.304(DeepJet)0.4506(DeepCSV)
isTTincMtt0to700: 0
isTTincMtt0to1000: 0
isTTincMtt700to1000: 0
isTTincMtt1000toInf: 0
isTTSemilepIncHT0Njet0: 0
isTTSemilepIncHT500Njet9: 0
outTTLF: 0
outTTCC: 0
outTTBB: 0
outTT1B: 0
outTT2B: 0
>> Completed 0 out of 1034 events
[INFO] Defaulting to central deepJet weight for: nominal
>> Completed 1000 out of 1034 events
Nelectrons      = 493 / 1034
Npassed_ElEta   = 493 / 1034
Nmuons          = 541 / 1034
NrelIsoFail     = 0 / 1034
Npassed_MuEta   = 541 / 1034
Npassed_nAK8Jets= 1034 / 1034
Npassed_Trigger = 1003 / 1034
Npassed_MET     = 866 / 1034
Npassed_lepPt   = 923 / 1034
Npassed_HT      = 1034 / 1034
npass_Njets     = 1029 / 1034
Npassed_ALL     = 764 / 1034

>> Running /isilon/hadoop/store/group/bruxljm/FWLJMET106XUL_singleLep2017UL_RunIISummer20_X53X53/PairVLQ_x53x53_tWtW_narrow_RH_M1000_TuneCP5_13TeV-madgraph-pythia8/singleLep2017UL/230310_183629/0000/PairVLQ_x53x53_tWtW_narrow_RH_M1000_TuneCP5_13TeV-madgraph-pythia8_22.root for shift: nominal
[step1.h] Opening file: /isilon/hadoop/store/group/bruxljm/FWLJMET106XUL_singleLep2017UL_RunIISummer20_X53X53/PairVLQ_x53x53_tWtW_narrow_RH_M1000_TuneCP5_13TeV-madgraph-pythia8/singleLep2017UL/230310_183629/0000/PairVLQ_x53x53_tWtW_narrow_RH_M1000_TuneCP5_13TeV-madgraph-pythia8_22.root
[step1.h] Finished initializing
RUN CONFIG: YEAR = 2017
Era = 
isMC = 1, isSig = 1, SigMass = 3
isHad =0, isSE =0, isSM =0
isTTTT = 0, isXX = 1, isTpTp = 0, isBpBp = 0
For W's: isTT = 0, isSTt = 0, isSTtW = 0
For jets & PDF: isTOP = 0, isMadgraphBkg = 1
For HOTTagger Efficiencies: isTTV = 0, isTTHbb = 0, isTTHnonbb = 0, isTTTX = 0
isTTVV = 0, isST = 0, isTTToSemiLeptonHT500Njet9 = 0
Pileup sample key: PairVLQ_x53x53_tWtW_narrow_RH_M1000_TuneCP5_13TeV-madgraph-pythia8
b-tagging working points: 0.304(DeepJet)0.4506(DeepCSV)
isTTincMtt0to700: 0
isTTincMtt0to1000: 0
isTTincMtt700to1000: 0
isTTincMtt1000toInf: 0
isTTSemilepIncHT0Njet0: 0
isTTSemilepIncHT500Njet9: 0
outTTLF: 0
outTTCC: 0
outTTBB: 0
outTT1B: 0
outTT2B: 0
>> Completed 0 out of 1085 events
[INFO] Defaulting to central deepJet weight for: nominal
>> Completed 1000 out of 1085 events
Nelectrons      = 504 / 1085
Npassed_ElEta   = 504 / 1085
Nmuons          = 581 / 1085
NrelIsoFail     = 0 / 1085
Npassed_MuEta   = 581 / 1085
Npassed_nAK8Jets= 1085 / 1085
Npassed_Trigger = 1046 / 1085
Npassed_MET     = 907 / 1085
Npassed_lepPt   = 941 / 1085
Npassed_HT      = 1081 / 1085
npass_Njets     = 1080 / 1085
Npassed_ALL     = 785 / 1085

>> Running /isilon/hadoop/store/group/bruxljm/FWLJMET106XUL_singleLep2017UL_RunIISummer20_X53X53/PairVLQ_x53x53_tWtW_narrow_RH_M1000_TuneCP5_13TeV-madgraph-pythia8/singleLep2017UL/230310_183629/0000/PairVLQ_x53x53_tWtW_narrow_RH_M1000_TuneCP5_13TeV-madgraph-pythia8_23.root for shift: nominal
[step1.h] Opening file: /isilon/hadoop/store/group/bruxljm/FWLJMET106XUL_singleLep2017UL_RunIISummer20_X53X53/PairVLQ_x53x53_tWtW_narrow_RH_M1000_TuneCP5_13TeV-madgraph-pythia8/singleLep2017UL/230310_183629/0000/PairVLQ_x53x53_tWtW_narrow_RH_M1000_TuneCP5_13TeV-madgraph-pythia8_23.root
[step1.h] Finished initializing
RUN CONFIG: YEAR = 2017
Era = 
isMC = 1, isSig = 1, SigMass = 3
isHad =0, isSE =0, isSM =0
isTTTT = 0, isXX = 1, isTpTp = 0, isBpBp = 0
For W's: isTT = 0, isSTt = 0, isSTtW = 0
For jets & PDF: isTOP = 0, isMadgraphBkg = 1
For HOTTagger Efficiencies: isTTV = 0, isTTHbb = 0, isTTHnonbb = 0, isTTTX = 0
isTTVV = 0, isST = 0, isTTToSemiLeptonHT500Njet9 = 0
Pileup sample key: PairVLQ_x53x53_tWtW_narrow_RH_M1000_TuneCP5_13TeV-madgraph-pythia8
b-tagging working points: 0.304(DeepJet)0.4506(DeepCSV)
isTTincMtt0to700: 0
isTTincMtt0to1000: 0
isTTincMtt700to1000: 0
isTTincMtt1000toInf: 0
isTTSemilepIncHT0Njet0: 0
isTTSemilepIncHT500Njet9: 0
outTTLF: 0
outTTCC: 0
outTTBB: 0
outTT1B: 0
outTT2B: 0
>> Completed 0 out of 1058 events
[INFO] Defaulting to central deepJet weight for: nominal
>> Completed 1000 out of 1058 events
Nelectrons      = 479 / 1058
Npassed_ElEta   = 479 / 1058
Nmuons          = 579 / 1058
NrelIsoFail     = 0 / 1058
Npassed_MuEta   = 579 / 1058
Npassed_nAK8Jets= 1058 / 1058
Npassed_Trigger = 1029 / 1058
Npassed_MET     = 907 / 1058
Npassed_lepPt   = 930 / 1058
Npassed_HT      = 1054 / 1058
npass_Njets     = 1055 / 1058
Npassed_ALL     = 796 / 1058

>> Running /isilon/hadoop/store/group/bruxljm/FWLJMET106XUL_singleLep2017UL_RunIISummer20_X53X53/PairVLQ_x53x53_tWtW_narrow_RH_M1000_TuneCP5_13TeV-madgraph-pythia8/singleLep2017UL/230310_183629/0000/PairVLQ_x53x53_tWtW_narrow_RH_M1000_TuneCP5_13TeV-madgraph-pythia8_24.root for shift: nominal
[step1.h] Opening file: /isilon/hadoop/store/group/bruxljm/FWLJMET106XUL_singleLep2017UL_RunIISummer20_X53X53/PairVLQ_x53x53_tWtW_narrow_RH_M1000_TuneCP5_13TeV-madgraph-pythia8/singleLep2017UL/230310_183629/0000/PairVLQ_x53x53_tWtW_narrow_RH_M1000_TuneCP5_13TeV-madgraph-pythia8_24.root
[step1.h] Finished initializing
RUN CONFIG: YEAR = 2017
Era = 
isMC = 1, isSig = 1, SigMass = 3
isHad =0, isSE =0, isSM =0
isTTTT = 0, isXX = 1, isTpTp = 0, isBpBp = 0
For W's: isTT = 0, isSTt = 0, isSTtW = 0
For jets & PDF: isTOP = 0, isMadgraphBkg = 1
For HOTTagger Efficiencies: isTTV = 0, isTTHbb = 0, isTTHnonbb = 0, isTTTX = 0
isTTVV = 0, isST = 0, isTTToSemiLeptonHT500Njet9 = 0
Pileup sample key: PairVLQ_x53x53_tWtW_narrow_RH_M1000_TuneCP5_13TeV-madgraph-pythia8
b-tagging working points: 0.304(DeepJet)0.4506(DeepCSV)
isTTincMtt0to700: 0
isTTincMtt0to1000: 0
isTTincMtt700to1000: 0
isTTincMtt1000toInf: 0
isTTSemilepIncHT0Njet0: 0
isTTSemilepIncHT500Njet9: 0
outTTLF: 0
outTTCC: 0
outTTBB: 0
outTT1B: 0
outTT2B: 0
>> Completed 0 out of 1049 events
[INFO] Defaulting to central deepJet weight for: nominal
>> Completed 1000 out of 1049 events
Nelectrons      = 501 / 1049
Npassed_ElEta   = 501 / 1049
Nmuons          = 548 / 1049
NrelIsoFail     = 0 / 1049
Npassed_MuEta   = 548 / 1049
Npassed_nAK8Jets= 1049 / 1049
Npassed_Trigger = 1024 / 1049
Npassed_MET     = 891 / 1049
Npassed_lepPt   = 924 / 1049
Npassed_HT      = 1043 / 1049
npass_Njets     = 1045 / 1049
Npassed_ALL     = 784 / 1049

>> Running /isilon/hadoop/store/group/bruxljm/FWLJMET106XUL_singleLep2017UL_RunIISummer20_X53X53/PairVLQ_x53x53_tWtW_narrow_RH_M1000_TuneCP5_13TeV-madgraph-pythia8/singleLep2017UL/230310_183629/0000/PairVLQ_x53x53_tWtW_narrow_RH_M1000_TuneCP5_13TeV-madgraph-pythia8_25.root for shift: nominal
[step1.h] Opening file: /isilon/hadoop/store/group/bruxljm/FWLJMET106XUL_singleLep2017UL_RunIISummer20_X53X53/PairVLQ_x53x53_tWtW_narrow_RH_M1000_TuneCP5_13TeV-madgraph-pythia8/singleLep2017UL/230310_183629/0000/PairVLQ_x53x53_tWtW_narrow_RH_M1000_TuneCP5_13TeV-madgraph-pythia8_25.root
[step1.h] Finished initializing
RUN CONFIG: YEAR = 2017
Era = 
isMC = 1, isSig = 1, SigMass = 3
isHad =0, isSE =0, isSM =0
isTTTT = 0, isXX = 1, isTpTp = 0, isBpBp = 0
For W's: isTT = 0, isSTt = 0, isSTtW = 0
For jets & PDF: isTOP = 0, isMadgraphBkg = 1
For HOTTagger Efficiencies: isTTV = 0, isTTHbb = 0, isTTHnonbb = 0, isTTTX = 0
isTTVV = 0, isST = 0, isTTToSemiLeptonHT500Njet9 = 0
Pileup sample key: PairVLQ_x53x53_tWtW_narrow_RH_M1000_TuneCP5_13TeV-madgraph-pythia8
b-tagging working points: 0.304(DeepJet)0.4506(DeepCSV)
isTTincMtt0to700: 0
isTTincMtt0to1000: 0
isTTincMtt700to1000: 0
isTTincMtt1000toInf: 0
isTTSemilepIncHT0Njet0: 0
isTTSemilepIncHT500Njet9: 0
outTTLF: 0
outTTCC: 0
outTTBB: 0
outTT1B: 0
outTT2B: 0
>> Completed 0 out of 1059 events
[INFO] Defaulting to central deepJet weight for: nominal
>> Completed 1000 out of 1059 events
Nelectrons      = 519 / 1059
Npassed_ElEta   = 519 / 1059
Nmuons          = 540 / 1059
NrelIsoFail     = 0 / 1059
Npassed_MuEta   = 540 / 1059
Npassed_nAK8Jets= 1059 / 1059
Npassed_Trigger = 1018 / 1059
Npassed_MET     = 904 / 1059
Npassed_lepPt   = 942 / 1059
Npassed_HT      = 1049 / 1059
npass_Njets     = 1050 / 1059
Npassed_ALL     = 791 / 1059

>> Running /isilon/hadoop/store/group/bruxljm/FWLJMET106XUL_singleLep2017UL_RunIISummer20_X53X53/PairVLQ_x53x53_tWtW_narrow_RH_M1000_TuneCP5_13TeV-madgraph-pythia8/singleLep2017UL/230310_183629/0000/PairVLQ_x53x53_tWtW_narrow_RH_M1000_TuneCP5_13TeV-madgraph-pythia8_26.root for shift: nominal
[step1.h] Opening file: /isilon/hadoop/store/group/bruxljm/FWLJMET106XUL_singleLep2017UL_RunIISummer20_X53X53/PairVLQ_x53x53_tWtW_narrow_RH_M1000_TuneCP5_13TeV-madgraph-pythia8/singleLep2017UL/230310_183629/0000/PairVLQ_x53x53_tWtW_narrow_RH_M1000_TuneCP5_13TeV-madgraph-pythia8_26.root
[step1.h] Finished initializing
RUN CONFIG: YEAR = 2017
Era = 
isMC = 1, isSig = 1, SigMass = 3
isHad =0, isSE =0, isSM =0
isTTTT = 0, isXX = 1, isTpTp = 0, isBpBp = 0
For W's: isTT = 0, isSTt = 0, isSTtW = 0
For jets & PDF: isTOP = 0, isMadgraphBkg = 1
For HOTTagger Efficiencies: isTTV = 0, isTTHbb = 0, isTTHnonbb = 0, isTTTX = 0
isTTVV = 0, isST = 0, isTTToSemiLeptonHT500Njet9 = 0
Pileup sample key: PairVLQ_x53x53_tWtW_narrow_RH_M1000_TuneCP5_13TeV-madgraph-pythia8
b-tagging working points: 0.304(DeepJet)0.4506(DeepCSV)
isTTincMtt0to700: 0
isTTincMtt0to1000: 0
isTTincMtt700to1000: 0
isTTincMtt1000toInf: 0
isTTSemilepIncHT0Njet0: 0
isTTSemilepIncHT500Njet9: 0
outTTLF: 0
outTTCC: 0
outTTBB: 0
outTT1B: 0
outTT2B: 0
>> Completed 0 out of 1023 events
[INFO] Defaulting to central deepJet weight for: nominal
>> Completed 1000 out of 1023 events
Nelectrons      = 463 / 1023
Npassed_ElEta   = 463 / 1023
Nmuons          = 560 / 1023
NrelIsoFail     = 0 / 1023
Npassed_MuEta   = 560 / 1023
Npassed_nAK8Jets= 1023 / 1023
Npassed_Trigger = 997 / 1023
Npassed_MET     = 854 / 1023
Npassed_lepPt   = 888 / 1023
Npassed_HT      = 1015 / 1023
npass_Njets     = 1021 / 1023
Npassed_ALL     = 729 / 1023

>> Running /isilon/hadoop/store/group/bruxljm/FWLJMET106XUL_singleLep2017UL_RunIISummer20_X53X53/PairVLQ_x53x53_tWtW_narrow_RH_M1000_TuneCP5_13TeV-madgraph-pythia8/singleLep2017UL/230310_183629/0000/PairVLQ_x53x53_tWtW_narrow_RH_M1000_TuneCP5_13TeV-madgraph-pythia8_27.root for shift: nominal
[step1.h] Opening file: /isilon/hadoop/store/group/bruxljm/FWLJMET106XUL_singleLep2017UL_RunIISummer20_X53X53/PairVLQ_x53x53_tWtW_narrow_RH_M1000_TuneCP5_13TeV-madgraph-pythia8/singleLep2017UL/230310_183629/0000/PairVLQ_x53x53_tWtW_narrow_RH_M1000_TuneCP5_13TeV-madgraph-pythia8_27.root
[step1.h] Finished initializing
RUN CONFIG: YEAR = 2017
Era = 
isMC = 1, isSig = 1, SigMass = 3
isHad =0, isSE =0, isSM =0
isTTTT = 0, isXX = 1, isTpTp = 0, isBpBp = 0
For W's: isTT = 0, isSTt = 0, isSTtW = 0
For jets & PDF: isTOP = 0, isMadgraphBkg = 1
For HOTTagger Efficiencies: isTTV = 0, isTTHbb = 0, isTTHnonbb = 0, isTTTX = 0
isTTVV = 0, isST = 0, isTTToSemiLeptonHT500Njet9 = 0
Pileup sample key: PairVLQ_x53x53_tWtW_narrow_RH_M1000_TuneCP5_13TeV-madgraph-pythia8
b-tagging working points: 0.304(DeepJet)0.4506(DeepCSV)
isTTincMtt0to700: 0
isTTincMtt0to1000: 0
isTTincMtt700to1000: 0
isTTincMtt1000toInf: 0
isTTSemilepIncHT0Njet0: 0
isTTSemilepIncHT500Njet9: 0
outTTLF: 0
outTTCC: 0
outTTBB: 0
outTT1B: 0
outTT2B: 0
>> Completed 0 out of 1072 events
[INFO] Defaulting to central deepJet weight for: nominal
>> Completed 1000 out of 1072 events
Nelectrons      = 495 / 1072
Npassed_ElEta   = 495 / 1072
Nmuons          = 577 / 1072
NrelIsoFail     = 0 / 1072
Npassed_MuEta   = 577 / 1072
Npassed_nAK8Jets= 1072 / 1072
Npassed_Trigger = 1041 / 1072
Npassed_MET     = 932 / 1072
Npassed_lepPt   = 955 / 1072
Npassed_HT      = 1069 / 1072
npass_Njets     = 1071 / 1072
Npassed_ALL     = 824 / 1072

>> Running /isilon/hadoop/store/group/bruxljm/FWLJMET106XUL_singleLep2017UL_RunIISummer20_X53X53/PairVLQ_x53x53_tWtW_narrow_RH_M1000_TuneCP5_13TeV-madgraph-pythia8/singleLep2017UL/230310_183629/0000/PairVLQ_x53x53_tWtW_narrow_RH_M1000_TuneCP5_13TeV-madgraph-pythia8_28.root for shift: nominal
[step1.h] Opening file: /isilon/hadoop/store/group/bruxljm/FWLJMET106XUL_singleLep2017UL_RunIISummer20_X53X53/PairVLQ_x53x53_tWtW_narrow_RH_M1000_TuneCP5_13TeV-madgraph-pythia8/singleLep2017UL/230310_183629/0000/PairVLQ_x53x53_tWtW_narrow_RH_M1000_TuneCP5_13TeV-madgraph-pythia8_28.root
[step1.h] Finished initializing
RUN CONFIG: YEAR = 2017
Era = 
isMC = 1, isSig = 1, SigMass = 3
isHad =0, isSE =0, isSM =0
isTTTT = 0, isXX = 1, isTpTp = 0, isBpBp = 0
For W's: isTT = 0, isSTt = 0, isSTtW = 0
For jets & PDF: isTOP = 0, isMadgraphBkg = 1
For HOTTagger Efficiencies: isTTV = 0, isTTHbb = 0, isTTHnonbb = 0, isTTTX = 0
isTTVV = 0, isST = 0, isTTToSemiLeptonHT500Njet9 = 0
Pileup sample key: PairVLQ_x53x53_tWtW_narrow_RH_M1000_TuneCP5_13TeV-madgraph-pythia8
b-tagging working points: 0.304(DeepJet)0.4506(DeepCSV)
isTTincMtt0to700: 0
isTTincMtt0to1000: 0
isTTincMtt700to1000: 0
isTTincMtt1000toInf: 0
isTTSemilepIncHT0Njet0: 0
isTTSemilepIncHT500Njet9: 0
outTTLF: 0
outTTCC: 0
outTTBB: 0
outTT1B: 0
outTT2B: 0
>> Completed 0 out of 1088 events
[INFO] Defaulting to central deepJet weight for: nominal
>> Completed 1000 out of 1088 events
Nelectrons      = 491 / 1088
Npassed_ElEta   = 491 / 1088
Nmuons          = 597 / 1088
NrelIsoFail     = 0 / 1088
Npassed_MuEta   = 597 / 1088
Npassed_nAK8Jets= 1088 / 1088
Npassed_Trigger = 1055 / 1088
Npassed_MET     = 932 / 1088
Npassed_lepPt   = 965 / 1088
Npassed_HT      = 1083 / 1088
npass_Njets     = 1083 / 1088
Npassed_ALL     = 815 / 1088

>> Running /isilon/hadoop/store/group/bruxljm/FWLJMET106XUL_singleLep2017UL_RunIISummer20_X53X53/PairVLQ_x53x53_tWtW_narrow_RH_M1000_TuneCP5_13TeV-madgraph-pythia8/singleLep2017UL/230310_183629/0000/PairVLQ_x53x53_tWtW_narrow_RH_M1000_TuneCP5_13TeV-madgraph-pythia8_29.root for shift: nominal
[step1.h] Opening file: /isilon/hadoop/store/group/bruxljm/FWLJMET106XUL_singleLep2017UL_RunIISummer20_X53X53/PairVLQ_x53x53_tWtW_narrow_RH_M1000_TuneCP5_13TeV-madgraph-pythia8/singleLep2017UL/230310_183629/0000/PairVLQ_x53x53_tWtW_narrow_RH_M1000_TuneCP5_13TeV-madgraph-pythia8_29.root
[step1.h] Finished initializing
RUN CONFIG: YEAR = 2017
Era = 
isMC = 1, isSig = 1, SigMass = 3
isHad =0, isSE =0, isSM =0
isTTTT = 0, isXX = 1, isTpTp = 0, isBpBp = 0
For W's: isTT = 0, isSTt = 0, isSTtW = 0
For jets & PDF: isTOP = 0, isMadgraphBkg = 1
For HOTTagger Efficiencies: isTTV = 0, isTTHbb = 0, isTTHnonbb = 0, isTTTX = 0
isTTVV = 0, isST = 0, isTTToSemiLeptonHT500Njet9 = 0
Pileup sample key: PairVLQ_x53x53_tWtW_narrow_RH_M1000_TuneCP5_13TeV-madgraph-pythia8
b-tagging working points: 0.304(DeepJet)0.4506(DeepCSV)
isTTincMtt0to700: 0
isTTincMtt0to1000: 0
isTTincMtt700to1000: 0
isTTincMtt1000toInf: 0
isTTSemilepIncHT0Njet0: 0
isTTSemilepIncHT500Njet9: 0
outTTLF: 0
outTTCC: 0
outTTBB: 0
outTT1B: 0
outTT2B: 0
>> Completed 0 out of 1079 events
[INFO] Defaulting to central deepJet weight for: nominal
>> Completed 1000 out of 1079 events
Nelectrons      = 490 / 1079
Npassed_ElEta   = 490 / 1079
Nmuons          = 589 / 1079
NrelIsoFail     = 0 / 1079
Npassed_MuEta   = 589 / 1079
Npassed_nAK8Jets= 1079 / 1079
Npassed_Trigger = 1040 / 1079
Npassed_MET     = 922 / 1079
Npassed_lepPt   = 931 / 1079
Npassed_HT      = 1078 / 1079
npass_Njets     = 1074 / 1079
Npassed_ALL     = 792 / 1079

>> Running /isilon/hadoop/store/group/bruxljm/FWLJMET106XUL_singleLep2017UL_RunIISummer20_X53X53/PairVLQ_x53x53_tWtW_narrow_RH_M1000_TuneCP5_13TeV-madgraph-pythia8/singleLep2017UL/230310_183629/0000/PairVLQ_x53x53_tWtW_narrow_RH_M1000_TuneCP5_13TeV-madgraph-pythia8_3.root for shift: nominal
[step1.h] Opening file: /isilon/hadoop/store/group/bruxljm/FWLJMET106XUL_singleLep2017UL_RunIISummer20_X53X53/PairVLQ_x53x53_tWtW_narrow_RH_M1000_TuneCP5_13TeV-madgraph-pythia8/singleLep2017UL/230310_183629/0000/PairVLQ_x53x53_tWtW_narrow_RH_M1000_TuneCP5_13TeV-madgraph-pythia8_3.root
[step1.h] Finished initializing
RUN CONFIG: YEAR = 2017
Era = 
isMC = 1, isSig = 1, SigMass = 3
isHad =0, isSE =0, isSM =0
isTTTT = 0, isXX = 1, isTpTp = 0, isBpBp = 0
For W's: isTT = 0, isSTt = 0, isSTtW = 0
For jets & PDF: isTOP = 0, isMadgraphBkg = 1
For HOTTagger Efficiencies: isTTV = 0, isTTHbb = 0, isTTHnonbb = 0, isTTTX = 0
isTTVV = 0, isST = 0, isTTToSemiLeptonHT500Njet9 = 0
Pileup sample key: PairVLQ_x53x53_tWtW_narrow_RH_M1000_TuneCP5_13TeV-madgraph-pythia8
b-tagging working points: 0.304(DeepJet)0.4506(DeepCSV)
isTTincMtt0to700: 0
isTTincMtt0to1000: 0
isTTincMtt700to1000: 0
isTTincMtt1000toInf: 0
isTTSemilepIncHT0Njet0: 0
isTTSemilepIncHT500Njet9: 0
outTTLF: 0
outTTCC: 0
outTTBB: 0
outTT1B: 0
outTT2B: 0
>> Completed 0 out of 1065 events
[INFO] Defaulting to central deepJet weight for: nominal
>> Completed 1000 out of 1065 events
Nelectrons      = 500 / 1065
Npassed_ElEta   = 500 / 1065
Nmuons          = 565 / 1065
NrelIsoFail     = 0 / 1065
Npassed_MuEta   = 565 / 1065
Npassed_nAK8Jets= 1065 / 1065
Npassed_Trigger = 1030 / 1065
Npassed_MET     = 901 / 1065
Npassed_lepPt   = 920 / 1065
Npassed_HT      = 1063 / 1065
npass_Njets     = 1063 / 1065
Npassed_ALL     = 775 / 1065

>> Running /isilon/hadoop/store/group/bruxljm/FWLJMET106XUL_singleLep2017UL_RunIISummer20_X53X53/PairVLQ_x53x53_tWtW_narrow_RH_M1000_TuneCP5_13TeV-madgraph-pythia8/singleLep2017UL/230310_183629/0000/PairVLQ_x53x53_tWtW_narrow_RH_M1000_TuneCP5_13TeV-madgraph-pythia8_30.root for shift: nominal
[step1.h] Opening file: /isilon/hadoop/store/group/bruxljm/FWLJMET106XUL_singleLep2017UL_RunIISummer20_X53X53/PairVLQ_x53x53_tWtW_narrow_RH_M1000_TuneCP5_13TeV-madgraph-pythia8/singleLep2017UL/230310_183629/0000/PairVLQ_x53x53_tWtW_narrow_RH_M1000_TuneCP5_13TeV-madgraph-pythia8_30.root
[step1.h] Finished initializing
RUN CONFIG: YEAR = 2017
Era = 
isMC = 1, isSig = 1, SigMass = 3
isHad =0, isSE =0, isSM =0
isTTTT = 0, isXX = 1, isTpTp = 0, isBpBp = 0
For W's: isTT = 0, isSTt = 0, isSTtW = 0
For jets & PDF: isTOP = 0, isMadgraphBkg = 1
For HOTTagger Efficiencies: isTTV = 0, isTTHbb = 0, isTTHnonbb = 0, isTTTX = 0
isTTVV = 0, isST = 0, isTTToSemiLeptonHT500Njet9 = 0
Pileup sample key: PairVLQ_x53x53_tWtW_narrow_RH_M1000_TuneCP5_13TeV-madgraph-pythia8
b-tagging working points: 0.304(DeepJet)0.4506(DeepCSV)
isTTincMtt0to700: 0
isTTincMtt0to1000: 0
isTTincMtt700to1000: 0
isTTincMtt1000toInf: 0
isTTSemilepIncHT0Njet0: 0
isTTSemilepIncHT500Njet9: 0
outTTLF: 0
outTTCC: 0
outTTBB: 0
outTT1B: 0
outTT2B: 0
>> Completed 0 out of 1041 events
[INFO] Defaulting to central deepJet weight for: nominal
>> Completed 1000 out of 1041 events
Nelectrons      = 483 / 1041
Npassed_ElEta   = 483 / 1041
Nmuons          = 558 / 1041
NrelIsoFail     = 0 / 1041
Npassed_MuEta   = 558 / 1041
Npassed_nAK8Jets= 1041 / 1041
Npassed_Trigger = 1005 / 1041
Npassed_MET     = 886 / 1041
Npassed_lepPt   = 906 / 1041
Npassed_HT      = 1038 / 1041
npass_Njets     = 1040 / 1041
Npassed_ALL     = 770 / 1041

>> Running /isilon/hadoop/store/group/bruxljm/FWLJMET106XUL_singleLep2017UL_RunIISummer20_X53X53/PairVLQ_x53x53_tWtW_narrow_RH_M1000_TuneCP5_13TeV-madgraph-pythia8/singleLep2017UL/230310_183629/0000/PairVLQ_x53x53_tWtW_narrow_RH_M1000_TuneCP5_13TeV-madgraph-pythia8_31.root for shift: nominal
[step1.h] Opening file: /isilon/hadoop/store/group/bruxljm/FWLJMET106XUL_singleLep2017UL_RunIISummer20_X53X53/PairVLQ_x53x53_tWtW_narrow_RH_M1000_TuneCP5_13TeV-madgraph-pythia8/singleLep2017UL/230310_183629/0000/PairVLQ_x53x53_tWtW_narrow_RH_M1000_TuneCP5_13TeV-madgraph-pythia8_31.root
[step1.h] Finished initializing
RUN CONFIG: YEAR = 2017
Era = 
isMC = 1, isSig = 1, SigMass = 3
isHad =0, isSE =0, isSM =0
isTTTT = 0, isXX = 1, isTpTp = 0, isBpBp = 0
For W's: isTT = 0, isSTt = 0, isSTtW = 0
For jets & PDF: isTOP = 0, isMadgraphBkg = 1
For HOTTagger Efficiencies: isTTV = 0, isTTHbb = 0, isTTHnonbb = 0, isTTTX = 0
isTTVV = 0, isST = 0, isTTToSemiLeptonHT500Njet9 = 0
Pileup sample key: PairVLQ_x53x53_tWtW_narrow_RH_M1000_TuneCP5_13TeV-madgraph-pythia8
b-tagging working points: 0.304(DeepJet)0.4506(DeepCSV)
isTTincMtt0to700: 0
isTTincMtt0to1000: 0
isTTincMtt700to1000: 0
isTTincMtt1000toInf: 0
isTTSemilepIncHT0Njet0: 0
isTTSemilepIncHT500Njet9: 0
outTTLF: 0
outTTCC: 0
outTTBB: 0
outTT1B: 0
outTT2B: 0
>> Completed 0 out of 1045 events
[INFO] Defaulting to central deepJet weight for: nominal
>> Completed 1000 out of 1045 events
Nelectrons      = 480 / 1045
Npassed_ElEta   = 480 / 1045
Nmuons          = 565 / 1045
NrelIsoFail     = 0 / 1045
Npassed_MuEta   = 565 / 1045
Npassed_nAK8Jets= 1045 / 1045
Npassed_Trigger = 995 / 1045
Npassed_MET     = 900 / 1045
Npassed_lepPt   = 917 / 1045
Npassed_HT      = 1040 / 1045
npass_Njets     = 1041 / 1045
Npassed_ALL     = 780 / 1045

>> Running /isilon/hadoop/store/group/bruxljm/FWLJMET106XUL_singleLep2017UL_RunIISummer20_X53X53/PairVLQ_x53x53_tWtW_narrow_RH_M1000_TuneCP5_13TeV-madgraph-pythia8/singleLep2017UL/230310_183629/0000/PairVLQ_x53x53_tWtW_narrow_RH_M1000_TuneCP5_13TeV-madgraph-pythia8_32.root for shift: nominal
[step1.h] Opening file: /isilon/hadoop/store/group/bruxljm/FWLJMET106XUL_singleLep2017UL_RunIISummer20_X53X53/PairVLQ_x53x53_tWtW_narrow_RH_M1000_TuneCP5_13TeV-madgraph-pythia8/singleLep2017UL/230310_183629/0000/PairVLQ_x53x53_tWtW_narrow_RH_M1000_TuneCP5_13TeV-madgraph-pythia8_32.root
[step1.h] Finished initializing
RUN CONFIG: YEAR = 2017
Era = 
isMC = 1, isSig = 1, SigMass = 3
isHad =0, isSE =0, isSM =0
isTTTT = 0, isXX = 1, isTpTp = 0, isBpBp = 0
For W's: isTT = 0, isSTt = 0, isSTtW = 0
For jets & PDF: isTOP = 0, isMadgraphBkg = 1
For HOTTagger Efficiencies: isTTV = 0, isTTHbb = 0, isTTHnonbb = 0, isTTTX = 0
isTTVV = 0, isST = 0, isTTToSemiLeptonHT500Njet9 = 0
Pileup sample key: PairVLQ_x53x53_tWtW_narrow_RH_M1000_TuneCP5_13TeV-madgraph-pythia8
b-tagging working points: 0.304(DeepJet)0.4506(DeepCSV)
isTTincMtt0to700: 0
isTTincMtt0to1000: 0
isTTincMtt700to1000: 0
isTTincMtt1000toInf: 0
isTTSemilepIncHT0Njet0: 0
isTTSemilepIncHT500Njet9: 0
outTTLF: 0
outTTCC: 0
outTTBB: 0
outTT1B: 0
outTT2B: 0
>> Completed 0 out of 1092 events
[INFO] Defaulting to central deepJet weight for: nominal
>> Completed 1000 out of 1092 events
Nelectrons      = 493 / 1092
Npassed_ElEta   = 493 / 1092
Nmuons          = 599 / 1092
NrelIsoFail     = 0 / 1092
Npassed_MuEta   = 599 / 1092
Npassed_nAK8Jets= 1092 / 1092
Npassed_Trigger = 1045 / 1092
Npassed_MET     = 941 / 1092
Npassed_lepPt   = 950 / 1092
Npassed_HT      = 1083 / 1092
npass_Njets     = 1087 / 1092
Npassed_ALL     = 805 / 1092

>> Running /isilon/hadoop/store/group/bruxljm/FWLJMET106XUL_singleLep2017UL_RunIISummer20_X53X53/PairVLQ_x53x53_tWtW_narrow_RH_M1000_TuneCP5_13TeV-madgraph-pythia8/singleLep2017UL/230310_183629/0000/PairVLQ_x53x53_tWtW_narrow_RH_M1000_TuneCP5_13TeV-madgraph-pythia8_33.root for shift: nominal
[step1.h] Opening file: /isilon/hadoop/store/group/bruxljm/FWLJMET106XUL_singleLep2017UL_RunIISummer20_X53X53/PairVLQ_x53x53_tWtW_narrow_RH_M1000_TuneCP5_13TeV-madgraph-pythia8/singleLep2017UL/230310_183629/0000/PairVLQ_x53x53_tWtW_narrow_RH_M1000_TuneCP5_13TeV-madgraph-pythia8_33.root
[step1.h] Finished initializing
RUN CONFIG: YEAR = 2017
Era = 
isMC = 1, isSig = 1, SigMass = 3
isHad =0, isSE =0, isSM =0
isTTTT = 0, isXX = 1, isTpTp = 0, isBpBp = 0
For W's: isTT = 0, isSTt = 0, isSTtW = 0
For jets & PDF: isTOP = 0, isMadgraphBkg = 1
For HOTTagger Efficiencies: isTTV = 0, isTTHbb = 0, isTTHnonbb = 0, isTTTX = 0
isTTVV = 0, isST = 0, isTTToSemiLeptonHT500Njet9 = 0
Pileup sample key: PairVLQ_x53x53_tWtW_narrow_RH_M1000_TuneCP5_13TeV-madgraph-pythia8
b-tagging working points: 0.304(DeepJet)0.4506(DeepCSV)
isTTincMtt0to700: 0
isTTincMtt0to1000: 0
isTTincMtt700to1000: 0
isTTincMtt1000toInf: 0
isTTSemilepIncHT0Njet0: 0
isTTSemilepIncHT500Njet9: 0
outTTLF: 0
outTTCC: 0
outTTBB: 0
outTT1B: 0
outTT2B: 0
>> Completed 0 out of 1034 events
[INFO] Defaulting to central deepJet weight for: nominal
>> Completed 1000 out of 1034 events
Nelectrons      = 469 / 1034
Npassed_ElEta   = 469 / 1034
Nmuons          = 565 / 1034
NrelIsoFail     = 0 / 1034
Npassed_MuEta   = 565 / 1034
Npassed_nAK8Jets= 1034 / 1034
Npassed_Trigger = 997 / 1034
Npassed_MET     = 883 / 1034
Npassed_lepPt   = 908 / 1034
Npassed_HT      = 1031 / 1034
npass_Njets     = 1031 / 1034
Npassed_ALL     = 771 / 1034

>> Running /isilon/hadoop/store/group/bruxljm/FWLJMET106XUL_singleLep2017UL_RunIISummer20_X53X53/PairVLQ_x53x53_tWtW_narrow_RH_M1000_TuneCP5_13TeV-madgraph-pythia8/singleLep2017UL/230310_183629/0000/PairVLQ_x53x53_tWtW_narrow_RH_M1000_TuneCP5_13TeV-madgraph-pythia8_34.root for shift: nominal
[step1.h] Opening file: /isilon/hadoop/store/group/bruxljm/FWLJMET106XUL_singleLep2017UL_RunIISummer20_X53X53/PairVLQ_x53x53_tWtW_narrow_RH_M1000_TuneCP5_13TeV-madgraph-pythia8/singleLep2017UL/230310_183629/0000/PairVLQ_x53x53_tWtW_narrow_RH_M1000_TuneCP5_13TeV-madgraph-pythia8_34.root
[step1.h] Finished initializing
RUN CONFIG: YEAR = 2017
Era = 
isMC = 1, isSig = 1, SigMass = 3
isHad =0, isSE =0, isSM =0
isTTTT = 0, isXX = 1, isTpTp = 0, isBpBp = 0
For W's: isTT = 0, isSTt = 0, isSTtW = 0
For jets & PDF: isTOP = 0, isMadgraphBkg = 1
For HOTTagger Efficiencies: isTTV = 0, isTTHbb = 0, isTTHnonbb = 0, isTTTX = 0
isTTVV = 0, isST = 0, isTTToSemiLeptonHT500Njet9 = 0
Pileup sample key: PairVLQ_x53x53_tWtW_narrow_RH_M1000_TuneCP5_13TeV-madgraph-pythia8
b-tagging working points: 0.304(DeepJet)0.4506(DeepCSV)
isTTincMtt0to700: 0
isTTincMtt0to1000: 0
isTTincMtt700to1000: 0
isTTincMtt1000toInf: 0
isTTSemilepIncHT0Njet0: 0
isTTSemilepIncHT500Njet9: 0
outTTLF: 0
outTTCC: 0
outTTBB: 0
outTT1B: 0
outTT2B: 0
>> Completed 0 out of 1067 events
[INFO] Defaulting to central deepJet weight for: nominal
>> Completed 1000 out of 1067 events
Nelectrons      = 486 / 1067
Npassed_ElEta   = 486 / 1067
Nmuons          = 581 / 1067
NrelIsoFail     = 0 / 1067
Npassed_MuEta   = 581 / 1067
Npassed_nAK8Jets= 1067 / 1067
Npassed_Trigger = 1034 / 1067
Npassed_MET     = 911 / 1067
Npassed_lepPt   = 939 / 1067
Npassed_HT      = 1064 / 1067
npass_Njets     = 1063 / 1067
Npassed_ALL     = 799 / 1067

>> Running /isilon/hadoop/store/group/bruxljm/FWLJMET106XUL_singleLep2017UL_RunIISummer20_X53X53/PairVLQ_x53x53_tWtW_narrow_RH_M1000_TuneCP5_13TeV-madgraph-pythia8/singleLep2017UL/230310_183629/0000/PairVLQ_x53x53_tWtW_narrow_RH_M1000_TuneCP5_13TeV-madgraph-pythia8_35.root for shift: nominal
[step1.h] Opening file: /isilon/hadoop/store/group/bruxljm/FWLJMET106XUL_singleLep2017UL_RunIISummer20_X53X53/PairVLQ_x53x53_tWtW_narrow_RH_M1000_TuneCP5_13TeV-madgraph-pythia8/singleLep2017UL/230310_183629/0000/PairVLQ_x53x53_tWtW_narrow_RH_M1000_TuneCP5_13TeV-madgraph-pythia8_35.root
[step1.h] Finished initializing
RUN CONFIG: YEAR = 2017
Era = 
isMC = 1, isSig = 1, SigMass = 3
isHad =0, isSE =0, isSM =0
isTTTT = 0, isXX = 1, isTpTp = 0, isBpBp = 0
For W's: isTT = 0, isSTt = 0, isSTtW = 0
For jets & PDF: isTOP = 0, isMadgraphBkg = 1
For HOTTagger Efficiencies: isTTV = 0, isTTHbb = 0, isTTHnonbb = 0, isTTTX = 0
isTTVV = 0, isST = 0, isTTToSemiLeptonHT500Njet9 = 0
Pileup sample key: PairVLQ_x53x53_tWtW_narrow_RH_M1000_TuneCP5_13TeV-madgraph-pythia8
b-tagging working points: 0.304(DeepJet)0.4506(DeepCSV)
isTTincMtt0to700: 0
isTTincMtt0to1000: 0
isTTincMtt700to1000: 0
isTTincMtt1000toInf: 0
isTTSemilepIncHT0Njet0: 0
isTTSemilepIncHT500Njet9: 0
outTTLF: 0
outTTCC: 0
outTTBB: 0
outTT1B: 0
outTT2B: 0
>> Completed 0 out of 521 events
[INFO] Defaulting to central deepJet weight for: nominal
Nelectrons      = 263 / 521
Npassed_ElEta   = 263 / 521
Nmuons          = 258 / 521
NrelIsoFail     = 0 / 521
Npassed_MuEta   = 258 / 521
Npassed_nAK8Jets= 521 / 521
Npassed_Trigger = 499 / 521
Npassed_MET     = 431 / 521
Npassed_lepPt   = 462 / 521
Npassed_HT      = 517 / 521
npass_Njets     = 519 / 521
Npassed_ALL     = 381 / 521

>> Running /isilon/hadoop/store/group/bruxljm/FWLJMET106XUL_singleLep2017UL_RunIISummer20_X53X53/PairVLQ_x53x53_tWtW_narrow_RH_M1000_TuneCP5_13TeV-madgraph-pythia8/singleLep2017UL/230310_183629/0000/PairVLQ_x53x53_tWtW_narrow_RH_M1000_TuneCP5_13TeV-madgraph-pythia8_36.root for shift: nominal
[step1.h] Opening file: /isilon/hadoop/store/group/bruxljm/FWLJMET106XUL_singleLep2017UL_RunIISummer20_X53X53/PairVLQ_x53x53_tWtW_narrow_RH_M1000_TuneCP5_13TeV-madgraph-pythia8/singleLep2017UL/230310_183629/0000/PairVLQ_x53x53_tWtW_narrow_RH_M1000_TuneCP5_13TeV-madgraph-pythia8_36.root
[step1.h] Finished initializing
RUN CONFIG: YEAR = 2017
Era = 
isMC = 1, isSig = 1, SigMass = 3
isHad =0, isSE =0, isSM =0
isTTTT = 0, isXX = 1, isTpTp = 0, isBpBp = 0
For W's: isTT = 0, isSTt = 0, isSTtW = 0
For jets & PDF: isTOP = 0, isMadgraphBkg = 1
For HOTTagger Efficiencies: isTTV = 0, isTTHbb = 0, isTTHnonbb = 0, isTTTX = 0
isTTVV = 0, isST = 0, isTTToSemiLeptonHT500Njet9 = 0
Pileup sample key: PairVLQ_x53x53_tWtW_narrow_RH_M1000_TuneCP5_13TeV-madgraph-pythia8
b-tagging working points: 0.304(DeepJet)0.4506(DeepCSV)
isTTincMtt0to700: 0
isTTincMtt0to1000: 0
isTTincMtt700to1000: 0
isTTincMtt1000toInf: 0
isTTSemilepIncHT0Njet0: 0
isTTSemilepIncHT500Njet9: 0
outTTLF: 0
outTTCC: 0
outTTBB: 0
outTT1B: 0
outTT2B: 0
>> Completed 0 out of 1033 events
[INFO] Defaulting to central deepJet weight for: nominal
>> Completed 1000 out of 1033 events
Nelectrons      = 467 / 1033
Npassed_ElEta   = 467 / 1033
Nmuons          = 566 / 1033
NrelIsoFail     = 0 / 1033
Npassed_MuEta   = 566 / 1033
Npassed_nAK8Jets= 1033 / 1033
Npassed_Trigger = 1003 / 1033
Npassed_MET     = 856 / 1033
Npassed_lepPt   = 897 / 1033
Npassed_HT      = 1029 / 1033
npass_Njets     = 1027 / 1033
Npassed_ALL     = 736 / 1033

>> Running /isilon/hadoop/store/group/bruxljm/FWLJMET106XUL_singleLep2017UL_RunIISummer20_X53X53/PairVLQ_x53x53_tWtW_narrow_RH_M1000_TuneCP5_13TeV-madgraph-pythia8/singleLep2017UL/230310_183629/0000/PairVLQ_x53x53_tWtW_narrow_RH_M1000_TuneCP5_13TeV-madgraph-pythia8_37.root for shift: nominal
[step1.h] Opening file: /isilon/hadoop/store/group/bruxljm/FWLJMET106XUL_singleLep2017UL_RunIISummer20_X53X53/PairVLQ_x53x53_tWtW_narrow_RH_M1000_TuneCP5_13TeV-madgraph-pythia8/singleLep2017UL/230310_183629/0000/PairVLQ_x53x53_tWtW_narrow_RH_M1000_TuneCP5_13TeV-madgraph-pythia8_37.root
[step1.h] Finished initializing
RUN CONFIG: YEAR = 2017
Era = 
isMC = 1, isSig = 1, SigMass = 3
isHad =0, isSE =0, isSM =0
isTTTT = 0, isXX = 1, isTpTp = 0, isBpBp = 0
For W's: isTT = 0, isSTt = 0, isSTtW = 0
For jets & PDF: isTOP = 0, isMadgraphBkg = 1
For HOTTagger Efficiencies: isTTV = 0, isTTHbb = 0, isTTHnonbb = 0, isTTTX = 0
isTTVV = 0, isST = 0, isTTToSemiLeptonHT500Njet9 = 0
Pileup sample key: PairVLQ_x53x53_tWtW_narrow_RH_M1000_TuneCP5_13TeV-madgraph-pythia8
b-tagging working points: 0.304(DeepJet)0.4506(DeepCSV)
isTTincMtt0to700: 0
isTTincMtt0to1000: 0
isTTincMtt700to1000: 0
isTTincMtt1000toInf: 0
isTTSemilepIncHT0Njet0: 0
isTTSemilepIncHT500Njet9: 0
outTTLF: 0
outTTCC: 0
outTTBB: 0
outTT1B: 0
outTT2B: 0
>> Completed 0 out of 538 events
[INFO] Defaulting to central deepJet weight for: nominal
Nelectrons      = 238 / 538
Npassed_ElEta   = 238 / 538
Nmuons          = 300 / 538
NrelIsoFail     = 0 / 538
Npassed_MuEta   = 300 / 538
Npassed_nAK8Jets= 538 / 538
Npassed_Trigger = 520 / 538
Npassed_MET     = 455 / 538
Npassed_lepPt   = 474 / 538
Npassed_HT      = 536 / 538
npass_Njets     = 537 / 538
Npassed_ALL     = 399 / 538

>> Running /isilon/hadoop/store/group/bruxljm/FWLJMET106XUL_singleLep2017UL_RunIISummer20_X53X53/PairVLQ_x53x53_tWtW_narrow_RH_M1000_TuneCP5_13TeV-madgraph-pythia8/singleLep2017UL/230310_183629/0000/PairVLQ_x53x53_tWtW_narrow_RH_M1000_TuneCP5_13TeV-madgraph-pythia8_38.root for shift: nominal
[step1.h] Opening file: /isilon/hadoop/store/group/bruxljm/FWLJMET106XUL_singleLep2017UL_RunIISummer20_X53X53/PairVLQ_x53x53_tWtW_narrow_RH_M1000_TuneCP5_13TeV-madgraph-pythia8/singleLep2017UL/230310_183629/0000/PairVLQ_x53x53_tWtW_narrow_RH_M1000_TuneCP5_13TeV-madgraph-pythia8_38.root
[step1.h] Finished initializing
RUN CONFIG: YEAR = 2017
Era = 
isMC = 1, isSig = 1, SigMass = 3
isHad =0, isSE =0, isSM =0
isTTTT = 0, isXX = 1, isTpTp = 0, isBpBp = 0
For W's: isTT = 0, isSTt = 0, isSTtW = 0
For jets & PDF: isTOP = 0, isMadgraphBkg = 1
For HOTTagger Efficiencies: isTTV = 0, isTTHbb = 0, isTTHnonbb = 0, isTTTX = 0
isTTVV = 0, isST = 0, isTTToSemiLeptonHT500Njet9 = 0
Pileup sample key: PairVLQ_x53x53_tWtW_narrow_RH_M1000_TuneCP5_13TeV-madgraph-pythia8
b-tagging working points: 0.304(DeepJet)0.4506(DeepCSV)
isTTincMtt0to700: 0
isTTincMtt0to1000: 0
isTTincMtt700to1000: 0
isTTincMtt1000toInf: 0
isTTSemilepIncHT0Njet0: 0
isTTSemilepIncHT500Njet9: 0
outTTLF: 0
outTTCC: 0
outTTBB: 0
outTT1B: 0
outTT2B: 0
>> Completed 0 out of 1053 events
[INFO] Defaulting to central deepJet weight for: nominal
>> Completed 1000 out of 1053 events
Nelectrons      = 493 / 1053
Npassed_ElEta   = 493 / 1053
Nmuons          = 560 / 1053
NrelIsoFail     = 0 / 1053
Npassed_MuEta   = 560 / 1053
Npassed_nAK8Jets= 1053 / 1053
Npassed_Trigger = 1016 / 1053
Npassed_MET     = 887 / 1053
Npassed_lepPt   = 917 / 1053
Npassed_HT      = 1043 / 1053
npass_Njets     = 1050 / 1053
Npassed_ALL     = 765 / 1053

>> Running /isilon/hadoop/store/group/bruxljm/FWLJMET106XUL_singleLep2017UL_RunIISummer20_X53X53/PairVLQ_x53x53_tWtW_narrow_RH_M1000_TuneCP5_13TeV-madgraph-pythia8/singleLep2017UL/230310_183629/0000/PairVLQ_x53x53_tWtW_narrow_RH_M1000_TuneCP5_13TeV-madgraph-pythia8_39.root for shift: nominal
[step1.h] Opening file: /isilon/hadoop/store/group/bruxljm/FWLJMET106XUL_singleLep2017UL_RunIISummer20_X53X53/PairVLQ_x53x53_tWtW_narrow_RH_M1000_TuneCP5_13TeV-madgraph-pythia8/singleLep2017UL/230310_183629/0000/PairVLQ_x53x53_tWtW_narrow_RH_M1000_TuneCP5_13TeV-madgraph-pythia8_39.root
[step1.h] Finished initializing
RUN CONFIG: YEAR = 2017
Era = 
isMC = 1, isSig = 1, SigMass = 3
isHad =0, isSE =0, isSM =0
isTTTT = 0, isXX = 1, isTpTp = 0, isBpBp = 0
For W's: isTT = 0, isSTt = 0, isSTtW = 0
For jets & PDF: isTOP = 0, isMadgraphBkg = 1
For HOTTagger Efficiencies: isTTV = 0, isTTHbb = 0, isTTHnonbb = 0, isTTTX = 0
isTTVV = 0, isST = 0, isTTToSemiLeptonHT500Njet9 = 0
Pileup sample key: PairVLQ_x53x53_tWtW_narrow_RH_M1000_TuneCP5_13TeV-madgraph-pythia8
b-tagging working points: 0.304(DeepJet)0.4506(DeepCSV)
isTTincMtt0to700: 0
isTTincMtt0to1000: 0
isTTincMtt700to1000: 0
isTTincMtt1000toInf: 0
isTTSemilepIncHT0Njet0: 0
isTTSemilepIncHT500Njet9: 0
outTTLF: 0
outTTCC: 0
outTTBB: 0
outTT1B: 0
outTT2B: 0
>> Completed 0 out of 1081 events
[INFO] Defaulting to central deepJet weight for: nominal
>> Completed 1000 out of 1081 events
Nelectrons      = 492 / 1081
Npassed_ElEta   = 492 / 1081
Nmuons          = 589 / 1081
NrelIsoFail     = 0 / 1081
Npassed_MuEta   = 589 / 1081
Npassed_nAK8Jets= 1081 / 1081
Npassed_Trigger = 1046 / 1081
Npassed_MET     = 906 / 1081
Npassed_lepPt   = 970 / 1081
Npassed_HT      = 1077 / 1081
npass_Njets     = 1078 / 1081
Npassed_ALL     = 807 / 1081

>> Running /isilon/hadoop/store/group/bruxljm/FWLJMET106XUL_singleLep2017UL_RunIISummer20_X53X53/PairVLQ_x53x53_tWtW_narrow_RH_M1000_TuneCP5_13TeV-madgraph-pythia8/singleLep2017UL/230310_183629/0000/PairVLQ_x53x53_tWtW_narrow_RH_M1000_TuneCP5_13TeV-madgraph-pythia8_4.root for shift: nominal
[step1.h] Opening file: /isilon/hadoop/store/group/bruxljm/FWLJMET106XUL_singleLep2017UL_RunIISummer20_X53X53/PairVLQ_x53x53_tWtW_narrow_RH_M1000_TuneCP5_13TeV-madgraph-pythia8/singleLep2017UL/230310_183629/0000/PairVLQ_x53x53_tWtW_narrow_RH_M1000_TuneCP5_13TeV-madgraph-pythia8_4.root
[step1.h] Finished initializing
RUN CONFIG: YEAR = 2017
Era = 
isMC = 1, isSig = 1, SigMass = 3
isHad =0, isSE =0, isSM =0
isTTTT = 0, isXX = 1, isTpTp = 0, isBpBp = 0
For W's: isTT = 0, isSTt = 0, isSTtW = 0
For jets & PDF: isTOP = 0, isMadgraphBkg = 1
For HOTTagger Efficiencies: isTTV = 0, isTTHbb = 0, isTTHnonbb = 0, isTTTX = 0
isTTVV = 0, isST = 0, isTTToSemiLeptonHT500Njet9 = 0
Pileup sample key: PairVLQ_x53x53_tWtW_narrow_RH_M1000_TuneCP5_13TeV-madgraph-pythia8
b-tagging working points: 0.304(DeepJet)0.4506(DeepCSV)
isTTincMtt0to700: 0
isTTincMtt0to1000: 0
isTTincMtt700to1000: 0
isTTincMtt1000toInf: 0
isTTSemilepIncHT0Njet0: 0
isTTSemilepIncHT500Njet9: 0
outTTLF: 0
outTTCC: 0
outTTBB: 0
outTT1B: 0
outTT2B: 0
>> Completed 0 out of 1059 events
[INFO] Defaulting to central deepJet weight for: nominal
>> Completed 1000 out of 1059 events
Nelectrons      = 489 / 1059
Npassed_ElEta   = 489 / 1059
Nmuons          = 570 / 1059
NrelIsoFail     = 0 / 1059
Npassed_MuEta   = 570 / 1059
Npassed_nAK8Jets= 1059 / 1059
Npassed_Trigger = 1029 / 1059
Npassed_MET     = 886 / 1059
Npassed_lepPt   = 935 / 1059
Npassed_HT      = 1054 / 1059
npass_Njets     = 1056 / 1059
Npassed_ALL     = 779 / 1059

>> Running /isilon/hadoop/store/group/bruxljm/FWLJMET106XUL_singleLep2017UL_RunIISummer20_X53X53/PairVLQ_x53x53_tWtW_narrow_RH_M1000_TuneCP5_13TeV-madgraph-pythia8/singleLep2017UL/230310_183629/0000/PairVLQ_x53x53_tWtW_narrow_RH_M1000_TuneCP5_13TeV-madgraph-pythia8_40.root for shift: nominal
[step1.h] Opening file: /isilon/hadoop/store/group/bruxljm/FWLJMET106XUL_singleLep2017UL_RunIISummer20_X53X53/PairVLQ_x53x53_tWtW_narrow_RH_M1000_TuneCP5_13TeV-madgraph-pythia8/singleLep2017UL/230310_183629/0000/PairVLQ_x53x53_tWtW_narrow_RH_M1000_TuneCP5_13TeV-madgraph-pythia8_40.root
[step1.h] Finished initializing
RUN CONFIG: YEAR = 2017
Era = 
isMC = 1, isSig = 1, SigMass = 3
isHad =0, isSE =0, isSM =0
isTTTT = 0, isXX = 1, isTpTp = 0, isBpBp = 0
For W's: isTT = 0, isSTt = 0, isSTtW = 0
For jets & PDF: isTOP = 0, isMadgraphBkg = 1
For HOTTagger Efficiencies: isTTV = 0, isTTHbb = 0, isTTHnonbb = 0, isTTTX = 0
isTTVV = 0, isST = 0, isTTToSemiLeptonHT500Njet9 = 0
Pileup sample key: PairVLQ_x53x53_tWtW_narrow_RH_M1000_TuneCP5_13TeV-madgraph-pythia8
b-tagging working points: 0.304(DeepJet)0.4506(DeepCSV)
isTTincMtt0to700: 0
isTTincMtt0to1000: 0
isTTincMtt700to1000: 0
isTTincMtt1000toInf: 0
isTTSemilepIncHT0Njet0: 0
isTTSemilepIncHT500Njet9: 0
outTTLF: 0
outTTCC: 0
outTTBB: 0
outTT1B: 0
outTT2B: 0
>> Completed 0 out of 1068 events
[INFO] Defaulting to central deepJet weight for: nominal
>> Completed 1000 out of 1068 events
Nelectrons      = 493 / 1068
Npassed_ElEta   = 493 / 1068
Nmuons          = 575 / 1068
NrelIsoFail     = 0 / 1068
Npassed_MuEta   = 575 / 1068
Npassed_nAK8Jets= 1068 / 1068
Npassed_Trigger = 1030 / 1068
Npassed_MET     = 904 / 1068
Npassed_lepPt   = 928 / 1068
Npassed_HT      = 1062 / 1068
npass_Njets     = 1064 / 1068
Npassed_ALL     = 772 / 1068

>> Running /isilon/hadoop/store/group/bruxljm/FWLJMET106XUL_singleLep2017UL_RunIISummer20_X53X53/PairVLQ_x53x53_tWtW_narrow_RH_M1000_TuneCP5_13TeV-madgraph-pythia8/singleLep2017UL/230310_183629/0000/PairVLQ_x53x53_tWtW_narrow_RH_M1000_TuneCP5_13TeV-madgraph-pythia8_41.root for shift: nominal
[step1.h] Opening file: /isilon/hadoop/store/group/bruxljm/FWLJMET106XUL_singleLep2017UL_RunIISummer20_X53X53/PairVLQ_x53x53_tWtW_narrow_RH_M1000_TuneCP5_13TeV-madgraph-pythia8/singleLep2017UL/230310_183629/0000/PairVLQ_x53x53_tWtW_narrow_RH_M1000_TuneCP5_13TeV-madgraph-pythia8_41.root
[step1.h] Finished initializing
RUN CONFIG: YEAR = 2017
Era = 
isMC = 1, isSig = 1, SigMass = 3
isHad =0, isSE =0, isSM =0
isTTTT = 0, isXX = 1, isTpTp = 0, isBpBp = 0
For W's: isTT = 0, isSTt = 0, isSTtW = 0
For jets & PDF: isTOP = 0, isMadgraphBkg = 1
For HOTTagger Efficiencies: isTTV = 0, isTTHbb = 0, isTTHnonbb = 0, isTTTX = 0
isTTVV = 0, isST = 0, isTTToSemiLeptonHT500Njet9 = 0
Pileup sample key: PairVLQ_x53x53_tWtW_narrow_RH_M1000_TuneCP5_13TeV-madgraph-pythia8
b-tagging working points: 0.304(DeepJet)0.4506(DeepCSV)
isTTincMtt0to700: 0
isTTincMtt0to1000: 0
isTTincMtt700to1000: 0
isTTincMtt1000toInf: 0
isTTSemilepIncHT0Njet0: 0
isTTSemilepIncHT500Njet9: 0
outTTLF: 0
outTTCC: 0
outTTBB: 0
outTT1B: 0
outTT2B: 0
>> Completed 0 out of 1082 events
[INFO] Defaulting to central deepJet weight for: nominal
>> Completed 1000 out of 1082 events
Nelectrons      = 466 / 1082
Npassed_ElEta   = 466 / 1082
Nmuons          = 616 / 1082
NrelIsoFail     = 0 / 1082
Npassed_MuEta   = 616 / 1082
Npassed_nAK8Jets= 1082 / 1082
Npassed_Trigger = 1044 / 1082
Npassed_MET     = 909 / 1082
Npassed_lepPt   = 967 / 1082
Npassed_HT      = 1079 / 1082
npass_Njets     = 1079 / 1082
Npassed_ALL     = 796 / 1082

>> Running /isilon/hadoop/store/group/bruxljm/FWLJMET106XUL_singleLep2017UL_RunIISummer20_X53X53/PairVLQ_x53x53_tWtW_narrow_RH_M1000_TuneCP5_13TeV-madgraph-pythia8/singleLep2017UL/230310_183629/0000/PairVLQ_x53x53_tWtW_narrow_RH_M1000_TuneCP5_13TeV-madgraph-pythia8_42.root for shift: nominal
[step1.h] Opening file: /isilon/hadoop/store/group/bruxljm/FWLJMET106XUL_singleLep2017UL_RunIISummer20_X53X53/PairVLQ_x53x53_tWtW_narrow_RH_M1000_TuneCP5_13TeV-madgraph-pythia8/singleLep2017UL/230310_183629/0000/PairVLQ_x53x53_tWtW_narrow_RH_M1000_TuneCP5_13TeV-madgraph-pythia8_42.root
[step1.h] Finished initializing
RUN CONFIG: YEAR = 2017
Era = 
isMC = 1, isSig = 1, SigMass = 3
isHad =0, isSE =0, isSM =0
isTTTT = 0, isXX = 1, isTpTp = 0, isBpBp = 0
For W's: isTT = 0, isSTt = 0, isSTtW = 0
For jets & PDF: isTOP = 0, isMadgraphBkg = 1
For HOTTagger Efficiencies: isTTV = 0, isTTHbb = 0, isTTHnonbb = 0, isTTTX = 0
isTTVV = 0, isST = 0, isTTToSemiLeptonHT500Njet9 = 0
Pileup sample key: PairVLQ_x53x53_tWtW_narrow_RH_M1000_TuneCP5_13TeV-madgraph-pythia8
b-tagging working points: 0.304(DeepJet)0.4506(DeepCSV)
isTTincMtt0to700: 0
isTTincMtt0to1000: 0
isTTincMtt700to1000: 0
isTTincMtt1000toInf: 0
isTTSemilepIncHT0Njet0: 0
isTTSemilepIncHT500Njet9: 0
outTTLF: 0
outTTCC: 0
outTTBB: 0
outTT1B: 0
outTT2B: 0
>> Completed 0 out of 1007 events
[INFO] Defaulting to central deepJet weight for: nominal
>> Completed 1000 out of 1007 events
Nelectrons      = 475 / 1007
Npassed_ElEta   = 475 / 1007
Nmuons          = 532 / 1007
NrelIsoFail     = 0 / 1007
Npassed_MuEta   = 532 / 1007
Npassed_nAK8Jets= 1007 / 1007
Npassed_Trigger = 982 / 1007
Npassed_MET     = 844 / 1007
Npassed_lepPt   = 897 / 1007
Npassed_HT      = 1003 / 1007
npass_Njets     = 1001 / 1007
Npassed_ALL     = 749 / 1007

>> Running /isilon/hadoop/store/group/bruxljm/FWLJMET106XUL_singleLep2017UL_RunIISummer20_X53X53/PairVLQ_x53x53_tWtW_narrow_RH_M1000_TuneCP5_13TeV-madgraph-pythia8/singleLep2017UL/230310_183629/0000/PairVLQ_x53x53_tWtW_narrow_RH_M1000_TuneCP5_13TeV-madgraph-pythia8_43.root for shift: nominal
[step1.h] Opening file: /isilon/hadoop/store/group/bruxljm/FWLJMET106XUL_singleLep2017UL_RunIISummer20_X53X53/PairVLQ_x53x53_tWtW_narrow_RH_M1000_TuneCP5_13TeV-madgraph-pythia8/singleLep2017UL/230310_183629/0000/PairVLQ_x53x53_tWtW_narrow_RH_M1000_TuneCP5_13TeV-madgraph-pythia8_43.root
[step1.h] Finished initializing
RUN CONFIG: YEAR = 2017
Era = 
isMC = 1, isSig = 1, SigMass = 3
isHad =0, isSE =0, isSM =0
isTTTT = 0, isXX = 1, isTpTp = 0, isBpBp = 0
For W's: isTT = 0, isSTt = 0, isSTtW = 0
For jets & PDF: isTOP = 0, isMadgraphBkg = 1
For HOTTagger Efficiencies: isTTV = 0, isTTHbb = 0, isTTHnonbb = 0, isTTTX = 0
isTTVV = 0, isST = 0, isTTToSemiLeptonHT500Njet9 = 0
Pileup sample key: PairVLQ_x53x53_tWtW_narrow_RH_M1000_TuneCP5_13TeV-madgraph-pythia8
b-tagging working points: 0.304(DeepJet)0.4506(DeepCSV)
isTTincMtt0to700: 0
isTTincMtt0to1000: 0
isTTincMtt700to1000: 0
isTTincMtt1000toInf: 0
isTTSemilepIncHT0Njet0: 0
isTTSemilepIncHT500Njet9: 0
outTTLF: 0
outTTCC: 0
outTTBB: 0
outTT1B: 0
outTT2B: 0
>> Completed 0 out of 1057 events
[INFO] Defaulting to central deepJet weight for: nominal
>> Completed 1000 out of 1057 events
Nelectrons      = 465 / 1057
Npassed_ElEta   = 465 / 1057
Nmuons          = 592 / 1057
NrelIsoFail     = 0 / 1057
Npassed_MuEta   = 592 / 1057
Npassed_nAK8Jets= 1057 / 1057
Npassed_Trigger = 1027 / 1057
Npassed_MET     = 904 / 1057
Npassed_lepPt   = 924 / 1057
Npassed_HT      = 1053 / 1057
npass_Njets     = 1050 / 1057
Npassed_ALL     = 790 / 1057
>> Available ROOT Files:
-rw-r--r-- 1 fsimpson gridusers 1404340 Apr 24 09:07 PairVLQ_x53x53_tWtW_narrow_RH_M1000_TuneCP5_13TeV-madgraph-pythia8_17nominal.root
-rw-r--r-- 1 fsimpson gridusers 2721317 Apr 24 09:07 PairVLQ_x53x53_tWtW_narrow_RH_M1000_TuneCP5_13TeV-madgraph-pythia8_18nominal.root
-rw-r--r-- 1 fsimpson gridusers 1386261 Apr 24 09:07 PairVLQ_x53x53_tWtW_narrow_RH_M1000_TuneCP5_13TeV-madgraph-pythia8_19nominal.root
-rw-r--r-- 1 fsimpson gridusers 2739052 Apr 24 09:07 PairVLQ_x53x53_tWtW_narrow_RH_M1000_TuneCP5_13TeV-madgraph-pythia8_20nominal.root
-rw-r--r-- 1 fsimpson gridusers 2637336 Apr 24 09:07 PairVLQ_x53x53_tWtW_narrow_RH_M1000_TuneCP5_13TeV-madgraph-pythia8_21nominal.root
-rw-r--r-- 1 fsimpson gridusers 2760260 Apr 24 09:07 PairVLQ_x53x53_tWtW_narrow_RH_M1000_TuneCP5_13TeV-madgraph-pythia8_22nominal.root
-rw-r--r-- 1 fsimpson gridusers 2810898 Apr 24 09:07 PairVLQ_x53x53_tWtW_narrow_RH_M1000_TuneCP5_13TeV-madgraph-pythia8_23nominal.root
-rw-r--r-- 1 fsimpson gridusers 2700912 Apr 24 09:07 PairVLQ_x53x53_tWtW_narrow_RH_M1000_TuneCP5_13TeV-madgraph-pythia8_24nominal.root
-rw-r--r-- 1 fsimpson gridusers 2828654 Apr 24 09:07 PairVLQ_x53x53_tWtW_narrow_RH_M1000_TuneCP5_13TeV-madgraph-pythia8_25nominal.root
-rw-r--r-- 1 fsimpson gridusers 2604815 Apr 24 09:07 PairVLQ_x53x53_tWtW_narrow_RH_M1000_TuneCP5_13TeV-madgraph-pythia8_26nominal.root
-rw-r--r-- 1 fsimpson gridusers 2909840 Apr 24 09:07 PairVLQ_x53x53_tWtW_narrow_RH_M1000_TuneCP5_13TeV-madgraph-pythia8_27nominal.root
-rw-r--r-- 1 fsimpson gridusers 2883510 Apr 24 09:07 PairVLQ_x53x53_tWtW_narrow_RH_M1000_TuneCP5_13TeV-madgraph-pythia8_28nominal.root
-rw-r--r-- 1 fsimpson gridusers 2823093 Apr 24 09:07 PairVLQ_x53x53_tWtW_narrow_RH_M1000_TuneCP5_13TeV-madgraph-pythia8_29nominal.root
-rw-r--r-- 1 fsimpson gridusers 2720355 Apr 24 09:07 PairVLQ_x53x53_tWtW_narrow_RH_M1000_TuneCP5_13TeV-madgraph-pythia8_2nominal.root
-rw-r--r-- 1 fsimpson gridusers 2728607 Apr 24 09:07 PairVLQ_x53x53_tWtW_narrow_RH_M1000_TuneCP5_13TeV-madgraph-pythia8_30nominal.root
-rw-r--r-- 1 fsimpson gridusers 2788662 Apr 24 09:07 PairVLQ_x53x53_tWtW_narrow_RH_M1000_TuneCP5_13TeV-madgraph-pythia8_31nominal.root
-rw-r--r-- 1 fsimpson gridusers 2796744 Apr 24 09:07 PairVLQ_x53x53_tWtW_narrow_RH_M1000_TuneCP5_13TeV-madgraph-pythia8_32nominal.root
-rw-r--r-- 1 fsimpson gridusers 2728862 Apr 24 09:07 PairVLQ_x53x53_tWtW_narrow_RH_M1000_TuneCP5_13TeV-madgraph-pythia8_33nominal.root
-rw-r--r-- 1 fsimpson gridusers 2780622 Apr 24 09:07 PairVLQ_x53x53_tWtW_narrow_RH_M1000_TuneCP5_13TeV-madgraph-pythia8_34nominal.root
-rw-r--r-- 1 fsimpson gridusers 1384839 Apr 24 09:07 PairVLQ_x53x53_tWtW_narrow_RH_M1000_TuneCP5_13TeV-madgraph-pythia8_35nominal.root
-rw-r--r-- 1 fsimpson gridusers 2632068 Apr 24 09:07 PairVLQ_x53x53_tWtW_narrow_RH_M1000_TuneCP5_13TeV-madgraph-pythia8_36nominal.root
-rw-r--r-- 1 fsimpson gridusers 1457881 Apr 24 09:07 PairVLQ_x53x53_tWtW_narrow_RH_M1000_TuneCP5_13TeV-madgraph-pythia8_37nominal.root
-rw-r--r-- 1 fsimpson gridusers 2701405 Apr 24 09:07 PairVLQ_x53x53_tWtW_narrow_RH_M1000_TuneCP5_13TeV-madgraph-pythia8_38nominal.root
-rw-r--r-- 1 fsimpson gridusers 2813680 Apr 24 09:07 PairVLQ_x53x53_tWtW_narrow_RH_M1000_TuneCP5_13TeV-madgraph-pythia8_39nominal.root
-rw-r--r-- 1 fsimpson gridusers 2717213 Apr 24 09:07 PairVLQ_x53x53_tWtW_narrow_RH_M1000_TuneCP5_13TeV-madgraph-pythia8_3nominal.root
-rw-r--r-- 1 fsimpson gridusers 2794746 Apr 24 09:07 PairVLQ_x53x53_tWtW_narrow_RH_M1000_TuneCP5_13TeV-madgraph-pythia8_40nominal.root
-rw-r--r-- 1 fsimpson gridusers 2762415 Apr 24 09:07 PairVLQ_x53x53_tWtW_narrow_RH_M1000_TuneCP5_13TeV-madgraph-pythia8_41nominal.root
-rw-r--r-- 1 fsimpson gridusers 2671107 Apr 24 09:07 PairVLQ_x53x53_tWtW_narrow_RH_M1000_TuneCP5_13TeV-madgraph-pythia8_42nominal.root
-rw-r--r-- 1 fsimpson gridusers 2772775 Apr 24 09:07 PairVLQ_x53x53_tWtW_narrow_RH_M1000_TuneCP5_13TeV-madgraph-pythia8_43nominal.root
-rw-r--r-- 1 fsimpson gridusers 2739916 Apr 24 09:07 PairVLQ_x53x53_tWtW_narrow_RH_M1000_TuneCP5_13TeV-madgraph-pythia8_4nominal.root
>> xrdcp output for condor
hadd Target file: PairVLQ_x53x53_tWtW_narrow_RH_M1000_TuneCP5_13TeV-madgraph-pythia8_3nominal_hadd.root
hadd compression setting for all ouput: 1
hadd Source file 1: PairVLQ_x53x53_tWtW_narrow_RH_M1000_TuneCP5_13TeV-madgraph-pythia8_17nominal.root
hadd Source file 2: PairVLQ_x53x53_tWtW_narrow_RH_M1000_TuneCP5_13TeV-madgraph-pythia8_18nominal.root
hadd Source file 3: PairVLQ_x53x53_tWtW_narrow_RH_M1000_TuneCP5_13TeV-madgraph-pythia8_19nominal.root
hadd Source file 4: PairVLQ_x53x53_tWtW_narrow_RH_M1000_TuneCP5_13TeV-madgraph-pythia8_20nominal.root
hadd Source file 5: PairVLQ_x53x53_tWtW_narrow_RH_M1000_TuneCP5_13TeV-madgraph-pythia8_21nominal.root
hadd Source file 6: PairVLQ_x53x53_tWtW_narrow_RH_M1000_TuneCP5_13TeV-madgraph-pythia8_22nominal.root
hadd Source file 7: PairVLQ_x53x53_tWtW_narrow_RH_M1000_TuneCP5_13TeV-madgraph-pythia8_23nominal.root
hadd Source file 8: PairVLQ_x53x53_tWtW_narrow_RH_M1000_TuneCP5_13TeV-madgraph-pythia8_24nominal.root
hadd Source file 9: PairVLQ_x53x53_tWtW_narrow_RH_M1000_TuneCP5_13TeV-madgraph-pythia8_25nominal.root
hadd Source file 10: PairVLQ_x53x53_tWtW_narrow_RH_M1000_TuneCP5_13TeV-madgraph-pythia8_26nominal.root
hadd Source file 11: PairVLQ_x53x53_tWtW_narrow_RH_M1000_TuneCP5_13TeV-madgraph-pythia8_27nominal.root
hadd Source file 12: PairVLQ_x53x53_tWtW_narrow_RH_M1000_TuneCP5_13TeV-madgraph-pythia8_28nominal.root
hadd Source file 13: PairVLQ_x53x53_tWtW_narrow_RH_M1000_TuneCP5_13TeV-madgraph-pythia8_29nominal.root
hadd Source file 14: PairVLQ_x53x53_tWtW_narrow_RH_M1000_TuneCP5_13TeV-madgraph-pythia8_2nominal.root
hadd Source file 15: PairVLQ_x53x53_tWtW_narrow_RH_M1000_TuneCP5_13TeV-madgraph-pythia8_30nominal.root
hadd Source file 16: PairVLQ_x53x53_tWtW_narrow_RH_M1000_TuneCP5_13TeV-madgraph-pythia8_31nominal.root
hadd Source file 17: PairVLQ_x53x53_tWtW_narrow_RH_M1000_TuneCP5_13TeV-madgraph-pythia8_32nominal.root
hadd Source file 18: PairVLQ_x53x53_tWtW_narrow_RH_M1000_TuneCP5_13TeV-madgraph-pythia8_33nominal.root
hadd Source file 19: PairVLQ_x53x53_tWtW_narrow_RH_M1000_TuneCP5_13TeV-madgraph-pythia8_34nominal.root
hadd Source file 20: PairVLQ_x53x53_tWtW_narrow_RH_M1000_TuneCP5_13TeV-madgraph-pythia8_35nominal.root
hadd Source file 21: PairVLQ_x53x53_tWtW_narrow_RH_M1000_TuneCP5_13TeV-madgraph-pythia8_36nominal.root
hadd Source file 22: PairVLQ_x53x53_tWtW_narrow_RH_M1000_TuneCP5_13TeV-madgraph-pythia8_37nominal.root
hadd Source file 23: PairVLQ_x53x53_tWtW_narrow_RH_M1000_TuneCP5_13TeV-madgraph-pythia8_38nominal.root
hadd Source file 24: PairVLQ_x53x53_tWtW_narrow_RH_M1000_TuneCP5_13TeV-madgraph-pythia8_39nominal.root
hadd Source file 25: PairVLQ_x53x53_tWtW_narrow_RH_M1000_TuneCP5_13TeV-madgraph-pythia8_3nominal.root
hadd Source file 26: PairVLQ_x53x53_tWtW_narrow_RH_M1000_TuneCP5_13TeV-madgraph-pythia8_40nominal.root
hadd Source file 27: PairVLQ_x53x53_tWtW_narrow_RH_M1000_TuneCP5_13TeV-madgraph-pythia8_41nominal.root
hadd Source file 28: PairVLQ_x53x53_tWtW_narrow_RH_M1000_TuneCP5_13TeV-madgraph-pythia8_42nominal.root
hadd Source file 29: PairVLQ_x53x53_tWtW_narrow_RH_M1000_TuneCP5_13TeV-madgraph-pythia8_43nominal.root
hadd Source file 30: PairVLQ_x53x53_tWtW_narrow_RH_M1000_TuneCP5_13TeV-madgraph-pythia8_4nominal.root
hadd Target path: PairVLQ_x53x53_tWtW_narrow_RH_M1000_TuneCP5_13TeV-madgraph-pythia8_3nominal_hadd.root:/
>> mv PairVLQ_x53x53_tWtW_narrow_RH_M1000_TuneCP5_13TeV-madgraph-pythia8_3nominal_hadd.root /isilon/hadoop/store/group/bruxljm/FWLJMET106XUL_singleLep2017UL_RunIISummer20_X53X53_step1/nominal/PairVLQ_x53x53_tWtW_narrow_RH_M1000_TuneCP5_13TeV-madgraph-pythia8/PairVLQ_x53x53_tWtW_narrow_RH_M1000_TuneCP5_13TeV-madgraph-pythia8_3.root
[DONE]
