000 (630114.000.000) 04/24 07:52:02 Job submitted from host: <172.20.3.187:9618?addrs=172.20.3.187-9618&noUDP&sock=2297_2121_3>
...
001 (630114.000.000) 04/24 07:56:11 Job executing on host: <172.20.225.3:9618?addrs=172.20.225.3-9618&noUDP&sock=3391_85bd_3>
...
006 (630114.000.000) 04/24 07:56:20 Image size of job updated: 18692
	19  -  MemoryUsage of job (MB)
	18692  -  ResidentSetSize of job (KB)
...
006 (630114.000.000) 04/24 08:01:20 Image size of job updated: 704928
	689  -  MemoryUsage of job (MB)
	704544  -  ResidentSetSize of job (KB)
...
006 (630114.000.000) 04/24 08:06:20 Image size of job updated: 978352
	956  -  MemoryUsage of job (MB)
	978124  -  ResidentSetSize of job (KB)
...
006 (630114.000.000) 04/24 08:11:21 Image size of job updated: 1182488
	1155  -  MemoryUsage of job (MB)
	1182144  -  ResidentSetSize of job (KB)
...
006 (630114.000.000) 04/24 08:16:21 Image size of job updated: 1359868
	1328  -  MemoryUsage of job (MB)
	1359624  -  ResidentSetSize of job (KB)
...
006 (630114.000.000) 04/24 08:21:21 Image size of job updated: 1504252
	1469  -  MemoryUsage of job (MB)
	1504100  -  ResidentSetSize of job (KB)
...
006 (630114.000.000) 04/24 08:23:02 Image size of job updated: 1504252
	1469  -  MemoryUsage of job (MB)
	1504140  -  ResidentSetSize of job (KB)
...
005 (630114.000.000) 04/24 08:23:02 Job terminated.
	(1) Normal termination (return value 0)
		Usr 0 00:25:13, Sys 0 00:00:33  -  Run Remote Usage
		Usr 0 00:00:00, Sys 0 00:00:00  -  Run Local Usage
		Usr 0 00:25:13, Sys 0 00:00:33  -  Total Remote Usage
		Usr 0 00:00:00, Sys 0 00:00:00  -  Total Local Usage
	1715196  -  Run Bytes Sent By Job
	8620734  -  Run Bytes Received By Job
	1715196  -  Total Bytes Sent By Job
	8620734  -  Total Bytes Received By Job
	Partitionable Resources :    Usage  Request  Allocated 
	   Cpus                 :     0.98        1          1 
	   Disk (KB)            : 10650       10000 2210728621 
	   Memory (MB)          :  1469        6144       8033 
...
000 (630173.000.000) 04/24 08:39:27 Job submitted from host: <172.20.3.187:9618?addrs=172.20.3.187-9618&noUDP&sock=2297_2121_3>
...
001 (630173.000.000) 04/24 08:50:32 Job executing on host: <172.20.225.8:9618?addrs=172.20.225.8-9618&noUDP&sock=3440_21e1_3>
...
006 (630173.000.000) 04/24 08:50:42 Image size of job updated: 5292
	3  -  MemoryUsage of job (MB)
	2568  -  ResidentSetSize of job (KB)
...
006 (630173.000.000) 04/24 08:55:42 Image size of job updated: 694812
	678  -  MemoryUsage of job (MB)
	693552  -  ResidentSetSize of job (KB)
...
006 (630173.000.000) 04/24 09:00:42 Image size of job updated: 970192
	947  -  MemoryUsage of job (MB)
	969448  -  ResidentSetSize of job (KB)
...
006 (630173.000.000) 04/24 09:05:43 Image size of job updated: 1164116
	1137  -  MemoryUsage of job (MB)
	1163568  -  ResidentSetSize of job (KB)
...
006 (630173.000.000) 04/24 09:10:42 Image size of job updated: 1338940
	1308  -  MemoryUsage of job (MB)
	1338684  -  ResidentSetSize of job (KB)
...
006 (630173.000.000) 04/24 09:15:42 Image size of job updated: 1486204
	1452  -  MemoryUsage of job (MB)
	1485888  -  ResidentSetSize of job (KB)
...
006 (630173.000.000) 04/24 09:18:50 Image size of job updated: 1976596
	1452  -  MemoryUsage of job (MB)
	1485932  -  ResidentSetSize of job (KB)
...
005 (630173.000.000) 04/24 09:18:51 Job terminated.
	(1) Normal termination (return value 0)
		Usr 0 00:26:08, Sys 0 00:00:45  -  Run Remote Usage
		Usr 0 00:00:00, Sys 0 00:00:00  -  Run Local Usage
		Usr 0 00:26:08, Sys 0 00:00:45  -  Total Remote Usage
		Usr 0 00:00:00, Sys 0 00:00:00  -  Total Local Usage
	1773303  -  Run Bytes Sent By Job
	8620823  -  Run Bytes Received By Job
	1773303  -  Total Bytes Sent By Job
	8620823  -  Total Bytes Received By Job
	Partitionable Resources :    Usage  Request Allocated 
	   Cpus                 :     0.82        1         1 
	   Disk (KB)            : 10706       10000 479737977 
	   Memory (MB)          :  1452        6144      8033 
...
