000 (630099.000.000) 04/24 07:52:01 Job submitted from host: <172.20.3.187:9618?addrs=172.20.3.187-9618&noUDP&sock=2297_2121_3>
...
001 (630099.000.000) 04/24 07:54:13 Job executing on host: <172.20.225.2:9618?addrs=172.20.225.2-9618&noUDP&sock=3424_285d_3>
...
006 (630099.000.000) 04/24 07:54:21 Image size of job updated: 44424
	37  -  MemoryUsage of job (MB)
	37156  -  ResidentSetSize of job (KB)
...
006 (630099.000.000) 04/24 07:59:21 Image size of job updated: 716248
	699  -  MemoryUsage of job (MB)
	715712  -  ResidentSetSize of job (KB)
...
006 (630099.000.000) 04/24 08:04:22 Image size of job updated: 985536
	962  -  MemoryUsage of job (MB)
	984424  -  ResidentSetSize of job (KB)
...
006 (630099.000.000) 04/24 08:09:23 Image size of job updated: 1186040
	1158  -  MemoryUsage of job (MB)
	1185592  -  ResidentSetSize of job (KB)
...
006 (630099.000.000) 04/24 08:14:24 Image size of job updated: 1363260
	1331  -  MemoryUsage of job (MB)
	1362540  -  ResidentSetSize of job (KB)
...
006 (630099.000.000) 04/24 08:19:24 Image size of job updated: 1506984
	1472  -  MemoryUsage of job (MB)
	1506608  -  ResidentSetSize of job (KB)
...
006 (630099.000.000) 04/24 08:20:59 Image size of job updated: 1506984
	1472  -  MemoryUsage of job (MB)
	1506616  -  ResidentSetSize of job (KB)
...
005 (630099.000.000) 04/24 08:20:59 Job terminated.
	(1) Normal termination (return value 0)
		Usr 0 00:25:13, Sys 0 00:00:29  -  Run Remote Usage
		Usr 0 00:00:00, Sys 0 00:00:00  -  Run Local Usage
		Usr 0 00:25:13, Sys 0 00:00:29  -  Total Remote Usage
		Usr 0 00:00:00, Sys 0 00:00:00  -  Total Local Usage
	1715267  -  Run Bytes Sent By Job
	8620734  -  Run Bytes Received By Job
	1715267  -  Total Bytes Sent By Job
	8620734  -  Total Bytes Received By Job
	Partitionable Resources :    Usage  Request Allocated 
	   Cpus                 :     0.97        1         1 
	   Disk (KB)            : 10650       10000 479786084 
	   Memory (MB)          :  1472        6144      8033 
...
000 (630158.000.000) 04/24 08:39:26 Job submitted from host: <172.20.3.187:9618?addrs=172.20.3.187-9618&noUDP&sock=2297_2121_3>
...
001 (630158.000.000) 04/24 08:48:35 Job executing on host: <172.20.225.7:9618?addrs=172.20.225.7-9618&noUDP&sock=3394_9486_3>
...
006 (630158.000.000) 04/24 08:48:45 Image size of job updated: 132952
	102  -  MemoryUsage of job (MB)
	103772  -  ResidentSetSize of job (KB)
...
006 (630158.000.000) 04/24 08:53:45 Image size of job updated: 681456
	665  -  MemoryUsage of job (MB)
	680060  -  ResidentSetSize of job (KB)
...
006 (630158.000.000) 04/24 08:58:46 Image size of job updated: 960400
	938  -  MemoryUsage of job (MB)
	959552  -  ResidentSetSize of job (KB)
...
006 (630158.000.000) 04/24 09:03:46 Image size of job updated: 1163620
	1136  -  MemoryUsage of job (MB)
	1163068  -  ResidentSetSize of job (KB)
...
006 (630158.000.000) 04/24 09:08:47 Image size of job updated: 1334072
	1303  -  MemoryUsage of job (MB)
	1333880  -  ResidentSetSize of job (KB)
...
006 (630158.000.000) 04/24 09:13:47 Image size of job updated: 1480628
	1446  -  MemoryUsage of job (MB)
	1480360  -  ResidentSetSize of job (KB)
...
006 (630158.000.000) 04/24 09:17:04 Image size of job updated: 1480628
	1446  -  MemoryUsage of job (MB)
	1480364  -  ResidentSetSize of job (KB)
...
005 (630158.000.000) 04/24 09:17:04 Job terminated.
	(1) Normal termination (return value 0)
		Usr 0 00:26:25, Sys 0 00:00:41  -  Run Remote Usage
		Usr 0 00:00:00, Sys 0 00:00:00  -  Run Local Usage
		Usr 0 00:26:25, Sys 0 00:00:41  -  Total Remote Usage
		Usr 0 00:00:00, Sys 0 00:00:00  -  Total Local Usage
	1773500  -  Run Bytes Sent By Job
	8620823  -  Run Bytes Received By Job
	1773500  -  Total Bytes Sent By Job
	8620823  -  Total Bytes Received By Job
	Partitionable Resources :    Usage  Request Allocated 
	   Cpus                 :     0.85        1         1 
	   Disk (KB)            : 10707       10000 479738639 
	   Memory (MB)          :  1446        6144      8033 
...
