000 (630110.000.000) 04/24 07:52:02 Job submitted from host: <172.20.3.187:9618?addrs=172.20.3.187-9618&noUDP&sock=2297_2121_3>
...
001 (630110.000.000) 04/24 07:55:12 Job executing on host: <172.20.225.8:9618?addrs=172.20.225.8-9618&noUDP&sock=3440_21e1_3>
...
006 (630110.000.000) 04/24 07:55:22 Image size of job updated: 96988
	73  -  MemoryUsage of job (MB)
	74356  -  ResidentSetSize of job (KB)
...
006 (630110.000.000) 04/24 08:00:22 Image size of job updated: 682032
	666  -  MemoryUsage of job (MB)
	681332  -  ResidentSetSize of job (KB)
...
006 (630110.000.000) 04/24 08:05:22 Image size of job updated: 948800
	927  -  MemoryUsage of job (MB)
	948252  -  ResidentSetSize of job (KB)
...
006 (630110.000.000) 04/24 08:10:23 Image size of job updated: 1147580
	1120  -  MemoryUsage of job (MB)
	1146424  -  ResidentSetSize of job (KB)
...
006 (630110.000.000) 04/24 08:15:23 Image size of job updated: 1323176
	1292  -  MemoryUsage of job (MB)
	1322020  -  ResidentSetSize of job (KB)
...
006 (630110.000.000) 04/24 08:20:24 Image size of job updated: 1465116
	1431  -  MemoryUsage of job (MB)
	1464728  -  ResidentSetSize of job (KB)
...
005 (630110.000.000) 04/24 08:23:30 Job terminated.
	(1) Normal termination (return value 0)
		Usr 0 00:26:30, Sys 0 00:00:53  -  Run Remote Usage
		Usr 0 00:00:00, Sys 0 00:00:00  -  Run Local Usage
		Usr 0 00:26:30, Sys 0 00:00:53  -  Total Remote Usage
		Usr 0 00:00:00, Sys 0 00:00:00  -  Total Local Usage
	1715122  -  Run Bytes Sent By Job
	8620734  -  Run Bytes Received By Job
	1715122  -  Total Bytes Sent By Job
	8620734  -  Total Bytes Received By Job
	Partitionable Resources :    Usage  Request Allocated 
	   Cpus                 :     0.98        1         1 
	   Disk (KB)            : 10649       10000 479737977 
	   Memory (MB)          :  1431        6144      8033 
...
000 (630169.000.000) 04/24 08:39:27 Job submitted from host: <172.20.3.187:9618?addrs=172.20.3.187-9618&noUDP&sock=2297_2121_3>
...
001 (630169.000.000) 04/24 08:49:34 Job executing on host: <172.20.225.8:9618?addrs=172.20.225.8-9618&noUDP&sock=3440_21e1_3>
...
006 (630169.000.000) 04/24 08:49:44 Image size of job updated: 69992
	55  -  MemoryUsage of job (MB)
	56124  -  ResidentSetSize of job (KB)
...
006 (630169.000.000) 04/24 08:54:44 Image size of job updated: 666388
	650  -  MemoryUsage of job (MB)
	664928  -  ResidentSetSize of job (KB)
...
006 (630169.000.000) 04/24 08:59:45 Image size of job updated: 940908
	918  -  MemoryUsage of job (MB)
	939556  -  ResidentSetSize of job (KB)
...
006 (630169.000.000) 04/24 09:04:45 Image size of job updated: 1145672
	1119  -  MemoryUsage of job (MB)
	1145364  -  ResidentSetSize of job (KB)
...
006 (630169.000.000) 04/24 09:09:46 Image size of job updated: 1320972
	1290  -  MemoryUsage of job (MB)
	1320448  -  ResidentSetSize of job (KB)
...
006 (630169.000.000) 04/24 09:14:46 Image size of job updated: 1468988
	1435  -  MemoryUsage of job (MB)
	1468460  -  ResidentSetSize of job (KB)
...
005 (630169.000.000) 04/24 09:18:24 Job terminated.
	(1) Normal termination (return value 0)
		Usr 0 00:26:38, Sys 0 00:00:45  -  Run Remote Usage
		Usr 0 00:00:00, Sys 0 00:00:00  -  Run Local Usage
		Usr 0 00:26:38, Sys 0 00:00:45  -  Total Remote Usage
		Usr 0 00:00:00, Sys 0 00:00:00  -  Total Local Usage
	1772842  -  Run Bytes Sent By Job
	8620823  -  Run Bytes Received By Job
	1772842  -  Total Bytes Sent By Job
	8620823  -  Total Bytes Received By Job
	Partitionable Resources :    Usage  Request Allocated 
	   Cpus                 :     0.98        1         1 
	   Disk (KB)            : 10706       10000 479737977 
	   Memory (MB)          :  1435        6144      8033 
...
